[I 2024-11-04 12:03:17,477] Trial 45 finished with value: 0.4683530032634735 and parameters: {'hidden_dim': 483, 'n_layers': 6, 'dropout': 0.11185827426588119, 'input_chunk_length': 24, 'learning_rate': 9.461036583713773e-05, 'batch_size': 32}. Best is trial 1 with value: 0.1384694129228592.
GPU available: True (cuda), used: True
TPU available: False, using: 0 TPU cores
HPU available: False, using: 0 HPUs
LOCAL_RANK: 0 - CUDA_VISIBLE_DEVICES: [0,1,2,3]
SLURM auto-requeueing enabled. Setting signal handlers.
Monitored metric train_loss did not improve in the last 104 records. Best score: 0.073. Signaling Trainer to stop.
GPU available: True (cuda), used: True
TPU available: False, using: 0 TPU cores
HPU available: False, using: 0 HPUs
LOCAL_RANK: 0 - CUDA_VISIBLE_DEVICES: [0,1,2,3]
SLURM auto-requeueing enabled. Setting signal handlers.
[I 2024-11-04 12:03:36,086] Trial 46 finished with value: 0.34139561653137207 and parameters: {'hidden_dim': 427, 'n_layers': 4, 'dropout': 0.17028636102123132, 'input_chunk_length': 39, 'learning_rate': 0.00017864339461329883, 'batch_size': 32}. Best is trial 1 with value: 0.1384694129228592.
GPU available: True (cuda), used: True
TPU available: False, using: 0 TPU cores
HPU available: False, using: 0 HPUs
LOCAL_RANK: 0 - CUDA_VISIBLE_DEVICES: [0,1,2,3]
SLURM auto-requeueing enabled. Setting signal handlers.
Monitored metric train_loss did not improve in the last 105 records. Best score: 0.073. Signaling Trainer to stop.
GPU available: True (cuda), used: True
TPU available: False, using: 0 TPU cores
HPU available: False, using: 0 HPUs
LOCAL_RANK: 0 - CUDA_VISIBLE_DEVICES: [0,1,2,3]
SLURM auto-requeueing enabled. Setting signal handlers.
[I 2024-11-04 12:03:55,208] Trial 47 finished with value: 0.5692033171653748 and parameters: {'hidden_dim': 317, 'n_layers': 5, 'dropout': 0.49672254306644753, 'input_chunk_length': 54, 'learning_rate': 0.007970588157456722, 'batch_size': 32}. Best is trial 1 with value: 0.1384694129228592.
GPU available: True (cuda), used: True
TPU available: False, using: 0 TPU cores
HPU available: False, using: 0 HPUs
LOCAL_RANK: 0 - CUDA_VISIBLE_DEVICES: [0,1,2,3]
SLURM auto-requeueing enabled. Setting signal handlers.
Monitored metric train_loss did not improve in the last 106 records. Best score: 0.073. Signaling Trainer to stop.
GPU available: True (cuda), used: True
TPU available: False, using: 0 TPU cores
HPU available: False, using: 0 HPUs
LOCAL_RANK: 0 - CUDA_VISIBLE_DEVICES: [0,1,2,3]
SLURM auto-requeueing enabled. Setting signal handlers.
[I 2024-11-04 12:04:11,167] Trial 48 finished with value: 0.4455185830593109 and parameters: {'hidden_dim': 353, 'n_layers': 3, 'dropout': 0.266310574610465, 'input_chunk_length': 17, 'learning_rate': 7.125014235939696e-05, 'batch_size': 64}. Best is trial 1 with value: 0.1384694129228592.
GPU available: True (cuda), used: True
TPU available: False, using: 0 TPU cores
HPU available: False, using: 0 HPUs
LOCAL_RANK: 0 - CUDA_VISIBLE_DEVICES: [0,1,2,3]
SLURM auto-requeueing enabled. Setting signal handlers.
Monitored metric train_loss did not improve in the last 107 records. Best score: 0.073. Signaling Trainer to stop.
GPU available: True (cuda), used: True
TPU available: False, using: 0 TPU cores
HPU available: False, using: 0 HPUs
LOCAL_RANK: 0 - CUDA_VISIBLE_DEVICES: [0,1,2,3]
SLURM auto-requeueing enabled. Setting signal handlers.
[I 2024-11-04 12:04:27,832] Trial 49 finished with value: 0.39064955711364746 and parameters: {'hidden_dim': 84, 'n_layers': 6, 'dropout': 0.3449566815030687, 'input_chunk_length': 88, 'learning_rate': 0.0002515327078994026, 'batch_size': 32}. Best is trial 1 with value: 0.1384694129228592.
GPU available: True (cuda), used: True
TPU available: False, using: 0 TPU cores
HPU available: False, using: 0 HPUs
LOCAL_RANK: 0 - CUDA_VISIBLE_DEVICES: [0,1,2,3]
SLURM auto-requeueing enabled. Setting signal handlers.
Monitored metric train_loss did not improve in the last 108 records. Best score: 0.073. Signaling Trainer to stop.
GPU available: True (cuda), used: True
TPU available: False, using: 0 TPU cores
HPU available: False, using: 0 HPUs
LOCAL_RANK: 0 - CUDA_VISIBLE_DEVICES: [0,1,2,3]
SLURM auto-requeueing enabled. Setting signal handlers.
[I 2024-11-04 12:04:48,719] Trial 50 finished with value: 0.36561834812164307 and parameters: {'hidden_dim': 382, 'n_layers': 5, 'dropout': 0.15164682092710358, 'input_chunk_length': 75, 'learning_rate': 0.0001203427027637891, 'batch_size': 64}. Best is trial 1 with value: 0.1384694129228592.
GPU available: True (cuda), used: True
TPU available: False, using: 0 TPU cores
HPU available: False, using: 0 HPUs
LOCAL_RANK: 0 - CUDA_VISIBLE_DEVICES: [0,1,2,3]
SLURM auto-requeueing enabled. Setting signal handlers.
Monitored metric train_loss did not improve in the last 109 records. Best score: 0.073. Signaling Trainer to stop.
GPU available: True (cuda), used: True
TPU available: False, using: 0 TPU cores
HPU available: False, using: 0 HPUs
LOCAL_RANK: 0 - CUDA_VISIBLE_DEVICES: [0,1,2,3]
SLURM auto-requeueing enabled. Setting signal handlers.
[I 2024-11-04 12:05:04,843] Trial 51 finished with value: 0.37582653760910034 and parameters: {'hidden_dim': 400, 'n_layers': 2, 'dropout': 0.42850392626358585, 'input_chunk_length': 29, 'learning_rate': 1.587413001441299e-05, 'batch_size': 64}. Best is trial 1 with value: 0.1384694129228592.
GPU available: True (cuda), used: True
TPU available: False, using: 0 TPU cores
HPU available: False, using: 0 HPUs
LOCAL_RANK: 0 - CUDA_VISIBLE_DEVICES: [0,1,2,3]
SLURM auto-requeueing enabled. Setting signal handlers.
Monitored metric train_loss did not improve in the last 110 records. Best score: 0.073. Signaling Trainer to stop.
GPU available: True (cuda), used: True
TPU available: False, using: 0 TPU cores
HPU available: False, using: 0 HPUs
LOCAL_RANK: 0 - CUDA_VISIBLE_DEVICES: [0,1,2,3]
SLURM auto-requeueing enabled. Setting signal handlers.
[I 2024-11-04 12:05:21,122] Trial 52 finished with value: 0.45359301567077637 and parameters: {'hidden_dim': 367, 'n_layers': 1, 'dropout': 0.21843201623098538, 'input_chunk_length': 35, 'learning_rate': 2.954756600626045e-05, 'batch_size': 64}. Best is trial 1 with value: 0.1384694129228592.
GPU available: True (cuda), used: True
TPU available: False, using: 0 TPU cores
HPU available: False, using: 0 HPUs
LOCAL_RANK: 0 - CUDA_VISIBLE_DEVICES: [0,1,2,3]
SLURM auto-requeueing enabled. Setting signal handlers.
Monitored metric train_loss did not improve in the last 111 records. Best score: 0.073. Signaling Trainer to stop.
GPU available: True (cuda), used: True
TPU available: False, using: 0 TPU cores
HPU available: False, using: 0 HPUs
LOCAL_RANK: 0 - CUDA_VISIBLE_DEVICES: [0,1,2,3]
SLURM auto-requeueing enabled. Setting signal handlers.
[I 2024-11-04 12:05:36,381] Trial 53 finished with value: 0.39764901995658875 and parameters: {'hidden_dim': 287, 'n_layers': 1, 'dropout': 0.1974470649521114, 'input_chunk_length': 14, 'learning_rate': 5.652203910238536e-05, 'batch_size': 64}. Best is trial 1 with value: 0.1384694129228592.
GPU available: True (cuda), used: True
TPU available: False, using: 0 TPU cores
HPU available: False, using: 0 HPUs
LOCAL_RANK: 0 - CUDA_VISIBLE_DEVICES: [0,1,2,3]
SLURM auto-requeueing enabled. Setting signal handlers.
Monitored metric train_loss did not improve in the last 112 records. Best score: 0.073. Signaling Trainer to stop.
GPU available: True (cuda), used: True
TPU available: False, using: 0 TPU cores
HPU available: False, using: 0 HPUs
LOCAL_RANK: 0 - CUDA_VISIBLE_DEVICES: [0,1,2,3]
SLURM auto-requeueing enabled. Setting signal handlers.
[I 2024-11-04 12:05:52,604] Trial 54 finished with value: 0.45316097140312195 and parameters: {'hidden_dim': 342, 'n_layers': 2, 'dropout': 0.28867910126222185, 'input_chunk_length': 25, 'learning_rate': 0.00039341033381240487, 'batch_size': 64}. Best is trial 1 with value: 0.1384694129228592.
GPU available: True (cuda), used: True
TPU available: False, using: 0 TPU cores
HPU available: False, using: 0 HPUs
LOCAL_RANK: 0 - CUDA_VISIBLE_DEVICES: [0,1,2,3]
SLURM auto-requeueing enabled. Setting signal handlers.
Monitored metric train_loss did not improve in the last 113 records. Best score: 0.073. Signaling Trainer to stop.
GPU available: True (cuda), used: True
TPU available: False, using: 0 TPU cores
HPU available: False, using: 0 HPUs
LOCAL_RANK: 0 - CUDA_VISIBLE_DEVICES: [0,1,2,3]
SLURM auto-requeueing enabled. Setting signal handlers.
[I 2024-11-04 12:06:11,587] Trial 55 finished with value: 0.35445913672447205 and parameters: {'hidden_dim': 432, 'n_layers': 5, 'dropout': 0.24793338902726048, 'input_chunk_length': 49, 'learning_rate': 0.0002518523890406084, 'batch_size': 32}. Best is trial 1 with value: 0.1384694129228592.
GPU available: True (cuda), used: True
TPU available: False, using: 0 TPU cores
HPU available: False, using: 0 HPUs
LOCAL_RANK: 0 - CUDA_VISIBLE_DEVICES: [0,1,2,3]
SLURM auto-requeueing enabled. Setting signal handlers.
Monitored metric train_loss did not improve in the last 114 records. Best score: 0.073. Signaling Trainer to stop.
GPU available: True (cuda), used: True
TPU available: False, using: 0 TPU cores
HPU available: False, using: 0 HPUs
LOCAL_RANK: 0 - CUDA_VISIBLE_DEVICES: [0,1,2,3]
SLURM auto-requeueing enabled. Setting signal handlers.
[I 2024-11-04 12:06:28,666] Trial 56 finished with value: 0.5358921885490417 and parameters: {'hidden_dim': 408, 'n_layers': 4, 'dropout': 0.18103433546957784, 'input_chunk_length': 38, 'learning_rate': 0.0012963881760505037, 'batch_size': 64}. Best is trial 1 with value: 0.1384694129228592.
GPU available: True (cuda), used: True
TPU available: False, using: 0 TPU cores
HPU available: False, using: 0 HPUs
LOCAL_RANK: 0 - CUDA_VISIBLE_DEVICES: [0,1,2,3]
SLURM auto-requeueing enabled. Setting signal handlers.
Monitored metric train_loss did not improve in the last 115 records. Best score: 0.073. Signaling Trainer to stop.
GPU available: True (cuda), used: True
TPU available: False, using: 0 TPU cores
HPU available: False, using: 0 HPUs
LOCAL_RANK: 0 - CUDA_VISIBLE_DEVICES: [0,1,2,3]
SLURM auto-requeueing enabled. Setting signal handlers.
[I 2024-11-04 12:06:50,351] Trial 57 finished with value: 0.4673649072647095 and parameters: {'hidden_dim': 458, 'n_layers': 3, 'dropout': 0.1276150572171731, 'input_chunk_length': 95, 'learning_rate': 0.000821679369092695, 'batch_size': 32}. Best is trial 1 with value: 0.1384694129228592.
GPU available: True (cuda), used: True
TPU available: False, using: 0 TPU cores
HPU available: False, using: 0 HPUs
LOCAL_RANK: 0 - CUDA_VISIBLE_DEVICES: [0,1,2,3]
SLURM auto-requeueing enabled. Setting signal handlers.
Monitored metric train_loss did not improve in the last 116 records. Best score: 0.073. Signaling Trainer to stop.
GPU available: True (cuda), used: True
TPU available: False, using: 0 TPU cores
HPU available: False, using: 0 HPUs
LOCAL_RANK: 0 - CUDA_VISIBLE_DEVICES: [0,1,2,3]
SLURM auto-requeueing enabled. Setting signal handlers.
[I 2024-11-04 12:07:06,971] Trial 58 finished with value: 0.3191189467906952 and parameters: {'hidden_dim': 215, 'n_layers': 1, 'dropout': 0.3361039758081581, 'input_chunk_length': 10, 'learning_rate': 0.0005735557925235187, 'batch_size': 32}. Best is trial 1 with value: 0.1384694129228592.
GPU available: True (cuda), used: True
TPU available: False, using: 0 TPU cores
HPU available: False, using: 0 HPUs
LOCAL_RANK: 0 - CUDA_VISIBLE_DEVICES: [0,1,2,3]
SLURM auto-requeueing enabled. Setting signal handlers.
Monitored metric train_loss did not improve in the last 117 records. Best score: 0.073. Signaling Trainer to stop.
GPU available: True (cuda), used: True
TPU available: False, using: 0 TPU cores
HPU available: False, using: 0 HPUs
LOCAL_RANK: 0 - CUDA_VISIBLE_DEVICES: [0,1,2,3]
SLURM auto-requeueing enabled. Setting signal handlers.
[I 2024-11-04 12:07:22,519] Trial 59 finished with value: 0.3923414349555969 and parameters: {'hidden_dim': 139, 'n_layers': 2, 'dropout': 0.22592091459389044, 'input_chunk_length': 64, 'learning_rate': 0.00018220341562610748, 'batch_size': 64}. Best is trial 1 with value: 0.1384694129228592.
GPU available: True (cuda), used: True
TPU available: False, using: 0 TPU cores
HPU available: False, using: 0 HPUs
LOCAL_RANK: 0 - CUDA_VISIBLE_DEVICES: [0,1,2,3]
SLURM auto-requeueing enabled. Setting signal handlers.
Monitored metric train_loss did not improve in the last 118 records. Best score: 0.073. Signaling Trainer to stop.
GPU available: True (cuda), used: True
TPU available: False, using: 0 TPU cores
HPU available: False, using: 0 HPUs
LOCAL_RANK: 0 - CUDA_VISIBLE_DEVICES: [0,1,2,3]
SLURM auto-requeueing enabled. Setting signal handlers.
[I 2024-11-04 12:07:40,281] Trial 60 finished with value: 0.3869093358516693 and parameters: {'hidden_dim': 480, 'n_layers': 5, 'dropout': 0.2740233697904572, 'input_chunk_length': 22, 'learning_rate': 0.00010227260197948963, 'batch_size': 32}. Best is trial 1 with value: 0.1384694129228592.
GPU available: True (cuda), used: True
TPU available: False, using: 0 TPU cores
HPU available: False, using: 0 HPUs
LOCAL_RANK: 0 - CUDA_VISIBLE_DEVICES: [0,1,2,3]
SLURM auto-requeueing enabled. Setting signal handlers.
Monitored metric train_loss did not improve in the last 119 records. Best score: 0.073. Signaling Trainer to stop.
GPU available: True (cuda), used: True
TPU available: False, using: 0 TPU cores
HPU available: False, using: 0 HPUs
LOCAL_RANK: 0 - CUDA_VISIBLE_DEVICES: [0,1,2,3]
SLURM auto-requeueing enabled. Setting signal handlers.
[I 2024-11-04 12:08:01,251] Trial 61 finished with value: 0.34352338314056396 and parameters: {'hidden_dim': 158, 'n_layers': 4, 'dropout': 0.40541725233562287, 'input_chunk_length': 136, 'learning_rate': 0.0006461447756229398, 'batch_size': 32}. Best is trial 1 with value: 0.1384694129228592.
GPU available: True (cuda), used: True
TPU available: False, using: 0 TPU cores
HPU available: False, using: 0 HPUs
LOCAL_RANK: 0 - CUDA_VISIBLE_DEVICES: [0,1,2,3]
SLURM auto-requeueing enabled. Setting signal handlers.
Monitored metric train_loss did not improve in the last 120 records. Best score: 0.073. Signaling Trainer to stop.
GPU available: True (cuda), used: True
TPU available: False, using: 0 TPU cores
HPU available: False, using: 0 HPUs
LOCAL_RANK: 0 - CUDA_VISIBLE_DEVICES: [0,1,2,3]
SLURM auto-requeueing enabled. Setting signal handlers.
[I 2024-11-04 12:08:23,430] Trial 62 finished with value: 0.4901774823665619 and parameters: {'hidden_dim': 175, 'n_layers': 4, 'dropout': 0.31155990596492716, 'input_chunk_length': 132, 'learning_rate': 0.0010111454419381768, 'batch_size': 32}. Best is trial 1 with value: 0.1384694129228592.
GPU available: True (cuda), used: True
TPU available: False, using: 0 TPU cores
HPU available: False, using: 0 HPUs
LOCAL_RANK: 0 - CUDA_VISIBLE_DEVICES: [0,1,2,3]
SLURM auto-requeueing enabled. Setting signal handlers.
Monitored metric train_loss did not improve in the last 121 records. Best score: 0.073. Signaling Trainer to stop.
GPU available: True (cuda), used: True
TPU available: False, using: 0 TPU cores
HPU available: False, using: 0 HPUs
LOCAL_RANK: 0 - CUDA_VISIBLE_DEVICES: [0,1,2,3]
SLURM auto-requeueing enabled. Setting signal handlers.
[I 2024-11-04 12:08:40,711] Trial 63 finished with value: 0.39125856757164 and parameters: {'hidden_dim': 118, 'n_layers': 4, 'dropout': 0.4700015794930579, 'input_chunk_length': 129, 'learning_rate': 0.0018451356178725965, 'batch_size': 32}. Best is trial 1 with value: 0.1384694129228592.
GPU available: True (cuda), used: True
TPU available: False, using: 0 TPU cores
HPU available: False, using: 0 HPUs
LOCAL_RANK: 0 - CUDA_VISIBLE_DEVICES: [0,1,2,3]
SLURM auto-requeueing enabled. Setting signal handlers.
Monitored metric train_loss did not improve in the last 122 records. Best score: 0.073. Signaling Trainer to stop.
GPU available: True (cuda), used: True
TPU available: False, using: 0 TPU cores
HPU available: False, using: 0 HPUs
LOCAL_RANK: 0 - CUDA_VISIBLE_DEVICES: [0,1,2,3]
SLURM auto-requeueing enabled. Setting signal handlers.
[I 2024-11-04 12:08:58,126] Trial 64 finished with value: 0.3291524052619934 and parameters: {'hidden_dim': 99, 'n_layers': 4, 'dropout': 0.37408649495025537, 'input_chunk_length': 147, 'learning_rate': 0.00036161923100490393, 'batch_size': 32}. Best is trial 1 with value: 0.1384694129228592.
GPU available: True (cuda), used: True
TPU available: False, using: 0 TPU cores
HPU available: False, using: 0 HPUs
LOCAL_RANK: 0 - CUDA_VISIBLE_DEVICES: [0,1,2,3]
SLURM auto-requeueing enabled. Setting signal handlers.
Monitored metric train_loss did not improve in the last 123 records. Best score: 0.073. Signaling Trainer to stop.
GPU available: True (cuda), used: True
TPU available: False, using: 0 TPU cores
HPU available: False, using: 0 HPUs
LOCAL_RANK: 0 - CUDA_VISIBLE_DEVICES: [0,1,2,3]
SLURM auto-requeueing enabled. Setting signal handlers.
[I 2024-11-04 12:09:20,989] Trial 65 finished with value: 0.40658843517303467 and parameters: {'hidden_dim': 413, 'n_layers': 3, 'dropout': 0.1984712688402206, 'input_chunk_length': 116, 'learning_rate': 0.001037130260026229, 'batch_size': 32}. Best is trial 1 with value: 0.1384694129228592.
GPU available: True (cuda), used: True
TPU available: False, using: 0 TPU cores
HPU available: False, using: 0 HPUs
LOCAL_RANK: 0 - CUDA_VISIBLE_DEVICES: [0,1,2,3]
SLURM auto-requeueing enabled. Setting signal handlers.
Monitored metric train_loss did not improve in the last 124 records. Best score: 0.073. Signaling Trainer to stop.
GPU available: True (cuda), used: True
TPU available: False, using: 0 TPU cores
HPU available: False, using: 0 HPUs
LOCAL_RANK: 0 - CUDA_VISIBLE_DEVICES: [0,1,2,3]
SLURM auto-requeueing enabled. Setting signal handlers.
[I 2024-11-04 12:09:44,076] Trial 66 finished with value: 0.4151400327682495 and parameters: {'hidden_dim': 189, 'n_layers': 5, 'dropout': 0.3035158394374411, 'input_chunk_length': 109, 'learning_rate': 6.273100528433915e-05, 'batch_size': 32}. Best is trial 1 with value: 0.1384694129228592.
GPU available: True (cuda), used: True
TPU available: False, using: 0 TPU cores
HPU available: False, using: 0 HPUs
LOCAL_RANK: 0 - CUDA_VISIBLE_DEVICES: [0,1,2,3]
SLURM auto-requeueing enabled. Setting signal handlers.
Monitored metric train_loss did not improve in the last 125 records. Best score: 0.073. Signaling Trainer to stop.
GPU available: True (cuda), used: True
TPU available: False, using: 0 TPU cores
HPU available: False, using: 0 HPUs
LOCAL_RANK: 0 - CUDA_VISIBLE_DEVICES: [0,1,2,3]
SLURM auto-requeueing enabled. Setting signal handlers.
[I 2024-11-04 12:10:03,244] Trial 67 finished with value: 0.4414450228214264 and parameters: {'hidden_dim': 148, 'n_layers': 4, 'dropout': 0.007222582254289234, 'input_chunk_length': 121, 'learning_rate': 0.0015918008290792777, 'batch_size': 64}. Best is trial 1 with value: 0.1384694129228592.
GPU available: True (cuda), used: True
TPU available: False, using: 0 TPU cores
HPU available: False, using: 0 HPUs
LOCAL_RANK: 0 - CUDA_VISIBLE_DEVICES: [0,1,2,3]
SLURM auto-requeueing enabled. Setting signal handlers.
Monitored metric train_loss did not improve in the last 126 records. Best score: 0.073. Signaling Trainer to stop.
GPU available: True (cuda), used: True
TPU available: False, using: 0 TPU cores
HPU available: False, using: 0 HPUs
LOCAL_RANK: 0 - CUDA_VISIBLE_DEVICES: [0,1,2,3]
SLURM auto-requeueing enabled. Setting signal handlers.
[I 2024-11-04 12:10:30,952] Trial 68 finished with value: 0.3150770962238312 and parameters: {'hidden_dim': 321, 'n_layers': 6, 'dropout': 0.09395368339843677, 'input_chunk_length': 140, 'learning_rate': 0.00016301692333915114, 'batch_size': 32}. Best is trial 1 with value: 0.1384694129228592.
GPU available: True (cuda), used: True
TPU available: False, using: 0 TPU cores
HPU available: False, using: 0 HPUs
LOCAL_RANK: 0 - CUDA_VISIBLE_DEVICES: [0,1,2,3]
SLURM auto-requeueing enabled. Setting signal handlers.
Monitored metric train_loss did not improve in the last 127 records. Best score: 0.073. Signaling Trainer to stop.
GPU available: True (cuda), used: True
TPU available: False, using: 0 TPU cores
HPU available: False, using: 0 HPUs
LOCAL_RANK: 0 - CUDA_VISIBLE_DEVICES: [0,1,2,3]
SLURM auto-requeueing enabled. Setting signal handlers.
[I 2024-11-04 12:10:58,110] Trial 69 finished with value: 0.3428381085395813 and parameters: {'hidden_dim': 304, 'n_layers': 6, 'dropout': 0.068898089358785, 'input_chunk_length': 142, 'learning_rate': 0.0001518601382960496, 'batch_size': 32}. Best is trial 1 with value: 0.1384694129228592.
GPU available: True (cuda), used: True
TPU available: False, using: 0 TPU cores
HPU available: False, using: 0 HPUs
LOCAL_RANK: 0 - CUDA_VISIBLE_DEVICES: [0,1,2,3]
SLURM auto-requeueing enabled. Setting signal handlers.
Monitored metric train_loss did not improve in the last 128 records. Best score: 0.073. Signaling Trainer to stop.
GPU available: True (cuda), used: True
TPU available: False, using: 0 TPU cores
HPU available: False, using: 0 HPUs
LOCAL_RANK: 0 - CUDA_VISIBLE_DEVICES: [0,1,2,3]
SLURM auto-requeueing enabled. Setting signal handlers.
