[I 2024-10-08 17:30:56,823] Trial 57 finished with value: 0.2274266481399536 and parameters: {'hidden_dim': 18, 'n_layers': 3, 'dropout': 0.05654754995484844, 'learning_rate': 0.0016587786485494794, 'batch_size': 64, 'input_chunk_length': 40}. Best is trial 0 with value: 0.10316822677850723.
GPU available: False, used: False
TPU available: False, using: 0 TPU cores
HPU available: False, using: 0 HPUs
SLURM auto-requeueing enabled. Setting signal handlers.
Monitored metric train_loss did not improve in the last 78 records. Best score: 0.039. Signaling Trainer to stop.
GPU available: False, used: False
TPU available: False, using: 0 TPU cores
HPU available: False, using: 0 HPUs
SLURM auto-requeueing enabled. Setting signal handlers.
[I 2024-10-08 17:31:52,218] Trial 58 finished with value: 0.3367215692996979 and parameters: {'hidden_dim': 22, 'n_layers': 2, 'dropout': 0.017922245595820875, 'learning_rate': 9.42261127853537e-05, 'batch_size': 32, 'input_chunk_length': 128}. Best is trial 0 with value: 0.10316822677850723.
GPU available: False, used: False
TPU available: False, using: 0 TPU cores
HPU available: False, using: 0 HPUs
SLURM auto-requeueing enabled. Setting signal handlers.
Monitored metric train_loss did not improve in the last 79 records. Best score: 0.039. Signaling Trainer to stop.
GPU available: False, used: False
TPU available: False, using: 0 TPU cores
HPU available: False, using: 0 HPUs
SLURM auto-requeueing enabled. Setting signal handlers.
[I 2024-10-08 17:32:58,720] Trial 59 finished with value: 0.1739056408405304 and parameters: {'hidden_dim': 25, 'n_layers': 3, 'dropout': 0.20580998559589098, 'learning_rate': 0.011692667605785766, 'batch_size': 16, 'input_chunk_length': 115}. Best is trial 0 with value: 0.10316822677850723.
GPU available: False, used: False
TPU available: False, using: 0 TPU cores
HPU available: False, using: 0 HPUs
SLURM auto-requeueing enabled. Setting signal handlers.
Monitored metric train_loss did not improve in the last 80 records. Best score: 0.039. Signaling Trainer to stop.
GPU available: False, used: False
TPU available: False, using: 0 TPU cores
HPU available: False, using: 0 HPUs
SLURM auto-requeueing enabled. Setting signal handlers.
[I 2024-10-08 17:34:19,134] Trial 60 finished with value: 0.3406248092651367 and parameters: {'hidden_dim': 51, 'n_layers': 4, 'dropout': 0.25025079975535386, 'learning_rate': 2.1517132006059052e-05, 'batch_size': 16, 'input_chunk_length': 107}. Best is trial 0 with value: 0.10316822677850723.
GPU available: False, used: False
TPU available: False, using: 0 TPU cores
HPU available: False, using: 0 HPUs
SLURM auto-requeueing enabled. Setting signal handlers.
Monitored metric train_loss did not improve in the last 81 records. Best score: 0.039. Signaling Trainer to stop.
GPU available: False, used: False
TPU available: False, using: 0 TPU cores
HPU available: False, using: 0 HPUs
SLURM auto-requeueing enabled. Setting signal handlers.
[I 2024-10-08 17:35:23,312] Trial 61 finished with value: 0.12491422146558762 and parameters: {'hidden_dim': 39, 'n_layers': 2, 'dropout': 0.253329711370108, 'learning_rate': 0.005961255018756321, 'batch_size': 16, 'input_chunk_length': 92}. Best is trial 0 with value: 0.10316822677850723.
GPU available: False, used: False
TPU available: False, using: 0 TPU cores
HPU available: False, using: 0 HPUs
SLURM auto-requeueing enabled. Setting signal handlers.
Monitored metric train_loss did not improve in the last 82 records. Best score: 0.039. Signaling Trainer to stop.
GPU available: False, used: False
TPU available: False, using: 0 TPU cores
HPU available: False, using: 0 HPUs
SLURM auto-requeueing enabled. Setting signal handlers.
[I 2024-10-08 17:36:22,722] Trial 62 finished with value: 0.20312926173210144 and parameters: {'hidden_dim': 40, 'n_layers': 1, 'dropout': 0.23580231516722822, 'learning_rate': 0.005352347937939006, 'batch_size': 16, 'input_chunk_length': 92}. Best is trial 0 with value: 0.10316822677850723.
GPU available: False, used: False
TPU available: False, using: 0 TPU cores
HPU available: False, using: 0 HPUs
SLURM auto-requeueing enabled. Setting signal handlers.
Monitored metric train_loss did not improve in the last 83 records. Best score: 0.039. Signaling Trainer to stop.
GPU available: False, used: False
TPU available: False, using: 0 TPU cores
HPU available: False, using: 0 HPUs
SLURM auto-requeueing enabled. Setting signal handlers.
[I 2024-10-08 17:37:21,507] Trial 63 finished with value: 0.14593149721622467 and parameters: {'hidden_dim': 38, 'n_layers': 2, 'dropout': 0.18958184821623028, 'learning_rate': 0.0035712235419184065, 'batch_size': 16, 'input_chunk_length': 72}. Best is trial 0 with value: 0.10316822677850723.
GPU available: False, used: False
TPU available: False, using: 0 TPU cores
HPU available: False, using: 0 HPUs
SLURM auto-requeueing enabled. Setting signal handlers.
Monitored metric train_loss did not improve in the last 84 records. Best score: 0.039. Signaling Trainer to stop.
GPU available: False, used: False
TPU available: False, using: 0 TPU cores
HPU available: False, using: 0 HPUs
SLURM auto-requeueing enabled. Setting signal handlers.
[I 2024-10-08 17:38:27,681] Trial 64 finished with value: 0.17081387341022491 and parameters: {'hidden_dim': 45, 'n_layers': 3, 'dropout': 0.24939543670522007, 'learning_rate': 0.009342126565282292, 'batch_size': 16, 'input_chunk_length': 82}. Best is trial 0 with value: 0.10316822677850723.
GPU available: False, used: False
TPU available: False, using: 0 TPU cores
HPU available: False, using: 0 HPUs
SLURM auto-requeueing enabled. Setting signal handlers.
Monitored metric train_loss did not improve in the last 85 records. Best score: 0.039. Signaling Trainer to stop.
GPU available: False, used: False
TPU available: False, using: 0 TPU cores
HPU available: False, using: 0 HPUs
SLURM auto-requeueing enabled. Setting signal handlers.
[I 2024-10-08 17:39:27,802] Trial 65 finished with value: 0.19578589498996735 and parameters: {'hidden_dim': 34, 'n_layers': 2, 'dropout': 0.08559165745229574, 'learning_rate': 0.004370902185179665, 'batch_size': 16, 'input_chunk_length': 90}. Best is trial 0 with value: 0.10316822677850723.
GPU available: False, used: False
TPU available: False, using: 0 TPU cores
HPU available: False, using: 0 HPUs
SLURM auto-requeueing enabled. Setting signal handlers.
Monitored metric train_loss did not improve in the last 86 records. Best score: 0.039. Signaling Trainer to stop.
GPU available: False, used: False
TPU available: False, using: 0 TPU cores
HPU available: False, using: 0 HPUs
SLURM auto-requeueing enabled. Setting signal handlers.
[I 2024-10-08 17:40:15,127] Trial 66 finished with value: 0.1717473566532135 and parameters: {'hidden_dim': 21, 'n_layers': 1, 'dropout': 0.04303889337053603, 'learning_rate': 0.006204711660256966, 'batch_size': 32, 'input_chunk_length': 100}. Best is trial 0 with value: 0.10316822677850723.
GPU available: False, used: False
TPU available: False, using: 0 TPU cores
HPU available: False, using: 0 HPUs
SLURM auto-requeueing enabled. Setting signal handlers.
Monitored metric train_loss did not improve in the last 87 records. Best score: 0.039. Signaling Trainer to stop.
GPU available: False, used: False
TPU available: False, using: 0 TPU cores
HPU available: False, using: 0 HPUs
SLURM auto-requeueing enabled. Setting signal handlers.
[I 2024-10-08 17:41:38,790] Trial 67 finished with value: 0.12452029436826706 and parameters: {'hidden_dim': 30, 'n_layers': 3, 'dropout': 0.29420362788526744, 'learning_rate': 0.015082982151156998, 'batch_size': 16, 'input_chunk_length': 154}. Best is trial 0 with value: 0.10316822677850723.
GPU available: False, used: False
TPU available: False, using: 0 TPU cores
HPU available: False, using: 0 HPUs
SLURM auto-requeueing enabled. Setting signal handlers.
Monitored metric train_loss did not improve in the last 88 records. Best score: 0.039. Signaling Trainer to stop.
GPU available: False, used: False
TPU available: False, using: 0 TPU cores
HPU available: False, using: 0 HPUs
SLURM auto-requeueing enabled. Setting signal handlers.
[I 2024-10-08 17:42:31,171] Trial 68 finished with value: 0.23819474875926971 and parameters: {'hidden_dim': 24, 'n_layers': 2, 'dropout': 0.3011136197558712, 'learning_rate': 0.017061452145678772, 'batch_size': 64, 'input_chunk_length': 162}. Best is trial 0 with value: 0.10316822677850723.
GPU available: False, used: False
TPU available: False, using: 0 TPU cores
HPU available: False, using: 0 HPUs
SLURM auto-requeueing enabled. Setting signal handlers.
Monitored metric train_loss did not improve in the last 89 records. Best score: 0.039. Signaling Trainer to stop.
GPU available: False, used: False
TPU available: False, using: 0 TPU cores
HPU available: False, using: 0 HPUs
SLURM auto-requeueing enabled. Setting signal handlers.
[I 2024-10-08 17:44:04,837] Trial 69 finished with value: 0.2094617784023285 and parameters: {'hidden_dim': 29, 'n_layers': 4, 'dropout': 0.26286313332946815, 'learning_rate': 0.05866550272724988, 'batch_size': 16, 'input_chunk_length': 182}. Best is trial 0 with value: 0.10316822677850723.
GPU available: False, used: False
TPU available: False, using: 0 TPU cores
HPU available: False, using: 0 HPUs
SLURM auto-requeueing enabled. Setting signal handlers.
Monitored metric train_loss did not improve in the last 90 records. Best score: 0.039. Signaling Trainer to stop.
GPU available: False, used: False
TPU available: False, using: 0 TPU cores
HPU available: False, using: 0 HPUs
SLURM auto-requeueing enabled. Setting signal handlers.
[I 2024-10-08 17:45:03,148] Trial 70 finished with value: 0.2002096325159073 and parameters: {'hidden_dim': 17, 'n_layers': 3, 'dropout': 0.31163969563328603, 'learning_rate': 0.03451430186227586, 'batch_size': 32, 'input_chunk_length': 163}. Best is trial 0 with value: 0.10316822677850723.
GPU available: False, used: False
TPU available: False, using: 0 TPU cores
HPU available: False, using: 0 HPUs
SLURM auto-requeueing enabled. Setting signal handlers.
Monitored metric train_loss did not improve in the last 91 records. Best score: 0.039. Signaling Trainer to stop.
GPU available: False, used: False
TPU available: False, using: 0 TPU cores
HPU available: False, using: 0 HPUs
SLURM auto-requeueing enabled. Setting signal handlers.
[I 2024-10-08 17:46:11,795] Trial 71 finished with value: 0.18830344080924988 and parameters: {'hidden_dim': 31, 'n_layers': 3, 'dropout': 0.495617488840152, 'learning_rate': 0.011830340585375583, 'batch_size': 16, 'input_chunk_length': 94}. Best is trial 0 with value: 0.10316822677850723.
GPU available: False, used: False
TPU available: False, using: 0 TPU cores
HPU available: False, using: 0 HPUs
SLURM auto-requeueing enabled. Setting signal handlers.
Monitored metric train_loss did not improve in the last 92 records. Best score: 0.039. Signaling Trainer to stop.
GPU available: False, used: False
TPU available: False, using: 0 TPU cores
HPU available: False, using: 0 HPUs
SLURM auto-requeueing enabled. Setting signal handlers.
[I 2024-10-08 17:47:23,317] Trial 72 finished with value: 0.16268321871757507 and parameters: {'hidden_dim': 20, 'n_layers': 3, 'dropout': 0.28590274624568546, 'learning_rate': 0.008005737245527274, 'batch_size': 16, 'input_chunk_length': 150}. Best is trial 0 with value: 0.10316822677850723.
GPU available: False, used: False
TPU available: False, using: 0 TPU cores
HPU available: False, using: 0 HPUs
SLURM auto-requeueing enabled. Setting signal handlers.
Monitored metric train_loss did not improve in the last 93 records. Best score: 0.039. Signaling Trainer to stop.
GPU available: False, used: False
TPU available: False, using: 0 TPU cores
HPU available: False, using: 0 HPUs
SLURM auto-requeueing enabled. Setting signal handlers.
[I 2024-10-08 17:48:49,228] Trial 73 finished with value: 0.1632801592350006 and parameters: {'hidden_dim': 36, 'n_layers': 3, 'dropout': 0.06936016099074599, 'learning_rate': 0.0027506012748702174, 'batch_size': 16, 'input_chunk_length': 179}. Best is trial 0 with value: 0.10316822677850723.
GPU available: False, used: False
TPU available: False, using: 0 TPU cores
HPU available: False, using: 0 HPUs
SLURM auto-requeueing enabled. Setting signal handlers.
Monitored metric train_loss did not improve in the last 94 records. Best score: 0.039. Signaling Trainer to stop.
GPU available: False, used: False
TPU available: False, using: 0 TPU cores
HPU available: False, using: 0 HPUs
SLURM auto-requeueing enabled. Setting signal handlers.
[I 2024-10-08 17:50:32,774] Trial 74 finished with value: 0.2496863305568695 and parameters: {'hidden_dim': 42, 'n_layers': 6, 'dropout': 0.012068124647111229, 'learning_rate': 0.020792545799819134, 'batch_size': 16, 'input_chunk_length': 190}. Best is trial 0 with value: 0.10316822677850723.
GPU available: False, used: False
TPU available: False, using: 0 TPU cores
HPU available: False, using: 0 HPUs
SLURM auto-requeueing enabled. Setting signal handlers.
Monitored metric train_loss did not improve in the last 95 records. Best score: 0.039. Signaling Trainer to stop.
GPU available: False, used: False
TPU available: False, using: 0 TPU cores
HPU available: False, using: 0 HPUs
SLURM auto-requeueing enabled. Setting signal handlers.
[I 2024-10-08 17:51:54,908] Trial 75 finished with value: 0.16062146425247192 and parameters: {'hidden_dim': 27, 'n_layers': 2, 'dropout': 0.03646082116163094, 'learning_rate': 0.012869956117500476, 'batch_size': 16, 'input_chunk_length': 168}. Best is trial 0 with value: 0.10316822677850723.
GPU available: False, used: False
TPU available: False, using: 0 TPU cores
HPU available: False, using: 0 HPUs
SLURM auto-requeueing enabled. Setting signal handlers.
Monitored metric train_loss did not improve in the last 96 records. Best score: 0.039. Signaling Trainer to stop.
GPU available: False, used: False
TPU available: False, using: 0 TPU cores
HPU available: False, using: 0 HPUs
SLURM auto-requeueing enabled. Setting signal handlers.
[I 2024-10-08 17:53:25,199] Trial 76 finished with value: 0.16649103164672852 and parameters: {'hidden_dim': 52, 'n_layers': 5, 'dropout': 0.15586299127470746, 'learning_rate': 0.00038207955222237624, 'batch_size': 16, 'input_chunk_length': 127}. Best is trial 0 with value: 0.10316822677850723.
GPU available: False, used: False
TPU available: False, using: 0 TPU cores
HPU available: False, using: 0 HPUs
SLURM auto-requeueing enabled. Setting signal handlers.
Monitored metric train_loss did not improve in the last 97 records. Best score: 0.039. Signaling Trainer to stop.
GPU available: False, used: False
TPU available: False, using: 0 TPU cores
HPU available: False, using: 0 HPUs
SLURM auto-requeueing enabled. Setting signal handlers.
[I 2024-10-08 17:54:48,389] Trial 77 finished with value: 0.1962309181690216 and parameters: {'hidden_dim': 44, 'n_layers': 3, 'dropout': 0.3261550869282784, 'learning_rate': 0.0062192446627749014, 'batch_size': 16, 'input_chunk_length': 136}. Best is trial 0 with value: 0.10316822677850723.
GPU available: False, used: False
TPU available: False, using: 0 TPU cores
HPU available: False, using: 0 HPUs
SLURM auto-requeueing enabled. Setting signal handlers.
Monitored metric train_loss did not improve in the last 98 records. Best score: 0.039. Signaling Trainer to stop.
GPU available: False, used: False
TPU available: False, using: 0 TPU cores
HPU available: False, using: 0 HPUs
SLURM auto-requeueing enabled. Setting signal handlers.
[I 2024-10-08 17:56:07,902] Trial 78 finished with value: 0.2737852931022644 and parameters: {'hidden_dim': 47, 'n_layers': 4, 'dropout': 0.4041076410717143, 'learning_rate': 0.00020270577911327833, 'batch_size': 16, 'input_chunk_length': 109}. Best is trial 0 with value: 0.10316822677850723.
GPU available: False, used: False
TPU available: False, using: 0 TPU cores
HPU available: False, using: 0 HPUs
SLURM auto-requeueing enabled. Setting signal handlers.
Monitored metric train_loss did not improve in the last 99 records. Best score: 0.039. Signaling Trainer to stop.
GPU available: False, used: False
TPU available: False, using: 0 TPU cores
HPU available: False, using: 0 HPUs
SLURM auto-requeueing enabled. Setting signal handlers.
[I 2024-10-08 17:56:47,112] Trial 79 finished with value: 0.24101747572422028 and parameters: {'hidden_dim': 23, 'n_layers': 2, 'dropout': 0.016436259472267945, 'learning_rate': 0.0020914428380238424, 'batch_size': 64, 'input_chunk_length': 83}. Best is trial 0 with value: 0.10316822677850723.
GPU available: False, used: False
TPU available: False, using: 0 TPU cores
HPU available: False, using: 0 HPUs
SLURM auto-requeueing enabled. Setting signal handlers.
Monitored metric train_loss did not improve in the last 100 records. Best score: 0.039. Signaling Trainer to stop.
GPU available: False, used: False
TPU available: False, using: 0 TPU cores
HPU available: False, using: 0 HPUs
SLURM auto-requeueing enabled. Setting signal handlers.
[I 2024-10-08 17:57:47,478] Trial 80 finished with value: 0.17052769660949707 and parameters: {'hidden_dim': 39, 'n_layers': 3, 'dropout': 0.05347849496281514, 'learning_rate': 0.0009922078221731067, 'batch_size': 32, 'input_chunk_length': 114}. Best is trial 0 with value: 0.10316822677850723.
GPU available: False, used: False
TPU available: False, using: 0 TPU cores
HPU available: False, using: 0 HPUs
SLURM auto-requeueing enabled. Setting signal handlers.
Monitored metric train_loss did not improve in the last 101 records. Best score: 0.039. Signaling Trainer to stop.
GPU available: False, used: False
TPU available: False, using: 0 TPU cores
HPU available: False, using: 0 HPUs
SLURM auto-requeueing enabled. Setting signal handlers.
[I 2024-10-08 17:58:39,429] Trial 81 finished with value: 0.261857807636261 and parameters: {'hidden_dim': 32, 'n_layers': 2, 'dropout': 0.2666036063068054, 'learning_rate': 0.028278326845620535, 'batch_size': 16, 'input_chunk_length': 75}. Best is trial 0 with value: 0.10316822677850723.
GPU available: False, used: False
TPU available: False, using: 0 TPU cores
HPU available: False, using: 0 HPUs
SLURM auto-requeueing enabled. Setting signal handlers.
Monitored metric train_loss did not improve in the last 102 records. Best score: 0.039. Signaling Trainer to stop.
GPU available: False, used: False
TPU available: False, using: 0 TPU cores
HPU available: False, using: 0 HPUs
SLURM auto-requeueing enabled. Setting signal handlers.
[I 2024-10-08 17:59:36,101] Trial 82 finished with value: 0.1563626080751419 and parameters: {'hidden_dim': 30, 'n_layers': 2, 'dropout': 0.29477837896209014, 'learning_rate': 0.009173882894525184, 'batch_size': 16, 'input_chunk_length': 67}. Best is trial 0 with value: 0.10316822677850723.
GPU available: False, used: False
TPU available: False, using: 0 TPU cores
HPU available: False, using: 0 HPUs
SLURM auto-requeueing enabled. Setting signal handlers.
Monitored metric train_loss did not improve in the last 103 records. Best score: 0.039. Signaling Trainer to stop.
GPU available: False, used: False
TPU available: False, using: 0 TPU cores
HPU available: False, using: 0 HPUs
SLURM auto-requeueing enabled. Setting signal handlers.
[I 2024-10-08 18:00:36,024] Trial 83 finished with value: 0.19096818566322327 and parameters: {'hidden_dim': 33, 'n_layers': 1, 'dropout': 0.104187065584535, 'learning_rate': 0.017165818286363536, 'batch_size': 16, 'input_chunk_length': 97}. Best is trial 0 with value: 0.10316822677850723.
GPU available: False, used: False
TPU available: False, using: 0 TPU cores
HPU available: False, using: 0 HPUs
SLURM auto-requeueing enabled. Setting signal handlers.
Monitored metric train_loss did not improve in the last 104 records. Best score: 0.039. Signaling Trainer to stop.
GPU available: False, used: False
TPU available: False, using: 0 TPU cores
HPU available: False, using: 0 HPUs
SLURM auto-requeueing enabled. Setting signal handlers.
[I 2024-10-08 18:01:32,690] Trial 84 finished with value: 0.18772748112678528 and parameters: {'hidden_dim': 37, 'n_layers': 3, 'dropout': 0.2449913971524408, 'learning_rate': 0.004012515044387356, 'batch_size': 16, 'input_chunk_length': 62}. Best is trial 0 with value: 0.10316822677850723.
GPU available: False, used: False
TPU available: False, using: 0 TPU cores
HPU available: False, using: 0 HPUs
SLURM auto-requeueing enabled. Setting signal handlers.
Monitored metric train_loss did not improve in the last 105 records. Best score: 0.039. Signaling Trainer to stop.
GPU available: False, used: False
TPU available: False, using: 0 TPU cores
HPU available: False, using: 0 HPUs
SLURM auto-requeueing enabled. Setting signal handlers.
[I 2024-10-08 18:02:30,764] Trial 85 finished with value: 0.3610851466655731 and parameters: {'hidden_dim': 28, 'n_layers': 2, 'dropout': 0.26463989909568353, 'learning_rate': 0.0969486435035405, 'batch_size': 16, 'input_chunk_length': 51}. Best is trial 0 with value: 0.10316822677850723.
GPU available: False, used: False
TPU available: False, using: 0 TPU cores
HPU available: False, using: 0 HPUs
SLURM auto-requeueing enabled. Setting signal handlers.
Monitored metric train_loss did not improve in the last 106 records. Best score: 0.039. Signaling Trainer to stop.
GPU available: False, used: False
TPU available: False, using: 0 TPU cores
HPU available: False, using: 0 HPUs
SLURM auto-requeueing enabled. Setting signal handlers.
