[I 2024-11-01 13:01:59,834] A new study created in memory with name: no-name-a6aa9974-fa82-4ef1-8894-1534397e702e
GPU available: False, used: False
TPU available: False, using: 0 TPU cores
HPU available: False, using: 0 HPUs
SLURM auto-requeueing enabled. Setting signal handlers.
Metric train_loss improved. New best score: 0.253
Metric train_loss improved by 0.142 >= min_delta = 0.0. New best score: 0.112
Metric train_loss improved by 0.030 >= min_delta = 0.0. New best score: 0.082
Metric train_loss improved by 0.010 >= min_delta = 0.0. New best score: 0.072
Metric train_loss improved by 0.018 >= min_delta = 0.0. New best score: 0.055
Metric train_loss improved by 0.015 >= min_delta = 0.0. New best score: 0.039
Metric train_loss improved by 0.007 >= min_delta = 0.0. New best score: 0.032
Metric train_loss improved by 0.001 >= min_delta = 0.0. New best score: 0.031
`Trainer.fit` stopped: `max_epochs=50` reached.
GPU available: False, used: False
TPU available: False, using: 0 TPU cores
HPU available: False, using: 0 HPUs
SLURM auto-requeueing enabled. Setting signal handlers.
[I 2024-11-01 15:26:00,356] Trial 0 finished with value: 0.07914793491363525 and parameters: {'hidden_dim': 236, 'n_layers': 3, 'dropout': 0.09345096541617315, 'input_chunk_length': 112, 'learning_rate': 0.00011881903176846041, 'batch_size': 64}. Best is trial 0 with value: 0.07914793491363525.
GPU available: False, used: False
TPU available: False, using: 0 TPU cores
HPU available: False, using: 0 HPUs
SLURM auto-requeueing enabled. Setting signal handlers.
Monitored metric train_loss did not improve in the last 30 records. Best score: 0.031. Signaling Trainer to stop.
GPU available: False, used: False
TPU available: False, using: 0 TPU cores
HPU available: False, using: 0 HPUs
SLURM auto-requeueing enabled. Setting signal handlers.
[I 2024-11-01 16:07:10,065] Trial 1 finished with value: 0.08841735869646072 and parameters: {'hidden_dim': 118, 'n_layers': 4, 'dropout': 0.3990515318869422, 'input_chunk_length': 107, 'learning_rate': 0.009909015789726907, 'batch_size': 32}. Best is trial 0 with value: 0.07914793491363525.
GPU available: False, used: False
TPU available: False, using: 0 TPU cores
HPU available: False, using: 0 HPUs
SLURM auto-requeueing enabled. Setting signal handlers.
Monitored metric train_loss did not improve in the last 31 records. Best score: 0.031. Signaling Trainer to stop.
GPU available: False, used: False
TPU available: False, using: 0 TPU cores
HPU available: False, using: 0 HPUs
SLURM auto-requeueing enabled. Setting signal handlers.
[I 2024-11-01 16:08:02,782] Trial 2 finished with value: 0.2944352924823761 and parameters: {'hidden_dim': 226, 'n_layers': 1, 'dropout': 0.012848756887423152, 'input_chunk_length': 30, 'learning_rate': 0.002235639961271028, 'batch_size': 64}. Best is trial 0 with value: 0.07914793491363525.
GPU available: False, used: False
TPU available: False, using: 0 TPU cores
HPU available: False, using: 0 HPUs
SLURM auto-requeueing enabled. Setting signal handlers.
Monitored metric train_loss did not improve in the last 32 records. Best score: 0.031. Signaling Trainer to stop.
GPU available: False, used: False
TPU available: False, using: 0 TPU cores
HPU available: False, using: 0 HPUs
SLURM auto-requeueing enabled. Setting signal handlers.
[I 2024-11-01 16:08:54,319] Trial 3 finished with value: 0.28921744227409363 and parameters: {'hidden_dim': 167, 'n_layers': 1, 'dropout': 0.0930677999018425, 'input_chunk_length': 41, 'learning_rate': 6.213750824385394e-05, 'batch_size': 64}. Best is trial 0 with value: 0.07914793491363525.
GPU available: False, used: False
TPU available: False, using: 0 TPU cores
HPU available: False, using: 0 HPUs
SLURM auto-requeueing enabled. Setting signal handlers.
Monitored metric train_loss did not improve in the last 33 records. Best score: 0.031. Signaling Trainer to stop.
GPU available: False, used: False
TPU available: False, using: 0 TPU cores
HPU available: False, using: 0 HPUs
SLURM auto-requeueing enabled. Setting signal handlers.
[I 2024-11-01 16:09:34,815] Trial 4 finished with value: 0.18269552290439606 and parameters: {'hidden_dim': 84, 'n_layers': 4, 'dropout': 0.21959709416873435, 'input_chunk_length': 40, 'learning_rate': 0.004449766912895421, 'batch_size': 32}. Best is trial 0 with value: 0.07914793491363525.
GPU available: False, used: False
TPU available: False, using: 0 TPU cores
HPU available: False, using: 0 HPUs
SLURM auto-requeueing enabled. Setting signal handlers.
Monitored metric train_loss did not improve in the last 34 records. Best score: 0.031. Signaling Trainer to stop.
GPU available: False, used: False
TPU available: False, using: 0 TPU cores
HPU available: False, using: 0 HPUs
SLURM auto-requeueing enabled. Setting signal handlers.
[I 2024-11-01 16:11:58,562] Trial 5 finished with value: 0.3013860583305359 and parameters: {'hidden_dim': 188, 'n_layers': 4, 'dropout': 0.31161256623691785, 'input_chunk_length': 103, 'learning_rate': 0.0010972534512974702, 'batch_size': 32}. Best is trial 0 with value: 0.07914793491363525.
GPU available: False, used: False
TPU available: False, using: 0 TPU cores
HPU available: False, using: 0 HPUs
SLURM auto-requeueing enabled. Setting signal handlers.
Monitored metric train_loss did not improve in the last 35 records. Best score: 0.031. Signaling Trainer to stop.
GPU available: False, used: False
TPU available: False, using: 0 TPU cores
HPU available: False, using: 0 HPUs
SLURM auto-requeueing enabled. Setting signal handlers.
[I 2024-11-01 16:13:18,299] Trial 6 finished with value: 0.31334295868873596 and parameters: {'hidden_dim': 184, 'n_layers': 2, 'dropout': 0.31362406104603546, 'input_chunk_length': 64, 'learning_rate': 0.0007923863124988041, 'batch_size': 64}. Best is trial 0 with value: 0.07914793491363525.
GPU available: False, used: False
TPU available: False, using: 0 TPU cores
HPU available: False, using: 0 HPUs
SLURM auto-requeueing enabled. Setting signal handlers.
Monitored metric train_loss did not improve in the last 36 records. Best score: 0.031. Signaling Trainer to stop.
GPU available: False, used: False
TPU available: False, using: 0 TPU cores
HPU available: False, using: 0 HPUs
SLURM auto-requeueing enabled. Setting signal handlers.
[I 2024-11-01 16:15:56,631] Trial 7 finished with value: 0.22293107211589813 and parameters: {'hidden_dim': 239, 'n_layers': 2, 'dropout': 0.16151607669026646, 'input_chunk_length': 96, 'learning_rate': 0.00020147586462375189, 'batch_size': 64}. Best is trial 0 with value: 0.07914793491363525.
GPU available: False, used: False
TPU available: False, using: 0 TPU cores
HPU available: False, using: 0 HPUs
SLURM auto-requeueing enabled. Setting signal handlers.
Monitored metric train_loss did not improve in the last 37 records. Best score: 0.031. Signaling Trainer to stop.
GPU available: False, used: False
TPU available: False, using: 0 TPU cores
HPU available: False, using: 0 HPUs
SLURM auto-requeueing enabled. Setting signal handlers.
[I 2024-11-01 16:19:26,688] Trial 8 finished with value: 0.32166314125061035 and parameters: {'hidden_dim': 251, 'n_layers': 6, 'dropout': 0.2639483668139729, 'input_chunk_length': 94, 'learning_rate': 0.002373836873349685, 'batch_size': 64}. Best is trial 0 with value: 0.07914793491363525.
GPU available: False, used: False
TPU available: False, using: 0 TPU cores
HPU available: False, using: 0 HPUs
SLURM auto-requeueing enabled. Setting signal handlers.
Monitored metric train_loss did not improve in the last 38 records. Best score: 0.031. Signaling Trainer to stop.
GPU available: False, used: False
TPU available: False, using: 0 TPU cores
HPU available: False, using: 0 HPUs
SLURM auto-requeueing enabled. Setting signal handlers.
[I 2024-11-01 16:20:52,409] Trial 9 finished with value: 0.2927720844745636 and parameters: {'hidden_dim': 113, 'n_layers': 6, 'dropout': 0.2965631861704557, 'input_chunk_length': 87, 'learning_rate': 4.051769324933901e-05, 'batch_size': 32}. Best is trial 0 with value: 0.07914793491363525.
GPU available: False, used: False
TPU available: False, using: 0 TPU cores
HPU available: False, using: 0 HPUs
SLURM auto-requeueing enabled. Setting signal handlers.
Monitored metric train_loss did not improve in the last 39 records. Best score: 0.031. Signaling Trainer to stop.
GPU available: False, used: False
TPU available: False, using: 0 TPU cores
HPU available: False, using: 0 HPUs
SLURM auto-requeueing enabled. Setting signal handlers.
[I 2024-11-01 16:22:39,377] Trial 10 finished with value: 0.361052542924881 and parameters: {'hidden_dim': 206, 'n_layers': 3, 'dropout': 0.4745516679251697, 'input_chunk_length': 71, 'learning_rate': 1.4150662621245405e-05, 'batch_size': 64}. Best is trial 0 with value: 0.07914793491363525.
GPU available: False, used: False
TPU available: False, using: 0 TPU cores
HPU available: False, using: 0 HPUs
SLURM auto-requeueing enabled. Setting signal handlers.
Monitored metric train_loss did not improve in the last 40 records. Best score: 0.031. Signaling Trainer to stop.
GPU available: False, used: False
TPU available: False, using: 0 TPU cores
HPU available: False, using: 0 HPUs
SLURM auto-requeueing enabled. Setting signal handlers.
[I 2024-11-01 16:24:33,631] Trial 11 finished with value: 0.2808970510959625 and parameters: {'hidden_dim': 129, 'n_layers': 5, 'dropout': 0.45424704735055105, 'input_chunk_length': 118, 'learning_rate': 0.008885181262442216, 'batch_size': 32}. Best is trial 0 with value: 0.07914793491363525.
GPU available: False, used: False
TPU available: False, using: 0 TPU cores
HPU available: False, using: 0 HPUs
SLURM auto-requeueing enabled. Setting signal handlers.
Monitored metric train_loss did not improve in the last 41 records. Best score: 0.031. Signaling Trainer to stop.
GPU available: False, used: False
TPU available: False, using: 0 TPU cores
HPU available: False, using: 0 HPUs
SLURM auto-requeueing enabled. Setting signal handlers.
[I 2024-11-01 16:26:19,134] Trial 12 finished with value: 0.3073875606060028 and parameters: {'hidden_dim': 134, 'n_layers': 3, 'dropout': 0.398382766319421, 'input_chunk_length': 111, 'learning_rate': 0.00024181066691023414, 'batch_size': 32}. Best is trial 0 with value: 0.07914793491363525.
GPU available: False, used: False
TPU available: False, using: 0 TPU cores
HPU available: False, using: 0 HPUs
SLURM auto-requeueing enabled. Setting signal handlers.
Monitored metric train_loss did not improve in the last 42 records. Best score: 0.031. Signaling Trainer to stop.
GPU available: False, used: False
TPU available: False, using: 0 TPU cores
HPU available: False, using: 0 HPUs
SLURM auto-requeueing enabled. Setting signal handlers.
[I 2024-11-01 16:26:39,399] Trial 13 finished with value: 0.28717201948165894 and parameters: {'hidden_dim': 52, 'n_layers': 5, 'dropout': 0.10072991831859535, 'input_chunk_length': 3, 'learning_rate': 7.857777731789093e-05, 'batch_size': 32}. Best is trial 0 with value: 0.07914793491363525.
GPU available: False, used: False
TPU available: False, using: 0 TPU cores
HPU available: False, using: 0 HPUs
SLURM auto-requeueing enabled. Setting signal handlers.
Monitored metric train_loss did not improve in the last 43 records. Best score: 0.031. Signaling Trainer to stop.
GPU available: False, used: False
TPU available: False, using: 0 TPU cores
HPU available: False, using: 0 HPUs
SLURM auto-requeueing enabled. Setting signal handlers.
[I 2024-11-01 16:27:33,062] Trial 14 finished with value: 0.3251555860042572 and parameters: {'hidden_dim': 96, 'n_layers': 3, 'dropout': 0.38730400147275507, 'input_chunk_length': 79, 'learning_rate': 0.0004035312259416528, 'batch_size': 64}. Best is trial 0 with value: 0.07914793491363525.
GPU available: False, used: False
TPU available: False, using: 0 TPU cores
HPU available: False, using: 0 HPUs
SLURM auto-requeueing enabled. Setting signal handlers.
Monitored metric train_loss did not improve in the last 44 records. Best score: 0.031. Signaling Trainer to stop.
GPU available: False, used: False
TPU available: False, using: 0 TPU cores
HPU available: False, using: 0 HPUs
SLURM auto-requeueing enabled. Setting signal handlers.
[I 2024-11-01 16:29:50,142] Trial 15 finished with value: 0.35955366492271423 and parameters: {'hidden_dim': 164, 'n_layers': 4, 'dropout': 0.0003518063197733845, 'input_chunk_length': 119, 'learning_rate': 1.1589864283006556e-05, 'batch_size': 32}. Best is trial 0 with value: 0.07914793491363525.
GPU available: False, used: False
TPU available: False, using: 0 TPU cores
HPU available: False, using: 0 HPUs
SLURM auto-requeueing enabled. Setting signal handlers.
Monitored metric train_loss did not improve in the last 45 records. Best score: 0.031. Signaling Trainer to stop.
GPU available: False, used: False
TPU available: False, using: 0 TPU cores
HPU available: False, using: 0 HPUs
SLURM auto-requeueing enabled. Setting signal handlers.
[I 2024-11-01 16:30:56,297] Trial 16 finished with value: 0.30338892340660095 and parameters: {'hidden_dim': 63, 'n_layers': 5, 'dropout': 0.16690427416924886, 'input_chunk_length': 104, 'learning_rate': 0.00012392667258868454, 'batch_size': 32}. Best is trial 0 with value: 0.07914793491363525.
GPU available: False, used: False
TPU available: False, using: 0 TPU cores
HPU available: False, using: 0 HPUs
SLURM auto-requeueing enabled. Setting signal handlers.
Monitored metric train_loss did not improve in the last 46 records. Best score: 0.031. Signaling Trainer to stop.
GPU available: False, used: False
TPU available: False, using: 0 TPU cores
HPU available: False, using: 0 HPUs
SLURM auto-requeueing enabled. Setting signal handlers.
[I 2024-11-01 16:32:15,678] Trial 17 finished with value: 0.3070879876613617 and parameters: {'hidden_dim': 141, 'n_layers': 2, 'dropout': 0.38542737842331043, 'input_chunk_length': 81, 'learning_rate': 0.0005905076758728152, 'batch_size': 64}. Best is trial 0 with value: 0.07914793491363525.
GPU available: False, used: False
TPU available: False, using: 0 TPU cores
HPU available: False, using: 0 HPUs
SLURM auto-requeueing enabled. Setting signal handlers.
Monitored metric train_loss did not improve in the last 47 records. Best score: 0.031. Signaling Trainer to stop.
GPU available: False, used: False
TPU available: False, using: 0 TPU cores
HPU available: False, using: 0 HPUs
SLURM auto-requeueing enabled. Setting signal handlers.
[I 2024-11-01 16:33:57,143] Trial 18 finished with value: 0.3251044452190399 and parameters: {'hidden_dim': 214, 'n_layers': 4, 'dropout': 0.2032781546043121, 'input_chunk_length': 56, 'learning_rate': 3.5016891238830374e-05, 'batch_size': 32}. Best is trial 0 with value: 0.07914793491363525.
GPU available: False, used: False
TPU available: False, using: 0 TPU cores
HPU available: False, using: 0 HPUs
SLURM auto-requeueing enabled. Setting signal handlers.
Monitored metric train_loss did not improve in the last 48 records. Best score: 0.031. Signaling Trainer to stop.
GPU available: False, used: False
TPU available: False, using: 0 TPU cores
HPU available: False, using: 0 HPUs
SLURM auto-requeueing enabled. Setting signal handlers.
[I 2024-11-01 16:35:19,156] Trial 19 finished with value: 0.3911590278148651 and parameters: {'hidden_dim': 107, 'n_layers': 3, 'dropout': 0.08769707664488158, 'input_chunk_length': 108, 'learning_rate': 0.009799007692816327, 'batch_size': 64}. Best is trial 0 with value: 0.07914793491363525.
GPU available: False, used: False
TPU available: False, using: 0 TPU cores
HPU available: False, using: 0 HPUs
SLURM auto-requeueing enabled. Setting signal handlers.
Monitored metric train_loss did not improve in the last 49 records. Best score: 0.031. Signaling Trainer to stop.
GPU available: False, used: False
TPU available: False, using: 0 TPU cores
HPU available: False, using: 0 HPUs
SLURM auto-requeueing enabled. Setting signal handlers.
[I 2024-11-01 16:36:20,787] Trial 20 finished with value: 0.32320213317871094 and parameters: {'hidden_dim': 79, 'n_layers': 5, 'dropout': 0.3419485161273997, 'input_chunk_length': 92, 'learning_rate': 0.0013784491544773974, 'batch_size': 64}. Best is trial 0 with value: 0.07914793491363525.
GPU available: False, used: False
TPU available: False, using: 0 TPU cores
HPU available: False, using: 0 HPUs
SLURM auto-requeueing enabled. Setting signal handlers.
Monitored metric train_loss did not improve in the last 50 records. Best score: 0.031. Signaling Trainer to stop.
GPU available: False, used: False
TPU available: False, using: 0 TPU cores
HPU available: False, using: 0 HPUs
SLURM auto-requeueing enabled. Setting signal handlers.
[I 2024-11-01 16:37:00,078] Trial 21 finished with value: 0.19625084102153778 and parameters: {'hidden_dim': 84, 'n_layers': 4, 'dropout': 0.23060844284879697, 'input_chunk_length': 38, 'learning_rate': 0.0032784774876230835, 'batch_size': 32}. Best is trial 0 with value: 0.07914793491363525.
GPU available: False, used: False
TPU available: False, using: 0 TPU cores
HPU available: False, using: 0 HPUs
SLURM auto-requeueing enabled. Setting signal handlers.
Monitored metric train_loss did not improve in the last 51 records. Best score: 0.031. Signaling Trainer to stop.
GPU available: False, used: False
TPU available: False, using: 0 TPU cores
HPU available: False, using: 0 HPUs
SLURM auto-requeueing enabled. Setting signal handlers.
[I 2024-11-01 16:37:27,043] Trial 22 finished with value: 0.1843578815460205 and parameters: {'hidden_dim': 120, 'n_layers': 4, 'dropout': 0.15805909002790902, 'input_chunk_length': 9, 'learning_rate': 0.0047908145782476885, 'batch_size': 32}. Best is trial 0 with value: 0.07914793491363525.
GPU available: False, used: False
TPU available: False, using: 0 TPU cores
HPU available: False, using: 0 HPUs
SLURM auto-requeueing enabled. Setting signal handlers.
Monitored metric train_loss did not improve in the last 52 records. Best score: 0.031. Signaling Trainer to stop.
GPU available: False, used: False
TPU available: False, using: 0 TPU cores
HPU available: False, using: 0 HPUs
SLURM auto-requeueing enabled. Setting signal handlers.
[I 2024-11-01 16:38:08,666] Trial 23 finished with value: 0.3718169629573822 and parameters: {'hidden_dim': 149, 'n_layers': 3, 'dropout': 0.05205487679255747, 'input_chunk_length': 23, 'learning_rate': 0.005559261005813882, 'batch_size': 32}. Best is trial 0 with value: 0.07914793491363525.
GPU available: False, used: False
TPU available: False, using: 0 TPU cores
HPU available: False, using: 0 HPUs
SLURM auto-requeueing enabled. Setting signal handlers.
Monitored metric train_loss did not improve in the last 53 records. Best score: 0.031. Signaling Trainer to stop.
GPU available: False, used: False
TPU available: False, using: 0 TPU cores
HPU available: False, using: 0 HPUs
SLURM auto-requeueing enabled. Setting signal handlers.
[I 2024-11-01 16:38:55,123] Trial 24 finished with value: 0.1947413831949234 and parameters: {'hidden_dim': 90, 'n_layers': 2, 'dropout': 0.260415600359957, 'input_chunk_length': 52, 'learning_rate': 0.004555591000608183, 'batch_size': 32}. Best is trial 0 with value: 0.07914793491363525.
GPU available: False, used: False
TPU available: False, using: 0 TPU cores
HPU available: False, using: 0 HPUs
SLURM auto-requeueing enabled. Setting signal handlers.
Monitored metric train_loss did not improve in the last 54 records. Best score: 0.031. Signaling Trainer to stop.
GPU available: False, used: False
TPU available: False, using: 0 TPU cores
HPU available: False, using: 0 HPUs
SLURM auto-requeueing enabled. Setting signal handlers.
[I 2024-11-01 16:39:41,831] Trial 25 finished with value: 0.3130970597267151 and parameters: {'hidden_dim': 101, 'n_layers': 4, 'dropout': 0.2018533752679948, 'input_chunk_length': 44, 'learning_rate': 0.00013900769919206893, 'batch_size': 32}. Best is trial 0 with value: 0.07914793491363525.
GPU available: False, used: False
TPU available: False, using: 0 TPU cores
HPU available: False, using: 0 HPUs
SLURM auto-requeueing enabled. Setting signal handlers.
Monitored metric train_loss did not improve in the last 55 records. Best score: 0.031. Signaling Trainer to stop.
GPU available: False, used: False
TPU available: False, using: 0 TPU cores
HPU available: False, using: 0 HPUs
SLURM auto-requeueing enabled. Setting signal handlers.
[I 2024-11-01 16:40:30,812] Trial 26 finished with value: 0.29872602224349976 and parameters: {'hidden_dim': 66, 'n_layers': 5, 'dropout': 0.4344613196524759, 'input_chunk_length': 69, 'learning_rate': 0.00036248917715901025, 'batch_size': 32}. Best is trial 0 with value: 0.07914793491363525.
GPU available: False, used: False
TPU available: False, using: 0 TPU cores
HPU available: False, using: 0 HPUs
SLURM auto-requeueing enabled. Setting signal handlers.
Monitored metric train_loss did not improve in the last 56 records. Best score: 0.031. Signaling Trainer to stop.
GPU available: False, used: False
TPU available: False, using: 0 TPU cores
HPU available: False, using: 0 HPUs
SLURM auto-requeueing enabled. Setting signal handlers.
[I 2024-11-01 16:41:12,097] Trial 27 finished with value: 0.1720602810382843 and parameters: {'hidden_dim': 121, 'n_layers': 3, 'dropout': 0.49585385981939756, 'input_chunk_length': 27, 'learning_rate': 0.0015804032858733803, 'batch_size': 32}. Best is trial 0 with value: 0.07914793491363525.
GPU available: False, used: False
TPU available: False, using: 0 TPU cores
HPU available: False, using: 0 HPUs
SLURM auto-requeueing enabled. Setting signal handlers.
Monitored metric train_loss did not improve in the last 57 records. Best score: 0.031. Signaling Trainer to stop.
GPU available: False, used: False
TPU available: False, using: 0 TPU cores
HPU available: False, using: 0 HPUs
SLURM auto-requeueing enabled. Setting signal handlers.
