[I 2024-10-23 11:43:42,952] A new study created in memory with name: no-name-cc324346-d3e6-4dc3-b648-a6eeaef5aa00
GPU available: False, used: False
TPU available: False, using: 0 TPU cores
HPU available: False, using: 0 HPUs
SLURM auto-requeueing enabled. Setting signal handlers.
Metric train_loss improved. New best score: 0.362
Metric train_loss improved by 0.131 >= min_delta = 0.0. New best score: 0.231
Metric train_loss improved by 0.087 >= min_delta = 0.0. New best score: 0.144
Metric train_loss improved by 0.007 >= min_delta = 0.0. New best score: 0.137
Metric train_loss improved by 0.019 >= min_delta = 0.0. New best score: 0.118
Metric train_loss improved by 0.028 >= min_delta = 0.0. New best score: 0.089
Metric train_loss improved by 0.008 >= min_delta = 0.0. New best score: 0.082
Metric train_loss improved by 0.002 >= min_delta = 0.0. New best score: 0.080
Metric train_loss improved by 0.021 >= min_delta = 0.0. New best score: 0.058
Metric train_loss improved by 0.009 >= min_delta = 0.0. New best score: 0.049
Metric train_loss improved by 0.001 >= min_delta = 0.0. New best score: 0.048
Metric train_loss improved by 0.004 >= min_delta = 0.0. New best score: 0.044
`Trainer.fit` stopped: `max_epochs=52` reached.
GPU available: False, used: False
TPU available: False, using: 0 TPU cores
HPU available: False, using: 0 HPUs
SLURM auto-requeueing enabled. Setting signal handlers.
[I 2024-10-23 12:58:30,696] Trial 0 finished with value: 0.07890345901250839 and parameters: {'hidden_dim': 153, 'n_layers': 3, 'dropout': 0.10729823596092608, 'input_chunk_length': 74, 'learning_rate': 0.0004236640699288738, 'batch_size': 64}. Best is trial 0 with value: 0.07890345901250839.
GPU available: False, used: False
TPU available: False, using: 0 TPU cores
HPU available: False, using: 0 HPUs
SLURM auto-requeueing enabled. Setting signal handlers.
Monitored metric train_loss did not improve in the last 60 records. Best score: 0.044. Signaling Trainer to stop.
GPU available: False, used: False
TPU available: False, using: 0 TPU cores
HPU available: False, using: 0 HPUs
SLURM auto-requeueing enabled. Setting signal handlers.
[I 2024-10-23 14:19:56,266] Trial 1 finished with value: 0.06816989183425903 and parameters: {'hidden_dim': 197, 'n_layers': 1, 'dropout': 0.04826404046524735, 'input_chunk_length': 74, 'learning_rate': 0.0004322487723373895, 'batch_size': 64}. Best is trial 1 with value: 0.06816989183425903.
GPU available: False, used: False
TPU available: False, using: 0 TPU cores
HPU available: False, using: 0 HPUs
SLURM auto-requeueing enabled. Setting signal handlers.
Monitored metric train_loss did not improve in the last 61 records. Best score: 0.044. Signaling Trainer to stop.
GPU available: False, used: False
TPU available: False, using: 0 TPU cores
HPU available: False, using: 0 HPUs
SLURM auto-requeueing enabled. Setting signal handlers.
[I 2024-10-23 14:21:13,516] Trial 2 finished with value: 0.3205556869506836 and parameters: {'hidden_dim': 195, 'n_layers': 4, 'dropout': 0.4483202976741884, 'input_chunk_length': 27, 'learning_rate': 0.00020197567646874028, 'batch_size': 64}. Best is trial 1 with value: 0.06816989183425903.
GPU available: False, used: False
TPU available: False, using: 0 TPU cores
HPU available: False, using: 0 HPUs
SLURM auto-requeueing enabled. Setting signal handlers.
Monitored metric train_loss did not improve in the last 62 records. Best score: 0.044. Signaling Trainer to stop.
GPU available: False, used: False
TPU available: False, using: 0 TPU cores
HPU available: False, using: 0 HPUs
SLURM auto-requeueing enabled. Setting signal handlers.
[I 2024-10-23 14:23:48,172] Trial 3 finished with value: 0.33168908953666687 and parameters: {'hidden_dim': 197, 'n_layers': 5, 'dropout': 0.019810875103790482, 'input_chunk_length': 80, 'learning_rate': 3.696420773029231e-05, 'batch_size': 64}. Best is trial 1 with value: 0.06816989183425903.
GPU available: False, used: False
TPU available: False, using: 0 TPU cores
HPU available: False, using: 0 HPUs
SLURM auto-requeueing enabled. Setting signal handlers.
Monitored metric train_loss did not improve in the last 63 records. Best score: 0.044. Signaling Trainer to stop.
GPU available: False, used: False
TPU available: False, using: 0 TPU cores
HPU available: False, using: 0 HPUs
SLURM auto-requeueing enabled. Setting signal handlers.
[I 2024-10-23 14:24:58,599] Trial 4 finished with value: 0.368703156709671 and parameters: {'hidden_dim': 128, 'n_layers': 5, 'dropout': 0.10996613307054964, 'input_chunk_length': 57, 'learning_rate': 1.1627925806583733e-05, 'batch_size': 64}. Best is trial 1 with value: 0.06816989183425903.
GPU available: False, used: False
TPU available: False, using: 0 TPU cores
HPU available: False, using: 0 HPUs
SLURM auto-requeueing enabled. Setting signal handlers.
Monitored metric train_loss did not improve in the last 64 records. Best score: 0.044. Signaling Trainer to stop.
GPU available: False, used: False
TPU available: False, using: 0 TPU cores
HPU available: False, using: 0 HPUs
SLURM auto-requeueing enabled. Setting signal handlers.
[I 2024-10-23 14:25:51,956] Trial 5 finished with value: 0.2955975830554962 and parameters: {'hidden_dim': 113, 'n_layers': 3, 'dropout': 0.1724815595426692, 'input_chunk_length': 32, 'learning_rate': 0.0008417626465764133, 'batch_size': 32}. Best is trial 1 with value: 0.06816989183425903.
GPU available: False, used: False
TPU available: False, using: 0 TPU cores
HPU available: False, using: 0 HPUs
SLURM auto-requeueing enabled. Setting signal handlers.
Monitored metric train_loss did not improve in the last 65 records. Best score: 0.044. Signaling Trainer to stop.
GPU available: False, used: False
TPU available: False, using: 0 TPU cores
HPU available: False, using: 0 HPUs
SLURM auto-requeueing enabled. Setting signal handlers.
[I 2024-10-23 14:26:17,746] Trial 6 finished with value: 0.3082883059978485 and parameters: {'hidden_dim': 137, 'n_layers': 1, 'dropout': 0.3545764733984284, 'input_chunk_length': 6, 'learning_rate': 0.00016038887916384757, 'batch_size': 64}. Best is trial 1 with value: 0.06816989183425903.
GPU available: False, used: False
TPU available: False, using: 0 TPU cores
HPU available: False, using: 0 HPUs
SLURM auto-requeueing enabled. Setting signal handlers.
Monitored metric train_loss did not improve in the last 66 records. Best score: 0.044. Signaling Trainer to stop.
GPU available: False, used: False
TPU available: False, using: 0 TPU cores
HPU available: False, using: 0 HPUs
SLURM auto-requeueing enabled. Setting signal handlers.
[I 2024-10-23 14:27:00,698] Trial 7 finished with value: 0.4909980893135071 and parameters: {'hidden_dim': 71, 'n_layers': 5, 'dropout': 0.0930588708515751, 'input_chunk_length': 29, 'learning_rate': 5.873916875424314e-06, 'batch_size': 32}. Best is trial 1 with value: 0.06816989183425903.
GPU available: False, used: False
TPU available: False, using: 0 TPU cores
HPU available: False, using: 0 HPUs
SLURM auto-requeueing enabled. Setting signal handlers.
Monitored metric train_loss did not improve in the last 67 records. Best score: 0.044. Signaling Trainer to stop.
GPU available: False, used: False
TPU available: False, using: 0 TPU cores
HPU available: False, using: 0 HPUs
SLURM auto-requeueing enabled. Setting signal handlers.
[I 2024-10-23 14:28:55,099] Trial 8 finished with value: 0.3011684715747833 and parameters: {'hidden_dim': 150, 'n_layers': 2, 'dropout': 0.1371416202748516, 'input_chunk_length': 75, 'learning_rate': 0.00014026472193328472, 'batch_size': 32}. Best is trial 1 with value: 0.06816989183425903.
GPU available: False, used: False
TPU available: False, using: 0 TPU cores
HPU available: False, using: 0 HPUs
SLURM auto-requeueing enabled. Setting signal handlers.
Monitored metric train_loss did not improve in the last 68 records. Best score: 0.044. Signaling Trainer to stop.
GPU available: False, used: False
TPU available: False, using: 0 TPU cores
HPU available: False, using: 0 HPUs
SLURM auto-requeueing enabled. Setting signal handlers.
[I 2024-10-23 14:29:35,540] Trial 9 finished with value: 0.3091983497142792 and parameters: {'hidden_dim': 55, 'n_layers': 6, 'dropout': 0.17418124068992158, 'input_chunk_length': 19, 'learning_rate': 0.00033203076652301474, 'batch_size': 32}. Best is trial 1 with value: 0.06816989183425903.
GPU available: False, used: False
TPU available: False, using: 0 TPU cores
HPU available: False, using: 0 HPUs
SLURM auto-requeueing enabled. Setting signal handlers.
Monitored metric train_loss did not improve in the last 69 records. Best score: 0.044. Signaling Trainer to stop.
GPU available: False, used: False
TPU available: False, using: 0 TPU cores
HPU available: False, using: 0 HPUs
SLURM auto-requeueing enabled. Setting signal handlers.
[I 2024-10-23 14:32:31,476] Trial 10 finished with value: 0.5417338013648987 and parameters: {'hidden_dim': 240, 'n_layers': 1, 'dropout': 0.2892532913273953, 'input_chunk_length': 99, 'learning_rate': 1.4056913992694968e-06, 'batch_size': 64}. Best is trial 1 with value: 0.06816989183425903.
GPU available: False, used: False
TPU available: False, using: 0 TPU cores
HPU available: False, using: 0 HPUs
SLURM auto-requeueing enabled. Setting signal handlers.
Monitored metric train_loss did not improve in the last 70 records. Best score: 0.044. Signaling Trainer to stop.
GPU available: False, used: False
TPU available: False, using: 0 TPU cores
HPU available: False, using: 0 HPUs
SLURM auto-requeueing enabled. Setting signal handlers.
[I 2024-10-23 14:34:15,682] Trial 11 finished with value: 0.2100624442100525 and parameters: {'hidden_dim': 192, 'n_layers': 3, 'dropout': 0.025635551164917524, 'input_chunk_length': 62, 'learning_rate': 0.0005909970395535473, 'batch_size': 64}. Best is trial 1 with value: 0.06816989183425903.
GPU available: False, used: False
TPU available: False, using: 0 TPU cores
HPU available: False, using: 0 HPUs
SLURM auto-requeueing enabled. Setting signal handlers.
Monitored metric train_loss did not improve in the last 71 records. Best score: 0.044. Signaling Trainer to stop.
GPU available: False, used: False
TPU available: False, using: 0 TPU cores
HPU available: False, using: 0 HPUs
SLURM auto-requeueing enabled. Setting signal handlers.
[I 2024-10-23 14:37:14,993] Trial 12 finished with value: 0.3122255206108093 and parameters: {'hidden_dim': 256, 'n_layers': 2, 'dropout': 0.25324487328300815, 'input_chunk_length': 88, 'learning_rate': 5.234977887293144e-05, 'batch_size': 64}. Best is trial 1 with value: 0.06816989183425903.
GPU available: False, used: False
TPU available: False, using: 0 TPU cores
HPU available: False, using: 0 HPUs
SLURM auto-requeueing enabled. Setting signal handlers.
Monitored metric train_loss did not improve in the last 72 records. Best score: 0.044. Signaling Trainer to stop.
GPU available: False, used: False
TPU available: False, using: 0 TPU cores
HPU available: False, using: 0 HPUs
SLURM auto-requeueing enabled. Setting signal handlers.
[I 2024-10-23 14:39:03,379] Trial 13 finished with value: 0.31407785415649414 and parameters: {'hidden_dim': 177, 'n_layers': 2, 'dropout': 0.005023958284048807, 'input_chunk_length': 68, 'learning_rate': 7.093869343025902e-05, 'batch_size': 64}. Best is trial 1 with value: 0.06816989183425903.
GPU available: False, used: False
TPU available: False, using: 0 TPU cores
HPU available: False, using: 0 HPUs
SLURM auto-requeueing enabled. Setting signal handlers.
Monitored metric train_loss did not improve in the last 73 records. Best score: 0.044. Signaling Trainer to stop.
GPU available: False, used: False
TPU available: False, using: 0 TPU cores
HPU available: False, using: 0 HPUs
SLURM auto-requeueing enabled. Setting signal handlers.
[I 2024-10-23 14:40:31,482] Trial 14 finished with value: 0.3144288957118988 and parameters: {'hidden_dim': 219, 'n_layers': 1, 'dropout': 0.07828086828314124, 'input_chunk_length': 45, 'learning_rate': 0.0009472609318513109, 'batch_size': 64}. Best is trial 1 with value: 0.06816989183425903.
GPU available: False, used: False
TPU available: False, using: 0 TPU cores
HPU available: False, using: 0 HPUs
SLURM auto-requeueing enabled. Setting signal handlers.
Monitored metric train_loss did not improve in the last 74 records. Best score: 0.044. Signaling Trainer to stop.
GPU available: False, used: False
TPU available: False, using: 0 TPU cores
HPU available: False, using: 0 HPUs
SLURM auto-requeueing enabled. Setting signal handlers.
[I 2024-10-23 14:41:24,543] Trial 15 finished with value: 0.31250903010368347 and parameters: {'hidden_dim': 104, 'n_layers': 4, 'dropout': 0.2001674017457271, 'input_chunk_length': 46, 'learning_rate': 0.0003153495649437002, 'batch_size': 64}. Best is trial 1 with value: 0.06816989183425903.
GPU available: False, used: False
TPU available: False, using: 0 TPU cores
HPU available: False, using: 0 HPUs
SLURM auto-requeueing enabled. Setting signal handlers.
Monitored metric train_loss did not improve in the last 75 records. Best score: 0.044. Signaling Trainer to stop.
GPU available: False, used: False
TPU available: False, using: 0 TPU cores
HPU available: False, using: 0 HPUs
SLURM auto-requeueing enabled. Setting signal handlers.
[I 2024-10-23 14:43:30,063] Trial 16 finished with value: 0.3039233088493347 and parameters: {'hidden_dim': 165, 'n_layers': 3, 'dropout': 0.07431454771212108, 'input_chunk_length': 91, 'learning_rate': 1.8852231727454562e-05, 'batch_size': 64}. Best is trial 1 with value: 0.06816989183425903.
GPU available: False, used: False
TPU available: False, using: 0 TPU cores
HPU available: False, using: 0 HPUs
SLURM auto-requeueing enabled. Setting signal handlers.
Monitored metric train_loss did not improve in the last 76 records. Best score: 0.044. Signaling Trainer to stop.
GPU available: False, used: False
TPU available: False, using: 0 TPU cores
HPU available: False, using: 0 HPUs
SLURM auto-requeueing enabled. Setting signal handlers.
[I 2024-10-23 14:45:40,459] Trial 17 finished with value: 0.3693063259124756 and parameters: {'hidden_dim': 222, 'n_layers': 2, 'dropout': 0.48586182049540433, 'input_chunk_length': 70, 'learning_rate': 0.00010944339568341125, 'batch_size': 64}. Best is trial 1 with value: 0.06816989183425903.
GPU available: False, used: False
TPU available: False, using: 0 TPU cores
HPU available: False, using: 0 HPUs
SLURM auto-requeueing enabled. Setting signal handlers.
Monitored metric train_loss did not improve in the last 77 records. Best score: 0.044. Signaling Trainer to stop.
GPU available: False, used: False
TPU available: False, using: 0 TPU cores
HPU available: False, using: 0 HPUs
SLURM auto-requeueing enabled. Setting signal handlers.
[I 2024-10-23 14:47:03,818] Trial 18 finished with value: 0.2975022792816162 and parameters: {'hidden_dim': 89, 'n_layers': 4, 'dropout': 0.32142996001191215, 'input_chunk_length': 83, 'learning_rate': 0.000401016705666053, 'batch_size': 32}. Best is trial 1 with value: 0.06816989183425903.
GPU available: False, used: False
TPU available: False, using: 0 TPU cores
HPU available: False, using: 0 HPUs
SLURM auto-requeueing enabled. Setting signal handlers.
Monitored metric train_loss did not improve in the last 78 records. Best score: 0.044. Signaling Trainer to stop.
GPU available: False, used: False
TPU available: False, using: 0 TPU cores
HPU available: False, using: 0 HPUs
SLURM auto-requeueing enabled. Setting signal handlers.
[I 2024-10-23 14:48:19,559] Trial 19 finished with value: 0.5793865323066711 and parameters: {'hidden_dim': 159, 'n_layers': 1, 'dropout': 0.20980233700338255, 'input_chunk_length': 53, 'learning_rate': 3.211339415638621e-06, 'batch_size': 64}. Best is trial 1 with value: 0.06816989183425903.
GPU available: False, used: False
TPU available: False, using: 0 TPU cores
HPU available: False, using: 0 HPUs
SLURM auto-requeueing enabled. Setting signal handlers.
Monitored metric train_loss did not improve in the last 79 records. Best score: 0.044. Signaling Trainer to stop.
GPU available: False, used: False
TPU available: False, using: 0 TPU cores
HPU available: False, using: 0 HPUs
SLURM auto-requeueing enabled. Setting signal handlers.
[I 2024-10-23 14:50:17,295] Trial 20 finished with value: 0.3462061285972595 and parameters: {'hidden_dim': 178, 'n_layers': 6, 'dropout': 0.050848778687649365, 'input_chunk_length': 63, 'learning_rate': 1.9318092873115872e-05, 'batch_size': 64}. Best is trial 1 with value: 0.06816989183425903.
GPU available: False, used: False
TPU available: False, using: 0 TPU cores
HPU available: False, using: 0 HPUs
SLURM auto-requeueing enabled. Setting signal handlers.
Monitored metric train_loss did not improve in the last 80 records. Best score: 0.044. Signaling Trainer to stop.
GPU available: False, used: False
TPU available: False, using: 0 TPU cores
HPU available: False, using: 0 HPUs
SLURM auto-requeueing enabled. Setting signal handlers.
[I 2024-10-23 14:52:07,133] Trial 21 finished with value: 0.2928541600704193 and parameters: {'hidden_dim': 202, 'n_layers': 3, 'dropout': 0.03467782045033037, 'input_chunk_length': 61, 'learning_rate': 0.0005706190587699225, 'batch_size': 64}. Best is trial 1 with value: 0.06816989183425903.
GPU available: False, used: False
TPU available: False, using: 0 TPU cores
HPU available: False, using: 0 HPUs
SLURM auto-requeueing enabled. Setting signal handlers.
Monitored metric train_loss did not improve in the last 81 records. Best score: 0.044. Signaling Trainer to stop.
GPU available: False, used: False
TPU available: False, using: 0 TPU cores
HPU available: False, using: 0 HPUs
SLURM auto-requeueing enabled. Setting signal handlers.
[I 2024-10-23 14:54:06,706] Trial 22 finished with value: 0.30547448992729187 and parameters: {'hidden_dim': 181, 'n_layers': 3, 'dropout': 0.13867629281068194, 'input_chunk_length': 75, 'learning_rate': 0.0005345722549344307, 'batch_size': 64}. Best is trial 1 with value: 0.06816989183425903.
GPU available: False, used: False
TPU available: False, using: 0 TPU cores
HPU available: False, using: 0 HPUs
SLURM auto-requeueing enabled. Setting signal handlers.
Monitored metric train_loss did not improve in the last 82 records. Best score: 0.044. Signaling Trainer to stop.
GPU available: False, used: False
TPU available: False, using: 0 TPU cores
HPU available: False, using: 0 HPUs
SLURM auto-requeueing enabled. Setting signal handlers.
[I 2024-10-23 14:56:55,195] Trial 23 finished with value: 0.21668829023838043 and parameters: {'hidden_dim': 215, 'n_layers': 2, 'dropout': 0.0009325820342405006, 'input_chunk_length': 94, 'learning_rate': 0.00023039448531357256, 'batch_size': 64}. Best is trial 1 with value: 0.06816989183425903.
GPU available: False, used: False
TPU available: False, using: 0 TPU cores
HPU available: False, using: 0 HPUs
SLURM auto-requeueing enabled. Setting signal handlers.
Monitored metric train_loss did not improve in the last 83 records. Best score: 0.044. Signaling Trainer to stop.
GPU available: False, used: False
TPU available: False, using: 0 TPU cores
HPU available: False, using: 0 HPUs
SLURM auto-requeueing enabled. Setting signal handlers.
[I 2024-10-23 14:57:58,974] Trial 24 finished with value: 0.2587488889694214 and parameters: {'hidden_dim': 142, 'n_layers': 3, 'dropout': 0.05395353555566741, 'input_chunk_length': 42, 'learning_rate': 0.0006053343804143487, 'batch_size': 64}. Best is trial 1 with value: 0.06816989183425903.
GPU available: False, used: False
TPU available: False, using: 0 TPU cores
HPU available: False, using: 0 HPUs
SLURM auto-requeueing enabled. Setting signal handlers.
Monitored metric train_loss did not improve in the last 84 records. Best score: 0.044. Signaling Trainer to stop.
GPU available: False, used: False
TPU available: False, using: 0 TPU cores
HPU available: False, using: 0 HPUs
SLURM auto-requeueing enabled. Setting signal handlers.
[I 2024-10-23 14:59:41,455] Trial 25 finished with value: 0.3600347638130188 and parameters: {'hidden_dim': 165, 'n_layers': 4, 'dropout': 0.12132495362763121, 'input_chunk_length': 65, 'learning_rate': 7.534153053957781e-05, 'batch_size': 64}. Best is trial 1 with value: 0.06816989183425903.
GPU available: False, used: False
TPU available: False, using: 0 TPU cores
HPU available: False, using: 0 HPUs
SLURM auto-requeueing enabled. Setting signal handlers.
Monitored metric train_loss did not improve in the last 85 records. Best score: 0.044. Signaling Trainer to stop.
GPU available: False, used: False
TPU available: False, using: 0 TPU cores
HPU available: False, using: 0 HPUs
SLURM auto-requeueing enabled. Setting signal handlers.
[I 2024-10-23 15:01:38,275] Trial 26 finished with value: 0.2920011579990387 and parameters: {'hidden_dim': 188, 'n_layers': 2, 'dropout': 0.047436687073481226, 'input_chunk_length': 75, 'learning_rate': 0.00026559609284370185, 'batch_size': 64}. Best is trial 1 with value: 0.06816989183425903.
GPU available: False, used: False
TPU available: False, using: 0 TPU cores
HPU available: False, using: 0 HPUs
SLURM auto-requeueing enabled. Setting signal handlers.
Monitored metric train_loss did not improve in the last 86 records. Best score: 0.044. Signaling Trainer to stop.
GPU available: False, used: False
TPU available: False, using: 0 TPU cores
HPU available: False, using: 0 HPUs
SLURM auto-requeueing enabled. Setting signal handlers.
