[I 2024-11-01 15:23:38,717] Trial 85 finished with value: 0.26690709590911865 and parameters: {'hidden_dim': 159, 'n_layers': 6, 'dropout': 0.4989648237741266, 'input_chunk_length': 9, 'learning_rate': 0.001975318544833434, 'batch_size': 64}. Best is trial 0 with value: 0.08160930126905441.
GPU available: False, used: False
TPU available: False, using: 0 TPU cores
HPU available: False, using: 0 HPUs
SLURM auto-requeueing enabled. Setting signal handlers.
Monitored metric train_loss did not improve in the last 115 records. Best score: 0.038. Signaling Trainer to stop.
GPU available: False, used: False
TPU available: False, using: 0 TPU cores
HPU available: False, using: 0 HPUs
SLURM auto-requeueing enabled. Setting signal handlers.
[I 2024-11-01 15:24:05,482] Trial 86 finished with value: 0.18894627690315247 and parameters: {'hidden_dim': 171, 'n_layers': 2, 'dropout': 0.42489643558986795, 'input_chunk_length': 4, 'learning_rate': 0.0011328314337161046, 'batch_size': 32}. Best is trial 0 with value: 0.08160930126905441.
GPU available: False, used: False
TPU available: False, using: 0 TPU cores
HPU available: False, using: 0 HPUs
SLURM auto-requeueing enabled. Setting signal handlers.
Monitored metric train_loss did not improve in the last 116 records. Best score: 0.038. Signaling Trainer to stop.
GPU available: False, used: False
TPU available: False, using: 0 TPU cores
HPU available: False, using: 0 HPUs
SLURM auto-requeueing enabled. Setting signal handlers.
[I 2024-11-01 15:24:36,584] Trial 87 finished with value: 0.20654866099357605 and parameters: {'hidden_dim': 187, 'n_layers': 6, 'dropout': 0.4384187541692817, 'input_chunk_length': 2, 'learning_rate': 0.0013228360648833617, 'batch_size': 32}. Best is trial 0 with value: 0.08160930126905441.
GPU available: False, used: False
TPU available: False, using: 0 TPU cores
HPU available: False, using: 0 HPUs
SLURM auto-requeueing enabled. Setting signal handlers.
Monitored metric train_loss did not improve in the last 117 records. Best score: 0.038. Signaling Trainer to stop.
GPU available: False, used: False
TPU available: False, using: 0 TPU cores
HPU available: False, using: 0 HPUs
SLURM auto-requeueing enabled. Setting signal handlers.
[I 2024-11-01 15:25:06,674] Trial 88 finished with value: 0.30094292759895325 and parameters: {'hidden_dim': 172, 'n_layers': 6, 'dropout': 0.4671053001915108, 'input_chunk_length': 3, 'learning_rate': 0.0006697106854770222, 'batch_size': 32}. Best is trial 0 with value: 0.08160930126905441.
GPU available: False, used: False
TPU available: False, using: 0 TPU cores
HPU available: False, using: 0 HPUs
SLURM auto-requeueing enabled. Setting signal handlers.
Monitored metric train_loss did not improve in the last 118 records. Best score: 0.038. Signaling Trainer to stop.
GPU available: False, used: False
TPU available: False, using: 0 TPU cores
HPU available: False, using: 0 HPUs
SLURM auto-requeueing enabled. Setting signal handlers.
[I 2024-11-01 15:25:54,758] Trial 89 finished with value: 0.18140283226966858 and parameters: {'hidden_dim': 188, 'n_layers': 6, 'dropout': 0.44182859685632947, 'input_chunk_length': 16, 'learning_rate': 0.0011839500799688896, 'batch_size': 32}. Best is trial 0 with value: 0.08160930126905441.
GPU available: False, used: False
TPU available: False, using: 0 TPU cores
HPU available: False, using: 0 HPUs
SLURM auto-requeueing enabled. Setting signal handlers.
Monitored metric train_loss did not improve in the last 119 records. Best score: 0.038. Signaling Trainer to stop.
GPU available: False, used: False
TPU available: False, using: 0 TPU cores
HPU available: False, using: 0 HPUs
SLURM auto-requeueing enabled. Setting signal handlers.
[I 2024-11-01 15:26:29,349] Trial 90 finished with value: 0.1709974706172943 and parameters: {'hidden_dim': 185, 'n_layers': 6, 'dropout': 0.4421220807250188, 'input_chunk_length': 5, 'learning_rate': 0.0011311200901174055, 'batch_size': 32}. Best is trial 0 with value: 0.08160930126905441.
GPU available: False, used: False
TPU available: False, using: 0 TPU cores
HPU available: False, using: 0 HPUs
SLURM auto-requeueing enabled. Setting signal handlers.
Monitored metric train_loss did not improve in the last 120 records. Best score: 0.038. Signaling Trainer to stop.
GPU available: False, used: False
TPU available: False, using: 0 TPU cores
HPU available: False, using: 0 HPUs
SLURM auto-requeueing enabled. Setting signal handlers.
[I 2024-11-01 15:27:12,406] Trial 91 finished with value: 0.2728562653064728 and parameters: {'hidden_dim': 180, 'n_layers': 6, 'dropout': 0.43927152213843546, 'input_chunk_length': 13, 'learning_rate': 0.00116889546805256, 'batch_size': 32}. Best is trial 0 with value: 0.08160930126905441.
GPU available: False, used: False
TPU available: False, using: 0 TPU cores
HPU available: False, using: 0 HPUs
SLURM auto-requeueing enabled. Setting signal handlers.
Monitored metric train_loss did not improve in the last 121 records. Best score: 0.038. Signaling Trainer to stop.
GPU available: False, used: False
TPU available: False, using: 0 TPU cores
HPU available: False, using: 0 HPUs
SLURM auto-requeueing enabled. Setting signal handlers.
[I 2024-11-01 15:27:46,171] Trial 92 finished with value: 0.17277869582176208 and parameters: {'hidden_dim': 184, 'n_layers': 6, 'dropout': 0.42244331205153024, 'input_chunk_length': 5, 'learning_rate': 0.0013882800336165008, 'batch_size': 32}. Best is trial 0 with value: 0.08160930126905441.
GPU available: False, used: False
TPU available: False, using: 0 TPU cores
HPU available: False, using: 0 HPUs
SLURM auto-requeueing enabled. Setting signal handlers.
Monitored metric train_loss did not improve in the last 122 records. Best score: 0.038. Signaling Trainer to stop.
GPU available: False, used: False
TPU available: False, using: 0 TPU cores
HPU available: False, using: 0 HPUs
SLURM auto-requeueing enabled. Setting signal handlers.
[I 2024-11-01 15:28:19,834] Trial 93 finished with value: 0.3217233419418335 and parameters: {'hidden_dim': 171, 'n_layers': 6, 'dropout': 0.4202188279767759, 'input_chunk_length': 6, 'learning_rate': 0.001570815502511609, 'batch_size': 32}. Best is trial 0 with value: 0.08160930126905441.
GPU available: False, used: False
TPU available: False, using: 0 TPU cores
HPU available: False, using: 0 HPUs
SLURM auto-requeueing enabled. Setting signal handlers.
Monitored metric train_loss did not improve in the last 123 records. Best score: 0.038. Signaling Trainer to stop.
GPU available: False, used: False
TPU available: False, using: 0 TPU cores
HPU available: False, using: 0 HPUs
SLURM auto-requeueing enabled. Setting signal handlers.
[I 2024-11-01 15:28:58,821] Trial 94 finished with value: 0.28352221846580505 and parameters: {'hidden_dim': 201, 'n_layers': 6, 'dropout': 0.4562461235379168, 'input_chunk_length': 7, 'learning_rate': 0.0011165655297202901, 'batch_size': 32}. Best is trial 0 with value: 0.08160930126905441.
GPU available: False, used: False
TPU available: False, using: 0 TPU cores
HPU available: False, using: 0 HPUs
SLURM auto-requeueing enabled. Setting signal handlers.
Monitored metric train_loss did not improve in the last 124 records. Best score: 0.038. Signaling Trainer to stop.
GPU available: False, used: False
TPU available: False, using: 0 TPU cores
HPU available: False, using: 0 HPUs
SLURM auto-requeueing enabled. Setting signal handlers.
[I 2024-11-01 15:29:43,607] Trial 95 finished with value: 0.30365973711013794 and parameters: {'hidden_dim': 165, 'n_layers': 6, 'dropout': 0.4754623783422713, 'input_chunk_length': 17, 'learning_rate': 0.0008701191460787356, 'batch_size': 32}. Best is trial 0 with value: 0.08160930126905441.
GPU available: False, used: False
TPU available: False, using: 0 TPU cores
HPU available: False, using: 0 HPUs
SLURM auto-requeueing enabled. Setting signal handlers.
Monitored metric train_loss did not improve in the last 125 records. Best score: 0.038. Signaling Trainer to stop.
GPU available: False, used: False
TPU available: False, using: 0 TPU cores
HPU available: False, using: 0 HPUs
SLURM auto-requeueing enabled. Setting signal handlers.
[I 2024-11-01 15:30:29,566] Trial 96 finished with value: 0.2662261724472046 and parameters: {'hidden_dim': 185, 'n_layers': 6, 'dropout': 0.4254999846445009, 'input_chunk_length': 14, 'learning_rate': 0.0028043281596929117, 'batch_size': 32}. Best is trial 0 with value: 0.08160930126905441.
GPU available: False, used: False
TPU available: False, using: 0 TPU cores
HPU available: False, using: 0 HPUs
SLURM auto-requeueing enabled. Setting signal handlers.
Monitored metric train_loss did not improve in the last 126 records. Best score: 0.038. Signaling Trainer to stop.
GPU available: False, used: False
TPU available: False, using: 0 TPU cores
HPU available: False, using: 0 HPUs
SLURM auto-requeueing enabled. Setting signal handlers.
[I 2024-11-01 15:31:06,985] Trial 97 finished with value: 0.19846367835998535 and parameters: {'hidden_dim': 180, 'n_layers': 5, 'dropout': 0.4115284840040656, 'input_chunk_length': 9, 'learning_rate': 0.0006907531946092095, 'batch_size': 32}. Best is trial 0 with value: 0.08160930126905441.
GPU available: False, used: False
TPU available: False, using: 0 TPU cores
HPU available: False, using: 0 HPUs
SLURM auto-requeueing enabled. Setting signal handlers.
Monitored metric train_loss did not improve in the last 127 records. Best score: 0.038. Signaling Trainer to stop.
GPU available: False, used: False
TPU available: False, using: 0 TPU cores
HPU available: False, using: 0 HPUs
SLURM auto-requeueing enabled. Setting signal handlers.
[I 2024-11-01 15:31:58,956] Trial 98 finished with value: 0.3696412146091461 and parameters: {'hidden_dim': 193, 'n_layers': 6, 'dropout': 0.447544209686176, 'input_chunk_length': 15, 'learning_rate': 2.4625105072486338e-05, 'batch_size': 32}. Best is trial 0 with value: 0.08160930126905441.
GPU available: False, used: False
TPU available: False, using: 0 TPU cores
HPU available: False, using: 0 HPUs
SLURM auto-requeueing enabled. Setting signal handlers.
Monitored metric train_loss did not improve in the last 128 records. Best score: 0.038. Signaling Trainer to stop.
GPU available: False, used: False
TPU available: False, using: 0 TPU cores
HPU available: False, using: 0 HPUs
SLURM auto-requeueing enabled. Setting signal handlers.
[I 2024-11-01 15:32:42,630] Trial 99 finished with value: 0.184671089053154 and parameters: {'hidden_dim': 199, 'n_layers': 6, 'dropout': 0.3737905694956788, 'input_chunk_length': 6, 'learning_rate': 0.0032744368939106473, 'batch_size': 32}. Best is trial 0 with value: 0.08160930126905441.
GPU available: False, used: False
TPU available: False, using: 0 TPU cores
HPU available: False, using: 0 HPUs
SLURM auto-requeueing enabled. Setting signal handlers.
Monitored metric train_loss did not improve in the last 129 records. Best score: 0.038. Signaling Trainer to stop.
GPU available: False, used: False
TPU available: False, using: 0 TPU cores
HPU available: False, using: 0 HPUs
SLURM auto-requeueing enabled. Setting signal handlers.
[I 2024-11-01 15:33:26,126] Trial 100 finished with value: 0.1758367270231247 and parameters: {'hidden_dim': 197, 'n_layers': 5, 'dropout': 0.42808019225545874, 'input_chunk_length': 11, 'learning_rate': 0.0066918219309443335, 'batch_size': 32}. Best is trial 0 with value: 0.08160930126905441.
GPU available: False, used: False
TPU available: False, using: 0 TPU cores
HPU available: False, using: 0 HPUs
SLURM auto-requeueing enabled. Setting signal handlers.
Monitored metric train_loss did not improve in the last 130 records. Best score: 0.038. Signaling Trainer to stop.
GPU available: False, used: False
TPU available: False, using: 0 TPU cores
HPU available: False, using: 0 HPUs
SLURM auto-requeueing enabled. Setting signal handlers.
[I 2024-11-01 15:34:01,483] Trial 101 finished with value: 0.3218954801559448 and parameters: {'hidden_dim': 200, 'n_layers': 5, 'dropout': 0.43103902253044657, 'input_chunk_length': 5, 'learning_rate': 0.0033849697679800106, 'batch_size': 32}. Best is trial 0 with value: 0.08160930126905441.
GPU available: False, used: False
TPU available: False, using: 0 TPU cores
HPU available: False, using: 0 HPUs
SLURM auto-requeueing enabled. Setting signal handlers.
Monitored metric train_loss did not improve in the last 131 records. Best score: 0.038. Signaling Trainer to stop.
GPU available: False, used: False
TPU available: False, using: 0 TPU cores
HPU available: False, using: 0 HPUs
SLURM auto-requeueing enabled. Setting signal handlers.
[I 2024-11-01 15:34:49,137] Trial 102 finished with value: 0.5899865627288818 and parameters: {'hidden_dim': 189, 'n_layers': 6, 'dropout': 0.37568910611559375, 'input_chunk_length': 12, 'learning_rate': 0.00798081997949742, 'batch_size': 32}. Best is trial 0 with value: 0.08160930126905441.
GPU available: False, used: False
TPU available: False, using: 0 TPU cores
HPU available: False, using: 0 HPUs
SLURM auto-requeueing enabled. Setting signal handlers.
Monitored metric train_loss did not improve in the last 132 records. Best score: 0.038. Signaling Trainer to stop.
GPU available: False, used: False
TPU available: False, using: 0 TPU cores
HPU available: False, using: 0 HPUs
SLURM auto-requeueing enabled. Setting signal handlers.
[I 2024-11-01 15:35:27,417] Trial 103 finished with value: 0.30734217166900635 and parameters: {'hidden_dim': 197, 'n_layers': 6, 'dropout': 0.40222413221962855, 'input_chunk_length': 2, 'learning_rate': 0.003876826186744959, 'batch_size': 32}. Best is trial 0 with value: 0.08160930126905441.
GPU available: False, used: False
TPU available: False, using: 0 TPU cores
HPU available: False, using: 0 HPUs
SLURM auto-requeueing enabled. Setting signal handlers.
Monitored metric train_loss did not improve in the last 133 records. Best score: 0.038. Signaling Trainer to stop.
GPU available: False, used: False
TPU available: False, using: 0 TPU cores
HPU available: False, using: 0 HPUs
SLURM auto-requeueing enabled. Setting signal handlers.
[I 2024-11-01 15:36:07,200] Trial 104 finished with value: 0.43439367413520813 and parameters: {'hidden_dim': 176, 'n_layers': 6, 'dropout': 0.4192840921256157, 'input_chunk_length': 10, 'learning_rate': 0.007040753323940155, 'batch_size': 32}. Best is trial 0 with value: 0.08160930126905441.
GPU available: False, used: False
TPU available: False, using: 0 TPU cores
HPU available: False, using: 0 HPUs
SLURM auto-requeueing enabled. Setting signal handlers.
Monitored metric train_loss did not improve in the last 134 records. Best score: 0.038. Signaling Trainer to stop.
GPU available: False, used: False
TPU available: False, using: 0 TPU cores
HPU available: False, using: 0 HPUs
SLURM auto-requeueing enabled. Setting signal handlers.
[I 2024-11-01 15:37:03,736] Trial 105 finished with value: 0.26694613695144653 and parameters: {'hidden_dim': 193, 'n_layers': 6, 'dropout': 0.46265743094544726, 'input_chunk_length': 20, 'learning_rate': 0.005742747134068314, 'batch_size': 32}. Best is trial 0 with value: 0.08160930126905441.
GPU available: False, used: False
TPU available: False, using: 0 TPU cores
HPU available: False, using: 0 HPUs
SLURM auto-requeueing enabled. Setting signal handlers.
Monitored metric train_loss did not improve in the last 135 records. Best score: 0.038. Signaling Trainer to stop.
GPU available: False, used: False
TPU available: False, using: 0 TPU cores
HPU available: False, using: 0 HPUs
SLURM auto-requeueing enabled. Setting signal handlers.
[I 2024-11-01 15:37:50,335] Trial 106 finished with value: 0.21289271116256714 and parameters: {'hidden_dim': 184, 'n_layers': 6, 'dropout': 0.4409694172566831, 'input_chunk_length': 15, 'learning_rate': 0.005255984836153024, 'batch_size': 32}. Best is trial 0 with value: 0.08160930126905441.
GPU available: False, used: False
TPU available: False, using: 0 TPU cores
HPU available: False, using: 0 HPUs
SLURM auto-requeueing enabled. Setting signal handlers.
Monitored metric train_loss did not improve in the last 136 records. Best score: 0.038. Signaling Trainer to stop.
GPU available: False, used: False
TPU available: False, using: 0 TPU cores
HPU available: False, using: 0 HPUs
SLURM auto-requeueing enabled. Setting signal handlers.
[I 2024-11-01 15:38:29,030] Trial 107 finished with value: 0.302174836397171 and parameters: {'hidden_dim': 214, 'n_layers': 5, 'dropout': 0.385062237658836, 'input_chunk_length': 6, 'learning_rate': 0.0025099317874205957, 'batch_size': 32}. Best is trial 0 with value: 0.08160930126905441.
GPU available: False, used: False
TPU available: False, using: 0 TPU cores
HPU available: False, using: 0 HPUs
SLURM auto-requeueing enabled. Setting signal handlers.
Monitored metric train_loss did not improve in the last 137 records. Best score: 0.038. Signaling Trainer to stop.
GPU available: False, used: False
TPU available: False, using: 0 TPU cores
HPU available: False, using: 0 HPUs
SLURM auto-requeueing enabled. Setting signal handlers.
[I 2024-11-01 15:39:03,430] Trial 108 finished with value: 0.3042312562465668 and parameters: {'hidden_dim': 204, 'n_layers': 4, 'dropout': 0.4857808171270274, 'input_chunk_length': 5, 'learning_rate': 0.009087767731705458, 'batch_size': 32}. Best is trial 0 with value: 0.08160930126905441.
GPU available: False, used: False
TPU available: False, using: 0 TPU cores
HPU available: False, using: 0 HPUs
SLURM auto-requeueing enabled. Setting signal handlers.
Monitored metric train_loss did not improve in the last 138 records. Best score: 0.038. Signaling Trainer to stop.
GPU available: False, used: False
TPU available: False, using: 0 TPU cores
HPU available: False, using: 0 HPUs
SLURM auto-requeueing enabled. Setting signal handlers.
[I 2024-11-01 15:39:32,385] Trial 109 finished with value: 0.3165373206138611 and parameters: {'hidden_dim': 72, 'n_layers': 6, 'dropout': 0.4026371202840251, 'input_chunk_length': 17, 'learning_rate': 0.0013797971247977532, 'batch_size': 32}. Best is trial 0 with value: 0.08160930126905441.
GPU available: False, used: False
TPU available: False, using: 0 TPU cores
HPU available: False, using: 0 HPUs
SLURM auto-requeueing enabled. Setting signal handlers.
Monitored metric train_loss did not improve in the last 139 records. Best score: 0.038. Signaling Trainer to stop.
GPU available: False, used: False
TPU available: False, using: 0 TPU cores
HPU available: False, using: 0 HPUs
SLURM auto-requeueing enabled. Setting signal handlers.
[I 2024-11-01 15:40:17,006] Trial 110 finished with value: 0.23279303312301636 and parameters: {'hidden_dim': 219, 'n_layers': 6, 'dropout': 0.42913441549055037, 'input_chunk_length': 8, 'learning_rate': 0.004866443199834964, 'batch_size': 32}. Best is trial 0 with value: 0.08160930126905441.
GPU available: False, used: False
TPU available: False, using: 0 TPU cores
HPU available: False, using: 0 HPUs
SLURM auto-requeueing enabled. Setting signal handlers.
Monitored metric train_loss did not improve in the last 140 records. Best score: 0.038. Signaling Trainer to stop.
GPU available: False, used: False
TPU available: False, using: 0 TPU cores
HPU available: False, using: 0 HPUs
SLURM auto-requeueing enabled. Setting signal handlers.
[I 2024-11-01 15:42:21,580] Trial 111 finished with value: 0.2908916175365448 and parameters: {'hidden_dim': 190, 'n_layers': 6, 'dropout': 0.41567181168851686, 'input_chunk_length': 72, 'learning_rate': 0.0021087788151541763, 'batch_size': 32}. Best is trial 0 with value: 0.08160930126905441.
GPU available: False, used: False
TPU available: False, using: 0 TPU cores
HPU available: False, using: 0 HPUs
SLURM auto-requeueing enabled. Setting signal handlers.
Monitored metric train_loss did not improve in the last 141 records. Best score: 0.038. Signaling Trainer to stop.
GPU available: False, used: False
TPU available: False, using: 0 TPU cores
HPU available: False, using: 0 HPUs
SLURM auto-requeueing enabled. Setting signal handlers.
[I 2024-11-01 15:43:24,446] Trial 112 finished with value: 0.3817926049232483 and parameters: {'hidden_dim': 200, 'n_layers': 6, 'dropout': 0.45490342570248044, 'input_chunk_length': 25, 'learning_rate': 0.0033187062492350404, 'batch_size': 32}. Best is trial 0 with value: 0.08160930126905441.
GPU available: False, used: False
TPU available: False, using: 0 TPU cores
HPU available: False, using: 0 HPUs
SLURM auto-requeueing enabled. Setting signal handlers.
Monitored metric train_loss did not improve in the last 142 records. Best score: 0.038. Signaling Trainer to stop.
GPU available: False, used: False
TPU available: False, using: 0 TPU cores
HPU available: False, using: 0 HPUs
SLURM auto-requeueing enabled. Setting signal handlers.
[I 2024-11-01 15:44:04,039] Trial 113 finished with value: 0.1588880568742752 and parameters: {'hidden_dim': 178, 'n_layers': 5, 'dropout': 0.43102699755885915, 'input_chunk_length': 11, 'learning_rate': 0.0016919083096821061, 'batch_size': 32}. Best is trial 0 with value: 0.08160930126905441.
GPU available: False, used: False
TPU available: False, using: 0 TPU cores
HPU available: False, using: 0 HPUs
SLURM auto-requeueing enabled. Setting signal handlers.
Monitored metric train_loss did not improve in the last 143 records. Best score: 0.038. Signaling Trainer to stop.
GPU available: False, used: False
TPU available: False, using: 0 TPU cores
HPU available: False, using: 0 HPUs
SLURM auto-requeueing enabled. Setting signal handlers.
