[I 2024-11-01 16:27:54,628] Trial 172 finished with value: 0.20795013010501862 and parameters: {'hidden_dim': 155, 'n_layers': 2, 'dropout': 0.2888533550834886, 'input_chunk_length': 6, 'learning_rate': 0.0009423854503319047, 'batch_size': 32}. Best is trial 0 with value: 0.08160930126905441.
GPU available: False, used: False
TPU available: False, using: 0 TPU cores
HPU available: False, using: 0 HPUs
SLURM auto-requeueing enabled. Setting signal handlers.
Monitored metric train_loss did not improve in the last 202 records. Best score: 0.038. Signaling Trainer to stop.
GPU available: False, used: False
TPU available: False, using: 0 TPU cores
HPU available: False, using: 0 HPUs
SLURM auto-requeueing enabled. Setting signal handlers.
[I 2024-11-01 16:28:23,688] Trial 173 finished with value: 0.25461044907569885 and parameters: {'hidden_dim': 136, 'n_layers': 2, 'dropout': 0.31894155116326794, 'input_chunk_length': 10, 'learning_rate': 0.0014231454469772501, 'batch_size': 32}. Best is trial 0 with value: 0.08160930126905441.
GPU available: False, used: False
TPU available: False, using: 0 TPU cores
HPU available: False, using: 0 HPUs
SLURM auto-requeueing enabled. Setting signal handlers.
Monitored metric train_loss did not improve in the last 203 records. Best score: 0.038. Signaling Trainer to stop.
GPU available: False, used: False
TPU available: False, using: 0 TPU cores
HPU available: False, using: 0 HPUs
SLURM auto-requeueing enabled. Setting signal handlers.
[I 2024-11-01 16:28:50,567] Trial 174 finished with value: 0.25395309925079346 and parameters: {'hidden_dim': 144, 'n_layers': 3, 'dropout': 0.26171263974905834, 'input_chunk_length': 5, 'learning_rate': 0.001110271002558861, 'batch_size': 32}. Best is trial 0 with value: 0.08160930126905441.
GPU available: False, used: False
TPU available: False, using: 0 TPU cores
HPU available: False, using: 0 HPUs
SLURM auto-requeueing enabled. Setting signal handlers.
Monitored metric train_loss did not improve in the last 204 records. Best score: 0.038. Signaling Trainer to stop.
GPU available: False, used: False
TPU available: False, using: 0 TPU cores
HPU available: False, using: 0 HPUs
SLURM auto-requeueing enabled. Setting signal handlers.
[I 2024-11-01 16:29:19,781] Trial 175 finished with value: 0.22132204473018646 and parameters: {'hidden_dim': 156, 'n_layers': 1, 'dropout': 0.2760434207973632, 'input_chunk_length': 9, 'learning_rate': 0.0016769487838078252, 'batch_size': 32}. Best is trial 0 with value: 0.08160930126905441.
GPU available: False, used: False
TPU available: False, using: 0 TPU cores
HPU available: False, using: 0 HPUs
SLURM auto-requeueing enabled. Setting signal handlers.
Monitored metric train_loss did not improve in the last 205 records. Best score: 0.038. Signaling Trainer to stop.
GPU available: False, used: False
TPU available: False, using: 0 TPU cores
HPU available: False, using: 0 HPUs
SLURM auto-requeueing enabled. Setting signal handlers.
[I 2024-11-01 16:29:49,534] Trial 176 finished with value: 0.28568822145462036 and parameters: {'hidden_dim': 148, 'n_layers': 6, 'dropout': 0.2918791461030535, 'input_chunk_length': 4, 'learning_rate': 0.0012316591961067252, 'batch_size': 32}. Best is trial 0 with value: 0.08160930126905441.
GPU available: False, used: False
TPU available: False, using: 0 TPU cores
HPU available: False, using: 0 HPUs
SLURM auto-requeueing enabled. Setting signal handlers.
Monitored metric train_loss did not improve in the last 206 records. Best score: 0.038. Signaling Trainer to stop.
GPU available: False, used: False
TPU available: False, using: 0 TPU cores
HPU available: False, using: 0 HPUs
SLURM auto-requeueing enabled. Setting signal handlers.
[I 2024-11-01 16:30:16,815] Trial 177 finished with value: 0.19946560263633728 and parameters: {'hidden_dim': 138, 'n_layers': 2, 'dropout': 0.25083439011450476, 'input_chunk_length': 7, 'learning_rate': 0.0008497583689572343, 'batch_size': 32}. Best is trial 0 with value: 0.08160930126905441.
GPU available: False, used: False
TPU available: False, using: 0 TPU cores
HPU available: False, using: 0 HPUs
SLURM auto-requeueing enabled. Setting signal handlers.
Monitored metric train_loss did not improve in the last 207 records. Best score: 0.038. Signaling Trainer to stop.
GPU available: False, used: False
TPU available: False, using: 0 TPU cores
HPU available: False, using: 0 HPUs
SLURM auto-requeueing enabled. Setting signal handlers.
[I 2024-11-01 16:30:55,549] Trial 178 finished with value: 0.20063447952270508 and parameters: {'hidden_dim': 153, 'n_layers': 6, 'dropout': 0.269742690524146, 'input_chunk_length': 12, 'learning_rate': 0.0010101194107657082, 'batch_size': 32}. Best is trial 0 with value: 0.08160930126905441.
GPU available: False, used: False
TPU available: False, using: 0 TPU cores
HPU available: False, using: 0 HPUs
SLURM auto-requeueing enabled. Setting signal handlers.
Monitored metric train_loss did not improve in the last 208 records. Best score: 0.038. Signaling Trainer to stop.
GPU available: False, used: False
TPU available: False, using: 0 TPU cores
HPU available: False, using: 0 HPUs
SLURM auto-requeueing enabled. Setting signal handlers.
[I 2024-11-01 16:31:22,626] Trial 179 finished with value: 0.303117960691452 and parameters: {'hidden_dim': 149, 'n_layers': 5, 'dropout': 0.30584196451093065, 'input_chunk_length': 2, 'learning_rate': 0.0006079771840476921, 'batch_size': 32}. Best is trial 0 with value: 0.08160930126905441.
GPU available: False, used: False
TPU available: False, using: 0 TPU cores
HPU available: False, using: 0 HPUs
SLURM auto-requeueing enabled. Setting signal handlers.
Monitored metric train_loss did not improve in the last 209 records. Best score: 0.038. Signaling Trainer to stop.
GPU available: False, used: False
TPU available: False, using: 0 TPU cores
HPU available: False, using: 0 HPUs
SLURM auto-requeueing enabled. Setting signal handlers.
[I 2024-11-01 16:31:53,428] Trial 180 finished with value: 0.20361977815628052 and parameters: {'hidden_dim': 190, 'n_layers': 1, 'dropout': 0.2833134904960054, 'input_chunk_length': 8, 'learning_rate': 0.0014353288341640523, 'batch_size': 32}. Best is trial 0 with value: 0.08160930126905441.
GPU available: False, used: False
TPU available: False, using: 0 TPU cores
HPU available: False, using: 0 HPUs
SLURM auto-requeueing enabled. Setting signal handlers.
Monitored metric train_loss did not improve in the last 210 records. Best score: 0.038. Signaling Trainer to stop.
GPU available: False, used: False
TPU available: False, using: 0 TPU cores
HPU available: False, using: 0 HPUs
SLURM auto-requeueing enabled. Setting signal handlers.
[I 2024-11-01 16:32:20,261] Trial 181 finished with value: 0.29942789673805237 and parameters: {'hidden_dim': 167, 'n_layers': 2, 'dropout': 0.2926622654084846, 'input_chunk_length': 4, 'learning_rate': 0.001147223398772313, 'batch_size': 32}. Best is trial 0 with value: 0.08160930126905441.
GPU available: False, used: False
TPU available: False, using: 0 TPU cores
HPU available: False, using: 0 HPUs
SLURM auto-requeueing enabled. Setting signal handlers.
Monitored metric train_loss did not improve in the last 211 records. Best score: 0.038. Signaling Trainer to stop.
GPU available: False, used: False
TPU available: False, using: 0 TPU cores
HPU available: False, using: 0 HPUs
SLURM auto-requeueing enabled. Setting signal handlers.
[I 2024-11-01 16:32:55,944] Trial 182 finished with value: 0.22249579429626465 and parameters: {'hidden_dim': 179, 'n_layers': 2, 'dropout': 0.4359651917538858, 'input_chunk_length': 7, 'learning_rate': 0.0010212339038093822, 'batch_size': 32}. Best is trial 0 with value: 0.08160930126905441.
GPU available: False, used: False
TPU available: False, using: 0 TPU cores
HPU available: False, using: 0 HPUs
SLURM auto-requeueing enabled. Setting signal handlers.
Monitored metric train_loss did not improve in the last 212 records. Best score: 0.038. Signaling Trainer to stop.
GPU available: False, used: False
TPU available: False, using: 0 TPU cores
HPU available: False, using: 0 HPUs
SLURM auto-requeueing enabled. Setting signal handlers.
[I 2024-11-01 16:33:24,160] Trial 183 finished with value: 0.28632059693336487 and parameters: {'hidden_dim': 181, 'n_layers': 2, 'dropout': 0.455169335291582, 'input_chunk_length': 4, 'learning_rate': 0.0012063458549419807, 'batch_size': 32}. Best is trial 0 with value: 0.08160930126905441.
GPU available: False, used: False
TPU available: False, using: 0 TPU cores
HPU available: False, using: 0 HPUs
SLURM auto-requeueing enabled. Setting signal handlers.
Monitored metric train_loss did not improve in the last 213 records. Best score: 0.038. Signaling Trainer to stop.
GPU available: False, used: False
TPU available: False, using: 0 TPU cores
HPU available: False, using: 0 HPUs
SLURM auto-requeueing enabled. Setting signal handlers.
[I 2024-11-01 16:33:59,387] Trial 184 finished with value: 0.2890166938304901 and parameters: {'hidden_dim': 187, 'n_layers': 2, 'dropout': 0.2812729283624666, 'input_chunk_length': 11, 'learning_rate': 0.004717753534546604, 'batch_size': 32}. Best is trial 0 with value: 0.08160930126905441.
GPU available: False, used: False
TPU available: False, using: 0 TPU cores
HPU available: False, using: 0 HPUs
SLURM auto-requeueing enabled. Setting signal handlers.
Monitored metric train_loss did not improve in the last 214 records. Best score: 0.038. Signaling Trainer to stop.
GPU available: False, used: False
TPU available: False, using: 0 TPU cores
HPU available: False, using: 0 HPUs
SLURM auto-requeueing enabled. Setting signal handlers.
[I 2024-11-01 16:34:25,221] Trial 185 finished with value: 0.2974788546562195 and parameters: {'hidden_dim': 90, 'n_layers': 6, 'dropout': 0.4277832557636546, 'input_chunk_length': 6, 'learning_rate': 0.0008122380589259386, 'batch_size': 32}. Best is trial 0 with value: 0.08160930126905441.
GPU available: False, used: False
TPU available: False, using: 0 TPU cores
HPU available: False, using: 0 HPUs
SLURM auto-requeueing enabled. Setting signal handlers.
Monitored metric train_loss did not improve in the last 215 records. Best score: 0.038. Signaling Trainer to stop.
GPU available: False, used: False
TPU available: False, using: 0 TPU cores
HPU available: False, using: 0 HPUs
SLURM auto-requeueing enabled. Setting signal handlers.
[I 2024-11-01 16:34:56,915] Trial 186 finished with value: 0.20515362918376923 and parameters: {'hidden_dim': 159, 'n_layers': 2, 'dropout': 0.31200884707037424, 'input_chunk_length': 10, 'learning_rate': 0.001623688171101616, 'batch_size': 32}. Best is trial 0 with value: 0.08160930126905441.
GPU available: False, used: False
TPU available: False, using: 0 TPU cores
HPU available: False, using: 0 HPUs
SLURM auto-requeueing enabled. Setting signal handlers.
Monitored metric train_loss did not improve in the last 216 records. Best score: 0.038. Signaling Trainer to stop.
GPU available: False, used: False
TPU available: False, using: 0 TPU cores
HPU available: False, using: 0 HPUs
SLURM auto-requeueing enabled. Setting signal handlers.
[I 2024-11-01 16:37:01,868] Trial 187 finished with value: 0.2213270217180252 and parameters: {'hidden_dim': 194, 'n_layers': 1, 'dropout': 0.41917155418786756, 'input_chunk_length': 101, 'learning_rate': 0.001365379500918226, 'batch_size': 32}. Best is trial 0 with value: 0.08160930126905441.
GPU available: False, used: False
TPU available: False, using: 0 TPU cores
HPU available: False, using: 0 HPUs
SLURM auto-requeueing enabled. Setting signal handlers.
Monitored metric train_loss did not improve in the last 217 records. Best score: 0.038. Signaling Trainer to stop.
GPU available: False, used: False
TPU available: False, using: 0 TPU cores
HPU available: False, using: 0 HPUs
SLURM auto-requeueing enabled. Setting signal handlers.
[I 2024-11-01 16:37:28,895] Trial 188 finished with value: 0.17776250839233398 and parameters: {'hidden_dim': 185, 'n_layers': 3, 'dropout': 0.48129712967860183, 'input_chunk_length': 2, 'learning_rate': 0.0009961021262211464, 'batch_size': 32}. Best is trial 0 with value: 0.08160930126905441.
GPU available: False, used: False
TPU available: False, using: 0 TPU cores
HPU available: False, using: 0 HPUs
SLURM auto-requeueing enabled. Setting signal handlers.
Monitored metric train_loss did not improve in the last 218 records. Best score: 0.038. Signaling Trainer to stop.
GPU available: False, used: False
TPU available: False, using: 0 TPU cores
HPU available: False, using: 0 HPUs
SLURM auto-requeueing enabled. Setting signal handlers.
[I 2024-11-01 16:37:52,465] Trial 189 finished with value: 0.28440389037132263 and parameters: {'hidden_dim': 131, 'n_layers': 3, 'dropout': 0.49027508975943035, 'input_chunk_length': 2, 'learning_rate': 0.0009917295153867938, 'batch_size': 32}. Best is trial 0 with value: 0.08160930126905441.
GPU available: False, used: False
TPU available: False, using: 0 TPU cores
HPU available: False, using: 0 HPUs
SLURM auto-requeueing enabled. Setting signal handlers.
Monitored metric train_loss did not improve in the last 219 records. Best score: 0.038. Signaling Trainer to stop.
GPU available: False, used: False
TPU available: False, using: 0 TPU cores
HPU available: False, using: 0 HPUs
SLURM auto-requeueing enabled. Setting signal handlers.
[I 2024-11-01 16:38:33,529] Trial 190 finished with value: 0.3213806748390198 and parameters: {'hidden_dim': 191, 'n_layers': 3, 'dropout': 0.34155234630651415, 'input_chunk_length': 14, 'learning_rate': 0.0007202812637823468, 'batch_size': 32}. Best is trial 0 with value: 0.08160930126905441.
GPU available: False, used: False
TPU available: False, using: 0 TPU cores
HPU available: False, using: 0 HPUs
SLURM auto-requeueing enabled. Setting signal handlers.
Monitored metric train_loss did not improve in the last 220 records. Best score: 0.038. Signaling Trainer to stop.
GPU available: False, used: False
TPU available: False, using: 0 TPU cores
HPU available: False, using: 0 HPUs
SLURM auto-requeueing enabled. Setting signal handlers.
[I 2024-11-01 16:39:03,779] Trial 191 finished with value: 0.18635044991970062 and parameters: {'hidden_dim': 183, 'n_layers': 3, 'dropout': 0.48356307000993776, 'input_chunk_length': 5, 'learning_rate': 0.001257063986221594, 'batch_size': 32}. Best is trial 0 with value: 0.08160930126905441.
GPU available: False, used: False
TPU available: False, using: 0 TPU cores
HPU available: False, using: 0 HPUs
SLURM auto-requeueing enabled. Setting signal handlers.
Monitored metric train_loss did not improve in the last 221 records. Best score: 0.038. Signaling Trainer to stop.
GPU available: False, used: False
TPU available: False, using: 0 TPU cores
HPU available: False, using: 0 HPUs
SLURM auto-requeueing enabled. Setting signal handlers.
[I 2024-11-01 16:39:34,123] Trial 192 finished with value: 0.20734772086143494 and parameters: {'hidden_dim': 184, 'n_layers': 3, 'dropout': 0.4884845931676901, 'input_chunk_length': 6, 'learning_rate': 0.0012893281169416189, 'batch_size': 32}. Best is trial 0 with value: 0.08160930126905441.
GPU available: False, used: False
TPU available: False, using: 0 TPU cores
HPU available: False, using: 0 HPUs
SLURM auto-requeueing enabled. Setting signal handlers.
Monitored metric train_loss did not improve in the last 222 records. Best score: 0.038. Signaling Trainer to stop.
GPU available: False, used: False
TPU available: False, using: 0 TPU cores
HPU available: False, using: 0 HPUs
SLURM auto-requeueing enabled. Setting signal handlers.
[I 2024-11-01 16:40:03,624] Trial 193 finished with value: 0.2238498330116272 and parameters: {'hidden_dim': 145, 'n_layers': 3, 'dropout': 0.48057243462093896, 'input_chunk_length': 8, 'learning_rate': 0.0009302824500026323, 'batch_size': 32}. Best is trial 0 with value: 0.08160930126905441.
GPU available: False, used: False
TPU available: False, using: 0 TPU cores
HPU available: False, using: 0 HPUs
SLURM auto-requeueing enabled. Setting signal handlers.
Monitored metric train_loss did not improve in the last 223 records. Best score: 0.038. Signaling Trainer to stop.
GPU available: False, used: False
TPU available: False, using: 0 TPU cores
HPU available: False, using: 0 HPUs
SLURM auto-requeueing enabled. Setting signal handlers.
[I 2024-11-01 16:40:33,634] Trial 194 finished with value: 0.1902039796113968 and parameters: {'hidden_dim': 188, 'n_layers': 3, 'dropout': 0.4794934986100915, 'input_chunk_length': 5, 'learning_rate': 0.0010944453943837298, 'batch_size': 32}. Best is trial 0 with value: 0.08160930126905441.
GPU available: False, used: False
TPU available: False, using: 0 TPU cores
HPU available: False, using: 0 HPUs
SLURM auto-requeueing enabled. Setting signal handlers.
Monitored metric train_loss did not improve in the last 224 records. Best score: 0.038. Signaling Trainer to stop.
GPU available: False, used: False
TPU available: False, using: 0 TPU cores
HPU available: False, using: 0 HPUs
SLURM auto-requeueing enabled. Setting signal handlers.
[I 2024-11-01 16:41:10,898] Trial 195 finished with value: 0.22324123978614807 and parameters: {'hidden_dim': 201, 'n_layers': 3, 'dropout': 0.49836115129519964, 'input_chunk_length': 10, 'learning_rate': 0.0008118398054558203, 'batch_size': 32}. Best is trial 0 with value: 0.08160930126905441.
GPU available: False, used: False
TPU available: False, using: 0 TPU cores
HPU available: False, using: 0 HPUs
SLURM auto-requeueing enabled. Setting signal handlers.
Monitored metric train_loss did not improve in the last 225 records. Best score: 0.038. Signaling Trainer to stop.
GPU available: False, used: False
TPU available: False, using: 0 TPU cores
HPU available: False, using: 0 HPUs
SLURM auto-requeueing enabled. Setting signal handlers.
[I 2024-11-01 16:41:38,061] Trial 196 finished with value: 0.2783544659614563 and parameters: {'hidden_dim': 193, 'n_layers': 3, 'dropout': 0.4721187796676058, 'input_chunk_length': 2, 'learning_rate': 0.0015241894110277346, 'batch_size': 32}. Best is trial 0 with value: 0.08160930126905441.
GPU available: False, used: False
TPU available: False, using: 0 TPU cores
HPU available: False, using: 0 HPUs
SLURM auto-requeueing enabled. Setting signal handlers.
Monitored metric train_loss did not improve in the last 226 records. Best score: 0.038. Signaling Trainer to stop.
GPU available: False, used: False
TPU available: False, using: 0 TPU cores
HPU available: False, using: 0 HPUs
SLURM auto-requeueing enabled. Setting signal handlers.
[I 2024-11-01 16:42:10,891] Trial 197 finished with value: 0.17715658247470856 and parameters: {'hidden_dim': 152, 'n_layers': 3, 'dropout': 0.29808827589427633, 'input_chunk_length': 12, 'learning_rate': 0.0018585130343483857, 'batch_size': 32}. Best is trial 0 with value: 0.08160930126905441.
GPU available: False, used: False
TPU available: False, using: 0 TPU cores
HPU available: False, using: 0 HPUs
SLURM auto-requeueing enabled. Setting signal handlers.
Monitored metric train_loss did not improve in the last 227 records. Best score: 0.038. Signaling Trainer to stop.
GPU available: False, used: False
TPU available: False, using: 0 TPU cores
HPU available: False, using: 0 HPUs
SLURM auto-requeueing enabled. Setting signal handlers.
[I 2024-11-01 16:42:45,328] Trial 198 finished with value: 0.2349100410938263 and parameters: {'hidden_dim': 153, 'n_layers': 3, 'dropout': 0.45857974358052045, 'input_chunk_length': 13, 'learning_rate': 0.001788013873985001, 'batch_size': 32}. Best is trial 0 with value: 0.08160930126905441.
GPU available: False, used: False
TPU available: False, using: 0 TPU cores
HPU available: False, using: 0 HPUs
SLURM auto-requeueing enabled. Setting signal handlers.
Monitored metric train_loss did not improve in the last 228 records. Best score: 0.038. Signaling Trainer to stop.
GPU available: False, used: False
TPU available: False, using: 0 TPU cores
HPU available: False, using: 0 HPUs
SLURM auto-requeueing enabled. Setting signal handlers.
[I 2024-11-01 16:43:11,233] Trial 199 finished with value: 0.20767059922218323 and parameters: {'hidden_dim': 141, 'n_layers': 3, 'dropout': 0.30241292734334047, 'input_chunk_length': 4, 'learning_rate': 0.0021472608359774915, 'batch_size': 32}. Best is trial 0 with value: 0.08160930126905441.
GPU available: False, used: False
TPU available: False, using: 0 TPU cores
HPU available: False, using: 0 HPUs
SLURM auto-requeueing enabled. Setting signal handlers.
Monitored metric train_loss did not improve in the last 229 records. Best score: 0.038. Signaling Trainer to stop.
GPU available: False, used: False
TPU available: False, using: 0 TPU cores
HPU available: False, using: 0 HPUs
SLURM auto-requeueing enabled. Setting signal handlers.
[I 2024-11-01 16:43:43,547] Trial 200 finished with value: 0.2643674612045288 and parameters: {'hidden_dim': 150, 'n_layers': 3, 'dropout': 0.4695361650773468, 'input_chunk_length': 11, 'learning_rate': 0.0002562014437839921, 'batch_size': 32}. Best is trial 0 with value: 0.08160930126905441.
GPU available: False, used: False
TPU available: False, using: 0 TPU cores
HPU available: False, using: 0 HPUs
SLURM auto-requeueing enabled. Setting signal handlers.
Monitored metric train_loss did not improve in the last 230 records. Best score: 0.038. Signaling Trainer to stop.
GPU available: False, used: False
TPU available: False, using: 0 TPU cores
HPU available: False, using: 0 HPUs
SLURM auto-requeueing enabled. Setting signal handlers.
