[I 2024-10-08 18:03:28,256] Trial 86 finished with value: 0.2210358828306198 and parameters: {'hidden_dim': 25, 'n_layers': 1, 'dropout': 0.2182941671784429, 'learning_rate': 0.05313664907915282, 'batch_size': 16, 'input_chunk_length': 80}. Best is trial 0 with value: 0.10316822677850723.
GPU available: False, used: False
TPU available: False, using: 0 TPU cores
HPU available: False, using: 0 HPUs
SLURM auto-requeueing enabled. Setting signal handlers.
Monitored metric train_loss did not improve in the last 107 records. Best score: 0.039. Signaling Trainer to stop.
GPU available: False, used: False
TPU available: False, using: 0 TPU cores
HPU available: False, using: 0 HPUs
SLURM auto-requeueing enabled. Setting signal handlers.
[I 2024-10-08 18:04:38,344] Trial 87 finished with value: 0.16848358511924744 and parameters: {'hidden_dim': 49, 'n_layers': 3, 'dropout': 0.1334725987942788, 'learning_rate': 0.026450685859072467, 'batch_size': 16, 'input_chunk_length': 86}. Best is trial 0 with value: 0.10316822677850723.
GPU available: False, used: False
TPU available: False, using: 0 TPU cores
HPU available: False, using: 0 HPUs
SLURM auto-requeueing enabled. Setting signal handlers.
Monitored metric train_loss did not improve in the last 108 records. Best score: 0.039. Signaling Trainer to stop.
GPU available: False, used: False
TPU available: False, using: 0 TPU cores
HPU available: False, using: 0 HPUs
SLURM auto-requeueing enabled. Setting signal handlers.
[I 2024-10-08 18:05:43,162] Trial 88 finished with value: 0.17707444727420807 and parameters: {'hidden_dim': 36, 'n_layers': 2, 'dropout': 0.028336347046377126, 'learning_rate': 0.014427609818578683, 'batch_size': 16, 'input_chunk_length': 105}. Best is trial 0 with value: 0.10316822677850723.
GPU available: False, used: False
TPU available: False, using: 0 TPU cores
HPU available: False, using: 0 HPUs
SLURM auto-requeueing enabled. Setting signal handlers.
Monitored metric train_loss did not improve in the last 109 records. Best score: 0.039. Signaling Trainer to stop.
GPU available: False, used: False
TPU available: False, using: 0 TPU cores
HPU available: False, using: 0 HPUs
SLURM auto-requeueing enabled. Setting signal handlers.
[I 2024-10-08 18:06:40,952] Trial 89 finished with value: 0.17964708805084229 and parameters: {'hidden_dim': 30, 'n_layers': 4, 'dropout': 0.20262362088545102, 'learning_rate': 0.0051977488042768485, 'batch_size': 32, 'input_chunk_length': 102}. Best is trial 0 with value: 0.10316822677850723.
GPU available: False, used: False
TPU available: False, using: 0 TPU cores
HPU available: False, using: 0 HPUs
SLURM auto-requeueing enabled. Setting signal handlers.
Monitored metric train_loss did not improve in the last 110 records. Best score: 0.039. Signaling Trainer to stop.
GPU available: False, used: False
TPU available: False, using: 0 TPU cores
HPU available: False, using: 0 HPUs
SLURM auto-requeueing enabled. Setting signal handlers.
[I 2024-10-08 18:08:18,409] Trial 90 finished with value: 0.14217603206634521 and parameters: {'hidden_dim': 55, 'n_layers': 3, 'dropout': 0.011709634330003035, 'learning_rate': 0.003069148168743002, 'batch_size': 16, 'input_chunk_length': 142}. Best is trial 0 with value: 0.10316822677850723.
GPU available: False, used: False
TPU available: False, using: 0 TPU cores
HPU available: False, using: 0 HPUs
SLURM auto-requeueing enabled. Setting signal handlers.
Monitored metric train_loss did not improve in the last 111 records. Best score: 0.039. Signaling Trainer to stop.
GPU available: False, used: False
TPU available: False, using: 0 TPU cores
HPU available: False, using: 0 HPUs
SLURM auto-requeueing enabled. Setting signal handlers.
[I 2024-10-08 18:10:11,773] Trial 91 finished with value: 0.16120588779449463 and parameters: {'hidden_dim': 62, 'n_layers': 3, 'dropout': 0.004919622725134923, 'learning_rate': 0.002975114384181325, 'batch_size': 16, 'input_chunk_length': 159}. Best is trial 0 with value: 0.10316822677850723.
GPU available: False, used: False
TPU available: False, using: 0 TPU cores
HPU available: False, using: 0 HPUs
SLURM auto-requeueing enabled. Setting signal handlers.
Monitored metric train_loss did not improve in the last 112 records. Best score: 0.039. Signaling Trainer to stop.
GPU available: False, used: False
TPU available: False, using: 0 TPU cores
HPU available: False, using: 0 HPUs
SLURM auto-requeueing enabled. Setting signal handlers.
[I 2024-10-08 18:11:24,815] Trial 92 finished with value: 0.1378137767314911 and parameters: {'hidden_dim': 20, 'n_layers': 3, 'dropout': 0.06193857725959965, 'learning_rate': 0.0069643831026492305, 'batch_size': 16, 'input_chunk_length': 143}. Best is trial 0 with value: 0.10316822677850723.
GPU available: False, used: False
TPU available: False, using: 0 TPU cores
HPU available: False, using: 0 HPUs
SLURM auto-requeueing enabled. Setting signal handlers.
Monitored metric train_loss did not improve in the last 113 records. Best score: 0.039. Signaling Trainer to stop.
GPU available: False, used: False
TPU available: False, using: 0 TPU cores
HPU available: False, using: 0 HPUs
SLURM auto-requeueing enabled. Setting signal handlers.
[I 2024-10-08 18:13:08,348] Trial 93 finished with value: 0.162774458527565 and parameters: {'hidden_dim': 57, 'n_layers': 3, 'dropout': 0.08215721258575925, 'learning_rate': 0.0013046488816223186, 'batch_size': 16, 'input_chunk_length': 144}. Best is trial 0 with value: 0.10316822677850723.
GPU available: False, used: False
TPU available: False, using: 0 TPU cores
HPU available: False, using: 0 HPUs
SLURM auto-requeueing enabled. Setting signal handlers.
Monitored metric train_loss did not improve in the last 114 records. Best score: 0.039. Signaling Trainer to stop.
GPU available: False, used: False
TPU available: False, using: 0 TPU cores
HPU available: False, using: 0 HPUs
SLURM auto-requeueing enabled. Setting signal handlers.
[I 2024-10-08 18:14:47,973] Trial 94 finished with value: 0.14651857316493988 and parameters: {'hidden_dim': 55, 'n_layers': 3, 'dropout': 0.06659437924999494, 'learning_rate': 0.006895732328614105, 'batch_size': 16, 'input_chunk_length': 148}. Best is trial 0 with value: 0.10316822677850723.
GPU available: False, used: False
TPU available: False, using: 0 TPU cores
HPU available: False, using: 0 HPUs
SLURM auto-requeueing enabled. Setting signal handlers.
Monitored metric train_loss did not improve in the last 115 records. Best score: 0.039. Signaling Trainer to stop.
GPU available: False, used: False
TPU available: False, using: 0 TPU cores
HPU available: False, using: 0 HPUs
SLURM auto-requeueing enabled. Setting signal handlers.
[I 2024-10-08 18:15:59,613] Trial 95 finished with value: 0.14382575452327728 and parameters: {'hidden_dim': 19, 'n_layers': 3, 'dropout': 0.03280452083119044, 'learning_rate': 0.008105076175277753, 'batch_size': 16, 'input_chunk_length': 155}. Best is trial 0 with value: 0.10316822677850723.
GPU available: False, used: False
TPU available: False, using: 0 TPU cores
HPU available: False, using: 0 HPUs
SLURM auto-requeueing enabled. Setting signal handlers.
Monitored metric train_loss did not improve in the last 116 records. Best score: 0.039. Signaling Trainer to stop.
GPU available: False, used: False
TPU available: False, using: 0 TPU cores
HPU available: False, using: 0 HPUs
SLURM auto-requeueing enabled. Setting signal handlers.
[I 2024-10-08 18:17:12,990] Trial 96 finished with value: 0.13843657076358795 and parameters: {'hidden_dim': 21, 'n_layers': 4, 'dropout': 0.044418985267602226, 'learning_rate': 0.004757662918612091, 'batch_size': 16, 'input_chunk_length': 142}. Best is trial 0 with value: 0.10316822677850723.
GPU available: False, used: False
TPU available: False, using: 0 TPU cores
HPU available: False, using: 0 HPUs
SLURM auto-requeueing enabled. Setting signal handlers.
Monitored metric train_loss did not improve in the last 117 records. Best score: 0.039. Signaling Trainer to stop.
GPU available: False, used: False
TPU available: False, using: 0 TPU cores
HPU available: False, using: 0 HPUs
SLURM auto-requeueing enabled. Setting signal handlers.
[I 2024-10-08 18:18:20,828] Trial 97 finished with value: 0.12717366218566895 and parameters: {'hidden_dim': 17, 'n_layers': 5, 'dropout': 0.05252102958041069, 'learning_rate': 0.0037789400428887916, 'batch_size': 16, 'input_chunk_length': 141}. Best is trial 0 with value: 0.10316822677850723.
GPU available: False, used: False
TPU available: False, using: 0 TPU cores
HPU available: False, using: 0 HPUs
SLURM auto-requeueing enabled. Setting signal handlers.
Monitored metric train_loss did not improve in the last 118 records. Best score: 0.039. Signaling Trainer to stop.
GPU available: False, used: False
TPU available: False, using: 0 TPU cores
HPU available: False, using: 0 HPUs
SLURM auto-requeueing enabled. Setting signal handlers.
[I 2024-10-08 18:19:30,383] Trial 98 finished with value: 0.14603795111179352 and parameters: {'hidden_dim': 18, 'n_layers': 5, 'dropout': 0.09369827612237364, 'learning_rate': 0.00238588034154582, 'batch_size': 16, 'input_chunk_length': 142}. Best is trial 0 with value: 0.10316822677850723.
GPU available: False, used: False
TPU available: False, using: 0 TPU cores
HPU available: False, using: 0 HPUs
SLURM auto-requeueing enabled. Setting signal handlers.
Monitored metric train_loss did not improve in the last 119 records. Best score: 0.039. Signaling Trainer to stop.
GPU available: False, used: False
TPU available: False, using: 0 TPU cores
HPU available: False, using: 0 HPUs
SLURM auto-requeueing enabled. Setting signal handlers.
[I 2024-10-08 18:20:30,774] Trial 99 finished with value: 0.1407463103532791 and parameters: {'hidden_dim': 16, 'n_layers': 6, 'dropout': 0.05771506318940973, 'learning_rate': 0.0032994824243585508, 'batch_size': 16, 'input_chunk_length': 137}. Best is trial 0 with value: 0.10316822677850723.
GPU available: False, used: False
TPU available: False, using: 0 TPU cores
HPU available: False, using: 0 HPUs
SLURM auto-requeueing enabled. Setting signal handlers.
Monitored metric train_loss did not improve in the last 120 records. Best score: 0.039. Signaling Trainer to stop.
GPU available: False, used: False
TPU available: False, using: 0 TPU cores
HPU available: False, using: 0 HPUs
SLURM auto-requeueing enabled. Setting signal handlers.
[I 2024-10-08 18:21:11,992] Trial 100 finished with value: 0.22152471542358398 and parameters: {'hidden_dim': 16, 'n_layers': 6, 'dropout': 0.05850784190702373, 'learning_rate': 0.004052724304056398, 'batch_size': 64, 'input_chunk_length': 134}. Best is trial 0 with value: 0.10316822677850723.
GPU available: False, used: False
TPU available: False, using: 0 TPU cores
HPU available: False, using: 0 HPUs
SLURM auto-requeueing enabled. Setting signal handlers.
Monitored metric train_loss did not improve in the last 121 records. Best score: 0.039. Signaling Trainer to stop.
GPU available: False, used: False
TPU available: False, using: 0 TPU cores
HPU available: False, using: 0 HPUs
SLURM auto-requeueing enabled. Setting signal handlers.
[I 2024-10-08 18:22:29,276] Trial 101 finished with value: 0.13905826210975647 and parameters: {'hidden_dim': 21, 'n_layers': 6, 'dropout': 0.04734243191071941, 'learning_rate': 0.0033222194344099403, 'batch_size': 16, 'input_chunk_length': 152}. Best is trial 0 with value: 0.10316822677850723.
GPU available: False, used: False
TPU available: False, using: 0 TPU cores
HPU available: False, using: 0 HPUs
SLURM auto-requeueing enabled. Setting signal handlers.
Monitored metric train_loss did not improve in the last 122 records. Best score: 0.039. Signaling Trainer to stop.
GPU available: False, used: False
TPU available: False, using: 0 TPU cores
HPU available: False, using: 0 HPUs
SLURM auto-requeueing enabled. Setting signal handlers.
[I 2024-10-08 18:23:46,823] Trial 102 finished with value: 0.1488255113363266 and parameters: {'hidden_dim': 21, 'n_layers': 6, 'dropout': 0.04424201610816328, 'learning_rate': 0.0034571362643409744, 'batch_size': 16, 'input_chunk_length': 154}. Best is trial 0 with value: 0.10316822677850723.
GPU available: False, used: False
TPU available: False, using: 0 TPU cores
HPU available: False, using: 0 HPUs
SLURM auto-requeueing enabled. Setting signal handlers.
Monitored metric train_loss did not improve in the last 123 records. Best score: 0.039. Signaling Trainer to stop.
GPU available: False, used: False
TPU available: False, using: 0 TPU cores
HPU available: False, using: 0 HPUs
SLURM auto-requeueing enabled. Setting signal handlers.
[I 2024-10-08 18:24:58,573] Trial 103 finished with value: 0.15457119047641754 and parameters: {'hidden_dim': 17, 'n_layers': 6, 'dropout': 0.06035899832363975, 'learning_rate': 0.0019448718946188694, 'batch_size': 16, 'input_chunk_length': 154}. Best is trial 0 with value: 0.10316822677850723.
GPU available: False, used: False
TPU available: False, using: 0 TPU cores
HPU available: False, using: 0 HPUs
SLURM auto-requeueing enabled. Setting signal handlers.
Monitored metric train_loss did not improve in the last 124 records. Best score: 0.039. Signaling Trainer to stop.
GPU available: False, used: False
TPU available: False, using: 0 TPU cores
HPU available: False, using: 0 HPUs
SLURM auto-requeueing enabled. Setting signal handlers.
[I 2024-10-08 18:26:10,130] Trial 104 finished with value: 0.1404084414243698 and parameters: {'hidden_dim': 20, 'n_layers': 6, 'dropout': 0.07238630170271518, 'learning_rate': 0.006482678812081773, 'batch_size': 16, 'input_chunk_length': 139}. Best is trial 0 with value: 0.10316822677850723.
GPU available: False, used: False
TPU available: False, using: 0 TPU cores
HPU available: False, using: 0 HPUs
SLURM auto-requeueing enabled. Setting signal handlers.
Monitored metric train_loss did not improve in the last 125 records. Best score: 0.039. Signaling Trainer to stop.
GPU available: False, used: False
TPU available: False, using: 0 TPU cores
HPU available: False, using: 0 HPUs
SLURM auto-requeueing enabled. Setting signal handlers.
[I 2024-10-08 18:27:20,278] Trial 105 finished with value: 0.14271517097949982 and parameters: {'hidden_dim': 20, 'n_layers': 6, 'dropout': 0.07259406273006896, 'learning_rate': 0.005278577754331397, 'batch_size': 16, 'input_chunk_length': 126}. Best is trial 0 with value: 0.10316822677850723.
GPU available: False, used: False
TPU available: False, using: 0 TPU cores
HPU available: False, using: 0 HPUs
SLURM auto-requeueing enabled. Setting signal handlers.
Monitored metric train_loss did not improve in the last 126 records. Best score: 0.039. Signaling Trainer to stop.
GPU available: False, used: False
TPU available: False, using: 0 TPU cores
HPU available: False, using: 0 HPUs
SLURM auto-requeueing enabled. Setting signal handlers.
[I 2024-10-08 18:28:22,147] Trial 106 finished with value: 0.15885646641254425 and parameters: {'hidden_dim': 22, 'n_layers': 6, 'dropout': 0.10860373041154638, 'learning_rate': 0.008966827252759336, 'batch_size': 32, 'input_chunk_length': 139}. Best is trial 0 with value: 0.10316822677850723.
GPU available: False, used: False
TPU available: False, using: 0 TPU cores
HPU available: False, using: 0 HPUs
SLURM auto-requeueing enabled. Setting signal handlers.
Monitored metric train_loss did not improve in the last 127 records. Best score: 0.039. Signaling Trainer to stop.
GPU available: False, used: False
TPU available: False, using: 0 TPU cores
HPU available: False, using: 0 HPUs
SLURM auto-requeueing enabled. Setting signal handlers.
[I 2024-10-08 18:29:32,239] Trial 107 finished with value: 0.13955794274806976 and parameters: {'hidden_dim': 24, 'n_layers': 5, 'dropout': 0.04609730607826545, 'learning_rate': 0.006522689733068815, 'batch_size': 16, 'input_chunk_length': 147}. Best is trial 0 with value: 0.10316822677850723.
GPU available: False, used: False
TPU available: False, using: 0 TPU cores
HPU available: False, using: 0 HPUs
SLURM auto-requeueing enabled. Setting signal handlers.
Monitored metric train_loss did not improve in the last 128 records. Best score: 0.039. Signaling Trainer to stop.
GPU available: False, used: False
TPU available: False, using: 0 TPU cores
HPU available: False, using: 0 HPUs
SLURM auto-requeueing enabled. Setting signal handlers.
[I 2024-10-08 18:30:42,615] Trial 108 finished with value: 0.12982256710529327 and parameters: {'hidden_dim': 24, 'n_layers': 5, 'dropout': 0.021080074190559878, 'learning_rate': 0.004595626828712229, 'batch_size': 16, 'input_chunk_length': 147}. Best is trial 0 with value: 0.10316822677850723.
GPU available: False, used: False
TPU available: False, using: 0 TPU cores
HPU available: False, using: 0 HPUs
SLURM auto-requeueing enabled. Setting signal handlers.
Monitored metric train_loss did not improve in the last 129 records. Best score: 0.039. Signaling Trainer to stop.
GPU available: False, used: False
TPU available: False, using: 0 TPU cores
HPU available: False, using: 0 HPUs
SLURM auto-requeueing enabled. Setting signal handlers.
[I 2024-10-08 18:31:49,184] Trial 109 finished with value: 0.13028524816036224 and parameters: {'hidden_dim': 24, 'n_layers': 5, 'dropout': 0.029377750652316178, 'learning_rate': 0.0045127388859475944, 'batch_size': 16, 'input_chunk_length': 131}. Best is trial 0 with value: 0.10316822677850723.
GPU available: False, used: False
TPU available: False, using: 0 TPU cores
HPU available: False, using: 0 HPUs
SLURM auto-requeueing enabled. Setting signal handlers.
Monitored metric train_loss did not improve in the last 130 records. Best score: 0.039. Signaling Trainer to stop.
GPU available: False, used: False
TPU available: False, using: 0 TPU cores
HPU available: False, using: 0 HPUs
SLURM auto-requeueing enabled. Setting signal handlers.
[I 2024-10-08 18:33:01,344] Trial 110 finished with value: 0.17149516940116882 and parameters: {'hidden_dim': 22, 'n_layers': 5, 'dropout': 0.016481735811547445, 'learning_rate': 0.004411416523376194, 'batch_size': 16, 'input_chunk_length': 132}. Best is trial 0 with value: 0.10316822677850723.
GPU available: False, used: False
TPU available: False, using: 0 TPU cores
HPU available: False, using: 0 HPUs
SLURM auto-requeueing enabled. Setting signal handlers.
Monitored metric train_loss did not improve in the last 131 records. Best score: 0.039. Signaling Trainer to stop.
GPU available: False, used: False
TPU available: False, using: 0 TPU cores
HPU available: False, using: 0 HPUs
SLURM auto-requeueing enabled. Setting signal handlers.
[I 2024-10-08 18:34:15,118] Trial 111 finished with value: 0.16316446661949158 and parameters: {'hidden_dim': 26, 'n_layers': 5, 'dropout': 0.020260333428911672, 'learning_rate': 0.010361355328469239, 'batch_size': 16, 'input_chunk_length': 130}. Best is trial 0 with value: 0.10316822677850723.
GPU available: False, used: False
TPU available: False, using: 0 TPU cores
HPU available: False, using: 0 HPUs
SLURM auto-requeueing enabled. Setting signal handlers.
Monitored metric train_loss did not improve in the last 132 records. Best score: 0.039. Signaling Trainer to stop.
GPU available: False, used: False
TPU available: False, using: 0 TPU cores
HPU available: False, using: 0 HPUs
SLURM auto-requeueing enabled. Setting signal handlers.
[I 2024-10-08 18:35:32,807] Trial 112 finished with value: 0.16691407561302185 and parameters: {'hidden_dim': 23, 'n_layers': 5, 'dropout': 0.034879619132822684, 'learning_rate': 0.004711648677747288, 'batch_size': 16, 'input_chunk_length': 145}. Best is trial 0 with value: 0.10316822677850723.
GPU available: False, used: False
TPU available: False, using: 0 TPU cores
HPU available: False, using: 0 HPUs
SLURM auto-requeueing enabled. Setting signal handlers.
Monitored metric train_loss did not improve in the last 133 records. Best score: 0.039. Signaling Trainer to stop.
GPU available: False, used: False
TPU available: False, using: 0 TPU cores
HPU available: False, using: 0 HPUs
SLURM auto-requeueing enabled. Setting signal handlers.
[I 2024-10-08 18:36:47,594] Trial 113 finished with value: 0.1450512707233429 and parameters: {'hidden_dim': 18, 'n_layers': 5, 'dropout': 0.02554123037490944, 'learning_rate': 0.002537897804283198, 'batch_size': 16, 'input_chunk_length': 167}. Best is trial 0 with value: 0.10316822677850723.
GPU available: False, used: False
TPU available: False, using: 0 TPU cores
HPU available: False, using: 0 HPUs
SLURM auto-requeueing enabled. Setting signal handlers.
Monitored metric train_loss did not improve in the last 134 records. Best score: 0.039. Signaling Trainer to stop.
GPU available: False, used: False
TPU available: False, using: 0 TPU cores
HPU available: False, using: 0 HPUs
SLURM auto-requeueing enabled. Setting signal handlers.
[I 2024-10-08 18:37:56,291] Trial 114 finished with value: 0.14805355668067932 and parameters: {'hidden_dim': 21, 'n_layers': 4, 'dropout': 0.04907661742677769, 'learning_rate': 0.00566805339012061, 'batch_size': 16, 'input_chunk_length': 118}. Best is trial 0 with value: 0.10316822677850723.
GPU available: False, used: False
TPU available: False, using: 0 TPU cores
HPU available: False, using: 0 HPUs
SLURM auto-requeueing enabled. Setting signal handlers.
Monitored metric train_loss did not improve in the last 135 records. Best score: 0.039. Signaling Trainer to stop.
GPU available: False, used: False
TPU available: False, using: 0 TPU cores
HPU available: False, using: 0 HPUs
SLURM auto-requeueing enabled. Setting signal handlers.
