[I 2024-10-23 15:04:04,024] Trial 27 finished with value: 0.3357580304145813 and parameters: {'hidden_dim': 208, 'n_layers': 3, 'dropout': 0.1605871841456987, 'input_chunk_length': 84, 'learning_rate': 0.0009693092583902029, 'batch_size': 32}. Best is trial 1 with value: 0.06816989183425903.
GPU available: False, used: False
TPU available: False, using: 0 TPU cores
HPU available: False, using: 0 HPUs
SLURM auto-requeueing enabled. Setting signal handlers.
Monitored metric train_loss did not improve in the last 87 records. Best score: 0.044. Signaling Trainer to stop.
GPU available: False, used: False
TPU available: False, using: 0 TPU cores
HPU available: False, using: 0 HPUs
SLURM auto-requeueing enabled. Setting signal handlers.
[I 2024-10-23 15:05:49,159] Trial 28 finished with value: 0.318244606256485 and parameters: {'hidden_dim': 239, 'n_layers': 1, 'dropout': 0.09040557753222772, 'input_chunk_length': 54, 'learning_rate': 0.00010523974473373253, 'batch_size': 64}. Best is trial 1 with value: 0.06816989183425903.
GPU available: False, used: False
TPU available: False, using: 0 TPU cores
HPU available: False, using: 0 HPUs
SLURM auto-requeueing enabled. Setting signal handlers.
Monitored metric train_loss did not improve in the last 88 records. Best score: 0.044. Signaling Trainer to stop.
GPU available: False, used: False
TPU available: False, using: 0 TPU cores
HPU available: False, using: 0 HPUs
SLURM auto-requeueing enabled. Setting signal handlers.
[I 2024-10-23 15:06:45,329] Trial 29 finished with value: 0.2991470694541931 and parameters: {'hidden_dim': 124, 'n_layers': 4, 'dropout': 0.4101022646661077, 'input_chunk_length': 37, 'learning_rate': 0.0001952063882443436, 'batch_size': 64}. Best is trial 1 with value: 0.06816989183425903.
GPU available: False, used: False
TPU available: False, using: 0 TPU cores
HPU available: False, using: 0 HPUs
SLURM auto-requeueing enabled. Setting signal handlers.
Monitored metric train_loss did not improve in the last 89 records. Best score: 0.044. Signaling Trainer to stop.
GPU available: False, used: False
TPU available: False, using: 0 TPU cores
HPU available: False, using: 0 HPUs
SLURM auto-requeueing enabled. Setting signal handlers.
[I 2024-10-23 15:09:34,580] Trial 30 finished with value: 0.27322274446487427 and parameters: {'hidden_dim': 233, 'n_layers': 5, 'dropout': 0.2383850023580135, 'input_chunk_length': 72, 'learning_rate': 0.00048406157813746004, 'batch_size': 64}. Best is trial 1 with value: 0.06816989183425903.
GPU available: False, used: False
TPU available: False, using: 0 TPU cores
HPU available: False, using: 0 HPUs
SLURM auto-requeueing enabled. Setting signal handlers.
Monitored metric train_loss did not improve in the last 90 records. Best score: 0.044. Signaling Trainer to stop.
GPU available: False, used: False
TPU available: False, using: 0 TPU cores
HPU available: False, using: 0 HPUs
SLURM auto-requeueing enabled. Setting signal handlers.
[I 2024-10-23 15:11:53,667] Trial 31 finished with value: 0.24719014763832092 and parameters: {'hidden_dim': 211, 'n_layers': 2, 'dropout': 0.0016742646474198764, 'input_chunk_length': 80, 'learning_rate': 0.0002409398618591114, 'batch_size': 64}. Best is trial 1 with value: 0.06816989183425903.
GPU available: False, used: False
TPU available: False, using: 0 TPU cores
HPU available: False, using: 0 HPUs
SLURM auto-requeueing enabled. Setting signal handlers.
Monitored metric train_loss did not improve in the last 91 records. Best score: 0.044. Signaling Trainer to stop.
GPU available: False, used: False
TPU available: False, using: 0 TPU cores
HPU available: False, using: 0 HPUs
SLURM auto-requeueing enabled. Setting signal handlers.
[I 2024-10-23 15:14:24,716] Trial 32 finished with value: 0.3057861924171448 and parameters: {'hidden_dim': 188, 'n_layers': 2, 'dropout': 0.019308378905322027, 'input_chunk_length': 98, 'learning_rate': 0.00020452134971975016, 'batch_size': 64}. Best is trial 1 with value: 0.06816989183425903.
GPU available: False, used: False
TPU available: False, using: 0 TPU cores
HPU available: False, using: 0 HPUs
SLURM auto-requeueing enabled. Setting signal handlers.
Monitored metric train_loss did not improve in the last 92 records. Best score: 0.044. Signaling Trainer to stop.
GPU available: False, used: False
TPU available: False, using: 0 TPU cores
HPU available: False, using: 0 HPUs
SLURM auto-requeueing enabled. Setting signal handlers.
[I 2024-10-23 15:16:50,026] Trial 33 finished with value: 0.2970367670059204 and parameters: {'hidden_dim': 195, 'n_layers': 2, 'dropout': 0.06286429835160005, 'input_chunk_length': 89, 'learning_rate': 0.0003887918093411666, 'batch_size': 64}. Best is trial 1 with value: 0.06816989183425903.
GPU available: False, used: False
TPU available: False, using: 0 TPU cores
HPU available: False, using: 0 HPUs
SLURM auto-requeueing enabled. Setting signal handlers.
Monitored metric train_loss did not improve in the last 93 records. Best score: 0.044. Signaling Trainer to stop.
GPU available: False, used: False
TPU available: False, using: 0 TPU cores
HPU available: False, using: 0 HPUs
SLURM auto-requeueing enabled. Setting signal handlers.
[I 2024-10-23 15:18:51,550] Trial 34 finished with value: 0.2918078601360321 and parameters: {'hidden_dim': 225, 'n_layers': 3, 'dropout': 0.030391047404510728, 'input_chunk_length': 59, 'learning_rate': 0.000693514024507782, 'batch_size': 64}. Best is trial 1 with value: 0.06816989183425903.
GPU available: False, used: False
TPU available: False, using: 0 TPU cores
HPU available: False, using: 0 HPUs
SLURM auto-requeueing enabled. Setting signal handlers.
Monitored metric train_loss did not improve in the last 94 records. Best score: 0.044. Signaling Trainer to stop.
GPU available: False, used: False
TPU available: False, using: 0 TPU cores
HPU available: False, using: 0 HPUs
SLURM auto-requeueing enabled. Setting signal handlers.
[I 2024-10-23 15:20:50,786] Trial 35 finished with value: 0.30842605233192444 and parameters: {'hidden_dim': 169, 'n_layers': 1, 'dropout': 0.10425990602778809, 'input_chunk_length': 95, 'learning_rate': 3.404132323346013e-05, 'batch_size': 64}. Best is trial 1 with value: 0.06816989183425903.
GPU available: False, used: False
TPU available: False, using: 0 TPU cores
HPU available: False, using: 0 HPUs
SLURM auto-requeueing enabled. Setting signal handlers.
Monitored metric train_loss did not improve in the last 95 records. Best score: 0.044. Signaling Trainer to stop.
GPU available: False, used: False
TPU available: False, using: 0 TPU cores
HPU available: False, using: 0 HPUs
SLURM auto-requeueing enabled. Setting signal handlers.
[I 2024-10-23 15:22:37,482] Trial 36 finished with value: 0.30325478315353394 and parameters: {'hidden_dim': 151, 'n_layers': 3, 'dropout': 0.030288513047347247, 'input_chunk_length': 79, 'learning_rate': 0.0001461789701408089, 'batch_size': 64}. Best is trial 1 with value: 0.06816989183425903.
GPU available: False, used: False
TPU available: False, using: 0 TPU cores
HPU available: False, using: 0 HPUs
SLURM auto-requeueing enabled. Setting signal handlers.
Monitored metric train_loss did not improve in the last 96 records. Best score: 0.044. Signaling Trainer to stop.
GPU available: False, used: False
TPU available: False, using: 0 TPU cores
HPU available: False, using: 0 HPUs
SLURM auto-requeueing enabled. Setting signal handlers.
[I 2024-10-23 15:24:55,800] Trial 37 finished with value: 0.20002137124538422 and parameters: {'hidden_dim': 198, 'n_layers': 1, 'dropout': 0.11610558003383356, 'input_chunk_length': 92, 'learning_rate': 0.00028766709646501796, 'batch_size': 32}. Best is trial 1 with value: 0.06816989183425903.
GPU available: False, used: False
TPU available: False, using: 0 TPU cores
HPU available: False, using: 0 HPUs
SLURM auto-requeueing enabled. Setting signal handlers.
Monitored metric train_loss did not improve in the last 97 records. Best score: 0.044. Signaling Trainer to stop.
GPU available: False, used: False
TPU available: False, using: 0 TPU cores
HPU available: False, using: 0 HPUs
SLURM auto-requeueing enabled. Setting signal handlers.
[I 2024-10-23 15:27:00,860] Trial 38 finished with value: 0.24991536140441895 and parameters: {'hidden_dim': 200, 'n_layers': 1, 'dropout': 0.12657122108752805, 'input_chunk_length': 85, 'learning_rate': 0.0007754038992450467, 'batch_size': 32}. Best is trial 1 with value: 0.06816989183425903.
GPU available: False, used: False
TPU available: False, using: 0 TPU cores
HPU available: False, using: 0 HPUs
SLURM auto-requeueing enabled. Setting signal handlers.
Monitored metric train_loss did not improve in the last 98 records. Best score: 0.044. Signaling Trainer to stop.
GPU available: False, used: False
TPU available: False, using: 0 TPU cores
HPU available: False, using: 0 HPUs
SLURM auto-requeueing enabled. Setting signal handlers.
[I 2024-10-23 15:27:48,390] Trial 39 finished with value: 0.2186586558818817 and parameters: {'hidden_dim': 131, 'n_layers': 5, 'dropout': 0.15389295165822703, 'input_chunk_length': 18, 'learning_rate': 0.00034984371125496494, 'batch_size': 32}. Best is trial 1 with value: 0.06816989183425903.
GPU available: False, used: False
TPU available: False, using: 0 TPU cores
HPU available: False, using: 0 HPUs
SLURM auto-requeueing enabled. Setting signal handlers.
Monitored metric train_loss did not improve in the last 99 records. Best score: 0.044. Signaling Trainer to stop.
GPU available: False, used: False
TPU available: False, using: 0 TPU cores
HPU available: False, using: 0 HPUs
SLURM auto-requeueing enabled. Setting signal handlers.
[I 2024-10-23 15:29:40,137] Trial 40 finished with value: 0.2528952956199646 and parameters: {'hidden_dim': 191, 'n_layers': 1, 'dropout': 0.18476366702375951, 'input_chunk_length': 67, 'learning_rate': 0.0001137091514392305, 'batch_size': 32}. Best is trial 1 with value: 0.06816989183425903.
GPU available: False, used: False
TPU available: False, using: 0 TPU cores
HPU available: False, using: 0 HPUs
SLURM auto-requeueing enabled. Setting signal handlers.
Monitored metric train_loss did not improve in the last 100 records. Best score: 0.044. Signaling Trainer to stop.
GPU available: False, used: False
TPU available: False, using: 0 TPU cores
HPU available: False, using: 0 HPUs
SLURM auto-requeueing enabled. Setting signal handlers.
[I 2024-10-23 15:32:20,148] Trial 41 finished with value: 0.2312246710062027 and parameters: {'hidden_dim': 211, 'n_layers': 2, 'dropout': 0.09892997805960399, 'input_chunk_length': 92, 'learning_rate': 0.00025869211242363093, 'batch_size': 32}. Best is trial 1 with value: 0.06816989183425903.
GPU available: False, used: False
TPU available: False, using: 0 TPU cores
HPU available: False, using: 0 HPUs
SLURM auto-requeueing enabled. Setting signal handlers.
Monitored metric train_loss did not improve in the last 101 records. Best score: 0.044. Signaling Trainer to stop.
GPU available: False, used: False
TPU available: False, using: 0 TPU cores
HPU available: False, using: 0 HPUs
SLURM auto-requeueing enabled. Setting signal handlers.
[I 2024-10-23 15:34:17,145] Trial 42 finished with value: 0.16183416545391083 and parameters: {'hidden_dim': 174, 'n_layers': 1, 'dropout': 0.005769140045855832, 'input_chunk_length': 79, 'learning_rate': 0.0004649722598543627, 'batch_size': 32}. Best is trial 1 with value: 0.06816989183425903.
GPU available: False, used: False
TPU available: False, using: 0 TPU cores
HPU available: False, using: 0 HPUs
SLURM auto-requeueing enabled. Setting signal handlers.
Monitored metric train_loss did not improve in the last 102 records. Best score: 0.044. Signaling Trainer to stop.
GPU available: False, used: False
TPU available: False, using: 0 TPU cores
HPU available: False, using: 0 HPUs
SLURM auto-requeueing enabled. Setting signal handlers.
[I 2024-10-23 15:36:13,637] Trial 43 finished with value: 0.1946704089641571 and parameters: {'hidden_dim': 171, 'n_layers': 1, 'dropout': 0.06459626281256697, 'input_chunk_length': 79, 'learning_rate': 0.00046100694293031426, 'batch_size': 32}. Best is trial 1 with value: 0.06816989183425903.
GPU available: False, used: False
TPU available: False, using: 0 TPU cores
HPU available: False, using: 0 HPUs
SLURM auto-requeueing enabled. Setting signal handlers.
Monitored metric train_loss did not improve in the last 103 records. Best score: 0.044. Signaling Trainer to stop.
GPU available: False, used: False
TPU available: False, using: 0 TPU cores
HPU available: False, using: 0 HPUs
SLURM auto-requeueing enabled. Setting signal handlers.
[I 2024-10-23 15:37:50,975] Trial 44 finished with value: 0.2052416056394577 and parameters: {'hidden_dim': 141, 'n_layers': 1, 'dropout': 0.07284522109642391, 'input_chunk_length': 76, 'learning_rate': 0.0004357155901131034, 'batch_size': 32}. Best is trial 1 with value: 0.06816989183425903.
GPU available: False, used: False
TPU available: False, using: 0 TPU cores
HPU available: False, using: 0 HPUs
SLURM auto-requeueing enabled. Setting signal handlers.
Monitored metric train_loss did not improve in the last 104 records. Best score: 0.044. Signaling Trainer to stop.
GPU available: False, used: False
TPU available: False, using: 0 TPU cores
HPU available: False, using: 0 HPUs
SLURM auto-requeueing enabled. Setting signal handlers.
[I 2024-10-23 15:39:42,813] Trial 45 finished with value: 0.23701287806034088 and parameters: {'hidden_dim': 156, 'n_layers': 1, 'dropout': 0.09685484700707281, 'input_chunk_length': 86, 'learning_rate': 0.00016448144308280185, 'batch_size': 32}. Best is trial 1 with value: 0.06816989183425903.
GPU available: False, used: False
TPU available: False, using: 0 TPU cores
HPU available: False, using: 0 HPUs
SLURM auto-requeueing enabled. Setting signal handlers.
Monitored metric train_loss did not improve in the last 105 records. Best score: 0.044. Signaling Trainer to stop.
ValueError: For the given forecasting case, the provided future covariates at dataset index `0` do not extend far enough into the past. The future covariates must start at time step `2022-03-23 00:00:00`, whereas now they start at time step `2022-03-24 00:00:00`.
Traceback (most recent call last):
  File "/pfs/data5/home/tu/tu_tu/tu_zxoul27/Prediction_of_energy_prices/predictions/TFT/TFT_model.py", line 143, in objective
    forecast_val = model.predict(
                   ^^^^^^^^^^^^^^
  File "/pfs/data5/home/tu/tu_tu/tu_zxoul27/micromamba/envs/power/lib/python3.12/site-packages/darts/utils/torch.py", line 103, in decorator
    return decorated(self, *args, **kwargs)
           ^^^^^^^^^^^^^^^^^^^^^^^^^^^^^^^^
  File "/pfs/data5/home/tu/tu_tu/tu_zxoul27/micromamba/envs/power/lib/python3.12/site-packages/darts/models/forecasting/torch_forecasting_model.py", line 1465, in predict
    predictions = self.predict_from_dataset(
                  ^^^^^^^^^^^^^^^^^^^^^^^^^^
  File "/pfs/data5/home/tu/tu_tu/tu_zxoul27/micromamba/envs/power/lib/python3.12/site-packages/darts/utils/torch.py", line 103, in decorator
    return decorated(self, *args, **kwargs)
           ^^^^^^^^^^^^^^^^^^^^^^^^^^^^^^^^
  File "/pfs/data5/home/tu/tu_tu/tu_zxoul27/micromamba/envs/power/lib/python3.12/site-packages/darts/models/forecasting/torch_forecasting_model.py", line 1559, in predict_from_dataset
    self._verify_predict_sample(input_series_dataset[0])
                                ~~~~~~~~~~~~~~~~~~~~^^^
  File "/pfs/data5/home/tu/tu_tu/tu_zxoul27/micromamba/envs/power/lib/python3.12/site-packages/darts/utils/data/inference_dataset.py", line 711, in __getitem__
    _, historic_future_covariate, future_covariate, _, _, _ = self.ds_future[idx]
                                                              ~~~~~~~~~~~~~~^^^^^
  File "/pfs/data5/home/tu/tu_tu/tu_zxoul27/micromamba/envs/power/lib/python3.12/site-packages/darts/utils/data/inference_dataset.py", line 599, in __getitem__
    ) = self.ds_past[idx]
        ~~~~~~~~~~~~^^^^^
  File "/pfs/data5/home/tu/tu_tu/tu_zxoul27/micromamba/envs/power/lib/python3.12/site-packages/darts/utils/data/inference_dataset.py", line 418, in __getitem__
    return self.ds[idx]
           ~~~~~~~^^^^^
  File "/pfs/data5/home/tu/tu_tu/tu_zxoul27/micromamba/envs/power/lib/python3.12/site-packages/darts/utils/data/inference_dataset.py", line 291, in __getitem__
    covariate_start, covariate_end = self._covariate_indexer(
                                     ^^^^^^^^^^^^^^^^^^^^^^^^
  File "/pfs/data5/home/tu/tu_tu/tu_zxoul27/micromamba/envs/power/lib/python3.12/site-packages/darts/utils/data/inference_dataset.py", line 98, in _covariate_indexer
    raise_log(
  File "/pfs/data5/home/tu/tu_tu/tu_zxoul27/micromamba/envs/power/lib/python3.12/site-packages/darts/logging.py", line 132, in raise_log
    raise exception
ValueError: For the given forecasting case, the provided future covariates at dataset index `0` do not extend far enough into the past. The future covariates must start at time step `2022-03-23 00:00:00`, whereas now they start at time step `2022-03-24 00:00:00`.
