[I 2024-11-04 21:54:53,878] Trial 22 finished with value: 0.3613692820072174 and parameters: {'hidden_dim': 292, 'n_layers': 5, 'dropout': 0.057273214730220276, 'input_chunk_length': 68, 'learning_rate': 7.285694187532503e-05, 'batch_size': 64}. Best is trial 0 with value: 0.11407290399074554.
GPU available: True (cuda), used: True
TPU available: False, using: 0 TPU cores
HPU available: False, using: 0 HPUs
LOCAL_RANK: 0 - CUDA_VISIBLE_DEVICES: [0,1]
SLURM auto-requeueing enabled. Setting signal handlers.
Monitored metric train_loss did not improve in the last 81 records. Best score: 0.034. Signaling Trainer to stop.
GPU available: True (cuda), used: True
TPU available: False, using: 0 TPU cores
HPU available: False, using: 0 HPUs
LOCAL_RANK: 0 - CUDA_VISIBLE_DEVICES: [0,1]
SLURM auto-requeueing enabled. Setting signal handlers.
[I 2024-11-04 21:55:13,031] Trial 23 finished with value: 0.4095459580421448 and parameters: {'hidden_dim': 353, 'n_layers': 4, 'dropout': 0.1635103757735566, 'input_chunk_length': 48, 'learning_rate': 1.878548065800032e-05, 'batch_size': 64}. Best is trial 0 with value: 0.11407290399074554.
GPU available: True (cuda), used: True
TPU available: False, using: 0 TPU cores
HPU available: False, using: 0 HPUs
LOCAL_RANK: 0 - CUDA_VISIBLE_DEVICES: [0,1]
SLURM auto-requeueing enabled. Setting signal handlers.
Monitored metric train_loss did not improve in the last 82 records. Best score: 0.034. Signaling Trainer to stop.
GPU available: True (cuda), used: True
TPU available: False, using: 0 TPU cores
HPU available: False, using: 0 HPUs
LOCAL_RANK: 0 - CUDA_VISIBLE_DEVICES: [0,1]
SLURM auto-requeueing enabled. Setting signal handlers.
[I 2024-11-04 21:55:30,336] Trial 24 finished with value: 0.3606989085674286 and parameters: {'hidden_dim': 243, 'n_layers': 6, 'dropout': 0.05820656731183529, 'input_chunk_length': 32, 'learning_rate': 2.2938210251522382e-05, 'batch_size': 64}. Best is trial 0 with value: 0.11407290399074554.
GPU available: True (cuda), used: True
TPU available: False, using: 0 TPU cores
HPU available: False, using: 0 HPUs
LOCAL_RANK: 0 - CUDA_VISIBLE_DEVICES: [0,1]
SLURM auto-requeueing enabled. Setting signal handlers.
Monitored metric train_loss did not improve in the last 83 records. Best score: 0.034. Signaling Trainer to stop.
GPU available: True (cuda), used: True
TPU available: False, using: 0 TPU cores
HPU available: False, using: 0 HPUs
LOCAL_RANK: 0 - CUDA_VISIBLE_DEVICES: [0,1]
SLURM auto-requeueing enabled. Setting signal handlers.
[I 2024-11-04 21:55:49,432] Trial 25 finished with value: 0.3407842516899109 and parameters: {'hidden_dim': 435, 'n_layers': 5, 'dropout': 0.3483572172073369, 'input_chunk_length': 26, 'learning_rate': 5.270062661481487e-05, 'batch_size': 32}. Best is trial 0 with value: 0.11407290399074554.
GPU available: True (cuda), used: True
TPU available: False, using: 0 TPU cores
HPU available: False, using: 0 HPUs
LOCAL_RANK: 0 - CUDA_VISIBLE_DEVICES: [0,1]
SLURM auto-requeueing enabled. Setting signal handlers.
Monitored metric train_loss did not improve in the last 84 records. Best score: 0.034. Signaling Trainer to stop.
GPU available: True (cuda), used: True
TPU available: False, using: 0 TPU cores
HPU available: False, using: 0 HPUs
LOCAL_RANK: 0 - CUDA_VISIBLE_DEVICES: [0,1]
SLURM auto-requeueing enabled. Setting signal handlers.
[I 2024-11-04 21:56:06,700] Trial 26 finished with value: 0.39796823263168335 and parameters: {'hidden_dim': 199, 'n_layers': 4, 'dropout': 0.1427088444870889, 'input_chunk_length': 50, 'learning_rate': 0.00015778183217513773, 'batch_size': 64}. Best is trial 0 with value: 0.11407290399074554.
GPU available: True (cuda), used: True
TPU available: False, using: 0 TPU cores
HPU available: False, using: 0 HPUs
LOCAL_RANK: 0 - CUDA_VISIBLE_DEVICES: [0,1]
SLURM auto-requeueing enabled. Setting signal handlers.
Monitored metric train_loss did not improve in the last 85 records. Best score: 0.034. Signaling Trainer to stop.
GPU available: True (cuda), used: True
TPU available: False, using: 0 TPU cores
HPU available: False, using: 0 HPUs
LOCAL_RANK: 0 - CUDA_VISIBLE_DEVICES: [0,1]
SLURM auto-requeueing enabled. Setting signal handlers.
[I 2024-11-04 21:56:31,100] Trial 27 finished with value: 0.3590095639228821 and parameters: {'hidden_dim': 390, 'n_layers': 5, 'dropout': 0.25326113024325764, 'input_chunk_length': 69, 'learning_rate': 0.0003533896714472288, 'batch_size': 32}. Best is trial 0 with value: 0.11407290399074554.
GPU available: True (cuda), used: True
TPU available: False, using: 0 TPU cores
HPU available: False, using: 0 HPUs
LOCAL_RANK: 0 - CUDA_VISIBLE_DEVICES: [0,1]
SLURM auto-requeueing enabled. Setting signal handlers.
Monitored metric train_loss did not improve in the last 86 records. Best score: 0.034. Signaling Trainer to stop.
GPU available: True (cuda), used: True
TPU available: False, using: 0 TPU cores
HPU available: False, using: 0 HPUs
LOCAL_RANK: 0 - CUDA_VISIBLE_DEVICES: [0,1]
SLURM auto-requeueing enabled. Setting signal handlers.
[I 2024-11-04 21:57:03,612] Trial 28 finished with value: 0.40414607524871826 and parameters: {'hidden_dim': 457, 'n_layers': 4, 'dropout': 0.2071913969867461, 'input_chunk_length': 135, 'learning_rate': 6.042082827489731e-05, 'batch_size': 64}. Best is trial 0 with value: 0.11407290399074554.
GPU available: True (cuda), used: True
TPU available: False, using: 0 TPU cores
HPU available: False, using: 0 HPUs
LOCAL_RANK: 0 - CUDA_VISIBLE_DEVICES: [0,1]
SLURM auto-requeueing enabled. Setting signal handlers.
Monitored metric train_loss did not improve in the last 87 records. Best score: 0.034. Signaling Trainer to stop.
GPU available: True (cuda), used: True
TPU available: False, using: 0 TPU cores
HPU available: False, using: 0 HPUs
LOCAL_RANK: 0 - CUDA_VISIBLE_DEVICES: [0,1]
SLURM auto-requeueing enabled. Setting signal handlers.
[I 2024-11-04 21:57:24,743] Trial 29 finished with value: 0.3576062321662903 and parameters: {'hidden_dim': 328, 'n_layers': 3, 'dropout': 0.09475584123748317, 'input_chunk_length': 88, 'learning_rate': 0.000645186469217126, 'batch_size': 64}. Best is trial 0 with value: 0.11407290399074554.
GPU available: True (cuda), used: True
TPU available: False, using: 0 TPU cores
HPU available: False, using: 0 HPUs
LOCAL_RANK: 0 - CUDA_VISIBLE_DEVICES: [0,1]
SLURM auto-requeueing enabled. Setting signal handlers.
Monitored metric train_loss did not improve in the last 88 records. Best score: 0.034. Signaling Trainer to stop.
GPU available: True (cuda), used: True
TPU available: False, using: 0 TPU cores
HPU available: False, using: 0 HPUs
LOCAL_RANK: 0 - CUDA_VISIBLE_DEVICES: [0,1]
SLURM auto-requeueing enabled. Setting signal handlers.
[I 2024-11-04 21:57:43,493] Trial 30 finished with value: 0.33721527457237244 and parameters: {'hidden_dim': 500, 'n_layers': 6, 'dropout': 0.45675316459287807, 'input_chunk_length': 13, 'learning_rate': 0.002031343458612271, 'batch_size': 32}. Best is trial 0 with value: 0.11407290399074554.
GPU available: True (cuda), used: True
TPU available: False, using: 0 TPU cores
HPU available: False, using: 0 HPUs
LOCAL_RANK: 0 - CUDA_VISIBLE_DEVICES: [0,1]
SLURM auto-requeueing enabled. Setting signal handlers.
Monitored metric train_loss did not improve in the last 89 records. Best score: 0.034. Signaling Trainer to stop.
GPU available: True (cuda), used: True
TPU available: False, using: 0 TPU cores
HPU available: False, using: 0 HPUs
LOCAL_RANK: 0 - CUDA_VISIBLE_DEVICES: [0,1]
SLURM auto-requeueing enabled. Setting signal handlers.
[I 2024-11-04 21:58:00,545] Trial 31 finished with value: 0.800424337387085 and parameters: {'hidden_dim': 244, 'n_layers': 1, 'dropout': 0.3121063366271336, 'input_chunk_length': 59, 'learning_rate': 0.005664734993795454, 'batch_size': 64}. Best is trial 0 with value: 0.11407290399074554.
GPU available: True (cuda), used: True
TPU available: False, using: 0 TPU cores
HPU available: False, using: 0 HPUs
LOCAL_RANK: 0 - CUDA_VISIBLE_DEVICES: [0,1]
SLURM auto-requeueing enabled. Setting signal handlers.
Monitored metric train_loss did not improve in the last 90 records. Best score: 0.034. Signaling Trainer to stop.
GPU available: True (cuda), used: True
TPU available: False, using: 0 TPU cores
HPU available: False, using: 0 HPUs
LOCAL_RANK: 0 - CUDA_VISIBLE_DEVICES: [0,1]
SLURM auto-requeueing enabled. Setting signal handlers.
[I 2024-11-04 21:58:18,651] Trial 32 finished with value: 0.3616175949573517 and parameters: {'hidden_dim': 207, 'n_layers': 1, 'dropout': 0.282215438007879, 'input_chunk_length': 74, 'learning_rate': 0.004653616804747407, 'batch_size': 64}. Best is trial 0 with value: 0.11407290399074554.
GPU available: True (cuda), used: True
TPU available: False, using: 0 TPU cores
HPU available: False, using: 0 HPUs
LOCAL_RANK: 0 - CUDA_VISIBLE_DEVICES: [0,1]
SLURM auto-requeueing enabled. Setting signal handlers.
Monitored metric train_loss did not improve in the last 91 records. Best score: 0.034. Signaling Trainer to stop.
GPU available: True (cuda), used: True
TPU available: False, using: 0 TPU cores
HPU available: False, using: 0 HPUs
LOCAL_RANK: 0 - CUDA_VISIBLE_DEVICES: [0,1]
SLURM auto-requeueing enabled. Setting signal handlers.
[I 2024-11-04 21:58:36,296] Trial 33 finished with value: 0.3247582018375397 and parameters: {'hidden_dim': 266, 'n_layers': 2, 'dropout': 0.3647457526739254, 'input_chunk_length': 56, 'learning_rate': 0.0016037420554072855, 'batch_size': 64}. Best is trial 0 with value: 0.11407290399074554.
GPU available: True (cuda), used: True
TPU available: False, using: 0 TPU cores
HPU available: False, using: 0 HPUs
LOCAL_RANK: 0 - CUDA_VISIBLE_DEVICES: [0,1]
SLURM auto-requeueing enabled. Setting signal handlers.
Monitored metric train_loss did not improve in the last 92 records. Best score: 0.034. Signaling Trainer to stop.
GPU available: True (cuda), used: True
TPU available: False, using: 0 TPU cores
HPU available: False, using: 0 HPUs
LOCAL_RANK: 0 - CUDA_VISIBLE_DEVICES: [0,1]
SLURM auto-requeueing enabled. Setting signal handlers.
[I 2024-11-04 21:58:52,472] Trial 34 finished with value: 0.34693247079849243 and parameters: {'hidden_dim': 227, 'n_layers': 1, 'dropout': 0.2851475014542444, 'input_chunk_length': 43, 'learning_rate': 0.0030429757284364174, 'batch_size': 64}. Best is trial 0 with value: 0.11407290399074554.
GPU available: True (cuda), used: True
TPU available: False, using: 0 TPU cores
HPU available: False, using: 0 HPUs
LOCAL_RANK: 0 - CUDA_VISIBLE_DEVICES: [0,1]
SLURM auto-requeueing enabled. Setting signal handlers.
Monitored metric train_loss did not improve in the last 93 records. Best score: 0.034. Signaling Trainer to stop.
GPU available: True (cuda), used: True
TPU available: False, using: 0 TPU cores
HPU available: False, using: 0 HPUs
LOCAL_RANK: 0 - CUDA_VISIBLE_DEVICES: [0,1]
SLURM auto-requeueing enabled. Setting signal handlers.
[I 2024-11-04 21:59:10,369] Trial 35 finished with value: 0.3732273280620575 and parameters: {'hidden_dim': 292, 'n_layers': 1, 'dropout': 0.20300879493735696, 'input_chunk_length': 66, 'learning_rate': 3.27056191391779e-05, 'batch_size': 64}. Best is trial 0 with value: 0.11407290399074554.
GPU available: True (cuda), used: True
TPU available: False, using: 0 TPU cores
HPU available: False, using: 0 HPUs
LOCAL_RANK: 0 - CUDA_VISIBLE_DEVICES: [0,1]
SLURM auto-requeueing enabled. Setting signal handlers.
Monitored metric train_loss did not improve in the last 94 records. Best score: 0.034. Signaling Trainer to stop.
GPU available: True (cuda), used: True
TPU available: False, using: 0 TPU cores
HPU available: False, using: 0 HPUs
LOCAL_RANK: 0 - CUDA_VISIBLE_DEVICES: [0,1]
SLURM auto-requeueing enabled. Setting signal handlers.
[I 2024-11-04 21:59:28,197] Trial 36 finished with value: 0.7135240435600281 and parameters: {'hidden_dim': 164, 'n_layers': 1, 'dropout': 0.24828952770437737, 'input_chunk_length': 95, 'learning_rate': 0.005427250873762059, 'batch_size': 64}. Best is trial 0 with value: 0.11407290399074554.
GPU available: True (cuda), used: True
TPU available: False, using: 0 TPU cores
HPU available: False, using: 0 HPUs
LOCAL_RANK: 0 - CUDA_VISIBLE_DEVICES: [0,1]
SLURM auto-requeueing enabled. Setting signal handlers.
Monitored metric train_loss did not improve in the last 95 records. Best score: 0.034. Signaling Trainer to stop.
GPU available: True (cuda), used: True
TPU available: False, using: 0 TPU cores
HPU available: False, using: 0 HPUs
LOCAL_RANK: 0 - CUDA_VISIBLE_DEVICES: [0,1]
SLURM auto-requeueing enabled. Setting signal handlers.
[I 2024-11-04 21:59:49,633] Trial 37 finished with value: 0.4638977348804474 and parameters: {'hidden_dim': 393, 'n_layers': 2, 'dropout': 0.3129554576525745, 'input_chunk_length': 84, 'learning_rate': 1.0684849783438014e-05, 'batch_size': 64}. Best is trial 0 with value: 0.11407290399074554.
GPU available: True (cuda), used: True
TPU available: False, using: 0 TPU cores
HPU available: False, using: 0 HPUs
LOCAL_RANK: 0 - CUDA_VISIBLE_DEVICES: [0,1]
SLURM auto-requeueing enabled. Setting signal handlers.
Monitored metric train_loss did not improve in the last 96 records. Best score: 0.034. Signaling Trainer to stop.
GPU available: True (cuda), used: True
TPU available: False, using: 0 TPU cores
HPU available: False, using: 0 HPUs
LOCAL_RANK: 0 - CUDA_VISIBLE_DEVICES: [0,1]
SLURM auto-requeueing enabled. Setting signal handlers.
[I 2024-11-04 22:00:08,062] Trial 38 finished with value: 0.32478129863739014 and parameters: {'hidden_dim': 266, 'n_layers': 5, 'dropout': 0.03167019346998909, 'input_chunk_length': 20, 'learning_rate': 1.594358912666438e-05, 'batch_size': 32}. Best is trial 0 with value: 0.11407290399074554.
GPU available: True (cuda), used: True
TPU available: False, using: 0 TPU cores
HPU available: False, using: 0 HPUs
LOCAL_RANK: 0 - CUDA_VISIBLE_DEVICES: [0,1]
SLURM auto-requeueing enabled. Setting signal handlers.
Monitored metric train_loss did not improve in the last 97 records. Best score: 0.034. Signaling Trainer to stop.
GPU available: True (cuda), used: True
TPU available: False, using: 0 TPU cores
HPU available: False, using: 0 HPUs
LOCAL_RANK: 0 - CUDA_VISIBLE_DEVICES: [0,1]
SLURM auto-requeueing enabled. Setting signal handlers.
[I 2024-11-04 22:00:24,704] Trial 39 finished with value: 0.3380144238471985 and parameters: {'hidden_dim': 218, 'n_layers': 1, 'dropout': 0.09803411546150347, 'input_chunk_length': 51, 'learning_rate': 0.0020903997199816526, 'batch_size': 64}. Best is trial 0 with value: 0.11407290399074554.
GPU available: True (cuda), used: True
TPU available: False, using: 0 TPU cores
HPU available: False, using: 0 HPUs
LOCAL_RANK: 0 - CUDA_VISIBLE_DEVICES: [0,1]
SLURM auto-requeueing enabled. Setting signal handlers.
Monitored metric train_loss did not improve in the last 98 records. Best score: 0.034. Signaling Trainer to stop.
GPU available: True (cuda), used: True
TPU available: False, using: 0 TPU cores
HPU available: False, using: 0 HPUs
LOCAL_RANK: 0 - CUDA_VISIBLE_DEVICES: [0,1]
SLURM auto-requeueing enabled. Setting signal handlers.
[I 2024-11-04 22:00:48,388] Trial 40 finished with value: 0.4439854919910431 and parameters: {'hidden_dim': 341, 'n_layers': 2, 'dropout': 0.3753145457682274, 'input_chunk_length': 105, 'learning_rate': 0.0011688851831385464, 'batch_size': 32}. Best is trial 0 with value: 0.11407290399074554.
GPU available: True (cuda), used: True
TPU available: False, using: 0 TPU cores
HPU available: False, using: 0 HPUs
LOCAL_RANK: 0 - CUDA_VISIBLE_DEVICES: [0,1]
SLURM auto-requeueing enabled. Setting signal handlers.
Monitored metric train_loss did not improve in the last 99 records. Best score: 0.034. Signaling Trainer to stop.
GPU available: True (cuda), used: True
TPU available: False, using: 0 TPU cores
HPU available: False, using: 0 HPUs
LOCAL_RANK: 0 - CUDA_VISIBLE_DEVICES: [0,1]
SLURM auto-requeueing enabled. Setting signal handlers.
[I 2024-11-04 22:01:05,732] Trial 41 finished with value: 0.30908340215682983 and parameters: {'hidden_dim': 356, 'n_layers': 1, 'dropout': 0.32942914175196936, 'input_chunk_length': 27, 'learning_rate': 0.000524610285505581, 'batch_size': 32}. Best is trial 0 with value: 0.11407290399074554.
GPU available: True (cuda), used: True
TPU available: False, using: 0 TPU cores
HPU available: False, using: 0 HPUs
LOCAL_RANK: 0 - CUDA_VISIBLE_DEVICES: [0,1]
SLURM auto-requeueing enabled. Setting signal handlers.
Monitored metric train_loss did not improve in the last 100 records. Best score: 0.034. Signaling Trainer to stop.
GPU available: True (cuda), used: True
TPU available: False, using: 0 TPU cores
HPU available: False, using: 0 HPUs
LOCAL_RANK: 0 - CUDA_VISIBLE_DEVICES: [0,1]
SLURM auto-requeueing enabled. Setting signal handlers.
[I 2024-11-04 22:01:23,591] Trial 42 finished with value: 0.3345465660095215 and parameters: {'hidden_dim': 318, 'n_layers': 1, 'dropout': 0.4346957434768145, 'input_chunk_length': 42, 'learning_rate': 0.0002768693304878457, 'batch_size': 32}. Best is trial 0 with value: 0.11407290399074554.
GPU available: True (cuda), used: True
TPU available: False, using: 0 TPU cores
HPU available: False, using: 0 HPUs
LOCAL_RANK: 0 - CUDA_VISIBLE_DEVICES: [0,1]
SLURM auto-requeueing enabled. Setting signal handlers.
Monitored metric train_loss did not improve in the last 101 records. Best score: 0.034. Signaling Trainer to stop.
GPU available: True (cuda), used: True
TPU available: False, using: 0 TPU cores
HPU available: False, using: 0 HPUs
LOCAL_RANK: 0 - CUDA_VISIBLE_DEVICES: [0,1]
SLURM auto-requeueing enabled. Setting signal handlers.
[I 2024-11-04 22:01:41,703] Trial 43 finished with value: 0.3913479745388031 and parameters: {'hidden_dim': 379, 'n_layers': 1, 'dropout': 0.4048598260621996, 'input_chunk_length': 17, 'learning_rate': 0.00012040091169866093, 'batch_size': 32}. Best is trial 0 with value: 0.11407290399074554.
GPU available: True (cuda), used: True
TPU available: False, using: 0 TPU cores
HPU available: False, using: 0 HPUs
LOCAL_RANK: 0 - CUDA_VISIBLE_DEVICES: [0,1]
SLURM auto-requeueing enabled. Setting signal handlers.
Monitored metric train_loss did not improve in the last 102 records. Best score: 0.034. Signaling Trainer to stop.
GPU available: True (cuda), used: True
TPU available: False, using: 0 TPU cores
HPU available: False, using: 0 HPUs
LOCAL_RANK: 0 - CUDA_VISIBLE_DEVICES: [0,1]
SLURM auto-requeueing enabled. Setting signal handlers.
[I 2024-11-04 22:01:59,321] Trial 44 finished with value: 0.3818732798099518 and parameters: {'hidden_dim': 177, 'n_layers': 2, 'dropout': 0.23184110304715658, 'input_chunk_length': 61, 'learning_rate': 0.004112370834116561, 'batch_size': 32}. Best is trial 0 with value: 0.11407290399074554.
GPU available: True (cuda), used: True
TPU available: False, using: 0 TPU cores
HPU available: False, using: 0 HPUs
LOCAL_RANK: 0 - CUDA_VISIBLE_DEVICES: [0,1]
SLURM auto-requeueing enabled. Setting signal handlers.
Monitored metric train_loss did not improve in the last 103 records. Best score: 0.034. Signaling Trainer to stop.
GPU available: True (cuda), used: True
TPU available: False, using: 0 TPU cores
HPU available: False, using: 0 HPUs
LOCAL_RANK: 0 - CUDA_VISIBLE_DEVICES: [0,1]
SLURM auto-requeueing enabled. Setting signal handlers.
[I 2024-11-04 22:02:17,579] Trial 45 finished with value: 0.9269695281982422 and parameters: {'hidden_dim': 303, 'n_layers': 3, 'dropout': 0.30569176874694204, 'input_chunk_length': 35, 'learning_rate': 0.007012264941682853, 'batch_size': 32}. Best is trial 0 with value: 0.11407290399074554.
GPU available: True (cuda), used: True
TPU available: False, using: 0 TPU cores
HPU available: False, using: 0 HPUs
LOCAL_RANK: 0 - CUDA_VISIBLE_DEVICES: [0,1]
SLURM auto-requeueing enabled. Setting signal handlers.
Monitored metric train_loss did not improve in the last 104 records. Best score: 0.034. Signaling Trainer to stop.
GPU available: True (cuda), used: True
TPU available: False, using: 0 TPU cores
HPU available: False, using: 0 HPUs
LOCAL_RANK: 0 - CUDA_VISIBLE_DEVICES: [0,1]
SLURM auto-requeueing enabled. Setting signal handlers.
[I 2024-11-04 22:02:36,195] Trial 46 finished with value: 0.3827587962150574 and parameters: {'hidden_dim': 262, 'n_layers': 4, 'dropout': 0.332114669495737, 'input_chunk_length': 23, 'learning_rate': 2.5361476058280843e-05, 'batch_size': 32}. Best is trial 0 with value: 0.11407290399074554.
GPU available: True (cuda), used: True
TPU available: False, using: 0 TPU cores
HPU available: False, using: 0 HPUs
LOCAL_RANK: 0 - CUDA_VISIBLE_DEVICES: [0,1]
SLURM auto-requeueing enabled. Setting signal handlers.
Monitored metric train_loss did not improve in the last 105 records. Best score: 0.034. Signaling Trainer to stop.
GPU available: True (cuda), used: True
TPU available: False, using: 0 TPU cores
HPU available: False, using: 0 HPUs
LOCAL_RANK: 0 - CUDA_VISIBLE_DEVICES: [0,1]
SLURM auto-requeueing enabled. Setting signal handlers.
[I 2024-11-04 22:02:53,422] Trial 47 finished with value: 0.35051077604293823 and parameters: {'hidden_dim': 119, 'n_layers': 2, 'dropout': 0.13196859229153385, 'input_chunk_length': 10, 'learning_rate': 0.0003781846781032498, 'batch_size': 32}. Best is trial 0 with value: 0.11407290399074554.
GPU available: True (cuda), used: True
TPU available: False, using: 0 TPU cores
HPU available: False, using: 0 HPUs
LOCAL_RANK: 0 - CUDA_VISIBLE_DEVICES: [0,1]
SLURM auto-requeueing enabled. Setting signal handlers.
Monitored metric train_loss did not improve in the last 106 records. Best score: 0.034. Signaling Trainer to stop.
GPU available: True (cuda), used: True
TPU available: False, using: 0 TPU cores
HPU available: False, using: 0 HPUs
LOCAL_RANK: 0 - CUDA_VISIBLE_DEVICES: [0,1]
SLURM auto-requeueing enabled. Setting signal handlers.
