[I 2024-11-04 17:04:50,472] Trial 171 finished with value: 0.3519439995288849 and parameters: {'hidden_dim': 127, 'n_layers': 3, 'dropout': 0.0475389170674291, 'input_chunk_length': 139, 'learning_rate': 0.00025035442754771955, 'batch_size': 32}. Best is trial 1 with value: 0.12519845366477966.
GPU available: True (cuda), used: True
TPU available: False, using: 0 TPU cores
HPU available: False, using: 0 HPUs
LOCAL_RANK: 0 - CUDA_VISIBLE_DEVICES: [0,1,2,3]
SLURM auto-requeueing enabled. Setting signal handlers.
Monitored metric train_loss did not improve in the last 230 records. Best score: 0.059. Signaling Trainer to stop.
GPU available: True (cuda), used: True
TPU available: False, using: 0 TPU cores
HPU available: False, using: 0 HPUs
LOCAL_RANK: 0 - CUDA_VISIBLE_DEVICES: [0,1,2,3]
SLURM auto-requeueing enabled. Setting signal handlers.
[I 2024-11-04 17:05:13,239] Trial 172 finished with value: 0.42291155457496643 and parameters: {'hidden_dim': 427, 'n_layers': 3, 'dropout': 0.10890706738082756, 'input_chunk_length': 144, 'learning_rate': 0.00038902562992947624, 'batch_size': 32}. Best is trial 1 with value: 0.12519845366477966.
GPU available: True (cuda), used: True
TPU available: False, using: 0 TPU cores
HPU available: False, using: 0 HPUs
LOCAL_RANK: 0 - CUDA_VISIBLE_DEVICES: [0,1,2,3]
SLURM auto-requeueing enabled. Setting signal handlers.
Monitored metric train_loss did not improve in the last 231 records. Best score: 0.059. Signaling Trainer to stop.
GPU available: True (cuda), used: True
TPU available: False, using: 0 TPU cores
HPU available: False, using: 0 HPUs
LOCAL_RANK: 0 - CUDA_VISIBLE_DEVICES: [0,1,2,3]
SLURM auto-requeueing enabled. Setting signal handlers.
[I 2024-11-04 17:05:32,062] Trial 173 finished with value: 0.33159127831459045 and parameters: {'hidden_dim': 187, 'n_layers': 3, 'dropout': 0.015254279139802636, 'input_chunk_length': 127, 'learning_rate': 0.0002930782767023263, 'batch_size': 32}. Best is trial 1 with value: 0.12519845366477966.
GPU available: True (cuda), used: True
TPU available: False, using: 0 TPU cores
HPU available: False, using: 0 HPUs
LOCAL_RANK: 0 - CUDA_VISIBLE_DEVICES: [0,1,2,3]
SLURM auto-requeueing enabled. Setting signal handlers.
Monitored metric train_loss did not improve in the last 232 records. Best score: 0.059. Signaling Trainer to stop.
GPU available: True (cuda), used: True
TPU available: False, using: 0 TPU cores
HPU available: False, using: 0 HPUs
LOCAL_RANK: 0 - CUDA_VISIBLE_DEVICES: [0,1,2,3]
SLURM auto-requeueing enabled. Setting signal handlers.
[I 2024-11-04 17:05:51,073] Trial 174 finished with value: 0.35121896862983704 and parameters: {'hidden_dim': 199, 'n_layers': 3, 'dropout': 0.08773130555264043, 'input_chunk_length': 147, 'learning_rate': 0.00034437050423092105, 'batch_size': 32}. Best is trial 1 with value: 0.12519845366477966.
GPU available: True (cuda), used: True
TPU available: False, using: 0 TPU cores
HPU available: False, using: 0 HPUs
LOCAL_RANK: 0 - CUDA_VISIBLE_DEVICES: [0,1,2,3]
SLURM auto-requeueing enabled. Setting signal handlers.
Monitored metric train_loss did not improve in the last 233 records. Best score: 0.059. Signaling Trainer to stop.
GPU available: True (cuda), used: True
TPU available: False, using: 0 TPU cores
HPU available: False, using: 0 HPUs
LOCAL_RANK: 0 - CUDA_VISIBLE_DEVICES: [0,1,2,3]
SLURM auto-requeueing enabled. Setting signal handlers.
[I 2024-11-04 17:06:11,715] Trial 175 finished with value: 0.3467520773410797 and parameters: {'hidden_dim': 180, 'n_layers': 5, 'dropout': 0.02468113744273691, 'input_chunk_length': 119, 'learning_rate': 0.00042194700156110546, 'batch_size': 32}. Best is trial 1 with value: 0.12519845366477966.
GPU available: True (cuda), used: True
TPU available: False, using: 0 TPU cores
HPU available: False, using: 0 HPUs
LOCAL_RANK: 0 - CUDA_VISIBLE_DEVICES: [0,1,2,3]
SLURM auto-requeueing enabled. Setting signal handlers.
Monitored metric train_loss did not improve in the last 234 records. Best score: 0.059. Signaling Trainer to stop.
GPU available: True (cuda), used: True
TPU available: False, using: 0 TPU cores
HPU available: False, using: 0 HPUs
LOCAL_RANK: 0 - CUDA_VISIBLE_DEVICES: [0,1,2,3]
SLURM auto-requeueing enabled. Setting signal handlers.
[I 2024-11-04 17:06:31,101] Trial 176 finished with value: 0.35832372307777405 and parameters: {'hidden_dim': 290, 'n_layers': 3, 'dropout': 0.12155386111996039, 'input_chunk_length': 136, 'learning_rate': 0.00010589811881487609, 'batch_size': 32}. Best is trial 1 with value: 0.12519845366477966.
GPU available: True (cuda), used: True
TPU available: False, using: 0 TPU cores
HPU available: False, using: 0 HPUs
LOCAL_RANK: 0 - CUDA_VISIBLE_DEVICES: [0,1,2,3]
SLURM auto-requeueing enabled. Setting signal handlers.
Monitored metric train_loss did not improve in the last 235 records. Best score: 0.059. Signaling Trainer to stop.
GPU available: True (cuda), used: True
TPU available: False, using: 0 TPU cores
HPU available: False, using: 0 HPUs
LOCAL_RANK: 0 - CUDA_VISIBLE_DEVICES: [0,1,2,3]
SLURM auto-requeueing enabled. Setting signal handlers.
[I 2024-11-04 17:06:49,180] Trial 177 finished with value: 0.356414794921875 and parameters: {'hidden_dim': 210, 'n_layers': 3, 'dropout': 0.0983110356629798, 'input_chunk_length': 131, 'learning_rate': 0.00023140430806263814, 'batch_size': 32}. Best is trial 1 with value: 0.12519845366477966.
GPU available: True (cuda), used: True
TPU available: False, using: 0 TPU cores
HPU available: False, using: 0 HPUs
LOCAL_RANK: 0 - CUDA_VISIBLE_DEVICES: [0,1,2,3]
SLURM auto-requeueing enabled. Setting signal handlers.
Monitored metric train_loss did not improve in the last 236 records. Best score: 0.059. Signaling Trainer to stop.
GPU available: True (cuda), used: True
TPU available: False, using: 0 TPU cores
HPU available: False, using: 0 HPUs
LOCAL_RANK: 0 - CUDA_VISIBLE_DEVICES: [0,1,2,3]
SLURM auto-requeueing enabled. Setting signal handlers.
[I 2024-11-04 17:07:04,913] Trial 178 finished with value: 0.3853844106197357 and parameters: {'hidden_dim': 170, 'n_layers': 2, 'dropout': 0.23413823497052397, 'input_chunk_length': 105, 'learning_rate': 0.00016889788765624936, 'batch_size': 64}. Best is trial 1 with value: 0.12519845366477966.
GPU available: True (cuda), used: True
TPU available: False, using: 0 TPU cores
HPU available: False, using: 0 HPUs
LOCAL_RANK: 0 - CUDA_VISIBLE_DEVICES: [0,1,2,3]
SLURM auto-requeueing enabled. Setting signal handlers.
Monitored metric train_loss did not improve in the last 237 records. Best score: 0.059. Signaling Trainer to stop.
GPU available: True (cuda), used: True
TPU available: False, using: 0 TPU cores
HPU available: False, using: 0 HPUs
LOCAL_RANK: 0 - CUDA_VISIBLE_DEVICES: [0,1,2,3]
SLURM auto-requeueing enabled. Setting signal handlers.
[I 2024-11-04 17:07:22,641] Trial 179 finished with value: 0.29729077219963074 and parameters: {'hidden_dim': 239, 'n_layers': 3, 'dropout': 0.06713872249839874, 'input_chunk_length': 113, 'learning_rate': 0.0002742568356879219, 'batch_size': 32}. Best is trial 1 with value: 0.12519845366477966.
GPU available: True (cuda), used: True
TPU available: False, using: 0 TPU cores
HPU available: False, using: 0 HPUs
LOCAL_RANK: 0 - CUDA_VISIBLE_DEVICES: [0,1,2,3]
SLURM auto-requeueing enabled. Setting signal handlers.
Monitored metric train_loss did not improve in the last 238 records. Best score: 0.059. Signaling Trainer to stop.
GPU available: True (cuda), used: True
TPU available: False, using: 0 TPU cores
HPU available: False, using: 0 HPUs
LOCAL_RANK: 0 - CUDA_VISIBLE_DEVICES: [0,1,2,3]
SLURM auto-requeueing enabled. Setting signal handlers.
[I 2024-11-04 17:07:40,071] Trial 180 finished with value: 0.4199978709220886 and parameters: {'hidden_dim': 256, 'n_layers': 3, 'dropout': 0.06463209491340045, 'input_chunk_length': 112, 'learning_rate': 0.0005077624461784008, 'batch_size': 32}. Best is trial 1 with value: 0.12519845366477966.
GPU available: True (cuda), used: True
TPU available: False, using: 0 TPU cores
HPU available: False, using: 0 HPUs
LOCAL_RANK: 0 - CUDA_VISIBLE_DEVICES: [0,1,2,3]
SLURM auto-requeueing enabled. Setting signal handlers.
Monitored metric train_loss did not improve in the last 239 records. Best score: 0.059. Signaling Trainer to stop.
GPU available: True (cuda), used: True
TPU available: False, using: 0 TPU cores
HPU available: False, using: 0 HPUs
LOCAL_RANK: 0 - CUDA_VISIBLE_DEVICES: [0,1,2,3]
SLURM auto-requeueing enabled. Setting signal handlers.
[I 2024-11-04 17:07:57,479] Trial 181 finished with value: 0.3238396942615509 and parameters: {'hidden_dim': 244, 'n_layers': 3, 'dropout': 0.07684259139676008, 'input_chunk_length': 111, 'learning_rate': 0.00026044977506498404, 'batch_size': 32}. Best is trial 1 with value: 0.12519845366477966.
GPU available: True (cuda), used: True
TPU available: False, using: 0 TPU cores
HPU available: False, using: 0 HPUs
LOCAL_RANK: 0 - CUDA_VISIBLE_DEVICES: [0,1,2,3]
SLURM auto-requeueing enabled. Setting signal handlers.
Monitored metric train_loss did not improve in the last 240 records. Best score: 0.059. Signaling Trainer to stop.
GPU available: True (cuda), used: True
TPU available: False, using: 0 TPU cores
HPU available: False, using: 0 HPUs
LOCAL_RANK: 0 - CUDA_VISIBLE_DEVICES: [0,1,2,3]
SLURM auto-requeueing enabled. Setting signal handlers.
[I 2024-11-04 17:08:14,867] Trial 182 finished with value: 0.4137016236782074 and parameters: {'hidden_dim': 226, 'n_layers': 3, 'dropout': 0.05281031954881775, 'input_chunk_length': 102, 'learning_rate': 1.0305497876686761e-05, 'batch_size': 32}. Best is trial 1 with value: 0.12519845366477966.
GPU available: True (cuda), used: True
TPU available: False, using: 0 TPU cores
HPU available: False, using: 0 HPUs
LOCAL_RANK: 0 - CUDA_VISIBLE_DEVICES: [0,1,2,3]
SLURM auto-requeueing enabled. Setting signal handlers.
Monitored metric train_loss did not improve in the last 241 records. Best score: 0.059. Signaling Trainer to stop.
GPU available: True (cuda), used: True
TPU available: False, using: 0 TPU cores
HPU available: False, using: 0 HPUs
LOCAL_RANK: 0 - CUDA_VISIBLE_DEVICES: [0,1,2,3]
SLURM auto-requeueing enabled. Setting signal handlers.
[I 2024-11-04 17:08:32,569] Trial 183 finished with value: 0.3317722678184509 and parameters: {'hidden_dim': 239, 'n_layers': 3, 'dropout': 0.039900511857699716, 'input_chunk_length': 114, 'learning_rate': 0.00031858143068187164, 'batch_size': 32}. Best is trial 1 with value: 0.12519845366477966.
GPU available: True (cuda), used: True
TPU available: False, using: 0 TPU cores
HPU available: False, using: 0 HPUs
LOCAL_RANK: 0 - CUDA_VISIBLE_DEVICES: [0,1,2,3]
SLURM auto-requeueing enabled. Setting signal handlers.
Monitored metric train_loss did not improve in the last 242 records. Best score: 0.059. Signaling Trainer to stop.
GPU available: True (cuda), used: True
TPU available: False, using: 0 TPU cores
HPU available: False, using: 0 HPUs
LOCAL_RANK: 0 - CUDA_VISIBLE_DEVICES: [0,1,2,3]
SLURM auto-requeueing enabled. Setting signal handlers.
[I 2024-11-04 17:08:49,521] Trial 184 finished with value: 0.3988437354564667 and parameters: {'hidden_dim': 216, 'n_layers': 3, 'dropout': 0.09026565995158026, 'input_chunk_length': 107, 'learning_rate': 0.00037092411957930784, 'batch_size': 32}. Best is trial 1 with value: 0.12519845366477966.
GPU available: True (cuda), used: True
TPU available: False, using: 0 TPU cores
HPU available: False, using: 0 HPUs
LOCAL_RANK: 0 - CUDA_VISIBLE_DEVICES: [0,1,2,3]
SLURM auto-requeueing enabled. Setting signal handlers.
Monitored metric train_loss did not improve in the last 243 records. Best score: 0.059. Signaling Trainer to stop.
GPU available: True (cuda), used: True
TPU available: False, using: 0 TPU cores
HPU available: False, using: 0 HPUs
LOCAL_RANK: 0 - CUDA_VISIBLE_DEVICES: [0,1,2,3]
SLURM auto-requeueing enabled. Setting signal handlers.
[I 2024-11-04 17:09:08,811] Trial 185 finished with value: 0.33596569299697876 and parameters: {'hidden_dim': 233, 'n_layers': 3, 'dropout': 0.07264360843058065, 'input_chunk_length': 142, 'learning_rate': 0.00020330577415151235, 'batch_size': 32}. Best is trial 1 with value: 0.12519845366477966.
GPU available: True (cuda), used: True
TPU available: False, using: 0 TPU cores
HPU available: False, using: 0 HPUs
LOCAL_RANK: 0 - CUDA_VISIBLE_DEVICES: [0,1,2,3]
SLURM auto-requeueing enabled. Setting signal handlers.
Monitored metric train_loss did not improve in the last 244 records. Best score: 0.059. Signaling Trainer to stop.
GPU available: True (cuda), used: True
TPU available: False, using: 0 TPU cores
HPU available: False, using: 0 HPUs
LOCAL_RANK: 0 - CUDA_VISIBLE_DEVICES: [0,1,2,3]
SLURM auto-requeueing enabled. Setting signal handlers.
[I 2024-11-04 17:09:25,384] Trial 186 finished with value: 0.37500008940696716 and parameters: {'hidden_dim': 197, 'n_layers': 2, 'dropout': 0.11267822348417071, 'input_chunk_length': 117, 'learning_rate': 0.0004485075908843013, 'batch_size': 32}. Best is trial 1 with value: 0.12519845366477966.
GPU available: True (cuda), used: True
TPU available: False, using: 0 TPU cores
HPU available: False, using: 0 HPUs
LOCAL_RANK: 0 - CUDA_VISIBLE_DEVICES: [0,1,2,3]
SLURM auto-requeueing enabled. Setting signal handlers.
Monitored metric train_loss did not improve in the last 245 records. Best score: 0.059. Signaling Trainer to stop.
GPU available: True (cuda), used: True
TPU available: False, using: 0 TPU cores
HPU available: False, using: 0 HPUs
LOCAL_RANK: 0 - CUDA_VISIBLE_DEVICES: [0,1,2,3]
SLURM auto-requeueing enabled. Setting signal handlers.
[I 2024-11-04 17:09:51,371] Trial 187 finished with value: 0.3474736213684082 and parameters: {'hidden_dim': 334, 'n_layers': 6, 'dropout': 0.060833115870864374, 'input_chunk_length': 139, 'learning_rate': 0.00026793164063243974, 'batch_size': 32}. Best is trial 1 with value: 0.12519845366477966.
GPU available: True (cuda), used: True
TPU available: False, using: 0 TPU cores
HPU available: False, using: 0 HPUs
LOCAL_RANK: 0 - CUDA_VISIBLE_DEVICES: [0,1,2,3]
SLURM auto-requeueing enabled. Setting signal handlers.
Monitored metric train_loss did not improve in the last 246 records. Best score: 0.059. Signaling Trainer to stop.
GPU available: True (cuda), used: True
TPU available: False, using: 0 TPU cores
HPU available: False, using: 0 HPUs
LOCAL_RANK: 0 - CUDA_VISIBLE_DEVICES: [0,1,2,3]
SLURM auto-requeueing enabled. Setting signal handlers.
[I 2024-11-04 17:10:09,584] Trial 188 finished with value: 0.34895431995391846 and parameters: {'hidden_dim': 271, 'n_layers': 3, 'dropout': 0.0833660297017453, 'input_chunk_length': 118, 'learning_rate': 0.0006159772717499123, 'batch_size': 32}. Best is trial 1 with value: 0.12519845366477966.
GPU available: True (cuda), used: True
TPU available: False, using: 0 TPU cores
HPU available: False, using: 0 HPUs
LOCAL_RANK: 0 - CUDA_VISIBLE_DEVICES: [0,1,2,3]
SLURM auto-requeueing enabled. Setting signal handlers.
Monitored metric train_loss did not improve in the last 247 records. Best score: 0.059. Signaling Trainer to stop.
GPU available: True (cuda), used: True
TPU available: False, using: 0 TPU cores
HPU available: False, using: 0 HPUs
LOCAL_RANK: 0 - CUDA_VISIBLE_DEVICES: [0,1,2,3]
SLURM auto-requeueing enabled. Setting signal handlers.
[I 2024-11-04 17:10:23,612] Trial 189 finished with value: 0.3932971954345703 and parameters: {'hidden_dim': 226, 'n_layers': 3, 'dropout': 0.1049496327755636, 'input_chunk_length': 39, 'learning_rate': 9.02341565234495e-05, 'batch_size': 64}. Best is trial 1 with value: 0.12519845366477966.
GPU available: True (cuda), used: True
TPU available: False, using: 0 TPU cores
HPU available: False, using: 0 HPUs
LOCAL_RANK: 0 - CUDA_VISIBLE_DEVICES: [0,1,2,3]
SLURM auto-requeueing enabled. Setting signal handlers.
Monitored metric train_loss did not improve in the last 248 records. Best score: 0.059. Signaling Trainer to stop.
GPU available: True (cuda), used: True
TPU available: False, using: 0 TPU cores
HPU available: False, using: 0 HPUs
LOCAL_RANK: 0 - CUDA_VISIBLE_DEVICES: [0,1,2,3]
SLURM auto-requeueing enabled. Setting signal handlers.
[I 2024-11-04 17:10:39,904] Trial 190 finished with value: 0.36887601017951965 and parameters: {'hidden_dim': 253, 'n_layers': 2, 'dropout': 0.49673541581355507, 'input_chunk_length': 91, 'learning_rate': 0.00030604626934062714, 'batch_size': 32}. Best is trial 1 with value: 0.12519845366477966.
GPU available: True (cuda), used: True
TPU available: False, using: 0 TPU cores
HPU available: False, using: 0 HPUs
LOCAL_RANK: 0 - CUDA_VISIBLE_DEVICES: [0,1,2,3]
SLURM auto-requeueing enabled. Setting signal handlers.
Monitored metric train_loss did not improve in the last 249 records. Best score: 0.059. Signaling Trainer to stop.
GPU available: True (cuda), used: True
TPU available: False, using: 0 TPU cores
HPU available: False, using: 0 HPUs
LOCAL_RANK: 0 - CUDA_VISIBLE_DEVICES: [0,1,2,3]
SLURM auto-requeueing enabled. Setting signal handlers.
[I 2024-11-04 17:10:57,647] Trial 191 finished with value: 0.31507089734077454 and parameters: {'hidden_dim': 226, 'n_layers': 3, 'dropout': 0.0030229317729736586, 'input_chunk_length': 114, 'learning_rate': 0.000447700983737079, 'batch_size': 32}. Best is trial 1 with value: 0.12519845366477966.
GPU available: True (cuda), used: True
TPU available: False, using: 0 TPU cores
HPU available: False, using: 0 HPUs
LOCAL_RANK: 0 - CUDA_VISIBLE_DEVICES: [0,1,2,3]
SLURM auto-requeueing enabled. Setting signal handlers.
Monitored metric train_loss did not improve in the last 250 records. Best score: 0.059. Signaling Trainer to stop.
GPU available: True (cuda), used: True
TPU available: False, using: 0 TPU cores
HPU available: False, using: 0 HPUs
LOCAL_RANK: 0 - CUDA_VISIBLE_DEVICES: [0,1,2,3]
SLURM auto-requeueing enabled. Setting signal handlers.
[I 2024-11-04 17:11:14,894] Trial 192 finished with value: 0.389910489320755 and parameters: {'hidden_dim': 216, 'n_layers': 3, 'dropout': 0.00953014725134449, 'input_chunk_length': 113, 'learning_rate': 0.00038899330373093805, 'batch_size': 32}. Best is trial 1 with value: 0.12519845366477966.
GPU available: True (cuda), used: True
TPU available: False, using: 0 TPU cores
HPU available: False, using: 0 HPUs
LOCAL_RANK: 0 - CUDA_VISIBLE_DEVICES: [0,1,2,3]
SLURM auto-requeueing enabled. Setting signal handlers.
Monitored metric train_loss did not improve in the last 251 records. Best score: 0.059. Signaling Trainer to stop.
GPU available: True (cuda), used: True
TPU available: False, using: 0 TPU cores
HPU available: False, using: 0 HPUs
LOCAL_RANK: 0 - CUDA_VISIBLE_DEVICES: [0,1,2,3]
SLURM auto-requeueing enabled. Setting signal handlers.
[I 2024-11-04 17:11:32,234] Trial 193 finished with value: 0.308648943901062 and parameters: {'hidden_dim': 205, 'n_layers': 3, 'dropout': 0.014670909870659728, 'input_chunk_length': 109, 'learning_rate': 0.0005516250882127772, 'batch_size': 32}. Best is trial 1 with value: 0.12519845366477966.
GPU available: True (cuda), used: True
TPU available: False, using: 0 TPU cores
HPU available: False, using: 0 HPUs
LOCAL_RANK: 0 - CUDA_VISIBLE_DEVICES: [0,1,2,3]
SLURM auto-requeueing enabled. Setting signal handlers.
Monitored metric train_loss did not improve in the last 252 records. Best score: 0.059. Signaling Trainer to stop.
GPU available: True (cuda), used: True
TPU available: False, using: 0 TPU cores
HPU available: False, using: 0 HPUs
LOCAL_RANK: 0 - CUDA_VISIBLE_DEVICES: [0,1,2,3]
SLURM auto-requeueing enabled. Setting signal handlers.
[I 2024-11-04 17:11:49,292] Trial 194 finished with value: 0.4144428074359894 and parameters: {'hidden_dim': 206, 'n_layers': 3, 'dropout': 0.023709536201134574, 'input_chunk_length': 109, 'learning_rate': 0.0007658733845570865, 'batch_size': 32}. Best is trial 1 with value: 0.12519845366477966.
GPU available: True (cuda), used: True
TPU available: False, using: 0 TPU cores
HPU available: False, using: 0 HPUs
LOCAL_RANK: 0 - CUDA_VISIBLE_DEVICES: [0,1,2,3]
SLURM auto-requeueing enabled. Setting signal handlers.
Monitored metric train_loss did not improve in the last 253 records. Best score: 0.059. Signaling Trainer to stop.
GPU available: True (cuda), used: True
TPU available: False, using: 0 TPU cores
HPU available: False, using: 0 HPUs
LOCAL_RANK: 0 - CUDA_VISIBLE_DEVICES: [0,1,2,3]
SLURM auto-requeueing enabled. Setting signal handlers.
[I 2024-11-04 17:12:06,167] Trial 195 finished with value: 0.3108358383178711 and parameters: {'hidden_dim': 194, 'n_layers': 3, 'dropout': 0.035933984825982576, 'input_chunk_length': 109, 'learning_rate': 0.0005883078655610493, 'batch_size': 32}. Best is trial 1 with value: 0.12519845366477966.
GPU available: True (cuda), used: True
TPU available: False, using: 0 TPU cores
HPU available: False, using: 0 HPUs
LOCAL_RANK: 0 - CUDA_VISIBLE_DEVICES: [0,1,2,3]
SLURM auto-requeueing enabled. Setting signal handlers.
Monitored metric train_loss did not improve in the last 254 records. Best score: 0.059. Signaling Trainer to stop.
GPU available: True (cuda), used: True
TPU available: False, using: 0 TPU cores
HPU available: False, using: 0 HPUs
LOCAL_RANK: 0 - CUDA_VISIBLE_DEVICES: [0,1,2,3]
SLURM auto-requeueing enabled. Setting signal handlers.
