[I 2024-11-01 22:26:16,354] Trial 202 finished with value: 0.29389119148254395 and parameters: {'hidden_dim': 248, 'n_layers': 4, 'dropout': 0.4488133922523697, 'input_chunk_length': 26, 'learning_rate': 0.0015560074930925094, 'batch_size': 32}. Best is trial 0 with value: 0.07914793491363525.
GPU available: False, used: False
TPU available: False, using: 0 TPU cores
HPU available: False, using: 0 HPUs
SLURM auto-requeueing enabled. Setting signal handlers.
Monitored metric train_loss did not improve in the last 232 records. Best score: 0.031. Signaling Trainer to stop.
GPU available: False, used: False
TPU available: False, using: 0 TPU cores
HPU available: False, using: 0 HPUs
SLURM auto-requeueing enabled. Setting signal handlers.
[I 2024-11-01 22:27:18,639] Trial 203 finished with value: 0.22179527580738068 and parameters: {'hidden_dim': 152, 'n_layers': 4, 'dropout': 0.24631343880198153, 'input_chunk_length': 39, 'learning_rate': 0.0021988929211405927, 'batch_size': 32}. Best is trial 0 with value: 0.07914793491363525.
GPU available: False, used: False
TPU available: False, using: 0 TPU cores
HPU available: False, using: 0 HPUs
SLURM auto-requeueing enabled. Setting signal handlers.
Monitored metric train_loss did not improve in the last 233 records. Best score: 0.031. Signaling Trainer to stop.
GPU available: False, used: False
TPU available: False, using: 0 TPU cores
HPU available: False, using: 0 HPUs
SLURM auto-requeueing enabled. Setting signal handlers.
[I 2024-11-01 22:31:02,315] Trial 204 finished with value: 0.18015816807746887 and parameters: {'hidden_dim': 256, 'n_layers': 5, 'dropout': 0.41807706572088316, 'input_chunk_length': 110, 'learning_rate': 0.0008713022248657968, 'batch_size': 32}. Best is trial 0 with value: 0.07914793491363525.
GPU available: False, used: False
TPU available: False, using: 0 TPU cores
HPU available: False, using: 0 HPUs
SLURM auto-requeueing enabled. Setting signal handlers.
Monitored metric train_loss did not improve in the last 234 records. Best score: 0.031. Signaling Trainer to stop.
GPU available: False, used: False
TPU available: False, using: 0 TPU cores
HPU available: False, using: 0 HPUs
SLURM auto-requeueing enabled. Setting signal handlers.
[I 2024-11-01 22:34:53,657] Trial 205 finished with value: 0.17247822880744934 and parameters: {'hidden_dim': 256, 'n_layers': 5, 'dropout': 0.4197792184526301, 'input_chunk_length': 111, 'learning_rate': 0.0008817501182760918, 'batch_size': 32}. Best is trial 0 with value: 0.07914793491363525.
GPU available: False, used: False
TPU available: False, using: 0 TPU cores
HPU available: False, using: 0 HPUs
SLURM auto-requeueing enabled. Setting signal handlers.
Monitored metric train_loss did not improve in the last 235 records. Best score: 0.031. Signaling Trainer to stop.
GPU available: False, used: False
TPU available: False, using: 0 TPU cores
HPU available: False, using: 0 HPUs
SLURM auto-requeueing enabled. Setting signal handlers.
[I 2024-11-01 22:38:54,555] Trial 206 finished with value: 0.3049258887767792 and parameters: {'hidden_dim': 252, 'n_layers': 5, 'dropout': 0.41601643836038416, 'input_chunk_length': 111, 'learning_rate': 0.0009419164238361731, 'batch_size': 32}. Best is trial 0 with value: 0.07914793491363525.
GPU available: False, used: False
TPU available: False, using: 0 TPU cores
HPU available: False, using: 0 HPUs
SLURM auto-requeueing enabled. Setting signal handlers.
Monitored metric train_loss did not improve in the last 236 records. Best score: 0.031. Signaling Trainer to stop.
GPU available: False, used: False
TPU available: False, using: 0 TPU cores
HPU available: False, using: 0 HPUs
SLURM auto-requeueing enabled. Setting signal handlers.
[I 2024-11-01 22:43:10,059] Trial 207 finished with value: 0.2882232666015625 and parameters: {'hidden_dim': 255, 'n_layers': 5, 'dropout': 0.3936616154407371, 'input_chunk_length': 114, 'learning_rate': 0.0008581853335201186, 'batch_size': 32}. Best is trial 0 with value: 0.07914793491363525.
GPU available: False, used: False
TPU available: False, using: 0 TPU cores
HPU available: False, using: 0 HPUs
SLURM auto-requeueing enabled. Setting signal handlers.
Monitored metric train_loss did not improve in the last 237 records. Best score: 0.031. Signaling Trainer to stop.
GPU available: False, used: False
TPU available: False, using: 0 TPU cores
HPU available: False, using: 0 HPUs
SLURM auto-requeueing enabled. Setting signal handlers.
[I 2024-11-01 22:47:05,748] Trial 208 finished with value: 0.20360691845417023 and parameters: {'hidden_dim': 251, 'n_layers': 5, 'dropout': 0.40262952147327163, 'input_chunk_length': 109, 'learning_rate': 0.0006697324927306394, 'batch_size': 32}. Best is trial 0 with value: 0.07914793491363525.
GPU available: False, used: False
TPU available: False, using: 0 TPU cores
HPU available: False, using: 0 HPUs
SLURM auto-requeueing enabled. Setting signal handlers.
Monitored metric train_loss did not improve in the last 238 records. Best score: 0.031. Signaling Trainer to stop.
GPU available: False, used: False
TPU available: False, using: 0 TPU cores
HPU available: False, using: 0 HPUs
SLURM auto-requeueing enabled. Setting signal handlers.
[I 2024-11-01 22:51:26,234] Trial 209 finished with value: 0.2916863262653351 and parameters: {'hidden_dim': 255, 'n_layers': 5, 'dropout': 0.37969428724910415, 'input_chunk_length': 116, 'learning_rate': 0.0007996618783944649, 'batch_size': 32}. Best is trial 0 with value: 0.07914793491363525.
GPU available: False, used: False
TPU available: False, using: 0 TPU cores
HPU available: False, using: 0 HPUs
SLURM auto-requeueing enabled. Setting signal handlers.
Monitored metric train_loss did not improve in the last 239 records. Best score: 0.031. Signaling Trainer to stop.
GPU available: False, used: False
TPU available: False, using: 0 TPU cores
HPU available: False, using: 0 HPUs
SLURM auto-requeueing enabled. Setting signal handlers.
[I 2024-11-01 22:54:20,795] Trial 210 finished with value: 0.40621593594551086 and parameters: {'hidden_dim': 256, 'n_layers': 5, 'dropout': 0.4191745369825797, 'input_chunk_length': 80, 'learning_rate': 1.4660730673433125e-05, 'batch_size': 32}. Best is trial 0 with value: 0.07914793491363525.
GPU available: False, used: False
TPU available: False, using: 0 TPU cores
HPU available: False, using: 0 HPUs
SLURM auto-requeueing enabled. Setting signal handlers.
Monitored metric train_loss did not improve in the last 240 records. Best score: 0.031. Signaling Trainer to stop.
GPU available: False, used: False
TPU available: False, using: 0 TPU cores
HPU available: False, using: 0 HPUs
SLURM auto-requeueing enabled. Setting signal handlers.
[I 2024-11-01 22:58:09,281] Trial 211 finished with value: 0.20825700461864471 and parameters: {'hidden_dim': 245, 'n_layers': 5, 'dropout': 0.4288728220706475, 'input_chunk_length': 107, 'learning_rate': 0.0005097181944529264, 'batch_size': 32}. Best is trial 0 with value: 0.07914793491363525.
GPU available: False, used: False
TPU available: False, using: 0 TPU cores
HPU available: False, using: 0 HPUs
SLURM auto-requeueing enabled. Setting signal handlers.
Monitored metric train_loss did not improve in the last 241 records. Best score: 0.031. Signaling Trainer to stop.
GPU available: False, used: False
TPU available: False, using: 0 TPU cores
HPU available: False, using: 0 HPUs
SLURM auto-requeueing enabled. Setting signal handlers.
[I 2024-11-01 23:02:02,126] Trial 212 finished with value: 0.28419971466064453 and parameters: {'hidden_dim': 248, 'n_layers': 5, 'dropout': 0.4372259689830295, 'input_chunk_length': 111, 'learning_rate': 0.0010441725528282716, 'batch_size': 32}. Best is trial 0 with value: 0.07914793491363525.
GPU available: False, used: False
TPU available: False, using: 0 TPU cores
HPU available: False, using: 0 HPUs
SLURM auto-requeueing enabled. Setting signal handlers.
Monitored metric train_loss did not improve in the last 242 records. Best score: 0.031. Signaling Trainer to stop.
GPU available: False, used: False
TPU available: False, using: 0 TPU cores
HPU available: False, using: 0 HPUs
SLURM auto-requeueing enabled. Setting signal handlers.
[I 2024-11-01 23:05:35,961] Trial 213 finished with value: 0.22546574473381042 and parameters: {'hidden_dim': 242, 'n_layers': 5, 'dropout': 0.4116856808378566, 'input_chunk_length': 102, 'learning_rate': 0.0005881542618159356, 'batch_size': 32}. Best is trial 0 with value: 0.07914793491363525.
GPU available: False, used: False
TPU available: False, using: 0 TPU cores
HPU available: False, using: 0 HPUs
SLURM auto-requeueing enabled. Setting signal handlers.
Monitored metric train_loss did not improve in the last 243 records. Best score: 0.031. Signaling Trainer to stop.
GPU available: False, used: False
TPU available: False, using: 0 TPU cores
HPU available: False, using: 0 HPUs
SLURM auto-requeueing enabled. Setting signal handlers.
[I 2024-11-01 23:07:20,099] Trial 214 finished with value: 0.26265791058540344 and parameters: {'hidden_dim': 115, 'n_layers': 3, 'dropout': 0.42905929692085804, 'input_chunk_length': 113, 'learning_rate': 0.0008901850480071481, 'batch_size': 32}. Best is trial 0 with value: 0.07914793491363525.
GPU available: False, used: False
TPU available: False, using: 0 TPU cores
HPU available: False, using: 0 HPUs
SLURM auto-requeueing enabled. Setting signal handlers.
Monitored metric train_loss did not improve in the last 244 records. Best score: 0.031. Signaling Trainer to stop.
GPU available: False, used: False
TPU available: False, using: 0 TPU cores
HPU available: False, using: 0 HPUs
SLURM auto-requeueing enabled. Setting signal handlers.
[I 2024-11-01 23:11:10,026] Trial 215 finished with value: 0.17315863072872162 and parameters: {'hidden_dim': 250, 'n_layers': 5, 'dropout': 0.44127727057821364, 'input_chunk_length': 105, 'learning_rate': 0.0012356145104098814, 'batch_size': 32}. Best is trial 0 with value: 0.07914793491363525.
GPU available: False, used: False
TPU available: False, using: 0 TPU cores
HPU available: False, using: 0 HPUs
SLURM auto-requeueing enabled. Setting signal handlers.
Monitored metric train_loss did not improve in the last 245 records. Best score: 0.031. Signaling Trainer to stop.
GPU available: False, used: False
TPU available: False, using: 0 TPU cores
HPU available: False, using: 0 HPUs
SLURM auto-requeueing enabled. Setting signal handlers.
[I 2024-11-01 23:13:39,158] Trial 216 finished with value: 0.18274101614952087 and parameters: {'hidden_dim': 171, 'n_layers': 5, 'dropout': 0.44098367647990533, 'input_chunk_length': 105, 'learning_rate': 0.0012347064336749388, 'batch_size': 64}. Best is trial 0 with value: 0.07914793491363525.
GPU available: False, used: False
TPU available: False, using: 0 TPU cores
HPU available: False, using: 0 HPUs
SLURM auto-requeueing enabled. Setting signal handlers.
Monitored metric train_loss did not improve in the last 246 records. Best score: 0.031. Signaling Trainer to stop.
GPU available: False, used: False
TPU available: False, using: 0 TPU cores
HPU available: False, using: 0 HPUs
SLURM auto-requeueing enabled. Setting signal handlers.
[I 2024-11-01 23:17:25,625] Trial 217 finished with value: 0.18970926105976105 and parameters: {'hidden_dim': 256, 'n_layers': 5, 'dropout': 0.4198732216696073, 'input_chunk_length': 108, 'learning_rate': 0.0007050243009268483, 'batch_size': 32}. Best is trial 0 with value: 0.07914793491363525.
GPU available: False, used: False
TPU available: False, using: 0 TPU cores
HPU available: False, using: 0 HPUs
SLURM auto-requeueing enabled. Setting signal handlers.
Monitored metric train_loss did not improve in the last 247 records. Best score: 0.031. Signaling Trainer to stop.
GPU available: False, used: False
TPU available: False, using: 0 TPU cores
HPU available: False, using: 0 HPUs
SLURM auto-requeueing enabled. Setting signal handlers.
[I 2024-11-01 23:21:47,577] Trial 218 finished with value: 0.29540929198265076 and parameters: {'hidden_dim': 251, 'n_layers': 5, 'dropout': 0.15064287891035577, 'input_chunk_length': 118, 'learning_rate': 0.001075411794886018, 'batch_size': 32}. Best is trial 0 with value: 0.07914793491363525.
GPU available: False, used: False
TPU available: False, using: 0 TPU cores
HPU available: False, using: 0 HPUs
SLURM auto-requeueing enabled. Setting signal handlers.
Monitored metric train_loss did not improve in the last 248 records. Best score: 0.031. Signaling Trainer to stop.
GPU available: False, used: False
TPU available: False, using: 0 TPU cores
HPU available: False, using: 0 HPUs
SLURM auto-requeueing enabled. Setting signal handlers.
[I 2024-11-01 23:24:18,974] Trial 219 finished with value: 0.19456037878990173 and parameters: {'hidden_dim': 159, 'n_layers': 5, 'dropout': 0.40146163616034375, 'input_chunk_length': 110, 'learning_rate': 0.001415163634049219, 'batch_size': 32}. Best is trial 0 with value: 0.07914793491363525.
GPU available: False, used: False
TPU available: False, using: 0 TPU cores
HPU available: False, using: 0 HPUs
SLURM auto-requeueing enabled. Setting signal handlers.
Monitored metric train_loss did not improve in the last 249 records. Best score: 0.031. Signaling Trainer to stop.
GPU available: False, used: False
TPU available: False, using: 0 TPU cores
HPU available: False, using: 0 HPUs
SLURM auto-requeueing enabled. Setting signal handlers.
[I 2024-11-01 23:28:08,241] Trial 220 finished with value: 0.3108339011669159 and parameters: {'hidden_dim': 238, 'n_layers': 5, 'dropout': 0.45389226939737237, 'input_chunk_length': 113, 'learning_rate': 0.00079685546072764, 'batch_size': 32}. Best is trial 0 with value: 0.07914793491363525.
GPU available: False, used: False
TPU available: False, using: 0 TPU cores
HPU available: False, using: 0 HPUs
SLURM auto-requeueing enabled. Setting signal handlers.
Monitored metric train_loss did not improve in the last 250 records. Best score: 0.031. Signaling Trainer to stop.
GPU available: False, used: False
TPU available: False, using: 0 TPU cores
HPU available: False, using: 0 HPUs
SLURM auto-requeueing enabled. Setting signal handlers.
[I 2024-11-01 23:32:03,126] Trial 221 finished with value: 0.20762458443641663 and parameters: {'hidden_dim': 249, 'n_layers': 5, 'dropout': 0.44289970996479866, 'input_chunk_length': 103, 'learning_rate': 0.001543803740453069, 'batch_size': 32}. Best is trial 0 with value: 0.07914793491363525.
GPU available: False, used: False
TPU available: False, using: 0 TPU cores
HPU available: False, using: 0 HPUs
SLURM auto-requeueing enabled. Setting signal handlers.
Monitored metric train_loss did not improve in the last 251 records. Best score: 0.031. Signaling Trainer to stop.
GPU available: False, used: False
TPU available: False, using: 0 TPU cores
HPU available: False, using: 0 HPUs
SLURM auto-requeueing enabled. Setting signal handlers.
[I 2024-11-01 23:35:23,014] Trial 222 finished with value: 0.26244112849235535 and parameters: {'hidden_dim': 244, 'n_layers': 3, 'dropout': 0.43063892974364376, 'input_chunk_length': 107, 'learning_rate': 0.0009565237311709571, 'batch_size': 32}. Best is trial 0 with value: 0.07914793491363525.
GPU available: False, used: False
TPU available: False, using: 0 TPU cores
HPU available: False, using: 0 HPUs
SLURM auto-requeueing enabled. Setting signal handlers.
Monitored metric train_loss did not improve in the last 252 records. Best score: 0.031. Signaling Trainer to stop.
GPU available: False, used: False
TPU available: False, using: 0 TPU cores
HPU available: False, using: 0 HPUs
SLURM auto-requeueing enabled. Setting signal handlers.
[I 2024-11-01 23:39:02,157] Trial 223 finished with value: 0.3611951172351837 and parameters: {'hidden_dim': 253, 'n_layers': 5, 'dropout': 0.1192141380707834, 'input_chunk_length': 97, 'learning_rate': 0.001828774181185751, 'batch_size': 32}. Best is trial 0 with value: 0.07914793491363525.
GPU available: False, used: False
TPU available: False, using: 0 TPU cores
HPU available: False, using: 0 HPUs
SLURM auto-requeueing enabled. Setting signal handlers.
Monitored metric train_loss did not improve in the last 253 records. Best score: 0.031. Signaling Trainer to stop.
GPU available: False, used: False
TPU available: False, using: 0 TPU cores
HPU available: False, using: 0 HPUs
SLURM auto-requeueing enabled. Setting signal handlers.
[I 2024-11-01 23:42:04,193] Trial 224 finished with value: 0.30029216408729553 and parameters: {'hidden_dim': 208, 'n_layers': 5, 'dropout': 0.45151346316118596, 'input_chunk_length': 115, 'learning_rate': 0.0011610679118234247, 'batch_size': 32}. Best is trial 0 with value: 0.07914793491363525.
GPU available: False, used: False
TPU available: False, using: 0 TPU cores
HPU available: False, using: 0 HPUs
SLURM auto-requeueing enabled. Setting signal handlers.
Monitored metric train_loss did not improve in the last 254 records. Best score: 0.031. Signaling Trainer to stop.
GPU available: False, used: False
TPU available: False, using: 0 TPU cores
HPU available: False, using: 0 HPUs
SLURM auto-requeueing enabled. Setting signal handlers.
[I 2024-11-01 23:45:39,188] Trial 225 finished with value: 0.1837698370218277 and parameters: {'hidden_dim': 247, 'n_layers': 5, 'dropout': 0.13324576582863276, 'input_chunk_length': 105, 'learning_rate': 0.0013376629712883751, 'batch_size': 32}. Best is trial 0 with value: 0.07914793491363525.
GPU available: False, used: False
TPU available: False, using: 0 TPU cores
HPU available: False, using: 0 HPUs
SLURM auto-requeueing enabled. Setting signal handlers.
Monitored metric train_loss did not improve in the last 255 records. Best score: 0.031. Signaling Trainer to stop.
GPU available: False, used: False
TPU available: False, using: 0 TPU cores
HPU available: False, using: 0 HPUs
SLURM auto-requeueing enabled. Setting signal handlers.
[I 2024-11-01 23:49:08,943] Trial 226 finished with value: 0.239911749958992 and parameters: {'hidden_dim': 252, 'n_layers': 5, 'dropout': 0.4613064393956974, 'input_chunk_length': 100, 'learning_rate': 0.0006341160425887853, 'batch_size': 32}. Best is trial 0 with value: 0.07914793491363525.
GPU available: False, used: False
TPU available: False, using: 0 TPU cores
HPU available: False, using: 0 HPUs
SLURM auto-requeueing enabled. Setting signal handlers.
Monitored metric train_loss did not improve in the last 256 records. Best score: 0.031. Signaling Trainer to stop.
GPU available: False, used: False
TPU available: False, using: 0 TPU cores
HPU available: False, using: 0 HPUs
SLURM auto-requeueing enabled. Setting signal handlers.
[I 2024-11-01 23:50:59,436] Trial 227 finished with value: 0.17242226004600525 and parameters: {'hidden_dim': 123, 'n_layers': 5, 'dropout': 0.29851068465418146, 'input_chunk_length': 111, 'learning_rate': 0.0016295959919429232, 'batch_size': 32}. Best is trial 0 with value: 0.07914793491363525.
GPU available: False, used: False
TPU available: False, using: 0 TPU cores
HPU available: False, using: 0 HPUs
SLURM auto-requeueing enabled. Setting signal handlers.
Monitored metric train_loss did not improve in the last 257 records. Best score: 0.031. Signaling Trainer to stop.
GPU available: False, used: False
TPU available: False, using: 0 TPU cores
HPU available: False, using: 0 HPUs
SLURM auto-requeueing enabled. Setting signal handlers.
[I 2024-11-01 23:52:52,483] Trial 228 finished with value: 0.31600627303123474 and parameters: {'hidden_dim': 126, 'n_layers': 5, 'dropout': 0.2759205635453309, 'input_chunk_length': 111, 'learning_rate': 0.00047036179390954464, 'batch_size': 32}. Best is trial 0 with value: 0.07914793491363525.
GPU available: False, used: False
TPU available: False, using: 0 TPU cores
HPU available: False, using: 0 HPUs
SLURM auto-requeueing enabled. Setting signal handlers.
Monitored metric train_loss did not improve in the last 258 records. Best score: 0.031. Signaling Trainer to stop.
GPU available: False, used: False
TPU available: False, using: 0 TPU cores
HPU available: False, using: 0 HPUs
SLURM auto-requeueing enabled. Setting signal handlers.
[I 2024-11-01 23:54:44,582] Trial 229 finished with value: 0.3003022074699402 and parameters: {'hidden_dim': 121, 'n_layers': 5, 'dropout': 0.2942462463889883, 'input_chunk_length': 115, 'learning_rate': 0.0016573060802633442, 'batch_size': 32}. Best is trial 0 with value: 0.07914793491363525.
GPU available: False, used: False
TPU available: False, using: 0 TPU cores
HPU available: False, using: 0 HPUs
SLURM auto-requeueing enabled. Setting signal handlers.
Monitored metric train_loss did not improve in the last 259 records. Best score: 0.031. Signaling Trainer to stop.
GPU available: False, used: False
TPU available: False, using: 0 TPU cores
HPU available: False, using: 0 HPUs
SLURM auto-requeueing enabled. Setting signal handlers.
[I 2024-11-01 23:56:34,178] Trial 230 finished with value: 0.15848305821418762 and parameters: {'hidden_dim': 130, 'n_layers': 5, 'dropout': 0.2722723757687474, 'input_chunk_length': 109, 'learning_rate': 0.0007379387799794928, 'batch_size': 32}. Best is trial 0 with value: 0.07914793491363525.
GPU available: False, used: False
TPU available: False, using: 0 TPU cores
HPU available: False, using: 0 HPUs
SLURM auto-requeueing enabled. Setting signal handlers.
Monitored metric train_loss did not improve in the last 260 records. Best score: 0.031. Signaling Trainer to stop.
GPU available: False, used: False
TPU available: False, using: 0 TPU cores
HPU available: False, using: 0 HPUs
SLURM auto-requeueing enabled. Setting signal handlers.
