[I 2024-11-04 18:40:22,779] Trial 496 finished with value: 0.2983139455318451 and parameters: {'hidden_dim': 201, 'n_layers': 3, 'dropout': 0.14650714290656106, 'input_chunk_length': 109, 'learning_rate': 0.000279671830066734, 'batch_size': 32}. Best is trial 1 with value: 0.12519845366477966.
GPU available: True (cuda), used: True
TPU available: False, using: 0 TPU cores
HPU available: False, using: 0 HPUs
LOCAL_RANK: 0 - CUDA_VISIBLE_DEVICES: [0,1,2,3]
SLURM auto-requeueing enabled. Setting signal handlers.
Monitored metric train_loss did not improve in the last 555 records. Best score: 0.059. Signaling Trainer to stop.
GPU available: True (cuda), used: True
TPU available: False, using: 0 TPU cores
HPU available: False, using: 0 HPUs
LOCAL_RANK: 0 - CUDA_VISIBLE_DEVICES: [0,1,2,3]
SLURM auto-requeueing enabled. Setting signal handlers.
[I 2024-11-04 18:40:40,510] Trial 497 finished with value: 0.33819580078125 and parameters: {'hidden_dim': 182, 'n_layers': 3, 'dropout': 0.025413834089543307, 'input_chunk_length': 110, 'learning_rate': 0.0012391196401801573, 'batch_size': 32}. Best is trial 1 with value: 0.12519845366477966.
GPU available: True (cuda), used: True
TPU available: False, using: 0 TPU cores
HPU available: False, using: 0 HPUs
LOCAL_RANK: 0 - CUDA_VISIBLE_DEVICES: [0,1,2,3]
SLURM auto-requeueing enabled. Setting signal handlers.
Monitored metric train_loss did not improve in the last 556 records. Best score: 0.059. Signaling Trainer to stop.
GPU available: True (cuda), used: True
TPU available: False, using: 0 TPU cores
HPU available: False, using: 0 HPUs
LOCAL_RANK: 0 - CUDA_VISIBLE_DEVICES: [0,1,2,3]
SLURM auto-requeueing enabled. Setting signal handlers.
[I 2024-11-04 18:40:55,594] Trial 498 finished with value: 0.3315823972225189 and parameters: {'hidden_dim': 199, 'n_layers': 1, 'dropout': 0.15230587989681124, 'input_chunk_length': 84, 'learning_rate': 7.006489167580707e-05, 'batch_size': 32}. Best is trial 1 with value: 0.12519845366477966.
GPU available: True (cuda), used: True
TPU available: False, using: 0 TPU cores
HPU available: False, using: 0 HPUs
LOCAL_RANK: 0 - CUDA_VISIBLE_DEVICES: [0,1,2,3]
SLURM auto-requeueing enabled. Setting signal handlers.
Monitored metric train_loss did not improve in the last 557 records. Best score: 0.059. Signaling Trainer to stop.
GPU available: True (cuda), used: True
TPU available: False, using: 0 TPU cores
HPU available: False, using: 0 HPUs
LOCAL_RANK: 0 - CUDA_VISIBLE_DEVICES: [0,1,2,3]
SLURM auto-requeueing enabled. Setting signal handlers.
[I 2024-11-04 18:41:12,039] Trial 499 finished with value: 0.3853326737880707 and parameters: {'hidden_dim': 158, 'n_layers': 3, 'dropout': 0.17613851080704135, 'input_chunk_length': 112, 'learning_rate': 0.0002702233024669087, 'batch_size': 32}. Best is trial 1 with value: 0.12519845366477966.
GPU available: True (cuda), used: True
TPU available: False, using: 0 TPU cores
HPU available: False, using: 0 HPUs
LOCAL_RANK: 0 - CUDA_VISIBLE_DEVICES: [0,1,2,3]

   | Name                              | Type                             | Params | Mode 
------------------------------------------------------------------------------------------------
0  | train_metrics                     | MetricCollection                 | 0      | train
1  | val_metrics                       | MetricCollection                 | 0      | train
2  | input_embeddings                  | _MultiEmbedding                  | 0      | train
3  | static_covariates_vsn             | _VariableSelectionNetwork        | 0      | train
4  | encoder_vsn                       | _VariableSelectionNetwork        | 132 K  | train
5  | decoder_vsn                       | _VariableSelectionNetwork        | 125 K  | train
6  | static_context_grn                | _GatedResidualNetwork            | 243 K  | train
7  | static_context_hidden_encoder_grn | _GatedResidualNetwork            | 243 K  | train
8  | static_context_cell_encoder_grn   | _GatedResidualNetwork            | 243 K  | train
9  | static_context_enrichment         | _GatedResidualNetwork            | 243 K  | train
10 | lstm_encoder                      | LSTM                             | 972 K  | train
11 | lstm_decoder                      | LSTM                             | 972 K  | train
12 | post_lstm_gan                     | _GateAddNorm                     | 122 K  | train
13 | static_enrichment_grn             | _GatedResidualNetwork            | 304 K  | train
14 | multihead_attn                    | _InterpretableMultiHeadAttention | 150 K  | train
15 | post_attn_gan                     | _GateAddNorm                     | 122 K  | train
16 | feed_forward_block                | _GatedResidualNetwork            | 243 K  | train
17 | pre_output_gan                    | _GateAddNorm                     | 122 K  | train
18 | output_layer                      | Linear                           | 4.2 K  | train
------------------------------------------------------------------------------------------------
4.2 M     Trainable params
0         Non-trainable params
4.2 M     Total params
16.980    Total estimated model params size (MB)
738       Modules in train mode
0         Modules in eval mode
SLURM auto-requeueing enabled. Setting signal handlers.
`Trainer.fit` stopped: `max_epochs=80` reached.
GPU available: True (cuda), used: True
TPU available: False, using: 0 TPU cores
HPU available: False, using: 0 HPUs
LOCAL_RANK: 0 - CUDA_VISIBLE_DEVICES: [0,1,2,3]
SLURM auto-requeueing enabled. Setting signal handlers.
