[I 2024-11-05 04:56:13,554] Trial 122 finished with value: 0.3175727427005768 and parameters: {'hidden_dim': 295, 'n_layers': 1, 'dropout': 0.030377820967549027, 'input_chunk_length': 117, 'learning_rate': 0.00022822955837617073, 'batch_size': 32}. Best is trial 0 with value: 0.11645901203155518.
GPU available: True (cuda), used: True
TPU available: False, using: 0 TPU cores
HPU available: False, using: 0 HPUs
LOCAL_RANK: 0 - CUDA_VISIBLE_DEVICES: [0,1,2,3]
SLURM auto-requeueing enabled. Setting signal handlers.
Monitored metric train_loss did not improve in the last 181 records. Best score: 0.055. Signaling Trainer to stop.
GPU available: True (cuda), used: True
TPU available: False, using: 0 TPU cores
HPU available: False, using: 0 HPUs
LOCAL_RANK: 0 - CUDA_VISIBLE_DEVICES: [0,1,2,3]
SLURM auto-requeueing enabled. Setting signal handlers.
[I 2024-11-05 04:56:34,587] Trial 123 finished with value: 0.30014240741729736 and parameters: {'hidden_dim': 250, 'n_layers': 1, 'dropout': 0.07553863746252135, 'input_chunk_length': 104, 'learning_rate': 0.0007174708211386064, 'batch_size': 32}. Best is trial 0 with value: 0.11645901203155518.
GPU available: True (cuda), used: True
TPU available: False, using: 0 TPU cores
HPU available: False, using: 0 HPUs
LOCAL_RANK: 0 - CUDA_VISIBLE_DEVICES: [0,1,2,3]
SLURM auto-requeueing enabled. Setting signal handlers.
Monitored metric train_loss did not improve in the last 182 records. Best score: 0.055. Signaling Trainer to stop.
GPU available: True (cuda), used: True
TPU available: False, using: 0 TPU cores
HPU available: False, using: 0 HPUs
LOCAL_RANK: 0 - CUDA_VISIBLE_DEVICES: [0,1,2,3]
SLURM auto-requeueing enabled. Setting signal handlers.
[I 2024-11-05 04:56:57,009] Trial 124 finished with value: 0.28804680705070496 and parameters: {'hidden_dim': 265, 'n_layers': 1, 'dropout': 0.4801707740131623, 'input_chunk_length': 115, 'learning_rate': 0.00016927144397142706, 'batch_size': 32}. Best is trial 0 with value: 0.11645901203155518.
GPU available: True (cuda), used: True
TPU available: False, using: 0 TPU cores
HPU available: False, using: 0 HPUs
LOCAL_RANK: 0 - CUDA_VISIBLE_DEVICES: [0,1,2,3]
SLURM auto-requeueing enabled. Setting signal handlers.
Monitored metric train_loss did not improve in the last 183 records. Best score: 0.055. Signaling Trainer to stop.
GPU available: True (cuda), used: True
TPU available: False, using: 0 TPU cores
HPU available: False, using: 0 HPUs
LOCAL_RANK: 0 - CUDA_VISIBLE_DEVICES: [0,1,2,3]
SLURM auto-requeueing enabled. Setting signal handlers.
[I 2024-11-05 04:57:20,852] Trial 125 finished with value: 0.30337321758270264 and parameters: {'hidden_dim': 322, 'n_layers': 1, 'dropout': 0.2578003833741386, 'input_chunk_length': 127, 'learning_rate': 0.00026789253711557857, 'batch_size': 32}. Best is trial 0 with value: 0.11645901203155518.
GPU available: True (cuda), used: True
TPU available: False, using: 0 TPU cores
HPU available: False, using: 0 HPUs
LOCAL_RANK: 0 - CUDA_VISIBLE_DEVICES: [0,1,2,3]
SLURM auto-requeueing enabled. Setting signal handlers.
Monitored metric train_loss did not improve in the last 184 records. Best score: 0.055. Signaling Trainer to stop.
GPU available: True (cuda), used: True
TPU available: False, using: 0 TPU cores
HPU available: False, using: 0 HPUs
LOCAL_RANK: 0 - CUDA_VISIBLE_DEVICES: [0,1,2,3]
SLURM auto-requeueing enabled. Setting signal handlers.
[I 2024-11-05 04:57:43,382] Trial 126 finished with value: 0.2998321056365967 and parameters: {'hidden_dim': 241, 'n_layers': 1, 'dropout': 0.016272208618314465, 'input_chunk_length': 121, 'learning_rate': 0.0004551026261101211, 'batch_size': 32}. Best is trial 0 with value: 0.11645901203155518.
GPU available: True (cuda), used: True
TPU available: False, using: 0 TPU cores
HPU available: False, using: 0 HPUs
LOCAL_RANK: 0 - CUDA_VISIBLE_DEVICES: [0,1,2,3]
SLURM auto-requeueing enabled. Setting signal handlers.
Monitored metric train_loss did not improve in the last 185 records. Best score: 0.055. Signaling Trainer to stop.
GPU available: True (cuda), used: True
TPU available: False, using: 0 TPU cores
HPU available: False, using: 0 HPUs
LOCAL_RANK: 0 - CUDA_VISIBLE_DEVICES: [0,1,2,3]
SLURM auto-requeueing enabled. Setting signal handlers.
[I 2024-11-05 04:58:10,202] Trial 127 finished with value: 0.30855149030685425 and parameters: {'hidden_dim': 302, 'n_layers': 5, 'dropout': 0.06338635954050495, 'input_chunk_length': 110, 'learning_rate': 0.0005160718931398557, 'batch_size': 32}. Best is trial 0 with value: 0.11645901203155518.
GPU available: True (cuda), used: True
TPU available: False, using: 0 TPU cores
HPU available: False, using: 0 HPUs
LOCAL_RANK: 0 - CUDA_VISIBLE_DEVICES: [0,1,2,3]
SLURM auto-requeueing enabled. Setting signal handlers.
Monitored metric train_loss did not improve in the last 186 records. Best score: 0.055. Signaling Trainer to stop.
GPU available: True (cuda), used: True
TPU available: False, using: 0 TPU cores
HPU available: False, using: 0 HPUs
LOCAL_RANK: 0 - CUDA_VISIBLE_DEVICES: [0,1,2,3]
SLURM auto-requeueing enabled. Setting signal handlers.
[I 2024-11-05 04:58:33,775] Trial 128 finished with value: 0.26357564330101013 and parameters: {'hidden_dim': 333, 'n_layers': 2, 'dropout': 0.09638815115817634, 'input_chunk_length': 107, 'learning_rate': 0.0003335383154348558, 'batch_size': 32}. Best is trial 0 with value: 0.11645901203155518.
GPU available: True (cuda), used: True
TPU available: False, using: 0 TPU cores
HPU available: False, using: 0 HPUs
LOCAL_RANK: 0 - CUDA_VISIBLE_DEVICES: [0,1,2,3]
SLURM auto-requeueing enabled. Setting signal handlers.
Monitored metric train_loss did not improve in the last 187 records. Best score: 0.055. Signaling Trainer to stop.
GPU available: True (cuda), used: True
TPU available: False, using: 0 TPU cores
HPU available: False, using: 0 HPUs
LOCAL_RANK: 0 - CUDA_VISIBLE_DEVICES: [0,1,2,3]
SLURM auto-requeueing enabled. Setting signal handlers.
[I 2024-11-05 04:58:56,884] Trial 129 finished with value: 0.7196740508079529 and parameters: {'hidden_dim': 312, 'n_layers': 2, 'dropout': 0.0968856644420902, 'input_chunk_length': 114, 'learning_rate': 0.004660284406101199, 'batch_size': 32}. Best is trial 0 with value: 0.11645901203155518.
GPU available: True (cuda), used: True
TPU available: False, using: 0 TPU cores
HPU available: False, using: 0 HPUs
LOCAL_RANK: 0 - CUDA_VISIBLE_DEVICES: [0,1,2,3]
SLURM auto-requeueing enabled. Setting signal handlers.
Monitored metric train_loss did not improve in the last 188 records. Best score: 0.055. Signaling Trainer to stop.
GPU available: True (cuda), used: True
TPU available: False, using: 0 TPU cores
HPU available: False, using: 0 HPUs
LOCAL_RANK: 0 - CUDA_VISIBLE_DEVICES: [0,1,2,3]
SLURM auto-requeueing enabled. Setting signal handlers.
[I 2024-11-05 04:59:19,110] Trial 130 finished with value: 0.29668089747428894 and parameters: {'hidden_dim': 288, 'n_layers': 2, 'dropout': 0.11916337621725728, 'input_chunk_length': 106, 'learning_rate': 0.0003579964808843814, 'batch_size': 32}. Best is trial 0 with value: 0.11645901203155518.
GPU available: True (cuda), used: True
TPU available: False, using: 0 TPU cores
HPU available: False, using: 0 HPUs
LOCAL_RANK: 0 - CUDA_VISIBLE_DEVICES: [0,1,2,3]
SLURM auto-requeueing enabled. Setting signal handlers.
Monitored metric train_loss did not improve in the last 189 records. Best score: 0.055. Signaling Trainer to stop.
GPU available: True (cuda), used: True
TPU available: False, using: 0 TPU cores
HPU available: False, using: 0 HPUs
LOCAL_RANK: 0 - CUDA_VISIBLE_DEVICES: [0,1,2,3]
SLURM auto-requeueing enabled. Setting signal handlers.
[I 2024-11-05 04:59:41,903] Trial 131 finished with value: 0.2926684319972992 and parameters: {'hidden_dim': 332, 'n_layers': 2, 'dropout': 0.05547373861202667, 'input_chunk_length': 100, 'learning_rate': 0.0003998282007901426, 'batch_size': 32}. Best is trial 0 with value: 0.11645901203155518.
GPU available: True (cuda), used: True
TPU available: False, using: 0 TPU cores
HPU available: False, using: 0 HPUs
LOCAL_RANK: 0 - CUDA_VISIBLE_DEVICES: [0,1,2,3]
SLURM auto-requeueing enabled. Setting signal handlers.
Monitored metric train_loss did not improve in the last 190 records. Best score: 0.055. Signaling Trainer to stop.
GPU available: True (cuda), used: True
TPU available: False, using: 0 TPU cores
HPU available: False, using: 0 HPUs
LOCAL_RANK: 0 - CUDA_VISIBLE_DEVICES: [0,1,2,3]
SLURM auto-requeueing enabled. Setting signal handlers.
[I 2024-11-05 05:00:05,680] Trial 132 finished with value: 0.31767338514328003 and parameters: {'hidden_dim': 342, 'n_layers': 2, 'dropout': 0.0018774993810779794, 'input_chunk_length': 108, 'learning_rate': 0.0003264424710609491, 'batch_size': 32}. Best is trial 0 with value: 0.11645901203155518.
GPU available: True (cuda), used: True
TPU available: False, using: 0 TPU cores
HPU available: False, using: 0 HPUs
LOCAL_RANK: 0 - CUDA_VISIBLE_DEVICES: [0,1,2,3]
SLURM auto-requeueing enabled. Setting signal handlers.
Monitored metric train_loss did not improve in the last 191 records. Best score: 0.055. Signaling Trainer to stop.
GPU available: True (cuda), used: True
TPU available: False, using: 0 TPU cores
HPU available: False, using: 0 HPUs
LOCAL_RANK: 0 - CUDA_VISIBLE_DEVICES: [0,1,2,3]
SLURM auto-requeueing enabled. Setting signal handlers.
[I 2024-11-05 05:00:30,939] Trial 133 finished with value: 0.3018417954444885 and parameters: {'hidden_dim': 354, 'n_layers': 2, 'dropout': 0.14674766182288337, 'input_chunk_length': 117, 'learning_rate': 0.0005893792892201826, 'batch_size': 32}. Best is trial 0 with value: 0.11645901203155518.
GPU available: True (cuda), used: True
TPU available: False, using: 0 TPU cores
HPU available: False, using: 0 HPUs
LOCAL_RANK: 0 - CUDA_VISIBLE_DEVICES: [0,1,2,3]
SLURM auto-requeueing enabled. Setting signal handlers.
Monitored metric train_loss did not improve in the last 192 records. Best score: 0.055. Signaling Trainer to stop.
GPU available: True (cuda), used: True
TPU available: False, using: 0 TPU cores
HPU available: False, using: 0 HPUs
LOCAL_RANK: 0 - CUDA_VISIBLE_DEVICES: [0,1,2,3]
SLURM auto-requeueing enabled. Setting signal handlers.
[I 2024-11-05 05:00:53,325] Trial 134 finished with value: 0.3346171975135803 and parameters: {'hidden_dim': 373, 'n_layers': 1, 'dropout': 0.3119488799248527, 'input_chunk_length': 90, 'learning_rate': 0.0008142763243892774, 'batch_size': 32}. Best is trial 0 with value: 0.11645901203155518.
GPU available: True (cuda), used: True
TPU available: False, using: 0 TPU cores
HPU available: False, using: 0 HPUs
LOCAL_RANK: 0 - CUDA_VISIBLE_DEVICES: [0,1,2,3]
SLURM auto-requeueing enabled. Setting signal handlers.
Monitored metric train_loss did not improve in the last 193 records. Best score: 0.055. Signaling Trainer to stop.
GPU available: True (cuda), used: True
TPU available: False, using: 0 TPU cores
HPU available: False, using: 0 HPUs
LOCAL_RANK: 0 - CUDA_VISIBLE_DEVICES: [0,1,2,3]
SLURM auto-requeueing enabled. Setting signal handlers.
[I 2024-11-05 05:01:15,100] Trial 135 finished with value: 0.33014601469039917 and parameters: {'hidden_dim': 326, 'n_layers': 2, 'dropout': 0.07178197790225947, 'input_chunk_length': 85, 'learning_rate': 0.00023997571473327164, 'batch_size': 32}. Best is trial 0 with value: 0.11645901203155518.
GPU available: True (cuda), used: True
TPU available: False, using: 0 TPU cores
HPU available: False, using: 0 HPUs
LOCAL_RANK: 0 - CUDA_VISIBLE_DEVICES: [0,1,2,3]
SLURM auto-requeueing enabled. Setting signal handlers.
Monitored metric train_loss did not improve in the last 194 records. Best score: 0.055. Signaling Trainer to stop.
GPU available: True (cuda), used: True
TPU available: False, using: 0 TPU cores
HPU available: False, using: 0 HPUs
LOCAL_RANK: 0 - CUDA_VISIBLE_DEVICES: [0,1,2,3]
SLURM auto-requeueing enabled. Setting signal handlers.
[I 2024-11-05 05:01:36,086] Trial 136 finished with value: 0.2847403585910797 and parameters: {'hidden_dim': 276, 'n_layers': 1, 'dropout': 0.0905742495719051, 'input_chunk_length': 103, 'learning_rate': 0.00040715357952893195, 'batch_size': 32}. Best is trial 0 with value: 0.11645901203155518.
GPU available: True (cuda), used: True
TPU available: False, using: 0 TPU cores
HPU available: False, using: 0 HPUs
LOCAL_RANK: 0 - CUDA_VISIBLE_DEVICES: [0,1,2,3]
SLURM auto-requeueing enabled. Setting signal handlers.
Monitored metric train_loss did not improve in the last 195 records. Best score: 0.055. Signaling Trainer to stop.
GPU available: True (cuda), used: True
TPU available: False, using: 0 TPU cores
HPU available: False, using: 0 HPUs
LOCAL_RANK: 0 - CUDA_VISIBLE_DEVICES: [0,1,2,3]
SLURM auto-requeueing enabled. Setting signal handlers.
[I 2024-11-05 05:01:57,563] Trial 137 finished with value: 0.33850303292274475 and parameters: {'hidden_dim': 269, 'n_layers': 1, 'dropout': 0.08638568537060863, 'input_chunk_length': 104, 'learning_rate': 0.00019891504017497826, 'batch_size': 32}. Best is trial 0 with value: 0.11645901203155518.
GPU available: True (cuda), used: True
TPU available: False, using: 0 TPU cores
HPU available: False, using: 0 HPUs
LOCAL_RANK: 0 - CUDA_VISIBLE_DEVICES: [0,1,2,3]
SLURM auto-requeueing enabled. Setting signal handlers.
Monitored metric train_loss did not improve in the last 196 records. Best score: 0.055. Signaling Trainer to stop.
GPU available: True (cuda), used: True
TPU available: False, using: 0 TPU cores
HPU available: False, using: 0 HPUs
LOCAL_RANK: 0 - CUDA_VISIBLE_DEVICES: [0,1,2,3]
SLURM auto-requeueing enabled. Setting signal handlers.
[I 2024-11-05 05:02:19,102] Trial 138 finished with value: 0.33876150846481323 and parameters: {'hidden_dim': 256, 'n_layers': 1, 'dropout': 0.09640183137341105, 'input_chunk_length': 112, 'learning_rate': 0.00027316757816935993, 'batch_size': 32}. Best is trial 0 with value: 0.11645901203155518.
GPU available: True (cuda), used: True
TPU available: False, using: 0 TPU cores
HPU available: False, using: 0 HPUs
LOCAL_RANK: 0 - CUDA_VISIBLE_DEVICES: [0,1,2,3]
SLURM auto-requeueing enabled. Setting signal handlers.
Monitored metric train_loss did not improve in the last 197 records. Best score: 0.055. Signaling Trainer to stop.
GPU available: True (cuda), used: True
TPU available: False, using: 0 TPU cores
HPU available: False, using: 0 HPUs
LOCAL_RANK: 0 - CUDA_VISIBLE_DEVICES: [0,1,2,3]
SLURM auto-requeueing enabled. Setting signal handlers.
[I 2024-11-05 05:02:40,217] Trial 139 finished with value: 0.3116701543331146 and parameters: {'hidden_dim': 277, 'n_layers': 1, 'dropout': 0.10980991399377862, 'input_chunk_length': 96, 'learning_rate': 0.0004309348881935993, 'batch_size': 32}. Best is trial 0 with value: 0.11645901203155518.
GPU available: True (cuda), used: True
TPU available: False, using: 0 TPU cores
HPU available: False, using: 0 HPUs
LOCAL_RANK: 0 - CUDA_VISIBLE_DEVICES: [0,1,2,3]
SLURM auto-requeueing enabled. Setting signal handlers.
Monitored metric train_loss did not improve in the last 198 records. Best score: 0.055. Signaling Trainer to stop.
GPU available: True (cuda), used: True
TPU available: False, using: 0 TPU cores
HPU available: False, using: 0 HPUs
LOCAL_RANK: 0 - CUDA_VISIBLE_DEVICES: [0,1,2,3]
SLURM auto-requeueing enabled. Setting signal handlers.
[I 2024-11-05 05:02:57,490] Trial 140 finished with value: 0.3114132583141327 and parameters: {'hidden_dim': 300, 'n_layers': 1, 'dropout': 0.04312970306809615, 'input_chunk_length': 10, 'learning_rate': 0.0003278506580510207, 'batch_size': 32}. Best is trial 0 with value: 0.11645901203155518.
GPU available: True (cuda), used: True
TPU available: False, using: 0 TPU cores
HPU available: False, using: 0 HPUs
LOCAL_RANK: 0 - CUDA_VISIBLE_DEVICES: [0,1,2,3]
SLURM auto-requeueing enabled. Setting signal handlers.
Monitored metric train_loss did not improve in the last 199 records. Best score: 0.055. Signaling Trainer to stop.
GPU available: True (cuda), used: True
TPU available: False, using: 0 TPU cores
HPU available: False, using: 0 HPUs
LOCAL_RANK: 0 - CUDA_VISIBLE_DEVICES: [0,1,2,3]
SLURM auto-requeueing enabled. Setting signal handlers.
[I 2024-11-05 05:03:19,740] Trial 141 finished with value: 0.30544692277908325 and parameters: {'hidden_dim': 336, 'n_layers': 1, 'dropout': 0.4606484891430212, 'input_chunk_length': 98, 'learning_rate': 0.0011300330436071764, 'batch_size': 32}. Best is trial 0 with value: 0.11645901203155518.
GPU available: True (cuda), used: True
TPU available: False, using: 0 TPU cores
HPU available: False, using: 0 HPUs
LOCAL_RANK: 0 - CUDA_VISIBLE_DEVICES: [0,1,2,3]
SLURM auto-requeueing enabled. Setting signal handlers.
Monitored metric train_loss did not improve in the last 200 records. Best score: 0.055. Signaling Trainer to stop.
GPU available: True (cuda), used: True
TPU available: False, using: 0 TPU cores
HPU available: False, using: 0 HPUs
LOCAL_RANK: 0 - CUDA_VISIBLE_DEVICES: [0,1,2,3]
SLURM auto-requeueing enabled. Setting signal handlers.
[I 2024-11-05 05:03:43,797] Trial 142 finished with value: 0.31947630643844604 and parameters: {'hidden_dim': 367, 'n_layers': 2, 'dropout': 0.27946529757326166, 'input_chunk_length': 103, 'learning_rate': 0.0006684071879746571, 'batch_size': 32}. Best is trial 0 with value: 0.11645901203155518.
GPU available: True (cuda), used: True
TPU available: False, using: 0 TPU cores
HPU available: False, using: 0 HPUs
LOCAL_RANK: 0 - CUDA_VISIBLE_DEVICES: [0,1,2,3]
SLURM auto-requeueing enabled. Setting signal handlers.
Monitored metric train_loss did not improve in the last 201 records. Best score: 0.055. Signaling Trainer to stop.
GPU available: True (cuda), used: True
TPU available: False, using: 0 TPU cores
HPU available: False, using: 0 HPUs
LOCAL_RANK: 0 - CUDA_VISIBLE_DEVICES: [0,1,2,3]
SLURM auto-requeueing enabled. Setting signal handlers.
[I 2024-11-05 05:04:10,801] Trial 143 finished with value: 0.29991164803504944 and parameters: {'hidden_dim': 510, 'n_layers': 2, 'dropout': 0.24800482499421983, 'input_chunk_length': 107, 'learning_rate': 0.0004936353545955087, 'batch_size': 32}. Best is trial 0 with value: 0.11645901203155518.
GPU available: True (cuda), used: True
TPU available: False, using: 0 TPU cores
HPU available: False, using: 0 HPUs
LOCAL_RANK: 0 - CUDA_VISIBLE_DEVICES: [0,1,2,3]
SLURM auto-requeueing enabled. Setting signal handlers.
Monitored metric train_loss did not improve in the last 202 records. Best score: 0.055. Signaling Trainer to stop.
GPU available: True (cuda), used: True
TPU available: False, using: 0 TPU cores
HPU available: False, using: 0 HPUs
LOCAL_RANK: 0 - CUDA_VISIBLE_DEVICES: [0,1,2,3]
SLURM auto-requeueing enabled. Setting signal handlers.
[I 2024-11-05 05:04:33,046] Trial 144 finished with value: 0.22719606757164001 and parameters: {'hidden_dim': 316, 'n_layers': 1, 'dropout': 0.21529972745187315, 'input_chunk_length': 110, 'learning_rate': 0.00041945144496293097, 'batch_size': 32}. Best is trial 0 with value: 0.11645901203155518.
GPU available: True (cuda), used: True
TPU available: False, using: 0 TPU cores
HPU available: False, using: 0 HPUs
LOCAL_RANK: 0 - CUDA_VISIBLE_DEVICES: [0,1,2,3]
SLURM auto-requeueing enabled. Setting signal handlers.
Monitored metric train_loss did not improve in the last 203 records. Best score: 0.055. Signaling Trainer to stop.
GPU available: True (cuda), used: True
TPU available: False, using: 0 TPU cores
HPU available: False, using: 0 HPUs
LOCAL_RANK: 0 - CUDA_VISIBLE_DEVICES: [0,1,2,3]
SLURM auto-requeueing enabled. Setting signal handlers.
[I 2024-11-05 05:04:55,892] Trial 145 finished with value: 0.33904483914375305 and parameters: {'hidden_dim': 318, 'n_layers': 1, 'dropout': 0.2244292851310037, 'input_chunk_length': 109, 'learning_rate': 0.00012837087631141278, 'batch_size': 32}. Best is trial 0 with value: 0.11645901203155518.
GPU available: True (cuda), used: True
TPU available: False, using: 0 TPU cores
HPU available: False, using: 0 HPUs
LOCAL_RANK: 0 - CUDA_VISIBLE_DEVICES: [0,1,2,3]
SLURM auto-requeueing enabled. Setting signal handlers.
Monitored metric train_loss did not improve in the last 204 records. Best score: 0.055. Signaling Trainer to stop.
GPU available: True (cuda), used: True
TPU available: False, using: 0 TPU cores
HPU available: False, using: 0 HPUs
LOCAL_RANK: 0 - CUDA_VISIBLE_DEVICES: [0,1,2,3]
SLURM auto-requeueing enabled. Setting signal handlers.
[I 2024-11-05 05:05:18,566] Trial 146 finished with value: 0.31743159890174866 and parameters: {'hidden_dim': 289, 'n_layers': 1, 'dropout': 0.20293056196413936, 'input_chunk_length': 118, 'learning_rate': 0.00040638513693721763, 'batch_size': 32}. Best is trial 0 with value: 0.11645901203155518.
GPU available: True (cuda), used: True
TPU available: False, using: 0 TPU cores
HPU available: False, using: 0 HPUs
LOCAL_RANK: 0 - CUDA_VISIBLE_DEVICES: [0,1,2,3]
SLURM auto-requeueing enabled. Setting signal handlers.
Monitored metric train_loss did not improve in the last 205 records. Best score: 0.055. Signaling Trainer to stop.
GPU available: True (cuda), used: True
TPU available: False, using: 0 TPU cores
HPU available: False, using: 0 HPUs
LOCAL_RANK: 0 - CUDA_VISIBLE_DEVICES: [0,1,2,3]
SLURM auto-requeueing enabled. Setting signal handlers.
