[I 2024-11-01 14:51:58,828] Trial 56 finished with value: 0.2821398675441742 and parameters: {'hidden_dim': 209, 'n_layers': 1, 'dropout': 0.3641722681698358, 'input_chunk_length': 65, 'learning_rate': 0.0019298493821385573, 'batch_size': 64}. Best is trial 0 with value: 0.08160930126905441.
GPU available: False, used: False
TPU available: False, using: 0 TPU cores
HPU available: False, using: 0 HPUs
SLURM auto-requeueing enabled. Setting signal handlers.
Monitored metric train_loss did not improve in the last 86 records. Best score: 0.038. Signaling Trainer to stop.
GPU available: False, used: False
TPU available: False, using: 0 TPU cores
HPU available: False, using: 0 HPUs
SLURM auto-requeueing enabled. Setting signal handlers.
[I 2024-11-01 14:52:57,782] Trial 57 finished with value: 0.33480769395828247 and parameters: {'hidden_dim': 181, 'n_layers': 2, 'dropout': 0.43523359265342043, 'input_chunk_length': 35, 'learning_rate': 0.00428892902124471, 'batch_size': 64}. Best is trial 0 with value: 0.08160930126905441.
GPU available: False, used: False
TPU available: False, using: 0 TPU cores
HPU available: False, using: 0 HPUs
SLURM auto-requeueing enabled. Setting signal handlers.
Monitored metric train_loss did not improve in the last 87 records. Best score: 0.038. Signaling Trainer to stop.
GPU available: False, used: False
TPU available: False, using: 0 TPU cores
HPU available: False, using: 0 HPUs
SLURM auto-requeueing enabled. Setting signal handlers.
[I 2024-11-01 14:54:40,770] Trial 58 finished with value: 0.26221850514411926 and parameters: {'hidden_dim': 197, 'n_layers': 1, 'dropout': 0.415341474703239, 'input_chunk_length': 77, 'learning_rate': 0.0021932156214243704, 'batch_size': 32}. Best is trial 0 with value: 0.08160930126905441.
GPU available: False, used: False
TPU available: False, using: 0 TPU cores
HPU available: False, using: 0 HPUs
SLURM auto-requeueing enabled. Setting signal handlers.
Monitored metric train_loss did not improve in the last 88 records. Best score: 0.038. Signaling Trainer to stop.
GPU available: False, used: False
TPU available: False, using: 0 TPU cores
HPU available: False, using: 0 HPUs
SLURM auto-requeueing enabled. Setting signal handlers.
[I 2024-11-01 14:56:01,261] Trial 59 finished with value: 0.4527439773082733 and parameters: {'hidden_dim': 216, 'n_layers': 2, 'dropout': 0.38740968219900246, 'input_chunk_length': 51, 'learning_rate': 0.00419849609774554, 'batch_size': 64}. Best is trial 0 with value: 0.08160930126905441.
GPU available: False, used: False
TPU available: False, using: 0 TPU cores
HPU available: False, using: 0 HPUs
SLURM auto-requeueing enabled. Setting signal handlers.
Monitored metric train_loss did not improve in the last 89 records. Best score: 0.038. Signaling Trainer to stop.
GPU available: False, used: False
TPU available: False, using: 0 TPU cores
HPU available: False, using: 0 HPUs
SLURM auto-requeueing enabled. Setting signal handlers.
[I 2024-11-01 14:56:55,924] Trial 60 finished with value: 0.3216390013694763 and parameters: {'hidden_dim': 248, 'n_layers': 1, 'dropout': 0.46148158758650215, 'input_chunk_length': 27, 'learning_rate': 0.001513866753630614, 'batch_size': 64}. Best is trial 0 with value: 0.08160930126905441.
GPU available: False, used: False
TPU available: False, using: 0 TPU cores
HPU available: False, using: 0 HPUs
SLURM auto-requeueing enabled. Setting signal handlers.
Monitored metric train_loss did not improve in the last 90 records. Best score: 0.038. Signaling Trainer to stop.
GPU available: False, used: False
TPU available: False, using: 0 TPU cores
HPU available: False, using: 0 HPUs
SLURM auto-requeueing enabled. Setting signal handlers.
[I 2024-11-01 14:57:57,624] Trial 61 finished with value: 0.34960538148880005 and parameters: {'hidden_dim': 167, 'n_layers': 2, 'dropout': 0.3252006919688789, 'input_chunk_length': 47, 'learning_rate': 0.0013420011801509848, 'batch_size': 64}. Best is trial 0 with value: 0.08160930126905441.
GPU available: False, used: False
TPU available: False, using: 0 TPU cores
HPU available: False, using: 0 HPUs
SLURM auto-requeueing enabled. Setting signal handlers.
Monitored metric train_loss did not improve in the last 91 records. Best score: 0.038. Signaling Trainer to stop.
GPU available: False, used: False
TPU available: False, using: 0 TPU cores
HPU available: False, using: 0 HPUs
SLURM auto-requeueing enabled. Setting signal handlers.
[I 2024-11-01 14:58:47,713] Trial 62 finished with value: 0.22831487655639648 and parameters: {'hidden_dim': 148, 'n_layers': 2, 'dropout': 0.36537896812886256, 'input_chunk_length': 39, 'learning_rate': 0.002264028349299247, 'batch_size': 64}. Best is trial 0 with value: 0.08160930126905441.
GPU available: False, used: False
TPU available: False, using: 0 TPU cores
HPU available: False, using: 0 HPUs
SLURM auto-requeueing enabled. Setting signal handlers.
Monitored metric train_loss did not improve in the last 92 records. Best score: 0.038. Signaling Trainer to stop.
GPU available: False, used: False
TPU available: False, using: 0 TPU cores
HPU available: False, using: 0 HPUs
SLURM auto-requeueing enabled. Setting signal handlers.
[I 2024-11-01 14:59:56,095] Trial 63 finished with value: 0.2782513499259949 and parameters: {'hidden_dim': 192, 'n_layers': 3, 'dropout': 0.40749447533360017, 'input_chunk_length': 47, 'learning_rate': 0.0008224840369262969, 'batch_size': 64}. Best is trial 0 with value: 0.08160930126905441.
GPU available: False, used: False
TPU available: False, using: 0 TPU cores
HPU available: False, using: 0 HPUs
SLURM auto-requeueing enabled. Setting signal handlers.
Monitored metric train_loss did not improve in the last 93 records. Best score: 0.038. Signaling Trainer to stop.
GPU available: False, used: False
TPU available: False, using: 0 TPU cores
HPU available: False, using: 0 HPUs
SLURM auto-requeueing enabled. Setting signal handlers.
[I 2024-11-01 15:00:53,515] Trial 64 finished with value: 0.3077435791492462 and parameters: {'hidden_dim': 205, 'n_layers': 2, 'dropout': 0.34875760011177215, 'input_chunk_length': 32, 'learning_rate': 0.0008335076221787295, 'batch_size': 64}. Best is trial 0 with value: 0.08160930126905441.
GPU available: False, used: False
TPU available: False, using: 0 TPU cores
HPU available: False, using: 0 HPUs
SLURM auto-requeueing enabled. Setting signal handlers.
Monitored metric train_loss did not improve in the last 94 records. Best score: 0.038. Signaling Trainer to stop.
GPU available: False, used: False
TPU available: False, using: 0 TPU cores
HPU available: False, using: 0 HPUs
SLURM auto-requeueing enabled. Setting signal handlers.
[I 2024-11-01 15:02:13,973] Trial 65 finished with value: 0.2665223181247711 and parameters: {'hidden_dim': 177, 'n_layers': 1, 'dropout': 0.3820950540327758, 'input_chunk_length': 54, 'learning_rate': 0.001278199149135843, 'batch_size': 64}. Best is trial 0 with value: 0.08160930126905441.
GPU available: False, used: False
TPU available: False, using: 0 TPU cores
HPU available: False, using: 0 HPUs
SLURM auto-requeueing enabled. Setting signal handlers.
Monitored metric train_loss did not improve in the last 95 records. Best score: 0.038. Signaling Trainer to stop.
GPU available: False, used: False
TPU available: False, using: 0 TPU cores
HPU available: False, using: 0 HPUs
SLURM auto-requeueing enabled. Setting signal handlers.
[I 2024-11-01 15:02:54,422] Trial 66 finished with value: 0.31804725527763367 and parameters: {'hidden_dim': 168, 'n_layers': 3, 'dropout': 0.3145962964551545, 'input_chunk_length': 18, 'learning_rate': 0.000361474841057582, 'batch_size': 64}. Best is trial 0 with value: 0.08160930126905441.
GPU available: False, used: False
TPU available: False, using: 0 TPU cores
HPU available: False, using: 0 HPUs
SLURM auto-requeueing enabled. Setting signal handlers.
Monitored metric train_loss did not improve in the last 96 records. Best score: 0.038. Signaling Trainer to stop.
GPU available: False, used: False
TPU available: False, using: 0 TPU cores
HPU available: False, using: 0 HPUs
SLURM auto-requeueing enabled. Setting signal handlers.
[I 2024-11-01 15:04:09,540] Trial 67 finished with value: 0.31276392936706543 and parameters: {'hidden_dim': 155, 'n_layers': 2, 'dropout': 0.42629047102603845, 'input_chunk_length': 63, 'learning_rate': 0.00019592352672020256, 'batch_size': 64}. Best is trial 0 with value: 0.08160930126905441.
GPU available: False, used: False
TPU available: False, using: 0 TPU cores
HPU available: False, using: 0 HPUs
SLURM auto-requeueing enabled. Setting signal handlers.
Monitored metric train_loss did not improve in the last 97 records. Best score: 0.038. Signaling Trainer to stop.
GPU available: False, used: False
TPU available: False, using: 0 TPU cores
HPU available: False, using: 0 HPUs
SLURM auto-requeueing enabled. Setting signal handlers.
[I 2024-11-01 15:05:43,109] Trial 68 finished with value: 0.23216678202152252 and parameters: {'hidden_dim': 220, 'n_layers': 1, 'dropout': 0.2810058665969828, 'input_chunk_length': 58, 'learning_rate': 0.0007547588231436605, 'batch_size': 32}. Best is trial 0 with value: 0.08160930126905441.
GPU available: False, used: False
TPU available: False, using: 0 TPU cores
HPU available: False, using: 0 HPUs
SLURM auto-requeueing enabled. Setting signal handlers.
Monitored metric train_loss did not improve in the last 98 records. Best score: 0.038. Signaling Trainer to stop.
GPU available: False, used: False
TPU available: False, using: 0 TPU cores
HPU available: False, using: 0 HPUs
SLURM auto-requeueing enabled. Setting signal handlers.
[I 2024-11-01 15:06:37,235] Trial 69 finished with value: 0.2588428258895874 and parameters: {'hidden_dim': 184, 'n_layers': 1, 'dropout': 0.35875775934896814, 'input_chunk_length': 39, 'learning_rate': 0.00033474049859839384, 'batch_size': 64}. Best is trial 0 with value: 0.08160930126905441.
GPU available: False, used: False
TPU available: False, using: 0 TPU cores
HPU available: False, using: 0 HPUs
SLURM auto-requeueing enabled. Setting signal handlers.
Monitored metric train_loss did not improve in the last 99 records. Best score: 0.038. Signaling Trainer to stop.
GPU available: False, used: False
TPU available: False, using: 0 TPU cores
HPU available: False, using: 0 HPUs
SLURM auto-requeueing enabled. Setting signal handlers.
[I 2024-11-01 15:07:28,196] Trial 70 finished with value: 0.25092434883117676 and parameters: {'hidden_dim': 142, 'n_layers': 2, 'dropout': 0.22741878793942558, 'input_chunk_length': 42, 'learning_rate': 0.0010103612967238345, 'batch_size': 64}. Best is trial 0 with value: 0.08160930126905441.
GPU available: False, used: False
TPU available: False, using: 0 TPU cores
HPU available: False, using: 0 HPUs
SLURM auto-requeueing enabled. Setting signal handlers.
Monitored metric train_loss did not improve in the last 100 records. Best score: 0.038. Signaling Trainer to stop.
GPU available: False, used: False
TPU available: False, using: 0 TPU cores
HPU available: False, using: 0 HPUs
SLURM auto-requeueing enabled. Setting signal handlers.
[I 2024-11-01 15:08:43,185] Trial 71 finished with value: 0.2808358073234558 and parameters: {'hidden_dim': 226, 'n_layers': 1, 'dropout': 0.3347528062815861, 'input_chunk_length': 47, 'learning_rate': 0.000549993594615173, 'batch_size': 64}. Best is trial 0 with value: 0.08160930126905441.
GPU available: False, used: False
TPU available: False, using: 0 TPU cores
HPU available: False, using: 0 HPUs
SLURM auto-requeueing enabled. Setting signal handlers.
Monitored metric train_loss did not improve in the last 101 records. Best score: 0.038. Signaling Trainer to stop.
GPU available: False, used: False
TPU available: False, using: 0 TPU cores
HPU available: False, using: 0 HPUs
SLURM auto-requeueing enabled. Setting signal handlers.
[I 2024-11-01 15:10:00,621] Trial 72 finished with value: 0.31588244438171387 and parameters: {'hidden_dim': 231, 'n_layers': 1, 'dropout': 0.29890111037319833, 'input_chunk_length': 44, 'learning_rate': 0.00024306475647704618, 'batch_size': 64}. Best is trial 0 with value: 0.08160930126905441.
GPU available: False, used: False
TPU available: False, using: 0 TPU cores
HPU available: False, using: 0 HPUs
SLURM auto-requeueing enabled. Setting signal handlers.
Monitored metric train_loss did not improve in the last 102 records. Best score: 0.038. Signaling Trainer to stop.
GPU available: False, used: False
TPU available: False, using: 0 TPU cores
HPU available: False, using: 0 HPUs
SLURM auto-requeueing enabled. Setting signal handlers.
[I 2024-11-01 15:11:26,212] Trial 73 finished with value: 0.3012462854385376 and parameters: {'hidden_dim': 237, 'n_layers': 1, 'dropout': 0.32249380094697366, 'input_chunk_length': 51, 'learning_rate': 0.0004989149678599575, 'batch_size': 64}. Best is trial 0 with value: 0.08160930126905441.
GPU available: False, used: False
TPU available: False, using: 0 TPU cores
HPU available: False, using: 0 HPUs
SLURM auto-requeueing enabled. Setting signal handlers.
Monitored metric train_loss did not improve in the last 103 records. Best score: 0.038. Signaling Trainer to stop.
GPU available: False, used: False
TPU available: False, using: 0 TPU cores
HPU available: False, using: 0 HPUs
SLURM auto-requeueing enabled. Setting signal handlers.
[I 2024-11-01 15:12:40,629] Trial 74 finished with value: 0.24443095922470093 and parameters: {'hidden_dim': 252, 'n_layers': 1, 'dropout': 0.0336713364015242, 'input_chunk_length': 29, 'learning_rate': 0.000598229180129113, 'batch_size': 64}. Best is trial 0 with value: 0.08160930126905441.
GPU available: False, used: False
TPU available: False, using: 0 TPU cores
HPU available: False, using: 0 HPUs
SLURM auto-requeueing enabled. Setting signal handlers.
Monitored metric train_loss did not improve in the last 104 records. Best score: 0.038. Signaling Trainer to stop.
GPU available: False, used: False
TPU available: False, using: 0 TPU cores
HPU available: False, using: 0 HPUs
SLURM auto-requeueing enabled. Setting signal handlers.
[I 2024-11-01 15:15:35,209] Trial 75 finished with value: 0.32386133074760437 and parameters: {'hidden_dim': 210, 'n_layers': 3, 'dropout': 0.26193127542842337, 'input_chunk_length': 108, 'learning_rate': 0.0017722882868932135, 'batch_size': 64}. Best is trial 0 with value: 0.08160930126905441.
GPU available: False, used: False
TPU available: False, using: 0 TPU cores
HPU available: False, using: 0 HPUs
SLURM auto-requeueing enabled. Setting signal handlers.
Monitored metric train_loss did not improve in the last 105 records. Best score: 0.038. Signaling Trainer to stop.
GPU available: False, used: False
TPU available: False, using: 0 TPU cores
HPU available: False, using: 0 HPUs
SLURM auto-requeueing enabled. Setting signal handlers.
[I 2024-11-01 15:16:28,624] Trial 76 finished with value: 0.21805216372013092 and parameters: {'hidden_dim': 196, 'n_layers': 6, 'dropout': 0.3935237139187965, 'input_chunk_length': 23, 'learning_rate': 0.00042179605980569935, 'batch_size': 64}. Best is trial 0 with value: 0.08160930126905441.
GPU available: False, used: False
TPU available: False, using: 0 TPU cores
HPU available: False, using: 0 HPUs
SLURM auto-requeueing enabled. Setting signal handlers.
Monitored metric train_loss did not improve in the last 106 records. Best score: 0.038. Signaling Trainer to stop.
GPU available: False, used: False
TPU available: False, using: 0 TPU cores
HPU available: False, using: 0 HPUs
SLURM auto-requeueing enabled. Setting signal handlers.
[I 2024-11-01 15:17:01,356] Trial 77 finished with value: 0.1724466234445572 and parameters: {'hidden_dim': 198, 'n_layers': 6, 'dropout': 0.4493272901578735, 'input_chunk_length': 8, 'learning_rate': 0.0011962634341086728, 'batch_size': 64}. Best is trial 0 with value: 0.08160930126905441.
GPU available: False, used: False
TPU available: False, using: 0 TPU cores
HPU available: False, using: 0 HPUs
SLURM auto-requeueing enabled. Setting signal handlers.
Monitored metric train_loss did not improve in the last 107 records. Best score: 0.038. Signaling Trainer to stop.
GPU available: False, used: False
TPU available: False, using: 0 TPU cores
HPU available: False, using: 0 HPUs
SLURM auto-requeueing enabled. Setting signal handlers.
[I 2024-11-01 15:17:25,689] Trial 78 finished with value: 0.2689405381679535 and parameters: {'hidden_dim': 132, 'n_layers': 5, 'dropout': 0.4873234124780077, 'input_chunk_length': 8, 'learning_rate': 0.002340789821307377, 'batch_size': 64}. Best is trial 0 with value: 0.08160930126905441.
GPU available: False, used: False
TPU available: False, using: 0 TPU cores
HPU available: False, using: 0 HPUs
SLURM auto-requeueing enabled. Setting signal handlers.
Monitored metric train_loss did not improve in the last 108 records. Best score: 0.038. Signaling Trainer to stop.
GPU available: False, used: False
TPU available: False, using: 0 TPU cores
HPU available: False, using: 0 HPUs
SLURM auto-requeueing enabled. Setting signal handlers.
[I 2024-11-01 15:19:42,465] Trial 79 finished with value: 0.2831498980522156 and parameters: {'hidden_dim': 188, 'n_layers': 5, 'dropout': 0.47654921822494184, 'input_chunk_length': 87, 'learning_rate': 0.0012357737467821083, 'batch_size': 64}. Best is trial 0 with value: 0.08160930126905441.
GPU available: False, used: False
TPU available: False, using: 0 TPU cores
HPU available: False, using: 0 HPUs
SLURM auto-requeueing enabled. Setting signal handlers.
Monitored metric train_loss did not improve in the last 109 records. Best score: 0.038. Signaling Trainer to stop.
GPU available: False, used: False
TPU available: False, using: 0 TPU cores
HPU available: False, using: 0 HPUs
SLURM auto-requeueing enabled. Setting signal handlers.
[I 2024-11-01 15:20:10,312] Trial 80 finished with value: 0.2255030870437622 and parameters: {'hidden_dim': 203, 'n_layers': 6, 'dropout': 0.4521017053034274, 'input_chunk_length': 4, 'learning_rate': 0.0009414160346809287, 'batch_size': 64}. Best is trial 0 with value: 0.08160930126905441.
GPU available: False, used: False
TPU available: False, using: 0 TPU cores
HPU available: False, using: 0 HPUs
SLURM auto-requeueing enabled. Setting signal handlers.
Monitored metric train_loss did not improve in the last 110 records. Best score: 0.038. Signaling Trainer to stop.
GPU available: False, used: False
TPU available: False, using: 0 TPU cores
HPU available: False, using: 0 HPUs
SLURM auto-requeueing enabled. Setting signal handlers.
[I 2024-11-01 15:21:01,045] Trial 81 finished with value: 0.31073832511901855 and parameters: {'hidden_dim': 194, 'n_layers': 6, 'dropout': 0.3959682098691001, 'input_chunk_length': 22, 'learning_rate': 0.00041646023564709023, 'batch_size': 64}. Best is trial 0 with value: 0.08160930126905441.
GPU available: False, used: False
TPU available: False, using: 0 TPU cores
HPU available: False, using: 0 HPUs
SLURM auto-requeueing enabled. Setting signal handlers.
Monitored metric train_loss did not improve in the last 111 records. Best score: 0.038. Signaling Trainer to stop.
GPU available: False, used: False
TPU available: False, using: 0 TPU cores
HPU available: False, using: 0 HPUs
SLURM auto-requeueing enabled. Setting signal handlers.
[I 2024-11-01 15:21:49,084] Trial 82 finished with value: 0.23768013715744019 and parameters: {'hidden_dim': 208, 'n_layers': 6, 'dropout': 0.4078429352946496, 'input_chunk_length': 19, 'learning_rate': 0.0015610934829608752, 'batch_size': 64}. Best is trial 0 with value: 0.08160930126905441.
GPU available: False, used: False
TPU available: False, using: 0 TPU cores
HPU available: False, using: 0 HPUs
SLURM auto-requeueing enabled. Setting signal handlers.
Monitored metric train_loss did not improve in the last 112 records. Best score: 0.038. Signaling Trainer to stop.
GPU available: False, used: False
TPU available: False, using: 0 TPU cores
HPU available: False, using: 0 HPUs
SLURM auto-requeueing enabled. Setting signal handlers.
[I 2024-11-01 15:22:31,155] Trial 83 finished with value: 0.19000087678432465 and parameters: {'hidden_dim': 198, 'n_layers': 6, 'dropout': 0.4366556051376906, 'input_chunk_length': 14, 'learning_rate': 0.000750767218813781, 'batch_size': 64}. Best is trial 0 with value: 0.08160930126905441.
GPU available: False, used: False
TPU available: False, using: 0 TPU cores
HPU available: False, using: 0 HPUs
SLURM auto-requeueing enabled. Setting signal handlers.
Monitored metric train_loss did not improve in the last 113 records. Best score: 0.038. Signaling Trainer to stop.
GPU available: False, used: False
TPU available: False, using: 0 TPU cores
HPU available: False, using: 0 HPUs
SLURM auto-requeueing enabled. Setting signal handlers.
[I 2024-11-01 15:23:09,090] Trial 84 finished with value: 0.32165756821632385 and parameters: {'hidden_dim': 213, 'n_layers': 5, 'dropout': 0.44604423014931127, 'input_chunk_length': 11, 'learning_rate': 0.0007634869219207676, 'batch_size': 64}. Best is trial 0 with value: 0.08160930126905441.
GPU available: False, used: False
TPU available: False, using: 0 TPU cores
HPU available: False, using: 0 HPUs
SLURM auto-requeueing enabled. Setting signal handlers.
Monitored metric train_loss did not improve in the last 114 records. Best score: 0.038. Signaling Trainer to stop.
GPU available: False, used: False
TPU available: False, using: 0 TPU cores
HPU available: False, using: 0 HPUs
SLURM auto-requeueing enabled. Setting signal handlers.
