[I 2024-11-01 23:58:31,233] Trial 231 finished with value: 0.16394244134426117 and parameters: {'hidden_dim': 134, 'n_layers': 5, 'dropout': 0.30388905594408655, 'input_chunk_length': 110, 'learning_rate': 0.0007233242812852635, 'batch_size': 32}. Best is trial 0 with value: 0.07914793491363525.
GPU available: False, used: False
TPU available: False, using: 0 TPU cores
HPU available: False, using: 0 HPUs
SLURM auto-requeueing enabled. Setting signal handlers.
Monitored metric train_loss did not improve in the last 261 records. Best score: 0.031. Signaling Trainer to stop.
GPU available: False, used: False
TPU available: False, using: 0 TPU cores
HPU available: False, using: 0 HPUs
SLURM auto-requeueing enabled. Setting signal handlers.
[I 2024-11-02 00:00:25,718] Trial 232 finished with value: 0.21966630220413208 and parameters: {'hidden_dim': 133, 'n_layers': 5, 'dropout': 0.28659049941215553, 'input_chunk_length': 109, 'learning_rate': 0.0008074676029373658, 'batch_size': 32}. Best is trial 0 with value: 0.07914793491363525.
GPU available: False, used: False
TPU available: False, using: 0 TPU cores
HPU available: False, using: 0 HPUs
SLURM auto-requeueing enabled. Setting signal handlers.
Monitored metric train_loss did not improve in the last 262 records. Best score: 0.031. Signaling Trainer to stop.
GPU available: False, used: False
TPU available: False, using: 0 TPU cores
HPU available: False, using: 0 HPUs
SLURM auto-requeueing enabled. Setting signal handlers.
[I 2024-11-02 00:02:24,674] Trial 233 finished with value: 0.29687321186065674 and parameters: {'hidden_dim': 137, 'n_layers': 5, 'dropout': 0.30847310857440574, 'input_chunk_length': 110, 'learning_rate': 0.0007271294234166125, 'batch_size': 32}. Best is trial 0 with value: 0.07914793491363525.
GPU available: False, used: False
TPU available: False, using: 0 TPU cores
HPU available: False, using: 0 HPUs
SLURM auto-requeueing enabled. Setting signal handlers.
Monitored metric train_loss did not improve in the last 263 records. Best score: 0.031. Signaling Trainer to stop.
GPU available: False, used: False
TPU available: False, using: 0 TPU cores
HPU available: False, using: 0 HPUs
SLURM auto-requeueing enabled. Setting signal handlers.
[I 2024-11-02 00:04:17,748] Trial 234 finished with value: 0.2814817726612091 and parameters: {'hidden_dim': 127, 'n_layers': 5, 'dropout': 0.2997973319902803, 'input_chunk_length': 108, 'learning_rate': 0.0005575094399985648, 'batch_size': 32}. Best is trial 0 with value: 0.07914793491363525.
GPU available: False, used: False
TPU available: False, using: 0 TPU cores
HPU available: False, using: 0 HPUs
SLURM auto-requeueing enabled. Setting signal handlers.
Monitored metric train_loss did not improve in the last 264 records. Best score: 0.031. Signaling Trainer to stop.
GPU available: False, used: False
TPU available: False, using: 0 TPU cores
HPU available: False, using: 0 HPUs
SLURM auto-requeueing enabled. Setting signal handlers.
[I 2024-11-02 00:04:56,858] Trial 235 finished with value: 0.3035014867782593 and parameters: {'hidden_dim': 142, 'n_layers': 5, 'dropout': 0.27037785266922565, 'input_chunk_length': 16, 'learning_rate': 0.0009153081120894555, 'batch_size': 32}. Best is trial 0 with value: 0.07914793491363525.
GPU available: False, used: False
TPU available: False, using: 0 TPU cores
HPU available: False, using: 0 HPUs
SLURM auto-requeueing enabled. Setting signal handlers.
Monitored metric train_loss did not improve in the last 265 records. Best score: 0.031. Signaling Trainer to stop.
GPU available: False, used: False
TPU available: False, using: 0 TPU cores
HPU available: False, using: 0 HPUs
SLURM auto-requeueing enabled. Setting signal handlers.
[I 2024-11-02 00:06:40,332] Trial 236 finished with value: 0.22377465665340424 and parameters: {'hidden_dim': 128, 'n_layers': 5, 'dropout': 0.26824486730032215, 'input_chunk_length': 112, 'learning_rate': 0.0010446912814433146, 'batch_size': 32}. Best is trial 0 with value: 0.07914793491363525.
GPU available: False, used: False
TPU available: False, using: 0 TPU cores
HPU available: False, using: 0 HPUs
SLURM auto-requeueing enabled. Setting signal handlers.
Monitored metric train_loss did not improve in the last 266 records. Best score: 0.031. Signaling Trainer to stop.
GPU available: False, used: False
TPU available: False, using: 0 TPU cores
HPU available: False, using: 0 HPUs
SLURM auto-requeueing enabled. Setting signal handlers.
[I 2024-11-02 00:08:21,350] Trial 237 finished with value: 0.29915788769721985 and parameters: {'hidden_dim': 122, 'n_layers': 5, 'dropout': 0.3160377086362802, 'input_chunk_length': 106, 'learning_rate': 0.0008295293735244693, 'batch_size': 64}. Best is trial 0 with value: 0.07914793491363525.
GPU available: False, used: False
TPU available: False, using: 0 TPU cores
HPU available: False, using: 0 HPUs
SLURM auto-requeueing enabled. Setting signal handlers.
Monitored metric train_loss did not improve in the last 267 records. Best score: 0.031. Signaling Trainer to stop.
GPU available: False, used: False
TPU available: False, using: 0 TPU cores
HPU available: False, using: 0 HPUs
SLURM auto-requeueing enabled. Setting signal handlers.
[I 2024-11-02 00:09:11,678] Trial 238 finished with value: 0.22439375519752502 and parameters: {'hidden_dim': 137, 'n_layers': 5, 'dropout': 0.2788319792932812, 'input_chunk_length': 31, 'learning_rate': 0.000722148581091891, 'batch_size': 32}. Best is trial 0 with value: 0.07914793491363525.
GPU available: False, used: False
TPU available: False, using: 0 TPU cores
HPU available: False, using: 0 HPUs
SLURM auto-requeueing enabled. Setting signal handlers.
Monitored metric train_loss did not improve in the last 268 records. Best score: 0.031. Signaling Trainer to stop.
GPU available: False, used: False
TPU available: False, using: 0 TPU cores
HPU available: False, using: 0 HPUs
SLURM auto-requeueing enabled. Setting signal handlers.
[I 2024-11-02 00:10:56,065] Trial 239 finished with value: 0.30676525831222534 and parameters: {'hidden_dim': 130, 'n_layers': 3, 'dropout': 0.3342450926219985, 'input_chunk_length': 112, 'learning_rate': 0.0012375450126097941, 'batch_size': 32}. Best is trial 0 with value: 0.07914793491363525.
GPU available: False, used: False
TPU available: False, using: 0 TPU cores
HPU available: False, using: 0 HPUs
SLURM auto-requeueing enabled. Setting signal handlers.
Monitored metric train_loss did not improve in the last 269 records. Best score: 0.031. Signaling Trainer to stop.
GPU available: False, used: False
TPU available: False, using: 0 TPU cores
HPU available: False, using: 0 HPUs
SLURM auto-requeueing enabled. Setting signal handlers.
[I 2024-11-02 00:11:36,609] Trial 240 finished with value: 0.16513097286224365 and parameters: {'hidden_dim': 117, 'n_layers': 5, 'dropout': 0.2843636625040806, 'input_chunk_length': 24, 'learning_rate': 0.0009304587717858057, 'batch_size': 32}. Best is trial 0 with value: 0.07914793491363525.
GPU available: False, used: False
TPU available: False, using: 0 TPU cores
HPU available: False, using: 0 HPUs
SLURM auto-requeueing enabled. Setting signal handlers.
Monitored metric train_loss did not improve in the last 270 records. Best score: 0.031. Signaling Trainer to stop.
GPU available: False, used: False
TPU available: False, using: 0 TPU cores
HPU available: False, using: 0 HPUs
SLURM auto-requeueing enabled. Setting signal handlers.
[I 2024-11-02 00:12:17,210] Trial 241 finished with value: 0.21121829748153687 and parameters: {'hidden_dim': 118, 'n_layers': 5, 'dropout': 0.29568967735413876, 'input_chunk_length': 24, 'learning_rate': 0.0009084951953929881, 'batch_size': 32}. Best is trial 0 with value: 0.07914793491363525.
GPU available: False, used: False
TPU available: False, using: 0 TPU cores
HPU available: False, using: 0 HPUs
SLURM auto-requeueing enabled. Setting signal handlers.
Monitored metric train_loss did not improve in the last 271 records. Best score: 0.031. Signaling Trainer to stop.
GPU available: False, used: False
TPU available: False, using: 0 TPU cores
HPU available: False, using: 0 HPUs
SLURM auto-requeueing enabled. Setting signal handlers.
[I 2024-11-02 00:12:56,627] Trial 242 finished with value: 0.226266011595726 and parameters: {'hidden_dim': 122, 'n_layers': 5, 'dropout': 0.28138403694464187, 'input_chunk_length': 20, 'learning_rate': 0.0006346906965940701, 'batch_size': 32}. Best is trial 0 with value: 0.07914793491363525.
GPU available: False, used: False
TPU available: False, using: 0 TPU cores
HPU available: False, using: 0 HPUs
SLURM auto-requeueing enabled. Setting signal handlers.
Monitored metric train_loss did not improve in the last 272 records. Best score: 0.031. Signaling Trainer to stop.
GPU available: False, used: False
TPU available: False, using: 0 TPU cores
HPU available: False, using: 0 HPUs
SLURM auto-requeueing enabled. Setting signal handlers.
[I 2024-11-02 00:13:35,717] Trial 243 finished with value: 0.20034785568714142 and parameters: {'hidden_dim': 124, 'n_layers': 5, 'dropout': 0.25268591741439894, 'input_chunk_length': 21, 'learning_rate': 0.0010055246290094166, 'batch_size': 32}. Best is trial 0 with value: 0.07914793491363525.
GPU available: False, used: False
TPU available: False, using: 0 TPU cores
HPU available: False, using: 0 HPUs
SLURM auto-requeueing enabled. Setting signal handlers.
Monitored metric train_loss did not improve in the last 273 records. Best score: 0.031. Signaling Trainer to stop.
GPU available: False, used: False
TPU available: False, using: 0 TPU cores
HPU available: False, using: 0 HPUs
SLURM auto-requeueing enabled. Setting signal handlers.
[I 2024-11-02 00:14:17,681] Trial 244 finished with value: 0.18265847861766815 and parameters: {'hidden_dim': 111, 'n_layers': 5, 'dropout': 0.2619690112134996, 'input_chunk_length': 28, 'learning_rate': 0.0013717039372212394, 'batch_size': 32}. Best is trial 0 with value: 0.07914793491363525.
GPU available: False, used: False
TPU available: False, using: 0 TPU cores
HPU available: False, using: 0 HPUs
SLURM auto-requeueing enabled. Setting signal handlers.
Monitored metric train_loss did not improve in the last 274 records. Best score: 0.031. Signaling Trainer to stop.
GPU available: False, used: False
TPU available: False, using: 0 TPU cores
HPU available: False, using: 0 HPUs
SLURM auto-requeueing enabled. Setting signal handlers.
[I 2024-11-02 00:14:57,466] Trial 245 finished with value: 0.2593161165714264 and parameters: {'hidden_dim': 116, 'n_layers': 5, 'dropout': 0.29148456810442624, 'input_chunk_length': 24, 'learning_rate': 0.0007596088848719515, 'batch_size': 32}. Best is trial 0 with value: 0.07914793491363525.
GPU available: False, used: False
TPU available: False, using: 0 TPU cores
HPU available: False, using: 0 HPUs
SLURM auto-requeueing enabled. Setting signal handlers.
Monitored metric train_loss did not improve in the last 275 records. Best score: 0.031. Signaling Trainer to stop.
GPU available: False, used: False
TPU available: False, using: 0 TPU cores
HPU available: False, using: 0 HPUs
SLURM auto-requeueing enabled. Setting signal handlers.
[I 2024-11-02 00:16:43,274] Trial 246 finished with value: 0.16511517763137817 and parameters: {'hidden_dim': 117, 'n_layers': 5, 'dropout': 0.28244763265615025, 'input_chunk_length': 110, 'learning_rate': 0.0008620243395395415, 'batch_size': 32}. Best is trial 0 with value: 0.07914793491363525.
GPU available: False, used: False
TPU available: False, using: 0 TPU cores
HPU available: False, using: 0 HPUs
SLURM auto-requeueing enabled. Setting signal handlers.
Monitored metric train_loss did not improve in the last 276 records. Best score: 0.031. Signaling Trainer to stop.
GPU available: False, used: False
TPU available: False, using: 0 TPU cores
HPU available: False, using: 0 HPUs
SLURM auto-requeueing enabled. Setting signal handlers.
[I 2024-11-02 00:18:09,658] Trial 247 finished with value: 0.3158477246761322 and parameters: {'hidden_dim': 113, 'n_layers': 5, 'dropout': 0.30151891006038534, 'input_chunk_length': 89, 'learning_rate': 0.00011117316538602564, 'batch_size': 32}. Best is trial 0 with value: 0.07914793491363525.
GPU available: False, used: False
TPU available: False, using: 0 TPU cores
HPU available: False, using: 0 HPUs
SLURM auto-requeueing enabled. Setting signal handlers.
Monitored metric train_loss did not improve in the last 277 records. Best score: 0.031. Signaling Trainer to stop.
GPU available: False, used: False
TPU available: False, using: 0 TPU cores
HPU available: False, using: 0 HPUs
SLURM auto-requeueing enabled. Setting signal handlers.
[I 2024-11-02 00:19:46,966] Trial 248 finished with value: 0.23641575872898102 and parameters: {'hidden_dim': 108, 'n_layers': 5, 'dropout': 0.2873622292813059, 'input_chunk_length': 111, 'learning_rate': 0.0008468147309236105, 'batch_size': 32}. Best is trial 0 with value: 0.07914793491363525.
GPU available: False, used: False
TPU available: False, using: 0 TPU cores
HPU available: False, using: 0 HPUs
SLURM auto-requeueing enabled. Setting signal handlers.
Monitored metric train_loss did not improve in the last 278 records. Best score: 0.031. Signaling Trainer to stop.
GPU available: False, used: False
TPU available: False, using: 0 TPU cores
HPU available: False, using: 0 HPUs
SLURM auto-requeueing enabled. Setting signal handlers.
[I 2024-11-02 00:20:53,973] Trial 249 finished with value: 0.19459067285060883 and parameters: {'hidden_dim': 118, 'n_layers': 5, 'dropout': 0.28223240054322374, 'input_chunk_length': 58, 'learning_rate': 0.0011549438076102936, 'batch_size': 32}. Best is trial 0 with value: 0.07914793491363525.
GPU available: False, used: False
TPU available: False, using: 0 TPU cores
HPU available: False, using: 0 HPUs
SLURM auto-requeueing enabled. Setting signal handlers.
Monitored metric train_loss did not improve in the last 279 records. Best score: 0.031. Signaling Trainer to stop.
GPU available: False, used: False
TPU available: False, using: 0 TPU cores
HPU available: False, using: 0 HPUs
SLURM auto-requeueing enabled. Setting signal handlers.
[I 2024-11-02 00:22:16,045] Trial 250 finished with value: 0.3029837906360626 and parameters: {'hidden_dim': 119, 'n_layers': 5, 'dropout': 0.26307890218309654, 'input_chunk_length': 77, 'learning_rate': 7.57846543327397e-05, 'batch_size': 32}. Best is trial 0 with value: 0.07914793491363525.
GPU available: False, used: False
TPU available: False, using: 0 TPU cores
HPU available: False, using: 0 HPUs
SLURM auto-requeueing enabled. Setting signal handlers.
Monitored metric train_loss did not improve in the last 280 records. Best score: 0.031. Signaling Trainer to stop.
GPU available: False, used: False
TPU available: False, using: 0 TPU cores
HPU available: False, using: 0 HPUs
SLURM auto-requeueing enabled. Setting signal handlers.
[I 2024-11-02 00:23:39,149] Trial 251 finished with value: 0.20666272938251495 and parameters: {'hidden_dim': 114, 'n_layers': 5, 'dropout': 0.30642947556761746, 'input_chunk_length': 83, 'learning_rate': 0.0005676446925569136, 'batch_size': 32}. Best is trial 0 with value: 0.07914793491363525.
GPU available: False, used: False
TPU available: False, using: 0 TPU cores
HPU available: False, using: 0 HPUs
SLURM auto-requeueing enabled. Setting signal handlers.
Monitored metric train_loss did not improve in the last 281 records. Best score: 0.031. Signaling Trainer to stop.
GPU available: False, used: False
TPU available: False, using: 0 TPU cores
HPU available: False, using: 0 HPUs
SLURM auto-requeueing enabled. Setting signal handlers.
[I 2024-11-02 00:25:59,233] Trial 252 finished with value: 0.291981041431427 and parameters: {'hidden_dim': 165, 'n_layers': 5, 'dropout': 0.27449953662255605, 'input_chunk_length': 109, 'learning_rate': 0.0006912551016533352, 'batch_size': 32}. Best is trial 0 with value: 0.07914793491363525.
GPU available: False, used: False
TPU available: False, using: 0 TPU cores
HPU available: False, using: 0 HPUs
SLURM auto-requeueing enabled. Setting signal handlers.
Monitored metric train_loss did not improve in the last 282 records. Best score: 0.031. Signaling Trainer to stop.
GPU available: False, used: False
TPU available: False, using: 0 TPU cores
HPU available: False, using: 0 HPUs
SLURM auto-requeueing enabled. Setting signal handlers.
[I 2024-11-02 00:27:38,644] Trial 253 finished with value: 0.18378211557865143 and parameters: {'hidden_dim': 121, 'n_layers': 3, 'dropout': 0.48992004079351786, 'input_chunk_length': 107, 'learning_rate': 0.0009780382153865104, 'batch_size': 32}. Best is trial 0 with value: 0.07914793491363525.
GPU available: False, used: False
TPU available: False, using: 0 TPU cores
HPU available: False, using: 0 HPUs
SLURM auto-requeueing enabled. Setting signal handlers.
Monitored metric train_loss did not improve in the last 283 records. Best score: 0.031. Signaling Trainer to stop.
GPU available: False, used: False
TPU available: False, using: 0 TPU cores
HPU available: False, using: 0 HPUs
SLURM auto-requeueing enabled. Setting signal handlers.
[I 2024-11-02 00:29:38,134] Trial 254 finished with value: 0.2632891535758972 and parameters: {'hidden_dim': 131, 'n_layers': 5, 'dropout': 0.2513281588276471, 'input_chunk_length': 117, 'learning_rate': 0.000826930242277459, 'batch_size': 64}. Best is trial 0 with value: 0.07914793491363525.
GPU available: False, used: False
TPU available: False, using: 0 TPU cores
HPU available: False, using: 0 HPUs
SLURM auto-requeueing enabled. Setting signal handlers.
Monitored metric train_loss did not improve in the last 284 records. Best score: 0.031. Signaling Trainer to stop.
GPU available: False, used: False
TPU available: False, using: 0 TPU cores
HPU available: False, using: 0 HPUs
SLURM auto-requeueing enabled. Setting signal handlers.
[I 2024-11-02 00:31:37,728] Trial 255 finished with value: 0.2937465012073517 and parameters: {'hidden_dim': 125, 'n_layers': 5, 'dropout': 0.2324286410793278, 'input_chunk_length': 114, 'learning_rate': 0.0016035300295772726, 'batch_size': 32}. Best is trial 0 with value: 0.07914793491363525.
GPU available: False, used: False
TPU available: False, using: 0 TPU cores
HPU available: False, using: 0 HPUs
SLURM auto-requeueing enabled. Setting signal handlers.
Monitored metric train_loss did not improve in the last 285 records. Best score: 0.031. Signaling Trainer to stop.
GPU available: False, used: False
TPU available: False, using: 0 TPU cores
HPU available: False, using: 0 HPUs
SLURM auto-requeueing enabled. Setting signal handlers.
[I 2024-11-02 00:32:24,093] Trial 256 finished with value: 0.20128370821475983 and parameters: {'hidden_dim': 196, 'n_layers': 3, 'dropout': 0.47127598058762826, 'input_chunk_length': 17, 'learning_rate': 0.0006507176010761646, 'batch_size': 32}. Best is trial 0 with value: 0.07914793491363525.
GPU available: False, used: False
TPU available: False, using: 0 TPU cores
HPU available: False, using: 0 HPUs
SLURM auto-requeueing enabled. Setting signal handlers.
Monitored metric train_loss did not improve in the last 286 records. Best score: 0.031. Signaling Trainer to stop.
GPU available: False, used: False
TPU available: False, using: 0 TPU cores
HPU available: False, using: 0 HPUs
SLURM auto-requeueing enabled. Setting signal handlers.
[I 2024-11-02 00:34:08,725] Trial 257 finished with value: 0.16639961302280426 and parameters: {'hidden_dim': 117, 'n_layers': 5, 'dropout': 0.267422078514013, 'input_chunk_length': 104, 'learning_rate': 0.0005159484970609838, 'batch_size': 32}. Best is trial 0 with value: 0.07914793491363525.
GPU available: False, used: False
TPU available: False, using: 0 TPU cores
HPU available: False, using: 0 HPUs
SLURM auto-requeueing enabled. Setting signal handlers.
Monitored metric train_loss did not improve in the last 287 records. Best score: 0.031. Signaling Trainer to stop.
GPU available: False, used: False
TPU available: False, using: 0 TPU cores
HPU available: False, using: 0 HPUs
SLURM auto-requeueing enabled. Setting signal handlers.
[I 2024-11-02 00:35:49,761] Trial 258 finished with value: 0.2059127390384674 and parameters: {'hidden_dim': 116, 'n_layers': 5, 'dropout': 0.2858750400511178, 'input_chunk_length': 103, 'learning_rate': 0.0005323796668547162, 'batch_size': 32}. Best is trial 0 with value: 0.07914793491363525.
GPU available: False, used: False
TPU available: False, using: 0 TPU cores
HPU available: False, using: 0 HPUs
SLURM auto-requeueing enabled. Setting signal handlers.
Monitored metric train_loss did not improve in the last 288 records. Best score: 0.031. Signaling Trainer to stop.
GPU available: False, used: False
TPU available: False, using: 0 TPU cores
HPU available: False, using: 0 HPUs
SLURM auto-requeueing enabled. Setting signal handlers.
[I 2024-11-02 00:37:39,362] Trial 259 finished with value: 0.2186829298734665 and parameters: {'hidden_dim': 124, 'n_layers': 5, 'dropout': 0.1870755803946719, 'input_chunk_length': 105, 'learning_rate': 0.0004296085577002267, 'batch_size': 32}. Best is trial 0 with value: 0.07914793491363525.
GPU available: False, used: False
TPU available: False, using: 0 TPU cores
HPU available: False, using: 0 HPUs
SLURM auto-requeueing enabled. Setting signal handlers.
Monitored metric train_loss did not improve in the last 289 records. Best score: 0.031. Signaling Trainer to stop.
GPU available: False, used: False
TPU available: False, using: 0 TPU cores
HPU available: False, using: 0 HPUs
SLURM auto-requeueing enabled. Setting signal handlers.
