[I 2024-11-03 18:34:02,129] Trial 172 finished with value: 0.4253471791744232 and parameters: {'hidden_dim': 458, 'n_layers': 4, 'dropout': 0.16226802826786071, 'input_chunk_length': 13, 'learning_rate': 3.7707391716846924e-05, 'batch_size': 32}. Best is trial 0 with value: 0.24586667120456696.
GPU available: True (cuda), used: True
TPU available: False, using: 0 TPU cores
HPU available: False, using: 0 HPUs
LOCAL_RANK: 0 - CUDA_VISIBLE_DEVICES: [0,1,2,3]
SLURM auto-requeueing enabled. Setting signal handlers.
Monitored metric train_loss did not improve in the last 232 records. Best score: 0.081. Signaling Trainer to stop.
GPU available: True (cuda), used: True
TPU available: False, using: 0 TPU cores
HPU available: False, using: 0 HPUs
LOCAL_RANK: 0 - CUDA_VISIBLE_DEVICES: [0,1,2,3]
SLURM auto-requeueing enabled. Setting signal handlers.
[I 2024-11-03 18:34:17,495] Trial 173 finished with value: 0.4061241149902344 and parameters: {'hidden_dim': 448, 'n_layers': 4, 'dropout': 0.12904063386079934, 'input_chunk_length': 10, 'learning_rate': 7.547624098946846e-05, 'batch_size': 32}. Best is trial 0 with value: 0.24586667120456696.
GPU available: True (cuda), used: True
TPU available: False, using: 0 TPU cores
HPU available: False, using: 0 HPUs
LOCAL_RANK: 0 - CUDA_VISIBLE_DEVICES: [0,1,2,3]
SLURM auto-requeueing enabled. Setting signal handlers.
Monitored metric train_loss did not improve in the last 233 records. Best score: 0.081. Signaling Trainer to stop.
GPU available: True (cuda), used: True
TPU available: False, using: 0 TPU cores
HPU available: False, using: 0 HPUs
LOCAL_RANK: 0 - CUDA_VISIBLE_DEVICES: [0,1,2,3]
SLURM auto-requeueing enabled. Setting signal handlers.
[I 2024-11-03 18:34:32,267] Trial 174 finished with value: 0.3627591133117676 and parameters: {'hidden_dim': 160, 'n_layers': 4, 'dropout': 0.10326514257870253, 'input_chunk_length': 15, 'learning_rate': 4.464903474585039e-05, 'batch_size': 32}. Best is trial 0 with value: 0.24586667120456696.
GPU available: True (cuda), used: True
TPU available: False, using: 0 TPU cores
HPU available: False, using: 0 HPUs
LOCAL_RANK: 0 - CUDA_VISIBLE_DEVICES: [0,1,2,3]
SLURM auto-requeueing enabled. Setting signal handlers.
Monitored metric train_loss did not improve in the last 234 records. Best score: 0.081. Signaling Trainer to stop.
GPU available: True (cuda), used: True
TPU available: False, using: 0 TPU cores
HPU available: False, using: 0 HPUs
LOCAL_RANK: 0 - CUDA_VISIBLE_DEVICES: [0,1,2,3]
SLURM auto-requeueing enabled. Setting signal handlers.
[I 2024-11-03 18:34:47,912] Trial 175 finished with value: 0.38090869784355164 and parameters: {'hidden_dim': 438, 'n_layers': 4, 'dropout': 0.1439235139223627, 'input_chunk_length': 18, 'learning_rate': 0.000401159810250752, 'batch_size': 32}. Best is trial 0 with value: 0.24586667120456696.
GPU available: True (cuda), used: True
TPU available: False, using: 0 TPU cores
HPU available: False, using: 0 HPUs
LOCAL_RANK: 0 - CUDA_VISIBLE_DEVICES: [0,1,2,3]
SLURM auto-requeueing enabled. Setting signal handlers.
Monitored metric train_loss did not improve in the last 235 records. Best score: 0.081. Signaling Trainer to stop.
GPU available: True (cuda), used: True
TPU available: False, using: 0 TPU cores
HPU available: False, using: 0 HPUs
LOCAL_RANK: 0 - CUDA_VISIBLE_DEVICES: [0,1,2,3]
SLURM auto-requeueing enabled. Setting signal handlers.
[I 2024-11-03 18:35:02,380] Trial 176 finished with value: 0.39269906282424927 and parameters: {'hidden_dim': 427, 'n_layers': 5, 'dropout': 0.014030853527964939, 'input_chunk_length': 13, 'learning_rate': 9.215847193975806e-05, 'batch_size': 64}. Best is trial 0 with value: 0.24586667120456696.
GPU available: True (cuda), used: True
TPU available: False, using: 0 TPU cores
HPU available: False, using: 0 HPUs
LOCAL_RANK: 0 - CUDA_VISIBLE_DEVICES: [0,1,2,3]
SLURM auto-requeueing enabled. Setting signal handlers.
Monitored metric train_loss did not improve in the last 236 records. Best score: 0.081. Signaling Trainer to stop.
GPU available: True (cuda), used: True
TPU available: False, using: 0 TPU cores
HPU available: False, using: 0 HPUs
LOCAL_RANK: 0 - CUDA_VISIBLE_DEVICES: [0,1,2,3]
SLURM auto-requeueing enabled. Setting signal handlers.
[I 2024-11-03 18:35:18,136] Trial 177 finished with value: 0.3186306357383728 and parameters: {'hidden_dim': 417, 'n_layers': 4, 'dropout': 0.18269394095786437, 'input_chunk_length': 21, 'learning_rate': 0.0001527966690263616, 'batch_size': 32}. Best is trial 0 with value: 0.24586667120456696.
GPU available: True (cuda), used: True
TPU available: False, using: 0 TPU cores
HPU available: False, using: 0 HPUs
LOCAL_RANK: 0 - CUDA_VISIBLE_DEVICES: [0,1,2,3]
SLURM auto-requeueing enabled. Setting signal handlers.
Monitored metric train_loss did not improve in the last 237 records. Best score: 0.081. Signaling Trainer to stop.
GPU available: True (cuda), used: True
TPU available: False, using: 0 TPU cores
HPU available: False, using: 0 HPUs
LOCAL_RANK: 0 - CUDA_VISIBLE_DEVICES: [0,1,2,3]
SLURM auto-requeueing enabled. Setting signal handlers.
[I 2024-11-03 18:35:33,856] Trial 178 finished with value: 0.3497801125049591 and parameters: {'hidden_dim': 467, 'n_layers': 3, 'dropout': 0.17415663118594624, 'input_chunk_length': 16, 'learning_rate': 6.28546298700216e-05, 'batch_size': 32}. Best is trial 0 with value: 0.24586667120456696.
GPU available: True (cuda), used: True
TPU available: False, using: 0 TPU cores
HPU available: False, using: 0 HPUs
LOCAL_RANK: 0 - CUDA_VISIBLE_DEVICES: [0,1,2,3]
SLURM auto-requeueing enabled. Setting signal handlers.
Monitored metric train_loss did not improve in the last 238 records. Best score: 0.081. Signaling Trainer to stop.
GPU available: True (cuda), used: True
TPU available: False, using: 0 TPU cores
HPU available: False, using: 0 HPUs
LOCAL_RANK: 0 - CUDA_VISIBLE_DEVICES: [0,1,2,3]
SLURM auto-requeueing enabled. Setting signal handlers.
[I 2024-11-03 18:35:49,510] Trial 179 finished with value: 0.3080051839351654 and parameters: {'hidden_dim': 484, 'n_layers': 4, 'dropout': 0.11164758665099922, 'input_chunk_length': 23, 'learning_rate': 7.366747080687519e-05, 'batch_size': 32}. Best is trial 0 with value: 0.24586667120456696.
GPU available: True (cuda), used: True
TPU available: False, using: 0 TPU cores
HPU available: False, using: 0 HPUs
LOCAL_RANK: 0 - CUDA_VISIBLE_DEVICES: [0,1,2,3]
SLURM auto-requeueing enabled. Setting signal handlers.
Monitored metric train_loss did not improve in the last 239 records. Best score: 0.081. Signaling Trainer to stop.
GPU available: True (cuda), used: True
TPU available: False, using: 0 TPU cores
HPU available: False, using: 0 HPUs
LOCAL_RANK: 0 - CUDA_VISIBLE_DEVICES: [0,1,2,3]
SLURM auto-requeueing enabled. Setting signal handlers.
[I 2024-11-03 18:36:05,494] Trial 180 finished with value: 0.34111449122428894 and parameters: {'hidden_dim': 506, 'n_layers': 4, 'dropout': 0.10905720518349434, 'input_chunk_length': 24, 'learning_rate': 4.9800659647928793e-05, 'batch_size': 32}. Best is trial 0 with value: 0.24586667120456696.
GPU available: True (cuda), used: True
TPU available: False, using: 0 TPU cores
HPU available: False, using: 0 HPUs
LOCAL_RANK: 0 - CUDA_VISIBLE_DEVICES: [0,1,2,3]
SLURM auto-requeueing enabled. Setting signal handlers.
Monitored metric train_loss did not improve in the last 240 records. Best score: 0.081. Signaling Trainer to stop.
GPU available: True (cuda), used: True
TPU available: False, using: 0 TPU cores
HPU available: False, using: 0 HPUs
LOCAL_RANK: 0 - CUDA_VISIBLE_DEVICES: [0,1,2,3]
SLURM auto-requeueing enabled. Setting signal handlers.
[I 2024-11-03 18:36:21,667] Trial 181 finished with value: 0.3131895959377289 and parameters: {'hidden_dim': 488, 'n_layers': 4, 'dropout': 0.12039547279834191, 'input_chunk_length': 31, 'learning_rate': 8.014503123108662e-05, 'batch_size': 32}. Best is trial 0 with value: 0.24586667120456696.
GPU available: True (cuda), used: True
TPU available: False, using: 0 TPU cores
HPU available: False, using: 0 HPUs
LOCAL_RANK: 0 - CUDA_VISIBLE_DEVICES: [0,1,2,3]
SLURM auto-requeueing enabled. Setting signal handlers.
Monitored metric train_loss did not improve in the last 241 records. Best score: 0.081. Signaling Trainer to stop.
GPU available: True (cuda), used: True
TPU available: False, using: 0 TPU cores
HPU available: False, using: 0 HPUs
LOCAL_RANK: 0 - CUDA_VISIBLE_DEVICES: [0,1,2,3]
SLURM auto-requeueing enabled. Setting signal handlers.
[I 2024-11-03 18:36:37,597] Trial 182 finished with value: 0.36717548966407776 and parameters: {'hidden_dim': 476, 'n_layers': 4, 'dropout': 0.13794193691956216, 'input_chunk_length': 19, 'learning_rate': 6.664311507365424e-05, 'batch_size': 32}. Best is trial 0 with value: 0.24586667120456696.
GPU available: True (cuda), used: True
TPU available: False, using: 0 TPU cores
HPU available: False, using: 0 HPUs
LOCAL_RANK: 0 - CUDA_VISIBLE_DEVICES: [0,1,2,3]
SLURM auto-requeueing enabled. Setting signal handlers.
Monitored metric train_loss did not improve in the last 242 records. Best score: 0.081. Signaling Trainer to stop.
GPU available: True (cuda), used: True
TPU available: False, using: 0 TPU cores
HPU available: False, using: 0 HPUs
LOCAL_RANK: 0 - CUDA_VISIBLE_DEVICES: [0,1,2,3]
SLURM auto-requeueing enabled. Setting signal handlers.
[I 2024-11-03 18:36:53,030] Trial 183 finished with value: 0.43733710050582886 and parameters: {'hidden_dim': 480, 'n_layers': 4, 'dropout': 0.12914181720639364, 'input_chunk_length': 15, 'learning_rate': 9.752465112821699e-05, 'batch_size': 32}. Best is trial 0 with value: 0.24586667120456696.
GPU available: True (cuda), used: True
TPU available: False, using: 0 TPU cores
HPU available: False, using: 0 HPUs
LOCAL_RANK: 0 - CUDA_VISIBLE_DEVICES: [0,1,2,3]
SLURM auto-requeueing enabled. Setting signal handlers.
Monitored metric train_loss did not improve in the last 243 records. Best score: 0.081. Signaling Trainer to stop.
GPU available: True (cuda), used: True
TPU available: False, using: 0 TPU cores
HPU available: False, using: 0 HPUs
LOCAL_RANK: 0 - CUDA_VISIBLE_DEVICES: [0,1,2,3]
SLURM auto-requeueing enabled. Setting signal handlers.
[I 2024-11-03 18:37:08,536] Trial 184 finished with value: 0.31183528900146484 and parameters: {'hidden_dim': 454, 'n_layers': 4, 'dropout': 0.08188236859340031, 'input_chunk_length': 10, 'learning_rate': 0.00012228876911817718, 'batch_size': 32}. Best is trial 0 with value: 0.24586667120456696.
GPU available: True (cuda), used: True
TPU available: False, using: 0 TPU cores
HPU available: False, using: 0 HPUs
LOCAL_RANK: 0 - CUDA_VISIBLE_DEVICES: [0,1,2,3]
SLURM auto-requeueing enabled. Setting signal handlers.
Monitored metric train_loss did not improve in the last 244 records. Best score: 0.081. Signaling Trainer to stop.
GPU available: True (cuda), used: True
TPU available: False, using: 0 TPU cores
HPU available: False, using: 0 HPUs
LOCAL_RANK: 0 - CUDA_VISIBLE_DEVICES: [0,1,2,3]
SLURM auto-requeueing enabled. Setting signal handlers.
[I 2024-11-03 18:37:24,369] Trial 185 finished with value: 0.8213581442832947 and parameters: {'hidden_dim': 444, 'n_layers': 4, 'dropout': 0.11780024819231699, 'input_chunk_length': 22, 'learning_rate': 0.003090965253152211, 'batch_size': 32}. Best is trial 0 with value: 0.24586667120456696.
GPU available: True (cuda), used: True
TPU available: False, using: 0 TPU cores
HPU available: False, using: 0 HPUs
LOCAL_RANK: 0 - CUDA_VISIBLE_DEVICES: [0,1,2,3]
SLURM auto-requeueing enabled. Setting signal handlers.
Monitored metric train_loss did not improve in the last 245 records. Best score: 0.081. Signaling Trainer to stop.
GPU available: True (cuda), used: True
TPU available: False, using: 0 TPU cores
HPU available: False, using: 0 HPUs
LOCAL_RANK: 0 - CUDA_VISIBLE_DEVICES: [0,1,2,3]
SLURM auto-requeueing enabled. Setting signal handlers.
[I 2024-11-03 18:37:40,297] Trial 186 finished with value: 0.3234562575817108 and parameters: {'hidden_dim': 435, 'n_layers': 4, 'dropout': 0.008196171497555476, 'input_chunk_length': 27, 'learning_rate': 5.5600047962952515e-05, 'batch_size': 32}. Best is trial 0 with value: 0.24586667120456696.
GPU available: True (cuda), used: True
TPU available: False, using: 0 TPU cores
HPU available: False, using: 0 HPUs
LOCAL_RANK: 0 - CUDA_VISIBLE_DEVICES: [0,1,2,3]
SLURM auto-requeueing enabled. Setting signal handlers.
Monitored metric train_loss did not improve in the last 246 records. Best score: 0.081. Signaling Trainer to stop.
GPU available: True (cuda), used: True
TPU available: False, using: 0 TPU cores
HPU available: False, using: 0 HPUs
LOCAL_RANK: 0 - CUDA_VISIBLE_DEVICES: [0,1,2,3]
SLURM auto-requeueing enabled. Setting signal handlers.
[I 2024-11-03 18:37:56,393] Trial 187 finished with value: 0.38681721687316895 and parameters: {'hidden_dim': 499, 'n_layers': 4, 'dropout': 3.5654908151560444e-05, 'input_chunk_length': 38, 'learning_rate': 7.4024122653517e-05, 'batch_size': 64}. Best is trial 0 with value: 0.24586667120456696.
GPU available: True (cuda), used: True
TPU available: False, using: 0 TPU cores
HPU available: False, using: 0 HPUs
LOCAL_RANK: 0 - CUDA_VISIBLE_DEVICES: [0,1,2,3]
SLURM auto-requeueing enabled. Setting signal handlers.
Monitored metric train_loss did not improve in the last 247 records. Best score: 0.081. Signaling Trainer to stop.
GPU available: True (cuda), used: True
TPU available: False, using: 0 TPU cores
HPU available: False, using: 0 HPUs
LOCAL_RANK: 0 - CUDA_VISIBLE_DEVICES: [0,1,2,3]
SLURM auto-requeueing enabled. Setting signal handlers.
[I 2024-11-03 18:38:14,434] Trial 188 finished with value: 0.35451817512512207 and parameters: {'hidden_dim': 408, 'n_layers': 4, 'dropout': 0.09535488334492012, 'input_chunk_length': 63, 'learning_rate': 0.00028656187177775774, 'batch_size': 32}. Best is trial 0 with value: 0.24586667120456696.
GPU available: True (cuda), used: True
TPU available: False, using: 0 TPU cores
HPU available: False, using: 0 HPUs
LOCAL_RANK: 0 - CUDA_VISIBLE_DEVICES: [0,1,2,3]
SLURM auto-requeueing enabled. Setting signal handlers.
Monitored metric train_loss did not improve in the last 248 records. Best score: 0.081. Signaling Trainer to stop.
GPU available: True (cuda), used: True
TPU available: False, using: 0 TPU cores
HPU available: False, using: 0 HPUs
LOCAL_RANK: 0 - CUDA_VISIBLE_DEVICES: [0,1,2,3]
SLURM auto-requeueing enabled. Setting signal handlers.
[I 2024-11-03 18:38:30,748] Trial 189 finished with value: 0.3742198646068573 and parameters: {'hidden_dim': 423, 'n_layers': 4, 'dropout': 0.2712699607767384, 'input_chunk_length': 18, 'learning_rate': 0.00010860136774208479, 'batch_size': 32}. Best is trial 0 with value: 0.24586667120456696.
GPU available: True (cuda), used: True
TPU available: False, using: 0 TPU cores
HPU available: False, using: 0 HPUs
LOCAL_RANK: 0 - CUDA_VISIBLE_DEVICES: [0,1,2,3]
SLURM auto-requeueing enabled. Setting signal handlers.
Monitored metric train_loss did not improve in the last 249 records. Best score: 0.081. Signaling Trainer to stop.
GPU available: True (cuda), used: True
TPU available: False, using: 0 TPU cores
HPU available: False, using: 0 HPUs
LOCAL_RANK: 0 - CUDA_VISIBLE_DEVICES: [0,1,2,3]
SLURM auto-requeueing enabled. Setting signal handlers.
[I 2024-11-03 18:38:46,546] Trial 190 finished with value: 0.3649139106273651 and parameters: {'hidden_dim': 462, 'n_layers': 4, 'dropout': 0.15148100479906412, 'input_chunk_length': 13, 'learning_rate': 8.980236600649661e-05, 'batch_size': 32}. Best is trial 0 with value: 0.24586667120456696.
GPU available: True (cuda), used: True
TPU available: False, using: 0 TPU cores
HPU available: False, using: 0 HPUs
LOCAL_RANK: 0 - CUDA_VISIBLE_DEVICES: [0,1,2,3]
SLURM auto-requeueing enabled. Setting signal handlers.
Monitored metric train_loss did not improve in the last 250 records. Best score: 0.081. Signaling Trainer to stop.
GPU available: True (cuda), used: True
TPU available: False, using: 0 TPU cores
HPU available: False, using: 0 HPUs
LOCAL_RANK: 0 - CUDA_VISIBLE_DEVICES: [0,1,2,3]
SLURM auto-requeueing enabled. Setting signal handlers.
[I 2024-11-03 18:39:02,323] Trial 191 finished with value: 0.35183531045913696 and parameters: {'hidden_dim': 402, 'n_layers': 4, 'dropout': 0.024048962921365175, 'input_chunk_length': 15, 'learning_rate': 6.400953923925742e-05, 'batch_size': 32}. Best is trial 0 with value: 0.24586667120456696.
GPU available: True (cuda), used: True
TPU available: False, using: 0 TPU cores
HPU available: False, using: 0 HPUs
LOCAL_RANK: 0 - CUDA_VISIBLE_DEVICES: [0,1,2,3]
SLURM auto-requeueing enabled. Setting signal handlers.
Monitored metric train_loss did not improve in the last 251 records. Best score: 0.081. Signaling Trainer to stop.
GPU available: True (cuda), used: True
TPU available: False, using: 0 TPU cores
HPU available: False, using: 0 HPUs
LOCAL_RANK: 0 - CUDA_VISIBLE_DEVICES: [0,1,2,3]
SLURM auto-requeueing enabled. Setting signal handlers.
[I 2024-11-03 18:39:18,037] Trial 192 finished with value: 0.32035407423973083 and parameters: {'hidden_dim': 414, 'n_layers': 4, 'dropout': 0.019903880624461797, 'input_chunk_length': 18, 'learning_rate': 5.625127403581779e-05, 'batch_size': 32}. Best is trial 0 with value: 0.24586667120456696.
GPU available: True (cuda), used: True
TPU available: False, using: 0 TPU cores
HPU available: False, using: 0 HPUs
LOCAL_RANK: 0 - CUDA_VISIBLE_DEVICES: [0,1,2,3]
SLURM auto-requeueing enabled. Setting signal handlers.
Monitored metric train_loss did not improve in the last 252 records. Best score: 0.081. Signaling Trainer to stop.
GPU available: True (cuda), used: True
TPU available: False, using: 0 TPU cores
HPU available: False, using: 0 HPUs
LOCAL_RANK: 0 - CUDA_VISIBLE_DEVICES: [0,1,2,3]
SLURM auto-requeueing enabled. Setting signal handlers.
[I 2024-11-03 18:39:34,085] Trial 193 finished with value: 0.35593506693840027 and parameters: {'hidden_dim': 425, 'n_layers': 4, 'dropout': 0.371694901457113, 'input_chunk_length': 22, 'learning_rate': 7.22516962734202e-05, 'batch_size': 32}. Best is trial 0 with value: 0.24586667120456696.
GPU available: True (cuda), used: True
TPU available: False, using: 0 TPU cores
HPU available: False, using: 0 HPUs
LOCAL_RANK: 0 - CUDA_VISIBLE_DEVICES: [0,1,2,3]
SLURM auto-requeueing enabled. Setting signal handlers.
Monitored metric train_loss did not improve in the last 253 records. Best score: 0.081. Signaling Trainer to stop.
GPU available: True (cuda), used: True
TPU available: False, using: 0 TPU cores
HPU available: False, using: 0 HPUs
LOCAL_RANK: 0 - CUDA_VISIBLE_DEVICES: [0,1,2,3]
SLURM auto-requeueing enabled. Setting signal handlers.
[I 2024-11-03 18:39:49,154] Trial 194 finished with value: 0.29333242774009705 and parameters: {'hidden_dim': 200, 'n_layers': 4, 'dropout': 0.037144008267895906, 'input_chunk_length': 17, 'learning_rate': 0.000512727705902243, 'batch_size': 32}. Best is trial 0 with value: 0.24586667120456696.
GPU available: True (cuda), used: True
TPU available: False, using: 0 TPU cores
HPU available: False, using: 0 HPUs
LOCAL_RANK: 0 - CUDA_VISIBLE_DEVICES: [0,1,2,3]
SLURM auto-requeueing enabled. Setting signal handlers.
Monitored metric train_loss did not improve in the last 254 records. Best score: 0.081. Signaling Trainer to stop.
GPU available: True (cuda), used: True
TPU available: False, using: 0 TPU cores
HPU available: False, using: 0 HPUs
LOCAL_RANK: 0 - CUDA_VISIBLE_DEVICES: [0,1,2,3]
SLURM auto-requeueing enabled. Setting signal handlers.
[I 2024-11-03 18:40:03,879] Trial 195 finished with value: 0.3168702721595764 and parameters: {'hidden_dim': 131, 'n_layers': 4, 'dropout': 0.04301627469549452, 'input_chunk_length': 12, 'learning_rate': 0.0006001201339623549, 'batch_size': 32}. Best is trial 0 with value: 0.24586667120456696.
GPU available: True (cuda), used: True
TPU available: False, using: 0 TPU cores
HPU available: False, using: 0 HPUs
LOCAL_RANK: 0 - CUDA_VISIBLE_DEVICES: [0,1,2,3]
SLURM auto-requeueing enabled. Setting signal handlers.
Monitored metric train_loss did not improve in the last 255 records. Best score: 0.081. Signaling Trainer to stop.
GPU available: True (cuda), used: True
TPU available: False, using: 0 TPU cores
HPU available: False, using: 0 HPUs
LOCAL_RANK: 0 - CUDA_VISIBLE_DEVICES: [0,1,2,3]
SLURM auto-requeueing enabled. Setting signal handlers.
[I 2024-11-03 18:40:18,989] Trial 196 finished with value: 0.3202982544898987 and parameters: {'hidden_dim': 196, 'n_layers': 4, 'dropout': 0.06801344624544996, 'input_chunk_length': 20, 'learning_rate': 0.0005861027142502579, 'batch_size': 32}. Best is trial 0 with value: 0.24586667120456696.
GPU available: True (cuda), used: True
TPU available: False, using: 0 TPU cores
HPU available: False, using: 0 HPUs
LOCAL_RANK: 0 - CUDA_VISIBLE_DEVICES: [0,1,2,3]
SLURM auto-requeueing enabled. Setting signal handlers.
Monitored metric train_loss did not improve in the last 256 records. Best score: 0.081. Signaling Trainer to stop.
GPU available: True (cuda), used: True
TPU available: False, using: 0 TPU cores
HPU available: False, using: 0 HPUs
LOCAL_RANK: 0 - CUDA_VISIBLE_DEVICES: [0,1,2,3]
SLURM auto-requeueing enabled. Setting signal handlers.
