[I 2024-11-04 10:35:39,744] Trial 172 finished with value: 0.36401984095573425 and parameters: {'hidden_dim': 319, 'n_layers': 1, 'dropout': 0.16569408565334895, 'input_chunk_length': 105, 'learning_rate': 0.004744270188720938, 'batch_size': 32}. Best is trial 0 with value: 0.11822180449962616.
GPU available: True (cuda), used: True
TPU available: False, using: 0 TPU cores
HPU available: False, using: 0 HPUs
LOCAL_RANK: 0 - CUDA_VISIBLE_DEVICES: [0,1,2,3]
SLURM auto-requeueing enabled. Setting signal handlers.
Monitored metric train_loss did not improve in the last 231 records. Best score: 0.042. Signaling Trainer to stop.
GPU available: True (cuda), used: True
TPU available: False, using: 0 TPU cores
HPU available: False, using: 0 HPUs
LOCAL_RANK: 0 - CUDA_VISIBLE_DEVICES: [0,1,2,3]
SLURM auto-requeueing enabled. Setting signal handlers.
[I 2024-11-04 10:35:57,003] Trial 173 finished with value: 0.4825924336910248 and parameters: {'hidden_dim': 346, 'n_layers': 1, 'dropout': 0.15421461101715997, 'input_chunk_length': 13, 'learning_rate': 0.005683894046665843, 'batch_size': 32}. Best is trial 0 with value: 0.11822180449962616.
GPU available: True (cuda), used: True
TPU available: False, using: 0 TPU cores
HPU available: False, using: 0 HPUs
LOCAL_RANK: 0 - CUDA_VISIBLE_DEVICES: [0,1,2,3]
SLURM auto-requeueing enabled. Setting signal handlers.
Monitored metric train_loss did not improve in the last 232 records. Best score: 0.042. Signaling Trainer to stop.
GPU available: True (cuda), used: True
TPU available: False, using: 0 TPU cores
HPU available: False, using: 0 HPUs
LOCAL_RANK: 0 - CUDA_VISIBLE_DEVICES: [0,1,2,3]
SLURM auto-requeueing enabled. Setting signal handlers.
[I 2024-11-04 10:36:17,558] Trial 174 finished with value: 1.4692925214767456 and parameters: {'hidden_dim': 324, 'n_layers': 1, 'dropout': 0.2196700501262467, 'input_chunk_length': 108, 'learning_rate': 0.009897010442931077, 'batch_size': 32}. Best is trial 0 with value: 0.11822180449962616.
GPU available: True (cuda), used: True
TPU available: False, using: 0 TPU cores
HPU available: False, using: 0 HPUs
LOCAL_RANK: 0 - CUDA_VISIBLE_DEVICES: [0,1,2,3]
SLURM auto-requeueing enabled. Setting signal handlers.
Monitored metric train_loss did not improve in the last 233 records. Best score: 0.042. Signaling Trainer to stop.
GPU available: True (cuda), used: True
TPU available: False, using: 0 TPU cores
HPU available: False, using: 0 HPUs
LOCAL_RANK: 0 - CUDA_VISIBLE_DEVICES: [0,1,2,3]
SLURM auto-requeueing enabled. Setting signal handlers.
[I 2024-11-04 10:36:35,025] Trial 175 finished with value: 0.3751068413257599 and parameters: {'hidden_dim': 104, 'n_layers': 5, 'dropout': 0.1386306853657028, 'input_chunk_length': 98, 'learning_rate': 1.895712630260077e-05, 'batch_size': 32}. Best is trial 0 with value: 0.11822180449962616.
GPU available: True (cuda), used: True
TPU available: False, using: 0 TPU cores
HPU available: False, using: 0 HPUs
LOCAL_RANK: 0 - CUDA_VISIBLE_DEVICES: [0,1,2,3]
SLURM auto-requeueing enabled. Setting signal handlers.
Monitored metric train_loss did not improve in the last 234 records. Best score: 0.042. Signaling Trainer to stop.
GPU available: True (cuda), used: True
TPU available: False, using: 0 TPU cores
HPU available: False, using: 0 HPUs
LOCAL_RANK: 0 - CUDA_VISIBLE_DEVICES: [0,1,2,3]
SLURM auto-requeueing enabled. Setting signal handlers.
[I 2024-11-04 10:36:56,972] Trial 176 finished with value: 0.3272304832935333 and parameters: {'hidden_dim': 367, 'n_layers': 3, 'dropout': 0.12074321753046534, 'input_chunk_length': 92, 'learning_rate': 0.0005108880130786515, 'batch_size': 32}. Best is trial 0 with value: 0.11822180449962616.
GPU available: True (cuda), used: True
TPU available: False, using: 0 TPU cores
HPU available: False, using: 0 HPUs
LOCAL_RANK: 0 - CUDA_VISIBLE_DEVICES: [0,1,2,3]
SLURM auto-requeueing enabled. Setting signal handlers.
Monitored metric train_loss did not improve in the last 235 records. Best score: 0.042. Signaling Trainer to stop.
GPU available: True (cuda), used: True
TPU available: False, using: 0 TPU cores
HPU available: False, using: 0 HPUs
LOCAL_RANK: 0 - CUDA_VISIBLE_DEVICES: [0,1,2,3]
SLURM auto-requeueing enabled. Setting signal handlers.
[I 2024-11-04 10:37:14,188] Trial 177 finished with value: 0.42559924721717834 and parameters: {'hidden_dim': 352, 'n_layers': 1, 'dropout': 0.27334266581652605, 'input_chunk_length': 40, 'learning_rate': 0.00014031833669003111, 'batch_size': 32}. Best is trial 0 with value: 0.11822180449962616.
GPU available: True (cuda), used: True
TPU available: False, using: 0 TPU cores
HPU available: False, using: 0 HPUs
LOCAL_RANK: 0 - CUDA_VISIBLE_DEVICES: [0,1,2,3]
SLURM auto-requeueing enabled. Setting signal handlers.
Monitored metric train_loss did not improve in the last 236 records. Best score: 0.042. Signaling Trainer to stop.
GPU available: True (cuda), used: True
TPU available: False, using: 0 TPU cores
HPU available: False, using: 0 HPUs
LOCAL_RANK: 0 - CUDA_VISIBLE_DEVICES: [0,1,2,3]
SLURM auto-requeueing enabled. Setting signal handlers.
[I 2024-11-04 10:37:32,178] Trial 178 finished with value: 0.4352947175502777 and parameters: {'hidden_dim': 376, 'n_layers': 5, 'dropout': 0.24320194685238375, 'input_chunk_length': 19, 'learning_rate': 9.91028291544873e-05, 'batch_size': 32}. Best is trial 0 with value: 0.11822180449962616.
GPU available: True (cuda), used: True
TPU available: False, using: 0 TPU cores
HPU available: False, using: 0 HPUs
LOCAL_RANK: 0 - CUDA_VISIBLE_DEVICES: [0,1,2,3]
SLURM auto-requeueing enabled. Setting signal handlers.
Monitored metric train_loss did not improve in the last 237 records. Best score: 0.042. Signaling Trainer to stop.
GPU available: True (cuda), used: True
TPU available: False, using: 0 TPU cores
HPU available: False, using: 0 HPUs
LOCAL_RANK: 0 - CUDA_VISIBLE_DEVICES: [0,1,2,3]
SLURM auto-requeueing enabled. Setting signal handlers.
[I 2024-11-04 10:37:49,086] Trial 179 finished with value: 0.45130687952041626 and parameters: {'hidden_dim': 214, 'n_layers': 1, 'dropout': 0.17951929719395948, 'input_chunk_length': 16, 'learning_rate': 0.003154801555050533, 'batch_size': 32}. Best is trial 0 with value: 0.11822180449962616.
GPU available: True (cuda), used: True
TPU available: False, using: 0 TPU cores
HPU available: False, using: 0 HPUs
LOCAL_RANK: 0 - CUDA_VISIBLE_DEVICES: [0,1,2,3]
SLURM auto-requeueing enabled. Setting signal handlers.
Monitored metric train_loss did not improve in the last 238 records. Best score: 0.042. Signaling Trainer to stop.
GPU available: True (cuda), used: True
TPU available: False, using: 0 TPU cores
HPU available: False, using: 0 HPUs
LOCAL_RANK: 0 - CUDA_VISIBLE_DEVICES: [0,1,2,3]
SLURM auto-requeueing enabled. Setting signal handlers.
[I 2024-11-04 10:38:05,950] Trial 180 finished with value: 0.33997491002082825 and parameters: {'hidden_dim': 127, 'n_layers': 3, 'dropout': 0.20429757207446528, 'input_chunk_length': 63, 'learning_rate': 0.00427677446329521, 'batch_size': 32}. Best is trial 0 with value: 0.11822180449962616.
GPU available: True (cuda), used: True
TPU available: False, using: 0 TPU cores
HPU available: False, using: 0 HPUs
LOCAL_RANK: 0 - CUDA_VISIBLE_DEVICES: [0,1,2,3]
SLURM auto-requeueing enabled. Setting signal handlers.
Monitored metric train_loss did not improve in the last 239 records. Best score: 0.042. Signaling Trainer to stop.
GPU available: True (cuda), used: True
TPU available: False, using: 0 TPU cores
HPU available: False, using: 0 HPUs
LOCAL_RANK: 0 - CUDA_VISIBLE_DEVICES: [0,1,2,3]
SLURM auto-requeueing enabled. Setting signal handlers.
[I 2024-11-04 10:38:22,773] Trial 181 finished with value: 0.5084981322288513 and parameters: {'hidden_dim': 80, 'n_layers': 4, 'dropout': 0.2537170913731119, 'input_chunk_length': 14, 'learning_rate': 0.005037554578680005, 'batch_size': 32}. Best is trial 0 with value: 0.11822180449962616.
GPU available: True (cuda), used: True
TPU available: False, using: 0 TPU cores
HPU available: False, using: 0 HPUs
LOCAL_RANK: 0 - CUDA_VISIBLE_DEVICES: [0,1,2,3]
SLURM auto-requeueing enabled. Setting signal handlers.
Monitored metric train_loss did not improve in the last 240 records. Best score: 0.042. Signaling Trainer to stop.
GPU available: True (cuda), used: True
TPU available: False, using: 0 TPU cores
HPU available: False, using: 0 HPUs
LOCAL_RANK: 0 - CUDA_VISIBLE_DEVICES: [0,1,2,3]
SLURM auto-requeueing enabled. Setting signal handlers.
[I 2024-11-04 10:38:39,487] Trial 182 finished with value: 0.4002402126789093 and parameters: {'hidden_dim': 61, 'n_layers': 4, 'dropout': 0.23321050009465044, 'input_chunk_length': 13, 'learning_rate': 0.0025614064147124914, 'batch_size': 32}. Best is trial 0 with value: 0.11822180449962616.
GPU available: True (cuda), used: True
TPU available: False, using: 0 TPU cores
HPU available: False, using: 0 HPUs
LOCAL_RANK: 0 - CUDA_VISIBLE_DEVICES: [0,1,2,3]
SLURM auto-requeueing enabled. Setting signal handlers.
Monitored metric train_loss did not improve in the last 241 records. Best score: 0.042. Signaling Trainer to stop.
GPU available: True (cuda), used: True
TPU available: False, using: 0 TPU cores
HPU available: False, using: 0 HPUs
LOCAL_RANK: 0 - CUDA_VISIBLE_DEVICES: [0,1,2,3]
SLURM auto-requeueing enabled. Setting signal handlers.
[I 2024-11-04 10:38:56,527] Trial 183 finished with value: 0.4288078546524048 and parameters: {'hidden_dim': 77, 'n_layers': 4, 'dropout': 0.2402688736335749, 'input_chunk_length': 10, 'learning_rate': 0.00797817252168293, 'batch_size': 32}. Best is trial 0 with value: 0.11822180449962616.
GPU available: True (cuda), used: True
TPU available: False, using: 0 TPU cores
HPU available: False, using: 0 HPUs
LOCAL_RANK: 0 - CUDA_VISIBLE_DEVICES: [0,1,2,3]
SLURM auto-requeueing enabled. Setting signal handlers.
Monitored metric train_loss did not improve in the last 242 records. Best score: 0.042. Signaling Trainer to stop.
GPU available: True (cuda), used: True
TPU available: False, using: 0 TPU cores
HPU available: False, using: 0 HPUs
LOCAL_RANK: 0 - CUDA_VISIBLE_DEVICES: [0,1,2,3]
SLURM auto-requeueing enabled. Setting signal handlers.
[I 2024-11-04 10:39:13,440] Trial 184 finished with value: 0.29671981930732727 and parameters: {'hidden_dim': 97, 'n_layers': 4, 'dropout': 0.2935350242961513, 'input_chunk_length': 21, 'learning_rate': 0.006383588746135132, 'batch_size': 32}. Best is trial 0 with value: 0.11822180449962616.
GPU available: True (cuda), used: True
TPU available: False, using: 0 TPU cores
HPU available: False, using: 0 HPUs
LOCAL_RANK: 0 - CUDA_VISIBLE_DEVICES: [0,1,2,3]
SLURM auto-requeueing enabled. Setting signal handlers.
Monitored metric train_loss did not improve in the last 243 records. Best score: 0.042. Signaling Trainer to stop.
GPU available: True (cuda), used: True
TPU available: False, using: 0 TPU cores
HPU available: False, using: 0 HPUs
LOCAL_RANK: 0 - CUDA_VISIBLE_DEVICES: [0,1,2,3]
SLURM auto-requeueing enabled. Setting signal handlers.
[I 2024-11-04 10:39:30,523] Trial 185 finished with value: 0.34636589884757996 and parameters: {'hidden_dim': 88, 'n_layers': 4, 'dropout': 0.3050059663135628, 'input_chunk_length': 103, 'learning_rate': 0.00649390145591437, 'batch_size': 32}. Best is trial 0 with value: 0.11822180449962616.
GPU available: True (cuda), used: True
TPU available: False, using: 0 TPU cores
HPU available: False, using: 0 HPUs
LOCAL_RANK: 0 - CUDA_VISIBLE_DEVICES: [0,1,2,3]
SLURM auto-requeueing enabled. Setting signal handlers.
Monitored metric train_loss did not improve in the last 244 records. Best score: 0.042. Signaling Trainer to stop.
GPU available: True (cuda), used: True
TPU available: False, using: 0 TPU cores
HPU available: False, using: 0 HPUs
LOCAL_RANK: 0 - CUDA_VISIBLE_DEVICES: [0,1,2,3]
SLURM auto-requeueing enabled. Setting signal handlers.
[I 2024-11-04 10:39:46,177] Trial 186 finished with value: 0.43836167454719543 and parameters: {'hidden_dim': 111, 'n_layers': 3, 'dropout': 0.28347609897621273, 'input_chunk_length': 22, 'learning_rate': 0.008692604929977287, 'batch_size': 64}. Best is trial 0 with value: 0.11822180449962616.
GPU available: True (cuda), used: True
TPU available: False, using: 0 TPU cores
HPU available: False, using: 0 HPUs
LOCAL_RANK: 0 - CUDA_VISIBLE_DEVICES: [0,1,2,3]
SLURM auto-requeueing enabled. Setting signal handlers.
Monitored metric train_loss did not improve in the last 245 records. Best score: 0.042. Signaling Trainer to stop.
GPU available: True (cuda), used: True
TPU available: False, using: 0 TPU cores
HPU available: False, using: 0 HPUs
LOCAL_RANK: 0 - CUDA_VISIBLE_DEVICES: [0,1,2,3]
SLURM auto-requeueing enabled. Setting signal handlers.
[I 2024-11-04 10:40:09,827] Trial 187 finished with value: 0.46795204281806946 and parameters: {'hidden_dim': 179, 'n_layers': 4, 'dropout': 0.2982410270088968, 'input_chunk_length': 122, 'learning_rate': 0.005936259882995614, 'batch_size': 32}. Best is trial 0 with value: 0.11822180449962616.
GPU available: True (cuda), used: True
TPU available: False, using: 0 TPU cores
HPU available: False, using: 0 HPUs
LOCAL_RANK: 0 - CUDA_VISIBLE_DEVICES: [0,1,2,3]
SLURM auto-requeueing enabled. Setting signal handlers.
Monitored metric train_loss did not improve in the last 246 records. Best score: 0.042. Signaling Trainer to stop.
GPU available: True (cuda), used: True
TPU available: False, using: 0 TPU cores
HPU available: False, using: 0 HPUs
LOCAL_RANK: 0 - CUDA_VISIBLE_DEVICES: [0,1,2,3]
SLURM auto-requeueing enabled. Setting signal handlers.
[I 2024-11-04 10:40:30,206] Trial 188 finished with value: 0.4020032286643982 and parameters: {'hidden_dim': 101, 'n_layers': 4, 'dropout': 0.29247937183820316, 'input_chunk_length': 27, 'learning_rate': 0.007000936675165596, 'batch_size': 32}. Best is trial 0 with value: 0.11822180449962616.
GPU available: True (cuda), used: True
TPU available: False, using: 0 TPU cores
HPU available: False, using: 0 HPUs
LOCAL_RANK: 0 - CUDA_VISIBLE_DEVICES: [0,1,2,3]
SLURM auto-requeueing enabled. Setting signal handlers.
Monitored metric train_loss did not improve in the last 247 records. Best score: 0.042. Signaling Trainer to stop.
GPU available: True (cuda), used: True
TPU available: False, using: 0 TPU cores
HPU available: False, using: 0 HPUs
LOCAL_RANK: 0 - CUDA_VISIBLE_DEVICES: [0,1,2,3]
SLURM auto-requeueing enabled. Setting signal handlers.
[I 2024-11-04 10:40:47,968] Trial 189 finished with value: 0.323049932718277 and parameters: {'hidden_dim': 62, 'n_layers': 3, 'dropout': 0.15501041532908963, 'input_chunk_length': 19, 'learning_rate': 0.0018775819640823102, 'batch_size': 32}. Best is trial 0 with value: 0.11822180449962616.
GPU available: True (cuda), used: True
TPU available: False, using: 0 TPU cores
HPU available: False, using: 0 HPUs
LOCAL_RANK: 0 - CUDA_VISIBLE_DEVICES: [0,1,2,3]
SLURM auto-requeueing enabled. Setting signal handlers.
Monitored metric train_loss did not improve in the last 248 records. Best score: 0.042. Signaling Trainer to stop.
GPU available: True (cuda), used: True
TPU available: False, using: 0 TPU cores
HPU available: False, using: 0 HPUs
LOCAL_RANK: 0 - CUDA_VISIBLE_DEVICES: [0,1,2,3]
SLURM auto-requeueing enabled. Setting signal handlers.
[I 2024-11-04 10:41:05,449] Trial 190 finished with value: 0.341005802154541 and parameters: {'hidden_dim': 94, 'n_layers': 1, 'dropout': 0.18868357335483085, 'input_chunk_length': 111, 'learning_rate': 0.0007391106842835714, 'batch_size': 32}. Best is trial 0 with value: 0.11822180449962616.
GPU available: True (cuda), used: True
TPU available: False, using: 0 TPU cores
HPU available: False, using: 0 HPUs
LOCAL_RANK: 0 - CUDA_VISIBLE_DEVICES: [0,1,2,3]
SLURM auto-requeueing enabled. Setting signal handlers.
Monitored metric train_loss did not improve in the last 249 records. Best score: 0.042. Signaling Trainer to stop.
GPU available: True (cuda), used: True
TPU available: False, using: 0 TPU cores
HPU available: False, using: 0 HPUs
LOCAL_RANK: 0 - CUDA_VISIBLE_DEVICES: [0,1,2,3]
SLURM auto-requeueing enabled. Setting signal handlers.
[I 2024-11-04 10:41:27,663] Trial 191 finished with value: 0.2773912250995636 and parameters: {'hidden_dim': 73, 'n_layers': 4, 'dropout': 0.3362011705130537, 'input_chunk_length': 17, 'learning_rate': 0.005091713151594941, 'batch_size': 32}. Best is trial 0 with value: 0.11822180449962616.
GPU available: True (cuda), used: True
TPU available: False, using: 0 TPU cores
HPU available: False, using: 0 HPUs
LOCAL_RANK: 0 - CUDA_VISIBLE_DEVICES: [0,1,2,3]
SLURM auto-requeueing enabled. Setting signal handlers.
Monitored metric train_loss did not improve in the last 250 records. Best score: 0.042. Signaling Trainer to stop.
GPU available: True (cuda), used: True
TPU available: False, using: 0 TPU cores
HPU available: False, using: 0 HPUs
LOCAL_RANK: 0 - CUDA_VISIBLE_DEVICES: [0,1,2,3]
SLURM auto-requeueing enabled. Setting signal handlers.
[I 2024-11-04 10:41:48,589] Trial 192 finished with value: 0.34519511461257935 and parameters: {'hidden_dim': 70, 'n_layers': 4, 'dropout': 0.3811801418263987, 'input_chunk_length': 17, 'learning_rate': 0.0034079873184949703, 'batch_size': 32}. Best is trial 0 with value: 0.11822180449962616.
GPU available: True (cuda), used: True
TPU available: False, using: 0 TPU cores
HPU available: False, using: 0 HPUs
LOCAL_RANK: 0 - CUDA_VISIBLE_DEVICES: [0,1,2,3]
SLURM auto-requeueing enabled. Setting signal handlers.
Monitored metric train_loss did not improve in the last 251 records. Best score: 0.042. Signaling Trainer to stop.
GPU available: True (cuda), used: True
TPU available: False, using: 0 TPU cores
HPU available: False, using: 0 HPUs
LOCAL_RANK: 0 - CUDA_VISIBLE_DEVICES: [0,1,2,3]
SLURM auto-requeueing enabled. Setting signal handlers.
[I 2024-11-04 10:42:05,312] Trial 193 finished with value: 0.30946141481399536 and parameters: {'hidden_dim': 88, 'n_layers': 4, 'dropout': 0.21993290179924707, 'input_chunk_length': 20, 'learning_rate': 0.005243232530184661, 'batch_size': 32}. Best is trial 0 with value: 0.11822180449962616.
GPU available: True (cuda), used: True
TPU available: False, using: 0 TPU cores
HPU available: False, using: 0 HPUs
LOCAL_RANK: 0 - CUDA_VISIBLE_DEVICES: [0,1,2,3]
SLURM auto-requeueing enabled. Setting signal handlers.
Monitored metric train_loss did not improve in the last 252 records. Best score: 0.042. Signaling Trainer to stop.
GPU available: True (cuda), used: True
TPU available: False, using: 0 TPU cores
HPU available: False, using: 0 HPUs
LOCAL_RANK: 0 - CUDA_VISIBLE_DEVICES: [0,1,2,3]
SLURM auto-requeueing enabled. Setting signal handlers.
[I 2024-11-04 10:42:24,658] Trial 194 finished with value: 0.8305951952934265 and parameters: {'hidden_dim': 341, 'n_layers': 4, 'dropout': 0.1712427853681847, 'input_chunk_length': 25, 'learning_rate': 0.0038514793229857064, 'batch_size': 32}. Best is trial 0 with value: 0.11822180449962616.
GPU available: True (cuda), used: True
TPU available: False, using: 0 TPU cores
HPU available: False, using: 0 HPUs
LOCAL_RANK: 0 - CUDA_VISIBLE_DEVICES: [0,1,2,3]
SLURM auto-requeueing enabled. Setting signal handlers.
Monitored metric train_loss did not improve in the last 253 records. Best score: 0.042. Signaling Trainer to stop.
GPU available: True (cuda), used: True
TPU available: False, using: 0 TPU cores
HPU available: False, using: 0 HPUs
LOCAL_RANK: 0 - CUDA_VISIBLE_DEVICES: [0,1,2,3]
SLURM auto-requeueing enabled. Setting signal handlers.
[I 2024-11-04 10:42:42,061] Trial 195 finished with value: 0.38264667987823486 and parameters: {'hidden_dim': 396, 'n_layers': 4, 'dropout': 0.34671045722113636, 'input_chunk_length': 15, 'learning_rate': 0.004470679103057788, 'batch_size': 32}. Best is trial 0 with value: 0.11822180449962616.
GPU available: True (cuda), used: True
TPU available: False, using: 0 TPU cores
HPU available: False, using: 0 HPUs
LOCAL_RANK: 0 - CUDA_VISIBLE_DEVICES: [0,1,2,3]
SLURM auto-requeueing enabled. Setting signal handlers.
Monitored metric train_loss did not improve in the last 254 records. Best score: 0.042. Signaling Trainer to stop.
GPU available: True (cuda), used: True
TPU available: False, using: 0 TPU cores
HPU available: False, using: 0 HPUs
LOCAL_RANK: 0 - CUDA_VISIBLE_DEVICES: [0,1,2,3]
SLURM auto-requeueing enabled. Setting signal handlers.
[I 2024-11-04 10:42:58,875] Trial 196 finished with value: 0.42299386858940125 and parameters: {'hidden_dim': 50, 'n_layers': 3, 'dropout': 0.3525566025234004, 'input_chunk_length': 29, 'learning_rate': 0.0001626320274438944, 'batch_size': 32}. Best is trial 0 with value: 0.11822180449962616.
GPU available: True (cuda), used: True
TPU available: False, using: 0 TPU cores
HPU available: False, using: 0 HPUs
LOCAL_RANK: 0 - CUDA_VISIBLE_DEVICES: [0,1,2,3]
SLURM auto-requeueing enabled. Setting signal handlers.
Monitored metric train_loss did not improve in the last 255 records. Best score: 0.042. Signaling Trainer to stop.
GPU available: True (cuda), used: True
TPU available: False, using: 0 TPU cores
HPU available: False, using: 0 HPUs
LOCAL_RANK: 0 - CUDA_VISIBLE_DEVICES: [0,1,2,3]
SLURM auto-requeueing enabled. Setting signal handlers.
