[I 2024-11-04 22:21:42,858] Trial 100 finished with value: 0.3226824104785919 and parameters: {'hidden_dim': 233, 'n_layers': 1, 'dropout': 0.12090232041757906, 'input_chunk_length': 51, 'learning_rate': 0.0001533492025687628, 'batch_size': 32}. Best is trial 0 with value: 0.11407290399074554.
GPU available: True (cuda), used: True
TPU available: False, using: 0 TPU cores
HPU available: False, using: 0 HPUs
LOCAL_RANK: 0 - CUDA_VISIBLE_DEVICES: [0,1]
SLURM auto-requeueing enabled. Setting signal handlers.
Monitored metric train_loss did not improve in the last 159 records. Best score: 0.034. Signaling Trainer to stop.
GPU available: True (cuda), used: True
TPU available: False, using: 0 TPU cores
HPU available: False, using: 0 HPUs
LOCAL_RANK: 0 - CUDA_VISIBLE_DEVICES: [0,1]
SLURM auto-requeueing enabled. Setting signal handlers.
[I 2024-11-04 22:22:05,052] Trial 101 finished with value: 0.3199814260005951 and parameters: {'hidden_dim': 447, 'n_layers': 4, 'dropout': 0.08674344797394642, 'input_chunk_length': 59, 'learning_rate': 8.960721714727096e-05, 'batch_size': 32}. Best is trial 0 with value: 0.11407290399074554.
GPU available: True (cuda), used: True
TPU available: False, using: 0 TPU cores
HPU available: False, using: 0 HPUs
LOCAL_RANK: 0 - CUDA_VISIBLE_DEVICES: [0,1]
SLURM auto-requeueing enabled. Setting signal handlers.
Monitored metric train_loss did not improve in the last 160 records. Best score: 0.034. Signaling Trainer to stop.
GPU available: True (cuda), used: True
TPU available: False, using: 0 TPU cores
HPU available: False, using: 0 HPUs
LOCAL_RANK: 0 - CUDA_VISIBLE_DEVICES: [0,1]
SLURM auto-requeueing enabled. Setting signal handlers.
[I 2024-11-04 22:22:26,234] Trial 102 finished with value: 0.29151007533073425 and parameters: {'hidden_dim': 473, 'n_layers': 1, 'dropout': 0.07017619534881392, 'input_chunk_length': 65, 'learning_rate': 7.092276384435167e-05, 'batch_size': 32}. Best is trial 0 with value: 0.11407290399074554.
GPU available: True (cuda), used: True
TPU available: False, using: 0 TPU cores
HPU available: False, using: 0 HPUs
LOCAL_RANK: 0 - CUDA_VISIBLE_DEVICES: [0,1]
SLURM auto-requeueing enabled. Setting signal handlers.
Monitored metric train_loss did not improve in the last 161 records. Best score: 0.034. Signaling Trainer to stop.
GPU available: True (cuda), used: True
TPU available: False, using: 0 TPU cores
HPU available: False, using: 0 HPUs
LOCAL_RANK: 0 - CUDA_VISIBLE_DEVICES: [0,1]
SLURM auto-requeueing enabled. Setting signal handlers.
[I 2024-11-04 22:22:49,333] Trial 103 finished with value: 0.298031747341156 and parameters: {'hidden_dim': 429, 'n_layers': 5, 'dropout': 0.08699411664747582, 'input_chunk_length': 61, 'learning_rate': 0.000136106269999377, 'batch_size': 32}. Best is trial 0 with value: 0.11407290399074554.
GPU available: True (cuda), used: True
TPU available: False, using: 0 TPU cores
HPU available: False, using: 0 HPUs
LOCAL_RANK: 0 - CUDA_VISIBLE_DEVICES: [0,1]
SLURM auto-requeueing enabled. Setting signal handlers.
Monitored metric train_loss did not improve in the last 162 records. Best score: 0.034. Signaling Trainer to stop.
GPU available: True (cuda), used: True
TPU available: False, using: 0 TPU cores
HPU available: False, using: 0 HPUs
LOCAL_RANK: 0 - CUDA_VISIBLE_DEVICES: [0,1]
SLURM auto-requeueing enabled. Setting signal handlers.
[I 2024-11-04 22:23:16,419] Trial 104 finished with value: 0.3149098753929138 and parameters: {'hidden_dim': 387, 'n_layers': 1, 'dropout': 0.23104612477702344, 'input_chunk_length': 150, 'learning_rate': 0.00011620046892983757, 'batch_size': 32}. Best is trial 0 with value: 0.11407290399074554.
GPU available: True (cuda), used: True
TPU available: False, using: 0 TPU cores
HPU available: False, using: 0 HPUs
LOCAL_RANK: 0 - CUDA_VISIBLE_DEVICES: [0,1]
SLURM auto-requeueing enabled. Setting signal handlers.
Monitored metric train_loss did not improve in the last 163 records. Best score: 0.034. Signaling Trainer to stop.
GPU available: True (cuda), used: True
TPU available: False, using: 0 TPU cores
HPU available: False, using: 0 HPUs
LOCAL_RANK: 0 - CUDA_VISIBLE_DEVICES: [0,1]
SLURM auto-requeueing enabled. Setting signal handlers.
[I 2024-11-04 22:23:36,016] Trial 105 finished with value: 0.804264485836029 and parameters: {'hidden_dim': 491, 'n_layers': 2, 'dropout': 0.10688665747140522, 'input_chunk_length': 40, 'learning_rate': 0.00514622582512853, 'batch_size': 32}. Best is trial 0 with value: 0.11407290399074554.
GPU available: True (cuda), used: True
TPU available: False, using: 0 TPU cores
HPU available: False, using: 0 HPUs
LOCAL_RANK: 0 - CUDA_VISIBLE_DEVICES: [0,1]
SLURM auto-requeueing enabled. Setting signal handlers.
Monitored metric train_loss did not improve in the last 164 records. Best score: 0.034. Signaling Trainer to stop.
GPU available: True (cuda), used: True
TPU available: False, using: 0 TPU cores
HPU available: False, using: 0 HPUs
LOCAL_RANK: 0 - CUDA_VISIBLE_DEVICES: [0,1]
SLURM auto-requeueing enabled. Setting signal handlers.
[I 2024-11-04 22:23:57,532] Trial 106 finished with value: 0.5125986933708191 and parameters: {'hidden_dim': 465, 'n_layers': 3, 'dropout': 0.0409659181690802, 'input_chunk_length': 56, 'learning_rate': 0.0032919779273155683, 'batch_size': 32}. Best is trial 0 with value: 0.11407290399074554.
GPU available: True (cuda), used: True
TPU available: False, using: 0 TPU cores
HPU available: False, using: 0 HPUs
LOCAL_RANK: 0 - CUDA_VISIBLE_DEVICES: [0,1]
SLURM auto-requeueing enabled. Setting signal handlers.
Monitored metric train_loss did not improve in the last 165 records. Best score: 0.034. Signaling Trainer to stop.
GPU available: True (cuda), used: True
TPU available: False, using: 0 TPU cores
HPU available: False, using: 0 HPUs
LOCAL_RANK: 0 - CUDA_VISIBLE_DEVICES: [0,1]
SLURM auto-requeueing enabled. Setting signal handlers.
[I 2024-11-04 22:24:16,584] Trial 107 finished with value: 0.31527674198150635 and parameters: {'hidden_dim': 414, 'n_layers': 4, 'dropout': 0.059003801930349216, 'input_chunk_length': 49, 'learning_rate': 0.00018557717235955868, 'batch_size': 64}. Best is trial 0 with value: 0.11407290399074554.
GPU available: True (cuda), used: True
TPU available: False, using: 0 TPU cores
HPU available: False, using: 0 HPUs
LOCAL_RANK: 0 - CUDA_VISIBLE_DEVICES: [0,1]
SLURM auto-requeueing enabled. Setting signal handlers.
Monitored metric train_loss did not improve in the last 166 records. Best score: 0.034. Signaling Trainer to stop.
GPU available: True (cuda), used: True
TPU available: False, using: 0 TPU cores
HPU available: False, using: 0 HPUs
LOCAL_RANK: 0 - CUDA_VISIBLE_DEVICES: [0,1]
SLURM auto-requeueing enabled. Setting signal handlers.
[I 2024-11-04 22:24:43,825] Trial 108 finished with value: 0.3214362859725952 and parameters: {'hidden_dim': 312, 'n_layers': 6, 'dropout': 0.03533433262955002, 'input_chunk_length': 107, 'learning_rate': 8.084388591975541e-05, 'batch_size': 32}. Best is trial 0 with value: 0.11407290399074554.
GPU available: True (cuda), used: True
TPU available: False, using: 0 TPU cores
HPU available: False, using: 0 HPUs
LOCAL_RANK: 0 - CUDA_VISIBLE_DEVICES: [0,1]
SLURM auto-requeueing enabled. Setting signal handlers.
Monitored metric train_loss did not improve in the last 167 records. Best score: 0.034. Signaling Trainer to stop.
GPU available: True (cuda), used: True
TPU available: False, using: 0 TPU cores
HPU available: False, using: 0 HPUs
LOCAL_RANK: 0 - CUDA_VISIBLE_DEVICES: [0,1]
SLURM auto-requeueing enabled. Setting signal handlers.
[I 2024-11-04 22:25:03,254] Trial 109 finished with value: 0.41922256350517273 and parameters: {'hidden_dim': 211, 'n_layers': 5, 'dropout': 0.3888882242288177, 'input_chunk_length': 52, 'learning_rate': 4.966139279140511e-05, 'batch_size': 32}. Best is trial 0 with value: 0.11407290399074554.
GPU available: True (cuda), used: True
TPU available: False, using: 0 TPU cores
HPU available: False, using: 0 HPUs
LOCAL_RANK: 0 - CUDA_VISIBLE_DEVICES: [0,1]
SLURM auto-requeueing enabled. Setting signal handlers.
Monitored metric train_loss did not improve in the last 168 records. Best score: 0.034. Signaling Trainer to stop.
GPU available: True (cuda), used: True
TPU available: False, using: 0 TPU cores
HPU available: False, using: 0 HPUs
LOCAL_RANK: 0 - CUDA_VISIBLE_DEVICES: [0,1]
SLURM auto-requeueing enabled. Setting signal handlers.
[I 2024-11-04 22:25:21,496] Trial 110 finished with value: 0.35423827171325684 and parameters: {'hidden_dim': 452, 'n_layers': 5, 'dropout': 0.29474358812735074, 'input_chunk_length': 16, 'learning_rate': 0.002478689252695868, 'batch_size': 32}. Best is trial 0 with value: 0.11407290399074554.
GPU available: True (cuda), used: True
TPU available: False, using: 0 TPU cores
HPU available: False, using: 0 HPUs
LOCAL_RANK: 0 - CUDA_VISIBLE_DEVICES: [0,1]
SLURM auto-requeueing enabled. Setting signal handlers.
Monitored metric train_loss did not improve in the last 169 records. Best score: 0.034. Signaling Trainer to stop.
GPU available: True (cuda), used: True
TPU available: False, using: 0 TPU cores
HPU available: False, using: 0 HPUs
LOCAL_RANK: 0 - CUDA_VISIBLE_DEVICES: [0,1]
SLURM auto-requeueing enabled. Setting signal handlers.
[I 2024-11-04 22:25:42,219] Trial 111 finished with value: 0.3015836179256439 and parameters: {'hidden_dim': 471, 'n_layers': 1, 'dropout': 0.07150458872741966, 'input_chunk_length': 65, 'learning_rate': 6.843238162049697e-05, 'batch_size': 32}. Best is trial 0 with value: 0.11407290399074554.
GPU available: True (cuda), used: True
TPU available: False, using: 0 TPU cores
HPU available: False, using: 0 HPUs
LOCAL_RANK: 0 - CUDA_VISIBLE_DEVICES: [0,1]
SLURM auto-requeueing enabled. Setting signal handlers.
Monitored metric train_loss did not improve in the last 170 records. Best score: 0.034. Signaling Trainer to stop.
GPU available: True (cuda), used: True
TPU available: False, using: 0 TPU cores
HPU available: False, using: 0 HPUs
LOCAL_RANK: 0 - CUDA_VISIBLE_DEVICES: [0,1]
SLURM auto-requeueing enabled. Setting signal handlers.
[I 2024-11-04 22:26:02,131] Trial 112 finished with value: 0.40542927384376526 and parameters: {'hidden_dim': 435, 'n_layers': 1, 'dropout': 0.07140646644506275, 'input_chunk_length': 59, 'learning_rate': 9.854921720135074e-05, 'batch_size': 32}. Best is trial 0 with value: 0.11407290399074554.
GPU available: True (cuda), used: True
TPU available: False, using: 0 TPU cores
HPU available: False, using: 0 HPUs
LOCAL_RANK: 0 - CUDA_VISIBLE_DEVICES: [0,1]
SLURM auto-requeueing enabled. Setting signal handlers.
Monitored metric train_loss did not improve in the last 171 records. Best score: 0.034. Signaling Trainer to stop.
GPU available: True (cuda), used: True
TPU available: False, using: 0 TPU cores
HPU available: False, using: 0 HPUs
LOCAL_RANK: 0 - CUDA_VISIBLE_DEVICES: [0,1]
SLURM auto-requeueing enabled. Setting signal handlers.
[I 2024-11-04 22:26:23,966] Trial 113 finished with value: 0.32448041439056396 and parameters: {'hidden_dim': 474, 'n_layers': 1, 'dropout': 0.055669250399471244, 'input_chunk_length': 74, 'learning_rate': 5.6469694417696784e-05, 'batch_size': 32}. Best is trial 0 with value: 0.11407290399074554.
GPU available: True (cuda), used: True
TPU available: False, using: 0 TPU cores
HPU available: False, using: 0 HPUs
LOCAL_RANK: 0 - CUDA_VISIBLE_DEVICES: [0,1]
SLURM auto-requeueing enabled. Setting signal handlers.
Monitored metric train_loss did not improve in the last 172 records. Best score: 0.034. Signaling Trainer to stop.
GPU available: True (cuda), used: True
TPU available: False, using: 0 TPU cores
HPU available: False, using: 0 HPUs
LOCAL_RANK: 0 - CUDA_VISIBLE_DEVICES: [0,1]
SLURM auto-requeueing enabled. Setting signal handlers.
[I 2024-11-04 22:26:44,660] Trial 114 finished with value: 0.3040860593318939 and parameters: {'hidden_dim': 442, 'n_layers': 1, 'dropout': 0.12812537056008647, 'input_chunk_length': 67, 'learning_rate': 0.0003600442910618711, 'batch_size': 32}. Best is trial 0 with value: 0.11407290399074554.
GPU available: True (cuda), used: True
TPU available: False, using: 0 TPU cores
HPU available: False, using: 0 HPUs
LOCAL_RANK: 0 - CUDA_VISIBLE_DEVICES: [0,1]
SLURM auto-requeueing enabled. Setting signal handlers.
Monitored metric train_loss did not improve in the last 173 records. Best score: 0.034. Signaling Trainer to stop.
GPU available: True (cuda), used: True
TPU available: False, using: 0 TPU cores
HPU available: False, using: 0 HPUs
LOCAL_RANK: 0 - CUDA_VISIBLE_DEVICES: [0,1]
SLURM auto-requeueing enabled. Setting signal handlers.
[I 2024-11-04 22:27:03,064] Trial 115 finished with value: 0.32668396830558777 and parameters: {'hidden_dim': 250, 'n_layers': 1, 'dropout': 0.08572952302077765, 'input_chunk_length': 69, 'learning_rate': 3.550041060378027e-05, 'batch_size': 32}. Best is trial 0 with value: 0.11407290399074554.
GPU available: True (cuda), used: True
TPU available: False, using: 0 TPU cores
HPU available: False, using: 0 HPUs
LOCAL_RANK: 0 - CUDA_VISIBLE_DEVICES: [0,1]
SLURM auto-requeueing enabled. Setting signal handlers.
Monitored metric train_loss did not improve in the last 174 records. Best score: 0.034. Signaling Trainer to stop.
GPU available: True (cuda), used: True
TPU available: False, using: 0 TPU cores
HPU available: False, using: 0 HPUs
LOCAL_RANK: 0 - CUDA_VISIBLE_DEVICES: [0,1]
SLURM auto-requeueing enabled. Setting signal handlers.
[I 2024-11-04 22:27:21,282] Trial 116 finished with value: 0.4055122435092926 and parameters: {'hidden_dim': 283, 'n_layers': 1, 'dropout': 0.01996617890708577, 'input_chunk_length': 63, 'learning_rate': 7.035336067173051e-05, 'batch_size': 64}. Best is trial 0 with value: 0.11407290399074554.
GPU available: True (cuda), used: True
TPU available: False, using: 0 TPU cores
HPU available: False, using: 0 HPUs
LOCAL_RANK: 0 - CUDA_VISIBLE_DEVICES: [0,1]
SLURM auto-requeueing enabled. Setting signal handlers.
Monitored metric train_loss did not improve in the last 175 records. Best score: 0.034. Signaling Trainer to stop.
GPU available: True (cuda), used: True
TPU available: False, using: 0 TPU cores
HPU available: False, using: 0 HPUs
LOCAL_RANK: 0 - CUDA_VISIBLE_DEVICES: [0,1]
SLURM auto-requeueing enabled. Setting signal handlers.
[I 2024-11-04 22:27:41,602] Trial 117 finished with value: 0.3046059012413025 and parameters: {'hidden_dim': 196, 'n_layers': 1, 'dropout': 0.10546745746675372, 'input_chunk_length': 120, 'learning_rate': 9.109465939624702e-05, 'batch_size': 32}. Best is trial 0 with value: 0.11407290399074554.
GPU available: True (cuda), used: True
TPU available: False, using: 0 TPU cores
HPU available: False, using: 0 HPUs
LOCAL_RANK: 0 - CUDA_VISIBLE_DEVICES: [0,1]
SLURM auto-requeueing enabled. Setting signal handlers.
Monitored metric train_loss did not improve in the last 176 records. Best score: 0.034. Signaling Trainer to stop.
GPU available: True (cuda), used: True
TPU available: False, using: 0 TPU cores
HPU available: False, using: 0 HPUs
LOCAL_RANK: 0 - CUDA_VISIBLE_DEVICES: [0,1]
SLURM auto-requeueing enabled. Setting signal handlers.
[I 2024-11-04 22:27:59,147] Trial 118 finished with value: 0.31956803798675537 and parameters: {'hidden_dim': 269, 'n_layers': 1, 'dropout': 0.11566488683057591, 'input_chunk_length': 23, 'learning_rate': 0.00011319131539267378, 'batch_size': 32}. Best is trial 0 with value: 0.11407290399074554.
GPU available: True (cuda), used: True
TPU available: False, using: 0 TPU cores
HPU available: False, using: 0 HPUs
LOCAL_RANK: 0 - CUDA_VISIBLE_DEVICES: [0,1]
SLURM auto-requeueing enabled. Setting signal handlers.
Monitored metric train_loss did not improve in the last 177 records. Best score: 0.034. Signaling Trainer to stop.
GPU available: True (cuda), used: True
TPU available: False, using: 0 TPU cores
HPU available: False, using: 0 HPUs
LOCAL_RANK: 0 - CUDA_VISIBLE_DEVICES: [0,1]
SLURM auto-requeueing enabled. Setting signal handlers.
[I 2024-11-04 22:28:20,731] Trial 119 finished with value: 0.3936847150325775 and parameters: {'hidden_dim': 480, 'n_layers': 4, 'dropout': 0.07537576207320182, 'input_chunk_length': 55, 'learning_rate': 7.929021289105275e-05, 'batch_size': 32}. Best is trial 0 with value: 0.11407290399074554.
GPU available: True (cuda), used: True
TPU available: False, using: 0 TPU cores
HPU available: False, using: 0 HPUs
LOCAL_RANK: 0 - CUDA_VISIBLE_DEVICES: [0,1]
SLURM auto-requeueing enabled. Setting signal handlers.
Monitored metric train_loss did not improve in the last 178 records. Best score: 0.034. Signaling Trainer to stop.
GPU available: True (cuda), used: True
TPU available: False, using: 0 TPU cores
HPU available: False, using: 0 HPUs
LOCAL_RANK: 0 - CUDA_VISIBLE_DEVICES: [0,1]
SLURM auto-requeueing enabled. Setting signal handlers.
[I 2024-11-04 22:28:51,900] Trial 120 finished with value: 0.33974382281303406 and parameters: {'hidden_dim': 464, 'n_layers': 6, 'dropout': 0.0007541811150676425, 'input_chunk_length': 102, 'learning_rate': 0.00025359713849180504, 'batch_size': 64}. Best is trial 0 with value: 0.11407290399074554.
GPU available: True (cuda), used: True
TPU available: False, using: 0 TPU cores
HPU available: False, using: 0 HPUs
LOCAL_RANK: 0 - CUDA_VISIBLE_DEVICES: [0,1]
SLURM auto-requeueing enabled. Setting signal handlers.
Monitored metric train_loss did not improve in the last 179 records. Best score: 0.034. Signaling Trainer to stop.
GPU available: True (cuda), used: True
TPU available: False, using: 0 TPU cores
HPU available: False, using: 0 HPUs
LOCAL_RANK: 0 - CUDA_VISIBLE_DEVICES: [0,1]
SLURM auto-requeueing enabled. Setting signal handlers.
[I 2024-11-04 22:29:15,571] Trial 121 finished with value: 0.3346777558326721 and parameters: {'hidden_dim': 343, 'n_layers': 5, 'dropout': 0.025570293727606275, 'input_chunk_length': 78, 'learning_rate': 4.726893336427249e-05, 'batch_size': 32}. Best is trial 0 with value: 0.11407290399074554.
GPU available: True (cuda), used: True
TPU available: False, using: 0 TPU cores
HPU available: False, using: 0 HPUs
LOCAL_RANK: 0 - CUDA_VISIBLE_DEVICES: [0,1]
SLURM auto-requeueing enabled. Setting signal handlers.
Monitored metric train_loss did not improve in the last 180 records. Best score: 0.034. Signaling Trainer to stop.
GPU available: True (cuda), used: True
TPU available: False, using: 0 TPU cores
HPU available: False, using: 0 HPUs
LOCAL_RANK: 0 - CUDA_VISIBLE_DEVICES: [0,1]
SLURM auto-requeueing enabled. Setting signal handlers.
[I 2024-11-04 22:29:38,737] Trial 122 finished with value: 0.29980018734931946 and parameters: {'hidden_dim': 352, 'n_layers': 5, 'dropout': 0.04137213241369961, 'input_chunk_length': 76, 'learning_rate': 4.107484649984156e-05, 'batch_size': 32}. Best is trial 0 with value: 0.11407290399074554.
GPU available: True (cuda), used: True
TPU available: False, using: 0 TPU cores
HPU available: False, using: 0 HPUs
LOCAL_RANK: 0 - CUDA_VISIBLE_DEVICES: [0,1]
SLURM auto-requeueing enabled. Setting signal handlers.
Monitored metric train_loss did not improve in the last 181 records. Best score: 0.034. Signaling Trainer to stop.
GPU available: True (cuda), used: True
TPU available: False, using: 0 TPU cores
HPU available: False, using: 0 HPUs
LOCAL_RANK: 0 - CUDA_VISIBLE_DEVICES: [0,1]
SLURM auto-requeueing enabled. Setting signal handlers.
[I 2024-11-04 22:30:02,380] Trial 123 finished with value: 0.3067079484462738 and parameters: {'hidden_dim': 372, 'n_layers': 5, 'dropout': 0.01654003403107931, 'input_chunk_length': 71, 'learning_rate': 3.118284467242477e-05, 'batch_size': 32}. Best is trial 0 with value: 0.11407290399074554.
GPU available: True (cuda), used: True
TPU available: False, using: 0 TPU cores
HPU available: False, using: 0 HPUs
LOCAL_RANK: 0 - CUDA_VISIBLE_DEVICES: [0,1]
SLURM auto-requeueing enabled. Setting signal handlers.
Monitored metric train_loss did not improve in the last 182 records. Best score: 0.034. Signaling Trainer to stop.
GPU available: True (cuda), used: True
TPU available: False, using: 0 TPU cores
HPU available: False, using: 0 HPUs
LOCAL_RANK: 0 - CUDA_VISIBLE_DEVICES: [0,1]
SLURM auto-requeueing enabled. Setting signal handlers.
[I 2024-11-04 22:30:25,679] Trial 124 finished with value: 0.31505316495895386 and parameters: {'hidden_dim': 352, 'n_layers': 5, 'dropout': 0.0645732931916487, 'input_chunk_length': 77, 'learning_rate': 2.0429644133805614e-05, 'batch_size': 32}. Best is trial 0 with value: 0.11407290399074554.
GPU available: True (cuda), used: True
TPU available: False, using: 0 TPU cores
HPU available: False, using: 0 HPUs
LOCAL_RANK: 0 - CUDA_VISIBLE_DEVICES: [0,1]
SLURM auto-requeueing enabled. Setting signal handlers.
Monitored metric train_loss did not improve in the last 183 records. Best score: 0.034. Signaling Trainer to stop.
GPU available: True (cuda), used: True
TPU available: False, using: 0 TPU cores
HPU available: False, using: 0 HPUs
LOCAL_RANK: 0 - CUDA_VISIBLE_DEVICES: [0,1]
SLURM auto-requeueing enabled. Setting signal handlers.
[I 2024-11-04 22:30:48,778] Trial 125 finished with value: 0.3201476037502289 and parameters: {'hidden_dim': 330, 'n_layers': 3, 'dropout': 0.05064483342400998, 'input_chunk_length': 93, 'learning_rate': 6.172968997702211e-05, 'batch_size': 32}. Best is trial 0 with value: 0.11407290399074554.
GPU available: True (cuda), used: True
TPU available: False, using: 0 TPU cores
HPU available: False, using: 0 HPUs
LOCAL_RANK: 0 - CUDA_VISIBLE_DEVICES: [0,1]
SLURM auto-requeueing enabled. Setting signal handlers.
Monitored metric train_loss did not improve in the last 184 records. Best score: 0.034. Signaling Trainer to stop.
GPU available: True (cuda), used: True
TPU available: False, using: 0 TPU cores
HPU available: False, using: 0 HPUs
LOCAL_RANK: 0 - CUDA_VISIBLE_DEVICES: [0,1]
SLURM auto-requeueing enabled. Setting signal handlers.
