[I 2024-10-08 16:00:31,023] A new study created in memory with name: no-name-aefb73bb-34a2-4ba3-ad5a-15ae34d04fe8
GPU available: False, used: False
TPU available: False, using: 0 TPU cores
HPU available: False, using: 0 HPUs
SLURM auto-requeueing enabled. Setting signal handlers.
Metric train_loss improved. New best score: 1.025
Metric train_loss improved by 0.854 >= min_delta = 0.0. New best score: 0.171
Metric train_loss improved by 0.055 >= min_delta = 0.0. New best score: 0.115
Metric train_loss improved by 0.039 >= min_delta = 0.0. New best score: 0.076
Metric train_loss improved by 0.003 >= min_delta = 0.0. New best score: 0.073
Metric train_loss improved by 0.020 >= min_delta = 0.0. New best score: 0.053
Metric train_loss improved by 0.011 >= min_delta = 0.0. New best score: 0.043
Metric train_loss improved by 0.004 >= min_delta = 0.0. New best score: 0.039
Monitored metric train_loss did not improve in the last 20 records. Best score: 0.039. Signaling Trainer to stop.
GPU available: False, used: False
TPU available: False, using: 0 TPU cores
HPU available: False, using: 0 HPUs
SLURM auto-requeueing enabled. Setting signal handlers.
[I 2024-10-08 16:31:50,010] Trial 0 finished with value: 0.10316822677850723 and parameters: {'hidden_dim': 49, 'n_layers': 3, 'dropout': 0.01130797939095618, 'learning_rate': 2.5389429036089747e-05, 'batch_size': 16, 'input_chunk_length': 63}. Best is trial 0 with value: 0.10316822677850723.
GPU available: False, used: False
TPU available: False, using: 0 TPU cores
HPU available: False, using: 0 HPUs
SLURM auto-requeueing enabled. Setting signal handlers.
Monitored metric train_loss did not improve in the last 21 records. Best score: 0.039. Signaling Trainer to stop.
GPU available: False, used: False
TPU available: False, using: 0 TPU cores
HPU available: False, using: 0 HPUs
SLURM auto-requeueing enabled. Setting signal handlers.
[I 2024-10-08 16:32:46,639] Trial 1 finished with value: 0.31823956966400146 and parameters: {'hidden_dim': 27, 'n_layers': 5, 'dropout': 0.07182122151874953, 'learning_rate': 0.07957597979812213, 'batch_size': 64, 'input_chunk_length': 103}. Best is trial 0 with value: 0.10316822677850723.
GPU available: False, used: False
TPU available: False, using: 0 TPU cores
HPU available: False, using: 0 HPUs
SLURM auto-requeueing enabled. Setting signal handlers.
Monitored metric train_loss did not improve in the last 22 records. Best score: 0.039. Signaling Trainer to stop.
GPU available: False, used: False
TPU available: False, using: 0 TPU cores
HPU available: False, using: 0 HPUs
SLURM auto-requeueing enabled. Setting signal handlers.
[I 2024-10-08 16:34:01,605] Trial 2 finished with value: 0.2043069452047348 and parameters: {'hidden_dim': 42, 'n_layers': 1, 'dropout': 0.43259891772113285, 'learning_rate': 0.0005481315308323903, 'batch_size': 16, 'input_chunk_length': 130}. Best is trial 0 with value: 0.10316822677850723.
GPU available: False, used: False
TPU available: False, using: 0 TPU cores
HPU available: False, using: 0 HPUs
SLURM auto-requeueing enabled. Setting signal handlers.
Monitored metric train_loss did not improve in the last 23 records. Best score: 0.039. Signaling Trainer to stop.
GPU available: False, used: False
TPU available: False, using: 0 TPU cores
HPU available: False, using: 0 HPUs
SLURM auto-requeueing enabled. Setting signal handlers.
[I 2024-10-08 16:35:04,609] Trial 3 finished with value: 0.14605578780174255 and parameters: {'hidden_dim': 23, 'n_layers': 2, 'dropout': 0.21260101485375427, 'learning_rate': 0.003562636192455126, 'batch_size': 16, 'input_chunk_length': 104}. Best is trial 0 with value: 0.10316822677850723.
GPU available: False, used: False
TPU available: False, using: 0 TPU cores
HPU available: False, using: 0 HPUs
SLURM auto-requeueing enabled. Setting signal handlers.
Monitored metric train_loss did not improve in the last 24 records. Best score: 0.039. Signaling Trainer to stop.
GPU available: False, used: False
TPU available: False, using: 0 TPU cores
HPU available: False, using: 0 HPUs
SLURM auto-requeueing enabled. Setting signal handlers.
[I 2024-10-08 16:35:56,618] Trial 4 finished with value: 0.25650790333747864 and parameters: {'hidden_dim': 36, 'n_layers': 1, 'dropout': 0.43693312479333135, 'learning_rate': 0.0004920599635880716, 'batch_size': 32, 'input_chunk_length': 102}. Best is trial 0 with value: 0.10316822677850723.
GPU available: False, used: False
TPU available: False, using: 0 TPU cores
HPU available: False, using: 0 HPUs
SLURM auto-requeueing enabled. Setting signal handlers.
Monitored metric train_loss did not improve in the last 25 records. Best score: 0.039. Signaling Trainer to stop.
GPU available: False, used: False
TPU available: False, using: 0 TPU cores
HPU available: False, using: 0 HPUs
SLURM auto-requeueing enabled. Setting signal handlers.
[I 2024-10-08 16:36:32,885] Trial 5 finished with value: 0.27695783972740173 and parameters: {'hidden_dim': 16, 'n_layers': 1, 'dropout': 0.19589584234264168, 'learning_rate': 0.006057926895517602, 'batch_size': 64, 'input_chunk_length': 122}. Best is trial 0 with value: 0.10316822677850723.
GPU available: False, used: False
TPU available: False, using: 0 TPU cores
HPU available: False, using: 0 HPUs
SLURM auto-requeueing enabled. Setting signal handlers.
Monitored metric train_loss did not improve in the last 26 records. Best score: 0.039. Signaling Trainer to stop.
GPU available: False, used: False
TPU available: False, using: 0 TPU cores
HPU available: False, using: 0 HPUs
SLURM auto-requeueing enabled. Setting signal handlers.
[I 2024-10-08 16:37:27,905] Trial 6 finished with value: 0.14227819442749023 and parameters: {'hidden_dim': 19, 'n_layers': 1, 'dropout': 0.00964644921059371, 'learning_rate': 0.012509040279778496, 'batch_size': 16, 'input_chunk_length': 91}. Best is trial 0 with value: 0.10316822677850723.
GPU available: False, used: False
TPU available: False, using: 0 TPU cores
HPU available: False, using: 0 HPUs
SLURM auto-requeueing enabled. Setting signal handlers.
Monitored metric train_loss did not improve in the last 27 records. Best score: 0.039. Signaling Trainer to stop.
GPU available: False, used: False
TPU available: False, using: 0 TPU cores
HPU available: False, using: 0 HPUs
SLURM auto-requeueing enabled. Setting signal handlers.
[I 2024-10-08 16:38:35,064] Trial 7 finished with value: 0.14476914703845978 and parameters: {'hidden_dim': 64, 'n_layers': 2, 'dropout': 0.09820583128880606, 'learning_rate': 0.0006865780713567744, 'batch_size': 16, 'input_chunk_length': 84}. Best is trial 0 with value: 0.10316822677850723.
GPU available: False, used: False
TPU available: False, using: 0 TPU cores
HPU available: False, using: 0 HPUs
SLURM auto-requeueing enabled. Setting signal handlers.
Monitored metric train_loss did not improve in the last 28 records. Best score: 0.039. Signaling Trainer to stop.
GPU available: False, used: False
TPU available: False, using: 0 TPU cores
HPU available: False, using: 0 HPUs
SLURM auto-requeueing enabled. Setting signal handlers.
[I 2024-10-08 16:39:35,075] Trial 8 finished with value: 0.21542318165302277 and parameters: {'hidden_dim': 30, 'n_layers': 4, 'dropout': 0.3026898583099898, 'learning_rate': 0.03813132660816043, 'batch_size': 16, 'input_chunk_length': 72}. Best is trial 0 with value: 0.10316822677850723.
GPU available: False, used: False
TPU available: False, using: 0 TPU cores
HPU available: False, using: 0 HPUs
SLURM auto-requeueing enabled. Setting signal handlers.
Monitored metric train_loss did not improve in the last 29 records. Best score: 0.039. Signaling Trainer to stop.
GPU available: False, used: False
TPU available: False, using: 0 TPU cores
HPU available: False, using: 0 HPUs
SLURM auto-requeueing enabled. Setting signal handlers.
[I 2024-10-08 16:40:54,832] Trial 9 finished with value: 0.20149610936641693 and parameters: {'hidden_dim': 54, 'n_layers': 2, 'dropout': 0.43240130696321344, 'learning_rate': 0.0028049321233419855, 'batch_size': 64, 'input_chunk_length': 146}. Best is trial 0 with value: 0.10316822677850723.
GPU available: False, used: False
TPU available: False, using: 0 TPU cores
HPU available: False, using: 0 HPUs
SLURM auto-requeueing enabled. Setting signal handlers.
Monitored metric train_loss did not improve in the last 30 records. Best score: 0.039. Signaling Trainer to stop.
GPU available: False, used: False
TPU available: False, using: 0 TPU cores
HPU available: False, using: 0 HPUs
SLURM auto-requeueing enabled. Setting signal handlers.
[I 2024-10-08 16:41:32,523] Trial 10 finished with value: 0.40309950709342957 and parameters: {'hidden_dim': 47, 'n_layers': 4, 'dropout': 0.3092975395215599, 'learning_rate': 1.2315961237298578e-05, 'batch_size': 32, 'input_chunk_length': 32}. Best is trial 0 with value: 0.10316822677850723.
GPU available: False, used: False
TPU available: False, using: 0 TPU cores
HPU available: False, using: 0 HPUs
SLURM auto-requeueing enabled. Setting signal handlers.
Monitored metric train_loss did not improve in the last 31 records. Best score: 0.039. Signaling Trainer to stop.
GPU available: False, used: False
TPU available: False, using: 0 TPU cores
HPU available: False, using: 0 HPUs
SLURM auto-requeueing enabled. Setting signal handlers.
[I 2024-10-08 16:43:25,815] Trial 11 finished with value: 0.2594630718231201 and parameters: {'hidden_dim': 52, 'n_layers': 3, 'dropout': 0.0009419697754502847, 'learning_rate': 2.2739158280415677e-05, 'batch_size': 16, 'input_chunk_length': 197}. Best is trial 0 with value: 0.10316822677850723.
GPU available: False, used: False
TPU available: False, using: 0 TPU cores
HPU available: False, using: 0 HPUs
SLURM auto-requeueing enabled. Setting signal handlers.
Monitored metric train_loss did not improve in the last 32 records. Best score: 0.039. Signaling Trainer to stop.
GPU available: False, used: False
TPU available: False, using: 0 TPU cores
HPU available: False, using: 0 HPUs
SLURM auto-requeueing enabled. Setting signal handlers.
[I 2024-10-08 16:44:18,930] Trial 12 finished with value: 0.28098541498184204 and parameters: {'hidden_dim': 37, 'n_layers': 6, 'dropout': 0.013630220319782374, 'learning_rate': 9.866336081034411e-05, 'batch_size': 16, 'input_chunk_length': 46}. Best is trial 0 with value: 0.10316822677850723.
GPU available: False, used: False
TPU available: False, using: 0 TPU cores
HPU available: False, using: 0 HPUs
SLURM auto-requeueing enabled. Setting signal handlers.
Monitored metric train_loss did not improve in the last 33 records. Best score: 0.039. Signaling Trainer to stop.
GPU available: False, used: False
TPU available: False, using: 0 TPU cores
HPU available: False, using: 0 HPUs
SLURM auto-requeueing enabled. Setting signal handlers.
[I 2024-10-08 16:45:25,990] Trial 13 finished with value: 0.17573896050453186 and parameters: {'hidden_dim': 59, 'n_layers': 3, 'dropout': 0.12512623069976983, 'learning_rate': 0.015184776675169636, 'batch_size': 16, 'input_chunk_length': 64}. Best is trial 0 with value: 0.10316822677850723.
GPU available: False, used: False
TPU available: False, using: 0 TPU cores
HPU available: False, using: 0 HPUs
SLURM auto-requeueing enabled. Setting signal handlers.
Monitored metric train_loss did not improve in the last 34 records. Best score: 0.039. Signaling Trainer to stop.
GPU available: False, used: False
TPU available: False, using: 0 TPU cores
HPU available: False, using: 0 HPUs
SLURM auto-requeueing enabled. Setting signal handlers.
[I 2024-10-08 16:46:35,160] Trial 14 finished with value: 0.30294954776763916 and parameters: {'hidden_dim': 17, 'n_layers': 5, 'dropout': 0.1629918360986088, 'learning_rate': 6.37088419563039e-05, 'batch_size': 16, 'input_chunk_length': 151}. Best is trial 0 with value: 0.10316822677850723.
GPU available: False, used: False
TPU available: False, using: 0 TPU cores
HPU available: False, using: 0 HPUs
SLURM auto-requeueing enabled. Setting signal handlers.
Monitored metric train_loss did not improve in the last 35 records. Best score: 0.039. Signaling Trainer to stop.
GPU available: False, used: False
TPU available: False, using: 0 TPU cores
HPU available: False, using: 0 HPUs
SLURM auto-requeueing enabled. Setting signal handlers.
[I 2024-10-08 16:47:19,984] Trial 15 finished with value: 0.2954258620738983 and parameters: {'hidden_dim': 45, 'n_layers': 3, 'dropout': 0.06513798168727304, 'learning_rate': 0.0001692506684029035, 'batch_size': 32, 'input_chunk_length': 56}. Best is trial 0 with value: 0.10316822677850723.
GPU available: False, used: False
TPU available: False, using: 0 TPU cores
HPU available: False, using: 0 HPUs
SLURM auto-requeueing enabled. Setting signal handlers.
Monitored metric train_loss did not improve in the last 36 records. Best score: 0.039. Signaling Trainer to stop.
GPU available: False, used: False
TPU available: False, using: 0 TPU cores
HPU available: False, using: 0 HPUs
SLURM auto-requeueing enabled. Setting signal handlers.
[I 2024-10-08 16:48:12,687] Trial 16 finished with value: 0.1436397135257721 and parameters: {'hidden_dim': 32, 'n_layers': 2, 'dropout': 0.27610974899910506, 'learning_rate': 0.02391892707538327, 'batch_size': 16, 'input_chunk_length': 79}. Best is trial 0 with value: 0.10316822677850723.
GPU available: False, used: False
TPU available: False, using: 0 TPU cores
HPU available: False, using: 0 HPUs
SLURM auto-requeueing enabled. Setting signal handlers.
Monitored metric train_loss did not improve in the last 37 records. Best score: 0.039. Signaling Trainer to stop.
GPU available: False, used: False
TPU available: False, using: 0 TPU cores
HPU available: False, using: 0 HPUs
SLURM auto-requeueing enabled. Setting signal handlers.
[I 2024-10-08 16:49:03,106] Trial 17 finished with value: 0.16017110645771027 and parameters: {'hidden_dim': 51, 'n_layers': 4, 'dropout': 0.36688460544151624, 'learning_rate': 0.001694405633095442, 'batch_size': 16, 'input_chunk_length': 31}. Best is trial 0 with value: 0.10316822677850723.
GPU available: False, used: False
TPU available: False, using: 0 TPU cores
HPU available: False, using: 0 HPUs
SLURM auto-requeueing enabled. Setting signal handlers.
Monitored metric train_loss did not improve in the last 38 records. Best score: 0.039. Signaling Trainer to stop.
GPU available: False, used: False
TPU available: False, using: 0 TPU cores
HPU available: False, using: 0 HPUs
SLURM auto-requeueing enabled. Setting signal handlers.
[I 2024-10-08 16:49:51,192] Trial 18 finished with value: 0.13774873316287994 and parameters: {'hidden_dim': 23, 'n_layers': 6, 'dropout': 0.0399099080506375, 'learning_rate': 0.0074070835512442725, 'batch_size': 32, 'input_chunk_length': 84}. Best is trial 0 with value: 0.10316822677850723.
GPU available: False, used: False
TPU available: False, using: 0 TPU cores
HPU available: False, using: 0 HPUs
SLURM auto-requeueing enabled. Setting signal handlers.
Monitored metric train_loss did not improve in the last 39 records. Best score: 0.039. Signaling Trainer to stop.
GPU available: False, used: False
TPU available: False, using: 0 TPU cores
HPU available: False, using: 0 HPUs
SLURM auto-requeueing enabled. Setting signal handlers.
[I 2024-10-08 16:50:57,743] Trial 19 finished with value: 0.2361495941877365 and parameters: {'hidden_dim': 24, 'n_layers': 6, 'dropout': 0.13653916647378964, 'learning_rate': 0.0002622419759349682, 'batch_size': 32, 'input_chunk_length': 177}. Best is trial 0 with value: 0.10316822677850723.
GPU available: False, used: False
TPU available: False, using: 0 TPU cores
HPU available: False, using: 0 HPUs
SLURM auto-requeueing enabled. Setting signal handlers.
Monitored metric train_loss did not improve in the last 40 records. Best score: 0.039. Signaling Trainer to stop.
GPU available: False, used: False
TPU available: False, using: 0 TPU cores
HPU available: False, using: 0 HPUs
SLURM auto-requeueing enabled. Setting signal handlers.
[I 2024-10-08 16:51:41,886] Trial 20 finished with value: 0.331723153591156 and parameters: {'hidden_dim': 40, 'n_layers': 5, 'dropout': 0.05687067751121204, 'learning_rate': 4.6312425241831514e-05, 'batch_size': 32, 'input_chunk_length': 67}. Best is trial 0 with value: 0.10316822677850723.
GPU available: False, used: False
TPU available: False, using: 0 TPU cores
HPU available: False, using: 0 HPUs
SLURM auto-requeueing enabled. Setting signal handlers.
Monitored metric train_loss did not improve in the last 41 records. Best score: 0.039. Signaling Trainer to stop.
GPU available: False, used: False
TPU available: False, using: 0 TPU cores
HPU available: False, using: 0 HPUs
SLURM auto-requeueing enabled. Setting signal handlers.
[I 2024-10-08 16:52:29,719] Trial 21 finished with value: 0.16659100353717804 and parameters: {'hidden_dim': 21, 'n_layers': 6, 'dropout': 0.03015061310533984, 'learning_rate': 0.010692780498125148, 'batch_size': 32, 'input_chunk_length': 87}. Best is trial 0 with value: 0.10316822677850723.
GPU available: False, used: False
TPU available: False, using: 0 TPU cores
HPU available: False, using: 0 HPUs
SLURM auto-requeueing enabled. Setting signal handlers.
Monitored metric train_loss did not improve in the last 42 records. Best score: 0.039. Signaling Trainer to stop.
GPU available: False, used: False
TPU available: False, using: 0 TPU cores
HPU available: False, using: 0 HPUs
SLURM auto-requeueing enabled. Setting signal handlers.
[I 2024-10-08 16:53:05,291] Trial 22 finished with value: 0.1763134002685547 and parameters: {'hidden_dim': 20, 'n_layers': 3, 'dropout': 0.002235364010937893, 'learning_rate': 0.006158087831320942, 'batch_size': 32, 'input_chunk_length': 47}. Best is trial 0 with value: 0.10316822677850723.
GPU available: False, used: False
TPU available: False, using: 0 TPU cores
HPU available: False, using: 0 HPUs
SLURM auto-requeueing enabled. Setting signal handlers.
Monitored metric train_loss did not improve in the last 43 records. Best score: 0.039. Signaling Trainer to stop.
GPU available: False, used: False
TPU available: False, using: 0 TPU cores
HPU available: False, using: 0 HPUs
SLURM auto-requeueing enabled. Setting signal handlers.
[I 2024-10-08 16:53:44,705] Trial 23 finished with value: 0.23241589963436127 and parameters: {'hidden_dim': 32, 'n_layers': 5, 'dropout': 0.05321572070234712, 'learning_rate': 0.001514394055072276, 'batch_size': 64, 'input_chunk_length': 92}. Best is trial 0 with value: 0.10316822677850723.
GPU available: False, used: False
TPU available: False, using: 0 TPU cores
HPU available: False, using: 0 HPUs
SLURM auto-requeueing enabled. Setting signal handlers.
Monitored metric train_loss did not improve in the last 44 records. Best score: 0.039. Signaling Trainer to stop.
GPU available: False, used: False
TPU available: False, using: 0 TPU cores
HPU available: False, using: 0 HPUs
SLURM auto-requeueing enabled. Setting signal handlers.
[I 2024-10-08 16:54:49,157] Trial 24 finished with value: 0.3102627396583557 and parameters: {'hidden_dim': 25, 'n_layers': 1, 'dropout': 0.09798064421394394, 'learning_rate': 0.0612306904756042, 'batch_size': 16, 'input_chunk_length': 110}. Best is trial 0 with value: 0.10316822677850723.
GPU available: False, used: False
TPU available: False, using: 0 TPU cores
HPU available: False, using: 0 HPUs
SLURM auto-requeueing enabled. Setting signal handlers.
Monitored metric train_loss did not improve in the last 45 records. Best score: 0.039. Signaling Trainer to stop.
GPU available: False, used: False
TPU available: False, using: 0 TPU cores
HPU available: False, using: 0 HPUs
SLURM auto-requeueing enabled. Setting signal handlers.
[I 2024-10-08 16:55:32,138] Trial 25 finished with value: 0.14988258481025696 and parameters: {'hidden_dim': 29, 'n_layers': 4, 'dropout': 0.498884412895585, 'learning_rate': 0.009845434722565858, 'batch_size': 32, 'input_chunk_length': 56}. Best is trial 0 with value: 0.10316822677850723.
GPU available: False, used: False
TPU available: False, using: 0 TPU cores
HPU available: False, using: 0 HPUs
SLURM auto-requeueing enabled. Setting signal handlers.
Monitored metric train_loss did not improve in the last 46 records. Best score: 0.039. Signaling Trainer to stop.
GPU available: False, used: False
TPU available: False, using: 0 TPU cores
HPU available: False, using: 0 HPUs
SLURM auto-requeueing enabled. Setting signal handlers.
[I 2024-10-08 16:56:29,245] Trial 26 finished with value: 0.15762922167778015 and parameters: {'hidden_dim': 19, 'n_layers': 2, 'dropout': 0.1604900700165173, 'learning_rate': 0.02425414829388155, 'batch_size': 16, 'input_chunk_length': 93}. Best is trial 0 with value: 0.10316822677850723.
GPU available: False, used: False
TPU available: False, using: 0 TPU cores
HPU available: False, using: 0 HPUs
SLURM auto-requeueing enabled. Setting signal handlers.
Monitored metric train_loss did not improve in the last 47 records. Best score: 0.039. Signaling Trainer to stop.
GPU available: False, used: False
TPU available: False, using: 0 TPU cores
HPU available: False, using: 0 HPUs
SLURM auto-requeueing enabled. Setting signal handlers.
[I 2024-10-08 16:57:44,650] Trial 27 finished with value: 0.13603021204471588 and parameters: {'hidden_dim': 48, 'n_layers': 3, 'dropout': 0.097260031608898, 'learning_rate': 0.003758091038642447, 'batch_size': 16, 'input_chunk_length': 121}. Best is trial 0 with value: 0.10316822677850723.
GPU available: False, used: False
TPU available: False, using: 0 TPU cores
HPU available: False, using: 0 HPUs
SLURM auto-requeueing enabled. Setting signal handlers.
Monitored metric train_loss did not improve in the last 48 records. Best score: 0.039. Signaling Trainer to stop.
GPU available: False, used: False
TPU available: False, using: 0 TPU cores
HPU available: False, using: 0 HPUs
SLURM auto-requeueing enabled. Setting signal handlers.
