[I 2024-10-21 02:13:30,841] Trial 62 finished with value: inf and parameters: {'hidden_dim': 196, 'n_layers': 1, 'dropout': 0.16603797346199908, 'input_chunk_length': 100, 'learning_rate': 0.0005556471998316792, 'batch_size': 32}. Best is trial 1 with value: 0.08726194500923157.
[W 2024-10-21 02:13:31,159] Trial 63 failed with parameters: {'hidden_dim': 208, 'n_layers': 1, 'dropout': 0.12490739967133854, 'input_chunk_length': 85, 'learning_rate': 0.000374056990225677, 'batch_size': 32} because of the following error: RuntimeError('Only Tensors created explicitly by the user (graph leaves) support the deepcopy protocol at the moment.  If you were attempting to deepcopy a module, this may be because of a torch.nn.utils.weight_norm usage, see https://github.com/pytorch/pytorch/pull/103001').
Traceback (most recent call last):
  File "/pfs/data5/home/tu/tu_tu/tu_zxoul27/micromamba/envs/power/lib/python3.12/site-packages/optuna/study/_optimize.py", line 197, in _run_trial
    value_or_values = func(trial)
                      ^^^^^^^^^^^
  File "/pfs/data5/home/tu/tu_tu/tu_zxoul27/Prediction_of_energy_prices/predictions/TFT/TFT_model_short.py", line 171, in <lambda>
  File "/pfs/data5/home/tu/tu_tu/tu_zxoul27/Prediction_of_energy_prices/predictions/TFT/TFT_model_short.py", line 116, in objective
  File "/pfs/data5/home/tu/tu_tu/tu_zxoul27/micromamba/envs/power/lib/python3.12/site-packages/darts/models/forecasting/forecasting_model.py", line 110, in __call__
    return super().__call__(**all_params)
           ^^^^^^^^^^^^^^^^^^^^^^^^^^^^^^
  File "/pfs/data5/home/tu/tu_tu/tu_zxoul27/micromamba/envs/power/lib/python3.12/site-packages/darts/models/forecasting/tft_model.py", line 944, in __init__
    super().__init__(**self._extract_torch_model_params(**model_kwargs))
  File "/pfs/data5/home/tu/tu_tu/tu_zxoul27/micromamba/envs/power/lib/python3.12/site-packages/darts/utils/torch.py", line 103, in decorator
    return decorated(self, *args, **kwargs)
           ^^^^^^^^^^^^^^^^^^^^^^^^^^^^^^^^
  File "/pfs/data5/home/tu/tu_tu/tu_zxoul27/micromamba/envs/power/lib/python3.12/site-packages/darts/models/forecasting/torch_forecasting_model.py", line 293, in __init__
    super().__init__(add_encoders=add_encoders)
  File "/pfs/data5/home/tu/tu_tu/tu_zxoul27/micromamba/envs/power/lib/python3.12/site-packages/darts/models/forecasting/forecasting_model.py", line 2651, in __init__
    super().__init__(add_encoders=add_encoders)
  File "/pfs/data5/home/tu/tu_tu/tu_zxoul27/micromamba/envs/power/lib/python3.12/site-packages/darts/models/forecasting/forecasting_model.py", line 138, in __init__
    self._model_params = self._extract_model_creation_params()
                         ^^^^^^^^^^^^^^^^^^^^^^^^^^^^^^^^^^^^^
  File "/pfs/data5/home/tu/tu_tu/tu_zxoul27/micromamba/envs/power/lib/python3.12/site-packages/darts/models/forecasting/forecasting_model.py", line 2363, in _extract_model_creation_params
    model_params = copy.deepcopy(self._model_call)
                   ^^^^^^^^^^^^^^^^^^^^^^^^^^^^^^^
  File "/pfs/data5/home/tu/tu_tu/tu_zxoul27/micromamba/envs/power/lib/python3.12/copy.py", line 162, in deepcopy
    y = _reconstruct(x, memo, *rv)
        ^^^^^^^^^^^^^^^^^^^^^^^^^^
  File "/pfs/data5/home/tu/tu_tu/tu_zxoul27/micromamba/envs/power/lib/python3.12/copy.py", line 285, in _reconstruct
    value = deepcopy(value, memo)
            ^^^^^^^^^^^^^^^^^^^^^
  File "/pfs/data5/home/tu/tu_tu/tu_zxoul27/micromamba/envs/power/lib/python3.12/copy.py", line 136, in deepcopy
    y = copier(x, memo)
        ^^^^^^^^^^^^^^^
  File "/pfs/data5/home/tu/tu_tu/tu_zxoul27/micromamba/envs/power/lib/python3.12/copy.py", line 221, in _deepcopy_dict
    y[deepcopy(key, memo)] = deepcopy(value, memo)
                             ^^^^^^^^^^^^^^^^^^^^^
  File "/pfs/data5/home/tu/tu_tu/tu_zxoul27/micromamba/envs/power/lib/python3.12/copy.py", line 136, in deepcopy
    y = copier(x, memo)
        ^^^^^^^^^^^^^^^
  File "/pfs/data5/home/tu/tu_tu/tu_zxoul27/micromamba/envs/power/lib/python3.12/copy.py", line 196, in _deepcopy_list
    append(deepcopy(a, memo))
           ^^^^^^^^^^^^^^^^^
  File "/pfs/data5/home/tu/tu_tu/tu_zxoul27/micromamba/envs/power/lib/python3.12/copy.py", line 162, in deepcopy
    y = _reconstruct(x, memo, *rv)
        ^^^^^^^^^^^^^^^^^^^^^^^^^^
  File "/pfs/data5/home/tu/tu_tu/tu_zxoul27/micromamba/envs/power/lib/python3.12/copy.py", line 259, in _reconstruct
    state = deepcopy(state, memo)
            ^^^^^^^^^^^^^^^^^^^^^
  File "/pfs/data5/home/tu/tu_tu/tu_zxoul27/micromamba/envs/power/lib/python3.12/copy.py", line 136, in deepcopy
    y = copier(x, memo)
        ^^^^^^^^^^^^^^^
  File "/pfs/data5/home/tu/tu_tu/tu_zxoul27/micromamba/envs/power/lib/python3.12/copy.py", line 221, in _deepcopy_dict
    y[deepcopy(key, memo)] = deepcopy(value, memo)
                             ^^^^^^^^^^^^^^^^^^^^^
  File "/pfs/data5/home/tu/tu_tu/tu_zxoul27/micromamba/envs/power/lib/python3.12/copy.py", line 136, in deepcopy
    y = copier(x, memo)
        ^^^^^^^^^^^^^^^
  File "/pfs/data5/home/tu/tu_tu/tu_zxoul27/micromamba/envs/power/lib/python3.12/copy.py", line 226, in _deepcopy_method
    return type(x)(x.__func__, deepcopy(x.__self__, memo))
                               ^^^^^^^^^^^^^^^^^^^^^^^^^^
  File "/pfs/data5/home/tu/tu_tu/tu_zxoul27/micromamba/envs/power/lib/python3.12/copy.py", line 162, in deepcopy
    y = _reconstruct(x, memo, *rv)
        ^^^^^^^^^^^^^^^^^^^^^^^^^^
  File "/pfs/data5/home/tu/tu_tu/tu_zxoul27/micromamba/envs/power/lib/python3.12/copy.py", line 259, in _reconstruct
    state = deepcopy(state, memo)
            ^^^^^^^^^^^^^^^^^^^^^
  File "/pfs/data5/home/tu/tu_tu/tu_zxoul27/micromamba/envs/power/lib/python3.12/copy.py", line 136, in deepcopy
    y = copier(x, memo)
        ^^^^^^^^^^^^^^^
  File "/pfs/data5/home/tu/tu_tu/tu_zxoul27/micromamba/envs/power/lib/python3.12/copy.py", line 221, in _deepcopy_dict
    y[deepcopy(key, memo)] = deepcopy(value, memo)
                             ^^^^^^^^^^^^^^^^^^^^^
  File "/pfs/data5/home/tu/tu_tu/tu_zxoul27/micromamba/envs/power/lib/python3.12/copy.py", line 143, in deepcopy
    y = copier(memo)
        ^^^^^^^^^^^^
  File "/pfs/data5/home/tu/tu_tu/tu_zxoul27/micromamba/envs/power/lib/python3.12/site-packages/torch/_tensor.py", line 87, in __deepcopy__
    raise RuntimeError(
RuntimeError: Only Tensors created explicitly by the user (graph leaves) support the deepcopy protocol at the moment.  If you were attempting to deepcopy a module, this may be because of a torch.nn.utils.weight_norm usage, see https://github.com/pytorch/pytorch/pull/103001
[W 2024-10-21 02:13:31,185] Trial 63 failed with value None.
Traceback (most recent call last):
  File "/pfs/data5/home/tu/tu_tu/tu_zxoul27/Prediction_of_energy_prices/predictions/TFT/TFT_model_short.py", line 229, in <module>
  File "/pfs/data5/home/tu/tu_tu/tu_zxoul27/Prediction_of_energy_prices/predictions/TFT/TFT_model_short.py", line 171, in run_optuna_optimization
  File "/pfs/data5/home/tu/tu_tu/tu_zxoul27/micromamba/envs/power/lib/python3.12/site-packages/optuna/study/study.py", line 475, in optimize
    _optimize(
  File "/pfs/data5/home/tu/tu_tu/tu_zxoul27/micromamba/envs/power/lib/python3.12/site-packages/optuna/study/_optimize.py", line 63, in _optimize
    _optimize_sequential(
  File "/pfs/data5/home/tu/tu_tu/tu_zxoul27/micromamba/envs/power/lib/python3.12/site-packages/optuna/study/_optimize.py", line 160, in _optimize_sequential
    frozen_trial = _run_trial(study, func, catch)
                   ^^^^^^^^^^^^^^^^^^^^^^^^^^^^^^
  File "/pfs/data5/home/tu/tu_tu/tu_zxoul27/micromamba/envs/power/lib/python3.12/site-packages/optuna/study/_optimize.py", line 248, in _run_trial
    raise func_err
  File "/pfs/data5/home/tu/tu_tu/tu_zxoul27/micromamba/envs/power/lib/python3.12/site-packages/optuna/study/_optimize.py", line 197, in _run_trial
    value_or_values = func(trial)
                      ^^^^^^^^^^^
  File "/pfs/data5/home/tu/tu_tu/tu_zxoul27/Prediction_of_energy_prices/predictions/TFT/TFT_model_short.py", line 171, in <lambda>
  File "/pfs/data5/home/tu/tu_tu/tu_zxoul27/Prediction_of_energy_prices/predictions/TFT/TFT_model_short.py", line 116, in objective
  File "/pfs/data5/home/tu/tu_tu/tu_zxoul27/micromamba/envs/power/lib/python3.12/site-packages/darts/models/forecasting/forecasting_model.py", line 110, in __call__
    return super().__call__(**all_params)
           ^^^^^^^^^^^^^^^^^^^^^^^^^^^^^^
  File "/pfs/data5/home/tu/tu_tu/tu_zxoul27/micromamba/envs/power/lib/python3.12/site-packages/darts/models/forecasting/tft_model.py", line 944, in __init__
    super().__init__(**self._extract_torch_model_params(**model_kwargs))
  File "/pfs/data5/home/tu/tu_tu/tu_zxoul27/micromamba/envs/power/lib/python3.12/site-packages/darts/utils/torch.py", line 103, in decorator
    return decorated(self, *args, **kwargs)
           ^^^^^^^^^^^^^^^^^^^^^^^^^^^^^^^^
  File "/pfs/data5/home/tu/tu_tu/tu_zxoul27/micromamba/envs/power/lib/python3.12/site-packages/darts/models/forecasting/torch_forecasting_model.py", line 293, in __init__
    super().__init__(add_encoders=add_encoders)
  File "/pfs/data5/home/tu/tu_tu/tu_zxoul27/micromamba/envs/power/lib/python3.12/site-packages/darts/models/forecasting/forecasting_model.py", line 2651, in __init__
    super().__init__(add_encoders=add_encoders)
  File "/pfs/data5/home/tu/tu_tu/tu_zxoul27/micromamba/envs/power/lib/python3.12/site-packages/darts/models/forecasting/forecasting_model.py", line 138, in __init__
    self._model_params = self._extract_model_creation_params()
                         ^^^^^^^^^^^^^^^^^^^^^^^^^^^^^^^^^^^^^
  File "/pfs/data5/home/tu/tu_tu/tu_zxoul27/micromamba/envs/power/lib/python3.12/site-packages/darts/models/forecasting/forecasting_model.py", line 2363, in _extract_model_creation_params
    model_params = copy.deepcopy(self._model_call)
                   ^^^^^^^^^^^^^^^^^^^^^^^^^^^^^^^
  File "/pfs/data5/home/tu/tu_tu/tu_zxoul27/micromamba/envs/power/lib/python3.12/copy.py", line 162, in deepcopy
    y = _reconstruct(x, memo, *rv)
        ^^^^^^^^^^^^^^^^^^^^^^^^^^
  File "/pfs/data5/home/tu/tu_tu/tu_zxoul27/micromamba/envs/power/lib/python3.12/copy.py", line 285, in _reconstruct
    value = deepcopy(value, memo)
            ^^^^^^^^^^^^^^^^^^^^^
  File "/pfs/data5/home/tu/tu_tu/tu_zxoul27/micromamba/envs/power/lib/python3.12/copy.py", line 136, in deepcopy
    y = copier(x, memo)
        ^^^^^^^^^^^^^^^
  File "/pfs/data5/home/tu/tu_tu/tu_zxoul27/micromamba/envs/power/lib/python3.12/copy.py", line 221, in _deepcopy_dict
    y[deepcopy(key, memo)] = deepcopy(value, memo)
                             ^^^^^^^^^^^^^^^^^^^^^
  File "/pfs/data5/home/tu/tu_tu/tu_zxoul27/micromamba/envs/power/lib/python3.12/copy.py", line 136, in deepcopy
    y = copier(x, memo)
        ^^^^^^^^^^^^^^^
  File "/pfs/data5/home/tu/tu_tu/tu_zxoul27/micromamba/envs/power/lib/python3.12/copy.py", line 196, in _deepcopy_list
    append(deepcopy(a, memo))
           ^^^^^^^^^^^^^^^^^
  File "/pfs/data5/home/tu/tu_tu/tu_zxoul27/micromamba/envs/power/lib/python3.12/copy.py", line 162, in deepcopy
    y = _reconstruct(x, memo, *rv)
        ^^^^^^^^^^^^^^^^^^^^^^^^^^
  File "/pfs/data5/home/tu/tu_tu/tu_zxoul27/micromamba/envs/power/lib/python3.12/copy.py", line 259, in _reconstruct
    state = deepcopy(state, memo)
            ^^^^^^^^^^^^^^^^^^^^^
  File "/pfs/data5/home/tu/tu_tu/tu_zxoul27/micromamba/envs/power/lib/python3.12/copy.py", line 136, in deepcopy
    y = copier(x, memo)
        ^^^^^^^^^^^^^^^
  File "/pfs/data5/home/tu/tu_tu/tu_zxoul27/micromamba/envs/power/lib/python3.12/copy.py", line 221, in _deepcopy_dict
    y[deepcopy(key, memo)] = deepcopy(value, memo)
                             ^^^^^^^^^^^^^^^^^^^^^
  File "/pfs/data5/home/tu/tu_tu/tu_zxoul27/micromamba/envs/power/lib/python3.12/copy.py", line 136, in deepcopy
    y = copier(x, memo)
        ^^^^^^^^^^^^^^^
  File "/pfs/data5/home/tu/tu_tu/tu_zxoul27/micromamba/envs/power/lib/python3.12/copy.py", line 226, in _deepcopy_method
    return type(x)(x.__func__, deepcopy(x.__self__, memo))
                               ^^^^^^^^^^^^^^^^^^^^^^^^^^
  File "/pfs/data5/home/tu/tu_tu/tu_zxoul27/micromamba/envs/power/lib/python3.12/copy.py", line 162, in deepcopy
    y = _reconstruct(x, memo, *rv)
        ^^^^^^^^^^^^^^^^^^^^^^^^^^
  File "/pfs/data5/home/tu/tu_tu/tu_zxoul27/micromamba/envs/power/lib/python3.12/copy.py", line 259, in _reconstruct
    state = deepcopy(state, memo)
            ^^^^^^^^^^^^^^^^^^^^^
  File "/pfs/data5/home/tu/tu_tu/tu_zxoul27/micromamba/envs/power/lib/python3.12/copy.py", line 136, in deepcopy
    y = copier(x, memo)
        ^^^^^^^^^^^^^^^
  File "/pfs/data5/home/tu/tu_tu/tu_zxoul27/micromamba/envs/power/lib/python3.12/copy.py", line 221, in _deepcopy_dict
    y[deepcopy(key, memo)] = deepcopy(value, memo)
                             ^^^^^^^^^^^^^^^^^^^^^
  File "/pfs/data5/home/tu/tu_tu/tu_zxoul27/micromamba/envs/power/lib/python3.12/copy.py", line 143, in deepcopy
    y = copier(memo)
        ^^^^^^^^^^^^
  File "/pfs/data5/home/tu/tu_tu/tu_zxoul27/micromamba/envs/power/lib/python3.12/site-packages/torch/_tensor.py", line 87, in __deepcopy__
    raise RuntimeError(
RuntimeError: Only Tensors created explicitly by the user (graph leaves) support the deepcopy protocol at the moment.  If you were attempting to deepcopy a module, this may be because of a torch.nn.utils.weight_norm usage, see https://github.com/pytorch/pytorch/pull/103001
srun: error: uc2n387: task 0: Exited with exit code 1
