[I 2024-11-01 21:10:05,464] Trial 173 finished with value: 0.2307787537574768 and parameters: {'hidden_dim': 161, 'n_layers': 5, 'dropout': 0.24087361426775875, 'input_chunk_length': 120, 'learning_rate': 0.0005707850217123812, 'batch_size': 32}. Best is trial 0 with value: 0.07914793491363525.
GPU available: False, used: False
TPU available: False, using: 0 TPU cores
HPU available: False, using: 0 HPUs
SLURM auto-requeueing enabled. Setting signal handlers.
Monitored metric train_loss did not improve in the last 203 records. Best score: 0.031. Signaling Trainer to stop.
GPU available: False, used: False
TPU available: False, using: 0 TPU cores
HPU available: False, using: 0 HPUs
SLURM auto-requeueing enabled. Setting signal handlers.
[I 2024-11-01 21:12:23,660] Trial 174 finished with value: 0.2584676146507263 and parameters: {'hidden_dim': 150, 'n_layers': 5, 'dropout': 0.2193487957356795, 'input_chunk_length': 109, 'learning_rate': 0.0006615988661085947, 'batch_size': 32}. Best is trial 0 with value: 0.07914793491363525.
GPU available: False, used: False
TPU available: False, using: 0 TPU cores
HPU available: False, using: 0 HPUs
SLURM auto-requeueing enabled. Setting signal handlers.
Monitored metric train_loss did not improve in the last 204 records. Best score: 0.031. Signaling Trainer to stop.
GPU available: False, used: False
TPU available: False, using: 0 TPU cores
HPU available: False, using: 0 HPUs
SLURM auto-requeueing enabled. Setting signal handlers.
[I 2024-11-01 21:14:52,158] Trial 175 finished with value: 0.2243092656135559 and parameters: {'hidden_dim': 168, 'n_layers': 5, 'dropout': 0.39367221740251584, 'input_chunk_length': 114, 'learning_rate': 0.0003138864346200436, 'batch_size': 32}. Best is trial 0 with value: 0.07914793491363525.
GPU available: False, used: False
TPU available: False, using: 0 TPU cores
HPU available: False, using: 0 HPUs
SLURM auto-requeueing enabled. Setting signal handlers.
Monitored metric train_loss did not improve in the last 205 records. Best score: 0.031. Signaling Trainer to stop.
GPU available: False, used: False
TPU available: False, using: 0 TPU cores
HPU available: False, using: 0 HPUs
SLURM auto-requeueing enabled. Setting signal handlers.
[I 2024-11-01 21:18:39,629] Trial 176 finished with value: 0.21701718866825104 and parameters: {'hidden_dim': 243, 'n_layers': 4, 'dropout': 0.26316755650534057, 'input_chunk_length': 118, 'learning_rate': 0.0009776792705405587, 'batch_size': 32}. Best is trial 0 with value: 0.07914793491363525.
GPU available: False, used: False
TPU available: False, using: 0 TPU cores
HPU available: False, using: 0 HPUs
SLURM auto-requeueing enabled. Setting signal handlers.
Monitored metric train_loss did not improve in the last 206 records. Best score: 0.031. Signaling Trainer to stop.
GPU available: False, used: False
TPU available: False, using: 0 TPU cores
HPU available: False, using: 0 HPUs
SLURM auto-requeueing enabled. Setting signal handlers.
[I 2024-11-01 21:19:30,205] Trial 177 finished with value: 0.24926339089870453 and parameters: {'hidden_dim': 101, 'n_layers': 4, 'dropout': 0.03148007854382534, 'input_chunk_length': 41, 'learning_rate': 0.0005252823262483642, 'batch_size': 32}. Best is trial 0 with value: 0.07914793491363525.
GPU available: False, used: False
TPU available: False, using: 0 TPU cores
HPU available: False, using: 0 HPUs
SLURM auto-requeueing enabled. Setting signal handlers.
Monitored metric train_loss did not improve in the last 207 records. Best score: 0.031. Signaling Trainer to stop.
GPU available: False, used: False
TPU available: False, using: 0 TPU cores
HPU available: False, using: 0 HPUs
SLURM auto-requeueing enabled. Setting signal handlers.
[I 2024-11-01 21:23:50,932] Trial 178 finished with value: 0.1693090796470642 and parameters: {'hidden_dim': 247, 'n_layers': 5, 'dropout': 0.4566445864938478, 'input_chunk_length': 116, 'learning_rate': 0.0011344487222282621, 'batch_size': 32}. Best is trial 0 with value: 0.07914793491363525.
GPU available: False, used: False
TPU available: False, using: 0 TPU cores
HPU available: False, using: 0 HPUs
SLURM auto-requeueing enabled. Setting signal handlers.
Monitored metric train_loss did not improve in the last 208 records. Best score: 0.031. Signaling Trainer to stop.
GPU available: False, used: False
TPU available: False, using: 0 TPU cores
HPU available: False, using: 0 HPUs
SLURM auto-requeueing enabled. Setting signal handlers.
[I 2024-11-01 21:27:49,973] Trial 179 finished with value: 0.3047618269920349 and parameters: {'hidden_dim': 248, 'n_layers': 5, 'dropout': 0.4563837133109543, 'input_chunk_length': 116, 'learning_rate': 0.0010924845140969524, 'batch_size': 32}. Best is trial 0 with value: 0.07914793491363525.
GPU available: False, used: False
TPU available: False, using: 0 TPU cores
HPU available: False, using: 0 HPUs
SLURM auto-requeueing enabled. Setting signal handlers.
Monitored metric train_loss did not improve in the last 209 records. Best score: 0.031. Signaling Trainer to stop.
GPU available: False, used: False
TPU available: False, using: 0 TPU cores
HPU available: False, using: 0 HPUs
SLURM auto-requeueing enabled. Setting signal handlers.
[I 2024-11-01 21:32:02,313] Trial 180 finished with value: 0.269656240940094 and parameters: {'hidden_dim': 248, 'n_layers': 5, 'dropout': 0.4332719170773984, 'input_chunk_length': 120, 'learning_rate': 0.0013651653513455765, 'batch_size': 32}. Best is trial 0 with value: 0.07914793491363525.
GPU available: False, used: False
TPU available: False, using: 0 TPU cores
HPU available: False, using: 0 HPUs
SLURM auto-requeueing enabled. Setting signal handlers.
Monitored metric train_loss did not improve in the last 210 records. Best score: 0.031. Signaling Trainer to stop.
GPU available: False, used: False
TPU available: False, using: 0 TPU cores
HPU available: False, using: 0 HPUs
SLURM auto-requeueing enabled. Setting signal handlers.
[I 2024-11-01 21:35:10,354] Trial 181 finished with value: 0.1747482866048813 and parameters: {'hidden_dim': 190, 'n_layers': 5, 'dropout': 0.460789452821727, 'input_chunk_length': 116, 'learning_rate': 0.0007960863530858755, 'batch_size': 32}. Best is trial 0 with value: 0.07914793491363525.
GPU available: False, used: False
TPU available: False, using: 0 TPU cores
HPU available: False, using: 0 HPUs
SLURM auto-requeueing enabled. Setting signal handlers.
Monitored metric train_loss did not improve in the last 211 records. Best score: 0.031. Signaling Trainer to stop.
GPU available: False, used: False
TPU available: False, using: 0 TPU cores
HPU available: False, using: 0 HPUs
SLURM auto-requeueing enabled. Setting signal handlers.
[I 2024-11-01 21:39:30,459] Trial 182 finished with value: 0.3179028332233429 and parameters: {'hidden_dim': 253, 'n_layers': 5, 'dropout': 0.4704836401334231, 'input_chunk_length': 117, 'learning_rate': 0.0008327146375724773, 'batch_size': 32}. Best is trial 0 with value: 0.07914793491363525.
GPU available: False, used: False
TPU available: False, using: 0 TPU cores
HPU available: False, using: 0 HPUs
SLURM auto-requeueing enabled. Setting signal handlers.
Monitored metric train_loss did not improve in the last 212 records. Best score: 0.031. Signaling Trainer to stop.
GPU available: False, used: False
TPU available: False, using: 0 TPU cores
HPU available: False, using: 0 HPUs
SLURM auto-requeueing enabled. Setting signal handlers.
[I 2024-11-01 21:42:01,225] Trial 183 finished with value: 0.2874041497707367 and parameters: {'hidden_dim': 164, 'n_layers': 5, 'dropout': 0.46298013464923443, 'input_chunk_length': 112, 'learning_rate': 0.0006216166009175759, 'batch_size': 32}. Best is trial 0 with value: 0.07914793491363525.
GPU available: False, used: False
TPU available: False, using: 0 TPU cores
HPU available: False, using: 0 HPUs
SLURM auto-requeueing enabled. Setting signal handlers.
Monitored metric train_loss did not improve in the last 213 records. Best score: 0.031. Signaling Trainer to stop.
GPU available: False, used: False
TPU available: False, using: 0 TPU cores
HPU available: False, using: 0 HPUs
SLURM auto-requeueing enabled. Setting signal handlers.
[I 2024-11-01 21:43:55,532] Trial 184 finished with value: 0.19490621984004974 and parameters: {'hidden_dim': 111, 'n_layers': 5, 'dropout': 0.44861977473535564, 'input_chunk_length': 115, 'learning_rate': 0.0011459971559726508, 'batch_size': 32}. Best is trial 0 with value: 0.07914793491363525.
GPU available: False, used: False
TPU available: False, using: 0 TPU cores
HPU available: False, using: 0 HPUs
SLURM auto-requeueing enabled. Setting signal handlers.
Monitored metric train_loss did not improve in the last 214 records. Best score: 0.031. Signaling Trainer to stop.
GPU available: False, used: False
TPU available: False, using: 0 TPU cores
HPU available: False, using: 0 HPUs
SLURM auto-requeueing enabled. Setting signal handlers.
[I 2024-11-01 21:45:02,875] Trial 185 finished with value: 0.25535866618156433 and parameters: {'hidden_dim': 190, 'n_layers': 5, 'dropout': 0.48602523183600993, 'input_chunk_length': 27, 'learning_rate': 0.0006736732846763251, 'batch_size': 32}. Best is trial 0 with value: 0.07914793491363525.
GPU available: False, used: False
TPU available: False, using: 0 TPU cores
HPU available: False, using: 0 HPUs
SLURM auto-requeueing enabled. Setting signal handlers.
Monitored metric train_loss did not improve in the last 215 records. Best score: 0.031. Signaling Trainer to stop.
GPU available: False, used: False
TPU available: False, using: 0 TPU cores
HPU available: False, using: 0 HPUs
SLURM auto-requeueing enabled. Setting signal handlers.
[I 2024-11-01 21:48:22,416] Trial 186 finished with value: 0.2792087495326996 and parameters: {'hidden_dim': 213, 'n_layers': 5, 'dropout': 0.4403116608081957, 'input_chunk_length': 109, 'learning_rate': 0.000757945086747805, 'batch_size': 32}. Best is trial 0 with value: 0.07914793491363525.
GPU available: False, used: False
TPU available: False, using: 0 TPU cores
HPU available: False, using: 0 HPUs
SLURM auto-requeueing enabled. Setting signal handlers.
Monitored metric train_loss did not improve in the last 216 records. Best score: 0.031. Signaling Trainer to stop.
GPU available: False, used: False
TPU available: False, using: 0 TPU cores
HPU available: False, using: 0 HPUs
SLURM auto-requeueing enabled. Setting signal handlers.
[I 2024-11-01 21:49:26,896] Trial 187 finished with value: 0.19014142453670502 and parameters: {'hidden_dim': 240, 'n_layers': 5, 'dropout': 0.42439435611577003, 'input_chunk_length': 19, 'learning_rate': 0.0009207856866501267, 'batch_size': 32}. Best is trial 0 with value: 0.07914793491363525.
GPU available: False, used: False
TPU available: False, using: 0 TPU cores
HPU available: False, using: 0 HPUs
SLURM auto-requeueing enabled. Setting signal handlers.
Monitored metric train_loss did not improve in the last 217 records. Best score: 0.031. Signaling Trainer to stop.
GPU available: False, used: False
TPU available: False, using: 0 TPU cores
HPU available: False, using: 0 HPUs
SLURM auto-requeueing enabled. Setting signal handlers.
[I 2024-11-01 21:51:20,708] Trial 188 finished with value: 0.19450616836547852 and parameters: {'hidden_dim': 118, 'n_layers': 5, 'dropout': 0.4570062018583925, 'input_chunk_length': 107, 'learning_rate': 0.0014851616347603615, 'batch_size': 32}. Best is trial 0 with value: 0.07914793491363525.
GPU available: False, used: False
TPU available: False, using: 0 TPU cores
HPU available: False, using: 0 HPUs
SLURM auto-requeueing enabled. Setting signal handlers.
Monitored metric train_loss did not improve in the last 218 records. Best score: 0.031. Signaling Trainer to stop.
GPU available: False, used: False
TPU available: False, using: 0 TPU cores
HPU available: False, using: 0 HPUs
SLURM auto-requeueing enabled. Setting signal handlers.
[I 2024-11-01 21:54:08,743] Trial 189 finished with value: 0.2991630434989929 and parameters: {'hidden_dim': 200, 'n_layers': 3, 'dropout': 0.41328348185792657, 'input_chunk_length': 118, 'learning_rate': 0.0018032786300216793, 'batch_size': 32}. Best is trial 0 with value: 0.07914793491363525.
GPU available: False, used: False
TPU available: False, using: 0 TPU cores
HPU available: False, using: 0 HPUs
SLURM auto-requeueing enabled. Setting signal handlers.
Monitored metric train_loss did not improve in the last 219 records. Best score: 0.031. Signaling Trainer to stop.
GPU available: False, used: False
TPU available: False, using: 0 TPU cores
HPU available: False, using: 0 HPUs
SLURM auto-requeueing enabled. Setting signal handlers.
[I 2024-11-01 21:56:44,535] Trial 190 finished with value: 0.2585919499397278 and parameters: {'hidden_dim': 157, 'n_layers': 6, 'dropout': 0.4720040246822197, 'input_chunk_length': 112, 'learning_rate': 0.001296871436994772, 'batch_size': 32}. Best is trial 0 with value: 0.07914793491363525.
GPU available: False, used: False
TPU available: False, using: 0 TPU cores
HPU available: False, using: 0 HPUs
SLURM auto-requeueing enabled. Setting signal handlers.
Monitored metric train_loss did not improve in the last 220 records. Best score: 0.031. Signaling Trainer to stop.
GPU available: False, used: False
TPU available: False, using: 0 TPU cores
HPU available: False, using: 0 HPUs
SLURM auto-requeueing enabled. Setting signal handlers.
[I 2024-11-01 21:58:35,854] Trial 191 finished with value: 0.22534623742103577 and parameters: {'hidden_dim': 125, 'n_layers': 4, 'dropout': 0.23408771768560427, 'input_chunk_length': 104, 'learning_rate': 0.006255132998122333, 'batch_size': 32}. Best is trial 0 with value: 0.07914793491363525.
GPU available: False, used: False
TPU available: False, using: 0 TPU cores
HPU available: False, using: 0 HPUs
SLURM auto-requeueing enabled. Setting signal handlers.
Monitored metric train_loss did not improve in the last 221 records. Best score: 0.031. Signaling Trainer to stop.
GPU available: False, used: False
TPU available: False, using: 0 TPU cores
HPU available: False, using: 0 HPUs
SLURM auto-requeueing enabled. Setting signal handlers.
[I 2024-11-01 22:01:21,572] Trial 192 finished with value: 0.16506728529930115 and parameters: {'hidden_dim': 177, 'n_layers': 5, 'dropout': 0.44164253785156377, 'input_chunk_length': 114, 'learning_rate': 0.0007459615460105131, 'batch_size': 32}. Best is trial 0 with value: 0.07914793491363525.
GPU available: False, used: False
TPU available: False, using: 0 TPU cores
HPU available: False, using: 0 HPUs
SLURM auto-requeueing enabled. Setting signal handlers.
Monitored metric train_loss did not improve in the last 222 records. Best score: 0.031. Signaling Trainer to stop.
GPU available: False, used: False
TPU available: False, using: 0 TPU cores
HPU available: False, using: 0 HPUs
SLURM auto-requeueing enabled. Setting signal handlers.
[I 2024-11-01 22:04:19,461] Trial 193 finished with value: 0.31969374418258667 and parameters: {'hidden_dim': 187, 'n_layers': 5, 'dropout': 0.44504446991037067, 'input_chunk_length': 114, 'learning_rate': 0.000553014093045776, 'batch_size': 32}. Best is trial 0 with value: 0.07914793491363525.
GPU available: False, used: False
TPU available: False, using: 0 TPU cores
HPU available: False, using: 0 HPUs
SLURM auto-requeueing enabled. Setting signal handlers.
Monitored metric train_loss did not improve in the last 223 records. Best score: 0.031. Signaling Trainer to stop.
GPU available: False, used: False
TPU available: False, using: 0 TPU cores
HPU available: False, using: 0 HPUs
SLURM auto-requeueing enabled. Setting signal handlers.
[I 2024-11-01 22:07:04,564] Trial 194 finished with value: 0.18765942752361298 and parameters: {'hidden_dim': 174, 'n_layers': 5, 'dropout': 0.4361246851637903, 'input_chunk_length': 116, 'learning_rate': 0.0008035231385812072, 'batch_size': 32}. Best is trial 0 with value: 0.07914793491363525.
GPU available: False, used: False
TPU available: False, using: 0 TPU cores
HPU available: False, using: 0 HPUs
SLURM auto-requeueing enabled. Setting signal handlers.
Monitored metric train_loss did not improve in the last 224 records. Best score: 0.031. Signaling Trainer to stop.
GPU available: False, used: False
TPU available: False, using: 0 TPU cores
HPU available: False, using: 0 HPUs
SLURM auto-requeueing enabled. Setting signal handlers.
[I 2024-11-01 22:09:39,002] Trial 195 finished with value: 0.3065569996833801 and parameters: {'hidden_dim': 169, 'n_layers': 5, 'dropout': 0.45616392935649847, 'input_chunk_length': 111, 'learning_rate': 0.00021931100438433174, 'batch_size': 32}. Best is trial 0 with value: 0.07914793491363525.
GPU available: False, used: False
TPU available: False, using: 0 TPU cores
HPU available: False, using: 0 HPUs
SLURM auto-requeueing enabled. Setting signal handlers.
Monitored metric train_loss did not improve in the last 225 records. Best score: 0.031. Signaling Trainer to stop.
GPU available: False, used: False
TPU available: False, using: 0 TPU cores
HPU available: False, using: 0 HPUs
SLURM auto-requeueing enabled. Setting signal handlers.
[I 2024-11-01 22:12:23,196] Trial 196 finished with value: 0.37233203649520874 and parameters: {'hidden_dim': 176, 'n_layers': 5, 'dropout': 0.4048749295884611, 'input_chunk_length': 120, 'learning_rate': 0.0007343374799141424, 'batch_size': 64}. Best is trial 0 with value: 0.07914793491363525.
GPU available: False, used: False
TPU available: False, using: 0 TPU cores
HPU available: False, using: 0 HPUs
SLURM auto-requeueing enabled. Setting signal handlers.
Monitored metric train_loss did not improve in the last 226 records. Best score: 0.031. Signaling Trainer to stop.
GPU available: False, used: False
TPU available: False, using: 0 TPU cores
HPU available: False, using: 0 HPUs
SLURM auto-requeueing enabled. Setting signal handlers.
[I 2024-11-01 22:14:46,075] Trial 197 finished with value: 0.2563018798828125 and parameters: {'hidden_dim': 162, 'n_layers': 5, 'dropout': 0.07325391412981151, 'input_chunk_length': 109, 'learning_rate': 0.0010023202641115379, 'batch_size': 32}. Best is trial 0 with value: 0.07914793491363525.
GPU available: False, used: False
TPU available: False, using: 0 TPU cores
HPU available: False, using: 0 HPUs
SLURM auto-requeueing enabled. Setting signal handlers.
Monitored metric train_loss did not improve in the last 227 records. Best score: 0.031. Signaling Trainer to stop.
GPU available: False, used: False
TPU available: False, using: 0 TPU cores
HPU available: False, using: 0 HPUs
SLURM auto-requeueing enabled. Setting signal handlers.
[I 2024-11-01 22:17:32,956] Trial 198 finished with value: 0.2971744239330292 and parameters: {'hidden_dim': 179, 'n_layers': 5, 'dropout': 0.42678504206222334, 'input_chunk_length': 113, 'learning_rate': 0.00042039207790830146, 'batch_size': 32}. Best is trial 0 with value: 0.07914793491363525.
GPU available: False, used: False
TPU available: False, using: 0 TPU cores
HPU available: False, using: 0 HPUs
SLURM auto-requeueing enabled. Setting signal handlers.
Monitored metric train_loss did not improve in the last 228 records. Best score: 0.031. Signaling Trainer to stop.
GPU available: False, used: False
TPU available: False, using: 0 TPU cores
HPU available: False, using: 0 HPUs
SLURM auto-requeueing enabled. Setting signal handlers.
[I 2024-11-01 22:21:23,054] Trial 199 finished with value: 0.19329169392585754 and parameters: {'hidden_dim': 252, 'n_layers': 5, 'dropout': 0.4787074704987148, 'input_chunk_length': 106, 'learning_rate': 0.0006122740107156674, 'batch_size': 32}. Best is trial 0 with value: 0.07914793491363525.
GPU available: False, used: False
TPU available: False, using: 0 TPU cores
HPU available: False, using: 0 HPUs
SLURM auto-requeueing enabled. Setting signal handlers.
Monitored metric train_loss did not improve in the last 229 records. Best score: 0.031. Signaling Trainer to stop.
GPU available: False, used: False
TPU available: False, using: 0 TPU cores
HPU available: False, using: 0 HPUs
SLURM auto-requeueing enabled. Setting signal handlers.
[I 2024-11-01 22:22:27,487] Trial 200 finished with value: 0.1933705359697342 and parameters: {'hidden_dim': 245, 'n_layers': 3, 'dropout': 0.4649952378155861, 'input_chunk_length': 22, 'learning_rate': 0.0007070749407038519, 'batch_size': 32}. Best is trial 0 with value: 0.07914793491363525.
GPU available: False, used: False
TPU available: False, using: 0 TPU cores
HPU available: False, using: 0 HPUs
SLURM auto-requeueing enabled. Setting signal handlers.
Monitored metric train_loss did not improve in the last 230 records. Best score: 0.031. Signaling Trainer to stop.
GPU available: False, used: False
TPU available: False, using: 0 TPU cores
HPU available: False, using: 0 HPUs
SLURM auto-requeueing enabled. Setting signal handlers.
[I 2024-11-01 22:24:54,397] Trial 201 finished with value: 0.20923012495040894 and parameters: {'hidden_dim': 166, 'n_layers': 4, 'dropout': 0.1715995212655039, 'input_chunk_length': 117, 'learning_rate': 0.0011574116468225876, 'batch_size': 32}. Best is trial 0 with value: 0.07914793491363525.
GPU available: False, used: False
TPU available: False, using: 0 TPU cores
HPU available: False, using: 0 HPUs
SLURM auto-requeueing enabled. Setting signal handlers.
Monitored metric train_loss did not improve in the last 231 records. Best score: 0.031. Signaling Trainer to stop.
GPU available: False, used: False
TPU available: False, using: 0 TPU cores
HPU available: False, using: 0 HPUs
SLURM auto-requeueing enabled. Setting signal handlers.
