[I 2024-11-05 06:01:35,335] Trial 297 finished with value: 0.31053194403648376 and parameters: {'hidden_dim': 298, 'n_layers': 4, 'dropout': 0.3062804889101616, 'input_chunk_length': 95, 'learning_rate': 0.0007375498957811784, 'batch_size': 32}. Best is trial 0 with value: 0.11645901203155518.
GPU available: True (cuda), used: True
TPU available: False, using: 0 TPU cores
HPU available: False, using: 0 HPUs
LOCAL_RANK: 0 - CUDA_VISIBLE_DEVICES: [0,1,2,3]
SLURM auto-requeueing enabled. Setting signal handlers.
Monitored metric train_loss did not improve in the last 356 records. Best score: 0.055. Signaling Trainer to stop.
GPU available: True (cuda), used: True
TPU available: False, using: 0 TPU cores
HPU available: False, using: 0 HPUs
LOCAL_RANK: 0 - CUDA_VISIBLE_DEVICES: [0,1,2,3]
SLURM auto-requeueing enabled. Setting signal handlers.
[I 2024-11-05 06:01:58,035] Trial 298 finished with value: 0.3185761868953705 and parameters: {'hidden_dim': 309, 'n_layers': 2, 'dropout': 0.023719269513128968, 'input_chunk_length': 105, 'learning_rate': 0.0005445076909838724, 'batch_size': 32}. Best is trial 0 with value: 0.11645901203155518.
GPU available: True (cuda), used: True
TPU available: False, using: 0 TPU cores
HPU available: False, using: 0 HPUs
LOCAL_RANK: 0 - CUDA_VISIBLE_DEVICES: [0,1,2,3]
SLURM auto-requeueing enabled. Setting signal handlers.
Monitored metric train_loss did not improve in the last 357 records. Best score: 0.055. Signaling Trainer to stop.
GPU available: True (cuda), used: True
TPU available: False, using: 0 TPU cores
HPU available: False, using: 0 HPUs
LOCAL_RANK: 0 - CUDA_VISIBLE_DEVICES: [0,1,2,3]
SLURM auto-requeueing enabled. Setting signal handlers.
[I 2024-11-05 06:02:21,275] Trial 299 finished with value: 0.28167203068733215 and parameters: {'hidden_dim': 318, 'n_layers': 2, 'dropout': 0.27091749954607675, 'input_chunk_length': 109, 'learning_rate': 0.0002903994777336421, 'batch_size': 32}. Best is trial 0 with value: 0.11645901203155518.
GPU available: True (cuda), used: True
TPU available: False, using: 0 TPU cores
HPU available: False, using: 0 HPUs
LOCAL_RANK: 0 - CUDA_VISIBLE_DEVICES: [0,1,2,3]

   | Name                              | Type                             | Params | Mode 
------------------------------------------------------------------------------------------------
0  | train_metrics                     | MetricCollection                 | 0      | train
1  | val_metrics                       | MetricCollection                 | 0      | train
2  | input_embeddings                  | _MultiEmbedding                  | 0      | train
3  | static_covariates_vsn             | _VariableSelectionNetwork        | 0      | train
4  | encoder_vsn                       | _VariableSelectionNetwork        | 182 K  | train
5  | decoder_vsn                       | _VariableSelectionNetwork        | 173 K  | train
6  | static_context_grn                | _GatedResidualNetwork            | 478 K  | train
7  | static_context_hidden_encoder_grn | _GatedResidualNetwork            | 478 K  | train
8  | static_context_cell_encoder_grn   | _GatedResidualNetwork            | 478 K  | train
9  | static_context_enrichment         | _GatedResidualNetwork            | 478 K  | train
10 | lstm_encoder                      | LSTM                             | 954 K  | train
11 | lstm_decoder                      | LSTM                             | 954 K  | train
12 | post_lstm_gan                     | _GateAddNorm                     | 239 K  | train
13 | static_enrichment_grn             | _GatedResidualNetwork            | 597 K  | train
14 | multihead_attn                    | _InterpretableMultiHeadAttention | 297 K  | train
15 | post_attn_gan                     | _GateAddNorm                     | 239 K  | train
16 | feed_forward_block                | _GatedResidualNetwork            | 478 K  | train
17 | pre_output_gan                    | _GateAddNorm                     | 239 K  | train
18 | output_layer                      | Linear                           | 5.9 K  | train
------------------------------------------------------------------------------------------------
6.3 M     Trainable params
0         Non-trainable params
6.3 M     Total params
25.100    Total estimated model params size (MB)
738       Modules in train mode
0         Modules in eval mode
SLURM auto-requeueing enabled. Setting signal handlers.
`Trainer.fit` stopped: `max_epochs=30` reached.
GPU available: True (cuda), used: True
TPU available: False, using: 0 TPU cores
HPU available: False, using: 0 HPUs
LOCAL_RANK: 0 - CUDA_VISIBLE_DEVICES: [0,1,2,3]
SLURM auto-requeueing enabled. Setting signal handlers.
