[I 2024-10-21 02:00:51,092] Trial 54 finished with value: 0.17723794281482697 and parameters: {'hidden_dim': 208, 'n_layers': 1, 'dropout': 0.13506484944643943, 'input_chunk_length': 62, 'learning_rate': 0.0007990889958664166, 'batch_size': 32}. Best is trial 1 with value: 0.08726194500923157.
GPU available: False, used: False
TPU available: False, using: 0 TPU cores
HPU available: False, using: 0 HPUs
SLURM auto-requeueing enabled. Setting signal handlers.
Monitored metric train_loss did not improve in the last 103 records. Best score: 0.045. Signaling Trainer to stop.
GPU available: False, used: False
TPU available: False, using: 0 TPU cores
HPU available: False, using: 0 HPUs
SLURM auto-requeueing enabled. Setting signal handlers.
[I 2024-10-21 02:02:24,022] Trial 55 finished with value: 0.2013605386018753 and parameters: {'hidden_dim': 210, 'n_layers': 1, 'dropout': 0.18997129551438205, 'input_chunk_length': 61, 'learning_rate': 0.0007030962094097648, 'batch_size': 32}. Best is trial 1 with value: 0.08726194500923157.
GPU available: False, used: False
TPU available: False, using: 0 TPU cores
HPU available: False, using: 0 HPUs
SLURM auto-requeueing enabled. Setting signal handlers.
Monitored metric train_loss did not improve in the last 104 records. Best score: 0.045. Signaling Trainer to stop.
GPU available: False, used: False
TPU available: False, using: 0 TPU cores
HPU available: False, using: 0 HPUs
SLURM auto-requeueing enabled. Setting signal handlers.
[I 2024-10-21 02:03:55,433] Trial 56 finished with value: 0.21048155426979065 and parameters: {'hidden_dim': 203, 'n_layers': 1, 'dropout': 0.03225143105032872, 'input_chunk_length': 62, 'learning_rate': 0.0007398993304624556, 'batch_size': 32}. Best is trial 1 with value: 0.08726194500923157.
GPU available: False, used: False
TPU available: False, using: 0 TPU cores
HPU available: False, using: 0 HPUs
SLURM auto-requeueing enabled. Setting signal handlers.
Monitored metric train_loss did not improve in the last 105 records. Best score: 0.045. Signaling Trainer to stop.
GPU available: False, used: False
TPU available: False, using: 0 TPU cores
HPU available: False, using: 0 HPUs
SLURM auto-requeueing enabled. Setting signal handlers.
[I 2024-10-21 02:05:14,083] Trial 57 finished with value: 0.2938631772994995 and parameters: {'hidden_dim': 216, 'n_layers': 1, 'dropout': 0.21880874940868528, 'input_chunk_length': 53, 'learning_rate': 0.0005105915274740173, 'batch_size': 64}. Best is trial 1 with value: 0.08726194500923157.
GPU available: False, used: False
TPU available: False, using: 0 TPU cores
HPU available: False, using: 0 HPUs
SLURM auto-requeueing enabled. Setting signal handlers.
Monitored metric train_loss did not improve in the last 106 records. Best score: 0.045. Signaling Trainer to stop.
GPU available: False, used: False
TPU available: False, using: 0 TPU cores
HPU available: False, using: 0 HPUs
SLURM auto-requeueing enabled. Setting signal handlers.
[I 2024-10-21 02:07:04,562] Trial 58 finished with value: 0.1815093457698822 and parameters: {'hidden_dim': 192, 'n_layers': 1, 'dropout': 0.13218693760390499, 'input_chunk_length': 94, 'learning_rate': 0.0009181254425114387, 'batch_size': 32}. Best is trial 1 with value: 0.08726194500923157.
GPU available: False, used: False
TPU available: False, using: 0 TPU cores
HPU available: False, using: 0 HPUs
SLURM auto-requeueing enabled. Setting signal handlers.
Monitored metric train_loss did not improve in the last 107 records. Best score: 0.045. Signaling Trainer to stop.
GPU available: False, used: False
TPU available: False, using: 0 TPU cores
HPU available: False, using: 0 HPUs
SLURM auto-requeueing enabled. Setting signal handlers.
[I 2024-10-21 02:08:41,220] Trial 59 finished with value: 0.20189686119556427 and parameters: {'hidden_dim': 235, 'n_layers': 1, 'dropout': 0.0738272500020506, 'input_chunk_length': 57, 'learning_rate': 0.0004174398954736264, 'batch_size': 32}. Best is trial 1 with value: 0.08726194500923157.
GPU available: False, used: False
TPU available: False, using: 0 TPU cores
HPU available: False, using: 0 HPUs
SLURM auto-requeueing enabled. Setting signal handlers.
Monitored metric train_loss did not improve in the last 108 records. Best score: 0.045. Signaling Trainer to stop.
GPU available: False, used: False
TPU available: False, using: 0 TPU cores
HPU available: False, using: 0 HPUs
SLURM auto-requeueing enabled. Setting signal handlers.
[I 2024-10-21 02:09:42,352] Trial 60 finished with value: 0.22922617197036743 and parameters: {'hidden_dim': 176, 'n_layers': 1, 'dropout': 0.1102775550606433, 'input_chunk_length': 50, 'learning_rate': 0.0008298455902815561, 'batch_size': 64}. Best is trial 1 with value: 0.08726194500923157.
GPU available: False, used: False
TPU available: False, using: 0 TPU cores
HPU available: False, using: 0 HPUs
SLURM auto-requeueing enabled. Setting signal handlers.
Monitored metric train_loss did not improve in the last 109 records. Best score: 0.045. Signaling Trainer to stop.
GPU available: False, used: False
TPU available: False, using: 0 TPU cores
HPU available: False, using: 0 HPUs
SLURM auto-requeueing enabled. Setting signal handlers.
[I 2024-10-21 02:11:41,660] Trial 61 finished with value: 0.27494266629219055 and parameters: {'hidden_dim': 189, 'n_layers': 1, 'dropout': 0.13839519317179555, 'input_chunk_length': 92, 'learning_rate': 0.000911741875749833, 'batch_size': 32}. Best is trial 1 with value: 0.08726194500923157.
GPU available: False, used: False
TPU available: False, using: 0 TPU cores
HPU available: False, using: 0 HPUs
SLURM auto-requeueing enabled. Setting signal handlers.
Monitored metric train_loss did not improve in the last 110 records. Best score: 0.045. Signaling Trainer to stop.
ValueError: For the given forecasting case, the provided future covariates at dataset index `0` do not extend far enough into the past. The future covariates must start at time step `2022-03-23 00:00:00`, whereas now they start at time step `2022-03-24 00:00:00`.
Traceback (most recent call last):
  File "/pfs/data5/home/tu/tu_tu/tu_zxoul27/Prediction_of_energy_prices/predictions/TFT/TFT_model_short.py", line 143, in objective
  File "/pfs/data5/home/tu/tu_tu/tu_zxoul27/micromamba/envs/power/lib/python3.12/site-packages/darts/utils/torch.py", line 103, in decorator
    return decorated(self, *args, **kwargs)
           ^^^^^^^^^^^^^^^^^^^^^^^^^^^^^^^^
  File "/pfs/data5/home/tu/tu_tu/tu_zxoul27/micromamba/envs/power/lib/python3.12/site-packages/darts/models/forecasting/torch_forecasting_model.py", line 1465, in predict
    predictions = self.predict_from_dataset(
                  ^^^^^^^^^^^^^^^^^^^^^^^^^^
  File "/pfs/data5/home/tu/tu_tu/tu_zxoul27/micromamba/envs/power/lib/python3.12/site-packages/darts/utils/torch.py", line 103, in decorator
    return decorated(self, *args, **kwargs)
           ^^^^^^^^^^^^^^^^^^^^^^^^^^^^^^^^
  File "/pfs/data5/home/tu/tu_tu/tu_zxoul27/micromamba/envs/power/lib/python3.12/site-packages/darts/models/forecasting/torch_forecasting_model.py", line 1559, in predict_from_dataset
    self._verify_predict_sample(input_series_dataset[0])
                                ~~~~~~~~~~~~~~~~~~~~^^^
  File "/pfs/data5/home/tu/tu_tu/tu_zxoul27/micromamba/envs/power/lib/python3.12/site-packages/darts/utils/data/inference_dataset.py", line 711, in __getitem__
    _, historic_future_covariate, future_covariate, _, _, _ = self.ds_future[idx]
                                                              ~~~~~~~~~~~~~~^^^^^
  File "/pfs/data5/home/tu/tu_tu/tu_zxoul27/micromamba/envs/power/lib/python3.12/site-packages/darts/utils/data/inference_dataset.py", line 599, in __getitem__
    ) = self.ds_past[idx]
        ~~~~~~~~~~~~^^^^^
  File "/pfs/data5/home/tu/tu_tu/tu_zxoul27/micromamba/envs/power/lib/python3.12/site-packages/darts/utils/data/inference_dataset.py", line 418, in __getitem__
    return self.ds[idx]
           ~~~~~~~^^^^^
  File "/pfs/data5/home/tu/tu_tu/tu_zxoul27/micromamba/envs/power/lib/python3.12/site-packages/darts/utils/data/inference_dataset.py", line 291, in __getitem__
    covariate_start, covariate_end = self._covariate_indexer(
                                     ^^^^^^^^^^^^^^^^^^^^^^^^
  File "/pfs/data5/home/tu/tu_tu/tu_zxoul27/micromamba/envs/power/lib/python3.12/site-packages/darts/utils/data/inference_dataset.py", line 98, in _covariate_indexer
    raise_log(
  File "/pfs/data5/home/tu/tu_tu/tu_zxoul27/micromamba/envs/power/lib/python3.12/site-packages/darts/logging.py", line 132, in raise_log
    raise exception
ValueError: For the given forecasting case, the provided future covariates at dataset index `0` do not extend far enough into the past. The future covariates must start at time step `2022-03-23 00:00:00`, whereas now they start at time step `2022-03-24 00:00:00`.
