[I 2024-10-08 18:39:07,850] Trial 115 finished with value: 0.13549262285232544 and parameters: {'hidden_dim': 24, 'n_layers': 5, 'dropout': 0.18630331207876583, 'learning_rate': 0.004018972043401637, 'batch_size': 16, 'input_chunk_length': 150}. Best is trial 0 with value: 0.10316822677850723.
GPU available: False, used: False
TPU available: False, using: 0 TPU cores
HPU available: False, using: 0 HPUs
SLURM auto-requeueing enabled. Setting signal handlers.
Monitored metric train_loss did not improve in the last 136 records. Best score: 0.039. Signaling Trainer to stop.
GPU available: False, used: False
TPU available: False, using: 0 TPU cores
HPU available: False, using: 0 HPUs
SLURM auto-requeueing enabled. Setting signal handlers.
[I 2024-10-08 18:40:19,865] Trial 116 finished with value: 0.13904044032096863 and parameters: {'hidden_dim': 26, 'n_layers': 5, 'dropout': 0.17192260351738947, 'learning_rate': 0.007378835668446972, 'batch_size': 16, 'input_chunk_length': 123}. Best is trial 0 with value: 0.10316822677850723.
GPU available: False, used: False
TPU available: False, using: 0 TPU cores
HPU available: False, using: 0 HPUs
SLURM auto-requeueing enabled. Setting signal handlers.
Monitored metric train_loss did not improve in the last 137 records. Best score: 0.039. Signaling Trainer to stop.
GPU available: False, used: False
TPU available: False, using: 0 TPU cores
HPU available: False, using: 0 HPUs
SLURM auto-requeueing enabled. Setting signal handlers.
[I 2024-10-08 18:41:26,776] Trial 117 finished with value: 0.14935925602912903 and parameters: {'hidden_dim': 23, 'n_layers': 5, 'dropout': 0.2327824284531399, 'learning_rate': 0.0042840975120116516, 'batch_size': 32, 'input_chunk_length': 157}. Best is trial 0 with value: 0.10316822677850723.
GPU available: False, used: False
TPU available: False, using: 0 TPU cores
HPU available: False, using: 0 HPUs
SLURM auto-requeueing enabled. Setting signal handlers.
Monitored metric train_loss did not improve in the last 138 records. Best score: 0.039. Signaling Trainer to stop.
GPU available: False, used: False
TPU available: False, using: 0 TPU cores
HPU available: False, using: 0 HPUs
SLURM auto-requeueing enabled. Setting signal handlers.
[I 2024-10-08 18:42:45,100] Trial 118 finished with value: 0.17105689644813538 and parameters: {'hidden_dim': 24, 'n_layers': 5, 'dropout': 0.3333278206140552, 'learning_rate': 0.0014757774531057003, 'batch_size': 16, 'input_chunk_length': 149}. Best is trial 0 with value: 0.10316822677850723.
GPU available: False, used: False
TPU available: False, using: 0 TPU cores
HPU available: False, using: 0 HPUs
SLURM auto-requeueing enabled. Setting signal handlers.
Monitored metric train_loss did not improve in the last 139 records. Best score: 0.039. Signaling Trainer to stop.
GPU available: False, used: False
TPU available: False, using: 0 TPU cores
HPU available: False, using: 0 HPUs
SLURM auto-requeueing enabled. Setting signal handlers.
[I 2024-10-08 18:43:58,344] Trial 119 finished with value: 0.15873293578624725 and parameters: {'hidden_dim': 25, 'n_layers': 5, 'dropout': 0.18795398390514462, 'learning_rate': 0.008493193763627652, 'batch_size': 16, 'input_chunk_length': 132}. Best is trial 0 with value: 0.10316822677850723.
GPU available: False, used: False
TPU available: False, using: 0 TPU cores
HPU available: False, using: 0 HPUs
SLURM auto-requeueing enabled. Setting signal handlers.
Monitored metric train_loss did not improve in the last 140 records. Best score: 0.039. Signaling Trainer to stop.
GPU available: False, used: False
TPU available: False, using: 0 TPU cores
HPU available: False, using: 0 HPUs
SLURM auto-requeueing enabled. Setting signal handlers.
[I 2024-10-08 18:45:07,968] Trial 120 finished with value: 0.1493251770734787 and parameters: {'hidden_dim': 19, 'n_layers': 4, 'dropout': 0.07670686137608855, 'learning_rate': 0.0018345342785558096, 'batch_size': 16, 'input_chunk_length': 142}. Best is trial 0 with value: 0.10316822677850723.
GPU available: False, used: False
TPU available: False, using: 0 TPU cores
HPU available: False, using: 0 HPUs
SLURM auto-requeueing enabled. Setting signal handlers.
Monitored metric train_loss did not improve in the last 141 records. Best score: 0.039. Signaling Trainer to stop.
GPU available: False, used: False
TPU available: False, using: 0 TPU cores
HPU available: False, using: 0 HPUs
SLURM auto-requeueing enabled. Setting signal handlers.
[I 2024-10-08 18:46:21,794] Trial 121 finished with value: 0.3448241353034973 and parameters: {'hidden_dim': 28, 'n_layers': 5, 'dropout': 0.1561046787747023, 'learning_rate': 1.5910919318865254e-05, 'batch_size': 16, 'input_chunk_length': 123}. Best is trial 0 with value: 0.10316822677850723.
GPU available: False, used: False
TPU available: False, using: 0 TPU cores
HPU available: False, using: 0 HPUs
SLURM auto-requeueing enabled. Setting signal handlers.
Monitored metric train_loss did not improve in the last 142 records. Best score: 0.039. Signaling Trainer to stop.
GPU available: False, used: False
TPU available: False, using: 0 TPU cores
HPU available: False, using: 0 HPUs
SLURM auto-requeueing enabled. Setting signal handlers.
[I 2024-10-08 18:47:35,429] Trial 122 finished with value: 0.12787379324436188 and parameters: {'hidden_dim': 26, 'n_layers': 5, 'dropout': 0.1772264774661006, 'learning_rate': 0.007482345219361863, 'batch_size': 16, 'input_chunk_length': 125}. Best is trial 0 with value: 0.10316822677850723.
GPU available: False, used: False
TPU available: False, using: 0 TPU cores
HPU available: False, using: 0 HPUs
SLURM auto-requeueing enabled. Setting signal handlers.
Monitored metric train_loss did not improve in the last 143 records. Best score: 0.039. Signaling Trainer to stop.
GPU available: False, used: False
TPU available: False, using: 0 TPU cores
HPU available: False, using: 0 HPUs
SLURM auto-requeueing enabled. Setting signal handlers.
[I 2024-10-08 18:48:47,630] Trial 123 finished with value: 0.1496269553899765 and parameters: {'hidden_dim': 27, 'n_layers': 5, 'dropout': 0.14344937345674427, 'learning_rate': 0.012686696749989457, 'batch_size': 16, 'input_chunk_length': 119}. Best is trial 0 with value: 0.10316822677850723.
GPU available: False, used: False
TPU available: False, using: 0 TPU cores
HPU available: False, using: 0 HPUs
SLURM auto-requeueing enabled. Setting signal handlers.
Monitored metric train_loss did not improve in the last 144 records. Best score: 0.039. Signaling Trainer to stop.
GPU available: False, used: False
TPU available: False, using: 0 TPU cores
HPU available: False, using: 0 HPUs
SLURM auto-requeueing enabled. Setting signal handlers.
[I 2024-10-08 18:49:34,743] Trial 124 finished with value: 0.15638044476509094 and parameters: {'hidden_dim': 24, 'n_layers': 5, 'dropout': 0.09503681098005842, 'learning_rate': 0.010434212214854133, 'batch_size': 16, 'input_chunk_length': 35}. Best is trial 0 with value: 0.10316822677850723.
GPU available: False, used: False
TPU available: False, using: 0 TPU cores
HPU available: False, using: 0 HPUs
SLURM auto-requeueing enabled. Setting signal handlers.
Monitored metric train_loss did not improve in the last 145 records. Best score: 0.039. Signaling Trainer to stop.
GPU available: False, used: False
TPU available: False, using: 0 TPU cores
HPU available: False, using: 0 HPUs
SLURM auto-requeueing enabled. Setting signal handlers.
[I 2024-10-08 18:50:47,439] Trial 125 finished with value: 0.16979782283306122 and parameters: {'hidden_dim': 26, 'n_layers': 4, 'dropout': 0.2873907439807758, 'learning_rate': 0.0053004893188934605, 'batch_size': 16, 'input_chunk_length': 127}. Best is trial 0 with value: 0.10316822677850723.
GPU available: False, used: False
TPU available: False, using: 0 TPU cores
HPU available: False, using: 0 HPUs
SLURM auto-requeueing enabled. Setting signal handlers.
Monitored metric train_loss did not improve in the last 146 records. Best score: 0.039. Signaling Trainer to stop.
GPU available: False, used: False
TPU available: False, using: 0 TPU cores
HPU available: False, using: 0 HPUs
SLURM auto-requeueing enabled. Setting signal handlers.
[I 2024-10-08 18:51:45,534] Trial 126 finished with value: 0.18374203145503998 and parameters: {'hidden_dim': 28, 'n_layers': 5, 'dropout': 0.25486760125232844, 'learning_rate': 0.00377553167123293, 'batch_size': 64, 'input_chunk_length': 135}. Best is trial 0 with value: 0.10316822677850723.
GPU available: False, used: False
TPU available: False, using: 0 TPU cores
HPU available: False, using: 0 HPUs
SLURM auto-requeueing enabled. Setting signal handlers.
Monitored metric train_loss did not improve in the last 147 records. Best score: 0.039. Signaling Trainer to stop.
GPU available: False, used: False
TPU available: False, using: 0 TPU cores
HPU available: False, using: 0 HPUs
SLURM auto-requeueing enabled. Setting signal handlers.
[I 2024-10-08 18:53:02,054] Trial 127 finished with value: 0.1574873924255371 and parameters: {'hidden_dim': 22, 'n_layers': 5, 'dropout': 0.22402051611406648, 'learning_rate': 0.005842762948310527, 'batch_size': 16, 'input_chunk_length': 147}. Best is trial 0 with value: 0.10316822677850723.
GPU available: False, used: False
TPU available: False, using: 0 TPU cores
HPU available: False, using: 0 HPUs
SLURM auto-requeueing enabled. Setting signal handlers.
Monitored metric train_loss did not improve in the last 148 records. Best score: 0.039. Signaling Trainer to stop.
GPU available: False, used: False
TPU available: False, using: 0 TPU cores
HPU available: False, using: 0 HPUs
SLURM auto-requeueing enabled. Setting signal handlers.
[I 2024-10-08 18:54:19,475] Trial 128 finished with value: 0.30378904938697815 and parameters: {'hidden_dim': 25, 'n_layers': 4, 'dropout': 0.12371881030058228, 'learning_rate': 4.6560562616064056e-05, 'batch_size': 16, 'input_chunk_length': 151}. Best is trial 0 with value: 0.10316822677850723.
GPU available: False, used: False
TPU available: False, using: 0 TPU cores
HPU available: False, using: 0 HPUs
SLURM auto-requeueing enabled. Setting signal handlers.
Monitored metric train_loss did not improve in the last 149 records. Best score: 0.039. Signaling Trainer to stop.
GPU available: False, used: False
TPU available: False, using: 0 TPU cores
HPU available: False, using: 0 HPUs
SLURM auto-requeueing enabled. Setting signal handlers.
[I 2024-10-08 18:55:19,539] Trial 129 finished with value: 0.16777098178863525 and parameters: {'hidden_dim': 23, 'n_layers': 5, 'dropout': 0.0013727358858188835, 'learning_rate': 0.007478990936739169, 'batch_size': 32, 'input_chunk_length': 130}. Best is trial 0 with value: 0.10316822677850723.
GPU available: False, used: False
TPU available: False, using: 0 TPU cores
HPU available: False, using: 0 HPUs
SLURM auto-requeueing enabled. Setting signal handlers.
Monitored metric train_loss did not improve in the last 150 records. Best score: 0.039. Signaling Trainer to stop.
GPU available: False, used: False
TPU available: False, using: 0 TPU cores
HPU available: False, using: 0 HPUs
SLURM auto-requeueing enabled. Setting signal handlers.
[I 2024-10-08 18:56:43,557] Trial 130 finished with value: 0.1514233499765396 and parameters: {'hidden_dim': 52, 'n_layers': 4, 'dropout': 0.18552159309935157, 'learning_rate': 0.002557699741917078, 'batch_size': 16, 'input_chunk_length': 115}. Best is trial 0 with value: 0.10316822677850723.
GPU available: False, used: False
TPU available: False, using: 0 TPU cores
HPU available: False, using: 0 HPUs
SLURM auto-requeueing enabled. Setting signal handlers.
Monitored metric train_loss did not improve in the last 151 records. Best score: 0.039. Signaling Trainer to stop.
GPU available: False, used: False
TPU available: False, using: 0 TPU cores
HPU available: False, using: 0 HPUs
SLURM auto-requeueing enabled. Setting signal handlers.
[I 2024-10-08 18:57:56,165] Trial 131 finished with value: 0.13656926155090332 and parameters: {'hidden_dim': 26, 'n_layers': 5, 'dropout': 0.16788461372758057, 'learning_rate': 0.006774146763558164, 'batch_size': 16, 'input_chunk_length': 123}. Best is trial 0 with value: 0.10316822677850723.
GPU available: False, used: False
TPU available: False, using: 0 TPU cores
HPU available: False, using: 0 HPUs
SLURM auto-requeueing enabled. Setting signal handlers.
Monitored metric train_loss did not improve in the last 152 records. Best score: 0.039. Signaling Trainer to stop.
GPU available: False, used: False
TPU available: False, using: 0 TPU cores
HPU available: False, using: 0 HPUs
SLURM auto-requeueing enabled. Setting signal handlers.
[I 2024-10-08 18:59:01,244] Trial 132 finished with value: 0.13780276477336884 and parameters: {'hidden_dim': 24, 'n_layers': 5, 'dropout': 0.17110400068559756, 'learning_rate': 0.004674724351009253, 'batch_size': 16, 'input_chunk_length': 120}. Best is trial 0 with value: 0.10316822677850723.
GPU available: False, used: False
TPU available: False, using: 0 TPU cores
HPU available: False, using: 0 HPUs
SLURM auto-requeueing enabled. Setting signal handlers.
Monitored metric train_loss did not improve in the last 153 records. Best score: 0.039. Signaling Trainer to stop.
GPU available: False, used: False
TPU available: False, using: 0 TPU cores
HPU available: False, using: 0 HPUs
SLURM auto-requeueing enabled. Setting signal handlers.
[I 2024-10-08 19:00:22,879] Trial 133 finished with value: 0.1668361872434616 and parameters: {'hidden_dim': 50, 'n_layers': 5, 'dropout': 0.21196973015102658, 'learning_rate': 0.009715533491355155, 'batch_size': 16, 'input_chunk_length': 110}. Best is trial 0 with value: 0.10316822677850723.
GPU available: False, used: False
TPU available: False, using: 0 TPU cores
HPU available: False, using: 0 HPUs
SLURM auto-requeueing enabled. Setting signal handlers.
Monitored metric train_loss did not improve in the last 154 records. Best score: 0.039. Signaling Trainer to stop.
GPU available: False, used: False
TPU available: False, using: 0 TPU cores
HPU available: False, using: 0 HPUs
SLURM auto-requeueing enabled. Setting signal handlers.
[I 2024-10-08 19:01:35,388] Trial 134 finished with value: 0.11984314024448395 and parameters: {'hidden_dim': 26, 'n_layers': 5, 'dropout': 0.16535887451382092, 'learning_rate': 0.0061768203793996, 'batch_size': 16, 'input_chunk_length': 125}. Best is trial 0 with value: 0.10316822677850723.
GPU available: False, used: False
TPU available: False, using: 0 TPU cores
HPU available: False, using: 0 HPUs
SLURM auto-requeueing enabled. Setting signal handlers.
Monitored metric train_loss did not improve in the last 155 records. Best score: 0.039. Signaling Trainer to stop.
GPU available: False, used: False
TPU available: False, using: 0 TPU cores
HPU available: False, using: 0 HPUs
SLURM auto-requeueing enabled. Setting signal handlers.
[I 2024-10-08 19:02:47,481] Trial 135 finished with value: 0.12442497164011002 and parameters: {'hidden_dim': 26, 'n_layers': 5, 'dropout': 0.16949158731722, 'learning_rate': 0.005768648079624349, 'batch_size': 16, 'input_chunk_length': 121}. Best is trial 0 with value: 0.10316822677850723.
GPU available: False, used: False
TPU available: False, using: 0 TPU cores
HPU available: False, using: 0 HPUs
SLURM auto-requeueing enabled. Setting signal handlers.
Monitored metric train_loss did not improve in the last 156 records. Best score: 0.039. Signaling Trainer to stop.
GPU available: False, used: False
TPU available: False, using: 0 TPU cores
HPU available: False, using: 0 HPUs
SLURM auto-requeueing enabled. Setting signal handlers.
[I 2024-10-08 19:04:01,829] Trial 136 finished with value: 0.16608364880084991 and parameters: {'hidden_dim': 27, 'n_layers': 5, 'dropout': 0.15072182292390068, 'learning_rate': 0.01511058327941921, 'batch_size': 16, 'input_chunk_length': 126}. Best is trial 0 with value: 0.10316822677850723.
GPU available: False, used: False
TPU available: False, using: 0 TPU cores
HPU available: False, using: 0 HPUs
SLURM auto-requeueing enabled. Setting signal handlers.
Monitored metric train_loss did not improve in the last 157 records. Best score: 0.039. Signaling Trainer to stop.
GPU available: False, used: False
TPU available: False, using: 0 TPU cores
HPU available: False, using: 0 HPUs
SLURM auto-requeueing enabled. Setting signal handlers.
[I 2024-10-08 19:05:11,463] Trial 137 finished with value: 0.13740573823451996 and parameters: {'hidden_dim': 26, 'n_layers': 5, 'dropout': 0.18168479163544884, 'learning_rate': 0.005949751259022785, 'batch_size': 16, 'input_chunk_length': 114}. Best is trial 0 with value: 0.10316822677850723.
GPU available: False, used: False
TPU available: False, using: 0 TPU cores
HPU available: False, using: 0 HPUs
SLURM auto-requeueing enabled. Setting signal handlers.
Monitored metric train_loss did not improve in the last 158 records. Best score: 0.039. Signaling Trainer to stop.
GPU available: False, used: False
TPU available: False, using: 0 TPU cores
HPU available: False, using: 0 HPUs
SLURM auto-requeueing enabled. Setting signal handlers.
[I 2024-10-08 19:06:25,725] Trial 138 finished with value: 0.1464070826768875 and parameters: {'hidden_dim': 29, 'n_layers': 5, 'dropout': 0.1763170542197643, 'learning_rate': 0.003886832706051965, 'batch_size': 16, 'input_chunk_length': 116}. Best is trial 0 with value: 0.10316822677850723.
GPU available: False, used: False
TPU available: False, using: 0 TPU cores
HPU available: False, using: 0 HPUs
SLURM auto-requeueing enabled. Setting signal handlers.
Monitored metric train_loss did not improve in the last 159 records. Best score: 0.039. Signaling Trainer to stop.
GPU available: False, used: False
TPU available: False, using: 0 TPU cores
HPU available: False, using: 0 HPUs
SLURM auto-requeueing enabled. Setting signal handlers.
[I 2024-10-08 19:07:40,763] Trial 139 finished with value: 0.29124364256858826 and parameters: {'hidden_dim': 31, 'n_layers': 5, 'dropout': 0.16510734788931616, 'learning_rate': 0.00010526685172197343, 'batch_size': 16, 'input_chunk_length': 112}. Best is trial 0 with value: 0.10316822677850723.
GPU available: False, used: False
TPU available: False, using: 0 TPU cores
HPU available: False, using: 0 HPUs
SLURM auto-requeueing enabled. Setting signal handlers.
Monitored metric train_loss did not improve in the last 160 records. Best score: 0.039. Signaling Trainer to stop.
GPU available: False, used: False
TPU available: False, using: 0 TPU cores
HPU available: False, using: 0 HPUs
SLURM auto-requeueing enabled. Setting signal handlers.
[I 2024-10-08 19:08:52,597] Trial 140 finished with value: 0.17596735060214996 and parameters: {'hidden_dim': 26, 'n_layers': 5, 'dropout': 0.1968133439873676, 'learning_rate': 0.0028021793087041028, 'batch_size': 16, 'input_chunk_length': 123}. Best is trial 0 with value: 0.10316822677850723.
GPU available: False, used: False
TPU available: False, using: 0 TPU cores
HPU available: False, using: 0 HPUs
SLURM auto-requeueing enabled. Setting signal handlers.
Monitored metric train_loss did not improve in the last 161 records. Best score: 0.039. Signaling Trainer to stop.
GPU available: False, used: False
TPU available: False, using: 0 TPU cores
HPU available: False, using: 0 HPUs
SLURM auto-requeueing enabled. Setting signal handlers.
[I 2024-10-08 19:10:06,034] Trial 141 finished with value: 0.15894247591495514 and parameters: {'hidden_dim': 28, 'n_layers': 5, 'dropout': 0.1833657141129097, 'learning_rate': 0.006047667826263128, 'batch_size': 16, 'input_chunk_length': 121}. Best is trial 0 with value: 0.10316822677850723.
GPU available: False, used: False
TPU available: False, using: 0 TPU cores
HPU available: False, using: 0 HPUs
SLURM auto-requeueing enabled. Setting signal handlers.
Monitored metric train_loss did not improve in the last 162 records. Best score: 0.039. Signaling Trainer to stop.
GPU available: False, used: False
TPU available: False, using: 0 TPU cores
HPU available: False, using: 0 HPUs
SLURM auto-requeueing enabled. Setting signal handlers.
[I 2024-10-08 19:11:18,434] Trial 142 finished with value: 0.1567562073469162 and parameters: {'hidden_dim': 25, 'n_layers': 5, 'dropout': 0.13534309386995458, 'learning_rate': 0.008033997512302318, 'batch_size': 16, 'input_chunk_length': 129}. Best is trial 0 with value: 0.10316822677850723.
GPU available: False, used: False
TPU available: False, using: 0 TPU cores
HPU available: False, using: 0 HPUs
SLURM auto-requeueing enabled. Setting signal handlers.
Monitored metric train_loss did not improve in the last 163 records. Best score: 0.039. Signaling Trainer to stop.
GPU available: False, used: False
TPU available: False, using: 0 TPU cores
HPU available: False, using: 0 HPUs
SLURM auto-requeueing enabled. Setting signal handlers.
[I 2024-10-08 19:12:27,291] Trial 143 finished with value: 0.15933243930339813 and parameters: {'hidden_dim': 27, 'n_layers': 5, 'dropout': 0.14593764544332488, 'learning_rate': 0.01125315712686804, 'batch_size': 16, 'input_chunk_length': 107}. Best is trial 0 with value: 0.10316822677850723.
GPU available: False, used: False
TPU available: False, using: 0 TPU cores
HPU available: False, using: 0 HPUs
SLURM auto-requeueing enabled. Setting signal handlers.
Monitored metric train_loss did not improve in the last 164 records. Best score: 0.039. Signaling Trainer to stop.
GPU available: False, used: False
TPU available: False, using: 0 TPU cores
HPU available: False, using: 0 HPUs
SLURM auto-requeueing enabled. Setting signal handlers.
