[I 2024-11-04 14:21:10,281] Trial 395 finished with value: 0.3252990245819092 and parameters: {'hidden_dim': 497, 'n_layers': 3, 'dropout': 0.12430793502095185, 'input_chunk_length': 142, 'learning_rate': 0.0002261627973922451, 'batch_size': 32}. Best is trial 1 with value: 0.1384694129228592.
GPU available: True (cuda), used: True
TPU available: False, using: 0 TPU cores
HPU available: False, using: 0 HPUs
LOCAL_RANK: 0 - CUDA_VISIBLE_DEVICES: [0,1,2,3]
SLURM auto-requeueing enabled. Setting signal handlers.
Monitored metric train_loss did not improve in the last 454 records. Best score: 0.073. Signaling Trainer to stop.
GPU available: True (cuda), used: True
TPU available: False, using: 0 TPU cores
HPU available: False, using: 0 HPUs
LOCAL_RANK: 0 - CUDA_VISIBLE_DEVICES: [0,1,2,3]
SLURM auto-requeueing enabled. Setting signal handlers.
[I 2024-11-04 14:21:36,251] Trial 396 finished with value: 0.3427433669567108 and parameters: {'hidden_dim': 487, 'n_layers': 3, 'dropout': 0.15177631526542518, 'input_chunk_length': 138, 'learning_rate': 0.0002785707514631515, 'batch_size': 32}. Best is trial 1 with value: 0.1384694129228592.
GPU available: True (cuda), used: True
TPU available: False, using: 0 TPU cores
HPU available: False, using: 0 HPUs
LOCAL_RANK: 0 - CUDA_VISIBLE_DEVICES: [0,1,2,3]
SLURM auto-requeueing enabled. Setting signal handlers.
Monitored metric train_loss did not improve in the last 455 records. Best score: 0.073. Signaling Trainer to stop.
GPU available: True (cuda), used: True
TPU available: False, using: 0 TPU cores
HPU available: False, using: 0 HPUs
LOCAL_RANK: 0 - CUDA_VISIBLE_DEVICES: [0,1,2,3]
SLURM auto-requeueing enabled. Setting signal handlers.
[I 2024-11-04 14:22:04,839] Trial 397 finished with value: 0.41237780451774597 and parameters: {'hidden_dim': 474, 'n_layers': 6, 'dropout': 0.13748083293993435, 'input_chunk_length': 114, 'learning_rate': 0.00035867793270427255, 'batch_size': 32}. Best is trial 1 with value: 0.1384694129228592.
GPU available: True (cuda), used: True
TPU available: False, using: 0 TPU cores
HPU available: False, using: 0 HPUs
LOCAL_RANK: 0 - CUDA_VISIBLE_DEVICES: [0,1,2,3]
SLURM auto-requeueing enabled. Setting signal handlers.
Monitored metric train_loss did not improve in the last 456 records. Best score: 0.073. Signaling Trainer to stop.
GPU available: True (cuda), used: True
TPU available: False, using: 0 TPU cores
HPU available: False, using: 0 HPUs
LOCAL_RANK: 0 - CUDA_VISIBLE_DEVICES: [0,1,2,3]
SLURM auto-requeueing enabled. Setting signal handlers.
[I 2024-11-04 14:22:22,000] Trial 398 finished with value: 0.34755727648735046 and parameters: {'hidden_dim': 119, 'n_layers': 3, 'dropout': 0.15463576266679446, 'input_chunk_length': 147, 'learning_rate': 0.00019927752701343052, 'batch_size': 32}. Best is trial 1 with value: 0.1384694129228592.
GPU available: True (cuda), used: True
TPU available: False, using: 0 TPU cores
HPU available: False, using: 0 HPUs
LOCAL_RANK: 0 - CUDA_VISIBLE_DEVICES: [0,1,2,3]
SLURM auto-requeueing enabled. Setting signal handlers.
Monitored metric train_loss did not improve in the last 457 records. Best score: 0.073. Signaling Trainer to stop.
GPU available: True (cuda), used: True
TPU available: False, using: 0 TPU cores
HPU available: False, using: 0 HPUs
LOCAL_RANK: 0 - CUDA_VISIBLE_DEVICES: [0,1,2,3]
SLURM auto-requeueing enabled. Setting signal handlers.
[I 2024-11-04 14:22:46,511] Trial 399 finished with value: 0.3563440144062042 and parameters: {'hidden_dim': 503, 'n_layers': 3, 'dropout': 0.14169112270689024, 'input_chunk_length': 122, 'learning_rate': 0.0003066666964331483, 'batch_size': 32}. Best is trial 1 with value: 0.1384694129228592.
GPU available: True (cuda), used: True
TPU available: False, using: 0 TPU cores
HPU available: False, using: 0 HPUs
LOCAL_RANK: 0 - CUDA_VISIBLE_DEVICES: [0,1,2,3]
SLURM auto-requeueing enabled. Setting signal handlers.
Monitored metric train_loss did not improve in the last 458 records. Best score: 0.073. Signaling Trainer to stop.
GPU available: True (cuda), used: True
TPU available: False, using: 0 TPU cores
HPU available: False, using: 0 HPUs
LOCAL_RANK: 0 - CUDA_VISIBLE_DEVICES: [0,1,2,3]
SLURM auto-requeueing enabled. Setting signal handlers.
[I 2024-11-04 14:23:12,753] Trial 400 finished with value: 0.34455910325050354 and parameters: {'hidden_dim': 494, 'n_layers': 3, 'dropout': 0.13345654971584212, 'input_chunk_length': 143, 'learning_rate': 0.00025289406161060457, 'batch_size': 32}. Best is trial 1 with value: 0.1384694129228592.
GPU available: True (cuda), used: True
TPU available: False, using: 0 TPU cores
HPU available: False, using: 0 HPUs
LOCAL_RANK: 0 - CUDA_VISIBLE_DEVICES: [0,1,2,3]
SLURM auto-requeueing enabled. Setting signal handlers.
Monitored metric train_loss did not improve in the last 459 records. Best score: 0.073. Signaling Trainer to stop.
GPU available: True (cuda), used: True
TPU available: False, using: 0 TPU cores
HPU available: False, using: 0 HPUs
LOCAL_RANK: 0 - CUDA_VISIBLE_DEVICES: [0,1,2,3]
SLURM auto-requeueing enabled. Setting signal handlers.
[I 2024-11-04 14:23:43,901] Trial 401 finished with value: 0.25698620080947876 and parameters: {'hidden_dim': 457, 'n_layers': 5, 'dropout': 0.08862464546278721, 'input_chunk_length': 140, 'learning_rate': 0.00041853503926089634, 'batch_size': 32}. Best is trial 1 with value: 0.1384694129228592.
GPU available: True (cuda), used: True
TPU available: False, using: 0 TPU cores
HPU available: False, using: 0 HPUs
LOCAL_RANK: 0 - CUDA_VISIBLE_DEVICES: [0,1,2,3]
SLURM auto-requeueing enabled. Setting signal handlers.
Monitored metric train_loss did not improve in the last 460 records. Best score: 0.073. Signaling Trainer to stop.
GPU available: True (cuda), used: True
TPU available: False, using: 0 TPU cores
HPU available: False, using: 0 HPUs
LOCAL_RANK: 0 - CUDA_VISIBLE_DEVICES: [0,1,2,3]
SLURM auto-requeueing enabled. Setting signal handlers.
[I 2024-11-04 14:24:13,980] Trial 402 finished with value: 0.3629762828350067 and parameters: {'hidden_dim': 456, 'n_layers': 5, 'dropout': 0.2960948739797302, 'input_chunk_length': 136, 'learning_rate': 0.0005768475554267579, 'batch_size': 32}. Best is trial 1 with value: 0.1384694129228592.
GPU available: True (cuda), used: True
TPU available: False, using: 0 TPU cores
HPU available: False, using: 0 HPUs
LOCAL_RANK: 0 - CUDA_VISIBLE_DEVICES: [0,1,2,3]
SLURM auto-requeueing enabled. Setting signal handlers.
Monitored metric train_loss did not improve in the last 461 records. Best score: 0.073. Signaling Trainer to stop.
GPU available: True (cuda), used: True
TPU available: False, using: 0 TPU cores
HPU available: False, using: 0 HPUs
LOCAL_RANK: 0 - CUDA_VISIBLE_DEVICES: [0,1,2,3]
SLURM auto-requeueing enabled. Setting signal handlers.
[I 2024-11-04 14:24:41,190] Trial 403 finished with value: 0.40974366664886475 and parameters: {'hidden_dim': 447, 'n_layers': 5, 'dropout': 0.08369615425343005, 'input_chunk_length': 120, 'learning_rate': 0.00043356475291162535, 'batch_size': 32}. Best is trial 1 with value: 0.1384694129228592.
GPU available: True (cuda), used: True
TPU available: False, using: 0 TPU cores
HPU available: False, using: 0 HPUs
LOCAL_RANK: 0 - CUDA_VISIBLE_DEVICES: [0,1,2,3]
SLURM auto-requeueing enabled. Setting signal handlers.
Monitored metric train_loss did not improve in the last 462 records. Best score: 0.073. Signaling Trainer to stop.
GPU available: True (cuda), used: True
TPU available: False, using: 0 TPU cores
HPU available: False, using: 0 HPUs
LOCAL_RANK: 0 - CUDA_VISIBLE_DEVICES: [0,1,2,3]
SLURM auto-requeueing enabled. Setting signal handlers.
[I 2024-11-04 14:25:12,220] Trial 404 finished with value: 0.49441075325012207 and parameters: {'hidden_dim': 462, 'n_layers': 5, 'dropout': 0.09113573015543289, 'input_chunk_length': 139, 'learning_rate': 0.0005084212893889549, 'batch_size': 32}. Best is trial 1 with value: 0.1384694129228592.
GPU available: True (cuda), used: True
TPU available: False, using: 0 TPU cores
HPU available: False, using: 0 HPUs
LOCAL_RANK: 0 - CUDA_VISIBLE_DEVICES: [0,1,2,3]
SLURM auto-requeueing enabled. Setting signal handlers.
Monitored metric train_loss did not improve in the last 463 records. Best score: 0.073. Signaling Trainer to stop.
GPU available: True (cuda), used: True
TPU available: False, using: 0 TPU cores
HPU available: False, using: 0 HPUs
LOCAL_RANK: 0 - CUDA_VISIBLE_DEVICES: [0,1,2,3]
SLURM auto-requeueing enabled. Setting signal handlers.
[I 2024-11-04 14:25:38,649] Trial 405 finished with value: 0.35957178473472595 and parameters: {'hidden_dim': 441, 'n_layers': 5, 'dropout': 0.105670398480372, 'input_chunk_length': 117, 'learning_rate': 0.0004606272307958014, 'batch_size': 32}. Best is trial 1 with value: 0.1384694129228592.
GPU available: True (cuda), used: True
TPU available: False, using: 0 TPU cores
HPU available: False, using: 0 HPUs
LOCAL_RANK: 0 - CUDA_VISIBLE_DEVICES: [0,1,2,3]
SLURM auto-requeueing enabled. Setting signal handlers.
Monitored metric train_loss did not improve in the last 464 records. Best score: 0.073. Signaling Trainer to stop.
GPU available: True (cuda), used: True
TPU available: False, using: 0 TPU cores
HPU available: False, using: 0 HPUs
LOCAL_RANK: 0 - CUDA_VISIBLE_DEVICES: [0,1,2,3]
SLURM auto-requeueing enabled. Setting signal handlers.
[I 2024-11-04 14:26:08,661] Trial 406 finished with value: 0.3625018894672394 and parameters: {'hidden_dim': 456, 'n_layers': 5, 'dropout': 0.07648618396719263, 'input_chunk_length': 141, 'learning_rate': 0.0003902224357871858, 'batch_size': 64}. Best is trial 1 with value: 0.1384694129228592.
GPU available: True (cuda), used: True
TPU available: False, using: 0 TPU cores
HPU available: False, using: 0 HPUs
LOCAL_RANK: 0 - CUDA_VISIBLE_DEVICES: [0,1,2,3]
SLURM auto-requeueing enabled. Setting signal handlers.
Monitored metric train_loss did not improve in the last 465 records. Best score: 0.073. Signaling Trainer to stop.
GPU available: True (cuda), used: True
TPU available: False, using: 0 TPU cores
HPU available: False, using: 0 HPUs
LOCAL_RANK: 0 - CUDA_VISIBLE_DEVICES: [0,1,2,3]
SLURM auto-requeueing enabled. Setting signal handlers.
[I 2024-11-04 14:26:27,119] Trial 407 finished with value: 0.30456483364105225 and parameters: {'hidden_dim': 133, 'n_layers': 5, 'dropout': 0.09530425715237417, 'input_chunk_length': 84, 'learning_rate': 0.000420060124433562, 'batch_size': 32}. Best is trial 1 with value: 0.1384694129228592.
GPU available: True (cuda), used: True
TPU available: False, using: 0 TPU cores
HPU available: False, using: 0 HPUs
LOCAL_RANK: 0 - CUDA_VISIBLE_DEVICES: [0,1,2,3]
SLURM auto-requeueing enabled. Setting signal handlers.
Monitored metric train_loss did not improve in the last 466 records. Best score: 0.073. Signaling Trainer to stop.
GPU available: True (cuda), used: True
TPU available: False, using: 0 TPU cores
HPU available: False, using: 0 HPUs
LOCAL_RANK: 0 - CUDA_VISIBLE_DEVICES: [0,1,2,3]
SLURM auto-requeueing enabled. Setting signal handlers.
[I 2024-11-04 14:26:43,340] Trial 408 finished with value: 0.3192635178565979 and parameters: {'hidden_dim': 108, 'n_layers': 5, 'dropout': 0.11285449720902188, 'input_chunk_length': 87, 'learning_rate': 0.00041773231436736984, 'batch_size': 32}. Best is trial 1 with value: 0.1384694129228592.
GPU available: True (cuda), used: True
TPU available: False, using: 0 TPU cores
HPU available: False, using: 0 HPUs
LOCAL_RANK: 0 - CUDA_VISIBLE_DEVICES: [0,1,2,3]
SLURM auto-requeueing enabled. Setting signal handlers.
Monitored metric train_loss did not improve in the last 467 records. Best score: 0.073. Signaling Trainer to stop.
GPU available: True (cuda), used: True
TPU available: False, using: 0 TPU cores
HPU available: False, using: 0 HPUs
LOCAL_RANK: 0 - CUDA_VISIBLE_DEVICES: [0,1,2,3]
SLURM auto-requeueing enabled. Setting signal handlers.
[I 2024-11-04 14:27:02,653] Trial 409 finished with value: 0.3374764621257782 and parameters: {'hidden_dim': 151, 'n_layers': 5, 'dropout': 0.08563621857993182, 'input_chunk_length': 92, 'learning_rate': 0.0004993771761952798, 'batch_size': 32}. Best is trial 1 with value: 0.1384694129228592.
GPU available: True (cuda), used: True
TPU available: False, using: 0 TPU cores
HPU available: False, using: 0 HPUs
LOCAL_RANK: 0 - CUDA_VISIBLE_DEVICES: [0,1,2,3]
SLURM auto-requeueing enabled. Setting signal handlers.
Monitored metric train_loss did not improve in the last 468 records. Best score: 0.073. Signaling Trainer to stop.
GPU available: True (cuda), used: True
TPU available: False, using: 0 TPU cores
HPU available: False, using: 0 HPUs
LOCAL_RANK: 0 - CUDA_VISIBLE_DEVICES: [0,1,2,3]
SLURM auto-requeueing enabled. Setting signal handlers.
[I 2024-11-04 14:27:27,223] Trial 410 finished with value: 0.5020186305046082 and parameters: {'hidden_dim': 501, 'n_layers': 5, 'dropout': 0.06652367693956573, 'input_chunk_length': 84, 'learning_rate': 0.0006200652436510825, 'batch_size': 32}. Best is trial 1 with value: 0.1384694129228592.
GPU available: True (cuda), used: True
TPU available: False, using: 0 TPU cores
HPU available: False, using: 0 HPUs
LOCAL_RANK: 0 - CUDA_VISIBLE_DEVICES: [0,1,2,3]
SLURM auto-requeueing enabled. Setting signal handlers.
Monitored metric train_loss did not improve in the last 469 records. Best score: 0.073. Signaling Trainer to stop.
GPU available: True (cuda), used: True
TPU available: False, using: 0 TPU cores
HPU available: False, using: 0 HPUs
LOCAL_RANK: 0 - CUDA_VISIBLE_DEVICES: [0,1,2,3]
SLURM auto-requeueing enabled. Setting signal handlers.
[I 2024-11-04 14:27:47,248] Trial 411 finished with value: 0.33115071058273315 and parameters: {'hidden_dim': 134, 'n_layers': 5, 'dropout': 0.10221007248987084, 'input_chunk_length': 112, 'learning_rate': 0.00042238478510885644, 'batch_size': 32}. Best is trial 1 with value: 0.1384694129228592.
GPU available: True (cuda), used: True
TPU available: False, using: 0 TPU cores
HPU available: False, using: 0 HPUs
LOCAL_RANK: 0 - CUDA_VISIBLE_DEVICES: [0,1,2,3]
SLURM auto-requeueing enabled. Setting signal handlers.
Monitored metric train_loss did not improve in the last 470 records. Best score: 0.073. Signaling Trainer to stop.
GPU available: True (cuda), used: True
TPU available: False, using: 0 TPU cores
HPU available: False, using: 0 HPUs
LOCAL_RANK: 0 - CUDA_VISIBLE_DEVICES: [0,1,2,3]
SLURM auto-requeueing enabled. Setting signal handlers.
[I 2024-11-04 14:28:06,725] Trial 412 finished with value: 0.3813928961753845 and parameters: {'hidden_dim': 431, 'n_layers': 5, 'dropout': 0.09354454058544774, 'input_chunk_length': 49, 'learning_rate': 0.0007977223834851316, 'batch_size': 32}. Best is trial 1 with value: 0.1384694129228592.
GPU available: True (cuda), used: True
TPU available: False, using: 0 TPU cores
HPU available: False, using: 0 HPUs
LOCAL_RANK: 0 - CUDA_VISIBLE_DEVICES: [0,1,2,3]
SLURM auto-requeueing enabled. Setting signal handlers.
Monitored metric train_loss did not improve in the last 471 records. Best score: 0.073. Signaling Trainer to stop.
GPU available: True (cuda), used: True
TPU available: False, using: 0 TPU cores
HPU available: False, using: 0 HPUs
LOCAL_RANK: 0 - CUDA_VISIBLE_DEVICES: [0,1,2,3]
SLURM auto-requeueing enabled. Setting signal handlers.
[I 2024-11-04 14:28:28,160] Trial 413 finished with value: 0.2894129455089569 and parameters: {'hidden_dim': 162, 'n_layers': 5, 'dropout': 0.07576315836600662, 'input_chunk_length': 110, 'learning_rate': 0.0003941954780327012, 'batch_size': 32}. Best is trial 1 with value: 0.1384694129228592.
GPU available: True (cuda), used: True
TPU available: False, using: 0 TPU cores
HPU available: False, using: 0 HPUs
LOCAL_RANK: 0 - CUDA_VISIBLE_DEVICES: [0,1,2,3]
SLURM auto-requeueing enabled. Setting signal handlers.
Monitored metric train_loss did not improve in the last 472 records. Best score: 0.073. Signaling Trainer to stop.
GPU available: True (cuda), used: True
TPU available: False, using: 0 TPU cores
HPU available: False, using: 0 HPUs
LOCAL_RANK: 0 - CUDA_VISIBLE_DEVICES: [0,1,2,3]
SLURM auto-requeueing enabled. Setting signal handlers.
[I 2024-11-04 14:28:49,462] Trial 414 finished with value: 0.36515355110168457 and parameters: {'hidden_dim': 164, 'n_layers': 5, 'dropout': 0.08189531668900543, 'input_chunk_length': 111, 'learning_rate': 0.0004161769454250699, 'batch_size': 32}. Best is trial 1 with value: 0.1384694129228592.
GPU available: True (cuda), used: True
TPU available: False, using: 0 TPU cores
HPU available: False, using: 0 HPUs
LOCAL_RANK: 0 - CUDA_VISIBLE_DEVICES: [0,1,2,3]
SLURM auto-requeueing enabled. Setting signal handlers.
Monitored metric train_loss did not improve in the last 473 records. Best score: 0.073. Signaling Trainer to stop.
GPU available: True (cuda), used: True
TPU available: False, using: 0 TPU cores
HPU available: False, using: 0 HPUs
LOCAL_RANK: 0 - CUDA_VISIBLE_DEVICES: [0,1,2,3]
SLURM auto-requeueing enabled. Setting signal handlers.
[I 2024-11-04 14:29:10,656] Trial 415 finished with value: 0.34088489413261414 and parameters: {'hidden_dim': 156, 'n_layers': 5, 'dropout': 0.23011603543218764, 'input_chunk_length': 97, 'learning_rate': 0.0015649548519575077, 'batch_size': 32}. Best is trial 1 with value: 0.1384694129228592.
GPU available: True (cuda), used: True
TPU available: False, using: 0 TPU cores
HPU available: False, using: 0 HPUs
LOCAL_RANK: 0 - CUDA_VISIBLE_DEVICES: [0,1,2,3]
SLURM auto-requeueing enabled. Setting signal handlers.
Monitored metric train_loss did not improve in the last 474 records. Best score: 0.073. Signaling Trainer to stop.
GPU available: True (cuda), used: True
TPU available: False, using: 0 TPU cores
HPU available: False, using: 0 HPUs
LOCAL_RANK: 0 - CUDA_VISIBLE_DEVICES: [0,1,2,3]
SLURM auto-requeueing enabled. Setting signal handlers.
[I 2024-11-04 14:29:30,505] Trial 416 finished with value: 0.3491135537624359 and parameters: {'hidden_dim': 151, 'n_layers': 5, 'dropout': 0.1971625881441521, 'input_chunk_length': 107, 'learning_rate': 0.0005465019110320375, 'batch_size': 32}. Best is trial 1 with value: 0.1384694129228592.
GPU available: True (cuda), used: True
TPU available: False, using: 0 TPU cores
HPU available: False, using: 0 HPUs
LOCAL_RANK: 0 - CUDA_VISIBLE_DEVICES: [0,1,2,3]
SLURM auto-requeueing enabled. Setting signal handlers.
Monitored metric train_loss did not improve in the last 475 records. Best score: 0.073. Signaling Trainer to stop.
GPU available: True (cuda), used: True
TPU available: False, using: 0 TPU cores
HPU available: False, using: 0 HPUs
LOCAL_RANK: 0 - CUDA_VISIBLE_DEVICES: [0,1,2,3]
SLURM auto-requeueing enabled. Setting signal handlers.
[I 2024-11-04 14:29:51,877] Trial 417 finished with value: 0.3397878408432007 and parameters: {'hidden_dim': 168, 'n_layers': 5, 'dropout': 0.24941479179734177, 'input_chunk_length': 109, 'learning_rate': 0.00035652856426305756, 'batch_size': 32}. Best is trial 1 with value: 0.1384694129228592.
GPU available: True (cuda), used: True
TPU available: False, using: 0 TPU cores
HPU available: False, using: 0 HPUs
LOCAL_RANK: 0 - CUDA_VISIBLE_DEVICES: [0,1,2,3]
SLURM auto-requeueing enabled. Setting signal handlers.
Monitored metric train_loss did not improve in the last 476 records. Best score: 0.073. Signaling Trainer to stop.
GPU available: True (cuda), used: True
TPU available: False, using: 0 TPU cores
HPU available: False, using: 0 HPUs
LOCAL_RANK: 0 - CUDA_VISIBLE_DEVICES: [0,1,2,3]
SLURM auto-requeueing enabled. Setting signal handlers.
[I 2024-11-04 14:30:10,580] Trial 418 finished with value: 0.38259196281433105 and parameters: {'hidden_dim': 134, 'n_layers': 5, 'dropout': 0.1009004327076605, 'input_chunk_length': 106, 'learning_rate': 0.00045593633388095093, 'batch_size': 64}. Best is trial 1 with value: 0.1384694129228592.
GPU available: True (cuda), used: True
TPU available: False, using: 0 TPU cores
HPU available: False, using: 0 HPUs
LOCAL_RANK: 0 - CUDA_VISIBLE_DEVICES: [0,1,2,3]
SLURM auto-requeueing enabled. Setting signal handlers.
Monitored metric train_loss did not improve in the last 477 records. Best score: 0.073. Signaling Trainer to stop.
GPU available: True (cuda), used: True
TPU available: False, using: 0 TPU cores
HPU available: False, using: 0 HPUs
LOCAL_RANK: 0 - CUDA_VISIBLE_DEVICES: [0,1,2,3]
SLURM auto-requeueing enabled. Setting signal handlers.
[I 2024-11-04 14:30:29,913] Trial 419 finished with value: 0.35734203457832336 and parameters: {'hidden_dim': 190, 'n_layers': 5, 'dropout': 0.0856842383299273, 'input_chunk_length': 63, 'learning_rate': 0.0004995683933046946, 'batch_size': 32}. Best is trial 1 with value: 0.1384694129228592.
GPU available: True (cuda), used: True
TPU available: False, using: 0 TPU cores
HPU available: False, using: 0 HPUs
LOCAL_RANK: 0 - CUDA_VISIBLE_DEVICES: [0,1,2,3]
SLURM auto-requeueing enabled. Setting signal handlers.
Monitored metric train_loss did not improve in the last 478 records. Best score: 0.073. Signaling Trainer to stop.
GPU available: True (cuda), used: True
TPU available: False, using: 0 TPU cores
HPU available: False, using: 0 HPUs
LOCAL_RANK: 0 - CUDA_VISIBLE_DEVICES: [0,1,2,3]
SLURM auto-requeueing enabled. Setting signal handlers.
