[I 2024-11-01 16:41:50,319] Trial 28 finished with value: 0.2897348403930664 and parameters: {'hidden_dim': 180, 'n_layers': 3, 'dropout': 0.48738342032342546, 'input_chunk_length': 18, 'learning_rate': 0.0014533288110925224, 'batch_size': 64}. Best is trial 0 with value: 0.07914793491363525.
GPU available: False, used: False
TPU available: False, using: 0 TPU cores
HPU available: False, using: 0 HPUs
SLURM auto-requeueing enabled. Setting signal handlers.
Monitored metric train_loss did not improve in the last 58 records. Best score: 0.031. Signaling Trainer to stop.
GPU available: False, used: False
TPU available: False, using: 0 TPU cores
HPU available: False, using: 0 HPUs
SLURM auto-requeueing enabled. Setting signal handlers.
[I 2024-11-01 16:42:30,162] Trial 29 finished with value: 0.2565065622329712 and parameters: {'hidden_dim': 160, 'n_layers': 1, 'dropout': 0.41508219132945184, 'input_chunk_length': 31, 'learning_rate': 0.0020949259665053034, 'batch_size': 64}. Best is trial 0 with value: 0.07914793491363525.
GPU available: False, used: False
TPU available: False, using: 0 TPU cores
HPU available: False, using: 0 HPUs
SLURM auto-requeueing enabled. Setting signal handlers.
Monitored metric train_loss did not improve in the last 59 records. Best score: 0.031. Signaling Trainer to stop.
GPU available: False, used: False
TPU available: False, using: 0 TPU cores
HPU available: False, using: 0 HPUs
SLURM auto-requeueing enabled. Setting signal handlers.
[I 2024-11-01 16:44:10,217] Trial 30 finished with value: 0.3138298988342285 and parameters: {'hidden_dim': 122, 'n_layers': 2, 'dropout': 0.49974247585417375, 'input_chunk_length': 113, 'learning_rate': 0.0006397959313556967, 'batch_size': 32}. Best is trial 0 with value: 0.07914793491363525.
GPU available: False, used: False
TPU available: False, using: 0 TPU cores
HPU available: False, using: 0 HPUs
SLURM auto-requeueing enabled. Setting signal handlers.
Monitored metric train_loss did not improve in the last 60 records. Best score: 0.031. Signaling Trainer to stop.
GPU available: False, used: False
TPU available: False, using: 0 TPU cores
HPU available: False, using: 0 HPUs
SLURM auto-requeueing enabled. Setting signal handlers.
[I 2024-11-01 16:45:02,496] Trial 31 finished with value: 0.18058857321739197 and parameters: {'hidden_dim': 145, 'n_layers': 4, 'dropout': 0.3557035505310471, 'input_chunk_length': 32, 'learning_rate': 0.005933954014401191, 'batch_size': 32}. Best is trial 0 with value: 0.07914793491363525.
GPU available: False, used: False
TPU available: False, using: 0 TPU cores
HPU available: False, using: 0 HPUs
SLURM auto-requeueing enabled. Setting signal handlers.
Monitored metric train_loss did not improve in the last 61 records. Best score: 0.031. Signaling Trainer to stop.
GPU available: False, used: False
TPU available: False, using: 0 TPU cores
HPU available: False, using: 0 HPUs
SLURM auto-requeueing enabled. Setting signal handlers.
[I 2024-11-01 16:45:42,402] Trial 32 finished with value: 0.34889665246009827 and parameters: {'hidden_dim': 148, 'n_layers': 3, 'dropout': 0.35812505732419775, 'input_chunk_length': 20, 'learning_rate': 0.006779403581643013, 'batch_size': 32}. Best is trial 0 with value: 0.07914793491363525.
GPU available: False, used: False
TPU available: False, using: 0 TPU cores
HPU available: False, using: 0 HPUs
SLURM auto-requeueing enabled. Setting signal handlers.
Monitored metric train_loss did not improve in the last 62 records. Best score: 0.031. Signaling Trainer to stop.
GPU available: False, used: False
TPU available: False, using: 0 TPU cores
HPU available: False, using: 0 HPUs
SLURM auto-requeueing enabled. Setting signal handlers.
[I 2024-11-01 16:46:47,888] Trial 33 finished with value: 0.30090099573135376 and parameters: {'hidden_dim': 202, 'n_layers': 4, 'dropout': 0.43994827790472835, 'input_chunk_length': 30, 'learning_rate': 0.0025844667596128783, 'batch_size': 32}. Best is trial 0 with value: 0.07914793491363525.
GPU available: False, used: False
TPU available: False, using: 0 TPU cores
HPU available: False, using: 0 HPUs
SLURM auto-requeueing enabled. Setting signal handlers.
Monitored metric train_loss did not improve in the last 63 records. Best score: 0.031. Signaling Trainer to stop.
GPU available: False, used: False
TPU available: False, using: 0 TPU cores
HPU available: False, using: 0 HPUs
SLURM auto-requeueing enabled. Setting signal handlers.
[I 2024-11-01 16:48:02,792] Trial 34 finished with value: 0.3311483860015869 and parameters: {'hidden_dim': 175, 'n_layers': 3, 'dropout': 0.3479420394373973, 'input_chunk_length': 48, 'learning_rate': 0.003686859842079561, 'batch_size': 32}. Best is trial 0 with value: 0.07914793491363525.
GPU available: False, used: False
TPU available: False, using: 0 TPU cores
HPU available: False, using: 0 HPUs
SLURM auto-requeueing enabled. Setting signal handlers.
Monitored metric train_loss did not improve in the last 64 records. Best score: 0.031. Signaling Trainer to stop.
GPU available: False, used: False
TPU available: False, using: 0 TPU cores
HPU available: False, using: 0 HPUs
SLURM auto-requeueing enabled. Setting signal handlers.
[I 2024-11-01 16:48:50,339] Trial 35 finished with value: 0.30298706889152527 and parameters: {'hidden_dim': 134, 'n_layers': 1, 'dropout': 0.2856965988619074, 'input_chunk_length': 36, 'learning_rate': 0.007460988828196597, 'batch_size': 32}. Best is trial 0 with value: 0.07914793491363525.
GPU available: False, used: False
TPU available: False, using: 0 TPU cores
HPU available: False, using: 0 HPUs
SLURM auto-requeueing enabled. Setting signal handlers.
Monitored metric train_loss did not improve in the last 65 records. Best score: 0.031. Signaling Trainer to stop.
GPU available: False, used: False
TPU available: False, using: 0 TPU cores
HPU available: False, using: 0 HPUs
SLURM auto-requeueing enabled. Setting signal handlers.
[I 2024-11-01 16:49:27,699] Trial 36 finished with value: 0.300809770822525 and parameters: {'hidden_dim': 222, 'n_layers': 4, 'dropout': 0.36358668855327186, 'input_chunk_length': 11, 'learning_rate': 0.0009882082641565657, 'batch_size': 64}. Best is trial 0 with value: 0.07914793491363525.
GPU available: False, used: False
TPU available: False, using: 0 TPU cores
HPU available: False, using: 0 HPUs
SLURM auto-requeueing enabled. Setting signal handlers.
Monitored metric train_loss did not improve in the last 66 records. Best score: 0.031. Signaling Trainer to stop.
GPU available: False, used: False
TPU available: False, using: 0 TPU cores
HPU available: False, using: 0 HPUs
SLURM auto-requeueing enabled. Setting signal handlers.
[I 2024-11-01 16:52:22,012] Trial 37 finished with value: 0.2955017685890198 and parameters: {'hidden_dim': 253, 'n_layers': 2, 'dropout': 0.4140332893877474, 'input_chunk_length': 99, 'learning_rate': 0.001674853571210741, 'batch_size': 32}. Best is trial 0 with value: 0.07914793491363525.
GPU available: False, used: False
TPU available: False, using: 0 TPU cores
HPU available: False, using: 0 HPUs
SLURM auto-requeueing enabled. Setting signal handlers.
Monitored metric train_loss did not improve in the last 67 records. Best score: 0.031. Signaling Trainer to stop.
GPU available: False, used: False
TPU available: False, using: 0 TPU cores
HPU available: False, using: 0 HPUs
SLURM auto-requeueing enabled. Setting signal handlers.
[I 2024-11-01 16:53:52,014] Trial 38 finished with value: 0.2578900456428528 and parameters: {'hidden_dim': 193, 'n_layers': 4, 'dropout': 0.4665731105228173, 'input_chunk_length': 59, 'learning_rate': 0.003278649241187458, 'batch_size': 64}. Best is trial 0 with value: 0.07914793491363525.
GPU available: False, used: False
TPU available: False, using: 0 TPU cores
HPU available: False, using: 0 HPUs
SLURM auto-requeueing enabled. Setting signal handlers.
Monitored metric train_loss did not improve in the last 68 records. Best score: 0.031. Signaling Trainer to stop.
GPU available: False, used: False
TPU available: False, using: 0 TPU cores
HPU available: False, using: 0 HPUs
SLURM auto-requeueing enabled. Setting signal handlers.
[I 2024-11-01 16:54:30,020] Trial 39 finished with value: 0.3056451976299286 and parameters: {'hidden_dim': 109, 'n_layers': 3, 'dropout': 0.32531082513231147, 'input_chunk_length': 27, 'learning_rate': 8.815048249822895e-05, 'batch_size': 32}. Best is trial 0 with value: 0.07914793491363525.
GPU available: False, used: False
TPU available: False, using: 0 TPU cores
HPU available: False, using: 0 HPUs
SLURM auto-requeueing enabled. Setting signal handlers.
Monitored metric train_loss did not improve in the last 69 records. Best score: 0.031. Signaling Trainer to stop.
GPU available: False, used: False
TPU available: False, using: 0 TPU cores
HPU available: False, using: 0 HPUs
SLURM auto-requeueing enabled. Setting signal handlers.
[I 2024-11-01 16:57:18,442] Trial 40 finished with value: 0.37782666087150574 and parameters: {'hidden_dim': 233, 'n_layers': 5, 'dropout': 0.048672421428305794, 'input_chunk_length': 87, 'learning_rate': 0.006001803993115343, 'batch_size': 64}. Best is trial 0 with value: 0.07914793491363525.
GPU available: False, used: False
TPU available: False, using: 0 TPU cores
HPU available: False, using: 0 HPUs
SLURM auto-requeueing enabled. Setting signal handlers.
Monitored metric train_loss did not improve in the last 70 records. Best score: 0.031. Signaling Trainer to stop.
GPU available: False, used: False
TPU available: False, using: 0 TPU cores
HPU available: False, using: 0 HPUs
SLURM auto-requeueing enabled. Setting signal handlers.
[I 2024-11-01 16:58:25,726] Trial 41 finished with value: 0.35956814885139465 and parameters: {'hidden_dim': 155, 'n_layers': 4, 'dropout': 0.11756889115468738, 'input_chunk_length': 42, 'learning_rate': 0.009602676662540128, 'batch_size': 32}. Best is trial 0 with value: 0.07914793491363525.
GPU available: False, used: False
TPU available: False, using: 0 TPU cores
HPU available: False, using: 0 HPUs
SLURM auto-requeueing enabled. Setting signal handlers.
Monitored metric train_loss did not improve in the last 71 records. Best score: 0.031. Signaling Trainer to stop.
GPU available: False, used: False
TPU available: False, using: 0 TPU cores
HPU available: False, using: 0 HPUs
SLURM auto-requeueing enabled. Setting signal handlers.
[I 2024-11-01 16:59:14,016] Trial 42 finished with value: 0.3657189905643463 and parameters: {'hidden_dim': 122, 'n_layers': 4, 'dropout': 0.24067420968078992, 'input_chunk_length': 35, 'learning_rate': 3.8653813258190247e-05, 'batch_size': 32}. Best is trial 0 with value: 0.07914793491363525.
GPU available: False, used: False
TPU available: False, using: 0 TPU cores
HPU available: False, using: 0 HPUs
SLURM auto-requeueing enabled. Setting signal handlers.
Monitored metric train_loss did not improve in the last 72 records. Best score: 0.031. Signaling Trainer to stop.
GPU available: False, used: False
TPU available: False, using: 0 TPU cores
HPU available: False, using: 0 HPUs
SLURM auto-requeueing enabled. Setting signal handlers.
[I 2024-11-01 17:00:16,420] Trial 43 finished with value: 0.30001553893089294 and parameters: {'hidden_dim': 142, 'n_layers': 3, 'dropout': 0.29171053807118147, 'input_chunk_length': 48, 'learning_rate': 0.00421953130003594, 'batch_size': 32}. Best is trial 0 with value: 0.07914793491363525.
GPU available: False, used: False
TPU available: False, using: 0 TPU cores
HPU available: False, using: 0 HPUs
SLURM auto-requeueing enabled. Setting signal handlers.
Monitored metric train_loss did not improve in the last 73 records. Best score: 0.031. Signaling Trainer to stop.
GPU available: False, used: False
TPU available: False, using: 0 TPU cores
HPU available: False, using: 0 HPUs
SLURM auto-requeueing enabled. Setting signal handlers.
[I 2024-11-01 17:00:58,632] Trial 44 finished with value: 0.30601441860198975 and parameters: {'hidden_dim': 172, 'n_layers': 6, 'dropout': 0.32348315515977444, 'input_chunk_length': 14, 'learning_rate': 0.0001985674048798498, 'batch_size': 32}. Best is trial 0 with value: 0.07914793491363525.
GPU available: False, used: False
TPU available: False, using: 0 TPU cores
HPU available: False, using: 0 HPUs
SLURM auto-requeueing enabled. Setting signal handlers.
Monitored metric train_loss did not improve in the last 74 records. Best score: 0.031. Signaling Trainer to stop.
GPU available: False, used: False
TPU available: False, using: 0 TPU cores
HPU available: False, using: 0 HPUs
SLURM auto-requeueing enabled. Setting signal handlers.
[I 2024-11-01 17:01:30,169] Trial 45 finished with value: 0.2983826994895935 and parameters: {'hidden_dim': 74, 'n_layers': 4, 'dropout': 0.4518634474839488, 'input_chunk_length': 26, 'learning_rate': 0.002164917734801968, 'batch_size': 32}. Best is trial 0 with value: 0.07914793491363525.
GPU available: False, used: False
TPU available: False, using: 0 TPU cores
HPU available: False, using: 0 HPUs
SLURM auto-requeueing enabled. Setting signal handlers.
Monitored metric train_loss did not improve in the last 75 records. Best score: 0.031. Signaling Trainer to stop.
GPU available: False, used: False
TPU available: False, using: 0 TPU cores
HPU available: False, using: 0 HPUs
SLURM auto-requeueing enabled. Setting signal handlers.
[I 2024-11-01 17:02:33,095] Trial 46 finished with value: 0.3128131330013275 and parameters: {'hidden_dim': 95, 'n_layers': 5, 'dropout': 0.14289217907174454, 'input_chunk_length': 66, 'learning_rate': 2.1598467840804233e-05, 'batch_size': 32}. Best is trial 0 with value: 0.07914793491363525.
GPU available: False, used: False
TPU available: False, using: 0 TPU cores
HPU available: False, using: 0 HPUs
SLURM auto-requeueing enabled. Setting signal handlers.
Monitored metric train_loss did not improve in the last 76 records. Best score: 0.031. Signaling Trainer to stop.
GPU available: False, used: False
TPU available: False, using: 0 TPU cores
HPU available: False, using: 0 HPUs
SLURM auto-requeueing enabled. Setting signal handlers.
[I 2024-11-01 17:03:39,237] Trial 47 finished with value: 0.35393938422203064 and parameters: {'hidden_dim': 114, 'n_layers': 3, 'dropout': 0.38314503644767384, 'input_chunk_length': 75, 'learning_rate': 0.006934579480911514, 'batch_size': 64}. Best is trial 0 with value: 0.07914793491363525.
GPU available: False, used: False
TPU available: False, using: 0 TPU cores
HPU available: False, using: 0 HPUs
SLURM auto-requeueing enabled. Setting signal handlers.
Monitored metric train_loss did not improve in the last 77 records. Best score: 0.031. Signaling Trainer to stop.
GPU available: False, used: False
TPU available: False, using: 0 TPU cores
HPU available: False, using: 0 HPUs
SLURM auto-requeueing enabled. Setting signal handlers.
[I 2024-11-01 17:05:14,399] Trial 48 finished with value: 0.2810501754283905 and parameters: {'hidden_dim': 131, 'n_layers': 2, 'dropout': 0.04435141208951143, 'input_chunk_length': 105, 'learning_rate': 0.002945257335362134, 'batch_size': 32}. Best is trial 0 with value: 0.07914793491363525.
GPU available: False, used: False
TPU available: False, using: 0 TPU cores
HPU available: False, using: 0 HPUs
SLURM auto-requeueing enabled. Setting signal handlers.
Monitored metric train_loss did not improve in the last 78 records. Best score: 0.031. Signaling Trainer to stop.
GPU available: False, used: False
TPU available: False, using: 0 TPU cores
HPU available: False, using: 0 HPUs
SLURM auto-requeueing enabled. Setting signal handlers.
[I 2024-11-01 17:07:50,978] Trial 49 finished with value: 0.2686614394187927 and parameters: {'hidden_dim': 192, 'n_layers': 5, 'dropout': 0.18398607329885314, 'input_chunk_length': 113, 'learning_rate': 5.359680498490695e-05, 'batch_size': 32}. Best is trial 0 with value: 0.07914793491363525.
GPU available: False, used: False
TPU available: False, using: 0 TPU cores
HPU available: False, using: 0 HPUs
SLURM auto-requeueing enabled. Setting signal handlers.
Monitored metric train_loss did not improve in the last 79 records. Best score: 0.031. Signaling Trainer to stop.
GPU available: False, used: False
TPU available: False, using: 0 TPU cores
HPU available: False, using: 0 HPUs
SLURM auto-requeueing enabled. Setting signal handlers.
[I 2024-11-01 17:08:47,872] Trial 50 finished with value: 0.293239951133728 and parameters: {'hidden_dim': 52, 'n_layers': 4, 'dropout': 0.4222374261115465, 'input_chunk_length': 120, 'learning_rate': 0.0009150096472111384, 'batch_size': 64}. Best is trial 0 with value: 0.07914793491363525.
GPU available: False, used: False
TPU available: False, using: 0 TPU cores
HPU available: False, using: 0 HPUs
SLURM auto-requeueing enabled. Setting signal handlers.
Monitored metric train_loss did not improve in the last 80 records. Best score: 0.031. Signaling Trainer to stop.
GPU available: False, used: False
TPU available: False, using: 0 TPU cores
HPU available: False, using: 0 HPUs
SLURM auto-requeueing enabled. Setting signal handlers.
[I 2024-11-01 17:09:14,098] Trial 51 finished with value: 0.21250037848949432 and parameters: {'hidden_dim': 120, 'n_layers': 4, 'dropout': 0.13192170418167068, 'input_chunk_length': 7, 'learning_rate': 0.005343002464302467, 'batch_size': 32}. Best is trial 0 with value: 0.07914793491363525.
GPU available: False, used: False
TPU available: False, using: 0 TPU cores
HPU available: False, using: 0 HPUs
SLURM auto-requeueing enabled. Setting signal handlers.
Monitored metric train_loss did not improve in the last 81 records. Best score: 0.031. Signaling Trainer to stop.
GPU available: False, used: False
TPU available: False, using: 0 TPU cores
HPU available: False, using: 0 HPUs
SLURM auto-requeueing enabled. Setting signal handlers.
[I 2024-11-01 17:09:49,181] Trial 52 finished with value: 0.24161666631698608 and parameters: {'hidden_dim': 140, 'n_layers': 4, 'dropout': 0.21813769417503073, 'input_chunk_length': 16, 'learning_rate': 0.004467037139182257, 'batch_size': 32}. Best is trial 0 with value: 0.07914793491363525.
GPU available: False, used: False
TPU available: False, using: 0 TPU cores
HPU available: False, using: 0 HPUs
SLURM auto-requeueing enabled. Setting signal handlers.
Monitored metric train_loss did not improve in the last 82 records. Best score: 0.031. Signaling Trainer to stop.
GPU available: False, used: False
TPU available: False, using: 0 TPU cores
HPU available: False, using: 0 HPUs
SLURM auto-requeueing enabled. Setting signal handlers.
[I 2024-11-01 17:10:12,820] Trial 53 finished with value: 0.32580938935279846 and parameters: {'hidden_dim': 104, 'n_layers': 3, 'dropout': 0.07854777975647888, 'input_chunk_length': 6, 'learning_rate': 0.007997719903649399, 'batch_size': 32}. Best is trial 0 with value: 0.07914793491363525.
GPU available: False, used: False
TPU available: False, using: 0 TPU cores
HPU available: False, using: 0 HPUs
SLURM auto-requeueing enabled. Setting signal handlers.
Monitored metric train_loss did not improve in the last 83 records. Best score: 0.031. Signaling Trainer to stop.
GPU available: False, used: False
TPU available: False, using: 0 TPU cores
HPU available: False, using: 0 HPUs
SLURM auto-requeueing enabled. Setting signal handlers.
[I 2024-11-01 17:10:51,626] Trial 54 finished with value: 0.17844383418560028 and parameters: {'hidden_dim': 123, 'n_layers': 4, 'dropout': 0.16166544647783543, 'input_chunk_length': 23, 'learning_rate': 0.0005131138222242832, 'batch_size': 32}. Best is trial 0 with value: 0.07914793491363525.
GPU available: False, used: False
TPU available: False, using: 0 TPU cores
HPU available: False, using: 0 HPUs
SLURM auto-requeueing enabled. Setting signal handlers.
Monitored metric train_loss did not improve in the last 84 records. Best score: 0.031. Signaling Trainer to stop.
GPU available: False, used: False
TPU available: False, using: 0 TPU cores
HPU available: False, using: 0 HPUs
SLURM auto-requeueing enabled. Setting signal handlers.
[I 2024-11-01 17:11:24,014] Trial 55 finished with value: 0.27428779006004333 and parameters: {'hidden_dim': 87, 'n_layers': 4, 'dropout': 0.19469979973417142, 'input_chunk_length': 22, 'learning_rate': 0.00044837737873920603, 'batch_size': 32}. Best is trial 0 with value: 0.07914793491363525.
GPU available: False, used: False
TPU available: False, using: 0 TPU cores
HPU available: False, using: 0 HPUs
SLURM auto-requeueing enabled. Setting signal handlers.
Monitored metric train_loss did not improve in the last 85 records. Best score: 0.031. Signaling Trainer to stop.
GPU available: False, used: False
TPU available: False, using: 0 TPU cores
HPU available: False, using: 0 HPUs
SLURM auto-requeueing enabled. Setting signal handlers.
[I 2024-11-01 17:12:09,727] Trial 56 finished with value: 0.3075834810733795 and parameters: {'hidden_dim': 113, 'n_layers': 5, 'dropout': 0.2776608643090282, 'input_chunk_length': 33, 'learning_rate': 0.00026040934631278327, 'batch_size': 32}. Best is trial 0 with value: 0.07914793491363525.
GPU available: False, used: False
TPU available: False, using: 0 TPU cores
HPU available: False, using: 0 HPUs
SLURM auto-requeueing enabled. Setting signal handlers.
Monitored metric train_loss did not improve in the last 86 records. Best score: 0.031. Signaling Trainer to stop.
GPU available: False, used: False
TPU available: False, using: 0 TPU cores
HPU available: False, using: 0 HPUs
SLURM auto-requeueing enabled. Setting signal handlers.
