[I 2024-11-03 18:40:34,677] Trial 197 finished with value: 0.3059932589530945 and parameters: {'hidden_dim': 249, 'n_layers': 4, 'dropout': 0.11170690196185197, 'input_chunk_length': 16, 'learning_rate': 0.0007155182520663581, 'batch_size': 32}. Best is trial 0 with value: 0.24586667120456696.
GPU available: True (cuda), used: True
TPU available: False, using: 0 TPU cores
HPU available: False, using: 0 HPUs
LOCAL_RANK: 0 - CUDA_VISIBLE_DEVICES: [0,1,2,3]
SLURM auto-requeueing enabled. Setting signal handlers.
Monitored metric train_loss did not improve in the last 257 records. Best score: 0.081. Signaling Trainer to stop.
GPU available: True (cuda), used: True
TPU available: False, using: 0 TPU cores
HPU available: False, using: 0 HPUs
LOCAL_RANK: 0 - CUDA_VISIBLE_DEVICES: [0,1,2,3]
SLURM auto-requeueing enabled. Setting signal handlers.
[I 2024-11-03 18:40:48,252] Trial 198 finished with value: 0.4509194791316986 and parameters: {'hidden_dim': 162, 'n_layers': 4, 'dropout': 0.1107225121026555, 'input_chunk_length': 24, 'learning_rate': 0.00048205883747205107, 'batch_size': 64}. Best is trial 0 with value: 0.24586667120456696.
GPU available: True (cuda), used: True
TPU available: False, using: 0 TPU cores
HPU available: False, using: 0 HPUs
LOCAL_RANK: 0 - CUDA_VISIBLE_DEVICES: [0,1,2,3]
SLURM auto-requeueing enabled. Setting signal handlers.
Monitored metric train_loss did not improve in the last 258 records. Best score: 0.081. Signaling Trainer to stop.
GPU available: True (cuda), used: True
TPU available: False, using: 0 TPU cores
HPU available: False, using: 0 HPUs
LOCAL_RANK: 0 - CUDA_VISIBLE_DEVICES: [0,1,2,3]
SLURM auto-requeueing enabled. Setting signal handlers.
[I 2024-11-03 18:41:03,897] Trial 199 finished with value: 0.3887009620666504 and parameters: {'hidden_dim': 263, 'n_layers': 5, 'dropout': 0.12448571250389462, 'input_chunk_length': 18, 'learning_rate': 0.00038447971460510444, 'batch_size': 32}. Best is trial 0 with value: 0.24586667120456696.
GPU available: True (cuda), used: True
TPU available: False, using: 0 TPU cores
HPU available: False, using: 0 HPUs
LOCAL_RANK: 0 - CUDA_VISIBLE_DEVICES: [0,1,2,3]
SLURM auto-requeueing enabled. Setting signal handlers.
Monitored metric train_loss did not improve in the last 259 records. Best score: 0.081. Signaling Trainer to stop.
GPU available: True (cuda), used: True
TPU available: False, using: 0 TPU cores
HPU available: False, using: 0 HPUs
LOCAL_RANK: 0 - CUDA_VISIBLE_DEVICES: [0,1,2,3]
SLURM auto-requeueing enabled. Setting signal handlers.
[I 2024-11-03 18:41:19,214] Trial 200 finished with value: 0.3707367479801178 and parameters: {'hidden_dim': 226, 'n_layers': 4, 'dropout': 0.4090669094745135, 'input_chunk_length': 10, 'learning_rate': 0.0008122724219503653, 'batch_size': 32}. Best is trial 0 with value: 0.24586667120456696.
GPU available: True (cuda), used: True
TPU available: False, using: 0 TPU cores
HPU available: False, using: 0 HPUs
LOCAL_RANK: 0 - CUDA_VISIBLE_DEVICES: [0,1,2,3]
SLURM auto-requeueing enabled. Setting signal handlers.
Monitored metric train_loss did not improve in the last 260 records. Best score: 0.081. Signaling Trainer to stop.
GPU available: True (cuda), used: True
TPU available: False, using: 0 TPU cores
HPU available: False, using: 0 HPUs
LOCAL_RANK: 0 - CUDA_VISIBLE_DEVICES: [0,1,2,3]
SLURM auto-requeueing enabled. Setting signal handlers.
[I 2024-11-03 18:41:34,518] Trial 201 finished with value: 0.3772088289260864 and parameters: {'hidden_dim': 285, 'n_layers': 4, 'dropout': 0.13781069161778883, 'input_chunk_length': 15, 'learning_rate': 0.0007908469904014438, 'batch_size': 32}. Best is trial 0 with value: 0.24586667120456696.
GPU available: True (cuda), used: True
TPU available: False, using: 0 TPU cores
HPU available: False, using: 0 HPUs
LOCAL_RANK: 0 - CUDA_VISIBLE_DEVICES: [0,1,2,3]
SLURM auto-requeueing enabled. Setting signal handlers.
Monitored metric train_loss did not improve in the last 261 records. Best score: 0.081. Signaling Trainer to stop.
GPU available: True (cuda), used: True
TPU available: False, using: 0 TPU cores
HPU available: False, using: 0 HPUs
LOCAL_RANK: 0 - CUDA_VISIBLE_DEVICES: [0,1,2,3]
SLURM auto-requeueing enabled. Setting signal handlers.
[I 2024-11-03 18:41:49,717] Trial 202 finished with value: 0.3210667371749878 and parameters: {'hidden_dim': 255, 'n_layers': 4, 'dropout': 0.014248965548005449, 'input_chunk_length': 16, 'learning_rate': 0.0006867007907446492, 'batch_size': 32}. Best is trial 0 with value: 0.24586667120456696.
GPU available: True (cuda), used: True
TPU available: False, using: 0 TPU cores
HPU available: False, using: 0 HPUs
LOCAL_RANK: 0 - CUDA_VISIBLE_DEVICES: [0,1,2,3]
SLURM auto-requeueing enabled. Setting signal handlers.
Monitored metric train_loss did not improve in the last 262 records. Best score: 0.081. Signaling Trainer to stop.
GPU available: True (cuda), used: True
TPU available: False, using: 0 TPU cores
HPU available: False, using: 0 HPUs
LOCAL_RANK: 0 - CUDA_VISIBLE_DEVICES: [0,1,2,3]
SLURM auto-requeueing enabled. Setting signal handlers.
[I 2024-11-03 18:42:04,870] Trial 203 finished with value: 0.4766952395439148 and parameters: {'hidden_dim': 210, 'n_layers': 4, 'dropout': 0.09158785924895942, 'input_chunk_length': 13, 'learning_rate': 0.0009359741938157913, 'batch_size': 32}. Best is trial 0 with value: 0.24586667120456696.
GPU available: True (cuda), used: True
TPU available: False, using: 0 TPU cores
HPU available: False, using: 0 HPUs
LOCAL_RANK: 0 - CUDA_VISIBLE_DEVICES: [0,1,2,3]
SLURM auto-requeueing enabled. Setting signal handlers.
Monitored metric train_loss did not improve in the last 263 records. Best score: 0.081. Signaling Trainer to stop.
GPU available: True (cuda), used: True
TPU available: False, using: 0 TPU cores
HPU available: False, using: 0 HPUs
LOCAL_RANK: 0 - CUDA_VISIBLE_DEVICES: [0,1,2,3]
SLURM auto-requeueing enabled. Setting signal handlers.
[I 2024-11-03 18:42:20,095] Trial 204 finished with value: 0.38166093826293945 and parameters: {'hidden_dim': 185, 'n_layers': 4, 'dropout': 0.09983249920166722, 'input_chunk_length': 20, 'learning_rate': 0.0005509575865847396, 'batch_size': 32}. Best is trial 0 with value: 0.24586667120456696.
GPU available: True (cuda), used: True
TPU available: False, using: 0 TPU cores
HPU available: False, using: 0 HPUs
LOCAL_RANK: 0 - CUDA_VISIBLE_DEVICES: [0,1,2,3]
SLURM auto-requeueing enabled. Setting signal handlers.
Monitored metric train_loss did not improve in the last 264 records. Best score: 0.081. Signaling Trainer to stop.
GPU available: True (cuda), used: True
TPU available: False, using: 0 TPU cores
HPU available: False, using: 0 HPUs
LOCAL_RANK: 0 - CUDA_VISIBLE_DEVICES: [0,1,2,3]
SLURM auto-requeueing enabled. Setting signal handlers.
[I 2024-11-03 18:42:35,600] Trial 205 finished with value: 0.4433753788471222 and parameters: {'hidden_dim': 303, 'n_layers': 4, 'dropout': 0.029877553694166222, 'input_chunk_length': 17, 'learning_rate': 0.0011723411240959526, 'batch_size': 32}. Best is trial 0 with value: 0.24586667120456696.
GPU available: True (cuda), used: True
TPU available: False, using: 0 TPU cores
HPU available: False, using: 0 HPUs
LOCAL_RANK: 0 - CUDA_VISIBLE_DEVICES: [0,1,2,3]
SLURM auto-requeueing enabled. Setting signal handlers.
Monitored metric train_loss did not improve in the last 265 records. Best score: 0.081. Signaling Trainer to stop.
GPU available: True (cuda), used: True
TPU available: False, using: 0 TPU cores
HPU available: False, using: 0 HPUs
LOCAL_RANK: 0 - CUDA_VISIBLE_DEVICES: [0,1,2,3]
SLURM auto-requeueing enabled. Setting signal handlers.
[I 2024-11-03 18:42:51,067] Trial 206 finished with value: 0.31380385160446167 and parameters: {'hidden_dim': 238, 'n_layers': 4, 'dropout': 0.05461135573958954, 'input_chunk_length': 25, 'learning_rate': 0.0004443984718191536, 'batch_size': 32}. Best is trial 0 with value: 0.24586667120456696.
GPU available: True (cuda), used: True
TPU available: False, using: 0 TPU cores
HPU available: False, using: 0 HPUs
LOCAL_RANK: 0 - CUDA_VISIBLE_DEVICES: [0,1,2,3]
SLURM auto-requeueing enabled. Setting signal handlers.
Monitored metric train_loss did not improve in the last 266 records. Best score: 0.081. Signaling Trainer to stop.
GPU available: True (cuda), used: True
TPU available: False, using: 0 TPU cores
HPU available: False, using: 0 HPUs
LOCAL_RANK: 0 - CUDA_VISIBLE_DEVICES: [0,1,2,3]
SLURM auto-requeueing enabled. Setting signal handlers.
[I 2024-11-03 18:43:06,428] Trial 207 finished with value: 0.4079374074935913 and parameters: {'hidden_dim': 272, 'n_layers': 4, 'dropout': 0.010315819396161408, 'input_chunk_length': 21, 'learning_rate': 0.00012899907866636303, 'batch_size': 32}. Best is trial 0 with value: 0.24586667120456696.
GPU available: True (cuda), used: True
TPU available: False, using: 0 TPU cores
HPU available: False, using: 0 HPUs
LOCAL_RANK: 0 - CUDA_VISIBLE_DEVICES: [0,1,2,3]
SLURM auto-requeueing enabled. Setting signal handlers.
Monitored metric train_loss did not improve in the last 267 records. Best score: 0.081. Signaling Trainer to stop.
GPU available: True (cuda), used: True
TPU available: False, using: 0 TPU cores
HPU available: False, using: 0 HPUs
LOCAL_RANK: 0 - CUDA_VISIBLE_DEVICES: [0,1,2,3]
SLURM auto-requeueing enabled. Setting signal handlers.
[I 2024-11-03 18:43:22,072] Trial 208 finished with value: 0.33898234367370605 and parameters: {'hidden_dim': 437, 'n_layers': 3, 'dropout': 0.02307483053013615, 'input_chunk_length': 12, 'learning_rate': 1.882888935542997e-05, 'batch_size': 32}. Best is trial 0 with value: 0.24586667120456696.
GPU available: True (cuda), used: True
TPU available: False, using: 0 TPU cores
HPU available: False, using: 0 HPUs
LOCAL_RANK: 0 - CUDA_VISIBLE_DEVICES: [0,1,2,3]
SLURM auto-requeueing enabled. Setting signal handlers.
Monitored metric train_loss did not improve in the last 268 records. Best score: 0.081. Signaling Trainer to stop.
GPU available: True (cuda), used: True
TPU available: False, using: 0 TPU cores
HPU available: False, using: 0 HPUs
LOCAL_RANK: 0 - CUDA_VISIBLE_DEVICES: [0,1,2,3]
SLURM auto-requeueing enabled. Setting signal handlers.
[I 2024-11-03 18:43:42,607] Trial 209 finished with value: 0.37595605850219727 and parameters: {'hidden_dim': 446, 'n_layers': 4, 'dropout': 0.32022000115780486, 'input_chunk_length': 84, 'learning_rate': 0.0001069103570422412, 'batch_size': 32}. Best is trial 0 with value: 0.24586667120456696.
GPU available: True (cuda), used: True
TPU available: False, using: 0 TPU cores
HPU available: False, using: 0 HPUs
LOCAL_RANK: 0 - CUDA_VISIBLE_DEVICES: [0,1,2,3]
SLURM auto-requeueing enabled. Setting signal handlers.
Monitored metric train_loss did not improve in the last 269 records. Best score: 0.081. Signaling Trainer to stop.
GPU available: True (cuda), used: True
TPU available: False, using: 0 TPU cores
HPU available: False, using: 0 HPUs
LOCAL_RANK: 0 - CUDA_VISIBLE_DEVICES: [0,1,2,3]
SLURM auto-requeueing enabled. Setting signal handlers.
[I 2024-11-03 18:43:56,694] Trial 210 finished with value: 0.3369496464729309 and parameters: {'hidden_dim': 313, 'n_layers': 4, 'dropout': 0.11653054936033368, 'input_chunk_length': 15, 'learning_rate': 0.0007120324728733383, 'batch_size': 64}. Best is trial 0 with value: 0.24586667120456696.
GPU available: True (cuda), used: True
TPU available: False, using: 0 TPU cores
HPU available: False, using: 0 HPUs
LOCAL_RANK: 0 - CUDA_VISIBLE_DEVICES: [0,1,2,3]
SLURM auto-requeueing enabled. Setting signal handlers.
Monitored metric train_loss did not improve in the last 270 records. Best score: 0.081. Signaling Trainer to stop.
GPU available: True (cuda), used: True
TPU available: False, using: 0 TPU cores
HPU available: False, using: 0 HPUs
LOCAL_RANK: 0 - CUDA_VISIBLE_DEVICES: [0,1,2,3]
SLURM auto-requeueing enabled. Setting signal handlers.
[I 2024-11-03 18:44:12,373] Trial 211 finished with value: 0.32000815868377686 and parameters: {'hidden_dim': 405, 'n_layers': 4, 'dropout': 0.040045593552984385, 'input_chunk_length': 17, 'learning_rate': 8.587991674009553e-05, 'batch_size': 32}. Best is trial 0 with value: 0.24586667120456696.
GPU available: True (cuda), used: True
TPU available: False, using: 0 TPU cores
HPU available: False, using: 0 HPUs
LOCAL_RANK: 0 - CUDA_VISIBLE_DEVICES: [0,1,2,3]
SLURM auto-requeueing enabled. Setting signal handlers.
Monitored metric train_loss did not improve in the last 271 records. Best score: 0.081. Signaling Trainer to stop.
GPU available: True (cuda), used: True
TPU available: False, using: 0 TPU cores
HPU available: False, using: 0 HPUs
LOCAL_RANK: 0 - CUDA_VISIBLE_DEVICES: [0,1,2,3]
SLURM auto-requeueing enabled. Setting signal handlers.
[I 2024-11-03 18:44:31,096] Trial 212 finished with value: 0.3302125632762909 and parameters: {'hidden_dim': 246, 'n_layers': 4, 'dropout': 0.028435612197840986, 'input_chunk_length': 93, 'learning_rate': 4.0168652885636775e-05, 'batch_size': 32}. Best is trial 0 with value: 0.24586667120456696.
GPU available: True (cuda), used: True
TPU available: False, using: 0 TPU cores
HPU available: False, using: 0 HPUs
LOCAL_RANK: 0 - CUDA_VISIBLE_DEVICES: [0,1,2,3]
SLURM auto-requeueing enabled. Setting signal handlers.
Monitored metric train_loss did not improve in the last 272 records. Best score: 0.081. Signaling Trainer to stop.
GPU available: True (cuda), used: True
TPU available: False, using: 0 TPU cores
HPU available: False, using: 0 HPUs
LOCAL_RANK: 0 - CUDA_VISIBLE_DEVICES: [0,1,2,3]
SLURM auto-requeueing enabled. Setting signal handlers.
[I 2024-11-03 18:44:46,837] Trial 213 finished with value: 0.33610060811042786 and parameters: {'hidden_dim': 419, 'n_layers': 4, 'dropout': 0.000871429828098326, 'input_chunk_length': 19, 'learning_rate': 6.694872529383408e-05, 'batch_size': 32}. Best is trial 0 with value: 0.24586667120456696.
GPU available: True (cuda), used: True
TPU available: False, using: 0 TPU cores
HPU available: False, using: 0 HPUs
LOCAL_RANK: 0 - CUDA_VISIBLE_DEVICES: [0,1,2,3]
SLURM auto-requeueing enabled. Setting signal handlers.
Monitored metric train_loss did not improve in the last 273 records. Best score: 0.081. Signaling Trainer to stop.
GPU available: True (cuda), used: True
TPU available: False, using: 0 TPU cores
HPU available: False, using: 0 HPUs
LOCAL_RANK: 0 - CUDA_VISIBLE_DEVICES: [0,1,2,3]
SLURM auto-requeueing enabled. Setting signal handlers.
[I 2024-11-03 18:45:02,601] Trial 214 finished with value: 0.34757447242736816 and parameters: {'hidden_dim': 430, 'n_layers': 4, 'dropout': 0.036063722508048436, 'input_chunk_length': 23, 'learning_rate': 7.933507659820716e-05, 'batch_size': 32}. Best is trial 0 with value: 0.24586667120456696.
GPU available: True (cuda), used: True
TPU available: False, using: 0 TPU cores
HPU available: False, using: 0 HPUs
LOCAL_RANK: 0 - CUDA_VISIBLE_DEVICES: [0,1,2,3]
SLURM auto-requeueing enabled. Setting signal handlers.
Monitored metric train_loss did not improve in the last 274 records. Best score: 0.081. Signaling Trainer to stop.
GPU available: True (cuda), used: True
TPU available: False, using: 0 TPU cores
HPU available: False, using: 0 HPUs
LOCAL_RANK: 0 - CUDA_VISIBLE_DEVICES: [0,1,2,3]
SLURM auto-requeueing enabled. Setting signal handlers.
[I 2024-11-03 18:45:18,076] Trial 215 finished with value: 0.5471177697181702 and parameters: {'hidden_dim': 415, 'n_layers': 4, 'dropout': 0.015883154426678987, 'input_chunk_length': 13, 'learning_rate': 0.0015389934348172094, 'batch_size': 32}. Best is trial 0 with value: 0.24586667120456696.
GPU available: True (cuda), used: True
TPU available: False, using: 0 TPU cores
HPU available: False, using: 0 HPUs
LOCAL_RANK: 0 - CUDA_VISIBLE_DEVICES: [0,1,2,3]
SLURM auto-requeueing enabled. Setting signal handlers.
Monitored metric train_loss did not improve in the last 275 records. Best score: 0.081. Signaling Trainer to stop.
GPU available: True (cuda), used: True
TPU available: False, using: 0 TPU cores
HPU available: False, using: 0 HPUs
LOCAL_RANK: 0 - CUDA_VISIBLE_DEVICES: [0,1,2,3]
SLURM auto-requeueing enabled. Setting signal handlers.
[I 2024-11-03 18:45:34,079] Trial 216 finished with value: 0.33956941962242126 and parameters: {'hidden_dim': 428, 'n_layers': 4, 'dropout': 0.049118441894178216, 'input_chunk_length': 29, 'learning_rate': 9.51195082020703e-05, 'batch_size': 32}. Best is trial 0 with value: 0.24586667120456696.
GPU available: True (cuda), used: True
TPU available: False, using: 0 TPU cores
HPU available: False, using: 0 HPUs
LOCAL_RANK: 0 - CUDA_VISIBLE_DEVICES: [0,1,2,3]
SLURM auto-requeueing enabled. Setting signal handlers.
Monitored metric train_loss did not improve in the last 276 records. Best score: 0.081. Signaling Trainer to stop.
GPU available: True (cuda), used: True
TPU available: False, using: 0 TPU cores
HPU available: False, using: 0 HPUs
LOCAL_RANK: 0 - CUDA_VISIBLE_DEVICES: [0,1,2,3]
SLURM auto-requeueing enabled. Setting signal handlers.
[I 2024-11-03 18:45:51,050] Trial 217 finished with value: 0.32838907837867737 and parameters: {'hidden_dim': 393, 'n_layers': 4, 'dropout': 0.021923692472594476, 'input_chunk_length': 51, 'learning_rate': 4.936984313466271e-05, 'batch_size': 32}. Best is trial 0 with value: 0.24586667120456696.
GPU available: True (cuda), used: True
TPU available: False, using: 0 TPU cores
HPU available: False, using: 0 HPUs
LOCAL_RANK: 0 - CUDA_VISIBLE_DEVICES: [0,1,2,3]
SLURM auto-requeueing enabled. Setting signal handlers.
Monitored metric train_loss did not improve in the last 277 records. Best score: 0.081. Signaling Trainer to stop.
GPU available: True (cuda), used: True
TPU available: False, using: 0 TPU cores
HPU available: False, using: 0 HPUs
LOCAL_RANK: 0 - CUDA_VISIBLE_DEVICES: [0,1,2,3]
SLURM auto-requeueing enabled. Setting signal handlers.
[I 2024-11-03 18:46:06,592] Trial 218 finished with value: 0.41364049911499023 and parameters: {'hidden_dim': 453, 'n_layers': 4, 'dropout': 0.031124048962476718, 'input_chunk_length': 16, 'learning_rate': 0.00011693949776334655, 'batch_size': 32}. Best is trial 0 with value: 0.24586667120456696.
GPU available: True (cuda), used: True
TPU available: False, using: 0 TPU cores
HPU available: False, using: 0 HPUs
LOCAL_RANK: 0 - CUDA_VISIBLE_DEVICES: [0,1,2,3]
SLURM auto-requeueing enabled. Setting signal handlers.
Monitored metric train_loss did not improve in the last 278 records. Best score: 0.081. Signaling Trainer to stop.
GPU available: True (cuda), used: True
TPU available: False, using: 0 TPU cores
HPU available: False, using: 0 HPUs
LOCAL_RANK: 0 - CUDA_VISIBLE_DEVICES: [0,1,2,3]
SLURM auto-requeueing enabled. Setting signal handlers.
[I 2024-11-03 18:46:22,482] Trial 219 finished with value: 0.4149724245071411 and parameters: {'hidden_dim': 439, 'n_layers': 4, 'dropout': 0.24440911727882134, 'input_chunk_length': 10, 'learning_rate': 0.00013915635411012624, 'batch_size': 32}. Best is trial 0 with value: 0.24586667120456696.
GPU available: True (cuda), used: True
TPU available: False, using: 0 TPU cores
HPU available: False, using: 0 HPUs
LOCAL_RANK: 0 - CUDA_VISIBLE_DEVICES: [0,1,2,3]
SLURM auto-requeueing enabled. Setting signal handlers.
Monitored metric train_loss did not improve in the last 279 records. Best score: 0.081. Signaling Trainer to stop.
GPU available: True (cuda), used: True
TPU available: False, using: 0 TPU cores
HPU available: False, using: 0 HPUs
LOCAL_RANK: 0 - CUDA_VISIBLE_DEVICES: [0,1,2,3]
SLURM auto-requeueing enabled. Setting signal handlers.
[I 2024-11-03 18:46:38,460] Trial 220 finished with value: 0.3401145040988922 and parameters: {'hidden_dim': 407, 'n_layers': 4, 'dropout': 0.010823201874975976, 'input_chunk_length': 21, 'learning_rate': 5.942496042560817e-05, 'batch_size': 32}. Best is trial 0 with value: 0.24586667120456696.
GPU available: True (cuda), used: True
TPU available: False, using: 0 TPU cores
HPU available: False, using: 0 HPUs
LOCAL_RANK: 0 - CUDA_VISIBLE_DEVICES: [0,1,2,3]
SLURM auto-requeueing enabled. Setting signal handlers.
Monitored metric train_loss did not improve in the last 280 records. Best score: 0.081. Signaling Trainer to stop.
GPU available: True (cuda), used: True
TPU available: False, using: 0 TPU cores
HPU available: False, using: 0 HPUs
LOCAL_RANK: 0 - CUDA_VISIBLE_DEVICES: [0,1,2,3]
SLURM auto-requeueing enabled. Setting signal handlers.
[I 2024-11-03 18:46:54,160] Trial 221 finished with value: 0.41807571053504944 and parameters: {'hidden_dim': 464, 'n_layers': 4, 'dropout': 0.020893236357019663, 'input_chunk_length': 17, 'learning_rate': 0.00010731954356958879, 'batch_size': 32}. Best is trial 0 with value: 0.24586667120456696.
GPU available: True (cuda), used: True
TPU available: False, using: 0 TPU cores
HPU available: False, using: 0 HPUs
LOCAL_RANK: 0 - CUDA_VISIBLE_DEVICES: [0,1,2,3]
SLURM auto-requeueing enabled. Setting signal handlers.
Monitored metric train_loss did not improve in the last 281 records. Best score: 0.081. Signaling Trainer to stop.
GPU available: True (cuda), used: True
TPU available: False, using: 0 TPU cores
HPU available: False, using: 0 HPUs
LOCAL_RANK: 0 - CUDA_VISIBLE_DEVICES: [0,1,2,3]
SLURM auto-requeueing enabled. Setting signal handlers.
