[I 2024-10-08 19:51:18,316] Trial 173 finished with value: 0.152220219373703 and parameters: {'hidden_dim': 25, 'n_layers': 5, 'dropout': 0.1751236506558676, 'learning_rate': 0.005200884016682614, 'batch_size': 16, 'input_chunk_length': 136}. Best is trial 0 with value: 0.10316822677850723.
GPU available: False, used: False
TPU available: False, using: 0 TPU cores
HPU available: False, using: 0 HPUs
SLURM auto-requeueing enabled. Setting signal handlers.
Monitored metric train_loss did not improve in the last 194 records. Best score: 0.039. Signaling Trainer to stop.
GPU available: False, used: False
TPU available: False, using: 0 TPU cores
HPU available: False, using: 0 HPUs
SLURM auto-requeueing enabled. Setting signal handlers.
[I 2024-10-08 19:52:54,457] Trial 174 finished with value: 0.12750375270843506 and parameters: {'hidden_dim': 29, 'n_layers': 5, 'dropout': 0.15746696527915166, 'learning_rate': 0.0036681566983055407, 'batch_size': 16, 'input_chunk_length': 191}. Best is trial 0 with value: 0.10316822677850723.
GPU available: False, used: False
TPU available: False, using: 0 TPU cores
HPU available: False, using: 0 HPUs
SLURM auto-requeueing enabled. Setting signal handlers.
Monitored metric train_loss did not improve in the last 195 records. Best score: 0.039. Signaling Trainer to stop.
GPU available: False, used: False
TPU available: False, using: 0 TPU cores
HPU available: False, using: 0 HPUs
SLURM auto-requeueing enabled. Setting signal handlers.
[I 2024-10-08 19:54:26,701] Trial 175 finished with value: 0.16054196655750275 and parameters: {'hidden_dim': 33, 'n_layers': 5, 'dropout': 0.14490810516769137, 'learning_rate': 0.003363216916807141, 'batch_size': 16, 'input_chunk_length': 194}. Best is trial 0 with value: 0.10316822677850723.
GPU available: False, used: False
TPU available: False, using: 0 TPU cores
HPU available: False, using: 0 HPUs
SLURM auto-requeueing enabled. Setting signal handlers.
Monitored metric train_loss did not improve in the last 196 records. Best score: 0.039. Signaling Trainer to stop.
GPU available: False, used: False
TPU available: False, using: 0 TPU cores
HPU available: False, using: 0 HPUs
SLURM auto-requeueing enabled. Setting signal handlers.
[I 2024-10-08 19:56:01,919] Trial 176 finished with value: 0.1605353057384491 and parameters: {'hidden_dim': 28, 'n_layers': 5, 'dropout': 0.15291947847881726, 'learning_rate': 0.004164036232932037, 'batch_size': 16, 'input_chunk_length': 194}. Best is trial 0 with value: 0.10316822677850723.
GPU available: False, used: False
TPU available: False, using: 0 TPU cores
HPU available: False, using: 0 HPUs
SLURM auto-requeueing enabled. Setting signal handlers.
Monitored metric train_loss did not improve in the last 197 records. Best score: 0.039. Signaling Trainer to stop.
GPU available: False, used: False
TPU available: False, using: 0 TPU cores
HPU available: False, using: 0 HPUs
SLURM auto-requeueing enabled. Setting signal handlers.
[I 2024-10-08 19:57:25,928] Trial 177 finished with value: 0.15060082077980042 and parameters: {'hidden_dim': 23, 'n_layers': 5, 'dropout': 0.1384657034126721, 'learning_rate': 0.002387727708697108, 'batch_size': 16, 'input_chunk_length': 173}. Best is trial 0 with value: 0.10316822677850723.
GPU available: False, used: False
TPU available: False, using: 0 TPU cores
HPU available: False, using: 0 HPUs
SLURM auto-requeueing enabled. Setting signal handlers.
Monitored metric train_loss did not improve in the last 198 records. Best score: 0.039. Signaling Trainer to stop.
GPU available: False, used: False
TPU available: False, using: 0 TPU cores
HPU available: False, using: 0 HPUs
SLURM auto-requeueing enabled. Setting signal handlers.
[I 2024-10-08 19:59:04,349] Trial 178 finished with value: 0.15736696124076843 and parameters: {'hidden_dim': 29, 'n_layers': 5, 'dropout': 0.2856051872511353, 'learning_rate': 0.004873080502550093, 'batch_size': 16, 'input_chunk_length': 196}. Best is trial 0 with value: 0.10316822677850723.
GPU available: False, used: False
TPU available: False, using: 0 TPU cores
HPU available: False, using: 0 HPUs
SLURM auto-requeueing enabled. Setting signal handlers.
Monitored metric train_loss did not improve in the last 199 records. Best score: 0.039. Signaling Trainer to stop.
GPU available: False, used: False
TPU available: False, using: 0 TPU cores
HPU available: False, using: 0 HPUs
SLURM auto-requeueing enabled. Setting signal handlers.
[I 2024-10-08 20:00:44,818] Trial 179 finished with value: 0.12531356513500214 and parameters: {'hidden_dim': 41, 'n_layers': 5, 'dropout': 0.18814224624406695, 'learning_rate': 0.0035078714590675106, 'batch_size': 16, 'input_chunk_length': 189}. Best is trial 0 with value: 0.10316822677850723.
GPU available: False, used: False
TPU available: False, using: 0 TPU cores
HPU available: False, using: 0 HPUs
SLURM auto-requeueing enabled. Setting signal handlers.
Monitored metric train_loss did not improve in the last 200 records. Best score: 0.039. Signaling Trainer to stop.
GPU available: False, used: False
TPU available: False, using: 0 TPU cores
HPU available: False, using: 0 HPUs
SLURM auto-requeueing enabled. Setting signal handlers.
[I 2024-10-08 20:02:36,037] Trial 180 finished with value: 0.16141369938850403 and parameters: {'hidden_dim': 49, 'n_layers': 5, 'dropout': 0.209183920389758, 'learning_rate': 0.003715279188733081, 'batch_size': 16, 'input_chunk_length': 185}. Best is trial 0 with value: 0.10316822677850723.
GPU available: False, used: False
TPU available: False, using: 0 TPU cores
HPU available: False, using: 0 HPUs
SLURM auto-requeueing enabled. Setting signal handlers.
Monitored metric train_loss did not improve in the last 201 records. Best score: 0.039. Signaling Trainer to stop.
GPU available: False, used: False
TPU available: False, using: 0 TPU cores
HPU available: False, using: 0 HPUs
SLURM auto-requeueing enabled. Setting signal handlers.
[I 2024-10-08 20:04:18,566] Trial 181 finished with value: 0.14183710515499115 and parameters: {'hidden_dim': 42, 'n_layers': 5, 'dropout': 0.1917067292048262, 'learning_rate': 0.0030379783415388855, 'batch_size': 16, 'input_chunk_length': 190}. Best is trial 0 with value: 0.10316822677850723.
GPU available: False, used: False
TPU available: False, using: 0 TPU cores
HPU available: False, using: 0 HPUs
SLURM auto-requeueing enabled. Setting signal handlers.
Monitored metric train_loss did not improve in the last 202 records. Best score: 0.039. Signaling Trainer to stop.
GPU available: False, used: False
TPU available: False, using: 0 TPU cores
HPU available: False, using: 0 HPUs
SLURM auto-requeueing enabled. Setting signal handlers.
[I 2024-10-08 20:05:50,508] Trial 182 finished with value: 0.1547195017337799 and parameters: {'hidden_dim': 43, 'n_layers': 5, 'dropout': 0.18418071690258947, 'learning_rate': 0.005260935769163187, 'batch_size': 16, 'input_chunk_length': 155}. Best is trial 0 with value: 0.10316822677850723.
GPU available: False, used: False
TPU available: False, using: 0 TPU cores
HPU available: False, using: 0 HPUs
SLURM auto-requeueing enabled. Setting signal handlers.
Monitored metric train_loss did not improve in the last 203 records. Best score: 0.039. Signaling Trainer to stop.
GPU available: False, used: False
TPU available: False, using: 0 TPU cores
HPU available: False, using: 0 HPUs
SLURM auto-requeueing enabled. Setting signal handlers.
[I 2024-10-08 20:07:46,965] Trial 183 finished with value: 0.11215168982744217 and parameters: {'hidden_dim': 51, 'n_layers': 5, 'dropout': 0.15829277448879328, 'learning_rate': 0.002850456153998433, 'batch_size': 16, 'input_chunk_length': 189}. Best is trial 0 with value: 0.10316822677850723.
GPU available: False, used: False
TPU available: False, using: 0 TPU cores
HPU available: False, using: 0 HPUs
SLURM auto-requeueing enabled. Setting signal handlers.
Monitored metric train_loss did not improve in the last 204 records. Best score: 0.039. Signaling Trainer to stop.
GPU available: False, used: False
TPU available: False, using: 0 TPU cores
HPU available: False, using: 0 HPUs
SLURM auto-requeueing enabled. Setting signal handlers.
[I 2024-10-08 20:09:42,364] Trial 184 finished with value: 0.16953431069850922 and parameters: {'hidden_dim': 51, 'n_layers': 5, 'dropout': 0.025873211692998284, 'learning_rate': 0.001887604569869636, 'batch_size': 16, 'input_chunk_length': 182}. Best is trial 0 with value: 0.10316822677850723.
GPU available: False, used: False
TPU available: False, using: 0 TPU cores
HPU available: False, using: 0 HPUs
SLURM auto-requeueing enabled. Setting signal handlers.
Monitored metric train_loss did not improve in the last 205 records. Best score: 0.039. Signaling Trainer to stop.
GPU available: False, used: False
TPU available: False, using: 0 TPU cores
HPU available: False, using: 0 HPUs
SLURM auto-requeueing enabled. Setting signal handlers.
[I 2024-10-08 20:11:39,791] Trial 185 finished with value: 0.16770248115062714 and parameters: {'hidden_dim': 50, 'n_layers': 5, 'dropout': 0.15751958791017204, 'learning_rate': 0.004387670905515842, 'batch_size': 16, 'input_chunk_length': 192}. Best is trial 0 with value: 0.10316822677850723.
GPU available: False, used: False
TPU available: False, using: 0 TPU cores
HPU available: False, using: 0 HPUs
SLURM auto-requeueing enabled. Setting signal handlers.
Monitored metric train_loss did not improve in the last 206 records. Best score: 0.039. Signaling Trainer to stop.
GPU available: False, used: False
TPU available: False, using: 0 TPU cores
HPU available: False, using: 0 HPUs
SLURM auto-requeueing enabled. Setting signal handlers.
[I 2024-10-08 20:13:46,491] Trial 186 finished with value: 0.2612449526786804 and parameters: {'hidden_dim': 53, 'n_layers': 5, 'dropout': 0.19789941814709822, 'learning_rate': 0.008352745643695652, 'batch_size': 16, 'input_chunk_length': 199}. Best is trial 0 with value: 0.10316822677850723.
GPU available: False, used: False
TPU available: False, using: 0 TPU cores
HPU available: False, using: 0 HPUs
SLURM auto-requeueing enabled. Setting signal handlers.
Monitored metric train_loss did not improve in the last 207 records. Best score: 0.039. Signaling Trainer to stop.
GPU available: False, used: False
TPU available: False, using: 0 TPU cores
HPU available: False, using: 0 HPUs
SLURM auto-requeueing enabled. Setting signal handlers.
[I 2024-10-08 20:15:08,374] Trial 187 finished with value: 0.16905835270881653 and parameters: {'hidden_dim': 40, 'n_layers': 5, 'dropout': 0.012246505430659228, 'learning_rate': 0.005867503248411679, 'batch_size': 16, 'input_chunk_length': 148}. Best is trial 0 with value: 0.10316822677850723.
GPU available: False, used: False
TPU available: False, using: 0 TPU cores
HPU available: False, using: 0 HPUs
SLURM auto-requeueing enabled. Setting signal handlers.
Monitored metric train_loss did not improve in the last 208 records. Best score: 0.039. Signaling Trainer to stop.
GPU available: False, used: False
TPU available: False, using: 0 TPU cores
HPU available: False, using: 0 HPUs
SLURM auto-requeueing enabled. Setting signal handlers.
[I 2024-10-08 20:16:59,723] Trial 188 finished with value: 0.1736162006855011 and parameters: {'hidden_dim': 46, 'n_layers': 5, 'dropout': 0.16165194626628793, 'learning_rate': 0.003624131845104839, 'batch_size': 16, 'input_chunk_length': 187}. Best is trial 0 with value: 0.10316822677850723.
GPU available: False, used: False
TPU available: False, using: 0 TPU cores
HPU available: False, using: 0 HPUs
SLURM auto-requeueing enabled. Setting signal handlers.
Monitored metric train_loss did not improve in the last 209 records. Best score: 0.039. Signaling Trainer to stop.
GPU available: False, used: False
TPU available: False, using: 0 TPU cores
HPU available: False, using: 0 HPUs
SLURM auto-requeueing enabled. Setting signal handlers.
[I 2024-10-08 20:18:58,343] Trial 189 finished with value: 0.17678618431091309 and parameters: {'hidden_dim': 49, 'n_layers': 5, 'dropout': 0.17986740594616635, 'learning_rate': 0.0048214115547874385, 'batch_size': 16, 'input_chunk_length': 196}. Best is trial 0 with value: 0.10316822677850723.
GPU available: False, used: False
TPU available: False, using: 0 TPU cores
HPU available: False, using: 0 HPUs
SLURM auto-requeueing enabled. Setting signal handlers.
Monitored metric train_loss did not improve in the last 210 records. Best score: 0.039. Signaling Trainer to stop.
GPU available: False, used: False
TPU available: False, using: 0 TPU cores
HPU available: False, using: 0 HPUs
SLURM auto-requeueing enabled. Setting signal handlers.
[I 2024-10-08 20:20:34,989] Trial 190 finished with value: 0.17155911028385162 and parameters: {'hidden_dim': 47, 'n_layers': 5, 'dropout': 0.2934122924634244, 'learning_rate': 0.0026648997207212827, 'batch_size': 64, 'input_chunk_length': 181}. Best is trial 0 with value: 0.10316822677850723.
GPU available: False, used: False
TPU available: False, using: 0 TPU cores
HPU available: False, using: 0 HPUs
SLURM auto-requeueing enabled. Setting signal handlers.
Monitored metric train_loss did not improve in the last 211 records. Best score: 0.039. Signaling Trainer to stop.
GPU available: False, used: False
TPU available: False, using: 0 TPU cores
HPU available: False, using: 0 HPUs
SLURM auto-requeueing enabled. Setting signal handlers.
[I 2024-10-08 20:22:09,351] Trial 191 finished with value: 0.14739511907100677 and parameters: {'hidden_dim': 25, 'n_layers': 5, 'dropout': 0.12123461160333593, 'learning_rate': 0.0030387443577122256, 'batch_size': 16, 'input_chunk_length': 191}. Best is trial 0 with value: 0.10316822677850723.
GPU available: False, used: False
TPU available: False, using: 0 TPU cores
HPU available: False, using: 0 HPUs
SLURM auto-requeueing enabled. Setting signal handlers.
Monitored metric train_loss did not improve in the last 212 records. Best score: 0.039. Signaling Trainer to stop.
GPU available: False, used: False
TPU available: False, using: 0 TPU cores
HPU available: False, using: 0 HPUs
SLURM auto-requeueing enabled. Setting signal handlers.
[I 2024-10-08 20:23:47,204] Trial 192 finished with value: 0.15624713897705078 and parameters: {'hidden_dim': 27, 'n_layers': 5, 'dropout': 0.17301116462129382, 'learning_rate': 0.0021427284467721284, 'batch_size': 16, 'input_chunk_length': 186}. Best is trial 0 with value: 0.10316822677850723.
GPU available: False, used: False
TPU available: False, using: 0 TPU cores
HPU available: False, using: 0 HPUs
SLURM auto-requeueing enabled. Setting signal handlers.
Monitored metric train_loss did not improve in the last 213 records. Best score: 0.039. Signaling Trainer to stop.
GPU available: False, used: False
TPU available: False, using: 0 TPU cores
HPU available: False, using: 0 HPUs
SLURM auto-requeueing enabled. Setting signal handlers.
[I 2024-10-08 20:25:28,316] Trial 193 finished with value: 0.16085277497768402 and parameters: {'hidden_dim': 51, 'n_layers': 5, 'dropout': 0.24020889680379606, 'learning_rate': 0.004013545686428262, 'batch_size': 16, 'input_chunk_length': 145}. Best is trial 0 with value: 0.10316822677850723.
GPU available: False, used: False
TPU available: False, using: 0 TPU cores
HPU available: False, using: 0 HPUs
SLURM auto-requeueing enabled. Setting signal handlers.
Monitored metric train_loss did not improve in the last 214 records. Best score: 0.039. Signaling Trainer to stop.
GPU available: False, used: False
TPU available: False, using: 0 TPU cores
HPU available: False, using: 0 HPUs
SLURM auto-requeueing enabled. Setting signal handlers.
[I 2024-10-08 20:27:05,066] Trial 194 finished with value: 0.6109651327133179 and parameters: {'hidden_dim': 27, 'n_layers': 5, 'dropout': 0.1823201867334204, 'learning_rate': 1.0008926886713227e-05, 'batch_size': 16, 'input_chunk_length': 193}. Best is trial 0 with value: 0.10316822677850723.
GPU available: False, used: False
TPU available: False, using: 0 TPU cores
HPU available: False, using: 0 HPUs
SLURM auto-requeueing enabled. Setting signal handlers.
Monitored metric train_loss did not improve in the last 215 records. Best score: 0.039. Signaling Trainer to stop.
GPU available: False, used: False
TPU available: False, using: 0 TPU cores
HPU available: False, using: 0 HPUs
SLURM auto-requeueing enabled. Setting signal handlers.
[I 2024-10-08 20:28:33,317] Trial 195 finished with value: 0.14685361087322235 and parameters: {'hidden_dim': 25, 'n_layers': 5, 'dropout': 0.15561136408416024, 'learning_rate': 0.006823632020342989, 'batch_size': 16, 'input_chunk_length': 177}. Best is trial 0 with value: 0.10316822677850723.
GPU available: False, used: False
TPU available: False, using: 0 TPU cores
HPU available: False, using: 0 HPUs
SLURM auto-requeueing enabled. Setting signal handlers.
Monitored metric train_loss did not improve in the last 216 records. Best score: 0.039. Signaling Trainer to stop.
GPU available: False, used: False
TPU available: False, using: 0 TPU cores
HPU available: False, using: 0 HPUs
SLURM auto-requeueing enabled. Setting signal handlers.
[I 2024-10-08 20:29:54,448] Trial 196 finished with value: 0.1444530338048935 and parameters: {'hidden_dim': 48, 'n_layers': 5, 'dropout': 0.2172714207601996, 'learning_rate': 0.0035370610217866734, 'batch_size': 16, 'input_chunk_length': 120}. Best is trial 0 with value: 0.10316822677850723.
GPU available: False, used: False
TPU available: False, using: 0 TPU cores
HPU available: False, using: 0 HPUs
SLURM auto-requeueing enabled. Setting signal handlers.
Monitored metric train_loss did not improve in the last 217 records. Best score: 0.039. Signaling Trainer to stop.
GPU available: False, used: False
TPU available: False, using: 0 TPU cores
HPU available: False, using: 0 HPUs
SLURM auto-requeueing enabled. Setting signal handlers.
[I 2024-10-08 20:31:34,114] Trial 197 finished with value: 0.21385833621025085 and parameters: {'hidden_dim': 38, 'n_layers': 5, 'dropout': 0.20035258159737734, 'learning_rate': 0.005549613197181052, 'batch_size': 16, 'input_chunk_length': 188}. Best is trial 0 with value: 0.10316822677850723.
GPU available: False, used: False
TPU available: False, using: 0 TPU cores
HPU available: False, using: 0 HPUs
SLURM auto-requeueing enabled. Setting signal handlers.
Monitored metric train_loss did not improve in the last 218 records. Best score: 0.039. Signaling Trainer to stop.
GPU available: False, used: False
TPU available: False, using: 0 TPU cores
HPU available: False, using: 0 HPUs
SLURM auto-requeueing enabled. Setting signal handlers.
