[I 2024-11-03 19:08:18,997] Trial 297 finished with value: 0.3839606046676636 and parameters: {'hidden_dim': 211, 'n_layers': 4, 'dropout': 0.0601811088171505, 'input_chunk_length': 13, 'learning_rate': 0.00019549494109185112, 'batch_size': 32}. Best is trial 0 with value: 0.24586667120456696.
GPU available: True (cuda), used: True
TPU available: False, using: 0 TPU cores
HPU available: False, using: 0 HPUs
LOCAL_RANK: 0 - CUDA_VISIBLE_DEVICES: [0,1,2,3]
SLURM auto-requeueing enabled. Setting signal handlers.
Monitored metric train_loss did not improve in the last 357 records. Best score: 0.081. Signaling Trainer to stop.
GPU available: True (cuda), used: True
TPU available: False, using: 0 TPU cores
HPU available: False, using: 0 HPUs
LOCAL_RANK: 0 - CUDA_VISIBLE_DEVICES: [0,1,2,3]
SLURM auto-requeueing enabled. Setting signal handlers.
[I 2024-11-03 19:08:33,805] Trial 298 finished with value: 0.3237653076648712 and parameters: {'hidden_dim': 178, 'n_layers': 4, 'dropout': 0.05027308457181409, 'input_chunk_length': 17, 'learning_rate': 0.00017609708739175833, 'batch_size': 32}. Best is trial 0 with value: 0.24586667120456696.
GPU available: True (cuda), used: True
TPU available: False, using: 0 TPU cores
HPU available: False, using: 0 HPUs
LOCAL_RANK: 0 - CUDA_VISIBLE_DEVICES: [0,1,2,3]
SLURM auto-requeueing enabled. Setting signal handlers.
Monitored metric train_loss did not improve in the last 358 records. Best score: 0.081. Signaling Trainer to stop.
GPU available: True (cuda), used: True
TPU available: False, using: 0 TPU cores
HPU available: False, using: 0 HPUs
LOCAL_RANK: 0 - CUDA_VISIBLE_DEVICES: [0,1,2,3]
SLURM auto-requeueing enabled. Setting signal handlers.
[I 2024-11-03 19:08:49,664] Trial 299 finished with value: 0.34586605429649353 and parameters: {'hidden_dim': 237, 'n_layers': 6, 'dropout': 0.047876250599055564, 'input_chunk_length': 15, 'learning_rate': 0.00019986596067898523, 'batch_size': 32}. Best is trial 0 with value: 0.24586667120456696.
GPU available: True (cuda), used: True
TPU available: False, using: 0 TPU cores
HPU available: False, using: 0 HPUs
LOCAL_RANK: 0 - CUDA_VISIBLE_DEVICES: [0,1,2,3]

   | Name                              | Type                             | Params | Mode 
------------------------------------------------------------------------------------------------
0  | train_metrics                     | MetricCollection                 | 0      | train
1  | val_metrics                       | MetricCollection                 | 0      | train
2  | input_embeddings                  | _MultiEmbedding                  | 0      | train
3  | static_covariates_vsn             | _VariableSelectionNetwork        | 0      | train
4  | encoder_vsn                       | _VariableSelectionNetwork        | 219 K  | train
5  | decoder_vsn                       | _VariableSelectionNetwork        | 208 K  | train
6  | static_context_grn                | _GatedResidualNetwork            | 701 K  | train
7  | static_context_hidden_encoder_grn | _GatedResidualNetwork            | 701 K  | train
8  | static_context_cell_encoder_grn   | _GatedResidualNetwork            | 701 K  | train
9  | static_context_enrichment         | _GatedResidualNetwork            | 701 K  | train
10 | lstm_encoder                      | LSTM                             | 1.4 M  | train
11 | lstm_decoder                      | LSTM                             | 1.4 M  | train
12 | post_lstm_gan                     | _GateAddNorm                     | 351 K  | train
13 | static_enrichment_grn             | _GatedResidualNetwork            | 876 K  | train
14 | multihead_attn                    | _InterpretableMultiHeadAttention | 435 K  | train
15 | post_attn_gan                     | _GateAddNorm                     | 351 K  | train
16 | feed_forward_block                | _GatedResidualNetwork            | 701 K  | train
17 | pre_output_gan                    | _GateAddNorm                     | 351 K  | train
18 | output_layer                      | Linear                           | 7.1 K  | train
------------------------------------------------------------------------------------------------
9.1 M     Trainable params
0         Non-trainable params
9.1 M     Total params
36.435    Total estimated model params size (MB)
738       Modules in train mode
0         Modules in eval mode
SLURM auto-requeueing enabled. Setting signal handlers.
/pfs/data5/home/tu/tu_tu/tu_zxoul27/micromamba/envs/power/lib/python3.12/site-packages/pytorch_lightning/loops/fit_loop.py:298: The number of training batches (15) is smaller than the logging interval Trainer(log_every_n_steps=20). Set a lower value for log_every_n_steps if you want to see logs for the training epoch.
`Trainer.fit` stopped: `max_epochs=75` reached.
GPU available: True (cuda), used: True
TPU available: False, using: 0 TPU cores
HPU available: False, using: 0 HPUs
LOCAL_RANK: 0 - CUDA_VISIBLE_DEVICES: [0,1,2,3]
SLURM auto-requeueing enabled. Setting signal handlers.
