[I 2024-11-05 04:46:55,399] Trial 97 finished with value: 0.26130974292755127 and parameters: {'hidden_dim': 337, 'n_layers': 1, 'dropout': 0.045726605484059595, 'input_chunk_length': 108, 'learning_rate': 0.00037756646384866886, 'batch_size': 32}. Best is trial 0 with value: 0.11645901203155518.
GPU available: True (cuda), used: True
TPU available: False, using: 0 TPU cores
HPU available: False, using: 0 HPUs
LOCAL_RANK: 0 - CUDA_VISIBLE_DEVICES: [0,1,2,3]
SLURM auto-requeueing enabled. Setting signal handlers.
Monitored metric train_loss did not improve in the last 156 records. Best score: 0.055. Signaling Trainer to stop.
GPU available: True (cuda), used: True
TPU available: False, using: 0 TPU cores
HPU available: False, using: 0 HPUs
LOCAL_RANK: 0 - CUDA_VISIBLE_DEVICES: [0,1,2,3]
SLURM auto-requeueing enabled. Setting signal handlers.
[I 2024-11-05 04:47:21,131] Trial 98 finished with value: 0.2884047329425812 and parameters: {'hidden_dim': 329, 'n_layers': 4, 'dropout': 0.04998665162262461, 'input_chunk_length': 109, 'learning_rate': 0.00035297057966931724, 'batch_size': 32}. Best is trial 0 with value: 0.11645901203155518.
GPU available: True (cuda), used: True
TPU available: False, using: 0 TPU cores
HPU available: False, using: 0 HPUs
LOCAL_RANK: 0 - CUDA_VISIBLE_DEVICES: [0,1,2,3]
SLURM auto-requeueing enabled. Setting signal handlers.
Monitored metric train_loss did not improve in the last 157 records. Best score: 0.055. Signaling Trainer to stop.
GPU available: True (cuda), used: True
TPU available: False, using: 0 TPU cores
HPU available: False, using: 0 HPUs
LOCAL_RANK: 0 - CUDA_VISIBLE_DEVICES: [0,1,2,3]
SLURM auto-requeueing enabled. Setting signal handlers.
[I 2024-11-05 04:47:42,506] Trial 99 finished with value: 0.3196304738521576 and parameters: {'hidden_dim': 340, 'n_layers': 1, 'dropout': 0.09748454559465386, 'input_chunk_length': 90, 'learning_rate': 0.0004134249072479444, 'batch_size': 32}. Best is trial 0 with value: 0.11645901203155518.
GPU available: True (cuda), used: True
TPU available: False, using: 0 TPU cores
HPU available: False, using: 0 HPUs
LOCAL_RANK: 0 - CUDA_VISIBLE_DEVICES: [0,1,2,3]
SLURM auto-requeueing enabled. Setting signal handlers.
Monitored metric train_loss did not improve in the last 158 records. Best score: 0.055. Signaling Trainer to stop.
GPU available: True (cuda), used: True
TPU available: False, using: 0 TPU cores
HPU available: False, using: 0 HPUs
LOCAL_RANK: 0 - CUDA_VISIBLE_DEVICES: [0,1,2,3]
SLURM auto-requeueing enabled. Setting signal handlers.
[I 2024-11-05 04:48:04,703] Trial 100 finished with value: 0.31107988953590393 and parameters: {'hidden_dim': 306, 'n_layers': 2, 'dropout': 0.04597390675507831, 'input_chunk_length': 94, 'learning_rate': 0.0005768462441723051, 'batch_size': 32}. Best is trial 0 with value: 0.11645901203155518.
GPU available: True (cuda), used: True
TPU available: False, using: 0 TPU cores
HPU available: False, using: 0 HPUs
LOCAL_RANK: 0 - CUDA_VISIBLE_DEVICES: [0,1,2,3]
SLURM auto-requeueing enabled. Setting signal handlers.
Monitored metric train_loss did not improve in the last 159 records. Best score: 0.055. Signaling Trainer to stop.
GPU available: True (cuda), used: True
TPU available: False, using: 0 TPU cores
HPU available: False, using: 0 HPUs
LOCAL_RANK: 0 - CUDA_VISIBLE_DEVICES: [0,1,2,3]
SLURM auto-requeueing enabled. Setting signal handlers.
[I 2024-11-05 04:48:28,453] Trial 101 finished with value: 0.2986474931240082 and parameters: {'hidden_dim': 380, 'n_layers': 1, 'dropout': 0.017001586050944782, 'input_chunk_length': 113, 'learning_rate': 0.00031427487528245754, 'batch_size': 32}. Best is trial 0 with value: 0.11645901203155518.
GPU available: True (cuda), used: True
TPU available: False, using: 0 TPU cores
HPU available: False, using: 0 HPUs
LOCAL_RANK: 0 - CUDA_VISIBLE_DEVICES: [0,1,2,3]
SLURM auto-requeueing enabled. Setting signal handlers.
Monitored metric train_loss did not improve in the last 160 records. Best score: 0.055. Signaling Trainer to stop.
GPU available: True (cuda), used: True
TPU available: False, using: 0 TPU cores
HPU available: False, using: 0 HPUs
LOCAL_RANK: 0 - CUDA_VISIBLE_DEVICES: [0,1,2,3]
SLURM auto-requeueing enabled. Setting signal handlers.
[I 2024-11-05 04:48:51,731] Trial 102 finished with value: 0.32379356026649475 and parameters: {'hidden_dim': 359, 'n_layers': 1, 'dropout': 0.036697428323939026, 'input_chunk_length': 107, 'learning_rate': 0.00015481730045638115, 'batch_size': 32}. Best is trial 0 with value: 0.11645901203155518.
GPU available: True (cuda), used: True
TPU available: False, using: 0 TPU cores
HPU available: False, using: 0 HPUs
LOCAL_RANK: 0 - CUDA_VISIBLE_DEVICES: [0,1,2,3]
SLURM auto-requeueing enabled. Setting signal handlers.
Monitored metric train_loss did not improve in the last 161 records. Best score: 0.055. Signaling Trainer to stop.
GPU available: True (cuda), used: True
TPU available: False, using: 0 TPU cores
HPU available: False, using: 0 HPUs
LOCAL_RANK: 0 - CUDA_VISIBLE_DEVICES: [0,1,2,3]
SLURM auto-requeueing enabled. Setting signal handlers.
[I 2024-11-05 04:49:14,329] Trial 103 finished with value: 0.2936761975288391 and parameters: {'hidden_dim': 337, 'n_layers': 1, 'dropout': 0.14801803886681875, 'input_chunk_length': 103, 'learning_rate': 0.0003924011265677457, 'batch_size': 32}. Best is trial 0 with value: 0.11645901203155518.
GPU available: True (cuda), used: True
TPU available: False, using: 0 TPU cores
HPU available: False, using: 0 HPUs
LOCAL_RANK: 0 - CUDA_VISIBLE_DEVICES: [0,1,2,3]
SLURM auto-requeueing enabled. Setting signal handlers.
Monitored metric train_loss did not improve in the last 162 records. Best score: 0.055. Signaling Trainer to stop.
GPU available: True (cuda), used: True
TPU available: False, using: 0 TPU cores
HPU available: False, using: 0 HPUs
LOCAL_RANK: 0 - CUDA_VISIBLE_DEVICES: [0,1,2,3]
SLURM auto-requeueing enabled. Setting signal handlers.
[I 2024-11-05 04:49:37,047] Trial 104 finished with value: 0.3222196400165558 and parameters: {'hidden_dim': 294, 'n_layers': 1, 'dropout': 0.1744806960189481, 'input_chunk_length': 119, 'learning_rate': 0.00023230355542949038, 'batch_size': 32}. Best is trial 0 with value: 0.11645901203155518.
GPU available: True (cuda), used: True
TPU available: False, using: 0 TPU cores
HPU available: False, using: 0 HPUs
LOCAL_RANK: 0 - CUDA_VISIBLE_DEVICES: [0,1,2,3]
SLURM auto-requeueing enabled. Setting signal handlers.
Monitored metric train_loss did not improve in the last 163 records. Best score: 0.055. Signaling Trainer to stop.
GPU available: True (cuda), used: True
TPU available: False, using: 0 TPU cores
HPU available: False, using: 0 HPUs
LOCAL_RANK: 0 - CUDA_VISIBLE_DEVICES: [0,1,2,3]
SLURM auto-requeueing enabled. Setting signal handlers.
[I 2024-11-05 04:50:01,222] Trial 105 finished with value: 0.3119203746318817 and parameters: {'hidden_dim': 320, 'n_layers': 2, 'dropout': 0.0774419436359772, 'input_chunk_length': 127, 'learning_rate': 0.0004850548442080682, 'batch_size': 32}. Best is trial 0 with value: 0.11645901203155518.
GPU available: True (cuda), used: True
TPU available: False, using: 0 TPU cores
HPU available: False, using: 0 HPUs
LOCAL_RANK: 0 - CUDA_VISIBLE_DEVICES: [0,1,2,3]
SLURM auto-requeueing enabled. Setting signal handlers.
Monitored metric train_loss did not improve in the last 164 records. Best score: 0.055. Signaling Trainer to stop.
GPU available: True (cuda), used: True
TPU available: False, using: 0 TPU cores
HPU available: False, using: 0 HPUs
LOCAL_RANK: 0 - CUDA_VISIBLE_DEVICES: [0,1,2,3]
SLURM auto-requeueing enabled. Setting signal handlers.
[I 2024-11-05 04:50:22,408] Trial 106 finished with value: 0.2642512917518616 and parameters: {'hidden_dim': 277, 'n_layers': 1, 'dropout': 0.062437302445544476, 'input_chunk_length': 96, 'learning_rate': 0.0009966705766151962, 'batch_size': 32}. Best is trial 0 with value: 0.11645901203155518.
GPU available: True (cuda), used: True
TPU available: False, using: 0 TPU cores
HPU available: False, using: 0 HPUs
LOCAL_RANK: 0 - CUDA_VISIBLE_DEVICES: [0,1,2,3]
SLURM auto-requeueing enabled. Setting signal handlers.
Monitored metric train_loss did not improve in the last 165 records. Best score: 0.055. Signaling Trainer to stop.
GPU available: True (cuda), used: True
TPU available: False, using: 0 TPU cores
HPU available: False, using: 0 HPUs
LOCAL_RANK: 0 - CUDA_VISIBLE_DEVICES: [0,1,2,3]
SLURM auto-requeueing enabled. Setting signal handlers.
[I 2024-11-05 04:50:45,139] Trial 107 finished with value: 0.3411242663860321 and parameters: {'hidden_dim': 402, 'n_layers': 1, 'dropout': 0.11121361719994557, 'input_chunk_length': 95, 'learning_rate': 0.0009727711387363069, 'batch_size': 32}. Best is trial 0 with value: 0.11645901203155518.
GPU available: True (cuda), used: True
TPU available: False, using: 0 TPU cores
HPU available: False, using: 0 HPUs
LOCAL_RANK: 0 - CUDA_VISIBLE_DEVICES: [0,1,2,3]
SLURM auto-requeueing enabled. Setting signal handlers.
Monitored metric train_loss did not improve in the last 166 records. Best score: 0.055. Signaling Trainer to stop.
GPU available: True (cuda), used: True
TPU available: False, using: 0 TPU cores
HPU available: False, using: 0 HPUs
LOCAL_RANK: 0 - CUDA_VISIBLE_DEVICES: [0,1,2,3]
SLURM auto-requeueing enabled. Setting signal handlers.
[I 2024-11-05 04:51:08,411] Trial 108 finished with value: 0.3287218511104584 and parameters: {'hidden_dim': 304, 'n_layers': 3, 'dropout': 0.06132160229363599, 'input_chunk_length': 98, 'learning_rate': 0.0015229983597742954, 'batch_size': 32}. Best is trial 0 with value: 0.11645901203155518.
GPU available: True (cuda), used: True
TPU available: False, using: 0 TPU cores
HPU available: False, using: 0 HPUs
LOCAL_RANK: 0 - CUDA_VISIBLE_DEVICES: [0,1,2,3]
SLURM auto-requeueing enabled. Setting signal handlers.
Monitored metric train_loss did not improve in the last 167 records. Best score: 0.055. Signaling Trainer to stop.
GPU available: True (cuda), used: True
TPU available: False, using: 0 TPU cores
HPU available: False, using: 0 HPUs
LOCAL_RANK: 0 - CUDA_VISIBLE_DEVICES: [0,1,2,3]
SLURM auto-requeueing enabled. Setting signal handlers.
[I 2024-11-05 04:51:30,172] Trial 109 finished with value: 0.29932528734207153 and parameters: {'hidden_dim': 367, 'n_layers': 1, 'dropout': 0.06898055406810917, 'input_chunk_length': 88, 'learning_rate': 0.0011252955608159767, 'batch_size': 32}. Best is trial 0 with value: 0.11645901203155518.
GPU available: True (cuda), used: True
TPU available: False, using: 0 TPU cores
HPU available: False, using: 0 HPUs
LOCAL_RANK: 0 - CUDA_VISIBLE_DEVICES: [0,1,2,3]
SLURM auto-requeueing enabled. Setting signal handlers.
Monitored metric train_loss did not improve in the last 168 records. Best score: 0.055. Signaling Trainer to stop.
GPU available: True (cuda), used: True
TPU available: False, using: 0 TPU cores
HPU available: False, using: 0 HPUs
LOCAL_RANK: 0 - CUDA_VISIBLE_DEVICES: [0,1,2,3]
SLURM auto-requeueing enabled. Setting signal handlers.
[I 2024-11-05 04:51:53,982] Trial 110 finished with value: 0.5276387929916382 and parameters: {'hidden_dim': 331, 'n_layers': 2, 'dropout': 0.12784873907209937, 'input_chunk_length': 105, 'learning_rate': 0.006848108524903394, 'batch_size': 32}. Best is trial 0 with value: 0.11645901203155518.
GPU available: True (cuda), used: True
TPU available: False, using: 0 TPU cores
HPU available: False, using: 0 HPUs
LOCAL_RANK: 0 - CUDA_VISIBLE_DEVICES: [0,1,2,3]
SLURM auto-requeueing enabled. Setting signal handlers.
Monitored metric train_loss did not improve in the last 169 records. Best score: 0.055. Signaling Trainer to stop.
GPU available: True (cuda), used: True
TPU available: False, using: 0 TPU cores
HPU available: False, using: 0 HPUs
LOCAL_RANK: 0 - CUDA_VISIBLE_DEVICES: [0,1,2,3]
SLURM auto-requeueing enabled. Setting signal handlers.
[I 2024-11-05 04:52:14,750] Trial 111 finished with value: 0.32079845666885376 and parameters: {'hidden_dim': 272, 'n_layers': 1, 'dropout': 0.02705016126594456, 'input_chunk_length': 100, 'learning_rate': 0.00028955165903205645, 'batch_size': 32}. Best is trial 0 with value: 0.11645901203155518.
GPU available: True (cuda), used: True
TPU available: False, using: 0 TPU cores
HPU available: False, using: 0 HPUs
LOCAL_RANK: 0 - CUDA_VISIBLE_DEVICES: [0,1,2,3]
SLURM auto-requeueing enabled. Setting signal handlers.
Monitored metric train_loss did not improve in the last 170 records. Best score: 0.055. Signaling Trainer to stop.
GPU available: True (cuda), used: True
TPU available: False, using: 0 TPU cores
HPU available: False, using: 0 HPUs
LOCAL_RANK: 0 - CUDA_VISIBLE_DEVICES: [0,1,2,3]
SLURM auto-requeueing enabled. Setting signal handlers.
[I 2024-11-05 04:52:36,739] Trial 112 finished with value: 0.3405190408229828 and parameters: {'hidden_dim': 285, 'n_layers': 1, 'dropout': 0.053996764974917635, 'input_chunk_length': 112, 'learning_rate': 0.0005803548345178264, 'batch_size': 32}. Best is trial 0 with value: 0.11645901203155518.
GPU available: True (cuda), used: True
TPU available: False, using: 0 TPU cores
HPU available: False, using: 0 HPUs
LOCAL_RANK: 0 - CUDA_VISIBLE_DEVICES: [0,1,2,3]
SLURM auto-requeueing enabled. Setting signal handlers.
Monitored metric train_loss did not improve in the last 171 records. Best score: 0.055. Signaling Trainer to stop.
GPU available: True (cuda), used: True
TPU available: False, using: 0 TPU cores
HPU available: False, using: 0 HPUs
LOCAL_RANK: 0 - CUDA_VISIBLE_DEVICES: [0,1,2,3]
SLURM auto-requeueing enabled. Setting signal handlers.
[I 2024-11-05 04:52:59,268] Trial 113 finished with value: 0.3493213355541229 and parameters: {'hidden_dim': 348, 'n_layers': 1, 'dropout': 0.04785272807058905, 'input_chunk_length': 108, 'learning_rate': 0.0008399600408349971, 'batch_size': 32}. Best is trial 0 with value: 0.11645901203155518.
GPU available: True (cuda), used: True
TPU available: False, using: 0 TPU cores
HPU available: False, using: 0 HPUs
LOCAL_RANK: 0 - CUDA_VISIBLE_DEVICES: [0,1,2,3]
SLURM auto-requeueing enabled. Setting signal handlers.
Monitored metric train_loss did not improve in the last 172 records. Best score: 0.055. Signaling Trainer to stop.
GPU available: True (cuda), used: True
TPU available: False, using: 0 TPU cores
HPU available: False, using: 0 HPUs
LOCAL_RANK: 0 - CUDA_VISIBLE_DEVICES: [0,1,2,3]
SLURM auto-requeueing enabled. Setting signal handlers.
[I 2024-11-05 04:53:21,413] Trial 114 finished with value: 0.2868766784667969 and parameters: {'hidden_dim': 278, 'n_layers': 1, 'dropout': 0.09359644190879703, 'input_chunk_length': 115, 'learning_rate': 0.00041733461087320873, 'batch_size': 32}. Best is trial 0 with value: 0.11645901203155518.
GPU available: True (cuda), used: True
TPU available: False, using: 0 TPU cores
HPU available: False, using: 0 HPUs
LOCAL_RANK: 0 - CUDA_VISIBLE_DEVICES: [0,1,2,3]
SLURM auto-requeueing enabled. Setting signal handlers.
Monitored metric train_loss did not improve in the last 173 records. Best score: 0.055. Signaling Trainer to stop.
GPU available: True (cuda), used: True
TPU available: False, using: 0 TPU cores
HPU available: False, using: 0 HPUs
LOCAL_RANK: 0 - CUDA_VISIBLE_DEVICES: [0,1,2,3]
SLURM auto-requeueing enabled. Setting signal handlers.
[I 2024-11-05 04:53:46,661] Trial 115 finished with value: 0.3021814525127411 and parameters: {'hidden_dim': 342, 'n_layers': 2, 'dropout': 0.08681175670625678, 'input_chunk_length': 123, 'learning_rate': 0.00046592255850056824, 'batch_size': 32}. Best is trial 0 with value: 0.11645901203155518.
GPU available: True (cuda), used: True
TPU available: False, using: 0 TPU cores
HPU available: False, using: 0 HPUs
LOCAL_RANK: 0 - CUDA_VISIBLE_DEVICES: [0,1,2,3]
SLURM auto-requeueing enabled. Setting signal handlers.
Monitored metric train_loss did not improve in the last 174 records. Best score: 0.055. Signaling Trainer to stop.
GPU available: True (cuda), used: True
TPU available: False, using: 0 TPU cores
HPU available: False, using: 0 HPUs
LOCAL_RANK: 0 - CUDA_VISIBLE_DEVICES: [0,1,2,3]
SLURM auto-requeueing enabled. Setting signal handlers.
[I 2024-11-05 04:54:05,353] Trial 116 finished with value: 0.3072119951248169 and parameters: {'hidden_dim': 314, 'n_layers': 1, 'dropout': 0.10475482358481161, 'input_chunk_length': 55, 'learning_rate': 2.8173948758143283e-05, 'batch_size': 32}. Best is trial 0 with value: 0.11645901203155518.
GPU available: True (cuda), used: True
TPU available: False, using: 0 TPU cores
HPU available: False, using: 0 HPUs
LOCAL_RANK: 0 - CUDA_VISIBLE_DEVICES: [0,1,2,3]
SLURM auto-requeueing enabled. Setting signal handlers.
Monitored metric train_loss did not improve in the last 175 records. Best score: 0.055. Signaling Trainer to stop.
GPU available: True (cuda), used: True
TPU available: False, using: 0 TPU cores
HPU available: False, using: 0 HPUs
LOCAL_RANK: 0 - CUDA_VISIBLE_DEVICES: [0,1,2,3]
SLURM auto-requeueing enabled. Setting signal handlers.
[I 2024-11-05 04:54:27,047] Trial 117 finished with value: 0.29494714736938477 and parameters: {'hidden_dim': 211, 'n_layers': 2, 'dropout': 0.12317804234197074, 'input_chunk_length': 102, 'learning_rate': 0.0006683458832674306, 'batch_size': 32}. Best is trial 0 with value: 0.11645901203155518.
GPU available: True (cuda), used: True
TPU available: False, using: 0 TPU cores
HPU available: False, using: 0 HPUs
LOCAL_RANK: 0 - CUDA_VISIBLE_DEVICES: [0,1,2,3]
SLURM auto-requeueing enabled. Setting signal handlers.
Monitored metric train_loss did not improve in the last 176 records. Best score: 0.055. Signaling Trainer to stop.
GPU available: True (cuda), used: True
TPU available: False, using: 0 TPU cores
HPU available: False, using: 0 HPUs
LOCAL_RANK: 0 - CUDA_VISIBLE_DEVICES: [0,1,2,3]
SLURM auto-requeueing enabled. Setting signal handlers.
[I 2024-11-05 04:54:49,395] Trial 118 finished with value: 0.3153379261493683 and parameters: {'hidden_dim': 357, 'n_layers': 1, 'dropout': 0.08305409481034792, 'input_chunk_length': 93, 'learning_rate': 0.0009515080216969999, 'batch_size': 32}. Best is trial 0 with value: 0.11645901203155518.
GPU available: True (cuda), used: True
TPU available: False, using: 0 TPU cores
HPU available: False, using: 0 HPUs
LOCAL_RANK: 0 - CUDA_VISIBLE_DEVICES: [0,1,2,3]
SLURM auto-requeueing enabled. Setting signal handlers.
Monitored metric train_loss did not improve in the last 177 records. Best score: 0.055. Signaling Trainer to stop.
GPU available: True (cuda), used: True
TPU available: False, using: 0 TPU cores
HPU available: False, using: 0 HPUs
LOCAL_RANK: 0 - CUDA_VISIBLE_DEVICES: [0,1,2,3]
SLURM auto-requeueing enabled. Setting signal handlers.
[I 2024-11-05 04:55:10,842] Trial 119 finished with value: 0.30702540278434753 and parameters: {'hidden_dim': 280, 'n_layers': 2, 'dropout': 0.4377343658276476, 'input_chunk_length': 97, 'learning_rate': 0.0013007761934271023, 'batch_size': 32}. Best is trial 0 with value: 0.11645901203155518.
GPU available: True (cuda), used: True
TPU available: False, using: 0 TPU cores
HPU available: False, using: 0 HPUs
LOCAL_RANK: 0 - CUDA_VISIBLE_DEVICES: [0,1,2,3]
SLURM auto-requeueing enabled. Setting signal handlers.
Monitored metric train_loss did not improve in the last 178 records. Best score: 0.055. Signaling Trainer to stop.
GPU available: True (cuda), used: True
TPU available: False, using: 0 TPU cores
HPU available: False, using: 0 HPUs
LOCAL_RANK: 0 - CUDA_VISIBLE_DEVICES: [0,1,2,3]
SLURM auto-requeueing enabled. Setting signal handlers.
[I 2024-11-05 04:55:28,888] Trial 120 finished with value: 0.38002386689186096 and parameters: {'hidden_dim': 55, 'n_layers': 4, 'dropout': 0.468075146338131, 'input_chunk_length': 111, 'learning_rate': 0.0003724645009243824, 'batch_size': 32}. Best is trial 0 with value: 0.11645901203155518.
GPU available: True (cuda), used: True
TPU available: False, using: 0 TPU cores
HPU available: False, using: 0 HPUs
LOCAL_RANK: 0 - CUDA_VISIBLE_DEVICES: [0,1,2,3]
SLURM auto-requeueing enabled. Setting signal handlers.
Monitored metric train_loss did not improve in the last 179 records. Best score: 0.055. Signaling Trainer to stop.
GPU available: True (cuda), used: True
TPU available: False, using: 0 TPU cores
HPU available: False, using: 0 HPUs
LOCAL_RANK: 0 - CUDA_VISIBLE_DEVICES: [0,1,2,3]
SLURM auto-requeueing enabled. Setting signal handlers.
[I 2024-11-05 04:55:50,967] Trial 121 finished with value: 0.28637927770614624 and parameters: {'hidden_dim': 267, 'n_layers': 1, 'dropout': 0.03980720383123638, 'input_chunk_length': 115, 'learning_rate': 0.00024533962301204177, 'batch_size': 32}. Best is trial 0 with value: 0.11645901203155518.
GPU available: True (cuda), used: True
TPU available: False, using: 0 TPU cores
HPU available: False, using: 0 HPUs
LOCAL_RANK: 0 - CUDA_VISIBLE_DEVICES: [0,1,2,3]
SLURM auto-requeueing enabled. Setting signal handlers.
Monitored metric train_loss did not improve in the last 180 records. Best score: 0.055. Signaling Trainer to stop.
GPU available: True (cuda), used: True
TPU available: False, using: 0 TPU cores
HPU available: False, using: 0 HPUs
LOCAL_RANK: 0 - CUDA_VISIBLE_DEVICES: [0,1,2,3]
SLURM auto-requeueing enabled. Setting signal handlers.
