[I 2024-11-01 20:09:06,154] Trial 144 finished with value: 0.22859986126422882 and parameters: {'hidden_dim': 129, 'n_layers': 4, 'dropout': 0.24103986626738816, 'input_chunk_length': 42, 'learning_rate': 0.002321944677476154, 'batch_size': 32}. Best is trial 0 with value: 0.07914793491363525.
GPU available: False, used: False
TPU available: False, using: 0 TPU cores
HPU available: False, using: 0 HPUs
SLURM auto-requeueing enabled. Setting signal handlers.
Monitored metric train_loss did not improve in the last 174 records. Best score: 0.031. Signaling Trainer to stop.
GPU available: False, used: False
TPU available: False, using: 0 TPU cores
HPU available: False, using: 0 HPUs
SLURM auto-requeueing enabled. Setting signal handlers.
[I 2024-11-01 20:10:35,286] Trial 145 finished with value: 0.23066984117031097 and parameters: {'hidden_dim': 256, 'n_layers': 4, 'dropout': 0.38762040721711216, 'input_chunk_length': 34, 'learning_rate': 0.0012667219208271296, 'batch_size': 32}. Best is trial 0 with value: 0.07914793491363525.
GPU available: False, used: False
TPU available: False, using: 0 TPU cores
HPU available: False, using: 0 HPUs
SLURM auto-requeueing enabled. Setting signal handlers.
Monitored metric train_loss did not improve in the last 175 records. Best score: 0.031. Signaling Trainer to stop.
GPU available: False, used: False
TPU available: False, using: 0 TPU cores
HPU available: False, using: 0 HPUs
SLURM auto-requeueing enabled. Setting signal handlers.
[I 2024-11-01 20:11:31,379] Trial 146 finished with value: 0.35558393597602844 and parameters: {'hidden_dim': 244, 'n_layers': 3, 'dropout': 0.13394156864118995, 'input_chunk_length': 21, 'learning_rate': 0.005095216898834528, 'batch_size': 64}. Best is trial 0 with value: 0.07914793491363525.
GPU available: False, used: False
TPU available: False, using: 0 TPU cores
HPU available: False, using: 0 HPUs
SLURM auto-requeueing enabled. Setting signal handlers.
Monitored metric train_loss did not improve in the last 176 records. Best score: 0.031. Signaling Trainer to stop.
GPU available: False, used: False
TPU available: False, using: 0 TPU cores
HPU available: False, using: 0 HPUs
SLURM auto-requeueing enabled. Setting signal handlers.
[I 2024-11-01 20:13:20,267] Trial 147 finished with value: 0.16848690807819366 and parameters: {'hidden_dim': 115, 'n_layers': 5, 'dropout': 0.22836601727605438, 'input_chunk_length': 111, 'learning_rate': 0.0015943137521460698, 'batch_size': 32}. Best is trial 0 with value: 0.07914793491363525.
GPU available: False, used: False
TPU available: False, using: 0 TPU cores
HPU available: False, using: 0 HPUs
SLURM auto-requeueing enabled. Setting signal handlers.
Monitored metric train_loss did not improve in the last 177 records. Best score: 0.031. Signaling Trainer to stop.
GPU available: False, used: False
TPU available: False, using: 0 TPU cores
HPU available: False, using: 0 HPUs
SLURM auto-requeueing enabled. Setting signal handlers.
[I 2024-11-01 20:15:10,347] Trial 148 finished with value: 0.19611607491970062 and parameters: {'hidden_dim': 114, 'n_layers': 5, 'dropout': 0.08921633398565344, 'input_chunk_length': 111, 'learning_rate': 0.0017387638322344757, 'batch_size': 32}. Best is trial 0 with value: 0.07914793491363525.
GPU available: False, used: False
TPU available: False, using: 0 TPU cores
HPU available: False, using: 0 HPUs
SLURM auto-requeueing enabled. Setting signal handlers.
Monitored metric train_loss did not improve in the last 178 records. Best score: 0.031. Signaling Trainer to stop.
GPU available: False, used: False
TPU available: False, using: 0 TPU cores
HPU available: False, using: 0 HPUs
SLURM auto-requeueing enabled. Setting signal handlers.
[I 2024-11-01 20:17:04,850] Trial 149 finished with value: 0.1838064044713974 and parameters: {'hidden_dim': 105, 'n_layers': 5, 'dropout': 0.41883376920486326, 'input_chunk_length': 116, 'learning_rate': 0.001422516901401875, 'batch_size': 32}. Best is trial 0 with value: 0.07914793491363525.
GPU available: False, used: False
TPU available: False, using: 0 TPU cores
HPU available: False, using: 0 HPUs
SLURM auto-requeueing enabled. Setting signal handlers.
Monitored metric train_loss did not improve in the last 179 records. Best score: 0.031. Signaling Trainer to stop.
GPU available: False, used: False
TPU available: False, using: 0 TPU cores
HPU available: False, using: 0 HPUs
SLURM auto-requeueing enabled. Setting signal handlers.
[I 2024-11-01 20:18:55,271] Trial 150 finished with value: 0.29834476113319397 and parameters: {'hidden_dim': 116, 'n_layers': 6, 'dropout': 0.15905955709432013, 'input_chunk_length': 107, 'learning_rate': 0.0009376886551372289, 'batch_size': 32}. Best is trial 0 with value: 0.07914793491363525.
GPU available: False, used: False
TPU available: False, using: 0 TPU cores
HPU available: False, using: 0 HPUs
SLURM auto-requeueing enabled. Setting signal handlers.
Monitored metric train_loss did not improve in the last 180 records. Best score: 0.031. Signaling Trainer to stop.
GPU available: False, used: False
TPU available: False, using: 0 TPU cores
HPU available: False, using: 0 HPUs
SLURM auto-requeueing enabled. Setting signal handlers.
[I 2024-11-01 20:21:22,889] Trial 151 finished with value: 0.16533271968364716 and parameters: {'hidden_dim': 164, 'n_layers': 5, 'dropout': 0.22624934162736537, 'input_chunk_length': 113, 'learning_rate': 0.0007145400956626856, 'batch_size': 32}. Best is trial 0 with value: 0.07914793491363525.
GPU available: False, used: False
TPU available: False, using: 0 TPU cores
HPU available: False, using: 0 HPUs
SLURM auto-requeueing enabled. Setting signal handlers.
Monitored metric train_loss did not improve in the last 181 records. Best score: 0.031. Signaling Trainer to stop.
GPU available: False, used: False
TPU available: False, using: 0 TPU cores
HPU available: False, using: 0 HPUs
SLURM auto-requeueing enabled. Setting signal handlers.
[I 2024-11-01 20:23:46,552] Trial 152 finished with value: 0.26267459988594055 and parameters: {'hidden_dim': 164, 'n_layers': 5, 'dropout': 0.2301036468039953, 'input_chunk_length': 109, 'learning_rate': 0.0006932330379589302, 'batch_size': 32}. Best is trial 0 with value: 0.07914793491363525.
GPU available: False, used: False
TPU available: False, using: 0 TPU cores
HPU available: False, using: 0 HPUs
SLURM auto-requeueing enabled. Setting signal handlers.
Monitored metric train_loss did not improve in the last 182 records. Best score: 0.031. Signaling Trainer to stop.
GPU available: False, used: False
TPU available: False, using: 0 TPU cores
HPU available: False, using: 0 HPUs
SLURM auto-requeueing enabled. Setting signal handlers.
[I 2024-11-01 20:26:26,646] Trial 153 finished with value: 0.18325674533843994 and parameters: {'hidden_dim': 177, 'n_layers': 5, 'dropout': 0.22698192359910144, 'input_chunk_length': 112, 'learning_rate': 0.0004800500235623464, 'batch_size': 32}. Best is trial 0 with value: 0.07914793491363525.
GPU available: False, used: False
TPU available: False, using: 0 TPU cores
HPU available: False, using: 0 HPUs
SLURM auto-requeueing enabled. Setting signal handlers.
Monitored metric train_loss did not improve in the last 183 records. Best score: 0.031. Signaling Trainer to stop.
GPU available: False, used: False
TPU available: False, using: 0 TPU cores
HPU available: False, using: 0 HPUs
SLURM auto-requeueing enabled. Setting signal handlers.
[I 2024-11-01 20:27:44,290] Trial 154 finished with value: 0.2880060374736786 and parameters: {'hidden_dim': 121, 'n_layers': 5, 'dropout': 0.1813394146160921, 'input_chunk_length': 66, 'learning_rate': 0.00036642519268312757, 'batch_size': 32}. Best is trial 0 with value: 0.07914793491363525.
GPU available: False, used: False
TPU available: False, using: 0 TPU cores
HPU available: False, using: 0 HPUs
SLURM auto-requeueing enabled. Setting signal handlers.
Monitored metric train_loss did not improve in the last 184 records. Best score: 0.031. Signaling Trainer to stop.
GPU available: False, used: False
TPU available: False, using: 0 TPU cores
HPU available: False, using: 0 HPUs
SLURM auto-requeueing enabled. Setting signal handlers.
[I 2024-11-01 20:29:59,620] Trial 155 finished with value: 0.21960417926311493 and parameters: {'hidden_dim': 160, 'n_layers': 5, 'dropout': 0.24217904667170206, 'input_chunk_length': 114, 'learning_rate': 0.000617567312051758, 'batch_size': 32}. Best is trial 0 with value: 0.07914793491363525.
GPU available: False, used: False
TPU available: False, using: 0 TPU cores
HPU available: False, using: 0 HPUs
SLURM auto-requeueing enabled. Setting signal handlers.
Monitored metric train_loss did not improve in the last 185 records. Best score: 0.031. Signaling Trainer to stop.
GPU available: False, used: False
TPU available: False, using: 0 TPU cores
HPU available: False, using: 0 HPUs
SLURM auto-requeueing enabled. Setting signal handlers.
[I 2024-11-01 20:32:23,383] Trial 156 finished with value: 0.25612178444862366 and parameters: {'hidden_dim': 170, 'n_layers': 5, 'dropout': 0.27259831304607984, 'input_chunk_length': 104, 'learning_rate': 0.0016515629980930326, 'batch_size': 32}. Best is trial 0 with value: 0.07914793491363525.
GPU available: False, used: False
TPU available: False, using: 0 TPU cores
HPU available: False, using: 0 HPUs
SLURM auto-requeueing enabled. Setting signal handlers.
Monitored metric train_loss did not improve in the last 186 records. Best score: 0.031. Signaling Trainer to stop.
GPU available: False, used: False
TPU available: False, using: 0 TPU cores
HPU available: False, using: 0 HPUs
SLURM auto-requeueing enabled. Setting signal handlers.
[I 2024-11-01 20:34:00,133] Trial 157 finished with value: 0.2971750795841217 and parameters: {'hidden_dim': 108, 'n_layers': 5, 'dropout': 0.20934034244812352, 'input_chunk_length': 107, 'learning_rate': 0.0011026657191068822, 'batch_size': 32}. Best is trial 0 with value: 0.07914793491363525.
GPU available: False, used: False
TPU available: False, using: 0 TPU cores
HPU available: False, using: 0 HPUs
SLURM auto-requeueing enabled. Setting signal handlers.
Monitored metric train_loss did not improve in the last 187 records. Best score: 0.031. Signaling Trainer to stop.
GPU available: False, used: False
TPU available: False, using: 0 TPU cores
HPU available: False, using: 0 HPUs
SLURM auto-requeueing enabled. Setting signal handlers.
[I 2024-11-01 20:37:45,795] Trial 158 finished with value: 0.22218157351016998 and parameters: {'hidden_dim': 236, 'n_layers': 5, 'dropout': 0.1957713469570985, 'input_chunk_length': 118, 'learning_rate': 0.0007852854298335775, 'batch_size': 32}. Best is trial 0 with value: 0.07914793491363525.
GPU available: False, used: False
TPU available: False, using: 0 TPU cores
HPU available: False, using: 0 HPUs
SLURM auto-requeueing enabled. Setting signal handlers.
Monitored metric train_loss did not improve in the last 188 records. Best score: 0.031. Signaling Trainer to stop.
GPU available: False, used: False
TPU available: False, using: 0 TPU cores
HPU available: False, using: 0 HPUs
SLURM auto-requeueing enabled. Setting signal handlers.
[I 2024-11-01 20:40:50,988] Trial 159 finished with value: 0.3427218496799469 and parameters: {'hidden_dim': 251, 'n_layers': 2, 'dropout': 0.2890649907921664, 'input_chunk_length': 100, 'learning_rate': 0.0020968462691845395, 'batch_size': 64}. Best is trial 0 with value: 0.07914793491363525.
GPU available: False, used: False
TPU available: False, using: 0 TPU cores
HPU available: False, using: 0 HPUs
SLURM auto-requeueing enabled. Setting signal handlers.
Monitored metric train_loss did not improve in the last 189 records. Best score: 0.031. Signaling Trainer to stop.
GPU available: False, used: False
TPU available: False, using: 0 TPU cores
HPU available: False, using: 0 HPUs
SLURM auto-requeueing enabled. Setting signal handlers.
[I 2024-11-01 20:42:59,699] Trial 160 finished with value: 0.3015699088573456 and parameters: {'hidden_dim': 156, 'n_layers': 3, 'dropout': 0.2249081360670282, 'input_chunk_length': 110, 'learning_rate': 0.00042433922714190867, 'batch_size': 32}. Best is trial 0 with value: 0.07914793491363525.
GPU available: False, used: False
TPU available: False, using: 0 TPU cores
HPU available: False, using: 0 HPUs
SLURM auto-requeueing enabled. Setting signal handlers.
Monitored metric train_loss did not improve in the last 190 records. Best score: 0.031. Signaling Trainer to stop.
GPU available: False, used: False
TPU available: False, using: 0 TPU cores
HPU available: False, using: 0 HPUs
SLURM auto-requeueing enabled. Setting signal handlers.
[I 2024-11-01 20:44:56,885] Trial 161 finished with value: 0.35669857263565063 and parameters: {'hidden_dim': 246, 'n_layers': 4, 'dropout': 0.2555711808638316, 'input_chunk_length': 51, 'learning_rate': 0.0019497309976810497, 'batch_size': 32}. Best is trial 0 with value: 0.07914793491363525.
GPU available: False, used: False
TPU available: False, using: 0 TPU cores
HPU available: False, using: 0 HPUs
SLURM auto-requeueing enabled. Setting signal handlers.
Monitored metric train_loss did not improve in the last 191 records. Best score: 0.031. Signaling Trainer to stop.
GPU available: False, used: False
TPU available: False, using: 0 TPU cores
HPU available: False, using: 0 HPUs
SLURM auto-requeueing enabled. Setting signal handlers.
[I 2024-11-01 20:45:57,056] Trial 162 finished with value: 0.22715215384960175 and parameters: {'hidden_dim': 129, 'n_layers': 4, 'dropout': 0.0014816714135683223, 'input_chunk_length': 45, 'learning_rate': 0.008466824660215744, 'batch_size': 32}. Best is trial 0 with value: 0.07914793491363525.
GPU available: False, used: False
TPU available: False, using: 0 TPU cores
HPU available: False, using: 0 HPUs
SLURM auto-requeueing enabled. Setting signal handlers.
Monitored metric train_loss did not improve in the last 192 records. Best score: 0.031. Signaling Trainer to stop.
GPU available: False, used: False
TPU available: False, using: 0 TPU cores
HPU available: False, using: 0 HPUs
SLURM auto-requeueing enabled. Setting signal handlers.
[I 2024-11-01 20:48:17,045] Trial 163 finished with value: 0.41094616055488586 and parameters: {'hidden_dim': 166, 'n_layers': 5, 'dropout': 0.21880935143851718, 'input_chunk_length': 105, 'learning_rate': 0.0028117682675327057, 'batch_size': 32}. Best is trial 0 with value: 0.07914793491363525.
GPU available: False, used: False
TPU available: False, using: 0 TPU cores
HPU available: False, using: 0 HPUs
SLURM auto-requeueing enabled. Setting signal handlers.
Monitored metric train_loss did not improve in the last 193 records. Best score: 0.031. Signaling Trainer to stop.
GPU available: False, used: False
TPU available: False, using: 0 TPU cores
HPU available: False, using: 0 HPUs
SLURM auto-requeueing enabled. Setting signal handlers.
[I 2024-11-01 20:48:53,341] Trial 164 finished with value: 0.20287738740444183 and parameters: {'hidden_dim': 83, 'n_layers': 4, 'dropout': 0.43423404847010494, 'input_chunk_length': 24, 'learning_rate': 0.004454910932193268, 'batch_size': 32}. Best is trial 0 with value: 0.07914793491363525.
GPU available: False, used: False
TPU available: False, using: 0 TPU cores
HPU available: False, using: 0 HPUs
SLURM auto-requeueing enabled. Setting signal handlers.
Monitored metric train_loss did not improve in the last 194 records. Best score: 0.031. Signaling Trainer to stop.
GPU available: False, used: False
TPU available: False, using: 0 TPU cores
HPU available: False, using: 0 HPUs
SLURM auto-requeueing enabled. Setting signal handlers.
[I 2024-11-01 20:51:55,177] Trial 165 finished with value: 0.46616247296333313 and parameters: {'hidden_dim': 241, 'n_layers': 3, 'dropout': 0.40938529658797546, 'input_chunk_length': 101, 'learning_rate': 1.0240084495351771e-05, 'batch_size': 32}. Best is trial 0 with value: 0.07914793491363525.
GPU available: False, used: False
TPU available: False, using: 0 TPU cores
HPU available: False, using: 0 HPUs
SLURM auto-requeueing enabled. Setting signal handlers.
Monitored metric train_loss did not improve in the last 195 records. Best score: 0.031. Signaling Trainer to stop.
GPU available: False, used: False
TPU available: False, using: 0 TPU cores
HPU available: False, using: 0 HPUs
SLURM auto-requeueing enabled. Setting signal handlers.
[I 2024-11-01 20:55:44,225] Trial 166 finished with value: 0.31829896569252014 and parameters: {'hidden_dim': 251, 'n_layers': 4, 'dropout': 0.44561213408260625, 'input_chunk_length': 115, 'learning_rate': 0.0012622234528637236, 'batch_size': 32}. Best is trial 0 with value: 0.07914793491363525.
GPU available: False, used: False
TPU available: False, using: 0 TPU cores
HPU available: False, using: 0 HPUs
SLURM auto-requeueing enabled. Setting signal handlers.
Monitored metric train_loss did not improve in the last 196 records. Best score: 0.031. Signaling Trainer to stop.
GPU available: False, used: False
TPU available: False, using: 0 TPU cores
HPU available: False, using: 0 HPUs
SLURM auto-requeueing enabled. Setting signal handlers.
[I 2024-11-01 20:57:42,237] Trial 167 finished with value: 0.3286895155906677 and parameters: {'hidden_dim': 181, 'n_layers': 5, 'dropout': 0.2050052711401012, 'input_chunk_length': 72, 'learning_rate': 4.686106447261415e-05, 'batch_size': 32}. Best is trial 0 with value: 0.07914793491363525.
GPU available: False, used: False
TPU available: False, using: 0 TPU cores
HPU available: False, using: 0 HPUs
SLURM auto-requeueing enabled. Setting signal handlers.
Monitored metric train_loss did not improve in the last 197 records. Best score: 0.031. Signaling Trainer to stop.
GPU available: False, used: False
TPU available: False, using: 0 TPU cores
HPU available: False, using: 0 HPUs
SLURM auto-requeueing enabled. Setting signal handlers.
[I 2024-11-01 20:58:27,051] Trial 168 finished with value: 0.29746299982070923 and parameters: {'hidden_dim': 120, 'n_layers': 3, 'dropout': 0.3325562933770377, 'input_chunk_length': 30, 'learning_rate': 0.0015753174604515232, 'batch_size': 32}. Best is trial 0 with value: 0.07914793491363525.
GPU available: False, used: False
TPU available: False, using: 0 TPU cores
HPU available: False, using: 0 HPUs
SLURM auto-requeueing enabled. Setting signal handlers.
Monitored metric train_loss did not improve in the last 198 records. Best score: 0.031. Signaling Trainer to stop.
GPU available: False, used: False
TPU available: False, using: 0 TPU cores
HPU available: False, using: 0 HPUs
SLURM auto-requeueing enabled. Setting signal handlers.
[I 2024-11-01 20:59:05,694] Trial 169 finished with value: 0.24454070627689362 and parameters: {'hidden_dim': 141, 'n_layers': 4, 'dropout': 0.2507840339905171, 'input_chunk_length': 14, 'learning_rate': 0.0008877095461474628, 'batch_size': 32}. Best is trial 0 with value: 0.07914793491363525.
GPU available: False, used: False
TPU available: False, using: 0 TPU cores
HPU available: False, using: 0 HPUs
SLURM auto-requeueing enabled. Setting signal handlers.
Monitored metric train_loss did not improve in the last 199 records. Best score: 0.031. Signaling Trainer to stop.
GPU available: False, used: False
TPU available: False, using: 0 TPU cores
HPU available: False, using: 0 HPUs
SLURM auto-requeueing enabled. Setting signal handlers.
[I 2024-11-01 21:02:12,534] Trial 170 finished with value: 0.23607762157917023 and parameters: {'hidden_dim': 256, 'n_layers': 5, 'dropout': 0.423447516092168, 'input_chunk_length': 86, 'learning_rate': 0.0007314871230907829, 'batch_size': 64}. Best is trial 0 with value: 0.07914793491363525.
GPU available: False, used: False
TPU available: False, using: 0 TPU cores
HPU available: False, using: 0 HPUs
SLURM auto-requeueing enabled. Setting signal handlers.
Monitored metric train_loss did not improve in the last 200 records. Best score: 0.031. Signaling Trainer to stop.
GPU available: False, used: False
TPU available: False, using: 0 TPU cores
HPU available: False, using: 0 HPUs
SLURM auto-requeueing enabled. Setting signal handlers.
[I 2024-11-01 21:04:52,776] Trial 171 finished with value: 0.19293929636478424 and parameters: {'hidden_dim': 173, 'n_layers': 5, 'dropout': 0.2293165760147886, 'input_chunk_length': 112, 'learning_rate': 0.0004814645846210761, 'batch_size': 32}. Best is trial 0 with value: 0.07914793491363525.
GPU available: False, used: False
TPU available: False, using: 0 TPU cores
HPU available: False, using: 0 HPUs
SLURM auto-requeueing enabled. Setting signal handlers.
Monitored metric train_loss did not improve in the last 201 records. Best score: 0.031. Signaling Trainer to stop.
GPU available: False, used: False
TPU available: False, using: 0 TPU cores
HPU available: False, using: 0 HPUs
SLURM auto-requeueing enabled. Setting signal handlers.
[I 2024-11-01 21:07:30,848] Trial 172 finished with value: 0.16766121983528137 and parameters: {'hidden_dim': 164, 'n_layers': 5, 'dropout': 0.24154156394457948, 'input_chunk_length': 120, 'learning_rate': 0.0005292868131374235, 'batch_size': 32}. Best is trial 0 with value: 0.07914793491363525.
GPU available: False, used: False
TPU available: False, using: 0 TPU cores
HPU available: False, using: 0 HPUs
SLURM auto-requeueing enabled. Setting signal handlers.
Monitored metric train_loss did not improve in the last 202 records. Best score: 0.031. Signaling Trainer to stop.
GPU available: False, used: False
TPU available: False, using: 0 TPU cores
HPU available: False, using: 0 HPUs
SLURM auto-requeueing enabled. Setting signal handlers.
