[I 2024-11-01 17:04:03,485] Trial 230 finished with value: 0.31784293055534363 and parameters: {'hidden_dim': 197, 'n_layers': 5, 'dropout': 0.3147407108498112, 'input_chunk_length': 16, 'learning_rate': 0.0016784437051958207, 'batch_size': 64}. Best is trial 0 with value: 0.08160930126905441.
GPU available: False, used: False
TPU available: False, using: 0 TPU cores
HPU available: False, using: 0 HPUs
SLURM auto-requeueing enabled. Setting signal handlers.
Monitored metric train_loss did not improve in the last 260 records. Best score: 0.038. Signaling Trainer to stop.
GPU available: False, used: False
TPU available: False, using: 0 TPU cores
HPU available: False, using: 0 HPUs
SLURM auto-requeueing enabled. Setting signal handlers.
[I 2024-11-01 17:05:03,425] Trial 231 finished with value: 0.306411474943161 and parameters: {'hidden_dim': 190, 'n_layers': 3, 'dropout': 0.2945164273605986, 'input_chunk_length': 29, 'learning_rate': 0.0013794552436499445, 'batch_size': 32}. Best is trial 0 with value: 0.08160930126905441.
GPU available: False, used: False
TPU available: False, using: 0 TPU cores
HPU available: False, using: 0 HPUs
SLURM auto-requeueing enabled. Setting signal handlers.
Monitored metric train_loss did not improve in the last 261 records. Best score: 0.038. Signaling Trainer to stop.
GPU available: False, used: False
TPU available: False, using: 0 TPU cores
HPU available: False, using: 0 HPUs
SLURM auto-requeueing enabled. Setting signal handlers.
[I 2024-11-01 17:05:36,392] Trial 232 finished with value: 0.2962355613708496 and parameters: {'hidden_dim': 179, 'n_layers': 3, 'dropout': 0.27445335089748424, 'input_chunk_length': 7, 'learning_rate': 0.0012263331034223848, 'batch_size': 32}. Best is trial 0 with value: 0.08160930126905441.
GPU available: False, used: False
TPU available: False, using: 0 TPU cores
HPU available: False, using: 0 HPUs
SLURM auto-requeueing enabled. Setting signal handlers.
Monitored metric train_loss did not improve in the last 262 records. Best score: 0.038. Signaling Trainer to stop.
GPU available: False, used: False
TPU available: False, using: 0 TPU cores
HPU available: False, using: 0 HPUs
SLURM auto-requeueing enabled. Setting signal handlers.
[I 2024-11-01 17:05:59,850] Trial 233 finished with value: 0.24317002296447754 and parameters: {'hidden_dim': 111, 'n_layers': 3, 'dropout': 0.13507147850516757, 'input_chunk_length': 2, 'learning_rate': 0.001074353962032168, 'batch_size': 32}. Best is trial 0 with value: 0.08160930126905441.
GPU available: False, used: False
TPU available: False, using: 0 TPU cores
HPU available: False, using: 0 HPUs
SLURM auto-requeueing enabled. Setting signal handlers.
Monitored metric train_loss did not improve in the last 263 records. Best score: 0.038. Signaling Trainer to stop.
GPU available: False, used: False
TPU available: False, using: 0 TPU cores
HPU available: False, using: 0 HPUs
SLURM auto-requeueing enabled. Setting signal handlers.
[I 2024-11-01 17:06:29,466] Trial 234 finished with value: 0.15104076266288757 and parameters: {'hidden_dim': 184, 'n_layers': 3, 'dropout': 0.4543386592501091, 'input_chunk_length': 4, 'learning_rate': 0.0015237335445611256, 'batch_size': 32}. Best is trial 0 with value: 0.08160930126905441.
GPU available: False, used: False
TPU available: False, using: 0 TPU cores
HPU available: False, using: 0 HPUs
SLURM auto-requeueing enabled. Setting signal handlers.
Monitored metric train_loss did not improve in the last 264 records. Best score: 0.038. Signaling Trainer to stop.
GPU available: False, used: False
TPU available: False, using: 0 TPU cores
HPU available: False, using: 0 HPUs
SLURM auto-requeueing enabled. Setting signal handlers.
[I 2024-11-01 17:07:06,582] Trial 235 finished with value: 0.31022217869758606 and parameters: {'hidden_dim': 194, 'n_layers': 3, 'dropout': 0.45338208593118534, 'input_chunk_length': 9, 'learning_rate': 0.008009068088615361, 'batch_size': 32}. Best is trial 0 with value: 0.08160930126905441.
GPU available: False, used: False
TPU available: False, using: 0 TPU cores
HPU available: False, using: 0 HPUs
SLURM auto-requeueing enabled. Setting signal handlers.
Monitored metric train_loss did not improve in the last 265 records. Best score: 0.038. Signaling Trainer to stop.
GPU available: False, used: False
TPU available: False, using: 0 TPU cores
HPU available: False, using: 0 HPUs
SLURM auto-requeueing enabled. Setting signal handlers.
[I 2024-11-01 17:08:03,281] Trial 236 finished with value: 0.15264061093330383 and parameters: {'hidden_dim': 188, 'n_layers': 3, 'dropout': 0.44253258429868303, 'input_chunk_length': 27, 'learning_rate': 0.001641372833842283, 'batch_size': 32}. Best is trial 0 with value: 0.08160930126905441.
GPU available: False, used: False
TPU available: False, using: 0 TPU cores
HPU available: False, using: 0 HPUs
SLURM auto-requeueing enabled. Setting signal handlers.
Monitored metric train_loss did not improve in the last 266 records. Best score: 0.038. Signaling Trainer to stop.
GPU available: False, used: False
TPU available: False, using: 0 TPU cores
HPU available: False, using: 0 HPUs
SLURM auto-requeueing enabled. Setting signal handlers.
[I 2024-11-01 17:08:55,404] Trial 237 finished with value: 0.21993522346019745 and parameters: {'hidden_dim': 187, 'n_layers': 3, 'dropout': 0.4452964129908003, 'input_chunk_length': 23, 'learning_rate': 0.0016601389686896196, 'batch_size': 32}. Best is trial 0 with value: 0.08160930126905441.
GPU available: False, used: False
TPU available: False, using: 0 TPU cores
HPU available: False, using: 0 HPUs
SLURM auto-requeueing enabled. Setting signal handlers.
Monitored metric train_loss did not improve in the last 267 records. Best score: 0.038. Signaling Trainer to stop.
GPU available: False, used: False
TPU available: False, using: 0 TPU cores
HPU available: False, using: 0 HPUs
SLURM auto-requeueing enabled. Setting signal handlers.
[I 2024-11-01 17:09:44,339] Trial 238 finished with value: 0.3172811269760132 and parameters: {'hidden_dim': 175, 'n_layers': 3, 'dropout': 0.46039802497455146, 'input_chunk_length': 22, 'learning_rate': 0.0019542813223721086, 'batch_size': 32}. Best is trial 0 with value: 0.08160930126905441.
GPU available: False, used: False
TPU available: False, using: 0 TPU cores
HPU available: False, using: 0 HPUs
SLURM auto-requeueing enabled. Setting signal handlers.
Monitored metric train_loss did not improve in the last 268 records. Best score: 0.038. Signaling Trainer to stop.
GPU available: False, used: False
TPU available: False, using: 0 TPU cores
HPU available: False, using: 0 HPUs
SLURM auto-requeueing enabled. Setting signal handlers.
[I 2024-11-01 17:11:36,374] Trial 239 finished with value: 0.30314016342163086 and parameters: {'hidden_dim': 189, 'n_layers': 3, 'dropout': 0.42961735665527884, 'input_chunk_length': 74, 'learning_rate': 0.001482318823280673, 'batch_size': 32}. Best is trial 0 with value: 0.08160930126905441.
GPU available: False, used: False
TPU available: False, using: 0 TPU cores
HPU available: False, using: 0 HPUs
SLURM auto-requeueing enabled. Setting signal handlers.
Monitored metric train_loss did not improve in the last 269 records. Best score: 0.038. Signaling Trainer to stop.
GPU available: False, used: False
TPU available: False, using: 0 TPU cores
HPU available: False, using: 0 HPUs
SLURM auto-requeueing enabled. Setting signal handlers.
[I 2024-11-01 17:12:36,920] Trial 240 finished with value: 0.25996723771095276 and parameters: {'hidden_dim': 183, 'n_layers': 3, 'dropout': 0.4426799387334782, 'input_chunk_length': 28, 'learning_rate': 0.001589965035942137, 'batch_size': 32}. Best is trial 0 with value: 0.08160930126905441.
GPU available: False, used: False
TPU available: False, using: 0 TPU cores
HPU available: False, using: 0 HPUs
SLURM auto-requeueing enabled. Setting signal handlers.
Monitored metric train_loss did not improve in the last 270 records. Best score: 0.038. Signaling Trainer to stop.
GPU available: False, used: False
TPU available: False, using: 0 TPU cores
HPU available: False, using: 0 HPUs
SLURM auto-requeueing enabled. Setting signal handlers.
[I 2024-11-01 17:13:25,827] Trial 241 finished with value: 0.20930807292461395 and parameters: {'hidden_dim': 192, 'n_layers': 3, 'dropout': 0.4288900091392818, 'input_chunk_length': 19, 'learning_rate': 0.0008808439428442807, 'batch_size': 32}. Best is trial 0 with value: 0.08160930126905441.
GPU available: False, used: False
TPU available: False, using: 0 TPU cores
HPU available: False, using: 0 HPUs
SLURM auto-requeueing enabled. Setting signal handlers.
Monitored metric train_loss did not improve in the last 271 records. Best score: 0.038. Signaling Trainer to stop.
GPU available: False, used: False
TPU available: False, using: 0 TPU cores
HPU available: False, using: 0 HPUs
SLURM auto-requeueing enabled. Setting signal handlers.
[I 2024-11-01 17:14:17,716] Trial 242 finished with value: 0.25420311093330383 and parameters: {'hidden_dim': 146, 'n_layers': 3, 'dropout': 0.41024281121133277, 'input_chunk_length': 25, 'learning_rate': 0.001861058686182213, 'batch_size': 32}. Best is trial 0 with value: 0.08160930126905441.
GPU available: False, used: False
TPU available: False, using: 0 TPU cores
HPU available: False, using: 0 HPUs
SLURM auto-requeueing enabled. Setting signal handlers.
Monitored metric train_loss did not improve in the last 272 records. Best score: 0.038. Signaling Trainer to stop.
GPU available: False, used: False
TPU available: False, using: 0 TPU cores
HPU available: False, using: 0 HPUs
SLURM auto-requeueing enabled. Setting signal handlers.
[I 2024-11-01 17:14:50,736] Trial 243 finished with value: 0.23916657269001007 and parameters: {'hidden_dim': 153, 'n_layers': 6, 'dropout': 0.44139338626579033, 'input_chunk_length': 6, 'learning_rate': 0.0013534253526637963, 'batch_size': 32}. Best is trial 0 with value: 0.08160930126905441.
GPU available: False, used: False
TPU available: False, using: 0 TPU cores
HPU available: False, using: 0 HPUs
SLURM auto-requeueing enabled. Setting signal handlers.
Monitored metric train_loss did not improve in the last 273 records. Best score: 0.038. Signaling Trainer to stop.
GPU available: False, used: False
TPU available: False, using: 0 TPU cores
HPU available: False, using: 0 HPUs
SLURM auto-requeueing enabled. Setting signal handlers.
[I 2024-11-01 17:15:18,099] Trial 244 finished with value: 0.18348544836044312 and parameters: {'hidden_dim': 198, 'n_layers': 1, 'dropout': 0.4533713961367022, 'input_chunk_length': 4, 'learning_rate': 0.0011295859076973578, 'batch_size': 32}. Best is trial 0 with value: 0.08160930126905441.
GPU available: False, used: False
TPU available: False, using: 0 TPU cores
HPU available: False, using: 0 HPUs
SLURM auto-requeueing enabled. Setting signal handlers.
Monitored metric train_loss did not improve in the last 274 records. Best score: 0.038. Signaling Trainer to stop.
GPU available: False, used: False
TPU available: False, using: 0 TPU cores
HPU available: False, using: 0 HPUs
SLURM auto-requeueing enabled. Setting signal handlers.
[I 2024-11-01 17:15:45,541] Trial 245 finished with value: 0.29641321301460266 and parameters: {'hidden_dim': 186, 'n_layers': 1, 'dropout': 0.4580341592401643, 'input_chunk_length': 4, 'learning_rate': 0.0010934832641956848, 'batch_size': 32}. Best is trial 0 with value: 0.08160930126905441.
GPU available: False, used: False
TPU available: False, using: 0 TPU cores
HPU available: False, using: 0 HPUs
SLURM auto-requeueing enabled. Setting signal handlers.
Monitored metric train_loss did not improve in the last 275 records. Best score: 0.038. Signaling Trainer to stop.
GPU available: False, used: False
TPU available: False, using: 0 TPU cores
HPU available: False, using: 0 HPUs
SLURM auto-requeueing enabled. Setting signal handlers.
[I 2024-11-01 17:16:37,874] Trial 246 finished with value: 0.22458067536354065 and parameters: {'hidden_dim': 197, 'n_layers': 1, 'dropout': 0.45195892038622554, 'input_chunk_length': 27, 'learning_rate': 0.0009588932512835731, 'batch_size': 32}. Best is trial 0 with value: 0.08160930126905441.
GPU available: False, used: False
TPU available: False, using: 0 TPU cores
HPU available: False, using: 0 HPUs
SLURM auto-requeueing enabled. Setting signal handlers.
Monitored metric train_loss did not improve in the last 276 records. Best score: 0.038. Signaling Trainer to stop.
GPU available: False, used: False
TPU available: False, using: 0 TPU cores
HPU available: False, using: 0 HPUs
SLURM auto-requeueing enabled. Setting signal handlers.
[I 2024-11-01 17:16:57,622] Trial 247 finished with value: 0.31587690114974976 and parameters: {'hidden_dim': 191, 'n_layers': 1, 'dropout': 0.4624092665931375, 'input_chunk_length': 2, 'learning_rate': 0.0011764321833957602, 'batch_size': 64}. Best is trial 0 with value: 0.08160930126905441.
GPU available: False, used: False
TPU available: False, using: 0 TPU cores
HPU available: False, using: 0 HPUs
SLURM auto-requeueing enabled. Setting signal handlers.
Monitored metric train_loss did not improve in the last 277 records. Best score: 0.038. Signaling Trainer to stop.
GPU available: False, used: False
TPU available: False, using: 0 TPU cores
HPU available: False, using: 0 HPUs
SLURM auto-requeueing enabled. Setting signal handlers.
[I 2024-11-01 17:18:26,172] Trial 248 finished with value: 0.23167894780635834 and parameters: {'hidden_dim': 180, 'n_layers': 1, 'dropout': 0.43632904338630735, 'input_chunk_length': 67, 'learning_rate': 0.0008006640794516292, 'batch_size': 32}. Best is trial 0 with value: 0.08160930126905441.
GPU available: False, used: False
TPU available: False, using: 0 TPU cores
HPU available: False, using: 0 HPUs
SLURM auto-requeueing enabled. Setting signal handlers.
Monitored metric train_loss did not improve in the last 278 records. Best score: 0.038. Signaling Trainer to stop.
GPU available: False, used: False
TPU available: False, using: 0 TPU cores
HPU available: False, using: 0 HPUs
SLURM auto-requeueing enabled. Setting signal handlers.
[I 2024-11-01 17:19:00,090] Trial 249 finished with value: 0.18840117752552032 and parameters: {'hidden_dim': 185, 'n_layers': 1, 'dropout': 0.2819652260964267, 'input_chunk_length': 11, 'learning_rate': 0.0002707902122452039, 'batch_size': 32}. Best is trial 0 with value: 0.08160930126905441.
GPU available: False, used: False
TPU available: False, using: 0 TPU cores
HPU available: False, using: 0 HPUs
SLURM auto-requeueing enabled. Setting signal handlers.
Monitored metric train_loss did not improve in the last 279 records. Best score: 0.038. Signaling Trainer to stop.
GPU available: False, used: False
TPU available: False, using: 0 TPU cores
HPU available: False, using: 0 HPUs
SLURM auto-requeueing enabled. Setting signal handlers.
[I 2024-11-01 17:20:49,293] Trial 250 finished with value: 0.22646750509738922 and parameters: {'hidden_dim': 205, 'n_layers': 4, 'dropout': 0.2945956001159375, 'input_chunk_length': 59, 'learning_rate': 0.00151048740650918, 'batch_size': 32}. Best is trial 0 with value: 0.08160930126905441.
GPU available: False, used: False
TPU available: False, using: 0 TPU cores
HPU available: False, using: 0 HPUs
SLURM auto-requeueing enabled. Setting signal handlers.
Monitored metric train_loss did not improve in the last 280 records. Best score: 0.038. Signaling Trainer to stop.
GPU available: False, used: False
TPU available: False, using: 0 TPU cores
HPU available: False, using: 0 HPUs
SLURM auto-requeueing enabled. Setting signal handlers.
[I 2024-11-01 17:21:20,683] Trial 251 finished with value: 0.19966883957386017 and parameters: {'hidden_dim': 195, 'n_layers': 1, 'dropout': 0.26292992179036, 'input_chunk_length': 8, 'learning_rate': 0.0010411608503198258, 'batch_size': 32}. Best is trial 0 with value: 0.08160930126905441.
GPU available: False, used: False
TPU available: False, using: 0 TPU cores
HPU available: False, using: 0 HPUs
SLURM auto-requeueing enabled. Setting signal handlers.
Monitored metric train_loss did not improve in the last 281 records. Best score: 0.038. Signaling Trainer to stop.
GPU available: False, used: False
TPU available: False, using: 0 TPU cores
HPU available: False, using: 0 HPUs
SLURM auto-requeueing enabled. Setting signal handlers.
[I 2024-11-01 17:21:42,533] Trial 252 finished with value: 0.3294333815574646 and parameters: {'hidden_dim': 156, 'n_layers': 3, 'dropout': 0.4480870505463094, 'input_chunk_length': 4, 'learning_rate': 0.0013657855815514392, 'batch_size': 64}. Best is trial 0 with value: 0.08160930126905441.
GPU available: False, used: False
TPU available: False, using: 0 TPU cores
HPU available: False, using: 0 HPUs
SLURM auto-requeueing enabled. Setting signal handlers.
Monitored metric train_loss did not improve in the last 282 records. Best score: 0.038. Signaling Trainer to stop.
GPU available: False, used: False
TPU available: False, using: 0 TPU cores
HPU available: False, using: 0 HPUs
SLURM auto-requeueing enabled. Setting signal handlers.
[I 2024-11-01 17:22:26,033] Trial 253 finished with value: 0.1687314659357071 and parameters: {'hidden_dim': 188, 'n_layers': 3, 'dropout': 0.42015960952573606, 'input_chunk_length': 13, 'learning_rate': 0.0009082574838411401, 'batch_size': 32}. Best is trial 0 with value: 0.08160930126905441.
GPU available: False, used: False
TPU available: False, using: 0 TPU cores
HPU available: False, using: 0 HPUs
SLURM auto-requeueing enabled. Setting signal handlers.
Monitored metric train_loss did not improve in the last 283 records. Best score: 0.038. Signaling Trainer to stop.
GPU available: False, used: False
TPU available: False, using: 0 TPU cores
HPU available: False, using: 0 HPUs
SLURM auto-requeueing enabled. Setting signal handlers.
[I 2024-11-01 17:23:02,625] Trial 254 finished with value: 0.22448205947875977 and parameters: {'hidden_dim': 189, 'n_layers': 1, 'dropout': 0.4223145226106905, 'input_chunk_length': 13, 'learning_rate': 0.0011852277456118581, 'batch_size': 32}. Best is trial 0 with value: 0.08160930126905441.
GPU available: False, used: False
TPU available: False, using: 0 TPU cores
HPU available: False, using: 0 HPUs
SLURM auto-requeueing enabled. Setting signal handlers.
Monitored metric train_loss did not improve in the last 284 records. Best score: 0.038. Signaling Trainer to stop.
GPU available: False, used: False
TPU available: False, using: 0 TPU cores
HPU available: False, using: 0 HPUs
SLURM auto-requeueing enabled. Setting signal handlers.
[I 2024-11-01 17:25:40,016] Trial 255 finished with value: 0.21417050063610077 and parameters: {'hidden_dim': 180, 'n_layers': 3, 'dropout': 0.40267602107648315, 'input_chunk_length': 115, 'learning_rate': 0.000909500127881497, 'batch_size': 32}. Best is trial 0 with value: 0.08160930126905441.
GPU available: False, used: False
TPU available: False, using: 0 TPU cores
HPU available: False, using: 0 HPUs
SLURM auto-requeueing enabled. Setting signal handlers.
Monitored metric train_loss did not improve in the last 285 records. Best score: 0.038. Signaling Trainer to stop.
GPU available: False, used: False
TPU available: False, using: 0 TPU cores
HPU available: False, using: 0 HPUs
SLURM auto-requeueing enabled. Setting signal handlers.
[I 2024-11-01 17:26:25,620] Trial 256 finished with value: 0.2248259335756302 and parameters: {'hidden_dim': 184, 'n_layers': 3, 'dropout': 0.4248527619094871, 'input_chunk_length': 18, 'learning_rate': 0.0016877469187477278, 'batch_size': 32}. Best is trial 0 with value: 0.08160930126905441.
GPU available: False, used: False
TPU available: False, using: 0 TPU cores
HPU available: False, using: 0 HPUs
SLURM auto-requeueing enabled. Setting signal handlers.
Monitored metric train_loss did not improve in the last 286 records. Best score: 0.038. Signaling Trainer to stop.
GPU available: False, used: False
TPU available: False, using: 0 TPU cores
HPU available: False, using: 0 HPUs
SLURM auto-requeueing enabled. Setting signal handlers.
[I 2024-11-01 17:27:18,513] Trial 257 finished with value: 0.23635819554328918 and parameters: {'hidden_dim': 188, 'n_layers': 5, 'dropout': 0.4149060005025811, 'input_chunk_length': 15, 'learning_rate': 0.0022243848069559346, 'batch_size': 32}. Best is trial 0 with value: 0.08160930126905441.
GPU available: False, used: False
TPU available: False, using: 0 TPU cores
HPU available: False, using: 0 HPUs
SLURM auto-requeueing enabled. Setting signal handlers.
Monitored metric train_loss did not improve in the last 287 records. Best score: 0.038. Signaling Trainer to stop.
GPU available: False, used: False
TPU available: False, using: 0 TPU cores
HPU available: False, using: 0 HPUs
SLURM auto-requeueing enabled. Setting signal handlers.
[I 2024-11-01 17:27:42,258] Trial 258 finished with value: 0.2608197033405304 and parameters: {'hidden_dim': 174, 'n_layers': 3, 'dropout': 0.43555892641989435, 'input_chunk_length': 2, 'learning_rate': 0.0010631036387691191, 'batch_size': 64}. Best is trial 0 with value: 0.08160930126905441.
GPU available: False, used: False
TPU available: False, using: 0 TPU cores
HPU available: False, using: 0 HPUs
SLURM auto-requeueing enabled. Setting signal handlers.
Monitored metric train_loss did not improve in the last 288 records. Best score: 0.038. Signaling Trainer to stop.
GPU available: False, used: False
TPU available: False, using: 0 TPU cores
HPU available: False, using: 0 HPUs
SLURM auto-requeueing enabled. Setting signal handlers.
