[I 2024-11-04 17:34:50,957] Trial 271 finished with value: 0.34412866830825806 and parameters: {'hidden_dim': 237, 'n_layers': 3, 'dropout': 0.08515941443406827, 'input_chunk_length': 93, 'learning_rate': 8.34598519836788e-05, 'batch_size': 32}. Best is trial 1 with value: 0.12519845366477966.
GPU available: True (cuda), used: True
TPU available: False, using: 0 TPU cores
HPU available: False, using: 0 HPUs
LOCAL_RANK: 0 - CUDA_VISIBLE_DEVICES: [0,1,2,3]
SLURM auto-requeueing enabled. Setting signal handlers.
Monitored metric train_loss did not improve in the last 330 records. Best score: 0.059. Signaling Trainer to stop.
GPU available: True (cuda), used: True
TPU available: False, using: 0 TPU cores
HPU available: False, using: 0 HPUs
LOCAL_RANK: 0 - CUDA_VISIBLE_DEVICES: [0,1,2,3]
SLURM auto-requeueing enabled. Setting signal handlers.
[I 2024-11-04 17:35:11,334] Trial 272 finished with value: 0.515497624874115 and parameters: {'hidden_dim': 458, 'n_layers': 3, 'dropout': 0.06576857106208533, 'input_chunk_length': 114, 'learning_rate': 0.000622388955727716, 'batch_size': 64}. Best is trial 1 with value: 0.12519845366477966.
GPU available: True (cuda), used: True
TPU available: False, using: 0 TPU cores
HPU available: False, using: 0 HPUs
LOCAL_RANK: 0 - CUDA_VISIBLE_DEVICES: [0,1,2,3]
SLURM auto-requeueing enabled. Setting signal handlers.
Monitored metric train_loss did not improve in the last 331 records. Best score: 0.059. Signaling Trainer to stop.
GPU available: True (cuda), used: True
TPU available: False, using: 0 TPU cores
HPU available: False, using: 0 HPUs
LOCAL_RANK: 0 - CUDA_VISIBLE_DEVICES: [0,1,2,3]
SLURM auto-requeueing enabled. Setting signal handlers.
[I 2024-11-04 17:35:28,392] Trial 273 finished with value: 0.39323028922080994 and parameters: {'hidden_dim': 211, 'n_layers': 3, 'dropout': 0.250137878885618, 'input_chunk_length': 103, 'learning_rate': 0.00010400143407430137, 'batch_size': 32}. Best is trial 1 with value: 0.12519845366477966.
GPU available: True (cuda), used: True
TPU available: False, using: 0 TPU cores
HPU available: False, using: 0 HPUs
LOCAL_RANK: 0 - CUDA_VISIBLE_DEVICES: [0,1,2,3]
SLURM auto-requeueing enabled. Setting signal handlers.
Monitored metric train_loss did not improve in the last 332 records. Best score: 0.059. Signaling Trainer to stop.
GPU available: True (cuda), used: True
TPU available: False, using: 0 TPU cores
HPU available: False, using: 0 HPUs
LOCAL_RANK: 0 - CUDA_VISIBLE_DEVICES: [0,1,2,3]
SLURM auto-requeueing enabled. Setting signal handlers.
[I 2024-11-04 17:35:45,203] Trial 274 finished with value: 0.2840035855770111 and parameters: {'hidden_dim': 225, 'n_layers': 2, 'dropout': 0.026658499271369124, 'input_chunk_length': 111, 'learning_rate': 0.00035959103141411554, 'batch_size': 32}. Best is trial 1 with value: 0.12519845366477966.
GPU available: True (cuda), used: True
TPU available: False, using: 0 TPU cores
HPU available: False, using: 0 HPUs
LOCAL_RANK: 0 - CUDA_VISIBLE_DEVICES: [0,1,2,3]
SLURM auto-requeueing enabled. Setting signal handlers.
Monitored metric train_loss did not improve in the last 333 records. Best score: 0.059. Signaling Trainer to stop.
GPU available: True (cuda), used: True
TPU available: False, using: 0 TPU cores
HPU available: False, using: 0 HPUs
LOCAL_RANK: 0 - CUDA_VISIBLE_DEVICES: [0,1,2,3]
SLURM auto-requeueing enabled. Setting signal handlers.
[I 2024-11-04 17:36:02,084] Trial 275 finished with value: 0.38534533977508545 and parameters: {'hidden_dim': 229, 'n_layers': 2, 'dropout': 0.02340742488870928, 'input_chunk_length': 111, 'learning_rate': 0.00036942054539380615, 'batch_size': 32}. Best is trial 1 with value: 0.12519845366477966.
GPU available: True (cuda), used: True
TPU available: False, using: 0 TPU cores
HPU available: False, using: 0 HPUs
LOCAL_RANK: 0 - CUDA_VISIBLE_DEVICES: [0,1,2,3]
SLURM auto-requeueing enabled. Setting signal handlers.
Monitored metric train_loss did not improve in the last 334 records. Best score: 0.059. Signaling Trainer to stop.
GPU available: True (cuda), used: True
TPU available: False, using: 0 TPU cores
HPU available: False, using: 0 HPUs
LOCAL_RANK: 0 - CUDA_VISIBLE_DEVICES: [0,1,2,3]
SLURM auto-requeueing enabled. Setting signal handlers.
[I 2024-11-04 17:36:18,625] Trial 276 finished with value: 0.33543404936790466 and parameters: {'hidden_dim': 219, 'n_layers': 2, 'dropout': 0.01186690440714047, 'input_chunk_length': 108, 'learning_rate': 0.00032244806261595113, 'batch_size': 32}. Best is trial 1 with value: 0.12519845366477966.
GPU available: True (cuda), used: True
TPU available: False, using: 0 TPU cores
HPU available: False, using: 0 HPUs
LOCAL_RANK: 0 - CUDA_VISIBLE_DEVICES: [0,1,2,3]
SLURM auto-requeueing enabled. Setting signal handlers.
Monitored metric train_loss did not improve in the last 335 records. Best score: 0.059. Signaling Trainer to stop.
GPU available: True (cuda), used: True
TPU available: False, using: 0 TPU cores
HPU available: False, using: 0 HPUs
LOCAL_RANK: 0 - CUDA_VISIBLE_DEVICES: [0,1,2,3]
SLURM auto-requeueing enabled. Setting signal handlers.
[I 2024-11-04 17:36:35,254] Trial 277 finished with value: 0.35121268033981323 and parameters: {'hidden_dim': 201, 'n_layers': 2, 'dropout': 0.028707794794258074, 'input_chunk_length': 113, 'learning_rate': 6.328337108515232e-05, 'batch_size': 32}. Best is trial 1 with value: 0.12519845366477966.
GPU available: True (cuda), used: True
TPU available: False, using: 0 TPU cores
HPU available: False, using: 0 HPUs
LOCAL_RANK: 0 - CUDA_VISIBLE_DEVICES: [0,1,2,3]
SLURM auto-requeueing enabled. Setting signal handlers.
Monitored metric train_loss did not improve in the last 336 records. Best score: 0.059. Signaling Trainer to stop.
GPU available: True (cuda), used: True
TPU available: False, using: 0 TPU cores
HPU available: False, using: 0 HPUs
LOCAL_RANK: 0 - CUDA_VISIBLE_DEVICES: [0,1,2,3]
SLURM auto-requeueing enabled. Setting signal handlers.
[I 2024-11-04 17:36:51,703] Trial 278 finished with value: 0.30662229657173157 and parameters: {'hidden_dim': 211, 'n_layers': 2, 'dropout': 0.10067579639772213, 'input_chunk_length': 110, 'learning_rate': 0.0002693999839519577, 'batch_size': 32}. Best is trial 1 with value: 0.12519845366477966.
GPU available: True (cuda), used: True
TPU available: False, using: 0 TPU cores
HPU available: False, using: 0 HPUs
LOCAL_RANK: 0 - CUDA_VISIBLE_DEVICES: [0,1,2,3]
SLURM auto-requeueing enabled. Setting signal handlers.
Monitored metric train_loss did not improve in the last 337 records. Best score: 0.059. Signaling Trainer to stop.
GPU available: True (cuda), used: True
TPU available: False, using: 0 TPU cores
HPU available: False, using: 0 HPUs
LOCAL_RANK: 0 - CUDA_VISIBLE_DEVICES: [0,1,2,3]
SLURM auto-requeueing enabled. Setting signal handlers.
[I 2024-11-04 17:37:07,420] Trial 279 finished with value: 0.32772037386894226 and parameters: {'hidden_dim': 190, 'n_layers': 2, 'dropout': 0.00020457410149360075, 'input_chunk_length': 99, 'learning_rate': 0.00017946266899002228, 'batch_size': 32}. Best is trial 1 with value: 0.12519845366477966.
GPU available: True (cuda), used: True
TPU available: False, using: 0 TPU cores
HPU available: False, using: 0 HPUs
LOCAL_RANK: 0 - CUDA_VISIBLE_DEVICES: [0,1,2,3]
SLURM auto-requeueing enabled. Setting signal handlers.
Monitored metric train_loss did not improve in the last 338 records. Best score: 0.059. Signaling Trainer to stop.
GPU available: True (cuda), used: True
TPU available: False, using: 0 TPU cores
HPU available: False, using: 0 HPUs
LOCAL_RANK: 0 - CUDA_VISIBLE_DEVICES: [0,1,2,3]
SLURM auto-requeueing enabled. Setting signal handlers.
[I 2024-11-04 17:37:24,096] Trial 280 finished with value: 0.3489232063293457 and parameters: {'hidden_dim': 222, 'n_layers': 2, 'dropout': 0.01752344554211779, 'input_chunk_length': 106, 'learning_rate': 4.9655338724165556e-05, 'batch_size': 32}. Best is trial 1 with value: 0.12519845366477966.
GPU available: True (cuda), used: True
TPU available: False, using: 0 TPU cores
HPU available: False, using: 0 HPUs
LOCAL_RANK: 0 - CUDA_VISIBLE_DEVICES: [0,1,2,3]
SLURM auto-requeueing enabled. Setting signal handlers.
Monitored metric train_loss did not improve in the last 339 records. Best score: 0.059. Signaling Trainer to stop.
GPU available: True (cuda), used: True
TPU available: False, using: 0 TPU cores
HPU available: False, using: 0 HPUs
LOCAL_RANK: 0 - CUDA_VISIBLE_DEVICES: [0,1,2,3]
SLURM auto-requeueing enabled. Setting signal handlers.
[I 2024-11-04 17:37:44,953] Trial 281 finished with value: 0.3789435625076294 and parameters: {'hidden_dim': 473, 'n_layers': 2, 'dropout': 0.11783216021018282, 'input_chunk_length': 145, 'learning_rate': 0.0003475747953666757, 'batch_size': 64}. Best is trial 1 with value: 0.12519845366477966.
GPU available: True (cuda), used: True
TPU available: False, using: 0 TPU cores
HPU available: False, using: 0 HPUs
LOCAL_RANK: 0 - CUDA_VISIBLE_DEVICES: [0,1,2,3]
SLURM auto-requeueing enabled. Setting signal handlers.
Monitored metric train_loss did not improve in the last 340 records. Best score: 0.059. Signaling Trainer to stop.
GPU available: True (cuda), used: True
TPU available: False, using: 0 TPU cores
HPU available: False, using: 0 HPUs
LOCAL_RANK: 0 - CUDA_VISIBLE_DEVICES: [0,1,2,3]
SLURM auto-requeueing enabled. Setting signal handlers.
[I 2024-11-04 17:38:03,047] Trial 282 finished with value: 0.36879172921180725 and parameters: {'hidden_dim': 367, 'n_layers': 2, 'dropout': 0.0371257019477938, 'input_chunk_length': 116, 'learning_rate': 0.00020645337241699207, 'batch_size': 32}. Best is trial 1 with value: 0.12519845366477966.
GPU available: True (cuda), used: True
TPU available: False, using: 0 TPU cores
HPU available: False, using: 0 HPUs
LOCAL_RANK: 0 - CUDA_VISIBLE_DEVICES: [0,1,2,3]
SLURM auto-requeueing enabled. Setting signal handlers.
Monitored metric train_loss did not improve in the last 341 records. Best score: 0.059. Signaling Trainer to stop.
GPU available: True (cuda), used: True
TPU available: False, using: 0 TPU cores
HPU available: False, using: 0 HPUs
LOCAL_RANK: 0 - CUDA_VISIBLE_DEVICES: [0,1,2,3]
SLURM auto-requeueing enabled. Setting signal handlers.
[I 2024-11-04 17:38:19,489] Trial 283 finished with value: 0.3318440914154053 and parameters: {'hidden_dim': 227, 'n_layers': 2, 'dropout': 0.1491531634201189, 'input_chunk_length': 104, 'learning_rate': 0.0004332818759172285, 'batch_size': 32}. Best is trial 1 with value: 0.12519845366477966.
GPU available: True (cuda), used: True
TPU available: False, using: 0 TPU cores
HPU available: False, using: 0 HPUs
LOCAL_RANK: 0 - CUDA_VISIBLE_DEVICES: [0,1,2,3]
SLURM auto-requeueing enabled. Setting signal handlers.
Monitored metric train_loss did not improve in the last 342 records. Best score: 0.059. Signaling Trainer to stop.
GPU available: True (cuda), used: True
TPU available: False, using: 0 TPU cores
HPU available: False, using: 0 HPUs
LOCAL_RANK: 0 - CUDA_VISIBLE_DEVICES: [0,1,2,3]
SLURM auto-requeueing enabled. Setting signal handlers.
[I 2024-11-04 17:38:36,882] Trial 284 finished with value: 0.34897419810295105 and parameters: {'hidden_dim': 209, 'n_layers': 3, 'dropout': 0.1074141643615707, 'input_chunk_length': 111, 'learning_rate': 0.00029382917343099353, 'batch_size': 32}. Best is trial 1 with value: 0.12519845366477966.
GPU available: True (cuda), used: True
TPU available: False, using: 0 TPU cores
HPU available: False, using: 0 HPUs
LOCAL_RANK: 0 - CUDA_VISIBLE_DEVICES: [0,1,2,3]
SLURM auto-requeueing enabled. Setting signal handlers.
Monitored metric train_loss did not improve in the last 343 records. Best score: 0.059. Signaling Trainer to stop.
GPU available: True (cuda), used: True
TPU available: False, using: 0 TPU cores
HPU available: False, using: 0 HPUs
LOCAL_RANK: 0 - CUDA_VISIBLE_DEVICES: [0,1,2,3]
SLURM auto-requeueing enabled. Setting signal handlers.
[I 2024-11-04 17:38:55,282] Trial 285 finished with value: 0.32667165994644165 and parameters: {'hidden_dim': 236, 'n_layers': 4, 'dropout': 0.09183323142835861, 'input_chunk_length': 118, 'learning_rate': 0.0005253210250392241, 'batch_size': 32}. Best is trial 1 with value: 0.12519845366477966.
GPU available: True (cuda), used: True
TPU available: False, using: 0 TPU cores
HPU available: False, using: 0 HPUs
LOCAL_RANK: 0 - CUDA_VISIBLE_DEVICES: [0,1,2,3]
SLURM auto-requeueing enabled. Setting signal handlers.
Monitored metric train_loss did not improve in the last 344 records. Best score: 0.059. Signaling Trainer to stop.
GPU available: True (cuda), used: True
TPU available: False, using: 0 TPU cores
HPU available: False, using: 0 HPUs
LOCAL_RANK: 0 - CUDA_VISIBLE_DEVICES: [0,1,2,3]
SLURM auto-requeueing enabled. Setting signal handlers.
[I 2024-11-04 17:39:14,942] Trial 286 finished with value: 0.3316822350025177 and parameters: {'hidden_dim': 199, 'n_layers': 6, 'dropout': 0.07661701394160672, 'input_chunk_length': 108, 'learning_rate': 0.0003696839208078192, 'batch_size': 32}. Best is trial 1 with value: 0.12519845366477966.
GPU available: True (cuda), used: True
TPU available: False, using: 0 TPU cores
HPU available: False, using: 0 HPUs
LOCAL_RANK: 0 - CUDA_VISIBLE_DEVICES: [0,1,2,3]
SLURM auto-requeueing enabled. Setting signal handlers.
Monitored metric train_loss did not improve in the last 345 records. Best score: 0.059. Signaling Trainer to stop.
GPU available: True (cuda), used: True
TPU available: False, using: 0 TPU cores
HPU available: False, using: 0 HPUs
LOCAL_RANK: 0 - CUDA_VISIBLE_DEVICES: [0,1,2,3]
SLURM auto-requeueing enabled. Setting signal handlers.
[I 2024-11-04 17:39:37,933] Trial 287 finished with value: 0.3297751247882843 and parameters: {'hidden_dim': 438, 'n_layers': 3, 'dropout': 0.011741033567345328, 'input_chunk_length': 140, 'learning_rate': 0.0002340222666820043, 'batch_size': 32}. Best is trial 1 with value: 0.12519845366477966.
GPU available: True (cuda), used: True
TPU available: False, using: 0 TPU cores
HPU available: False, using: 0 HPUs
LOCAL_RANK: 0 - CUDA_VISIBLE_DEVICES: [0,1,2,3]
SLURM auto-requeueing enabled. Setting signal handlers.
Monitored metric train_loss did not improve in the last 346 records. Best score: 0.059. Signaling Trainer to stop.
GPU available: True (cuda), used: True
TPU available: False, using: 0 TPU cores
HPU available: False, using: 0 HPUs
LOCAL_RANK: 0 - CUDA_VISIBLE_DEVICES: [0,1,2,3]
SLURM auto-requeueing enabled. Setting signal handlers.
[I 2024-11-04 17:39:55,636] Trial 288 finished with value: 0.3552551567554474 and parameters: {'hidden_dim': 215, 'n_layers': 3, 'dropout': 0.0256819614012384, 'input_chunk_length': 114, 'learning_rate': 0.0002938013626195689, 'batch_size': 32}. Best is trial 1 with value: 0.12519845366477966.
GPU available: True (cuda), used: True
TPU available: False, using: 0 TPU cores
HPU available: False, using: 0 HPUs
LOCAL_RANK: 0 - CUDA_VISIBLE_DEVICES: [0,1,2,3]
SLURM auto-requeueing enabled. Setting signal handlers.
Monitored metric train_loss did not improve in the last 347 records. Best score: 0.059. Signaling Trainer to stop.
GPU available: True (cuda), used: True
TPU available: False, using: 0 TPU cores
HPU available: False, using: 0 HPUs
LOCAL_RANK: 0 - CUDA_VISIBLE_DEVICES: [0,1,2,3]
SLURM auto-requeueing enabled. Setting signal handlers.
[I 2024-11-04 17:40:11,198] Trial 289 finished with value: 0.42806699872016907 and parameters: {'hidden_dim': 183, 'n_layers': 2, 'dropout': 0.12681710866454443, 'input_chunk_length': 100, 'learning_rate': 0.00045844465508478846, 'batch_size': 64}. Best is trial 1 with value: 0.12519845366477966.
GPU available: True (cuda), used: True
TPU available: False, using: 0 TPU cores
HPU available: False, using: 0 HPUs
LOCAL_RANK: 0 - CUDA_VISIBLE_DEVICES: [0,1,2,3]
SLURM auto-requeueing enabled. Setting signal handlers.
Monitored metric train_loss did not improve in the last 348 records. Best score: 0.059. Signaling Trainer to stop.
GPU available: True (cuda), used: True
TPU available: False, using: 0 TPU cores
HPU available: False, using: 0 HPUs
LOCAL_RANK: 0 - CUDA_VISIBLE_DEVICES: [0,1,2,3]
SLURM auto-requeueing enabled. Setting signal handlers.
[I 2024-11-04 17:40:30,457] Trial 290 finished with value: 0.3115922808647156 and parameters: {'hidden_dim': 251, 'n_layers': 3, 'dropout': 0.03488646114737182, 'input_chunk_length': 147, 'learning_rate': 0.00034134863050584296, 'batch_size': 32}. Best is trial 1 with value: 0.12519845366477966.
GPU available: True (cuda), used: True
TPU available: False, using: 0 TPU cores
HPU available: False, using: 0 HPUs
LOCAL_RANK: 0 - CUDA_VISIBLE_DEVICES: [0,1,2,3]
SLURM auto-requeueing enabled. Setting signal handlers.
Monitored metric train_loss did not improve in the last 349 records. Best score: 0.059. Signaling Trainer to stop.
GPU available: True (cuda), used: True
TPU available: False, using: 0 TPU cores
HPU available: False, using: 0 HPUs
LOCAL_RANK: 0 - CUDA_VISIBLE_DEVICES: [0,1,2,3]
SLURM auto-requeueing enabled. Setting signal handlers.
[I 2024-11-04 17:40:49,276] Trial 291 finished with value: 0.31893786787986755 and parameters: {'hidden_dim': 423, 'n_layers': 2, 'dropout': 0.20448235378959873, 'input_chunk_length': 120, 'learning_rate': 0.0006692177200228079, 'batch_size': 32}. Best is trial 1 with value: 0.12519845366477966.
GPU available: True (cuda), used: True
TPU available: False, using: 0 TPU cores
HPU available: False, using: 0 HPUs
LOCAL_RANK: 0 - CUDA_VISIBLE_DEVICES: [0,1,2,3]
SLURM auto-requeueing enabled. Setting signal handlers.
Monitored metric train_loss did not improve in the last 350 records. Best score: 0.059. Signaling Trainer to stop.
GPU available: True (cuda), used: True
TPU available: False, using: 0 TPU cores
HPU available: False, using: 0 HPUs
LOCAL_RANK: 0 - CUDA_VISIBLE_DEVICES: [0,1,2,3]
SLURM auto-requeueing enabled. Setting signal handlers.
[I 2024-11-04 17:41:07,590] Trial 292 finished with value: 0.39733925461769104 and parameters: {'hidden_dim': 232, 'n_layers': 3, 'dropout': 0.13717487099762937, 'input_chunk_length': 132, 'learning_rate': 0.00040896919873856285, 'batch_size': 32}. Best is trial 1 with value: 0.12519845366477966.
GPU available: True (cuda), used: True
TPU available: False, using: 0 TPU cores
HPU available: False, using: 0 HPUs
LOCAL_RANK: 0 - CUDA_VISIBLE_DEVICES: [0,1,2,3]
SLURM auto-requeueing enabled. Setting signal handlers.
Monitored metric train_loss did not improve in the last 351 records. Best score: 0.059. Signaling Trainer to stop.
GPU available: True (cuda), used: True
TPU available: False, using: 0 TPU cores
HPU available: False, using: 0 HPUs
LOCAL_RANK: 0 - CUDA_VISIBLE_DEVICES: [0,1,2,3]
SLURM auto-requeueing enabled. Setting signal handlers.
[I 2024-11-04 17:41:22,865] Trial 293 finished with value: 0.3912893235683441 and parameters: {'hidden_dim': 223, 'n_layers': 3, 'dropout': 0.05582791356877801, 'input_chunk_length': 63, 'learning_rate': 0.0002621444001197731, 'batch_size': 32}. Best is trial 1 with value: 0.12519845366477966.
GPU available: True (cuda), used: True
TPU available: False, using: 0 TPU cores
HPU available: False, using: 0 HPUs
LOCAL_RANK: 0 - CUDA_VISIBLE_DEVICES: [0,1,2,3]
SLURM auto-requeueing enabled. Setting signal handlers.
Monitored metric train_loss did not improve in the last 352 records. Best score: 0.059. Signaling Trainer to stop.
GPU available: True (cuda), used: True
TPU available: False, using: 0 TPU cores
HPU available: False, using: 0 HPUs
LOCAL_RANK: 0 - CUDA_VISIBLE_DEVICES: [0,1,2,3]
SLURM auto-requeueing enabled. Setting signal handlers.
[I 2024-11-04 17:41:40,538] Trial 294 finished with value: 0.37910598516464233 and parameters: {'hidden_dim': 244, 'n_layers': 2, 'dropout': 0.10005379437451054, 'input_chunk_length': 142, 'learning_rate': 0.0008498279296183525, 'batch_size': 32}. Best is trial 1 with value: 0.12519845366477966.
GPU available: True (cuda), used: True
TPU available: False, using: 0 TPU cores
HPU available: False, using: 0 HPUs
LOCAL_RANK: 0 - CUDA_VISIBLE_DEVICES: [0,1,2,3]
SLURM auto-requeueing enabled. Setting signal handlers.
Monitored metric train_loss did not improve in the last 353 records. Best score: 0.059. Signaling Trainer to stop.
GPU available: True (cuda), used: True
TPU available: False, using: 0 TPU cores
HPU available: False, using: 0 HPUs
LOCAL_RANK: 0 - CUDA_VISIBLE_DEVICES: [0,1,2,3]
SLURM auto-requeueing enabled. Setting signal handlers.
[I 2024-11-04 17:41:58,654] Trial 295 finished with value: 0.3185124099254608 and parameters: {'hidden_dim': 205, 'n_layers': 3, 'dropout': 0.11499720992486731, 'input_chunk_length': 137, 'learning_rate': 0.0005635262784258542, 'batch_size': 32}. Best is trial 1 with value: 0.12519845366477966.
GPU available: True (cuda), used: True
TPU available: False, using: 0 TPU cores
HPU available: False, using: 0 HPUs
LOCAL_RANK: 0 - CUDA_VISIBLE_DEVICES: [0,1,2,3]
SLURM auto-requeueing enabled. Setting signal handlers.
Monitored metric train_loss did not improve in the last 354 records. Best score: 0.059. Signaling Trainer to stop.
GPU available: True (cuda), used: True
TPU available: False, using: 0 TPU cores
HPU available: False, using: 0 HPUs
LOCAL_RANK: 0 - CUDA_VISIBLE_DEVICES: [0,1,2,3]
SLURM auto-requeueing enabled. Setting signal handlers.
