[I 2024-11-04 14:54:46,528] Trial 495 finished with value: 0.3401108384132385 and parameters: {'hidden_dim': 504, 'n_layers': 3, 'dropout': 0.07914414661823425, 'input_chunk_length': 145, 'learning_rate': 0.0002821663484833101, 'batch_size': 32}. Best is trial 1 with value: 0.1384694129228592.
GPU available: True (cuda), used: True
TPU available: False, using: 0 TPU cores
HPU available: False, using: 0 HPUs
LOCAL_RANK: 0 - CUDA_VISIBLE_DEVICES: [0,1,2,3]
SLURM auto-requeueing enabled. Setting signal handlers.
Monitored metric train_loss did not improve in the last 554 records. Best score: 0.073. Signaling Trainer to stop.
GPU available: True (cuda), used: True
TPU available: False, using: 0 TPU cores
HPU available: False, using: 0 HPUs
LOCAL_RANK: 0 - CUDA_VISIBLE_DEVICES: [0,1,2,3]
SLURM auto-requeueing enabled. Setting signal handlers.
[I 2024-11-04 14:55:09,594] Trial 496 finished with value: 0.45028865337371826 and parameters: {'hidden_dim': 471, 'n_layers': 3, 'dropout': 0.1965157297571946, 'input_chunk_length': 113, 'learning_rate': 0.0007909608542234575, 'batch_size': 32}. Best is trial 1 with value: 0.1384694129228592.
GPU available: True (cuda), used: True
TPU available: False, using: 0 TPU cores
HPU available: False, using: 0 HPUs
LOCAL_RANK: 0 - CUDA_VISIBLE_DEVICES: [0,1,2,3]
SLURM auto-requeueing enabled. Setting signal handlers.
Monitored metric train_loss did not improve in the last 555 records. Best score: 0.073. Signaling Trainer to stop.
GPU available: True (cuda), used: True
TPU available: False, using: 0 TPU cores
HPU available: False, using: 0 HPUs
LOCAL_RANK: 0 - CUDA_VISIBLE_DEVICES: [0,1,2,3]
SLURM auto-requeueing enabled. Setting signal handlers.
[I 2024-11-04 14:55:27,024] Trial 497 finished with value: 0.37146881222724915 and parameters: {'hidden_dim': 126, 'n_layers': 3, 'dropout': 0.06572591515736656, 'input_chunk_length': 141, 'learning_rate': 0.00018053927164883582, 'batch_size': 32}. Best is trial 1 with value: 0.1384694129228592.
GPU available: True (cuda), used: True
TPU available: False, using: 0 TPU cores
HPU available: False, using: 0 HPUs
LOCAL_RANK: 0 - CUDA_VISIBLE_DEVICES: [0,1,2,3]
SLURM auto-requeueing enabled. Setting signal handlers.
Monitored metric train_loss did not improve in the last 556 records. Best score: 0.073. Signaling Trainer to stop.
GPU available: True (cuda), used: True
TPU available: False, using: 0 TPU cores
HPU available: False, using: 0 HPUs
LOCAL_RANK: 0 - CUDA_VISIBLE_DEVICES: [0,1,2,3]
SLURM auto-requeueing enabled. Setting signal handlers.
[I 2024-11-04 14:55:45,135] Trial 498 finished with value: 0.38435494899749756 and parameters: {'hidden_dim': 151, 'n_layers': 5, 'dropout': 0.2175705139052903, 'input_chunk_length': 70, 'learning_rate': 0.001082832903995422, 'batch_size': 32}. Best is trial 1 with value: 0.1384694129228592.
GPU available: True (cuda), used: True
TPU available: False, using: 0 TPU cores
HPU available: False, using: 0 HPUs
LOCAL_RANK: 0 - CUDA_VISIBLE_DEVICES: [0,1,2,3]
SLURM auto-requeueing enabled. Setting signal handlers.
Monitored metric train_loss did not improve in the last 557 records. Best score: 0.073. Signaling Trainer to stop.
GPU available: True (cuda), used: True
TPU available: False, using: 0 TPU cores
HPU available: False, using: 0 HPUs
LOCAL_RANK: 0 - CUDA_VISIBLE_DEVICES: [0,1,2,3]
SLURM auto-requeueing enabled. Setting signal handlers.
[I 2024-11-04 14:56:05,977] Trial 499 finished with value: 0.48605406284332275 and parameters: {'hidden_dim': 424, 'n_layers': 3, 'dropout': 0.03978363633629987, 'input_chunk_length': 103, 'learning_rate': 0.0003369421698127575, 'batch_size': 64}. Best is trial 1 with value: 0.1384694129228592.
GPU available: True (cuda), used: True
TPU available: False, using: 0 TPU cores
HPU available: False, using: 0 HPUs
LOCAL_RANK: 0 - CUDA_VISIBLE_DEVICES: [0,1,2,3]

   | Name                              | Type                             | Params | Mode 
------------------------------------------------------------------------------------------------
0  | train_metrics                     | MetricCollection                 | 0      | train
1  | val_metrics                       | MetricCollection                 | 0      | train
2  | input_embeddings                  | _MultiEmbedding                  | 0      | train
3  | static_covariates_vsn             | _VariableSelectionNetwork        | 0      | train
4  | encoder_vsn                       | _VariableSelectionNetwork        | 102 K  | train
5  | decoder_vsn                       | _VariableSelectionNetwork        | 97.5 K | train
6  | static_context_grn                | _GatedResidualNetwork            | 140 K  | train
7  | static_context_hidden_encoder_grn | _GatedResidualNetwork            | 140 K  | train
8  | static_context_cell_encoder_grn   | _GatedResidualNetwork            | 140 K  | train
9  | static_context_enrichment         | _GatedResidualNetwork            | 140 K  | train
10 | lstm_encoder                      | LSTM                             | 1.4 M  | train
11 | lstm_decoder                      | LSTM                             | 1.4 M  | train
12 | post_lstm_gan                     | _GateAddNorm                     | 70.7 K | train
13 | static_enrichment_grn             | _GatedResidualNetwork            | 175 K  | train
14 | multihead_attn                    | _InterpretableMultiHeadAttention | 86.4 K | train
15 | post_attn_gan                     | _GateAddNorm                     | 70.7 K | train
16 | feed_forward_block                | _GatedResidualNetwork            | 140 K  | train
17 | pre_output_gan                    | _GateAddNorm                     | 70.7 K | train
18 | output_layer                      | Linear                           | 3.2 K  | train
------------------------------------------------------------------------------------------------
4.2 M     Trainable params
0         Non-trainable params
4.2 M     Total params
16.780    Total estimated model params size (MB)
738       Modules in train mode
0         Modules in eval mode
SLURM auto-requeueing enabled. Setting signal handlers.
/pfs/data5/home/tu/tu_tu/tu_zxoul27/micromamba/envs/power/lib/python3.12/site-packages/pytorch_lightning/loops/fit_loop.py:298: The number of training batches (15) is smaller than the logging interval Trainer(log_every_n_steps=20). Set a lower value for log_every_n_steps if you want to see logs for the training epoch.
`Trainer.fit` stopped: `max_epochs=80` reached.
GPU available: True (cuda), used: True
TPU available: False, using: 0 TPU cores
HPU available: False, using: 0 HPUs
LOCAL_RANK: 0 - CUDA_VISIBLE_DEVICES: [0,1,2,3]
SLURM auto-requeueing enabled. Setting signal handlers.
