[I 2024-11-04 16:35:09,901] Trial 71 finished with value: 0.3608666956424713 and parameters: {'hidden_dim': 450, 'n_layers': 1, 'dropout': 0.02070910840108384, 'input_chunk_length': 132, 'learning_rate': 0.0007720758751995854, 'batch_size': 32}. Best is trial 1 with value: 0.12519845366477966.
GPU available: True (cuda), used: True
TPU available: False, using: 0 TPU cores
HPU available: False, using: 0 HPUs
LOCAL_RANK: 0 - CUDA_VISIBLE_DEVICES: [0,1,2,3]
SLURM auto-requeueing enabled. Setting signal handlers.
Monitored metric train_loss did not improve in the last 130 records. Best score: 0.059. Signaling Trainer to stop.
GPU available: True (cuda), used: True
TPU available: False, using: 0 TPU cores
HPU available: False, using: 0 HPUs
LOCAL_RANK: 0 - CUDA_VISIBLE_DEVICES: [0,1,2,3]
SLURM auto-requeueing enabled. Setting signal handlers.
[I 2024-11-04 16:35:25,936] Trial 72 finished with value: 0.8038463592529297 and parameters: {'hidden_dim': 183, 'n_layers': 1, 'dropout': 0.0002673707956907176, 'input_chunk_length': 128, 'learning_rate': 0.009564615351455088, 'batch_size': 32}. Best is trial 1 with value: 0.12519845366477966.
GPU available: True (cuda), used: True
TPU available: False, using: 0 TPU cores
HPU available: False, using: 0 HPUs
LOCAL_RANK: 0 - CUDA_VISIBLE_DEVICES: [0,1,2,3]
SLURM auto-requeueing enabled. Setting signal handlers.
Monitored metric train_loss did not improve in the last 131 records. Best score: 0.059. Signaling Trainer to stop.
GPU available: True (cuda), used: True
TPU available: False, using: 0 TPU cores
HPU available: False, using: 0 HPUs
LOCAL_RANK: 0 - CUDA_VISIBLE_DEVICES: [0,1,2,3]
SLURM auto-requeueing enabled. Setting signal handlers.
[I 2024-11-04 16:35:45,807] Trial 73 finished with value: 0.30254292488098145 and parameters: {'hidden_dim': 421, 'n_layers': 2, 'dropout': 0.04653766736962214, 'input_chunk_length': 138, 'learning_rate': 0.0003103202763534772, 'batch_size': 32}. Best is trial 1 with value: 0.12519845366477966.
GPU available: True (cuda), used: True
TPU available: False, using: 0 TPU cores
HPU available: False, using: 0 HPUs
LOCAL_RANK: 0 - CUDA_VISIBLE_DEVICES: [0,1,2,3]
SLURM auto-requeueing enabled. Setting signal handlers.
Monitored metric train_loss did not improve in the last 132 records. Best score: 0.059. Signaling Trainer to stop.
GPU available: True (cuda), used: True
TPU available: False, using: 0 TPU cores
HPU available: False, using: 0 HPUs
LOCAL_RANK: 0 - CUDA_VISIBLE_DEVICES: [0,1,2,3]
SLURM auto-requeueing enabled. Setting signal handlers.
[I 2024-11-04 16:36:05,865] Trial 74 finished with value: 0.3546498417854309 and parameters: {'hidden_dim': 405, 'n_layers': 2, 'dropout': 0.03342719274110234, 'input_chunk_length': 144, 'learning_rate': 0.0013243596553033352, 'batch_size': 32}. Best is trial 1 with value: 0.12519845366477966.
GPU available: True (cuda), used: True
TPU available: False, using: 0 TPU cores
HPU available: False, using: 0 HPUs
LOCAL_RANK: 0 - CUDA_VISIBLE_DEVICES: [0,1,2,3]
SLURM auto-requeueing enabled. Setting signal handlers.
Monitored metric train_loss did not improve in the last 133 records. Best score: 0.059. Signaling Trainer to stop.
GPU available: True (cuda), used: True
TPU available: False, using: 0 TPU cores
HPU available: False, using: 0 HPUs
LOCAL_RANK: 0 - CUDA_VISIBLE_DEVICES: [0,1,2,3]
SLURM auto-requeueing enabled. Setting signal handlers.
[I 2024-11-04 16:36:25,738] Trial 75 finished with value: 0.39459797739982605 and parameters: {'hidden_dim': 427, 'n_layers': 2, 'dropout': 0.04449504489597441, 'input_chunk_length': 137, 'learning_rate': 3.097245794874484e-05, 'batch_size': 32}. Best is trial 1 with value: 0.12519845366477966.
GPU available: True (cuda), used: True
TPU available: False, using: 0 TPU cores
HPU available: False, using: 0 HPUs
LOCAL_RANK: 0 - CUDA_VISIBLE_DEVICES: [0,1,2,3]
SLURM auto-requeueing enabled. Setting signal handlers.
Monitored metric train_loss did not improve in the last 134 records. Best score: 0.059. Signaling Trainer to stop.
GPU available: True (cuda), used: True
TPU available: False, using: 0 TPU cores
HPU available: False, using: 0 HPUs
LOCAL_RANK: 0 - CUDA_VISIBLE_DEVICES: [0,1,2,3]
SLURM auto-requeueing enabled. Setting signal handlers.
[I 2024-11-04 16:36:43,581] Trial 76 finished with value: 0.41956499218940735 and parameters: {'hidden_dim': 390, 'n_layers': 2, 'dropout': 0.08310657165455931, 'input_chunk_length': 97, 'learning_rate': 0.0021545604017653257, 'batch_size': 32}. Best is trial 1 with value: 0.12519845366477966.
GPU available: True (cuda), used: True
TPU available: False, using: 0 TPU cores
HPU available: False, using: 0 HPUs
LOCAL_RANK: 0 - CUDA_VISIBLE_DEVICES: [0,1,2,3]
SLURM auto-requeueing enabled. Setting signal handlers.
Monitored metric train_loss did not improve in the last 135 records. Best score: 0.059. Signaling Trainer to stop.
GPU available: True (cuda), used: True
TPU available: False, using: 0 TPU cores
HPU available: False, using: 0 HPUs
LOCAL_RANK: 0 - CUDA_VISIBLE_DEVICES: [0,1,2,3]
SLURM auto-requeueing enabled. Setting signal handlers.
[I 2024-11-04 16:37:02,516] Trial 77 finished with value: 0.32827314734458923 and parameters: {'hidden_dim': 378, 'n_layers': 1, 'dropout': 0.012125028357803496, 'input_chunk_length': 146, 'learning_rate': 0.0005484064806076233, 'batch_size': 32}. Best is trial 1 with value: 0.12519845366477966.
GPU available: True (cuda), used: True
TPU available: False, using: 0 TPU cores
HPU available: False, using: 0 HPUs
LOCAL_RANK: 0 - CUDA_VISIBLE_DEVICES: [0,1,2,3]
SLURM auto-requeueing enabled. Setting signal handlers.
Monitored metric train_loss did not improve in the last 136 records. Best score: 0.059. Signaling Trainer to stop.
GPU available: True (cuda), used: True
TPU available: False, using: 0 TPU cores
HPU available: False, using: 0 HPUs
LOCAL_RANK: 0 - CUDA_VISIBLE_DEVICES: [0,1,2,3]
SLURM auto-requeueing enabled. Setting signal handlers.
[I 2024-11-04 16:37:20,861] Trial 78 finished with value: 0.30532148480415344 and parameters: {'hidden_dim': 205, 'n_layers': 3, 'dropout': 0.06758159497322208, 'input_chunk_length': 140, 'learning_rate': 0.00042759465860319173, 'batch_size': 32}. Best is trial 1 with value: 0.12519845366477966.
GPU available: True (cuda), used: True
TPU available: False, using: 0 TPU cores
HPU available: False, using: 0 HPUs
LOCAL_RANK: 0 - CUDA_VISIBLE_DEVICES: [0,1,2,3]
SLURM auto-requeueing enabled. Setting signal handlers.
Monitored metric train_loss did not improve in the last 137 records. Best score: 0.059. Signaling Trainer to stop.
GPU available: True (cuda), used: True
TPU available: False, using: 0 TPU cores
HPU available: False, using: 0 HPUs
LOCAL_RANK: 0 - CUDA_VISIBLE_DEVICES: [0,1,2,3]
SLURM auto-requeueing enabled. Setting signal handlers.
[I 2024-11-04 16:37:39,078] Trial 79 finished with value: 0.4699489176273346 and parameters: {'hidden_dim': 200, 'n_layers': 3, 'dropout': 0.10009670304966477, 'input_chunk_length': 140, 'learning_rate': 1.451969755698792e-05, 'batch_size': 32}. Best is trial 1 with value: 0.12519845366477966.
GPU available: True (cuda), used: True
TPU available: False, using: 0 TPU cores
HPU available: False, using: 0 HPUs
LOCAL_RANK: 0 - CUDA_VISIBLE_DEVICES: [0,1,2,3]
SLURM auto-requeueing enabled. Setting signal handlers.
Monitored metric train_loss did not improve in the last 138 records. Best score: 0.059. Signaling Trainer to stop.
GPU available: True (cuda), used: True
TPU available: False, using: 0 TPU cores
HPU available: False, using: 0 HPUs
LOCAL_RANK: 0 - CUDA_VISIBLE_DEVICES: [0,1,2,3]
SLURM auto-requeueing enabled. Setting signal handlers.
[I 2024-11-04 16:37:58,310] Trial 80 finished with value: 0.6294784545898438 and parameters: {'hidden_dim': 232, 'n_layers': 3, 'dropout': 0.06936989782312736, 'input_chunk_length': 150, 'learning_rate': 0.003102593531926931, 'batch_size': 32}. Best is trial 1 with value: 0.12519845366477966.
GPU available: True (cuda), used: True
TPU available: False, using: 0 TPU cores
HPU available: False, using: 0 HPUs
LOCAL_RANK: 0 - CUDA_VISIBLE_DEVICES: [0,1,2,3]
SLURM auto-requeueing enabled. Setting signal handlers.
Monitored metric train_loss did not improve in the last 139 records. Best score: 0.059. Signaling Trainer to stop.
GPU available: True (cuda), used: True
TPU available: False, using: 0 TPU cores
HPU available: False, using: 0 HPUs
LOCAL_RANK: 0 - CUDA_VISIBLE_DEVICES: [0,1,2,3]
SLURM auto-requeueing enabled. Setting signal handlers.
[I 2024-11-04 16:38:16,314] Trial 81 finished with value: 0.3119959533214569 and parameters: {'hidden_dim': 210, 'n_layers': 3, 'dropout': 0.050117178217268805, 'input_chunk_length': 128, 'learning_rate': 0.00043562747941817764, 'batch_size': 32}. Best is trial 1 with value: 0.12519845366477966.
GPU available: True (cuda), used: True
TPU available: False, using: 0 TPU cores
HPU available: False, using: 0 HPUs
LOCAL_RANK: 0 - CUDA_VISIBLE_DEVICES: [0,1,2,3]
SLURM auto-requeueing enabled. Setting signal handlers.
Monitored metric train_loss did not improve in the last 140 records. Best score: 0.059. Signaling Trainer to stop.
GPU available: True (cuda), used: True
TPU available: False, using: 0 TPU cores
HPU available: False, using: 0 HPUs
LOCAL_RANK: 0 - CUDA_VISIBLE_DEVICES: [0,1,2,3]
SLURM auto-requeueing enabled. Setting signal handlers.
[I 2024-11-04 16:38:34,238] Trial 82 finished with value: 0.3225157856941223 and parameters: {'hidden_dim': 213, 'n_layers': 3, 'dropout': 0.05401452982864666, 'input_chunk_length': 123, 'learning_rate': 0.0002953423630683266, 'batch_size': 32}. Best is trial 1 with value: 0.12519845366477966.
GPU available: True (cuda), used: True
TPU available: False, using: 0 TPU cores
HPU available: False, using: 0 HPUs
LOCAL_RANK: 0 - CUDA_VISIBLE_DEVICES: [0,1,2,3]
SLURM auto-requeueing enabled. Setting signal handlers.
Monitored metric train_loss did not improve in the last 141 records. Best score: 0.059. Signaling Trainer to stop.
GPU available: True (cuda), used: True
TPU available: False, using: 0 TPU cores
HPU available: False, using: 0 HPUs
LOCAL_RANK: 0 - CUDA_VISIBLE_DEVICES: [0,1,2,3]
SLURM auto-requeueing enabled. Setting signal handlers.
[I 2024-11-04 16:38:52,813] Trial 83 finished with value: 0.30807673931121826 and parameters: {'hidden_dim': 247, 'n_layers': 3, 'dropout': 0.052844379022421104, 'input_chunk_length': 123, 'learning_rate': 0.00041364978488856824, 'batch_size': 32}. Best is trial 1 with value: 0.12519845366477966.
GPU available: True (cuda), used: True
TPU available: False, using: 0 TPU cores
HPU available: False, using: 0 HPUs
LOCAL_RANK: 0 - CUDA_VISIBLE_DEVICES: [0,1,2,3]
SLURM auto-requeueing enabled. Setting signal handlers.
Monitored metric train_loss did not improve in the last 142 records. Best score: 0.059. Signaling Trainer to stop.
GPU available: True (cuda), used: True
TPU available: False, using: 0 TPU cores
HPU available: False, using: 0 HPUs
LOCAL_RANK: 0 - CUDA_VISIBLE_DEVICES: [0,1,2,3]
SLURM auto-requeueing enabled. Setting signal handlers.
[I 2024-11-04 16:39:11,426] Trial 84 finished with value: 0.3506004512310028 and parameters: {'hidden_dim': 253, 'n_layers': 3, 'dropout': 0.04355464447060436, 'input_chunk_length': 128, 'learning_rate': 0.0003819395253599525, 'batch_size': 32}. Best is trial 1 with value: 0.12519845366477966.
GPU available: True (cuda), used: True
TPU available: False, using: 0 TPU cores
HPU available: False, using: 0 HPUs
LOCAL_RANK: 0 - CUDA_VISIBLE_DEVICES: [0,1,2,3]
SLURM auto-requeueing enabled. Setting signal handlers.
Monitored metric train_loss did not improve in the last 143 records. Best score: 0.059. Signaling Trainer to stop.
GPU available: True (cuda), used: True
TPU available: False, using: 0 TPU cores
HPU available: False, using: 0 HPUs
LOCAL_RANK: 0 - CUDA_VISIBLE_DEVICES: [0,1,2,3]
SLURM auto-requeueing enabled. Setting signal handlers.
[I 2024-11-04 16:39:28,768] Trial 85 finished with value: 0.3204349875450134 and parameters: {'hidden_dim': 163, 'n_layers': 3, 'dropout': 0.11658710330562355, 'input_chunk_length': 116, 'learning_rate': 0.0002376978801170237, 'batch_size': 32}. Best is trial 1 with value: 0.12519845366477966.
GPU available: True (cuda), used: True
TPU available: False, using: 0 TPU cores
HPU available: False, using: 0 HPUs
LOCAL_RANK: 0 - CUDA_VISIBLE_DEVICES: [0,1,2,3]
SLURM auto-requeueing enabled. Setting signal handlers.
Monitored metric train_loss did not improve in the last 144 records. Best score: 0.059. Signaling Trainer to stop.
GPU available: True (cuda), used: True
TPU available: False, using: 0 TPU cores
HPU available: False, using: 0 HPUs
LOCAL_RANK: 0 - CUDA_VISIBLE_DEVICES: [0,1,2,3]
SLURM auto-requeueing enabled. Setting signal handlers.
[I 2024-11-04 16:39:47,197] Trial 86 finished with value: 0.30854305624961853 and parameters: {'hidden_dim': 162, 'n_layers': 3, 'dropout': 0.12571221692793297, 'input_chunk_length': 137, 'learning_rate': 0.00022913106541942583, 'batch_size': 32}. Best is trial 1 with value: 0.12519845366477966.
GPU available: True (cuda), used: True
TPU available: False, using: 0 TPU cores
HPU available: False, using: 0 HPUs
LOCAL_RANK: 0 - CUDA_VISIBLE_DEVICES: [0,1,2,3]
SLURM auto-requeueing enabled. Setting signal handlers.
Monitored metric train_loss did not improve in the last 145 records. Best score: 0.059. Signaling Trainer to stop.
GPU available: True (cuda), used: True
TPU available: False, using: 0 TPU cores
HPU available: False, using: 0 HPUs
LOCAL_RANK: 0 - CUDA_VISIBLE_DEVICES: [0,1,2,3]
SLURM auto-requeueing enabled. Setting signal handlers.
[I 2024-11-04 16:40:04,723] Trial 87 finished with value: 0.3246774971485138 and parameters: {'hidden_dim': 152, 'n_layers': 3, 'dropout': 0.12750424864635837, 'input_chunk_length': 138, 'learning_rate': 0.00025283950135600774, 'batch_size': 32}. Best is trial 1 with value: 0.12519845366477966.
GPU available: True (cuda), used: True
TPU available: False, using: 0 TPU cores
HPU available: False, using: 0 HPUs
LOCAL_RANK: 0 - CUDA_VISIBLE_DEVICES: [0,1,2,3]
SLURM auto-requeueing enabled. Setting signal handlers.
Monitored metric train_loss did not improve in the last 146 records. Best score: 0.059. Signaling Trainer to stop.
GPU available: True (cuda), used: True
TPU available: False, using: 0 TPU cores
HPU available: False, using: 0 HPUs
LOCAL_RANK: 0 - CUDA_VISIBLE_DEVICES: [0,1,2,3]
SLURM auto-requeueing enabled. Setting signal handlers.
[I 2024-11-04 16:40:20,557] Trial 88 finished with value: 0.3038346469402313 and parameters: {'hidden_dim': 136, 'n_layers': 3, 'dropout': 0.10694642808147453, 'input_chunk_length': 120, 'learning_rate': 0.0001736743782666111, 'batch_size': 32}. Best is trial 1 with value: 0.12519845366477966.
GPU available: True (cuda), used: True
TPU available: False, using: 0 TPU cores
HPU available: False, using: 0 HPUs
LOCAL_RANK: 0 - CUDA_VISIBLE_DEVICES: [0,1,2,3]
SLURM auto-requeueing enabled. Setting signal handlers.
Monitored metric train_loss did not improve in the last 147 records. Best score: 0.059. Signaling Trainer to stop.
GPU available: True (cuda), used: True
TPU available: False, using: 0 TPU cores
HPU available: False, using: 0 HPUs
LOCAL_RANK: 0 - CUDA_VISIBLE_DEVICES: [0,1,2,3]
SLURM auto-requeueing enabled. Setting signal handlers.
[I 2024-11-04 16:40:35,108] Trial 89 finished with value: 0.4166319966316223 and parameters: {'hidden_dim': 116, 'n_layers': 3, 'dropout': 0.09315776342952464, 'input_chunk_length': 142, 'learning_rate': 0.00017903456294631625, 'batch_size': 32}. Best is trial 1 with value: 0.12519845366477966.
GPU available: True (cuda), used: True
TPU available: False, using: 0 TPU cores
HPU available: False, using: 0 HPUs
LOCAL_RANK: 0 - CUDA_VISIBLE_DEVICES: [0,1,2,3]
SLURM auto-requeueing enabled. Setting signal handlers.
Monitored metric train_loss did not improve in the last 148 records. Best score: 0.059. Signaling Trainer to stop.
GPU available: True (cuda), used: True
TPU available: False, using: 0 TPU cores
HPU available: False, using: 0 HPUs
LOCAL_RANK: 0 - CUDA_VISIBLE_DEVICES: [0,1,2,3]
SLURM auto-requeueing enabled. Setting signal handlers.
[I 2024-11-04 16:40:52,974] Trial 90 finished with value: 0.39442360401153564 and parameters: {'hidden_dim': 144, 'n_layers': 4, 'dropout': 0.07684534088751342, 'input_chunk_length': 135, 'learning_rate': 6.753647232084213e-05, 'batch_size': 32}. Best is trial 1 with value: 0.12519845366477966.
GPU available: True (cuda), used: True
TPU available: False, using: 0 TPU cores
HPU available: False, using: 0 HPUs
LOCAL_RANK: 0 - CUDA_VISIBLE_DEVICES: [0,1,2,3]
SLURM auto-requeueing enabled. Setting signal handlers.
Monitored metric train_loss did not improve in the last 149 records. Best score: 0.059. Signaling Trainer to stop.
GPU available: True (cuda), used: True
TPU available: False, using: 0 TPU cores
HPU available: False, using: 0 HPUs
LOCAL_RANK: 0 - CUDA_VISIBLE_DEVICES: [0,1,2,3]
SLURM auto-requeueing enabled. Setting signal handlers.
[I 2024-11-04 16:41:11,406] Trial 91 finished with value: 0.35661375522613525 and parameters: {'hidden_dim': 178, 'n_layers': 3, 'dropout': 0.1612169901608356, 'input_chunk_length': 121, 'learning_rate': 0.0003297499613877406, 'batch_size': 32}. Best is trial 1 with value: 0.12519845366477966.
GPU available: True (cuda), used: True
TPU available: False, using: 0 TPU cores
HPU available: False, using: 0 HPUs
LOCAL_RANK: 0 - CUDA_VISIBLE_DEVICES: [0,1,2,3]
SLURM auto-requeueing enabled. Setting signal handlers.
Monitored metric train_loss did not improve in the last 150 records. Best score: 0.059. Signaling Trainer to stop.
GPU available: True (cuda), used: True
TPU available: False, using: 0 TPU cores
HPU available: False, using: 0 HPUs
LOCAL_RANK: 0 - CUDA_VISIBLE_DEVICES: [0,1,2,3]
SLURM auto-requeueing enabled. Setting signal handlers.
[I 2024-11-04 16:41:28,981] Trial 92 finished with value: 0.41373154520988464 and parameters: {'hidden_dim': 169, 'n_layers': 3, 'dropout': 0.11282746652158789, 'input_chunk_length': 116, 'learning_rate': 0.0001484300726954012, 'batch_size': 32}. Best is trial 1 with value: 0.12519845366477966.
GPU available: True (cuda), used: True
TPU available: False, using: 0 TPU cores
HPU available: False, using: 0 HPUs
LOCAL_RANK: 0 - CUDA_VISIBLE_DEVICES: [0,1,2,3]
SLURM auto-requeueing enabled. Setting signal handlers.
Monitored metric train_loss did not improve in the last 151 records. Best score: 0.059. Signaling Trainer to stop.
GPU available: True (cuda), used: True
TPU available: False, using: 0 TPU cores
HPU available: False, using: 0 HPUs
LOCAL_RANK: 0 - CUDA_VISIBLE_DEVICES: [0,1,2,3]
SLURM auto-requeueing enabled. Setting signal handlers.
[I 2024-11-04 16:41:46,456] Trial 93 finished with value: 0.2951202988624573 and parameters: {'hidden_dim': 200, 'n_layers': 3, 'dropout': 0.10383999761911633, 'input_chunk_length': 125, 'learning_rate': 0.0002170251847640883, 'batch_size': 32}. Best is trial 1 with value: 0.12519845366477966.
GPU available: True (cuda), used: True
TPU available: False, using: 0 TPU cores
HPU available: False, using: 0 HPUs
LOCAL_RANK: 0 - CUDA_VISIBLE_DEVICES: [0,1,2,3]
SLURM auto-requeueing enabled. Setting signal handlers.
Monitored metric train_loss did not improve in the last 152 records. Best score: 0.059. Signaling Trainer to stop.
GPU available: True (cuda), used: True
TPU available: False, using: 0 TPU cores
HPU available: False, using: 0 HPUs
LOCAL_RANK: 0 - CUDA_VISIBLE_DEVICES: [0,1,2,3]
SLURM auto-requeueing enabled. Setting signal handlers.
[I 2024-11-04 16:42:00,664] Trial 94 finished with value: 0.3834553062915802 and parameters: {'hidden_dim': 124, 'n_layers': 3, 'dropout': 0.14029701169651776, 'input_chunk_length': 124, 'learning_rate': 0.0001308111617339929, 'batch_size': 32}. Best is trial 1 with value: 0.12519845366477966.
GPU available: True (cuda), used: True
TPU available: False, using: 0 TPU cores
HPU available: False, using: 0 HPUs
LOCAL_RANK: 0 - CUDA_VISIBLE_DEVICES: [0,1,2,3]
SLURM auto-requeueing enabled. Setting signal handlers.
Monitored metric train_loss did not improve in the last 153 records. Best score: 0.059. Signaling Trainer to stop.
GPU available: True (cuda), used: True
TPU available: False, using: 0 TPU cores
HPU available: False, using: 0 HPUs
LOCAL_RANK: 0 - CUDA_VISIBLE_DEVICES: [0,1,2,3]
SLURM auto-requeueing enabled. Setting signal handlers.
[I 2024-11-04 16:42:18,488] Trial 95 finished with value: 0.34746164083480835 and parameters: {'hidden_dim': 196, 'n_layers': 3, 'dropout': 0.10217581459692382, 'input_chunk_length': 126, 'learning_rate': 0.00043031692971238903, 'batch_size': 32}. Best is trial 1 with value: 0.12519845366477966.
GPU available: True (cuda), used: True
TPU available: False, using: 0 TPU cores
HPU available: False, using: 0 HPUs
LOCAL_RANK: 0 - CUDA_VISIBLE_DEVICES: [0,1,2,3]
SLURM auto-requeueing enabled. Setting signal handlers.
Monitored metric train_loss did not improve in the last 154 records. Best score: 0.059. Signaling Trainer to stop.
GPU available: True (cuda), used: True
TPU available: False, using: 0 TPU cores
HPU available: False, using: 0 HPUs
LOCAL_RANK: 0 - CUDA_VISIBLE_DEVICES: [0,1,2,3]
SLURM auto-requeueing enabled. Setting signal handlers.
