[I 2024-11-03 17:54:22,194] Trial 22 finished with value: 0.32804685831069946 and parameters: {'hidden_dim': 333, 'n_layers': 2, 'dropout': 0.11955913322800543, 'input_chunk_length': 29, 'learning_rate': 8.629552747648868e-05, 'batch_size': 64}. Best is trial 0 with value: 0.24586667120456696.
GPU available: True (cuda), used: True
TPU available: False, using: 0 TPU cores
HPU available: False, using: 0 HPUs
LOCAL_RANK: 0 - CUDA_VISIBLE_DEVICES: [0,1,2,3]
SLURM auto-requeueing enabled. Setting signal handlers.
Monitored metric train_loss did not improve in the last 82 records. Best score: 0.081. Signaling Trainer to stop.
GPU available: True (cuda), used: True
TPU available: False, using: 0 TPU cores
HPU available: False, using: 0 HPUs
LOCAL_RANK: 0 - CUDA_VISIBLE_DEVICES: [0,1,2,3]
SLURM auto-requeueing enabled. Setting signal handlers.
[I 2024-11-03 17:54:37,876] Trial 23 finished with value: 0.45851340889930725 and parameters: {'hidden_dim': 462, 'n_layers': 1, 'dropout': 0.03209006763429019, 'input_chunk_length': 54, 'learning_rate': 0.0003070907873383087, 'batch_size': 64}. Best is trial 0 with value: 0.24586667120456696.
GPU available: True (cuda), used: True
TPU available: False, using: 0 TPU cores
HPU available: False, using: 0 HPUs
LOCAL_RANK: 0 - CUDA_VISIBLE_DEVICES: [0,1,2,3]
SLURM auto-requeueing enabled. Setting signal handlers.
Monitored metric train_loss did not improve in the last 83 records. Best score: 0.081. Signaling Trainer to stop.
GPU available: True (cuda), used: True
TPU available: False, using: 0 TPU cores
HPU available: False, using: 0 HPUs
LOCAL_RANK: 0 - CUDA_VISIBLE_DEVICES: [0,1,2,3]
SLURM auto-requeueing enabled. Setting signal handlers.
[I 2024-11-03 17:54:53,983] Trial 24 finished with value: 0.6356330513954163 and parameters: {'hidden_dim': 393, 'n_layers': 1, 'dropout': 0.14780266611344936, 'input_chunk_length': 71, 'learning_rate': 0.0011938791605786469, 'batch_size': 64}. Best is trial 0 with value: 0.24586667120456696.
GPU available: True (cuda), used: True
TPU available: False, using: 0 TPU cores
HPU available: False, using: 0 HPUs
LOCAL_RANK: 0 - CUDA_VISIBLE_DEVICES: [0,1,2,3]
SLURM auto-requeueing enabled. Setting signal handlers.
Monitored metric train_loss did not improve in the last 84 records. Best score: 0.081. Signaling Trainer to stop.
GPU available: True (cuda), used: True
TPU available: False, using: 0 TPU cores
HPU available: False, using: 0 HPUs
LOCAL_RANK: 0 - CUDA_VISIBLE_DEVICES: [0,1,2,3]
SLURM auto-requeueing enabled. Setting signal handlers.
[I 2024-11-03 17:55:08,313] Trial 25 finished with value: 0.4786340892314911 and parameters: {'hidden_dim': 326, 'n_layers': 2, 'dropout': 0.21296950649557356, 'input_chunk_length': 31, 'learning_rate': 0.00020902124016019662, 'batch_size': 64}. Best is trial 0 with value: 0.24586667120456696.
GPU available: True (cuda), used: True
TPU available: False, using: 0 TPU cores
HPU available: False, using: 0 HPUs
LOCAL_RANK: 0 - CUDA_VISIBLE_DEVICES: [0,1,2,3]
SLURM auto-requeueing enabled. Setting signal handlers.
Monitored metric train_loss did not improve in the last 85 records. Best score: 0.081. Signaling Trainer to stop.
GPU available: True (cuda), used: True
TPU available: False, using: 0 TPU cores
HPU available: False, using: 0 HPUs
LOCAL_RANK: 0 - CUDA_VISIBLE_DEVICES: [0,1,2,3]
SLURM auto-requeueing enabled. Setting signal handlers.
[I 2024-11-03 17:55:23,009] Trial 26 finished with value: 0.3601684272289276 and parameters: {'hidden_dim': 260, 'n_layers': 1, 'dropout': 0.2821986429039346, 'input_chunk_length': 11, 'learning_rate': 7.399819801651122e-05, 'batch_size': 32}. Best is trial 0 with value: 0.24586667120456696.
GPU available: True (cuda), used: True
TPU available: False, using: 0 TPU cores
HPU available: False, using: 0 HPUs
LOCAL_RANK: 0 - CUDA_VISIBLE_DEVICES: [0,1,2,3]
SLURM auto-requeueing enabled. Setting signal handlers.
Monitored metric train_loss did not improve in the last 86 records. Best score: 0.081. Signaling Trainer to stop.
GPU available: True (cuda), used: True
TPU available: False, using: 0 TPU cores
HPU available: False, using: 0 HPUs
LOCAL_RANK: 0 - CUDA_VISIBLE_DEVICES: [0,1,2,3]
SLURM auto-requeueing enabled. Setting signal handlers.
[I 2024-11-03 17:55:38,859] Trial 27 finished with value: 0.37932026386260986 and parameters: {'hidden_dim': 470, 'n_layers': 3, 'dropout': 0.09909626063323412, 'input_chunk_length': 42, 'learning_rate': 2.346402982660344e-05, 'batch_size': 64}. Best is trial 0 with value: 0.24586667120456696.
GPU available: True (cuda), used: True
TPU available: False, using: 0 TPU cores
HPU available: False, using: 0 HPUs
LOCAL_RANK: 0 - CUDA_VISIBLE_DEVICES: [0,1,2,3]
SLURM auto-requeueing enabled. Setting signal handlers.
Monitored metric train_loss did not improve in the last 87 records. Best score: 0.081. Signaling Trainer to stop.
GPU available: True (cuda), used: True
TPU available: False, using: 0 TPU cores
HPU available: False, using: 0 HPUs
LOCAL_RANK: 0 - CUDA_VISIBLE_DEVICES: [0,1,2,3]
SLURM auto-requeueing enabled. Setting signal handlers.
[I 2024-11-03 17:55:56,730] Trial 28 finished with value: 0.3871050775051117 and parameters: {'hidden_dim': 409, 'n_layers': 4, 'dropout': 0.15042477020112657, 'input_chunk_length': 69, 'learning_rate': 0.000421267919341562, 'batch_size': 64}. Best is trial 0 with value: 0.24586667120456696.
GPU available: True (cuda), used: True
TPU available: False, using: 0 TPU cores
HPU available: False, using: 0 HPUs
LOCAL_RANK: 0 - CUDA_VISIBLE_DEVICES: [0,1,2,3]
SLURM auto-requeueing enabled. Setting signal handlers.
Monitored metric train_loss did not improve in the last 88 records. Best score: 0.081. Signaling Trainer to stop.
GPU available: True (cuda), used: True
TPU available: False, using: 0 TPU cores
HPU available: False, using: 0 HPUs
LOCAL_RANK: 0 - CUDA_VISIBLE_DEVICES: [0,1,2,3]
SLURM auto-requeueing enabled. Setting signal handlers.
[I 2024-11-03 17:56:11,802] Trial 29 finished with value: 0.35196343064308167 and parameters: {'hidden_dim': 352, 'n_layers': 2, 'dropout': 0.023575670764536788, 'input_chunk_length': 24, 'learning_rate': 5.653438070907921e-05, 'batch_size': 32}. Best is trial 0 with value: 0.24586667120456696.
GPU available: True (cuda), used: True
TPU available: False, using: 0 TPU cores
HPU available: False, using: 0 HPUs
LOCAL_RANK: 0 - CUDA_VISIBLE_DEVICES: [0,1,2,3]
SLURM auto-requeueing enabled. Setting signal handlers.
Monitored metric train_loss did not improve in the last 89 records. Best score: 0.081. Signaling Trainer to stop.
GPU available: True (cuda), used: True
TPU available: False, using: 0 TPU cores
HPU available: False, using: 0 HPUs
LOCAL_RANK: 0 - CUDA_VISIBLE_DEVICES: [0,1,2,3]
SLURM auto-requeueing enabled. Setting signal handlers.
[I 2024-11-03 17:56:26,641] Trial 30 finished with value: 0.4121630787849426 and parameters: {'hidden_dim': 508, 'n_layers': 4, 'dropout': 0.05353158406619114, 'input_chunk_length': 19, 'learning_rate': 3.482209488008187e-05, 'batch_size': 64}. Best is trial 0 with value: 0.24586667120456696.
GPU available: True (cuda), used: True
TPU available: False, using: 0 TPU cores
HPU available: False, using: 0 HPUs
LOCAL_RANK: 0 - CUDA_VISIBLE_DEVICES: [0,1,2,3]
SLURM auto-requeueing enabled. Setting signal handlers.
Monitored metric train_loss did not improve in the last 90 records. Best score: 0.081. Signaling Trainer to stop.
GPU available: True (cuda), used: True
TPU available: False, using: 0 TPU cores
HPU available: False, using: 0 HPUs
LOCAL_RANK: 0 - CUDA_VISIBLE_DEVICES: [0,1,2,3]
SLURM auto-requeueing enabled. Setting signal handlers.
[I 2024-11-03 17:56:40,798] Trial 31 finished with value: 0.39211857318878174 and parameters: {'hidden_dim': 323, 'n_layers': 2, 'dropout': 0.10296314784558616, 'input_chunk_length': 28, 'learning_rate': 0.0001051557892545208, 'batch_size': 64}. Best is trial 0 with value: 0.24586667120456696.
GPU available: True (cuda), used: True
TPU available: False, using: 0 TPU cores
HPU available: False, using: 0 HPUs
LOCAL_RANK: 0 - CUDA_VISIBLE_DEVICES: [0,1,2,3]
SLURM auto-requeueing enabled. Setting signal handlers.
Monitored metric train_loss did not improve in the last 91 records. Best score: 0.081. Signaling Trainer to stop.
GPU available: True (cuda), used: True
TPU available: False, using: 0 TPU cores
HPU available: False, using: 0 HPUs
LOCAL_RANK: 0 - CUDA_VISIBLE_DEVICES: [0,1,2,3]
SLURM auto-requeueing enabled. Setting signal handlers.
[I 2024-11-03 17:56:54,895] Trial 32 finished with value: 0.39788174629211426 and parameters: {'hidden_dim': 341, 'n_layers': 1, 'dropout': 0.25059143575402426, 'input_chunk_length': 33, 'learning_rate': 0.00016482379687673095, 'batch_size': 64}. Best is trial 0 with value: 0.24586667120456696.
GPU available: True (cuda), used: True
TPU available: False, using: 0 TPU cores
HPU available: False, using: 0 HPUs
LOCAL_RANK: 0 - CUDA_VISIBLE_DEVICES: [0,1,2,3]
SLURM auto-requeueing enabled. Setting signal handlers.
Monitored metric train_loss did not improve in the last 92 records. Best score: 0.081. Signaling Trainer to stop.
GPU available: True (cuda), used: True
TPU available: False, using: 0 TPU cores
HPU available: False, using: 0 HPUs
LOCAL_RANK: 0 - CUDA_VISIBLE_DEVICES: [0,1,2,3]
SLURM auto-requeueing enabled. Setting signal handlers.
[I 2024-11-03 17:57:10,010] Trial 33 finished with value: 0.36455440521240234 and parameters: {'hidden_dim': 278, 'n_layers': 2, 'dropout': 0.12632844201225576, 'input_chunk_length': 53, 'learning_rate': 6.571588362657897e-05, 'batch_size': 64}. Best is trial 0 with value: 0.24586667120456696.
GPU available: True (cuda), used: True
TPU available: False, using: 0 TPU cores
HPU available: False, using: 0 HPUs
LOCAL_RANK: 0 - CUDA_VISIBLE_DEVICES: [0,1,2,3]
SLURM auto-requeueing enabled. Setting signal handlers.
Monitored metric train_loss did not improve in the last 93 records. Best score: 0.081. Signaling Trainer to stop.
GPU available: True (cuda), used: True
TPU available: False, using: 0 TPU cores
HPU available: False, using: 0 HPUs
LOCAL_RANK: 0 - CUDA_VISIBLE_DEVICES: [0,1,2,3]
SLURM auto-requeueing enabled. Setting signal handlers.
[I 2024-11-03 17:57:29,321] Trial 34 finished with value: 0.3709852695465088 and parameters: {'hidden_dim': 383, 'n_layers': 1, 'dropout': 0.06705707196682455, 'input_chunk_length': 144, 'learning_rate': 1.6882650171466506e-05, 'batch_size': 64}. Best is trial 0 with value: 0.24586667120456696.
GPU available: True (cuda), used: True
TPU available: False, using: 0 TPU cores
HPU available: False, using: 0 HPUs
LOCAL_RANK: 0 - CUDA_VISIBLE_DEVICES: [0,1,2,3]
SLURM auto-requeueing enabled. Setting signal handlers.
Monitored metric train_loss did not improve in the last 94 records. Best score: 0.081. Signaling Trainer to stop.
GPU available: True (cuda), used: True
TPU available: False, using: 0 TPU cores
HPU available: False, using: 0 HPUs
LOCAL_RANK: 0 - CUDA_VISIBLE_DEVICES: [0,1,2,3]
SLURM auto-requeueing enabled. Setting signal handlers.
[I 2024-11-03 17:57:43,378] Trial 35 finished with value: 0.4397355020046234 and parameters: {'hidden_dim': 221, 'n_layers': 1, 'dropout': 0.1974268260379264, 'input_chunk_length': 43, 'learning_rate': 8.966123054895297e-05, 'batch_size': 64}. Best is trial 0 with value: 0.24586667120456696.
GPU available: True (cuda), used: True
TPU available: False, using: 0 TPU cores
HPU available: False, using: 0 HPUs
LOCAL_RANK: 0 - CUDA_VISIBLE_DEVICES: [0,1,2,3]
SLURM auto-requeueing enabled. Setting signal handlers.
Monitored metric train_loss did not improve in the last 95 records. Best score: 0.081. Signaling Trainer to stop.
GPU available: True (cuda), used: True
TPU available: False, using: 0 TPU cores
HPU available: False, using: 0 HPUs
LOCAL_RANK: 0 - CUDA_VISIBLE_DEVICES: [0,1,2,3]
SLURM auto-requeueing enabled. Setting signal handlers.
[I 2024-11-03 17:57:57,385] Trial 36 finished with value: 0.438008189201355 and parameters: {'hidden_dim': 307, 'n_layers': 3, 'dropout': 0.2421674710652357, 'input_chunk_length': 20, 'learning_rate': 4.232252410388132e-05, 'batch_size': 64}. Best is trial 0 with value: 0.24586667120456696.
GPU available: True (cuda), used: True
TPU available: False, using: 0 TPU cores
HPU available: False, using: 0 HPUs
LOCAL_RANK: 0 - CUDA_VISIBLE_DEVICES: [0,1,2,3]
SLURM auto-requeueing enabled. Setting signal handlers.
Monitored metric train_loss did not improve in the last 96 records. Best score: 0.081. Signaling Trainer to stop.
GPU available: True (cuda), used: True
TPU available: False, using: 0 TPU cores
HPU available: False, using: 0 HPUs
LOCAL_RANK: 0 - CUDA_VISIBLE_DEVICES: [0,1,2,3]
SLURM auto-requeueing enabled. Setting signal handlers.
[I 2024-11-03 17:58:21,357] Trial 37 finished with value: 0.47328492999076843 and parameters: {'hidden_dim': 447, 'n_layers': 5, 'dropout': 0.1374679371287453, 'input_chunk_length': 110, 'learning_rate': 0.00042288256442486743, 'batch_size': 64}. Best is trial 0 with value: 0.24586667120456696.
GPU available: True (cuda), used: True
TPU available: False, using: 0 TPU cores
HPU available: False, using: 0 HPUs
LOCAL_RANK: 0 - CUDA_VISIBLE_DEVICES: [0,1,2,3]
SLURM auto-requeueing enabled. Setting signal handlers.
Monitored metric train_loss did not improve in the last 97 records. Best score: 0.081. Signaling Trainer to stop.
GPU available: True (cuda), used: True
TPU available: False, using: 0 TPU cores
HPU available: False, using: 0 HPUs
LOCAL_RANK: 0 - CUDA_VISIBLE_DEVICES: [0,1,2,3]
SLURM auto-requeueing enabled. Setting signal handlers.
[I 2024-11-03 17:58:37,729] Trial 38 finished with value: 0.464937299489975 and parameters: {'hidden_dim': 410, 'n_layers': 1, 'dropout': 0.09831423301140096, 'input_chunk_length': 60, 'learning_rate': 0.0010692206130810669, 'batch_size': 32}. Best is trial 0 with value: 0.24586667120456696.
GPU available: True (cuda), used: True
TPU available: False, using: 0 TPU cores
HPU available: False, using: 0 HPUs
LOCAL_RANK: 0 - CUDA_VISIBLE_DEVICES: [0,1,2,3]
SLURM auto-requeueing enabled. Setting signal handlers.
Monitored metric train_loss did not improve in the last 98 records. Best score: 0.081. Signaling Trainer to stop.
GPU available: True (cuda), used: True
TPU available: False, using: 0 TPU cores
HPU available: False, using: 0 HPUs
LOCAL_RANK: 0 - CUDA_VISIBLE_DEVICES: [0,1,2,3]
SLURM auto-requeueing enabled. Setting signal handlers.
[I 2024-11-03 17:58:52,301] Trial 39 finished with value: 0.9627076387405396 and parameters: {'hidden_dim': 377, 'n_layers': 2, 'dropout': 0.43252665095753945, 'input_chunk_length': 33, 'learning_rate': 0.002787118940075539, 'batch_size': 64}. Best is trial 0 with value: 0.24586667120456696.
GPU available: True (cuda), used: True
TPU available: False, using: 0 TPU cores
HPU available: False, using: 0 HPUs
LOCAL_RANK: 0 - CUDA_VISIBLE_DEVICES: [0,1,2,3]
SLURM auto-requeueing enabled. Setting signal handlers.
Monitored metric train_loss did not improve in the last 99 records. Best score: 0.081. Signaling Trainer to stop.
GPU available: True (cuda), used: True
TPU available: False, using: 0 TPU cores
HPU available: False, using: 0 HPUs
LOCAL_RANK: 0 - CUDA_VISIBLE_DEVICES: [0,1,2,3]
SLURM auto-requeueing enabled. Setting signal handlers.
[I 2024-11-03 17:59:06,840] Trial 40 finished with value: 0.4117543399333954 and parameters: {'hidden_dim': 77, 'n_layers': 1, 'dropout': 0.37941239919061864, 'input_chunk_length': 127, 'learning_rate': 0.00022157511390433372, 'batch_size': 64}. Best is trial 0 with value: 0.24586667120456696.
GPU available: True (cuda), used: True
TPU available: False, using: 0 TPU cores
HPU available: False, using: 0 HPUs
LOCAL_RANK: 0 - CUDA_VISIBLE_DEVICES: [0,1,2,3]
SLURM auto-requeueing enabled. Setting signal handlers.
Monitored metric train_loss did not improve in the last 100 records. Best score: 0.081. Signaling Trainer to stop.
GPU available: True (cuda), used: True
TPU available: False, using: 0 TPU cores
HPU available: False, using: 0 HPUs
LOCAL_RANK: 0 - CUDA_VISIBLE_DEVICES: [0,1,2,3]
SLURM auto-requeueing enabled. Setting signal handlers.
[I 2024-11-03 17:59:20,617] Trial 41 finished with value: 0.3903675377368927 and parameters: {'hidden_dim': 404, 'n_layers': 1, 'dropout': 0.12172927892540406, 'input_chunk_length': 25, 'learning_rate': 0.00025414124549584104, 'batch_size': 64}. Best is trial 0 with value: 0.24586667120456696.
GPU available: True (cuda), used: True
TPU available: False, using: 0 TPU cores
HPU available: False, using: 0 HPUs
LOCAL_RANK: 0 - CUDA_VISIBLE_DEVICES: [0,1,2,3]
SLURM auto-requeueing enabled. Setting signal handlers.
Monitored metric train_loss did not improve in the last 101 records. Best score: 0.081. Signaling Trainer to stop.
GPU available: True (cuda), used: True
TPU available: False, using: 0 TPU cores
HPU available: False, using: 0 HPUs
LOCAL_RANK: 0 - CUDA_VISIBLE_DEVICES: [0,1,2,3]
SLURM auto-requeueing enabled. Setting signal handlers.
[I 2024-11-03 17:59:34,678] Trial 42 finished with value: 0.3596596121788025 and parameters: {'hidden_dim': 488, 'n_layers': 1, 'dropout': 0.07580572686864902, 'input_chunk_length': 17, 'learning_rate': 0.0001383803116006961, 'batch_size': 64}. Best is trial 0 with value: 0.24586667120456696.
GPU available: True (cuda), used: True
TPU available: False, using: 0 TPU cores
HPU available: False, using: 0 HPUs
LOCAL_RANK: 0 - CUDA_VISIBLE_DEVICES: [0,1,2,3]
SLURM auto-requeueing enabled. Setting signal handlers.
Monitored metric train_loss did not improve in the last 102 records. Best score: 0.081. Signaling Trainer to stop.
GPU available: True (cuda), used: True
TPU available: False, using: 0 TPU cores
HPU available: False, using: 0 HPUs
LOCAL_RANK: 0 - CUDA_VISIBLE_DEVICES: [0,1,2,3]
SLURM auto-requeueing enabled. Setting signal handlers.
[I 2024-11-03 17:59:48,886] Trial 43 finished with value: 0.4147162139415741 and parameters: {'hidden_dim': 432, 'n_layers': 2, 'dropout': 0.15085584969065954, 'input_chunk_length': 27, 'learning_rate': 0.00042907615879482047, 'batch_size': 64}. Best is trial 0 with value: 0.24586667120456696.
GPU available: True (cuda), used: True
TPU available: False, using: 0 TPU cores
HPU available: False, using: 0 HPUs
LOCAL_RANK: 0 - CUDA_VISIBLE_DEVICES: [0,1,2,3]
SLURM auto-requeueing enabled. Setting signal handlers.
Monitored metric train_loss did not improve in the last 103 records. Best score: 0.081. Signaling Trainer to stop.
GPU available: True (cuda), used: True
TPU available: False, using: 0 TPU cores
HPU available: False, using: 0 HPUs
LOCAL_RANK: 0 - CUDA_VISIBLE_DEVICES: [0,1,2,3]
SLURM auto-requeueing enabled. Setting signal handlers.
[I 2024-11-03 18:00:03,063] Trial 44 finished with value: 0.44322270154953003 and parameters: {'hidden_dim': 344, 'n_layers': 1, 'dropout': 0.16933616550674546, 'input_chunk_length': 39, 'learning_rate': 0.0006993786834529739, 'batch_size': 64}. Best is trial 0 with value: 0.24586667120456696.
GPU available: True (cuda), used: True
TPU available: False, using: 0 TPU cores
HPU available: False, using: 0 HPUs
LOCAL_RANK: 0 - CUDA_VISIBLE_DEVICES: [0,1,2,3]
SLURM auto-requeueing enabled. Setting signal handlers.
Monitored metric train_loss did not improve in the last 104 records. Best score: 0.081. Signaling Trainer to stop.
GPU available: True (cuda), used: True
TPU available: False, using: 0 TPU cores
HPU available: False, using: 0 HPUs
LOCAL_RANK: 0 - CUDA_VISIBLE_DEVICES: [0,1,2,3]
SLURM auto-requeueing enabled. Setting signal handlers.
[I 2024-11-03 18:00:19,063] Trial 45 finished with value: 0.3337855041027069 and parameters: {'hidden_dim': 283, 'n_layers': 5, 'dropout': 0.1134517612992352, 'input_chunk_length': 49, 'learning_rate': 0.0003104999312395705, 'batch_size': 64}. Best is trial 0 with value: 0.24586667120456696.
GPU available: True (cuda), used: True
TPU available: False, using: 0 TPU cores
HPU available: False, using: 0 HPUs
LOCAL_RANK: 0 - CUDA_VISIBLE_DEVICES: [0,1,2,3]
SLURM auto-requeueing enabled. Setting signal handlers.
Monitored metric train_loss did not improve in the last 105 records. Best score: 0.081. Signaling Trainer to stop.
GPU available: True (cuda), used: True
TPU available: False, using: 0 TPU cores
HPU available: False, using: 0 HPUs
LOCAL_RANK: 0 - CUDA_VISIBLE_DEVICES: [0,1,2,3]
SLURM auto-requeueing enabled. Setting signal handlers.
[I 2024-11-03 18:00:34,833] Trial 46 finished with value: 0.47719669342041016 and parameters: {'hidden_dim': 375, 'n_layers': 2, 'dropout': 0.05591268008605266, 'input_chunk_length': 36, 'learning_rate': 1.0083317848604616e-05, 'batch_size': 32}. Best is trial 0 with value: 0.24586667120456696.
GPU available: True (cuda), used: True
TPU available: False, using: 0 TPU cores
HPU available: False, using: 0 HPUs
LOCAL_RANK: 0 - CUDA_VISIBLE_DEVICES: [0,1,2,3]
SLURM auto-requeueing enabled. Setting signal handlers.
Monitored metric train_loss did not improve in the last 106 records. Best score: 0.081. Signaling Trainer to stop.
GPU available: True (cuda), used: True
TPU available: False, using: 0 TPU cores
HPU available: False, using: 0 HPUs
LOCAL_RANK: 0 - CUDA_VISIBLE_DEVICES: [0,1,2,3]
SLURM auto-requeueing enabled. Setting signal handlers.
