[I 2024-11-04 22:58:57,136] Trial 204 finished with value: 0.30739375948905945 and parameters: {'hidden_dim': 100, 'n_layers': 1, 'dropout': 0.09682050697075757, 'input_chunk_length': 52, 'learning_rate': 0.002332599908272358, 'batch_size': 32}. Best is trial 0 with value: 0.11407290399074554.
GPU available: True (cuda), used: True
TPU available: False, using: 0 TPU cores
HPU available: False, using: 0 HPUs
LOCAL_RANK: 0 - CUDA_VISIBLE_DEVICES: [0,1]
SLURM auto-requeueing enabled. Setting signal handlers.
Monitored metric train_loss did not improve in the last 263 records. Best score: 0.034. Signaling Trainer to stop.
GPU available: True (cuda), used: True
TPU available: False, using: 0 TPU cores
HPU available: False, using: 0 HPUs
LOCAL_RANK: 0 - CUDA_VISIBLE_DEVICES: [0,1]
SLURM auto-requeueing enabled. Setting signal handlers.
[I 2024-11-04 22:59:14,181] Trial 205 finished with value: 0.30994561314582825 and parameters: {'hidden_dim': 145, 'n_layers': 1, 'dropout': 0.10928395918607497, 'input_chunk_length': 62, 'learning_rate': 0.00011381897694061024, 'batch_size': 32}. Best is trial 0 with value: 0.11407290399074554.
GPU available: True (cuda), used: True
TPU available: False, using: 0 TPU cores
HPU available: False, using: 0 HPUs
LOCAL_RANK: 0 - CUDA_VISIBLE_DEVICES: [0,1]
SLURM auto-requeueing enabled. Setting signal handlers.
Monitored metric train_loss did not improve in the last 264 records. Best score: 0.034. Signaling Trainer to stop.
GPU available: True (cuda), used: True
TPU available: False, using: 0 TPU cores
HPU available: False, using: 0 HPUs
LOCAL_RANK: 0 - CUDA_VISIBLE_DEVICES: [0,1]
SLURM auto-requeueing enabled. Setting signal handlers.
[I 2024-11-04 22:59:30,957] Trial 206 finished with value: 0.3077274560928345 and parameters: {'hidden_dim': 100, 'n_layers': 1, 'dropout': 0.06170907076205839, 'input_chunk_length': 66, 'learning_rate': 0.006348086172936536, 'batch_size': 32}. Best is trial 0 with value: 0.11407290399074554.
GPU available: True (cuda), used: True
TPU available: False, using: 0 TPU cores
HPU available: False, using: 0 HPUs
LOCAL_RANK: 0 - CUDA_VISIBLE_DEVICES: [0,1]
SLURM auto-requeueing enabled. Setting signal handlers.
Monitored metric train_loss did not improve in the last 265 records. Best score: 0.034. Signaling Trainer to stop.
GPU available: True (cuda), used: True
TPU available: False, using: 0 TPU cores
HPU available: False, using: 0 HPUs
LOCAL_RANK: 0 - CUDA_VISIBLE_DEVICES: [0,1]
SLURM auto-requeueing enabled. Setting signal handlers.
[I 2024-11-04 22:59:51,296] Trial 207 finished with value: 0.3059786260128021 and parameters: {'hidden_dim': 355, 'n_layers': 5, 'dropout': 0.24058106676041158, 'input_chunk_length': 44, 'learning_rate': 0.0011037678744288647, 'batch_size': 32}. Best is trial 0 with value: 0.11407290399074554.
GPU available: True (cuda), used: True
TPU available: False, using: 0 TPU cores
HPU available: False, using: 0 HPUs
LOCAL_RANK: 0 - CUDA_VISIBLE_DEVICES: [0,1]
SLURM auto-requeueing enabled. Setting signal handlers.
Monitored metric train_loss did not improve in the last 266 records. Best score: 0.034. Signaling Trainer to stop.
GPU available: True (cuda), used: True
TPU available: False, using: 0 TPU cores
HPU available: False, using: 0 HPUs
LOCAL_RANK: 0 - CUDA_VISIBLE_DEVICES: [0,1]
SLURM auto-requeueing enabled. Setting signal handlers.
[I 2024-11-04 23:00:06,271] Trial 208 finished with value: 0.5287253260612488 and parameters: {'hidden_dim': 82, 'n_layers': 1, 'dropout': 0.0757038692457352, 'input_chunk_length': 57, 'learning_rate': 6.997019659811018e-05, 'batch_size': 64}. Best is trial 0 with value: 0.11407290399074554.
GPU available: True (cuda), used: True
TPU available: False, using: 0 TPU cores
HPU available: False, using: 0 HPUs
LOCAL_RANK: 0 - CUDA_VISIBLE_DEVICES: [0,1]
SLURM auto-requeueing enabled. Setting signal handlers.
Monitored metric train_loss did not improve in the last 267 records. Best score: 0.034. Signaling Trainer to stop.
GPU available: True (cuda), used: True
TPU available: False, using: 0 TPU cores
HPU available: False, using: 0 HPUs
LOCAL_RANK: 0 - CUDA_VISIBLE_DEVICES: [0,1]
SLURM auto-requeueing enabled. Setting signal handlers.
[I 2024-11-04 23:00:23,822] Trial 209 finished with value: 0.2946738600730896 and parameters: {'hidden_dim': 413, 'n_layers': 1, 'dropout': 0.08502167761990888, 'input_chunk_length': 14, 'learning_rate': 9.05373006331586e-05, 'batch_size': 32}. Best is trial 0 with value: 0.11407290399074554.
GPU available: True (cuda), used: True
TPU available: False, using: 0 TPU cores
HPU available: False, using: 0 HPUs
LOCAL_RANK: 0 - CUDA_VISIBLE_DEVICES: [0,1]
SLURM auto-requeueing enabled. Setting signal handlers.
Monitored metric train_loss did not improve in the last 268 records. Best score: 0.034. Signaling Trainer to stop.
GPU available: True (cuda), used: True
TPU available: False, using: 0 TPU cores
HPU available: False, using: 0 HPUs
LOCAL_RANK: 0 - CUDA_VISIBLE_DEVICES: [0,1]
SLURM auto-requeueing enabled. Setting signal handlers.
[I 2024-11-04 23:00:42,810] Trial 210 finished with value: 0.47781437635421753 and parameters: {'hidden_dim': 131, 'n_layers': 5, 'dropout': 0.39372787389922814, 'input_chunk_length': 70, 'learning_rate': 2.4262700877855582e-05, 'batch_size': 32}. Best is trial 0 with value: 0.11407290399074554.
GPU available: True (cuda), used: True
TPU available: False, using: 0 TPU cores
HPU available: False, using: 0 HPUs
LOCAL_RANK: 0 - CUDA_VISIBLE_DEVICES: [0,1]
SLURM auto-requeueing enabled. Setting signal handlers.
Monitored metric train_loss did not improve in the last 269 records. Best score: 0.034. Signaling Trainer to stop.
GPU available: True (cuda), used: True
TPU available: False, using: 0 TPU cores
HPU available: False, using: 0 HPUs
LOCAL_RANK: 0 - CUDA_VISIBLE_DEVICES: [0,1]
SLURM auto-requeueing enabled. Setting signal handlers.
[I 2024-11-04 23:01:08,915] Trial 211 finished with value: 0.27979034185409546 and parameters: {'hidden_dim': 367, 'n_layers': 6, 'dropout': 0.04208727313420514, 'input_chunk_length': 79, 'learning_rate': 7.88727378043814e-05, 'batch_size': 32}. Best is trial 0 with value: 0.11407290399074554.
GPU available: True (cuda), used: True
TPU available: False, using: 0 TPU cores
HPU available: False, using: 0 HPUs
LOCAL_RANK: 0 - CUDA_VISIBLE_DEVICES: [0,1]
SLURM auto-requeueing enabled. Setting signal handlers.
Monitored metric train_loss did not improve in the last 270 records. Best score: 0.034. Signaling Trainer to stop.
GPU available: True (cuda), used: True
TPU available: False, using: 0 TPU cores
HPU available: False, using: 0 HPUs
LOCAL_RANK: 0 - CUDA_VISIBLE_DEVICES: [0,1]
SLURM auto-requeueing enabled. Setting signal handlers.
[I 2024-11-04 23:01:34,059] Trial 212 finished with value: 0.32054266333580017 and parameters: {'hidden_dim': 339, 'n_layers': 6, 'dropout': 0.05345060315731946, 'input_chunk_length': 81, 'learning_rate': 0.001909977815611066, 'batch_size': 32}. Best is trial 0 with value: 0.11407290399074554.
GPU available: True (cuda), used: True
TPU available: False, using: 0 TPU cores
HPU available: False, using: 0 HPUs
LOCAL_RANK: 0 - CUDA_VISIBLE_DEVICES: [0,1]
SLURM auto-requeueing enabled. Setting signal handlers.
Monitored metric train_loss did not improve in the last 271 records. Best score: 0.034. Signaling Trainer to stop.
GPU available: True (cuda), used: True
TPU available: False, using: 0 TPU cores
HPU available: False, using: 0 HPUs
LOCAL_RANK: 0 - CUDA_VISIBLE_DEVICES: [0,1]
SLURM auto-requeueing enabled. Setting signal handlers.
[I 2024-11-04 23:01:51,236] Trial 213 finished with value: 0.3682957887649536 and parameters: {'hidden_dim': 72, 'n_layers': 6, 'dropout': 0.01694206667664217, 'input_chunk_length': 73, 'learning_rate': 5.9647310075130435e-05, 'batch_size': 32}. Best is trial 0 with value: 0.11407290399074554.
GPU available: True (cuda), used: True
TPU available: False, using: 0 TPU cores
HPU available: False, using: 0 HPUs
LOCAL_RANK: 0 - CUDA_VISIBLE_DEVICES: [0,1]
SLURM auto-requeueing enabled. Setting signal handlers.
Monitored metric train_loss did not improve in the last 272 records. Best score: 0.034. Signaling Trainer to stop.
GPU available: True (cuda), used: True
TPU available: False, using: 0 TPU cores
HPU available: False, using: 0 HPUs
LOCAL_RANK: 0 - CUDA_VISIBLE_DEVICES: [0,1]
SLURM auto-requeueing enabled. Setting signal handlers.
[I 2024-11-04 23:02:18,584] Trial 214 finished with value: 0.31817618012428284 and parameters: {'hidden_dim': 382, 'n_layers': 6, 'dropout': 0.03879065149658395, 'input_chunk_length': 86, 'learning_rate': 8.277755000853435e-05, 'batch_size': 32}. Best is trial 0 with value: 0.11407290399074554.
GPU available: True (cuda), used: True
TPU available: False, using: 0 TPU cores
HPU available: False, using: 0 HPUs
LOCAL_RANK: 0 - CUDA_VISIBLE_DEVICES: [0,1]
SLURM auto-requeueing enabled. Setting signal handlers.
Monitored metric train_loss did not improve in the last 273 records. Best score: 0.034. Signaling Trainer to stop.
GPU available: True (cuda), used: True
TPU available: False, using: 0 TPU cores
HPU available: False, using: 0 HPUs
LOCAL_RANK: 0 - CUDA_VISIBLE_DEVICES: [0,1]
SLURM auto-requeueing enabled. Setting signal handlers.
[I 2024-11-04 23:02:41,407] Trial 215 finished with value: 0.2919114828109741 and parameters: {'hidden_dim': 359, 'n_layers': 6, 'dropout': 0.0663802315912278, 'input_chunk_length': 59, 'learning_rate': 0.00010081350272852519, 'batch_size': 32}. Best is trial 0 with value: 0.11407290399074554.
GPU available: True (cuda), used: True
TPU available: False, using: 0 TPU cores
HPU available: False, using: 0 HPUs
LOCAL_RANK: 0 - CUDA_VISIBLE_DEVICES: [0,1]
SLURM auto-requeueing enabled. Setting signal handlers.
Monitored metric train_loss did not improve in the last 274 records. Best score: 0.034. Signaling Trainer to stop.
GPU available: True (cuda), used: True
TPU available: False, using: 0 TPU cores
HPU available: False, using: 0 HPUs
LOCAL_RANK: 0 - CUDA_VISIBLE_DEVICES: [0,1]
SLURM auto-requeueing enabled. Setting signal handlers.
[I 2024-11-04 23:03:07,332] Trial 216 finished with value: 0.3515203893184662 and parameters: {'hidden_dim': 357, 'n_layers': 6, 'dropout': 0.06118151477897821, 'input_chunk_length': 79, 'learning_rate': 0.00010528882634853359, 'batch_size': 32}. Best is trial 0 with value: 0.11407290399074554.
GPU available: True (cuda), used: True
TPU available: False, using: 0 TPU cores
HPU available: False, using: 0 HPUs
LOCAL_RANK: 0 - CUDA_VISIBLE_DEVICES: [0,1]
SLURM auto-requeueing enabled. Setting signal handlers.
Monitored metric train_loss did not improve in the last 275 records. Best score: 0.034. Signaling Trainer to stop.
GPU available: True (cuda), used: True
TPU available: False, using: 0 TPU cores
HPU available: False, using: 0 HPUs
LOCAL_RANK: 0 - CUDA_VISIBLE_DEVICES: [0,1]
SLURM auto-requeueing enabled. Setting signal handlers.
[I 2024-11-04 23:03:30,475] Trial 217 finished with value: 0.3400571346282959 and parameters: {'hidden_dim': 374, 'n_layers': 6, 'dropout': 0.3509423202236643, 'input_chunk_length': 59, 'learning_rate': 0.00013821891670149703, 'batch_size': 32}. Best is trial 0 with value: 0.11407290399074554.
GPU available: True (cuda), used: True
TPU available: False, using: 0 TPU cores
HPU available: False, using: 0 HPUs
LOCAL_RANK: 0 - CUDA_VISIBLE_DEVICES: [0,1]
SLURM auto-requeueing enabled. Setting signal handlers.
Monitored metric train_loss did not improve in the last 276 records. Best score: 0.034. Signaling Trainer to stop.
GPU available: True (cuda), used: True
TPU available: False, using: 0 TPU cores
HPU available: False, using: 0 HPUs
LOCAL_RANK: 0 - CUDA_VISIBLE_DEVICES: [0,1]
SLURM auto-requeueing enabled. Setting signal handlers.
[I 2024-11-04 23:03:57,403] Trial 218 finished with value: 0.212677001953125 and parameters: {'hidden_dim': 365, 'n_layers': 6, 'dropout': 0.06772419458032672, 'input_chunk_length': 84, 'learning_rate': 9.70125543714259e-05, 'batch_size': 32}. Best is trial 0 with value: 0.11407290399074554.
GPU available: True (cuda), used: True
TPU available: False, using: 0 TPU cores
HPU available: False, using: 0 HPUs
LOCAL_RANK: 0 - CUDA_VISIBLE_DEVICES: [0,1]
SLURM auto-requeueing enabled. Setting signal handlers.
Monitored metric train_loss did not improve in the last 277 records. Best score: 0.034. Signaling Trainer to stop.
GPU available: True (cuda), used: True
TPU available: False, using: 0 TPU cores
HPU available: False, using: 0 HPUs
LOCAL_RANK: 0 - CUDA_VISIBLE_DEVICES: [0,1]
SLURM auto-requeueing enabled. Setting signal handlers.
[I 2024-11-04 23:04:23,259] Trial 219 finished with value: 0.35648131370544434 and parameters: {'hidden_dim': 388, 'n_layers': 6, 'dropout': 0.37019408611341803, 'input_chunk_length': 85, 'learning_rate': 7.188650038205665e-05, 'batch_size': 64}. Best is trial 0 with value: 0.11407290399074554.
GPU available: True (cuda), used: True
TPU available: False, using: 0 TPU cores
HPU available: False, using: 0 HPUs
LOCAL_RANK: 0 - CUDA_VISIBLE_DEVICES: [0,1]
SLURM auto-requeueing enabled. Setting signal handlers.
Monitored metric train_loss did not improve in the last 278 records. Best score: 0.034. Signaling Trainer to stop.
GPU available: True (cuda), used: True
TPU available: False, using: 0 TPU cores
HPU available: False, using: 0 HPUs
LOCAL_RANK: 0 - CUDA_VISIBLE_DEVICES: [0,1]
SLURM auto-requeueing enabled. Setting signal handlers.
[I 2024-11-04 23:04:50,999] Trial 220 finished with value: 0.32276180386543274 and parameters: {'hidden_dim': 366, 'n_layers': 6, 'dropout': 0.03239866147118434, 'input_chunk_length': 92, 'learning_rate': 8.784137210069313e-05, 'batch_size': 32}. Best is trial 0 with value: 0.11407290399074554.
GPU available: True (cuda), used: True
TPU available: False, using: 0 TPU cores
HPU available: False, using: 0 HPUs
LOCAL_RANK: 0 - CUDA_VISIBLE_DEVICES: [0,1]
SLURM auto-requeueing enabled. Setting signal handlers.
Monitored metric train_loss did not improve in the last 279 records. Best score: 0.034. Signaling Trainer to stop.
GPU available: True (cuda), used: True
TPU available: False, using: 0 TPU cores
HPU available: False, using: 0 HPUs
LOCAL_RANK: 0 - CUDA_VISIBLE_DEVICES: [0,1]
SLURM auto-requeueing enabled. Setting signal handlers.
[I 2024-11-04 23:05:16,789] Trial 221 finished with value: 0.2969290614128113 and parameters: {'hidden_dim': 356, 'n_layers': 6, 'dropout': 0.04795831771625615, 'input_chunk_length': 81, 'learning_rate': 0.00010865903609500714, 'batch_size': 32}. Best is trial 0 with value: 0.11407290399074554.
GPU available: True (cuda), used: True
TPU available: False, using: 0 TPU cores
HPU available: False, using: 0 HPUs
LOCAL_RANK: 0 - CUDA_VISIBLE_DEVICES: [0,1]
SLURM auto-requeueing enabled. Setting signal handlers.
Monitored metric train_loss did not improve in the last 280 records. Best score: 0.034. Signaling Trainer to stop.
GPU available: True (cuda), used: True
TPU available: False, using: 0 TPU cores
HPU available: False, using: 0 HPUs
LOCAL_RANK: 0 - CUDA_VISIBLE_DEVICES: [0,1]
SLURM auto-requeueing enabled. Setting signal handlers.
[I 2024-11-04 23:05:39,203] Trial 222 finished with value: 0.30642470717430115 and parameters: {'hidden_dim': 344, 'n_layers': 6, 'dropout': 0.06902909524540365, 'input_chunk_length': 63, 'learning_rate': 9.393691776694919e-05, 'batch_size': 32}. Best is trial 0 with value: 0.11407290399074554.
GPU available: True (cuda), used: True
TPU available: False, using: 0 TPU cores
HPU available: False, using: 0 HPUs
LOCAL_RANK: 0 - CUDA_VISIBLE_DEVICES: [0,1]
SLURM auto-requeueing enabled. Setting signal handlers.
Monitored metric train_loss did not improve in the last 281 records. Best score: 0.034. Signaling Trainer to stop.
GPU available: True (cuda), used: True
TPU available: False, using: 0 TPU cores
HPU available: False, using: 0 HPUs
LOCAL_RANK: 0 - CUDA_VISIBLE_DEVICES: [0,1]
SLURM auto-requeueing enabled. Setting signal handlers.
[I 2024-11-04 23:06:06,658] Trial 223 finished with value: 0.28775012493133545 and parameters: {'hidden_dim': 367, 'n_layers': 6, 'dropout': 0.07283785968919737, 'input_chunk_length': 88, 'learning_rate': 7.855524122160989e-05, 'batch_size': 32}. Best is trial 0 with value: 0.11407290399074554.
GPU available: True (cuda), used: True
TPU available: False, using: 0 TPU cores
HPU available: False, using: 0 HPUs
LOCAL_RANK: 0 - CUDA_VISIBLE_DEVICES: [0,1]
SLURM auto-requeueing enabled. Setting signal handlers.
Monitored metric train_loss did not improve in the last 282 records. Best score: 0.034. Signaling Trainer to stop.
GPU available: True (cuda), used: True
TPU available: False, using: 0 TPU cores
HPU available: False, using: 0 HPUs
LOCAL_RANK: 0 - CUDA_VISIBLE_DEVICES: [0,1]
SLURM auto-requeueing enabled. Setting signal handlers.
[I 2024-11-04 23:06:33,641] Trial 224 finished with value: 0.40522071719169617 and parameters: {'hidden_dim': 368, 'n_layers': 6, 'dropout': 0.494586978774032, 'input_chunk_length': 87, 'learning_rate': 7.562676693104745e-05, 'batch_size': 32}. Best is trial 0 with value: 0.11407290399074554.
GPU available: True (cuda), used: True
TPU available: False, using: 0 TPU cores
HPU available: False, using: 0 HPUs
LOCAL_RANK: 0 - CUDA_VISIBLE_DEVICES: [0,1]
SLURM auto-requeueing enabled. Setting signal handlers.
Monitored metric train_loss did not improve in the last 283 records. Best score: 0.034. Signaling Trainer to stop.
GPU available: True (cuda), used: True
TPU available: False, using: 0 TPU cores
HPU available: False, using: 0 HPUs
LOCAL_RANK: 0 - CUDA_VISIBLE_DEVICES: [0,1]
SLURM auto-requeueing enabled. Setting signal handlers.
[I 2024-11-04 23:07:00,077] Trial 225 finished with value: 0.34164655208587646 and parameters: {'hidden_dim': 347, 'n_layers': 6, 'dropout': 0.10021193012578306, 'input_chunk_length': 84, 'learning_rate': 6.249968298973957e-05, 'batch_size': 32}. Best is trial 0 with value: 0.11407290399074554.
GPU available: True (cuda), used: True
TPU available: False, using: 0 TPU cores
HPU available: False, using: 0 HPUs
LOCAL_RANK: 0 - CUDA_VISIBLE_DEVICES: [0,1]
SLURM auto-requeueing enabled. Setting signal handlers.
Monitored metric train_loss did not improve in the last 284 records. Best score: 0.034. Signaling Trainer to stop.
GPU available: True (cuda), used: True
TPU available: False, using: 0 TPU cores
HPU available: False, using: 0 HPUs
LOCAL_RANK: 0 - CUDA_VISIBLE_DEVICES: [0,1]
SLURM auto-requeueing enabled. Setting signal handlers.
[I 2024-11-04 23:07:30,017] Trial 226 finished with value: 0.3121456503868103 and parameters: {'hidden_dim': 442, 'n_layers': 6, 'dropout': 0.0765275150850488, 'input_chunk_length': 89, 'learning_rate': 8.072349040322896e-05, 'batch_size': 32}. Best is trial 0 with value: 0.11407290399074554.
GPU available: True (cuda), used: True
TPU available: False, using: 0 TPU cores
HPU available: False, using: 0 HPUs
LOCAL_RANK: 0 - CUDA_VISIBLE_DEVICES: [0,1]
SLURM auto-requeueing enabled. Setting signal handlers.
Monitored metric train_loss did not improve in the last 285 records. Best score: 0.034. Signaling Trainer to stop.
GPU available: True (cuda), used: True
TPU available: False, using: 0 TPU cores
HPU available: False, using: 0 HPUs
LOCAL_RANK: 0 - CUDA_VISIBLE_DEVICES: [0,1]
SLURM auto-requeueing enabled. Setting signal handlers.
[I 2024-11-04 23:07:47,489] Trial 227 finished with value: 0.3284207880496979 and parameters: {'hidden_dim': 51, 'n_layers': 5, 'dropout': 0.09013940968022845, 'input_chunk_length': 78, 'learning_rate': 0.00012304027627246434, 'batch_size': 32}. Best is trial 0 with value: 0.11407290399074554.
GPU available: True (cuda), used: True
TPU available: False, using: 0 TPU cores
HPU available: False, using: 0 HPUs
LOCAL_RANK: 0 - CUDA_VISIBLE_DEVICES: [0,1]
SLURM auto-requeueing enabled. Setting signal handlers.
Monitored metric train_loss did not improve in the last 286 records. Best score: 0.034. Signaling Trainer to stop.
GPU available: True (cuda), used: True
TPU available: False, using: 0 TPU cores
HPU available: False, using: 0 HPUs
LOCAL_RANK: 0 - CUDA_VISIBLE_DEVICES: [0,1]
SLURM auto-requeueing enabled. Setting signal handlers.
[I 2024-11-04 23:08:13,407] Trial 228 finished with value: 0.3202074468135834 and parameters: {'hidden_dim': 377, 'n_layers': 5, 'dropout': 0.05461416867622304, 'input_chunk_length': 83, 'learning_rate': 2.013760134491704e-05, 'batch_size': 32}. Best is trial 0 with value: 0.11407290399074554.
GPU available: True (cuda), used: True
TPU available: False, using: 0 TPU cores
HPU available: False, using: 0 HPUs
LOCAL_RANK: 0 - CUDA_VISIBLE_DEVICES: [0,1]
SLURM auto-requeueing enabled. Setting signal handlers.
Monitored metric train_loss did not improve in the last 287 records. Best score: 0.034. Signaling Trainer to stop.
GPU available: True (cuda), used: True
TPU available: False, using: 0 TPU cores
HPU available: False, using: 0 HPUs
LOCAL_RANK: 0 - CUDA_VISIBLE_DEVICES: [0,1]
SLURM auto-requeueing enabled. Setting signal handlers.
[I 2024-11-04 23:08:40,471] Trial 229 finished with value: 0.29788509011268616 and parameters: {'hidden_dim': 435, 'n_layers': 6, 'dropout': 0.11573221621483915, 'input_chunk_length': 75, 'learning_rate': 6.871246636546894e-05, 'batch_size': 32}. Best is trial 0 with value: 0.11407290399074554.
GPU available: True (cuda), used: True
TPU available: False, using: 0 TPU cores
HPU available: False, using: 0 HPUs
LOCAL_RANK: 0 - CUDA_VISIBLE_DEVICES: [0,1]
SLURM auto-requeueing enabled. Setting signal handlers.
Monitored metric train_loss did not improve in the last 288 records. Best score: 0.034. Signaling Trainer to stop.
GPU available: True (cuda), used: True
TPU available: False, using: 0 TPU cores
HPU available: False, using: 0 HPUs
LOCAL_RANK: 0 - CUDA_VISIBLE_DEVICES: [0,1]
SLURM auto-requeueing enabled. Setting signal handlers.
