[I 2024-11-01 17:48:13,992] Trial 288 finished with value: 0.2901938855648041 and parameters: {'hidden_dim': 182, 'n_layers': 4, 'dropout': 0.4408310463927763, 'input_chunk_length': 7, 'learning_rate': 0.0008445024037953851, 'batch_size': 32}. Best is trial 0 with value: 0.08160930126905441.
GPU available: False, used: False
TPU available: False, using: 0 TPU cores
HPU available: False, using: 0 HPUs
SLURM auto-requeueing enabled. Setting signal handlers.
Monitored metric train_loss did not improve in the last 318 records. Best score: 0.038. Signaling Trainer to stop.
GPU available: False, used: False
TPU available: False, using: 0 TPU cores
HPU available: False, using: 0 HPUs
SLURM auto-requeueing enabled. Setting signal handlers.
[I 2024-11-01 17:49:04,112] Trial 289 finished with value: 0.19456860423088074 and parameters: {'hidden_dim': 193, 'n_layers': 5, 'dropout': 0.4201547734073871, 'input_chunk_length': 16, 'learning_rate': 0.0020196998748371483, 'batch_size': 32}. Best is trial 0 with value: 0.08160930126905441.
GPU available: False, used: False
TPU available: False, using: 0 TPU cores
HPU available: False, using: 0 HPUs
SLURM auto-requeueing enabled. Setting signal handlers.
Monitored metric train_loss did not improve in the last 319 records. Best score: 0.038. Signaling Trainer to stop.
GPU available: False, used: False
TPU available: False, using: 0 TPU cores
HPU available: False, using: 0 HPUs
SLURM auto-requeueing enabled. Setting signal handlers.
[I 2024-11-01 17:49:27,800] Trial 290 finished with value: 0.3114117383956909 and parameters: {'hidden_dim': 187, 'n_layers': 3, 'dropout': 0.3032790588740563, 'input_chunk_length': 4, 'learning_rate': 0.00028062180436572967, 'batch_size': 64}. Best is trial 0 with value: 0.08160930126905441.
GPU available: False, used: False
TPU available: False, using: 0 TPU cores
HPU available: False, using: 0 HPUs
SLURM auto-requeueing enabled. Setting signal handlers.
Monitored metric train_loss did not improve in the last 320 records. Best score: 0.038. Signaling Trainer to stop.
GPU available: False, used: False
TPU available: False, using: 0 TPU cores
HPU available: False, using: 0 HPUs
SLURM auto-requeueing enabled. Setting signal handlers.
[I 2024-11-01 17:51:12,486] Trial 291 finished with value: 0.28600630164146423 and parameters: {'hidden_dim': 158, 'n_layers': 1, 'dropout': 0.41083943022535485, 'input_chunk_length': 94, 'learning_rate': 0.0014185975481760843, 'batch_size': 32}. Best is trial 0 with value: 0.08160930126905441.
GPU available: False, used: False
TPU available: False, using: 0 TPU cores
HPU available: False, using: 0 HPUs
SLURM auto-requeueing enabled. Setting signal handlers.
Monitored metric train_loss did not improve in the last 321 records. Best score: 0.038. Signaling Trainer to stop.
GPU available: False, used: False
TPU available: False, using: 0 TPU cores
HPU available: False, using: 0 HPUs
SLURM auto-requeueing enabled. Setting signal handlers.
[I 2024-11-01 17:51:58,828] Trial 292 finished with value: 0.19218632578849792 and parameters: {'hidden_dim': 196, 'n_layers': 3, 'dropout': 0.29229342863446034, 'input_chunk_length': 18, 'learning_rate': 0.0010696609938288001, 'batch_size': 32}. Best is trial 0 with value: 0.08160930126905441.
GPU available: False, used: False
TPU available: False, using: 0 TPU cores
HPU available: False, using: 0 HPUs
SLURM auto-requeueing enabled. Setting signal handlers.
Monitored metric train_loss did not improve in the last 322 records. Best score: 0.038. Signaling Trainer to stop.
GPU available: False, used: False
TPU available: False, using: 0 TPU cores
HPU available: False, using: 0 HPUs
SLURM auto-requeueing enabled. Setting signal handlers.
[I 2024-11-01 17:52:47,803] Trial 293 finished with value: 0.21536211669445038 and parameters: {'hidden_dim': 181, 'n_layers': 2, 'dropout': 0.3094715553228702, 'input_chunk_length': 24, 'learning_rate': 0.001728366209031007, 'batch_size': 32}. Best is trial 0 with value: 0.08160930126905441.
GPU available: False, used: False
TPU available: False, using: 0 TPU cores
HPU available: False, using: 0 HPUs
SLURM auto-requeueing enabled. Setting signal handlers.
Monitored metric train_loss did not improve in the last 323 records. Best score: 0.038. Signaling Trainer to stop.
GPU available: False, used: False
TPU available: False, using: 0 TPU cores
HPU available: False, using: 0 HPUs
SLURM auto-requeueing enabled. Setting signal handlers.
[I 2024-11-01 17:53:20,912] Trial 294 finished with value: 0.18691962957382202 and parameters: {'hidden_dim': 146, 'n_layers': 3, 'dropout': 0.44623521089458085, 'input_chunk_length': 12, 'learning_rate': 0.0003697896217614011, 'batch_size': 32}. Best is trial 0 with value: 0.08160930126905441.
GPU available: False, used: False
TPU available: False, using: 0 TPU cores
HPU available: False, using: 0 HPUs
SLURM auto-requeueing enabled. Setting signal handlers.
Monitored metric train_loss did not improve in the last 324 records. Best score: 0.038. Signaling Trainer to stop.
GPU available: False, used: False
TPU available: False, using: 0 TPU cores
HPU available: False, using: 0 HPUs
SLURM auto-requeueing enabled. Setting signal handlers.
[I 2024-11-01 17:53:52,908] Trial 295 finished with value: 0.202704057097435 and parameters: {'hidden_dim': 209, 'n_layers': 1, 'dropout': 0.2782941531179233, 'input_chunk_length': 8, 'learning_rate': 0.0005769107476276732, 'batch_size': 32}. Best is trial 0 with value: 0.08160930126905441.
GPU available: False, used: False
TPU available: False, using: 0 TPU cores
HPU available: False, using: 0 HPUs
SLURM auto-requeueing enabled. Setting signal handlers.
Monitored metric train_loss did not improve in the last 325 records. Best score: 0.038. Signaling Trainer to stop.
GPU available: False, used: False
TPU available: False, using: 0 TPU cores
HPU available: False, using: 0 HPUs
SLURM auto-requeueing enabled. Setting signal handlers.
[I 2024-11-01 17:54:18,270] Trial 296 finished with value: 0.2614714205265045 and parameters: {'hidden_dim': 202, 'n_layers': 3, 'dropout': 0.3239652030440244, 'input_chunk_length': 5, 'learning_rate': 0.0012475086055848143, 'batch_size': 64}. Best is trial 0 with value: 0.08160930126905441.
GPU available: False, used: False
TPU available: False, using: 0 TPU cores
HPU available: False, using: 0 HPUs
SLURM auto-requeueing enabled. Setting signal handlers.
Monitored metric train_loss did not improve in the last 326 records. Best score: 0.038. Signaling Trainer to stop.
GPU available: False, used: False
TPU available: False, using: 0 TPU cores
HPU available: False, using: 0 HPUs
SLURM auto-requeueing enabled. Setting signal handlers.
[I 2024-11-01 17:54:52,425] Trial 297 finished with value: 0.21968691051006317 and parameters: {'hidden_dim': 141, 'n_layers': 5, 'dropout': 0.43553105819163207, 'input_chunk_length': 9, 'learning_rate': 0.0009642657044854707, 'batch_size': 32}. Best is trial 0 with value: 0.08160930126905441.
GPU available: False, used: False
TPU available: False, using: 0 TPU cores
HPU available: False, using: 0 HPUs
SLURM auto-requeueing enabled. Setting signal handlers.
Monitored metric train_loss did not improve in the last 327 records. Best score: 0.038. Signaling Trainer to stop.
GPU available: False, used: False
TPU available: False, using: 0 TPU cores
HPU available: False, using: 0 HPUs
SLURM auto-requeueing enabled. Setting signal handlers.
[I 2024-11-01 17:55:36,940] Trial 298 finished with value: 0.2972606420516968 and parameters: {'hidden_dim': 189, 'n_layers': 3, 'dropout': 0.46622433898538984, 'input_chunk_length': 14, 'learning_rate': 0.0014465334433834316, 'batch_size': 32}. Best is trial 0 with value: 0.08160930126905441.
GPU available: False, used: False
TPU available: False, using: 0 TPU cores
HPU available: False, using: 0 HPUs
SLURM auto-requeueing enabled. Setting signal handlers.
Monitored metric train_loss did not improve in the last 328 records. Best score: 0.038. Signaling Trainer to stop.
GPU available: False, used: False
TPU available: False, using: 0 TPU cores
HPU available: False, using: 0 HPUs
SLURM auto-requeueing enabled. Setting signal handlers.
[I 2024-11-01 17:56:07,323] Trial 299 finished with value: 0.17221851646900177 and parameters: {'hidden_dim': 184, 'n_layers': 3, 'dropout': 0.4271817038848531, 'input_chunk_length': 6, 'learning_rate': 0.0008258682890948982, 'batch_size': 32}. Best is trial 0 with value: 0.08160930126905441.
GPU available: False, used: False
TPU available: False, using: 0 TPU cores
HPU available: False, using: 0 HPUs

   | Name                              | Type                             | Params | Mode 
------------------------------------------------------------------------------------------------
0  | train_metrics                     | MetricCollection                 | 0      | train
1  | val_metrics                       | MetricCollection                 | 0      | train
2  | input_embeddings                  | _MultiEmbedding                  | 0      | train
3  | static_covariates_vsn             | _VariableSelectionNetwork        | 0      | train
4  | encoder_vsn                       | _VariableSelectionNetwork        | 117 K  | train
5  | decoder_vsn                       | _VariableSelectionNetwork        | 113 K  | train
6  | static_context_grn                | _GatedResidualNetwork            | 89.7 K | train
7  | static_context_hidden_encoder_grn | _GatedResidualNetwork            | 89.7 K | train
8  | static_context_cell_encoder_grn   | _GatedResidualNetwork            | 89.7 K | train
9  | static_context_enrichment         | _GatedResidualNetwork            | 89.7 K | train
10 | lstm_encoder                      | LSTM                             | 178 K  | train
11 | lstm_decoder                      | LSTM                             | 178 K  | train
12 | post_lstm_gan                     | _GateAddNorm                     | 45.0 K | train
13 | static_enrichment_grn             | _GatedResidualNetwork            | 111 K  | train
14 | multihead_attn                    | _InterpretableMultiHeadAttention | 55.5 K | train
15 | post_attn_gan                     | _GateAddNorm                     | 45.0 K | train
16 | feed_forward_block                | _GatedResidualNetwork            | 89.7 K | train
17 | pre_output_gan                    | _GateAddNorm                     | 45.0 K | train
18 | output_layer                      | Linear                           | 2.6 K  | train
------------------------------------------------------------------------------------------------
1.3 M     Trainable params
0         Non-trainable params
1.3 M     Total params
5.368     Total estimated model params size (MB)
970       Modules in train mode
0         Modules in eval mode
SLURM auto-requeueing enabled. Setting signal handlers.
`Trainer.fit` stopped: `max_epochs=50` reached.
GPU available: False, used: False
TPU available: False, using: 0 TPU cores
HPU available: False, using: 0 HPUs
SLURM auto-requeueing enabled. Setting signal handlers.
