GpuFreq=control_disabled
[I 2024-11-04 15:53:55,179] A new study created in memory with name: no-name-08aab4f2-9faf-4d9b-9c35-2e5dd3eeef9b
/pfs/data5/home/tu/tu_tu/tu_zxoul27/micromamba/envs/power/lib/python3.12/site-packages/torch/random.py:167: UserWarning: CUDA reports that you have 4 available devices, and you have used fork_rng without explicitly specifying which devices are being used. For safety, we initialize *every* CUDA device by default, which can be quite slow if you have a lot of CUDAs. If you know that you are only making use of a few CUDA devices, set the environment variable CUDA_VISIBLE_DEVICES or the 'devices' keyword argument of fork_rng with the set of devices you are actually using. For example, if you are using CPU only, set device.upper()_VISIBLE_DEVICES= or devices=[]; if you are using device 0 only, set CUDA_VISIBLE_DEVICES=0 or devices=[0].  To initialize all devices and suppress this warning, set the 'devices' keyword argument to `range(torch.cuda.device_count())`.
  warnings.warn(message)
GPU available: True (cuda), used: True
TPU available: False, using: 0 TPU cores
HPU available: False, using: 0 HPUs
Initializing distributed: GLOBAL_RANK: 0, MEMBER: 1/1
----------------------------------------------------------------------------------------------------
distributed_backend=nccl
All distributed processes registered. Starting with 1 processes
----------------------------------------------------------------------------------------------------

LOCAL_RANK: 0 - CUDA_VISIBLE_DEVICES: [0,1,2,3]
SLURM auto-requeueing enabled. Setting signal handlers.
Metric train_loss improved. New best score: 1.432
Metric train_loss improved by 0.557 >= min_delta = 0.0. New best score: 0.875
Metric train_loss improved by 0.150 >= min_delta = 0.0. New best score: 0.725
Metric train_loss improved by 0.055 >= min_delta = 0.0. New best score: 0.670
Metric train_loss improved by 0.165 >= min_delta = 0.0. New best score: 0.505
Metric train_loss improved by 0.069 >= min_delta = 0.0. New best score: 0.436
Metric train_loss improved by 0.052 >= min_delta = 0.0. New best score: 0.384
Metric train_loss improved by 0.098 >= min_delta = 0.0. New best score: 0.287
Metric train_loss improved by 0.057 >= min_delta = 0.0. New best score: 0.230
Metric train_loss improved by 0.049 >= min_delta = 0.0. New best score: 0.181
Metric train_loss improved by 0.009 >= min_delta = 0.0. New best score: 0.171
Metric train_loss improved by 0.011 >= min_delta = 0.0. New best score: 0.160
Metric train_loss improved by 0.030 >= min_delta = 0.0. New best score: 0.130
Metric train_loss improved by 0.013 >= min_delta = 0.0. New best score: 0.118
Metric train_loss improved by 0.013 >= min_delta = 0.0. New best score: 0.105
`Trainer.fit` stopped: `max_epochs=80` reached.
GPU available: True (cuda), used: True
TPU available: False, using: 0 TPU cores
HPU available: False, using: 0 HPUs
LOCAL_RANK: 0 - CUDA_VISIBLE_DEVICES: [0,1,2,3]
SLURM auto-requeueing enabled. Setting signal handlers.
[I 2024-11-04 16:00:03,240] Trial 0 finished with value: 0.24495859444141388 and parameters: {'hidden_dim': 178, 'n_layers': 3, 'dropout': 0.07978902539093663, 'input_chunk_length': 139, 'learning_rate': 3.9252701320035855e-05, 'batch_size': 64}. Best is trial 0 with value: 0.24495859444141388.
GPU available: True (cuda), used: True
TPU available: False, using: 0 TPU cores
HPU available: False, using: 0 HPUs
LOCAL_RANK: 0 - CUDA_VISIBLE_DEVICES: [0,1,2,3]
SLURM auto-requeueing enabled. Setting signal handlers.
Metric train_loss improved by 0.001 >= min_delta = 0.0. New best score: 0.103
Metric train_loss improved by 0.005 >= min_delta = 0.0. New best score: 0.099
Metric train_loss improved by 0.008 >= min_delta = 0.0. New best score: 0.091
Metric train_loss improved by 0.008 >= min_delta = 0.0. New best score: 0.082
Metric train_loss improved by 0.014 >= min_delta = 0.0. New best score: 0.068
Metric train_loss improved by 0.005 >= min_delta = 0.0. New best score: 0.063
Metric train_loss improved by 0.004 >= min_delta = 0.0. New best score: 0.059
`Trainer.fit` stopped: `max_epochs=80` reached.
GPU available: True (cuda), used: True
TPU available: False, using: 0 TPU cores
HPU available: False, using: 0 HPUs
LOCAL_RANK: 0 - CUDA_VISIBLE_DEVICES: [0,1,2,3]
SLURM auto-requeueing enabled. Setting signal handlers.
[I 2024-11-04 16:07:24,225] Trial 1 finished with value: 0.12519845366477966 and parameters: {'hidden_dim': 246, 'n_layers': 2, 'dropout': 0.16947236958825024, 'input_chunk_length': 144, 'learning_rate': 0.00038536325479575026, 'batch_size': 32}. Best is trial 1 with value: 0.12519845366477966.
GPU available: True (cuda), used: True
TPU available: False, using: 0 TPU cores
HPU available: False, using: 0 HPUs
LOCAL_RANK: 0 - CUDA_VISIBLE_DEVICES: [0,1,2,3]
SLURM auto-requeueing enabled. Setting signal handlers.
Monitored metric train_loss did not improve in the last 60 records. Best score: 0.059. Signaling Trainer to stop.
GPU available: True (cuda), used: True
TPU available: False, using: 0 TPU cores
HPU available: False, using: 0 HPUs
LOCAL_RANK: 0 - CUDA_VISIBLE_DEVICES: [0,1,2,3]
SLURM auto-requeueing enabled. Setting signal handlers.
[I 2024-11-04 16:13:37,973] Trial 2 finished with value: 0.19181017577648163 and parameters: {'hidden_dim': 433, 'n_layers': 6, 'dropout': 0.011984390410642087, 'input_chunk_length': 109, 'learning_rate': 0.00039406388596306306, 'batch_size': 64}. Best is trial 1 with value: 0.12519845366477966.
GPU available: True (cuda), used: True
TPU available: False, using: 0 TPU cores
HPU available: False, using: 0 HPUs
LOCAL_RANK: 0 - CUDA_VISIBLE_DEVICES: [0,1,2,3]
SLURM auto-requeueing enabled. Setting signal handlers.
Monitored metric train_loss did not improve in the last 61 records. Best score: 0.059. Signaling Trainer to stop.
GPU available: True (cuda), used: True
TPU available: False, using: 0 TPU cores
HPU available: False, using: 0 HPUs
LOCAL_RANK: 0 - CUDA_VISIBLE_DEVICES: [0,1,2,3]
SLURM auto-requeueing enabled. Setting signal handlers.
[I 2024-11-04 16:13:57,310] Trial 3 finished with value: 0.4834555685520172 and parameters: {'hidden_dim': 409, 'n_layers': 3, 'dropout': 0.18776781366968354, 'input_chunk_length': 99, 'learning_rate': 4.5136852581975007e-05, 'batch_size': 32}. Best is trial 1 with value: 0.12519845366477966.
GPU available: True (cuda), used: True
TPU available: False, using: 0 TPU cores
HPU available: False, using: 0 HPUs
LOCAL_RANK: 0 - CUDA_VISIBLE_DEVICES: [0,1,2,3]
SLURM auto-requeueing enabled. Setting signal handlers.
Monitored metric train_loss did not improve in the last 62 records. Best score: 0.059. Signaling Trainer to stop.
GPU available: True (cuda), used: True
TPU available: False, using: 0 TPU cores
HPU available: False, using: 0 HPUs
LOCAL_RANK: 0 - CUDA_VISIBLE_DEVICES: [0,1,2,3]
SLURM auto-requeueing enabled. Setting signal handlers.
[I 2024-11-04 16:14:12,836] Trial 4 finished with value: 0.3221915066242218 and parameters: {'hidden_dim': 223, 'n_layers': 1, 'dropout': 0.016536301045828483, 'input_chunk_length': 98, 'learning_rate': 0.00034104524504016107, 'batch_size': 64}. Best is trial 1 with value: 0.12519845366477966.
GPU available: True (cuda), used: True
TPU available: False, using: 0 TPU cores
HPU available: False, using: 0 HPUs
LOCAL_RANK: 0 - CUDA_VISIBLE_DEVICES: [0,1,2,3]
SLURM auto-requeueing enabled. Setting signal handlers.
Monitored metric train_loss did not improve in the last 63 records. Best score: 0.059. Signaling Trainer to stop.
GPU available: True (cuda), used: True
TPU available: False, using: 0 TPU cores
HPU available: False, using: 0 HPUs
LOCAL_RANK: 0 - CUDA_VISIBLE_DEVICES: [0,1,2,3]
SLURM auto-requeueing enabled. Setting signal handlers.
[I 2024-11-04 16:14:28,640] Trial 5 finished with value: 1.5763616561889648 and parameters: {'hidden_dim': 344, 'n_layers': 1, 'dropout': 0.3295766581789467, 'input_chunk_length': 75, 'learning_rate': 0.007631108284718291, 'batch_size': 32}. Best is trial 1 with value: 0.12519845366477966.
GPU available: True (cuda), used: True
TPU available: False, using: 0 TPU cores
HPU available: False, using: 0 HPUs
LOCAL_RANK: 0 - CUDA_VISIBLE_DEVICES: [0,1,2,3]
SLURM auto-requeueing enabled. Setting signal handlers.
Monitored metric train_loss did not improve in the last 64 records. Best score: 0.059. Signaling Trainer to stop.
GPU available: True (cuda), used: True
TPU available: False, using: 0 TPU cores
HPU available: False, using: 0 HPUs
LOCAL_RANK: 0 - CUDA_VISIBLE_DEVICES: [0,1,2,3]
SLURM auto-requeueing enabled. Setting signal handlers.
[I 2024-11-04 16:14:47,940] Trial 6 finished with value: 0.5736194849014282 and parameters: {'hidden_dim': 426, 'n_layers': 3, 'dropout': 0.21720670033006811, 'input_chunk_length': 98, 'learning_rate': 0.0027468324170964605, 'batch_size': 32}. Best is trial 1 with value: 0.12519845366477966.
GPU available: True (cuda), used: True
TPU available: False, using: 0 TPU cores
HPU available: False, using: 0 HPUs
LOCAL_RANK: 0 - CUDA_VISIBLE_DEVICES: [0,1,2,3]
SLURM auto-requeueing enabled. Setting signal handlers.
Monitored metric train_loss did not improve in the last 65 records. Best score: 0.059. Signaling Trainer to stop.
GPU available: True (cuda), used: True
TPU available: False, using: 0 TPU cores
HPU available: False, using: 0 HPUs
LOCAL_RANK: 0 - CUDA_VISIBLE_DEVICES: [0,1,2,3]
SLURM auto-requeueing enabled. Setting signal handlers.
[I 2024-11-04 16:15:10,434] Trial 7 finished with value: 0.5146072506904602 and parameters: {'hidden_dim': 364, 'n_layers': 4, 'dropout': 0.09379921780606731, 'input_chunk_length': 139, 'learning_rate': 0.0005980545720150333, 'batch_size': 64}. Best is trial 1 with value: 0.12519845366477966.
GPU available: True (cuda), used: True
TPU available: False, using: 0 TPU cores
HPU available: False, using: 0 HPUs
LOCAL_RANK: 0 - CUDA_VISIBLE_DEVICES: [0,1,2,3]
SLURM auto-requeueing enabled. Setting signal handlers.
Monitored metric train_loss did not improve in the last 66 records. Best score: 0.059. Signaling Trainer to stop.
GPU available: True (cuda), used: True
TPU available: False, using: 0 TPU cores
HPU available: False, using: 0 HPUs
LOCAL_RANK: 0 - CUDA_VISIBLE_DEVICES: [0,1,2,3]
SLURM auto-requeueing enabled. Setting signal handlers.
[I 2024-11-04 16:15:25,299] Trial 8 finished with value: 0.3615884482860565 and parameters: {'hidden_dim': 375, 'n_layers': 6, 'dropout': 0.1890426976956034, 'input_chunk_length': 27, 'learning_rate': 0.0007090996752688363, 'batch_size': 64}. Best is trial 1 with value: 0.12519845366477966.
GPU available: True (cuda), used: True
TPU available: False, using: 0 TPU cores
HPU available: False, using: 0 HPUs
LOCAL_RANK: 0 - CUDA_VISIBLE_DEVICES: [0,1,2,3]
SLURM auto-requeueing enabled. Setting signal handlers.
Monitored metric train_loss did not improve in the last 67 records. Best score: 0.059. Signaling Trainer to stop.
GPU available: True (cuda), used: True
TPU available: False, using: 0 TPU cores
HPU available: False, using: 0 HPUs
LOCAL_RANK: 0 - CUDA_VISIBLE_DEVICES: [0,1,2,3]
SLURM auto-requeueing enabled. Setting signal handlers.
[I 2024-11-04 16:15:39,539] Trial 9 finished with value: 0.3981824219226837 and parameters: {'hidden_dim': 68, 'n_layers': 6, 'dropout': 0.07076002835381562, 'input_chunk_length': 109, 'learning_rate': 0.006971850763356357, 'batch_size': 32}. Best is trial 1 with value: 0.12519845366477966.
GPU available: True (cuda), used: True
TPU available: False, using: 0 TPU cores
HPU available: False, using: 0 HPUs
LOCAL_RANK: 0 - CUDA_VISIBLE_DEVICES: [0,1,2,3]
SLURM auto-requeueing enabled. Setting signal handlers.
Monitored metric train_loss did not improve in the last 68 records. Best score: 0.059. Signaling Trainer to stop.
GPU available: True (cuda), used: True
TPU available: False, using: 0 TPU cores
HPU available: False, using: 0 HPUs
LOCAL_RANK: 0 - CUDA_VISIBLE_DEVICES: [0,1,2,3]
SLURM auto-requeueing enabled. Setting signal handlers.
[I 2024-11-04 16:15:54,994] Trial 10 finished with value: 0.4084148406982422 and parameters: {'hidden_dim': 259, 'n_layers': 2, 'dropout': 0.49236438295586843, 'input_chunk_length': 57, 'learning_rate': 0.00010050159360775241, 'batch_size': 32}. Best is trial 1 with value: 0.12519845366477966.
GPU available: True (cuda), used: True
TPU available: False, using: 0 TPU cores
HPU available: False, using: 0 HPUs
LOCAL_RANK: 0 - CUDA_VISIBLE_DEVICES: [0,1,2,3]
SLURM auto-requeueing enabled. Setting signal handlers.
Monitored metric train_loss did not improve in the last 69 records. Best score: 0.059. Signaling Trainer to stop.
GPU available: True (cuda), used: True
TPU available: False, using: 0 TPU cores
HPU available: False, using: 0 HPUs
LOCAL_RANK: 0 - CUDA_VISIBLE_DEVICES: [0,1,2,3]
SLURM auto-requeueing enabled. Setting signal handlers.
[I 2024-11-04 16:16:21,629] Trial 11 finished with value: 0.3299987316131592 and parameters: {'hidden_dim': 505, 'n_layers': 5, 'dropout': 0.3061804319189714, 'input_chunk_length': 127, 'learning_rate': 0.0001471479481629452, 'batch_size': 64}. Best is trial 1 with value: 0.12519845366477966.
GPU available: True (cuda), used: True
TPU available: False, using: 0 TPU cores
HPU available: False, using: 0 HPUs
LOCAL_RANK: 0 - CUDA_VISIBLE_DEVICES: [0,1,2,3]
SLURM auto-requeueing enabled. Setting signal handlers.
Monitored metric train_loss did not improve in the last 70 records. Best score: 0.059. Signaling Trainer to stop.
GPU available: True (cuda), used: True
TPU available: False, using: 0 TPU cores
HPU available: False, using: 0 HPUs
LOCAL_RANK: 0 - CUDA_VISIBLE_DEVICES: [0,1,2,3]
SLURM auto-requeueing enabled. Setting signal handlers.
[I 2024-11-04 16:16:40,904] Trial 12 finished with value: 0.5013840794563293 and parameters: {'hidden_dim': 147, 'n_layers': 4, 'dropout': 0.002211423625212594, 'input_chunk_length': 150, 'learning_rate': 1.354309644159888e-05, 'batch_size': 32}. Best is trial 1 with value: 0.12519845366477966.
GPU available: True (cuda), used: True
TPU available: False, using: 0 TPU cores
HPU available: False, using: 0 HPUs
LOCAL_RANK: 0 - CUDA_VISIBLE_DEVICES: [0,1,2,3]
SLURM auto-requeueing enabled. Setting signal handlers.
Monitored metric train_loss did not improve in the last 71 records. Best score: 0.059. Signaling Trainer to stop.
GPU available: True (cuda), used: True
TPU available: False, using: 0 TPU cores
HPU available: False, using: 0 HPUs
LOCAL_RANK: 0 - CUDA_VISIBLE_DEVICES: [0,1,2,3]
SLURM auto-requeueing enabled. Setting signal handlers.
[I 2024-11-04 16:17:00,866] Trial 13 finished with value: 0.5556599497795105 and parameters: {'hidden_dim': 505, 'n_layers': 2, 'dropout': 0.1432546663678979, 'input_chunk_length': 119, 'learning_rate': 0.001542093889259917, 'batch_size': 64}. Best is trial 1 with value: 0.12519845366477966.
GPU available: True (cuda), used: True
TPU available: False, using: 0 TPU cores
HPU available: False, using: 0 HPUs
LOCAL_RANK: 0 - CUDA_VISIBLE_DEVICES: [0,1,2,3]
SLURM auto-requeueing enabled. Setting signal handlers.
Monitored metric train_loss did not improve in the last 72 records. Best score: 0.059. Signaling Trainer to stop.
GPU available: True (cuda), used: True
TPU available: False, using: 0 TPU cores
HPU available: False, using: 0 HPUs
LOCAL_RANK: 0 - CUDA_VISIBLE_DEVICES: [0,1,2,3]
SLURM auto-requeueing enabled. Setting signal handlers.
[I 2024-11-04 16:17:18,671] Trial 14 finished with value: 0.4015869200229645 and parameters: {'hidden_dim': 298, 'n_layers': 5, 'dropout': 0.2864528026018888, 'input_chunk_length': 78, 'learning_rate': 0.00022464656904381012, 'batch_size': 64}. Best is trial 1 with value: 0.12519845366477966.
GPU available: True (cuda), used: True
TPU available: False, using: 0 TPU cores
HPU available: False, using: 0 HPUs
LOCAL_RANK: 0 - CUDA_VISIBLE_DEVICES: [0,1,2,3]
SLURM auto-requeueing enabled. Setting signal handlers.
Monitored metric train_loss did not improve in the last 73 records. Best score: 0.059. Signaling Trainer to stop.
GPU available: True (cuda), used: True
TPU available: False, using: 0 TPU cores
HPU available: False, using: 0 HPUs
LOCAL_RANK: 0 - CUDA_VISIBLE_DEVICES: [0,1,2,3]
SLURM auto-requeueing enabled. Setting signal handlers.
[I 2024-11-04 16:17:36,908] Trial 15 finished with value: 0.37216782569885254 and parameters: {'hidden_dim': 297, 'n_layers': 2, 'dropout': 0.38529863372879003, 'input_chunk_length': 123, 'learning_rate': 0.001355645964747542, 'batch_size': 32}. Best is trial 1 with value: 0.12519845366477966.
GPU available: True (cuda), used: True
TPU available: False, using: 0 TPU cores
HPU available: False, using: 0 HPUs
LOCAL_RANK: 0 - CUDA_VISIBLE_DEVICES: [0,1,2,3]
SLURM auto-requeueing enabled. Setting signal handlers.
Monitored metric train_loss did not improve in the last 74 records. Best score: 0.059. Signaling Trainer to stop.
GPU available: True (cuda), used: True
TPU available: False, using: 0 TPU cores
HPU available: False, using: 0 HPUs
LOCAL_RANK: 0 - CUDA_VISIBLE_DEVICES: [0,1,2,3]
SLURM auto-requeueing enabled. Setting signal handlers.
[I 2024-11-04 16:17:51,149] Trial 16 finished with value: 0.36496981978416443 and parameters: {'hidden_dim': 110, 'n_layers': 5, 'dropout': 0.12720811263736187, 'input_chunk_length': 62, 'learning_rate': 0.0004532862370406229, 'batch_size': 32}. Best is trial 1 with value: 0.12519845366477966.
GPU available: True (cuda), used: True
TPU available: False, using: 0 TPU cores
HPU available: False, using: 0 HPUs
LOCAL_RANK: 0 - CUDA_VISIBLE_DEVICES: [0,1,2,3]
SLURM auto-requeueing enabled. Setting signal handlers.
Monitored metric train_loss did not improve in the last 75 records. Best score: 0.059. Signaling Trainer to stop.
GPU available: True (cuda), used: True
TPU available: False, using: 0 TPU cores
HPU available: False, using: 0 HPUs
LOCAL_RANK: 0 - CUDA_VISIBLE_DEVICES: [0,1,2,3]
SLURM auto-requeueing enabled. Setting signal handlers.
[I 2024-11-04 16:18:04,465] Trial 17 finished with value: 0.44910696148872375 and parameters: {'hidden_dim': 217, 'n_layers': 4, 'dropout': 0.42568302716432965, 'input_chunk_length': 12, 'learning_rate': 7.756077129645823e-05, 'batch_size': 64}. Best is trial 1 with value: 0.12519845366477966.
GPU available: True (cuda), used: True
TPU available: False, using: 0 TPU cores
HPU available: False, using: 0 HPUs
LOCAL_RANK: 0 - CUDA_VISIBLE_DEVICES: [0,1,2,3]
SLURM auto-requeueing enabled. Setting signal handlers.
Monitored metric train_loss did not improve in the last 76 records. Best score: 0.059. Signaling Trainer to stop.
GPU available: True (cuda), used: True
TPU available: False, using: 0 TPU cores
HPU available: False, using: 0 HPUs
LOCAL_RANK: 0 - CUDA_VISIBLE_DEVICES: [0,1,2,3]
SLURM auto-requeueing enabled. Setting signal handlers.
[I 2024-11-04 16:18:26,223] Trial 18 finished with value: 0.3384523391723633 and parameters: {'hidden_dim': 448, 'n_layers': 2, 'dropout': 0.23570634563465104, 'input_chunk_length': 147, 'learning_rate': 0.0011653248277390669, 'batch_size': 32}. Best is trial 1 with value: 0.12519845366477966.
GPU available: True (cuda), used: True
TPU available: False, using: 0 TPU cores
HPU available: False, using: 0 HPUs
LOCAL_RANK: 0 - CUDA_VISIBLE_DEVICES: [0,1,2,3]
SLURM auto-requeueing enabled. Setting signal handlers.
Monitored metric train_loss did not improve in the last 77 records. Best score: 0.059. Signaling Trainer to stop.
GPU available: True (cuda), used: True
TPU available: False, using: 0 TPU cores
HPU available: False, using: 0 HPUs
LOCAL_RANK: 0 - CUDA_VISIBLE_DEVICES: [0,1,2,3]
SLURM auto-requeueing enabled. Setting signal handlers.
[I 2024-11-04 16:18:50,675] Trial 19 finished with value: 0.3342118263244629 and parameters: {'hidden_dim': 323, 'n_layers': 6, 'dropout': 0.04321646928395395, 'input_chunk_length': 132, 'learning_rate': 0.00023048651092838314, 'batch_size': 64}. Best is trial 1 with value: 0.12519845366477966.
GPU available: True (cuda), used: True
TPU available: False, using: 0 TPU cores
HPU available: False, using: 0 HPUs
LOCAL_RANK: 0 - CUDA_VISIBLE_DEVICES: [0,1,2,3]
SLURM auto-requeueing enabled. Setting signal handlers.
Monitored metric train_loss did not improve in the last 78 records. Best score: 0.059. Signaling Trainer to stop.
GPU available: True (cuda), used: True
TPU available: False, using: 0 TPU cores
HPU available: False, using: 0 HPUs
LOCAL_RANK: 0 - CUDA_VISIBLE_DEVICES: [0,1,2,3]
SLURM auto-requeueing enabled. Setting signal handlers.
[I 2024-11-04 16:19:06,653] Trial 20 finished with value: 0.6628495454788208 and parameters: {'hidden_dim': 226, 'n_layers': 1, 'dropout': 0.13683977214274265, 'input_chunk_length': 109, 'learning_rate': 0.0033995294022441595, 'batch_size': 64}. Best is trial 1 with value: 0.12519845366477966.
GPU available: True (cuda), used: True
TPU available: False, using: 0 TPU cores
HPU available: False, using: 0 HPUs
LOCAL_RANK: 0 - CUDA_VISIBLE_DEVICES: [0,1,2,3]
SLURM auto-requeueing enabled. Setting signal handlers.
Monitored metric train_loss did not improve in the last 79 records. Best score: 0.059. Signaling Trainer to stop.
GPU available: True (cuda), used: True
TPU available: False, using: 0 TPU cores
HPU available: False, using: 0 HPUs
LOCAL_RANK: 0 - CUDA_VISIBLE_DEVICES: [0,1,2,3]
SLURM auto-requeueing enabled. Setting signal handlers.
