[I 2024-11-01 17:12:52,003] Trial 57 finished with value: 0.25278201699256897 and parameters: {'hidden_dim': 100, 'n_layers': 3, 'dropout': 0.17288585977259258, 'input_chunk_length': 39, 'learning_rate': 0.0001433010665243096, 'batch_size': 32}. Best is trial 0 with value: 0.07914793491363525.
GPU available: False, used: False
TPU available: False, using: 0 TPU cores
HPU available: False, using: 0 HPUs
SLURM auto-requeueing enabled. Setting signal handlers.
Monitored metric train_loss did not improve in the last 87 records. Best score: 0.031. Signaling Trainer to stop.
GPU available: False, used: False
TPU available: False, using: 0 TPU cores
HPU available: False, using: 0 HPUs
SLURM auto-requeueing enabled. Setting signal handlers.
[I 2024-11-01 17:13:29,150] Trial 58 finished with value: 0.3018881678581238 and parameters: {'hidden_dim': 129, 'n_layers': 4, 'dropout': 0.21697220082741786, 'input_chunk_length': 27, 'learning_rate': 0.0005369638227726093, 'batch_size': 64}. Best is trial 0 with value: 0.07914793491363525.
GPU available: False, used: False
TPU available: False, using: 0 TPU cores
HPU available: False, using: 0 HPUs
SLURM auto-requeueing enabled. Setting signal handlers.
Monitored metric train_loss did not improve in the last 88 records. Best score: 0.031. Signaling Trainer to stop.
GPU available: False, used: False
TPU available: False, using: 0 TPU cores
HPU available: False, using: 0 HPUs
SLURM auto-requeueing enabled. Setting signal handlers.
[I 2024-11-01 17:14:34,559] Trial 59 finished with value: 0.2953486740589142 and parameters: {'hidden_dim': 161, 'n_layers': 3, 'dropout': 0.07339596717837109, 'input_chunk_length': 47, 'learning_rate': 0.001828375305100906, 'batch_size': 32}. Best is trial 0 with value: 0.07914793491363525.
GPU available: False, used: False
TPU available: False, using: 0 TPU cores
HPU available: False, using: 0 HPUs
SLURM auto-requeueing enabled. Setting signal handlers.
Monitored metric train_loss did not improve in the last 89 records. Best score: 0.031. Signaling Trainer to stop.
GPU available: False, used: False
TPU available: False, using: 0 TPU cores
HPU available: False, using: 0 HPUs
SLURM auto-requeueing enabled. Setting signal handlers.
[I 2024-11-01 17:15:38,581] Trial 60 finished with value: 0.245724618434906 and parameters: {'hidden_dim': 76, 'n_layers': 3, 'dropout': 0.11066577191696676, 'input_chunk_length': 99, 'learning_rate': 0.00117707792736655, 'batch_size': 32}. Best is trial 0 with value: 0.07914793491363525.
GPU available: False, used: False
TPU available: False, using: 0 TPU cores
HPU available: False, using: 0 HPUs
SLURM auto-requeueing enabled. Setting signal handlers.
Monitored metric train_loss did not improve in the last 90 records. Best score: 0.031. Signaling Trainer to stop.
GPU available: False, used: False
TPU available: False, using: 0 TPU cores
HPU available: False, using: 0 HPUs
SLURM auto-requeueing enabled. Setting signal handlers.
[I 2024-11-01 17:16:01,921] Trial 61 finished with value: 0.26975521445274353 and parameters: {'hidden_dim': 125, 'n_layers': 4, 'dropout': 0.15833271104421784, 'input_chunk_length': 2, 'learning_rate': 0.005547013653992039, 'batch_size': 32}. Best is trial 0 with value: 0.07914793491363525.
GPU available: False, used: False
TPU available: False, using: 0 TPU cores
HPU available: False, using: 0 HPUs
SLURM auto-requeueing enabled. Setting signal handlers.
Monitored metric train_loss did not improve in the last 91 records. Best score: 0.031. Signaling Trainer to stop.
GPU available: False, used: False
TPU available: False, using: 0 TPU cores
HPU available: False, using: 0 HPUs
SLURM auto-requeueing enabled. Setting signal handlers.
[I 2024-11-01 17:16:33,986] Trial 62 finished with value: 0.243452250957489 and parameters: {'hidden_dim': 139, 'n_layers': 4, 'dropout': 0.14722899003843623, 'input_chunk_length': 12, 'learning_rate': 0.0007629346917182858, 'batch_size': 32}. Best is trial 0 with value: 0.07914793491363525.
GPU available: False, used: False
TPU available: False, using: 0 TPU cores
HPU available: False, using: 0 HPUs
SLURM auto-requeueing enabled. Setting signal handlers.
Monitored metric train_loss did not improve in the last 92 records. Best score: 0.031. Signaling Trainer to stop.
GPU available: False, used: False
TPU available: False, using: 0 TPU cores
HPU available: False, using: 0 HPUs
SLURM auto-requeueing enabled. Setting signal handlers.
[I 2024-11-01 17:17:11,659] Trial 63 finished with value: 0.3406645953655243 and parameters: {'hidden_dim': 116, 'n_layers': 4, 'dropout': 0.2632949951267324, 'input_chunk_length': 24, 'learning_rate': 0.004169290780893327, 'batch_size': 32}. Best is trial 0 with value: 0.07914793491363525.
GPU available: False, used: False
TPU available: False, using: 0 TPU cores
HPU available: False, using: 0 HPUs
SLURM auto-requeueing enabled. Setting signal handlers.
Monitored metric train_loss did not improve in the last 93 records. Best score: 0.031. Signaling Trainer to stop.
GPU available: False, used: False
TPU available: False, using: 0 TPU cores
HPU available: False, using: 0 HPUs
SLURM auto-requeueing enabled. Setting signal handlers.
[I 2024-11-01 17:18:08,994] Trial 64 finished with value: 0.3812994956970215 and parameters: {'hidden_dim': 243, 'n_layers': 4, 'dropout': 0.24815255349161428, 'input_chunk_length': 18, 'learning_rate': 0.0026494367261274145, 'batch_size': 32}. Best is trial 0 with value: 0.07914793491363525.
GPU available: False, used: False
TPU available: False, using: 0 TPU cores
HPU available: False, using: 0 HPUs
SLURM auto-requeueing enabled. Setting signal handlers.
Monitored metric train_loss did not improve in the last 94 records. Best score: 0.031. Signaling Trainer to stop.
GPU available: False, used: False
TPU available: False, using: 0 TPU cores
HPU available: False, using: 0 HPUs
SLURM auto-requeueing enabled. Setting signal handlers.
[I 2024-11-01 17:19:25,456] Trial 65 finished with value: 0.3362458348274231 and parameters: {'hidden_dim': 152, 'n_layers': 5, 'dropout': 0.1247286413453434, 'input_chunk_length': 53, 'learning_rate': 0.009205061452749718, 'batch_size': 32}. Best is trial 0 with value: 0.07914793491363525.
GPU available: False, used: False
TPU available: False, using: 0 TPU cores
HPU available: False, using: 0 HPUs
SLURM auto-requeueing enabled. Setting signal handlers.
Monitored metric train_loss did not improve in the last 95 records. Best score: 0.031. Signaling Trainer to stop.
GPU available: False, used: False
TPU available: False, using: 0 TPU cores
HPU available: False, using: 0 HPUs
SLURM auto-requeueing enabled. Setting signal handlers.
[I 2024-11-01 17:19:45,085] Trial 66 finished with value: 0.3093433678150177 and parameters: {'hidden_dim': 94, 'n_layers': 3, 'dropout': 0.18346828454115105, 'input_chunk_length': 7, 'learning_rate': 0.00508995619505439, 'batch_size': 64}. Best is trial 0 with value: 0.07914793491363525.
GPU available: False, used: False
TPU available: False, using: 0 TPU cores
HPU available: False, using: 0 HPUs
SLURM auto-requeueing enabled. Setting signal handlers.
Monitored metric train_loss did not improve in the last 96 records. Best score: 0.031. Signaling Trainer to stop.
GPU available: False, used: False
TPU available: False, using: 0 TPU cores
HPU available: False, using: 0 HPUs
SLURM auto-requeueing enabled. Setting signal handlers.
[I 2024-11-01 17:20:32,329] Trial 67 finished with value: 0.25117048621177673 and parameters: {'hidden_dim': 126, 'n_layers': 4, 'dropout': 0.09998365938441689, 'input_chunk_length': 31, 'learning_rate': 0.0001912652188703437, 'batch_size': 32}. Best is trial 0 with value: 0.07914793491363525.
GPU available: False, used: False
TPU available: False, using: 0 TPU cores
HPU available: False, using: 0 HPUs
SLURM auto-requeueing enabled. Setting signal handlers.
Monitored metric train_loss did not improve in the last 97 records. Best score: 0.031. Signaling Trainer to stop.
GPU available: False, used: False
TPU available: False, using: 0 TPU cores
HPU available: False, using: 0 HPUs
SLURM auto-requeueing enabled. Setting signal handlers.
[I 2024-11-01 17:21:09,466] Trial 68 finished with value: 0.31820613145828247 and parameters: {'hidden_dim': 109, 'n_layers': 5, 'dropout': 0.37156706477756746, 'input_chunk_length': 21, 'learning_rate': 9.143040500714117e-05, 'batch_size': 32}. Best is trial 0 with value: 0.07914793491363525.
GPU available: False, used: False
TPU available: False, using: 0 TPU cores
HPU available: False, using: 0 HPUs
SLURM auto-requeueing enabled. Setting signal handlers.
Monitored metric train_loss did not improve in the last 98 records. Best score: 0.031. Signaling Trainer to stop.
GPU available: False, used: False
TPU available: False, using: 0 TPU cores
HPU available: False, using: 0 HPUs
SLURM auto-requeueing enabled. Setting signal handlers.
[I 2024-11-01 17:23:04,149] Trial 69 finished with value: 0.3174440264701843 and parameters: {'hidden_dim': 137, 'n_layers': 4, 'dropout': 0.30218531170400775, 'input_chunk_length': 115, 'learning_rate': 0.00031294167381259357, 'batch_size': 64}. Best is trial 0 with value: 0.07914793491363525.
GPU available: False, used: False
TPU available: False, using: 0 TPU cores
HPU available: False, using: 0 HPUs
SLURM auto-requeueing enabled. Setting signal handlers.
Monitored metric train_loss did not improve in the last 99 records. Best score: 0.031. Signaling Trainer to stop.
GPU available: False, used: False
TPU available: False, using: 0 TPU cores
HPU available: False, using: 0 HPUs
SLURM auto-requeueing enabled. Setting signal handlers.
[I 2024-11-01 17:23:28,492] Trial 70 finished with value: 0.18955355882644653 and parameters: {'hidden_dim': 65, 'n_layers': 3, 'dropout': 0.4016988973966826, 'input_chunk_length': 11, 'learning_rate': 0.003437187209938064, 'batch_size': 32}. Best is trial 0 with value: 0.07914793491363525.
GPU available: False, used: False
TPU available: False, using: 0 TPU cores
HPU available: False, using: 0 HPUs
SLURM auto-requeueing enabled. Setting signal handlers.
Monitored metric train_loss did not improve in the last 100 records. Best score: 0.031. Signaling Trainer to stop.
GPU available: False, used: False
TPU available: False, using: 0 TPU cores
HPU available: False, using: 0 HPUs
SLURM auto-requeueing enabled. Setting signal handlers.
[I 2024-11-01 17:23:52,312] Trial 71 finished with value: 0.21003666520118713 and parameters: {'hidden_dim': 59, 'n_layers': 3, 'dropout': 0.3926624669336955, 'input_chunk_length': 10, 'learning_rate': 0.003660017451900428, 'batch_size': 32}. Best is trial 0 with value: 0.07914793491363525.
GPU available: False, used: False
TPU available: False, using: 0 TPU cores
HPU available: False, using: 0 HPUs
SLURM auto-requeueing enabled. Setting signal handlers.
Monitored metric train_loss did not improve in the last 101 records. Best score: 0.031. Signaling Trainer to stop.
GPU available: False, used: False
TPU available: False, using: 0 TPU cores
HPU available: False, using: 0 HPUs
SLURM auto-requeueing enabled. Setting signal handlers.
[I 2024-11-01 17:24:56,553] Trial 72 finished with value: 0.3412914276123047 and parameters: {'hidden_dim': 68, 'n_layers': 3, 'dropout': 0.40583890742474865, 'input_chunk_length': 108, 'learning_rate': 0.006399703895777316, 'batch_size': 32}. Best is trial 0 with value: 0.07914793491363525.
GPU available: False, used: False
TPU available: False, using: 0 TPU cores
HPU available: False, using: 0 HPUs
SLURM auto-requeueing enabled. Setting signal handlers.
Monitored metric train_loss did not improve in the last 102 records. Best score: 0.031. Signaling Trainer to stop.
GPU available: False, used: False
TPU available: False, using: 0 TPU cores
HPU available: False, using: 0 HPUs
SLURM auto-requeueing enabled. Setting signal handlers.
[I 2024-11-01 17:25:24,548] Trial 73 finished with value: 0.26116248965263367 and parameters: {'hidden_dim': 84, 'n_layers': 3, 'dropout': 0.4744957490915942, 'input_chunk_length': 15, 'learning_rate': 0.0032437048746235715, 'batch_size': 32}. Best is trial 0 with value: 0.07914793491363525.
GPU available: False, used: False
TPU available: False, using: 0 TPU cores
HPU available: False, using: 0 HPUs
SLURM auto-requeueing enabled. Setting signal handlers.
Monitored metric train_loss did not improve in the last 103 records. Best score: 0.031. Signaling Trainer to stop.
GPU available: False, used: False
TPU available: False, using: 0 TPU cores
HPU available: False, using: 0 HPUs
SLURM auto-requeueing enabled. Setting signal handlers.
[I 2024-11-01 17:26:06,952] Trial 74 finished with value: 0.4912204146385193 and parameters: {'hidden_dim': 144, 'n_layers': 2, 'dropout': 0.42902611870053065, 'input_chunk_length': 26, 'learning_rate': 0.008021117413995433, 'batch_size': 32}. Best is trial 0 with value: 0.07914793491363525.
GPU available: False, used: False
TPU available: False, using: 0 TPU cores
HPU available: False, using: 0 HPUs
SLURM auto-requeueing enabled. Setting signal handlers.
Monitored metric train_loss did not improve in the last 104 records. Best score: 0.031. Signaling Trainer to stop.
GPU available: False, used: False
TPU available: False, using: 0 TPU cores
HPU available: False, using: 0 HPUs
SLURM auto-requeueing enabled. Setting signal handlers.
[I 2024-11-01 17:26:46,750] Trial 75 finished with value: 0.15409080684185028 and parameters: {'hidden_dim': 168, 'n_layers': 3, 'dropout': 0.4535521788906022, 'input_chunk_length': 18, 'learning_rate': 0.0014249150084079565, 'batch_size': 32}. Best is trial 0 with value: 0.07914793491363525.
GPU available: False, used: False
TPU available: False, using: 0 TPU cores
HPU available: False, using: 0 HPUs
SLURM auto-requeueing enabled. Setting signal handlers.
Monitored metric train_loss did not improve in the last 105 records. Best score: 0.031. Signaling Trainer to stop.
GPU available: False, used: False
TPU available: False, using: 0 TPU cores
HPU available: False, using: 0 HPUs
SLURM auto-requeueing enabled. Setting signal handlers.
[I 2024-11-01 17:27:37,471] Trial 76 finished with value: 0.31807655096054077 and parameters: {'hidden_dim': 203, 'n_layers': 4, 'dropout': 0.45159798236587784, 'input_chunk_length': 18, 'learning_rate': 0.0014621302179963478, 'batch_size': 32}. Best is trial 0 with value: 0.07914793491363525.
GPU available: False, used: False
TPU available: False, using: 0 TPU cores
HPU available: False, using: 0 HPUs
SLURM auto-requeueing enabled. Setting signal handlers.
Monitored metric train_loss did not improve in the last 106 records. Best score: 0.031. Signaling Trainer to stop.
GPU available: False, used: False
TPU available: False, using: 0 TPU cores
HPU available: False, using: 0 HPUs
SLURM auto-requeueing enabled. Setting signal handlers.
[I 2024-11-01 17:28:38,196] Trial 77 finished with value: 0.18338192999362946 and parameters: {'hidden_dim': 168, 'n_layers': 4, 'dropout': 0.4966508614314262, 'input_chunk_length': 37, 'learning_rate': 0.001161734454269819, 'batch_size': 32}. Best is trial 0 with value: 0.07914793491363525.
GPU available: False, used: False
TPU available: False, using: 0 TPU cores
HPU available: False, using: 0 HPUs
SLURM auto-requeueing enabled. Setting signal handlers.
Monitored metric train_loss did not improve in the last 107 records. Best score: 0.031. Signaling Trainer to stop.
GPU available: False, used: False
TPU available: False, using: 0 TPU cores
HPU available: False, using: 0 HPUs
SLURM auto-requeueing enabled. Setting signal handlers.
[I 2024-11-01 17:29:45,853] Trial 78 finished with value: 0.2657889127731323 and parameters: {'hidden_dim': 184, 'n_layers': 3, 'dropout': 0.49876127833179384, 'input_chunk_length': 41, 'learning_rate': 0.0007777722148397143, 'batch_size': 32}. Best is trial 0 with value: 0.07914793491363525.
GPU available: False, used: False
TPU available: False, using: 0 TPU cores
HPU available: False, using: 0 HPUs
SLURM auto-requeueing enabled. Setting signal handlers.
Monitored metric train_loss did not improve in the last 108 records. Best score: 0.031. Signaling Trainer to stop.
GPU available: False, used: False
TPU available: False, using: 0 TPU cores
HPU available: False, using: 0 HPUs
SLURM auto-requeueing enabled. Setting signal handlers.
[I 2024-11-01 17:30:36,231] Trial 79 finished with value: 0.33496296405792236 and parameters: {'hidden_dim': 169, 'n_layers': 2, 'dropout': 0.475511902145947, 'input_chunk_length': 35, 'learning_rate': 0.00047066638383650664, 'batch_size': 64}. Best is trial 0 with value: 0.07914793491363525.
GPU available: False, used: False
TPU available: False, using: 0 TPU cores
HPU available: False, using: 0 HPUs
SLURM auto-requeueing enabled. Setting signal handlers.
Monitored metric train_loss did not improve in the last 109 records. Best score: 0.031. Signaling Trainer to stop.
GPU available: False, used: False
TPU available: False, using: 0 TPU cores
HPU available: False, using: 0 HPUs
SLURM auto-requeueing enabled. Setting signal handlers.
[I 2024-11-01 17:33:13,635] Trial 80 finished with value: 0.18362917006015778 and parameters: {'hidden_dim': 220, 'n_layers': 4, 'dropout': 0.4647299525430081, 'input_chunk_length': 90, 'learning_rate': 0.0010902652197391084, 'batch_size': 32}. Best is trial 0 with value: 0.07914793491363525.
GPU available: False, used: False
TPU available: False, using: 0 TPU cores
HPU available: False, using: 0 HPUs
SLURM auto-requeueing enabled. Setting signal handlers.
Monitored metric train_loss did not improve in the last 110 records. Best score: 0.031. Signaling Trainer to stop.
GPU available: False, used: False
TPU available: False, using: 0 TPU cores
HPU available: False, using: 0 HPUs
SLURM auto-requeueing enabled. Setting signal handlers.
[I 2024-11-01 17:35:49,266] Trial 81 finished with value: 0.2961803674697876 and parameters: {'hidden_dim': 218, 'n_layers': 4, 'dropout': 0.460914555124317, 'input_chunk_length': 91, 'learning_rate': 0.0011774919598808722, 'batch_size': 32}. Best is trial 0 with value: 0.07914793491363525.
GPU available: False, used: False
TPU available: False, using: 0 TPU cores
HPU available: False, using: 0 HPUs
SLURM auto-requeueing enabled. Setting signal handlers.
Monitored metric train_loss did not improve in the last 111 records. Best score: 0.031. Signaling Trainer to stop.
GPU available: False, used: False
TPU available: False, using: 0 TPU cores
HPU available: False, using: 0 HPUs
SLURM auto-requeueing enabled. Setting signal handlers.
[I 2024-11-01 17:37:02,775] Trial 82 finished with value: 0.2381758689880371 and parameters: {'hidden_dim': 233, 'n_layers': 4, 'dropout': 0.4853037316449496, 'input_chunk_length': 29, 'learning_rate': 0.0006673814171315126, 'batch_size': 32}. Best is trial 0 with value: 0.07914793491363525.
GPU available: False, used: False
TPU available: False, using: 0 TPU cores
HPU available: False, using: 0 HPUs
SLURM auto-requeueing enabled. Setting signal handlers.
Monitored metric train_loss did not improve in the last 112 records. Best score: 0.031. Signaling Trainer to stop.
GPU available: False, used: False
TPU available: False, using: 0 TPU cores
HPU available: False, using: 0 HPUs
SLURM auto-requeueing enabled. Setting signal handlers.
[I 2024-11-01 17:40:19,081] Trial 83 finished with value: 0.18209142982959747 and parameters: {'hidden_dim': 249, 'n_layers': 4, 'dropout': 0.44299471392705275, 'input_chunk_length': 102, 'learning_rate': 0.0018116655928541343, 'batch_size': 32}. Best is trial 0 with value: 0.07914793491363525.
GPU available: False, used: False
TPU available: False, using: 0 TPU cores
HPU available: False, using: 0 HPUs
SLURM auto-requeueing enabled. Setting signal handlers.
Monitored metric train_loss did not improve in the last 113 records. Best score: 0.031. Signaling Trainer to stop.
GPU available: False, used: False
TPU available: False, using: 0 TPU cores
HPU available: False, using: 0 HPUs
SLURM auto-requeueing enabled. Setting signal handlers.
[I 2024-11-01 17:43:40,498] Trial 84 finished with value: 0.1667114794254303 and parameters: {'hidden_dim': 249, 'n_layers': 4, 'dropout': 0.4433588660298329, 'input_chunk_length': 103, 'learning_rate': 0.0017034579841013254, 'batch_size': 32}. Best is trial 0 with value: 0.07914793491363525.
GPU available: False, used: False
TPU available: False, using: 0 TPU cores
HPU available: False, using: 0 HPUs
SLURM auto-requeueing enabled. Setting signal handlers.
Monitored metric train_loss did not improve in the last 114 records. Best score: 0.031. Signaling Trainer to stop.
GPU available: False, used: False
TPU available: False, using: 0 TPU cores
HPU available: False, using: 0 HPUs
SLURM auto-requeueing enabled. Setting signal handlers.
[I 2024-11-01 17:46:59,459] Trial 85 finished with value: 0.30347058176994324 and parameters: {'hidden_dim': 248, 'n_layers': 4, 'dropout': 0.45001410156744515, 'input_chunk_length': 107, 'learning_rate': 0.0018146472265923098, 'batch_size': 32}. Best is trial 0 with value: 0.07914793491363525.
GPU available: False, used: False
TPU available: False, using: 0 TPU cores
HPU available: False, using: 0 HPUs
SLURM auto-requeueing enabled. Setting signal handlers.
Monitored metric train_loss did not improve in the last 115 records. Best score: 0.031. Signaling Trainer to stop.
GPU available: False, used: False
TPU available: False, using: 0 TPU cores
HPU available: False, using: 0 HPUs
SLURM auto-requeueing enabled. Setting signal handlers.
