[I 2024-10-08 16:58:58,653] Trial 28 finished with value: 0.16001564264297485 and parameters: {'hidden_dim': 47, 'n_layers': 3, 'dropout': 0.09519035343493754, 'learning_rate': 0.0012034387173071156, 'batch_size': 32, 'input_chunk_length': 132}. Best is trial 0 with value: 0.10316822677850723.
GPU available: False, used: False
TPU available: False, using: 0 TPU cores
HPU available: False, using: 0 HPUs
SLURM auto-requeueing enabled. Setting signal handlers.
Monitored metric train_loss did not improve in the last 49 records. Best score: 0.039. Signaling Trainer to stop.
GPU available: False, used: False
TPU available: False, using: 0 TPU cores
HPU available: False, using: 0 HPUs
SLURM auto-requeueing enabled. Setting signal handlers.
[I 2024-10-08 17:00:17,310] Trial 29 finished with value: 0.28908684849739075 and parameters: {'hidden_dim': 57, 'n_layers': 5, 'dropout': 0.050072336492390665, 'learning_rate': 0.0032246713408622934, 'batch_size': 64, 'input_chunk_length': 121}. Best is trial 0 with value: 0.10316822677850723.
GPU available: False, used: False
TPU available: False, using: 0 TPU cores
HPU available: False, using: 0 HPUs
SLURM auto-requeueing enabled. Setting signal handlers.
Monitored metric train_loss did not improve in the last 50 records. Best score: 0.039. Signaling Trainer to stop.
GPU available: False, used: False
TPU available: False, using: 0 TPU cores
HPU available: False, using: 0 HPUs
SLURM auto-requeueing enabled. Setting signal handlers.
[I 2024-10-08 17:02:16,086] Trial 30 finished with value: 0.33403125405311584 and parameters: {'hidden_dim': 44, 'n_layers': 4, 'dropout': 0.22205232438828068, 'learning_rate': 0.08309176856633435, 'batch_size': 64, 'input_chunk_length': 162}. Best is trial 0 with value: 0.10316822677850723.
GPU available: False, used: False
TPU available: False, using: 0 TPU cores
HPU available: False, using: 0 HPUs
SLURM auto-requeueing enabled. Setting signal handlers.
Monitored metric train_loss did not improve in the last 51 records. Best score: 0.039. Signaling Trainer to stop.
GPU available: False, used: False
TPU available: False, using: 0 TPU cores
HPU available: False, using: 0 HPUs
SLURM auto-requeueing enabled. Setting signal handlers.
[I 2024-10-08 17:03:22,067] Trial 31 finished with value: 0.14315105974674225 and parameters: {'hidden_dim': 38, 'n_layers': 3, 'dropout': 0.03423135103238534, 'learning_rate': 0.005130739505862082, 'batch_size': 16, 'input_chunk_length': 99}. Best is trial 0 with value: 0.10316822677850723.
GPU available: False, used: False
TPU available: False, using: 0 TPU cores
HPU available: False, using: 0 HPUs
SLURM auto-requeueing enabled. Setting signal handlers.
Monitored metric train_loss did not improve in the last 52 records. Best score: 0.039. Signaling Trainer to stop.
GPU available: False, used: False
TPU available: False, using: 0 TPU cores
HPU available: False, using: 0 HPUs
SLURM auto-requeueing enabled. Setting signal handlers.
[I 2024-10-08 17:04:27,373] Trial 32 finished with value: 0.17204341292381287 and parameters: {'hidden_dim': 50, 'n_layers': 2, 'dropout': 0.08132839706265317, 'learning_rate': 0.014299939701250779, 'batch_size': 16, 'input_chunk_length': 77}. Best is trial 0 with value: 0.10316822677850723.
GPU available: False, used: False
TPU available: False, using: 0 TPU cores
HPU available: False, using: 0 HPUs
SLURM auto-requeueing enabled. Setting signal handlers.
Monitored metric train_loss did not improve in the last 53 records. Best score: 0.039. Signaling Trainer to stop.
GPU available: False, used: False
TPU available: False, using: 0 TPU cores
HPU available: False, using: 0 HPUs
SLURM auto-requeueing enabled. Setting signal handlers.
[I 2024-10-08 17:05:36,750] Trial 33 finished with value: 0.17222507297992706 and parameters: {'hidden_dim': 27, 'n_layers': 1, 'dropout': 0.1209278891025786, 'learning_rate': 0.0022683449296793568, 'batch_size': 16, 'input_chunk_length': 112}. Best is trial 0 with value: 0.10316822677850723.
GPU available: False, used: False
TPU available: False, using: 0 TPU cores
HPU available: False, using: 0 HPUs
SLURM auto-requeueing enabled. Setting signal handlers.
Monitored metric train_loss did not improve in the last 54 records. Best score: 0.039. Signaling Trainer to stop.
GPU available: False, used: False
TPU available: False, using: 0 TPU cores
HPU available: False, using: 0 HPUs
SLURM auto-requeueing enabled. Setting signal handlers.
[I 2024-10-08 17:07:01,961] Trial 34 finished with value: 0.19628974795341492 and parameters: {'hidden_dim': 42, 'n_layers': 2, 'dropout': 0.0257258716485246, 'learning_rate': 0.00030449823441630397, 'batch_size': 16, 'input_chunk_length': 135}. Best is trial 0 with value: 0.10316822677850723.
GPU available: False, used: False
TPU available: False, using: 0 TPU cores
HPU available: False, using: 0 HPUs
SLURM auto-requeueing enabled. Setting signal handlers.
Monitored metric train_loss did not improve in the last 55 records. Best score: 0.039. Signaling Trainer to stop.
GPU available: False, used: False
TPU available: False, using: 0 TPU cores
HPU available: False, using: 0 HPUs
SLURM auto-requeueing enabled. Setting signal handlers.
[I 2024-10-08 17:08:20,271] Trial 35 finished with value: 0.16641376912593842 and parameters: {'hidden_dim': 57, 'n_layers': 1, 'dropout': 0.06746549917300786, 'learning_rate': 0.005246063812330387, 'batch_size': 16, 'input_chunk_length': 103}. Best is trial 0 with value: 0.10316822677850723.
GPU available: False, used: False
TPU available: False, using: 0 TPU cores
HPU available: False, using: 0 HPUs
SLURM auto-requeueing enabled. Setting signal handlers.
Monitored metric train_loss did not improve in the last 56 records. Best score: 0.039. Signaling Trainer to stop.
GPU available: False, used: False
TPU available: False, using: 0 TPU cores
HPU available: False, using: 0 HPUs
SLURM auto-requeueing enabled. Setting signal handlers.
[I 2024-10-08 17:09:42,619] Trial 36 finished with value: 0.1995396465063095 and parameters: {'hidden_dim': 49, 'n_layers': 3, 'dropout': 0.17566395517781436, 'learning_rate': 0.0010065829314579787, 'batch_size': 16, 'input_chunk_length': 122}. Best is trial 0 with value: 0.10316822677850723.
GPU available: False, used: False
TPU available: False, using: 0 TPU cores
HPU available: False, using: 0 HPUs
SLURM auto-requeueing enabled. Setting signal handlers.
Monitored metric train_loss did not improve in the last 57 records. Best score: 0.039. Signaling Trainer to stop.
GPU available: False, used: False
TPU available: False, using: 0 TPU cores
HPU available: False, using: 0 HPUs
SLURM auto-requeueing enabled. Setting signal handlers.
[I 2024-10-08 17:11:15,886] Trial 37 finished with value: 0.29990044236183167 and parameters: {'hidden_dim': 54, 'n_layers': 4, 'dropout': 0.03202116531815212, 'learning_rate': 0.03650741987637044, 'batch_size': 16, 'input_chunk_length': 84}. Best is trial 0 with value: 0.10316822677850723.
GPU available: False, used: False
TPU available: False, using: 0 TPU cores
HPU available: False, using: 0 HPUs
SLURM auto-requeueing enabled. Setting signal handlers.
Monitored metric train_loss did not improve in the last 58 records. Best score: 0.039. Signaling Trainer to stop.
GPU available: False, used: False
TPU available: False, using: 0 TPU cores
HPU available: False, using: 0 HPUs
SLURM auto-requeueing enabled. Setting signal handlers.
[I 2024-10-08 17:11:56,770] Trial 38 finished with value: 0.2849169075489044 and parameters: {'hidden_dim': 16, 'n_layers': 5, 'dropout': 0.11625803009361618, 'learning_rate': 0.0005260851656188243, 'batch_size': 32, 'input_chunk_length': 95}. Best is trial 0 with value: 0.10316822677850723.
GPU available: False, used: False
TPU available: False, using: 0 TPU cores
HPU available: False, using: 0 HPUs
SLURM auto-requeueing enabled. Setting signal handlers.
Monitored metric train_loss did not improve in the last 59 records. Best score: 0.039. Signaling Trainer to stop.
GPU available: False, used: False
TPU available: False, using: 0 TPU cores
HPU available: False, using: 0 HPUs
SLURM auto-requeueing enabled. Setting signal handlers.
[I 2024-10-08 17:12:42,790] Trial 39 finished with value: 0.2133689969778061 and parameters: {'hidden_dim': 23, 'n_layers': 2, 'dropout': 0.0017944883693679498, 'learning_rate': 0.008201108609959483, 'batch_size': 64, 'input_chunk_length': 111}. Best is trial 0 with value: 0.10316822677850723.
GPU available: False, used: False
TPU available: False, using: 0 TPU cores
HPU available: False, using: 0 HPUs
SLURM auto-requeueing enabled. Setting signal handlers.
Monitored metric train_loss did not improve in the last 60 records. Best score: 0.039. Signaling Trainer to stop.
GPU available: False, used: False
TPU available: False, using: 0 TPU cores
HPU available: False, using: 0 HPUs
SLURM auto-requeueing enabled. Setting signal handlers.
[I 2024-10-08 17:13:51,030] Trial 40 finished with value: 0.24829263985157013 and parameters: {'hidden_dim': 61, 'n_layers': 1, 'dropout': 0.08455041869666255, 'learning_rate': 0.003494649436891631, 'batch_size': 16, 'input_chunk_length': 73}. Best is trial 0 with value: 0.10316822677850723.
GPU available: False, used: False
TPU available: False, using: 0 TPU cores
HPU available: False, using: 0 HPUs
SLURM auto-requeueing enabled. Setting signal handlers.
Monitored metric train_loss did not improve in the last 61 records. Best score: 0.039. Signaling Trainer to stop.
GPU available: False, used: False
TPU available: False, using: 0 TPU cores
HPU available: False, using: 0 HPUs
SLURM auto-requeueing enabled. Setting signal handlers.
[I 2024-10-08 17:14:46,997] Trial 41 finished with value: 0.18081726133823395 and parameters: {'hidden_dim': 37, 'n_layers': 3, 'dropout': 0.04419796893357794, 'learning_rate': 0.004871811746879725, 'batch_size': 16, 'input_chunk_length': 62}. Best is trial 0 with value: 0.10316822677850723.
GPU available: False, used: False
TPU available: False, using: 0 TPU cores
HPU available: False, using: 0 HPUs
SLURM auto-requeueing enabled. Setting signal handlers.
Monitored metric train_loss did not improve in the last 62 records. Best score: 0.039. Signaling Trainer to stop.
GPU available: False, used: False
TPU available: False, using: 0 TPU cores
HPU available: False, using: 0 HPUs
SLURM auto-requeueing enabled. Setting signal handlers.
[I 2024-10-08 17:15:52,862] Trial 42 finished with value: 0.18777206540107727 and parameters: {'hidden_dim': 35, 'n_layers': 3, 'dropout': 0.02751757278852233, 'learning_rate': 0.022207560556444, 'batch_size': 16, 'input_chunk_length': 98}. Best is trial 0 with value: 0.10316822677850723.
GPU available: False, used: False
TPU available: False, using: 0 TPU cores
HPU available: False, using: 0 HPUs
SLURM auto-requeueing enabled. Setting signal handlers.
Monitored metric train_loss did not improve in the last 63 records. Best score: 0.039. Signaling Trainer to stop.
GPU available: False, used: False
TPU available: False, using: 0 TPU cores
HPU available: False, using: 0 HPUs
SLURM auto-requeueing enabled. Setting signal handlers.
[I 2024-10-08 17:17:02,121] Trial 43 finished with value: 0.16760584712028503 and parameters: {'hidden_dim': 41, 'n_layers': 3, 'dropout': 0.07182760575778631, 'learning_rate': 0.002089509932213485, 'batch_size': 16, 'input_chunk_length': 103}. Best is trial 0 with value: 0.10316822677850723.
GPU available: False, used: False
TPU available: False, using: 0 TPU cores
HPU available: False, using: 0 HPUs
SLURM auto-requeueing enabled. Setting signal handlers.
Monitored metric train_loss did not improve in the last 64 records. Best score: 0.039. Signaling Trainer to stop.
GPU available: False, used: False
TPU available: False, using: 0 TPU cores
HPU available: False, using: 0 HPUs
SLURM auto-requeueing enabled. Setting signal handlers.
[I 2024-10-08 17:18:06,800] Trial 44 finished with value: 0.17538703978061676 and parameters: {'hidden_dim': 39, 'n_layers': 4, 'dropout': 0.01911669090855851, 'learning_rate': 0.007033268491517888, 'batch_size': 16, 'input_chunk_length': 87}. Best is trial 0 with value: 0.10316822677850723.
GPU available: False, used: False
TPU available: False, using: 0 TPU cores
HPU available: False, using: 0 HPUs
SLURM auto-requeueing enabled. Setting signal handlers.
Monitored metric train_loss did not improve in the last 65 records. Best score: 0.039. Signaling Trainer to stop.
GPU available: False, used: False
TPU available: False, using: 0 TPU cores
HPU available: False, using: 0 HPUs
SLURM auto-requeueing enabled. Setting signal handlers.
[I 2024-10-08 17:19:39,545] Trial 45 finished with value: 0.37982335686683655 and parameters: {'hidden_dim': 54, 'n_layers': 2, 'dropout': 0.14201886833626629, 'learning_rate': 1.1646903512117111e-05, 'batch_size': 16, 'input_chunk_length': 140}. Best is trial 0 with value: 0.10316822677850723.
GPU available: False, used: False
TPU available: False, using: 0 TPU cores
HPU available: False, using: 0 HPUs
SLURM auto-requeueing enabled. Setting signal handlers.
Monitored metric train_loss did not improve in the last 66 records. Best score: 0.039. Signaling Trainer to stop.
GPU available: False, used: False
TPU available: False, using: 0 TPU cores
HPU available: False, using: 0 HPUs
SLURM auto-requeueing enabled. Setting signal handlers.
[I 2024-10-08 17:21:01,055] Trial 46 finished with value: 0.14392408728599548 and parameters: {'hidden_dim': 46, 'n_layers': 3, 'dropout': 0.0412240139224165, 'learning_rate': 0.01473693498543713, 'batch_size': 16, 'input_chunk_length': 123}. Best is trial 0 with value: 0.10316822677850723.
GPU available: False, used: False
TPU available: False, using: 0 TPU cores
HPU available: False, using: 0 HPUs
SLURM auto-requeueing enabled. Setting signal handlers.
Monitored metric train_loss did not improve in the last 67 records. Best score: 0.039. Signaling Trainer to stop.
GPU available: False, used: False
TPU available: False, using: 0 TPU cores
HPU available: False, using: 0 HPUs
SLURM auto-requeueing enabled. Setting signal handlers.
[I 2024-10-08 17:21:53,541] Trial 47 finished with value: 0.17031630873680115 and parameters: {'hidden_dim': 48, 'n_layers': 4, 'dropout': 0.10956711484870207, 'learning_rate': 0.004163538703846438, 'batch_size': 16, 'input_chunk_length': 46}. Best is trial 0 with value: 0.10316822677850723.
GPU available: False, used: False
TPU available: False, using: 0 TPU cores
HPU available: False, using: 0 HPUs
SLURM auto-requeueing enabled. Setting signal handlers.
Monitored metric train_loss did not improve in the last 68 records. Best score: 0.039. Signaling Trainer to stop.
GPU available: False, used: False
TPU available: False, using: 0 TPU cores
HPU available: False, using: 0 HPUs
SLURM auto-requeueing enabled. Setting signal handlers.
[I 2024-10-08 17:22:48,415] Trial 48 finished with value: 0.20343124866485596 and parameters: {'hidden_dim': 43, 'n_layers': 6, 'dropout': 0.35199116126312247, 'learning_rate': 0.002627967245022282, 'batch_size': 32, 'input_chunk_length': 79}. Best is trial 0 with value: 0.10316822677850723.
GPU available: False, used: False
TPU available: False, using: 0 TPU cores
HPU available: False, using: 0 HPUs
SLURM auto-requeueing enabled. Setting signal handlers.
Monitored metric train_loss did not improve in the last 69 records. Best score: 0.039. Signaling Trainer to stop.
GPU available: False, used: False
TPU available: False, using: 0 TPU cores
HPU available: False, using: 0 HPUs
SLURM auto-requeueing enabled. Setting signal handlers.
[I 2024-10-08 17:23:44,784] Trial 49 finished with value: 0.177912175655365 and parameters: {'hidden_dim': 27, 'n_layers': 3, 'dropout': 0.22902718834160019, 'learning_rate': 0.0006793633146450395, 'batch_size': 16, 'input_chunk_length': 69}. Best is trial 0 with value: 0.10316822677850723.
GPU available: False, used: False
TPU available: False, using: 0 TPU cores
HPU available: False, using: 0 HPUs
SLURM auto-requeueing enabled. Setting signal handlers.
Monitored metric train_loss did not improve in the last 70 records. Best score: 0.039. Signaling Trainer to stop.
GPU available: False, used: False
TPU available: False, using: 0 TPU cores
HPU available: False, using: 0 HPUs
SLURM auto-requeueing enabled. Setting signal handlers.
[I 2024-10-08 17:24:49,277] Trial 50 finished with value: 0.2839301526546478 and parameters: {'hidden_dim': 34, 'n_layers': 1, 'dropout': 0.00177426485774238, 'learning_rate': 3.37480976246374e-05, 'batch_size': 16, 'input_chunk_length': 118}. Best is trial 0 with value: 0.10316822677850723.
GPU available: False, used: False
TPU available: False, using: 0 TPU cores
HPU available: False, using: 0 HPUs
SLURM auto-requeueing enabled. Setting signal handlers.
Monitored metric train_loss did not improve in the last 71 records. Best score: 0.039. Signaling Trainer to stop.
GPU available: False, used: False
TPU available: False, using: 0 TPU cores
HPU available: False, using: 0 HPUs
SLURM auto-requeueing enabled. Setting signal handlers.
[I 2024-10-08 17:25:42,609] Trial 51 finished with value: 0.2292729616165161 and parameters: {'hidden_dim': 32, 'n_layers': 2, 'dropout': 0.2751162364448272, 'learning_rate': 0.028246888081273947, 'batch_size': 16, 'input_chunk_length': 78}. Best is trial 0 with value: 0.10316822677850723.
GPU available: False, used: False
TPU available: False, using: 0 TPU cores
HPU available: False, using: 0 HPUs
SLURM auto-requeueing enabled. Setting signal handlers.
Monitored metric train_loss did not improve in the last 72 records. Best score: 0.039. Signaling Trainer to stop.
GPU available: False, used: False
TPU available: False, using: 0 TPU cores
HPU available: False, using: 0 HPUs
SLURM auto-requeueing enabled. Setting signal handlers.
[I 2024-10-08 17:26:41,445] Trial 52 finished with value: 0.20770370960235596 and parameters: {'hidden_dim': 22, 'n_layers': 2, 'dropout': 0.2814475057507107, 'learning_rate': 0.04458439552173666, 'batch_size': 16, 'input_chunk_length': 88}. Best is trial 0 with value: 0.10316822677850723.
GPU available: False, used: False
TPU available: False, using: 0 TPU cores
HPU available: False, using: 0 HPUs
SLURM auto-requeueing enabled. Setting signal handlers.
Monitored metric train_loss did not improve in the last 73 records. Best score: 0.039. Signaling Trainer to stop.
GPU available: False, used: False
TPU available: False, using: 0 TPU cores
HPU available: False, using: 0 HPUs
SLURM auto-requeueing enabled. Setting signal handlers.
[I 2024-10-08 17:27:39,653] Trial 53 finished with value: 0.17747853696346283 and parameters: {'hidden_dim': 19, 'n_layers': 2, 'dropout': 0.34479350608694614, 'learning_rate': 0.01837053503528056, 'batch_size': 16, 'input_chunk_length': 99}. Best is trial 0 with value: 0.10316822677850723.
GPU available: False, used: False
TPU available: False, using: 0 TPU cores
HPU available: False, using: 0 HPUs
SLURM auto-requeueing enabled. Setting signal handlers.
Monitored metric train_loss did not improve in the last 74 records. Best score: 0.039. Signaling Trainer to stop.
GPU available: False, used: False
TPU available: False, using: 0 TPU cores
HPU available: False, using: 0 HPUs
SLURM auto-requeueing enabled. Setting signal handlers.
[I 2024-10-08 17:28:21,529] Trial 54 finished with value: 0.19485272467136383 and parameters: {'hidden_dim': 29, 'n_layers': 3, 'dropout': 0.32241573945757784, 'learning_rate': 0.011096977141246432, 'batch_size': 32, 'input_chunk_length': 58}. Best is trial 0 with value: 0.10316822677850723.
GPU available: False, used: False
TPU available: False, using: 0 TPU cores
HPU available: False, using: 0 HPUs
SLURM auto-requeueing enabled. Setting signal handlers.
Monitored metric train_loss did not improve in the last 75 records. Best score: 0.039. Signaling Trainer to stop.
GPU available: False, used: False
TPU available: False, using: 0 TPU cores
HPU available: False, using: 0 HPUs
SLURM auto-requeueing enabled. Setting signal handlers.
[I 2024-10-08 17:29:25,396] Trial 55 finished with value: 0.13774791359901428 and parameters: {'hidden_dim': 25, 'n_layers': 2, 'dropout': 0.2497357464606974, 'learning_rate': 0.006722766030908728, 'batch_size': 16, 'input_chunk_length': 109}. Best is trial 0 with value: 0.10316822677850723.
GPU available: False, used: False
TPU available: False, using: 0 TPU cores
HPU available: False, using: 0 HPUs
SLURM auto-requeueing enabled. Setting signal handlers.
Monitored metric train_loss did not improve in the last 76 records. Best score: 0.039. Signaling Trainer to stop.
GPU available: False, used: False
TPU available: False, using: 0 TPU cores
HPU available: False, using: 0 HPUs
SLURM auto-requeueing enabled. Setting signal handlers.
[I 2024-10-08 17:30:29,003] Trial 56 finished with value: 0.19360436499118805 and parameters: {'hidden_dim': 26, 'n_layers': 1, 'dropout': 0.4009065689397054, 'learning_rate': 0.007459770163226412, 'batch_size': 16, 'input_chunk_length': 106}. Best is trial 0 with value: 0.10316822677850723.
GPU available: False, used: False
TPU available: False, using: 0 TPU cores
HPU available: False, using: 0 HPUs
SLURM auto-requeueing enabled. Setting signal handlers.
Monitored metric train_loss did not improve in the last 77 records. Best score: 0.039. Signaling Trainer to stop.
GPU available: False, used: False
TPU available: False, using: 0 TPU cores
HPU available: False, using: 0 HPUs
SLURM auto-requeueing enabled. Setting signal handlers.
