[I 2024-11-04 14:46:00,478] Trial 470 finished with value: 0.34542062878608704 and parameters: {'hidden_dim': 152, 'n_layers': 5, 'dropout': 0.0777315362447301, 'input_chunk_length': 94, 'learning_rate': 0.00022923417725539724, 'batch_size': 32}. Best is trial 1 with value: 0.1384694129228592.
GPU available: True (cuda), used: True
TPU available: False, using: 0 TPU cores
HPU available: False, using: 0 HPUs
LOCAL_RANK: 0 - CUDA_VISIBLE_DEVICES: [0,1,2,3]
SLURM auto-requeueing enabled. Setting signal handlers.
Monitored metric train_loss did not improve in the last 529 records. Best score: 0.073. Signaling Trainer to stop.
GPU available: True (cuda), used: True
TPU available: False, using: 0 TPU cores
HPU available: False, using: 0 HPUs
LOCAL_RANK: 0 - CUDA_VISIBLE_DEVICES: [0,1,2,3]
SLURM auto-requeueing enabled. Setting signal handlers.
[I 2024-11-04 14:46:17,294] Trial 471 finished with value: 0.304166316986084 and parameters: {'hidden_dim': 135, 'n_layers': 3, 'dropout': 0.06248752635586739, 'input_chunk_length': 80, 'learning_rate': 0.0002980527210460655, 'batch_size': 32}. Best is trial 1 with value: 0.1384694129228592.
GPU available: True (cuda), used: True
TPU available: False, using: 0 TPU cores
HPU available: False, using: 0 HPUs
LOCAL_RANK: 0 - CUDA_VISIBLE_DEVICES: [0,1,2,3]
SLURM auto-requeueing enabled. Setting signal handlers.
Monitored metric train_loss did not improve in the last 530 records. Best score: 0.073. Signaling Trainer to stop.
GPU available: True (cuda), used: True
TPU available: False, using: 0 TPU cores
HPU available: False, using: 0 HPUs
LOCAL_RANK: 0 - CUDA_VISIBLE_DEVICES: [0,1,2,3]
SLURM auto-requeueing enabled. Setting signal handlers.
[I 2024-11-04 14:46:37,700] Trial 472 finished with value: 0.41368794441223145 and parameters: {'hidden_dim': 439, 'n_layers': 3, 'dropout': 0.05345886665081269, 'input_chunk_length': 76, 'learning_rate': 0.0002834445675867645, 'batch_size': 32}. Best is trial 1 with value: 0.1384694129228592.
GPU available: True (cuda), used: True
TPU available: False, using: 0 TPU cores
HPU available: False, using: 0 HPUs
LOCAL_RANK: 0 - CUDA_VISIBLE_DEVICES: [0,1,2,3]
SLURM auto-requeueing enabled. Setting signal handlers.
Monitored metric train_loss did not improve in the last 531 records. Best score: 0.073. Signaling Trainer to stop.
GPU available: True (cuda), used: True
TPU available: False, using: 0 TPU cores
HPU available: False, using: 0 HPUs
LOCAL_RANK: 0 - CUDA_VISIBLE_DEVICES: [0,1,2,3]
SLURM auto-requeueing enabled. Setting signal handlers.
[I 2024-11-04 14:46:56,819] Trial 473 finished with value: 0.3022661507129669 and parameters: {'hidden_dim': 144, 'n_layers': 3, 'dropout': 0.04098285749684427, 'input_chunk_length': 142, 'learning_rate': 0.00024359256888428053, 'batch_size': 32}. Best is trial 1 with value: 0.1384694129228592.
GPU available: True (cuda), used: True
TPU available: False, using: 0 TPU cores
HPU available: False, using: 0 HPUs
LOCAL_RANK: 0 - CUDA_VISIBLE_DEVICES: [0,1,2,3]
SLURM auto-requeueing enabled. Setting signal handlers.
Monitored metric train_loss did not improve in the last 532 records. Best score: 0.073. Signaling Trainer to stop.
GPU available: True (cuda), used: True
TPU available: False, using: 0 TPU cores
HPU available: False, using: 0 HPUs
LOCAL_RANK: 0 - CUDA_VISIBLE_DEVICES: [0,1,2,3]
SLURM auto-requeueing enabled. Setting signal handlers.
[I 2024-11-04 14:47:17,952] Trial 474 finished with value: 0.3410172164440155 and parameters: {'hidden_dim': 167, 'n_layers': 3, 'dropout': 0.022785315314821142, 'input_chunk_length': 141, 'learning_rate': 0.0002210434574434976, 'batch_size': 32}. Best is trial 1 with value: 0.1384694129228592.
GPU available: True (cuda), used: True
TPU available: False, using: 0 TPU cores
HPU available: False, using: 0 HPUs
LOCAL_RANK: 0 - CUDA_VISIBLE_DEVICES: [0,1,2,3]
SLURM auto-requeueing enabled. Setting signal handlers.
Monitored metric train_loss did not improve in the last 533 records. Best score: 0.073. Signaling Trainer to stop.
GPU available: True (cuda), used: True
TPU available: False, using: 0 TPU cores
HPU available: False, using: 0 HPUs
LOCAL_RANK: 0 - CUDA_VISIBLE_DEVICES: [0,1,2,3]
SLURM auto-requeueing enabled. Setting signal handlers.
[I 2024-11-04 14:47:37,070] Trial 475 finished with value: 0.31294628977775574 and parameters: {'hidden_dim': 152, 'n_layers': 3, 'dropout': 0.04995284530870134, 'input_chunk_length': 135, 'learning_rate': 0.000250054547355642, 'batch_size': 32}. Best is trial 1 with value: 0.1384694129228592.
GPU available: True (cuda), used: True
TPU available: False, using: 0 TPU cores
HPU available: False, using: 0 HPUs
LOCAL_RANK: 0 - CUDA_VISIBLE_DEVICES: [0,1,2,3]
SLURM auto-requeueing enabled. Setting signal handlers.
Monitored metric train_loss did not improve in the last 534 records. Best score: 0.073. Signaling Trainer to stop.
GPU available: True (cuda), used: True
TPU available: False, using: 0 TPU cores
HPU available: False, using: 0 HPUs
LOCAL_RANK: 0 - CUDA_VISIBLE_DEVICES: [0,1,2,3]
SLURM auto-requeueing enabled. Setting signal handlers.
[I 2024-11-04 14:48:03,180] Trial 476 finished with value: 0.4670712649822235 and parameters: {'hidden_dim': 475, 'n_layers': 3, 'dropout': 0.03640005779816448, 'input_chunk_length': 142, 'learning_rate': 0.00021216567833299765, 'batch_size': 32}. Best is trial 1 with value: 0.1384694129228592.
GPU available: True (cuda), used: True
TPU available: False, using: 0 TPU cores
HPU available: False, using: 0 HPUs
LOCAL_RANK: 0 - CUDA_VISIBLE_DEVICES: [0,1,2,3]
SLURM auto-requeueing enabled. Setting signal handlers.
Monitored metric train_loss did not improve in the last 535 records. Best score: 0.073. Signaling Trainer to stop.
GPU available: True (cuda), used: True
TPU available: False, using: 0 TPU cores
HPU available: False, using: 0 HPUs
LOCAL_RANK: 0 - CUDA_VISIBLE_DEVICES: [0,1,2,3]
SLURM auto-requeueing enabled. Setting signal handlers.
[I 2024-11-04 14:48:22,518] Trial 477 finished with value: 0.39696836471557617 and parameters: {'hidden_dim': 147, 'n_layers': 3, 'dropout': 0.03603213687820382, 'input_chunk_length': 144, 'learning_rate': 0.0009031094349859544, 'batch_size': 64}. Best is trial 1 with value: 0.1384694129228592.
GPU available: True (cuda), used: True
TPU available: False, using: 0 TPU cores
HPU available: False, using: 0 HPUs
LOCAL_RANK: 0 - CUDA_VISIBLE_DEVICES: [0,1,2,3]
SLURM auto-requeueing enabled. Setting signal handlers.
Monitored metric train_loss did not improve in the last 536 records. Best score: 0.073. Signaling Trainer to stop.
GPU available: True (cuda), used: True
TPU available: False, using: 0 TPU cores
HPU available: False, using: 0 HPUs
LOCAL_RANK: 0 - CUDA_VISIBLE_DEVICES: [0,1,2,3]
SLURM auto-requeueing enabled. Setting signal handlers.
[I 2024-11-04 14:48:43,737] Trial 478 finished with value: 0.293041467666626 and parameters: {'hidden_dim': 162, 'n_layers': 3, 'dropout': 0.02620028107703988, 'input_chunk_length': 147, 'learning_rate': 0.00025205291778693234, 'batch_size': 32}. Best is trial 1 with value: 0.1384694129228592.
GPU available: True (cuda), used: True
TPU available: False, using: 0 TPU cores
HPU available: False, using: 0 HPUs
LOCAL_RANK: 0 - CUDA_VISIBLE_DEVICES: [0,1,2,3]
SLURM auto-requeueing enabled. Setting signal handlers.
Monitored metric train_loss did not improve in the last 537 records. Best score: 0.073. Signaling Trainer to stop.
GPU available: True (cuda), used: True
TPU available: False, using: 0 TPU cores
HPU available: False, using: 0 HPUs
LOCAL_RANK: 0 - CUDA_VISIBLE_DEVICES: [0,1,2,3]
SLURM auto-requeueing enabled. Setting signal handlers.
[I 2024-11-04 14:49:05,016] Trial 479 finished with value: 0.3267778158187866 and parameters: {'hidden_dim': 163, 'n_layers': 3, 'dropout': 0.01728543448636639, 'input_chunk_length': 149, 'learning_rate': 0.0002505392626632166, 'batch_size': 32}. Best is trial 1 with value: 0.1384694129228592.
GPU available: True (cuda), used: True
TPU available: False, using: 0 TPU cores
HPU available: False, using: 0 HPUs
LOCAL_RANK: 0 - CUDA_VISIBLE_DEVICES: [0,1,2,3]
SLURM auto-requeueing enabled. Setting signal handlers.
Monitored metric train_loss did not improve in the last 538 records. Best score: 0.073. Signaling Trainer to stop.
GPU available: True (cuda), used: True
TPU available: False, using: 0 TPU cores
HPU available: False, using: 0 HPUs
LOCAL_RANK: 0 - CUDA_VISIBLE_DEVICES: [0,1,2,3]
SLURM auto-requeueing enabled. Setting signal handlers.
[I 2024-11-04 14:49:27,238] Trial 480 finished with value: 0.31731948256492615 and parameters: {'hidden_dim': 185, 'n_layers': 3, 'dropout': 0.005630936529441757, 'input_chunk_length': 146, 'learning_rate': 0.0001911591651066151, 'batch_size': 32}. Best is trial 1 with value: 0.1384694129228592.
GPU available: True (cuda), used: True
TPU available: False, using: 0 TPU cores
HPU available: False, using: 0 HPUs
LOCAL_RANK: 0 - CUDA_VISIBLE_DEVICES: [0,1,2,3]
SLURM auto-requeueing enabled. Setting signal handlers.
Monitored metric train_loss did not improve in the last 539 records. Best score: 0.073. Signaling Trainer to stop.
GPU available: True (cuda), used: True
TPU available: False, using: 0 TPU cores
HPU available: False, using: 0 HPUs
LOCAL_RANK: 0 - CUDA_VISIBLE_DEVICES: [0,1,2,3]
SLURM auto-requeueing enabled. Setting signal handlers.
[I 2024-11-04 14:49:48,689] Trial 481 finished with value: 0.37782174348831177 and parameters: {'hidden_dim': 180, 'n_layers': 3, 'dropout': 0.02663337956088905, 'input_chunk_length': 147, 'learning_rate': 0.0002273638257712, 'batch_size': 32}. Best is trial 1 with value: 0.1384694129228592.
GPU available: True (cuda), used: True
TPU available: False, using: 0 TPU cores
HPU available: False, using: 0 HPUs
LOCAL_RANK: 0 - CUDA_VISIBLE_DEVICES: [0,1,2,3]
SLURM auto-requeueing enabled. Setting signal handlers.
Monitored metric train_loss did not improve in the last 540 records. Best score: 0.073. Signaling Trainer to stop.
GPU available: True (cuda), used: True
TPU available: False, using: 0 TPU cores
HPU available: False, using: 0 HPUs
LOCAL_RANK: 0 - CUDA_VISIBLE_DEVICES: [0,1,2,3]
SLURM auto-requeueing enabled. Setting signal handlers.
[I 2024-11-04 14:50:10,076] Trial 482 finished with value: 0.3150956332683563 and parameters: {'hidden_dim': 170, 'n_layers': 3, 'dropout': 0.015891982075630917, 'input_chunk_length': 148, 'learning_rate': 0.00025729513567086267, 'batch_size': 32}. Best is trial 1 with value: 0.1384694129228592.
GPU available: True (cuda), used: True
TPU available: False, using: 0 TPU cores
HPU available: False, using: 0 HPUs
LOCAL_RANK: 0 - CUDA_VISIBLE_DEVICES: [0,1,2,3]
SLURM auto-requeueing enabled. Setting signal handlers.
Monitored metric train_loss did not improve in the last 541 records. Best score: 0.073. Signaling Trainer to stop.
GPU available: True (cuda), used: True
TPU available: False, using: 0 TPU cores
HPU available: False, using: 0 HPUs
LOCAL_RANK: 0 - CUDA_VISIBLE_DEVICES: [0,1,2,3]
SLURM auto-requeueing enabled. Setting signal handlers.
[I 2024-11-04 14:50:29,987] Trial 483 finished with value: 0.3370494544506073 and parameters: {'hidden_dim': 159, 'n_layers': 3, 'dropout': 0.04561404585862393, 'input_chunk_length': 145, 'learning_rate': 0.00019722351859509032, 'batch_size': 32}. Best is trial 1 with value: 0.1384694129228592.
GPU available: True (cuda), used: True
TPU available: False, using: 0 TPU cores
HPU available: False, using: 0 HPUs
LOCAL_RANK: 0 - CUDA_VISIBLE_DEVICES: [0,1,2,3]
SLURM auto-requeueing enabled. Setting signal handlers.
Monitored metric train_loss did not improve in the last 542 records. Best score: 0.073. Signaling Trainer to stop.
GPU available: True (cuda), used: True
TPU available: False, using: 0 TPU cores
HPU available: False, using: 0 HPUs
LOCAL_RANK: 0 - CUDA_VISIBLE_DEVICES: [0,1,2,3]
SLURM auto-requeueing enabled. Setting signal handlers.
[I 2024-11-04 14:50:51,654] Trial 484 finished with value: 0.371940553188324 and parameters: {'hidden_dim': 172, 'n_layers': 3, 'dropout': 0.031906158769466966, 'input_chunk_length': 150, 'learning_rate': 6.847683683620543e-05, 'batch_size': 32}. Best is trial 1 with value: 0.1384694129228592.
GPU available: True (cuda), used: True
TPU available: False, using: 0 TPU cores
HPU available: False, using: 0 HPUs
LOCAL_RANK: 0 - CUDA_VISIBLE_DEVICES: [0,1,2,3]
SLURM auto-requeueing enabled. Setting signal handlers.
Monitored metric train_loss did not improve in the last 543 records. Best score: 0.073. Signaling Trainer to stop.
GPU available: True (cuda), used: True
TPU available: False, using: 0 TPU cores
HPU available: False, using: 0 HPUs
LOCAL_RANK: 0 - CUDA_VISIBLE_DEVICES: [0,1,2,3]
SLURM auto-requeueing enabled. Setting signal handlers.
[I 2024-11-04 14:51:10,291] Trial 485 finished with value: 0.31541845202445984 and parameters: {'hidden_dim': 140, 'n_layers': 3, 'dropout': 0.04218925935338165, 'input_chunk_length': 139, 'learning_rate': 0.0002242104716115402, 'batch_size': 32}. Best is trial 1 with value: 0.1384694129228592.
GPU available: True (cuda), used: True
TPU available: False, using: 0 TPU cores
HPU available: False, using: 0 HPUs
LOCAL_RANK: 0 - CUDA_VISIBLE_DEVICES: [0,1,2,3]
SLURM auto-requeueing enabled. Setting signal handlers.
Monitored metric train_loss did not improve in the last 544 records. Best score: 0.073. Signaling Trainer to stop.
GPU available: True (cuda), used: True
TPU available: False, using: 0 TPU cores
HPU available: False, using: 0 HPUs
LOCAL_RANK: 0 - CUDA_VISIBLE_DEVICES: [0,1,2,3]
SLURM auto-requeueing enabled. Setting signal handlers.
[I 2024-11-04 14:51:31,380] Trial 486 finished with value: 0.3170386552810669 and parameters: {'hidden_dim': 198, 'n_layers': 3, 'dropout': 0.023457044727952975, 'input_chunk_length': 144, 'learning_rate': 0.00027650486524030145, 'batch_size': 32}. Best is trial 1 with value: 0.1384694129228592.
GPU available: True (cuda), used: True
TPU available: False, using: 0 TPU cores
HPU available: False, using: 0 HPUs
LOCAL_RANK: 0 - CUDA_VISIBLE_DEVICES: [0,1,2,3]
SLURM auto-requeueing enabled. Setting signal handlers.
Monitored metric train_loss did not improve in the last 545 records. Best score: 0.073. Signaling Trainer to stop.
GPU available: True (cuda), used: True
TPU available: False, using: 0 TPU cores
HPU available: False, using: 0 HPUs
LOCAL_RANK: 0 - CUDA_VISIBLE_DEVICES: [0,1,2,3]
SLURM auto-requeueing enabled. Setting signal handlers.
[I 2024-11-04 14:51:56,973] Trial 487 finished with value: 0.36110827326774597 and parameters: {'hidden_dim': 451, 'n_layers': 3, 'dropout': 0.0379911871220037, 'input_chunk_length': 147, 'learning_rate': 0.00020217102756011978, 'batch_size': 32}. Best is trial 1 with value: 0.1384694129228592.
GPU available: True (cuda), used: True
TPU available: False, using: 0 TPU cores
HPU available: False, using: 0 HPUs
LOCAL_RANK: 0 - CUDA_VISIBLE_DEVICES: [0,1,2,3]
SLURM auto-requeueing enabled. Setting signal handlers.
Monitored metric train_loss did not improve in the last 546 records. Best score: 0.073. Signaling Trainer to stop.
GPU available: True (cuda), used: True
TPU available: False, using: 0 TPU cores
HPU available: False, using: 0 HPUs
LOCAL_RANK: 0 - CUDA_VISIBLE_DEVICES: [0,1,2,3]
SLURM auto-requeueing enabled. Setting signal handlers.
[I 2024-11-04 14:52:14,761] Trial 488 finished with value: 0.3900311589241028 and parameters: {'hidden_dim': 459, 'n_layers': 3, 'dropout': 0.01598512488666129, 'input_chunk_length': 42, 'learning_rate': 0.0002393204321380399, 'batch_size': 64}. Best is trial 1 with value: 0.1384694129228592.
GPU available: True (cuda), used: True
TPU available: False, using: 0 TPU cores
HPU available: False, using: 0 HPUs
LOCAL_RANK: 0 - CUDA_VISIBLE_DEVICES: [0,1,2,3]
SLURM auto-requeueing enabled. Setting signal handlers.
Monitored metric train_loss did not improve in the last 547 records. Best score: 0.073. Signaling Trainer to stop.
GPU available: True (cuda), used: True
TPU available: False, using: 0 TPU cores
HPU available: False, using: 0 HPUs
LOCAL_RANK: 0 - CUDA_VISIBLE_DEVICES: [0,1,2,3]
SLURM auto-requeueing enabled. Setting signal handlers.
[I 2024-11-04 14:52:39,818] Trial 489 finished with value: 0.4484807550907135 and parameters: {'hidden_dim': 502, 'n_layers': 3, 'dropout': 0.06058374774105606, 'input_chunk_length': 130, 'learning_rate': 0.0013487609169556929, 'batch_size': 32}. Best is trial 1 with value: 0.1384694129228592.
GPU available: True (cuda), used: True
TPU available: False, using: 0 TPU cores
HPU available: False, using: 0 HPUs
LOCAL_RANK: 0 - CUDA_VISIBLE_DEVICES: [0,1,2,3]
SLURM auto-requeueing enabled. Setting signal handlers.
Monitored metric train_loss did not improve in the last 548 records. Best score: 0.073. Signaling Trainer to stop.
GPU available: True (cuda), used: True
TPU available: False, using: 0 TPU cores
HPU available: False, using: 0 HPUs
LOCAL_RANK: 0 - CUDA_VISIBLE_DEVICES: [0,1,2,3]
SLURM auto-requeueing enabled. Setting signal handlers.
[I 2024-11-04 14:52:56,258] Trial 490 finished with value: 0.31885311007499695 and parameters: {'hidden_dim': 161, 'n_layers': 3, 'dropout': 0.04616266448847447, 'input_chunk_length': 35, 'learning_rate': 0.00030776093236849715, 'batch_size': 32}. Best is trial 1 with value: 0.1384694129228592.
GPU available: True (cuda), used: True
TPU available: False, using: 0 TPU cores
HPU available: False, using: 0 HPUs
LOCAL_RANK: 0 - CUDA_VISIBLE_DEVICES: [0,1,2,3]
SLURM auto-requeueing enabled. Setting signal handlers.
Monitored metric train_loss did not improve in the last 549 records. Best score: 0.073. Signaling Trainer to stop.
GPU available: True (cuda), used: True
TPU available: False, using: 0 TPU cores
HPU available: False, using: 0 HPUs
LOCAL_RANK: 0 - CUDA_VISIBLE_DEVICES: [0,1,2,3]
SLURM auto-requeueing enabled. Setting signal handlers.
[I 2024-11-04 14:53:15,208] Trial 491 finished with value: 0.3374612331390381 and parameters: {'hidden_dim': 148, 'n_layers': 3, 'dropout': 0.21023633234027453, 'input_chunk_length': 137, 'learning_rate': 0.0002617771247723702, 'batch_size': 32}. Best is trial 1 with value: 0.1384694129228592.
GPU available: True (cuda), used: True
TPU available: False, using: 0 TPU cores
HPU available: False, using: 0 HPUs
LOCAL_RANK: 0 - CUDA_VISIBLE_DEVICES: [0,1,2,3]
SLURM auto-requeueing enabled. Setting signal handlers.
Monitored metric train_loss did not improve in the last 550 records. Best score: 0.073. Signaling Trainer to stop.
GPU available: True (cuda), used: True
TPU available: False, using: 0 TPU cores
HPU available: False, using: 0 HPUs
LOCAL_RANK: 0 - CUDA_VISIBLE_DEVICES: [0,1,2,3]
SLURM auto-requeueing enabled. Setting signal handlers.
[I 2024-11-04 14:53:33,650] Trial 492 finished with value: 0.3242938816547394 and parameters: {'hidden_dim': 143, 'n_layers': 2, 'dropout': 0.07237004671477178, 'input_chunk_length': 143, 'learning_rate': 0.0006492323545904033, 'batch_size': 32}. Best is trial 1 with value: 0.1384694129228592.
GPU available: True (cuda), used: True
TPU available: False, using: 0 TPU cores
HPU available: False, using: 0 HPUs
LOCAL_RANK: 0 - CUDA_VISIBLE_DEVICES: [0,1,2,3]
SLURM auto-requeueing enabled. Setting signal handlers.
Monitored metric train_loss did not improve in the last 551 records. Best score: 0.073. Signaling Trainer to stop.
GPU available: True (cuda), used: True
TPU available: False, using: 0 TPU cores
HPU available: False, using: 0 HPUs
LOCAL_RANK: 0 - CUDA_VISIBLE_DEVICES: [0,1,2,3]
SLURM auto-requeueing enabled. Setting signal handlers.
[I 2024-11-04 14:53:53,371] Trial 493 finished with value: 0.4137714207172394 and parameters: {'hidden_dim': 158, 'n_layers': 3, 'dropout': 0.2557750880105382, 'input_chunk_length': 139, 'learning_rate': 0.00020528045141711334, 'batch_size': 32}. Best is trial 1 with value: 0.1384694129228592.
GPU available: True (cuda), used: True
TPU available: False, using: 0 TPU cores
HPU available: False, using: 0 HPUs
LOCAL_RANK: 0 - CUDA_VISIBLE_DEVICES: [0,1,2,3]
SLURM auto-requeueing enabled. Setting signal handlers.
Monitored metric train_loss did not improve in the last 552 records. Best score: 0.073. Signaling Trainer to stop.
GPU available: True (cuda), used: True
TPU available: False, using: 0 TPU cores
HPU available: False, using: 0 HPUs
LOCAL_RANK: 0 - CUDA_VISIBLE_DEVICES: [0,1,2,3]
SLURM auto-requeueing enabled. Setting signal handlers.
[I 2024-11-04 14:54:19,987] Trial 494 finished with value: 0.412269651889801 and parameters: {'hidden_dim': 485, 'n_layers': 3, 'dropout': 0.056111349604236374, 'input_chunk_length': 148, 'learning_rate': 0.0002312457905476536, 'batch_size': 32}. Best is trial 1 with value: 0.1384694129228592.
GPU available: True (cuda), used: True
TPU available: False, using: 0 TPU cores
HPU available: False, using: 0 HPUs
LOCAL_RANK: 0 - CUDA_VISIBLE_DEVICES: [0,1,2,3]
SLURM auto-requeueing enabled. Setting signal handlers.
Monitored metric train_loss did not improve in the last 553 records. Best score: 0.073. Signaling Trainer to stop.
GPU available: True (cuda), used: True
TPU available: False, using: 0 TPU cores
HPU available: False, using: 0 HPUs
LOCAL_RANK: 0 - CUDA_VISIBLE_DEVICES: [0,1,2,3]
SLURM auto-requeueing enabled. Setting signal handlers.
