[I 2024-11-01 16:44:16,600] Trial 201 finished with value: 0.2951681911945343 and parameters: {'hidden_dim': 181, 'n_layers': 3, 'dropout': 0.2690377603412788, 'input_chunk_length': 8, 'learning_rate': 0.0012594474463269523, 'batch_size': 32}. Best is trial 0 with value: 0.08160930126905441.
GPU available: False, used: False
TPU available: False, using: 0 TPU cores
HPU available: False, using: 0 HPUs
SLURM auto-requeueing enabled. Setting signal handlers.
Monitored metric train_loss did not improve in the last 231 records. Best score: 0.038. Signaling Trainer to stop.
GPU available: False, used: False
TPU available: False, using: 0 TPU cores
HPU available: False, using: 0 HPUs
SLURM auto-requeueing enabled. Setting signal handlers.
[I 2024-11-01 16:44:48,669] Trial 202 finished with value: 0.17180855572223663 and parameters: {'hidden_dim': 185, 'n_layers': 3, 'dropout': 0.2934587415729047, 'input_chunk_length': 7, 'learning_rate': 0.0014399905764688884, 'batch_size': 32}. Best is trial 0 with value: 0.08160930126905441.
GPU available: False, used: False
TPU available: False, using: 0 TPU cores
HPU available: False, using: 0 HPUs
SLURM auto-requeueing enabled. Setting signal handlers.
Monitored metric train_loss did not improve in the last 232 records. Best score: 0.038. Signaling Trainer to stop.
GPU available: False, used: False
TPU available: False, using: 0 TPU cores
HPU available: False, using: 0 HPUs
SLURM auto-requeueing enabled. Setting signal handlers.
[I 2024-11-01 16:45:19,522] Trial 203 finished with value: 0.19522511959075928 and parameters: {'hidden_dim': 185, 'n_layers': 3, 'dropout': 0.28861753401841544, 'input_chunk_length': 5, 'learning_rate': 0.002894580440272102, 'batch_size': 32}. Best is trial 0 with value: 0.08160930126905441.
GPU available: False, used: False
TPU available: False, using: 0 TPU cores
HPU available: False, using: 0 HPUs
SLURM auto-requeueing enabled. Setting signal handlers.
Monitored metric train_loss did not improve in the last 233 records. Best score: 0.038. Signaling Trainer to stop.
GPU available: False, used: False
TPU available: False, using: 0 TPU cores
HPU available: False, using: 0 HPUs
SLURM auto-requeueing enabled. Setting signal handlers.
[I 2024-11-01 16:45:52,425] Trial 204 finished with value: 0.2491525411605835 and parameters: {'hidden_dim': 177, 'n_layers': 3, 'dropout': 0.31889596246885343, 'input_chunk_length': 7, 'learning_rate': 0.0015030032016819972, 'batch_size': 32}. Best is trial 0 with value: 0.08160930126905441.
GPU available: False, used: False
TPU available: False, using: 0 TPU cores
HPU available: False, using: 0 HPUs
SLURM auto-requeueing enabled. Setting signal handlers.
Monitored metric train_loss did not improve in the last 234 records. Best score: 0.038. Signaling Trainer to stop.
GPU available: False, used: False
TPU available: False, using: 0 TPU cores
HPU available: False, using: 0 HPUs
SLURM auto-requeueing enabled. Setting signal handlers.
[I 2024-11-01 16:46:33,465] Trial 205 finished with value: 0.20586468279361725 and parameters: {'hidden_dim': 187, 'n_layers': 3, 'dropout': 0.29533363566619236, 'input_chunk_length': 13, 'learning_rate': 0.0017561380766876143, 'batch_size': 32}. Best is trial 0 with value: 0.08160930126905441.
GPU available: False, used: False
TPU available: False, using: 0 TPU cores
HPU available: False, using: 0 HPUs
SLURM auto-requeueing enabled. Setting signal handlers.
Monitored metric train_loss did not improve in the last 235 records. Best score: 0.038. Signaling Trainer to stop.
GPU available: False, used: False
TPU available: False, using: 0 TPU cores
HPU available: False, using: 0 HPUs
SLURM auto-requeueing enabled. Setting signal handlers.
[I 2024-11-01 16:47:00,952] Trial 206 finished with value: 0.30778518319129944 and parameters: {'hidden_dim': 182, 'n_layers': 3, 'dropout': 0.4445910468872531, 'input_chunk_length': 2, 'learning_rate': 0.0010923037714440568, 'batch_size': 32}. Best is trial 0 with value: 0.08160930126905441.
GPU available: False, used: False
TPU available: False, using: 0 TPU cores
HPU available: False, using: 0 HPUs
SLURM auto-requeueing enabled. Setting signal handlers.
Monitored metric train_loss did not improve in the last 236 records. Best score: 0.038. Signaling Trainer to stop.
GPU available: False, used: False
TPU available: False, using: 0 TPU cores
HPU available: False, using: 0 HPUs
SLURM auto-requeueing enabled. Setting signal handlers.
[I 2024-11-01 16:47:38,461] Trial 207 finished with value: 0.29639795422554016 and parameters: {'hidden_dim': 190, 'n_layers': 3, 'dropout': 0.30266666353134436, 'input_chunk_length': 10, 'learning_rate': 0.0024291350626486786, 'batch_size': 32}. Best is trial 0 with value: 0.08160930126905441.
GPU available: False, used: False
TPU available: False, using: 0 TPU cores
HPU available: False, using: 0 HPUs
SLURM auto-requeueing enabled. Setting signal handlers.
Monitored metric train_loss did not improve in the last 237 records. Best score: 0.038. Signaling Trainer to stop.
GPU available: False, used: False
TPU available: False, using: 0 TPU cores
HPU available: False, using: 0 HPUs
SLURM auto-requeueing enabled. Setting signal handlers.
[I 2024-11-01 16:48:23,430] Trial 208 finished with value: 0.1717175394296646 and parameters: {'hidden_dim': 197, 'n_layers': 3, 'dropout': 0.2819599165259598, 'input_chunk_length': 16, 'learning_rate': 0.0003157071334432123, 'batch_size': 32}. Best is trial 0 with value: 0.08160930126905441.
GPU available: False, used: False
TPU available: False, using: 0 TPU cores
HPU available: False, using: 0 HPUs
SLURM auto-requeueing enabled. Setting signal handlers.
Monitored metric train_loss did not improve in the last 238 records. Best score: 0.038. Signaling Trainer to stop.
GPU available: False, used: False
TPU available: False, using: 0 TPU cores
HPU available: False, using: 0 HPUs
SLURM auto-requeueing enabled. Setting signal handlers.
[I 2024-11-01 16:49:11,635] Trial 209 finished with value: 0.2931657135486603 and parameters: {'hidden_dim': 199, 'n_layers': 4, 'dropout': 0.28365249009551224, 'input_chunk_length': 16, 'learning_rate': 0.0003298696412788937, 'batch_size': 32}. Best is trial 0 with value: 0.08160930126905441.
GPU available: False, used: False
TPU available: False, using: 0 TPU cores
HPU available: False, using: 0 HPUs
SLURM auto-requeueing enabled. Setting signal handlers.
Monitored metric train_loss did not improve in the last 239 records. Best score: 0.038. Signaling Trainer to stop.
GPU available: False, used: False
TPU available: False, using: 0 TPU cores
HPU available: False, using: 0 HPUs
SLURM auto-requeueing enabled. Setting signal handlers.
[I 2024-11-01 16:49:58,779] Trial 210 finished with value: 0.24393941462039948 and parameters: {'hidden_dim': 204, 'n_layers': 3, 'dropout': 0.32973615471673623, 'input_chunk_length': 17, 'learning_rate': 0.000317751399343835, 'batch_size': 32}. Best is trial 0 with value: 0.08160930126905441.
GPU available: False, used: False
TPU available: False, using: 0 TPU cores
HPU available: False, using: 0 HPUs
SLURM auto-requeueing enabled. Setting signal handlers.
Monitored metric train_loss did not improve in the last 240 records. Best score: 0.038. Signaling Trainer to stop.
GPU available: False, used: False
TPU available: False, using: 0 TPU cores
HPU available: False, using: 0 HPUs
SLURM auto-requeueing enabled. Setting signal handlers.
[I 2024-11-01 16:50:30,529] Trial 211 finished with value: 0.2547973692417145 and parameters: {'hidden_dim': 193, 'n_layers': 3, 'dropout': 0.2812777922617117, 'input_chunk_length': 5, 'learning_rate': 0.0001923364983168139, 'batch_size': 32}. Best is trial 0 with value: 0.08160930126905441.
GPU available: False, used: False
TPU available: False, using: 0 TPU cores
HPU available: False, using: 0 HPUs
SLURM auto-requeueing enabled. Setting signal handlers.
Monitored metric train_loss did not improve in the last 241 records. Best score: 0.038. Signaling Trainer to stop.
GPU available: False, used: False
TPU available: False, using: 0 TPU cores
HPU available: False, using: 0 HPUs
SLURM auto-requeueing enabled. Setting signal handlers.
[I 2024-11-01 16:51:19,869] Trial 212 finished with value: 0.2585873305797577 and parameters: {'hidden_dim': 187, 'n_layers': 3, 'dropout': 0.2979929659216174, 'input_chunk_length': 20, 'learning_rate': 0.0002194758709755095, 'batch_size': 32}. Best is trial 0 with value: 0.08160930126905441.
GPU available: False, used: False
TPU available: False, using: 0 TPU cores
HPU available: False, using: 0 HPUs
SLURM auto-requeueing enabled. Setting signal handlers.
Monitored metric train_loss did not improve in the last 242 records. Best score: 0.038. Signaling Trainer to stop.
GPU available: False, used: False
TPU available: False, using: 0 TPU cores
HPU available: False, using: 0 HPUs
SLURM auto-requeueing enabled. Setting signal handlers.
[I 2024-11-01 16:51:55,865] Trial 213 finished with value: 0.21818555891513824 and parameters: {'hidden_dim': 162, 'n_layers': 3, 'dropout': 0.25770377663634014, 'input_chunk_length': 12, 'learning_rate': 0.003824803458337811, 'batch_size': 32}. Best is trial 0 with value: 0.08160930126905441.
GPU available: False, used: False
TPU available: False, using: 0 TPU cores
HPU available: False, using: 0 HPUs
SLURM auto-requeueing enabled. Setting signal handlers.
Monitored metric train_loss did not improve in the last 243 records. Best score: 0.038. Signaling Trainer to stop.
GPU available: False, used: False
TPU available: False, using: 0 TPU cores
HPU available: False, using: 0 HPUs
SLURM auto-requeueing enabled. Setting signal handlers.
[I 2024-11-01 16:52:32,051] Trial 214 finished with value: 0.1908053606748581 and parameters: {'hidden_dim': 196, 'n_layers': 3, 'dropout': 0.3142638322453337, 'input_chunk_length': 9, 'learning_rate': 0.0009333644211225829, 'batch_size': 32}. Best is trial 0 with value: 0.08160930126905441.
GPU available: False, used: False
TPU available: False, using: 0 TPU cores
HPU available: False, using: 0 HPUs
SLURM auto-requeueing enabled. Setting signal handlers.
Monitored metric train_loss did not improve in the last 244 records. Best score: 0.038. Signaling Trainer to stop.
GPU available: False, used: False
TPU available: False, using: 0 TPU cores
HPU available: False, using: 0 HPUs
SLURM auto-requeueing enabled. Setting signal handlers.
[I 2024-11-01 16:53:04,362] Trial 215 finished with value: 0.3073597848415375 and parameters: {'hidden_dim': 182, 'n_layers': 3, 'dropout': 0.4663411645968957, 'input_chunk_length': 6, 'learning_rate': 0.0003789247317156661, 'batch_size': 32}. Best is trial 0 with value: 0.08160930126905441.
GPU available: False, used: False
TPU available: False, using: 0 TPU cores
HPU available: False, using: 0 HPUs
SLURM auto-requeueing enabled. Setting signal handlers.
Monitored metric train_loss did not improve in the last 245 records. Best score: 0.038. Signaling Trainer to stop.
GPU available: False, used: False
TPU available: False, using: 0 TPU cores
HPU available: False, using: 0 HPUs
SLURM auto-requeueing enabled. Setting signal handlers.
[I 2024-11-01 16:53:46,675] Trial 216 finished with value: 0.2737445533275604 and parameters: {'hidden_dim': 191, 'n_layers': 3, 'dropout': 0.2944778850844388, 'input_chunk_length': 14, 'learning_rate': 0.001389924271181203, 'batch_size': 32}. Best is trial 0 with value: 0.08160930126905441.
GPU available: False, used: False
TPU available: False, using: 0 TPU cores
HPU available: False, using: 0 HPUs
SLURM auto-requeueing enabled. Setting signal handlers.
Monitored metric train_loss did not improve in the last 246 records. Best score: 0.038. Signaling Trainer to stop.
GPU available: False, used: False
TPU available: False, using: 0 TPU cores
HPU available: False, using: 0 HPUs
SLURM auto-requeueing enabled. Setting signal handlers.
[I 2024-11-01 16:54:13,560] Trial 217 finished with value: 0.2278817594051361 and parameters: {'hidden_dim': 179, 'n_layers': 1, 'dropout': 0.2758055051094465, 'input_chunk_length': 4, 'learning_rate': 0.00029347888258177346, 'batch_size': 32}. Best is trial 0 with value: 0.08160930126905441.
GPU available: False, used: False
TPU available: False, using: 0 TPU cores
HPU available: False, using: 0 HPUs
SLURM auto-requeueing enabled. Setting signal handlers.
Monitored metric train_loss did not improve in the last 247 records. Best score: 0.038. Signaling Trainer to stop.
GPU available: False, used: False
TPU available: False, using: 0 TPU cores
HPU available: False, using: 0 HPUs
SLURM auto-requeueing enabled. Setting signal handlers.
[I 2024-11-01 16:54:51,478] Trial 218 finished with value: 0.21784663200378418 and parameters: {'hidden_dim': 201, 'n_layers': 4, 'dropout': 0.05502118749273094, 'input_chunk_length': 8, 'learning_rate': 0.00115861132309555, 'batch_size': 32}. Best is trial 0 with value: 0.08160930126905441.
GPU available: False, used: False
TPU available: False, using: 0 TPU cores
HPU available: False, using: 0 HPUs
SLURM auto-requeueing enabled. Setting signal handlers.
Monitored metric train_loss did not improve in the last 248 records. Best score: 0.038. Signaling Trainer to stop.
GPU available: False, used: False
TPU available: False, using: 0 TPU cores
HPU available: False, using: 0 HPUs
SLURM auto-requeueing enabled. Setting signal handlers.
[I 2024-11-01 16:55:28,148] Trial 219 finished with value: 0.20524749159812927 and parameters: {'hidden_dim': 147, 'n_layers': 5, 'dropout': 0.44995864288307025, 'input_chunk_length': 12, 'learning_rate': 0.001024334784809497, 'batch_size': 32}. Best is trial 0 with value: 0.08160930126905441.
GPU available: False, used: False
TPU available: False, using: 0 TPU cores
HPU available: False, using: 0 HPUs
SLURM auto-requeueing enabled. Setting signal handlers.
Monitored metric train_loss did not improve in the last 249 records. Best score: 0.038. Signaling Trainer to stop.
GPU available: False, used: False
TPU available: False, using: 0 TPU cores
HPU available: False, using: 0 HPUs
SLURM auto-requeueing enabled. Setting signal handlers.
[I 2024-11-01 16:56:18,505] Trial 220 finished with value: 0.1508614420890808 and parameters: {'hidden_dim': 174, 'n_layers': 3, 'dropout': 0.3054799104687461, 'input_chunk_length': 24, 'learning_rate': 0.0019293068192054454, 'batch_size': 32}. Best is trial 0 with value: 0.08160930126905441.
GPU available: False, used: False
TPU available: False, using: 0 TPU cores
HPU available: False, using: 0 HPUs
SLURM auto-requeueing enabled. Setting signal handlers.
Monitored metric train_loss did not improve in the last 250 records. Best score: 0.038. Signaling Trainer to stop.
GPU available: False, used: False
TPU available: False, using: 0 TPU cores
HPU available: False, using: 0 HPUs
SLURM auto-requeueing enabled. Setting signal handlers.
[I 2024-11-01 16:57:20,386] Trial 221 finished with value: 0.2764495611190796 and parameters: {'hidden_dim': 186, 'n_layers': 3, 'dropout': 0.30369044063691686, 'input_chunk_length': 31, 'learning_rate': 0.001964651009962879, 'batch_size': 32}. Best is trial 0 with value: 0.08160930126905441.
GPU available: False, used: False
TPU available: False, using: 0 TPU cores
HPU available: False, using: 0 HPUs
SLURM auto-requeueing enabled. Setting signal handlers.
Monitored metric train_loss did not improve in the last 251 records. Best score: 0.038. Signaling Trainer to stop.
GPU available: False, used: False
TPU available: False, using: 0 TPU cores
HPU available: False, using: 0 HPUs
SLURM auto-requeueing enabled. Setting signal handlers.
[I 2024-11-01 16:58:11,014] Trial 222 finished with value: 0.27678364515304565 and parameters: {'hidden_dim': 183, 'n_layers': 3, 'dropout': 0.2882051576454345, 'input_chunk_length': 18, 'learning_rate': 0.0015256677614955653, 'batch_size': 32}. Best is trial 0 with value: 0.08160930126905441.
GPU available: False, used: False
TPU available: False, using: 0 TPU cores
HPU available: False, using: 0 HPUs
SLURM auto-requeueing enabled. Setting signal handlers.
Monitored metric train_loss did not improve in the last 252 records. Best score: 0.038. Signaling Trainer to stop.
GPU available: False, used: False
TPU available: False, using: 0 TPU cores
HPU available: False, using: 0 HPUs
SLURM auto-requeueing enabled. Setting signal handlers.
[I 2024-11-01 16:58:47,229] Trial 223 finished with value: 0.3319568336009979 and parameters: {'hidden_dim': 176, 'n_layers': 3, 'dropout': 0.3055004605015015, 'input_chunk_length': 10, 'learning_rate': 0.009798906080009065, 'batch_size': 32}. Best is trial 0 with value: 0.08160930126905441.
GPU available: False, used: False
TPU available: False, using: 0 TPU cores
HPU available: False, using: 0 HPUs
SLURM auto-requeueing enabled. Setting signal handlers.
Monitored metric train_loss did not improve in the last 253 records. Best score: 0.038. Signaling Trainer to stop.
GPU available: False, used: False
TPU available: False, using: 0 TPU cores
HPU available: False, using: 0 HPUs
SLURM auto-requeueing enabled. Setting signal handlers.
[I 2024-11-01 16:59:37,628] Trial 224 finished with value: 0.28555411100387573 and parameters: {'hidden_dim': 172, 'n_layers': 3, 'dropout': 0.28555732733158534, 'input_chunk_length': 25, 'learning_rate': 0.0013162051985636178, 'batch_size': 32}. Best is trial 0 with value: 0.08160930126905441.
GPU available: False, used: False
TPU available: False, using: 0 TPU cores
HPU available: False, using: 0 HPUs
SLURM auto-requeueing enabled. Setting signal handlers.
Monitored metric train_loss did not improve in the last 254 records. Best score: 0.038. Signaling Trainer to stop.
GPU available: False, used: False
TPU available: False, using: 0 TPU cores
HPU available: False, using: 0 HPUs
SLURM auto-requeueing enabled. Setting signal handlers.
[I 2024-11-01 17:00:22,098] Trial 225 finished with value: 0.17444400489330292 and parameters: {'hidden_dim': 157, 'n_layers': 3, 'dropout': 0.4341334149959318, 'input_chunk_length': 21, 'learning_rate': 0.0017111718429942062, 'batch_size': 32}. Best is trial 0 with value: 0.08160930126905441.
GPU available: False, used: False
TPU available: False, using: 0 TPU cores
HPU available: False, using: 0 HPUs
SLURM auto-requeueing enabled. Setting signal handlers.
Monitored metric train_loss did not improve in the last 255 records. Best score: 0.038. Signaling Trainer to stop.
GPU available: False, used: False
TPU available: False, using: 0 TPU cores
HPU available: False, using: 0 HPUs
SLURM auto-requeueing enabled. Setting signal handlers.
[I 2024-11-01 17:01:05,683] Trial 226 finished with value: 0.2773829996585846 and parameters: {'hidden_dim': 158, 'n_layers': 1, 'dropout': 0.4419574726524389, 'input_chunk_length': 24, 'learning_rate': 0.0017649447890705809, 'batch_size': 32}. Best is trial 0 with value: 0.08160930126905441.
GPU available: False, used: False
TPU available: False, using: 0 TPU cores
HPU available: False, using: 0 HPUs
SLURM auto-requeueing enabled. Setting signal handlers.
Monitored metric train_loss did not improve in the last 256 records. Best score: 0.038. Signaling Trainer to stop.
GPU available: False, used: False
TPU available: False, using: 0 TPU cores
HPU available: False, using: 0 HPUs
SLURM auto-requeueing enabled. Setting signal handlers.
[I 2024-11-01 17:01:55,317] Trial 227 finished with value: 0.3201737105846405 and parameters: {'hidden_dim': 151, 'n_layers': 6, 'dropout': 0.43577239656391875, 'input_chunk_length': 22, 'learning_rate': 0.002017832221963088, 'batch_size': 32}. Best is trial 0 with value: 0.08160930126905441.
GPU available: False, used: False
TPU available: False, using: 0 TPU cores
HPU available: False, using: 0 HPUs
SLURM auto-requeueing enabled. Setting signal handlers.
Monitored metric train_loss did not improve in the last 257 records. Best score: 0.038. Signaling Trainer to stop.
GPU available: False, used: False
TPU available: False, using: 0 TPU cores
HPU available: False, using: 0 HPUs
SLURM auto-requeueing enabled. Setting signal handlers.
[I 2024-11-01 17:02:35,188] Trial 228 finished with value: 0.21232543885707855 and parameters: {'hidden_dim': 141, 'n_layers': 3, 'dropout': 0.41897959531567847, 'input_chunk_length': 20, 'learning_rate': 0.0024055456044338583, 'batch_size': 32}. Best is trial 0 with value: 0.08160930126905441.
GPU available: False, used: False
TPU available: False, using: 0 TPU cores
HPU available: False, using: 0 HPUs
SLURM auto-requeueing enabled. Setting signal handlers.
Monitored metric train_loss did not improve in the last 258 records. Best score: 0.038. Signaling Trainer to stop.
GPU available: False, used: False
TPU available: False, using: 0 TPU cores
HPU available: False, using: 0 HPUs
SLURM auto-requeueing enabled. Setting signal handlers.
[I 2024-11-01 17:03:20,152] Trial 229 finished with value: 0.2012833207845688 and parameters: {'hidden_dim': 167, 'n_layers': 6, 'dropout': 0.4336239030144875, 'input_chunk_length': 15, 'learning_rate': 0.003273262214052896, 'batch_size': 32}. Best is trial 0 with value: 0.08160930126905441.
GPU available: False, used: False
TPU available: False, using: 0 TPU cores
HPU available: False, using: 0 HPUs
SLURM auto-requeueing enabled. Setting signal handlers.
Monitored metric train_loss did not improve in the last 259 records. Best score: 0.038. Signaling Trainer to stop.
GPU available: False, used: False
TPU available: False, using: 0 TPU cores
HPU available: False, using: 0 HPUs
SLURM auto-requeueing enabled. Setting signal handlers.
