[I 2024-11-01 13:01:34,529] A new study created in memory with name: no-name-6133fd88-b30d-4a13-86fa-363eeeb625c8
GPU available: False, used: False
TPU available: False, using: 0 TPU cores
HPU available: False, using: 0 HPUs
SLURM auto-requeueing enabled. Setting signal handlers.
Metric train_loss improved. New best score: 0.469
Metric train_loss improved by 0.170 >= min_delta = 0.0. New best score: 0.299
Metric train_loss improved by 0.111 >= min_delta = 0.0. New best score: 0.188
Metric train_loss improved by 0.016 >= min_delta = 0.0. New best score: 0.172
Metric train_loss improved by 0.029 >= min_delta = 0.0. New best score: 0.143
Metric train_loss improved by 0.040 >= min_delta = 0.0. New best score: 0.103
Metric train_loss improved by 0.013 >= min_delta = 0.0. New best score: 0.090
Metric train_loss improved by 0.009 >= min_delta = 0.0. New best score: 0.081
Metric train_loss improved by 0.005 >= min_delta = 0.0. New best score: 0.076
Metric train_loss improved by 0.015 >= min_delta = 0.0. New best score: 0.061
Metric train_loss improved by 0.018 >= min_delta = 0.0. New best score: 0.043
Metric train_loss improved by 0.005 >= min_delta = 0.0. New best score: 0.038
`Trainer.fit` stopped: `max_epochs=50` reached.
GPU available: False, used: False
TPU available: False, using: 0 TPU cores
HPU available: False, using: 0 HPUs
SLURM auto-requeueing enabled. Setting signal handlers.
[I 2024-11-01 13:29:00,011] Trial 0 finished with value: 0.08160930126905441 and parameters: {'hidden_dim': 149, 'n_layers': 1, 'dropout': 0.410947705088038, 'input_chunk_length': 32, 'learning_rate': 0.0002803740631930898, 'batch_size': 64}. Best is trial 0 with value: 0.08160930126905441.
GPU available: False, used: False
TPU available: False, using: 0 TPU cores
HPU available: False, using: 0 HPUs
SLURM auto-requeueing enabled. Setting signal handlers.
Monitored metric train_loss did not improve in the last 30 records. Best score: 0.038. Signaling Trainer to stop.
GPU available: False, used: False
TPU available: False, using: 0 TPU cores
HPU available: False, using: 0 HPUs
SLURM auto-requeueing enabled. Setting signal handlers.
[I 2024-11-01 13:47:28,854] Trial 1 finished with value: 0.2476203739643097 and parameters: {'hidden_dim': 60, 'n_layers': 3, 'dropout': 0.3736280371993746, 'input_chunk_length': 112, 'learning_rate': 2.033618780416198e-05, 'batch_size': 32}. Best is trial 0 with value: 0.08160930126905441.
GPU available: False, used: False
TPU available: False, using: 0 TPU cores
HPU available: False, using: 0 HPUs
SLURM auto-requeueing enabled. Setting signal handlers.
Monitored metric train_loss did not improve in the last 31 records. Best score: 0.038. Signaling Trainer to stop.
GPU available: False, used: False
TPU available: False, using: 0 TPU cores
HPU available: False, using: 0 HPUs
SLURM auto-requeueing enabled. Setting signal handlers.
[I 2024-11-01 13:49:08,896] Trial 2 finished with value: 0.38427114486694336 and parameters: {'hidden_dim': 132, 'n_layers': 1, 'dropout': 0.38196832076416987, 'input_chunk_length': 107, 'learning_rate': 2.7680619897904044e-05, 'batch_size': 32}. Best is trial 0 with value: 0.08160930126905441.
GPU available: False, used: False
TPU available: False, using: 0 TPU cores
HPU available: False, using: 0 HPUs
SLURM auto-requeueing enabled. Setting signal handlers.
Monitored metric train_loss did not improve in the last 32 records. Best score: 0.038. Signaling Trainer to stop.
GPU available: False, used: False
TPU available: False, using: 0 TPU cores
HPU available: False, using: 0 HPUs
SLURM auto-requeueing enabled. Setting signal handlers.
[I 2024-11-01 13:51:51,324] Trial 3 finished with value: 0.29382917284965515 and parameters: {'hidden_dim': 243, 'n_layers': 4, 'dropout': 0.31572510717677027, 'input_chunk_length': 78, 'learning_rate': 7.63149787165794e-05, 'batch_size': 32}. Best is trial 0 with value: 0.08160930126905441.
GPU available: False, used: False
TPU available: False, using: 0 TPU cores
HPU available: False, using: 0 HPUs
SLURM auto-requeueing enabled. Setting signal handlers.
Monitored metric train_loss did not improve in the last 33 records. Best score: 0.038. Signaling Trainer to stop.
GPU available: False, used: False
TPU available: False, using: 0 TPU cores
HPU available: False, using: 0 HPUs
SLURM auto-requeueing enabled. Setting signal handlers.
[I 2024-11-01 13:52:21,037] Trial 4 finished with value: 0.4569351077079773 and parameters: {'hidden_dim': 62, 'n_layers': 1, 'dropout': 0.481868290764603, 'input_chunk_length': 39, 'learning_rate': 8.408741347405462e-05, 'batch_size': 64}. Best is trial 0 with value: 0.08160930126905441.
GPU available: False, used: False
TPU available: False, using: 0 TPU cores
HPU available: False, using: 0 HPUs
SLURM auto-requeueing enabled. Setting signal handlers.
Monitored metric train_loss did not improve in the last 34 records. Best score: 0.038. Signaling Trainer to stop.
GPU available: False, used: False
TPU available: False, using: 0 TPU cores
HPU available: False, using: 0 HPUs
SLURM auto-requeueing enabled. Setting signal handlers.
[I 2024-11-01 13:53:14,653] Trial 5 finished with value: 0.4011373221874237 and parameters: {'hidden_dim': 255, 'n_layers': 5, 'dropout': 0.2743023899749681, 'input_chunk_length': 17, 'learning_rate': 2.2705860770263095e-05, 'batch_size': 64}. Best is trial 0 with value: 0.08160930126905441.
GPU available: False, used: False
TPU available: False, using: 0 TPU cores
HPU available: False, using: 0 HPUs
SLURM auto-requeueing enabled. Setting signal handlers.
Monitored metric train_loss did not improve in the last 35 records. Best score: 0.038. Signaling Trainer to stop.
GPU available: False, used: False
TPU available: False, using: 0 TPU cores
HPU available: False, using: 0 HPUs
SLURM auto-requeueing enabled. Setting signal handlers.
[I 2024-11-01 13:53:44,669] Trial 6 finished with value: 0.2511822283267975 and parameters: {'hidden_dim': 66, 'n_layers': 1, 'dropout': 0.41763619795501256, 'input_chunk_length': 31, 'learning_rate': 0.0010279220143635122, 'batch_size': 32}. Best is trial 0 with value: 0.08160930126905441.
GPU available: False, used: False
TPU available: False, using: 0 TPU cores
HPU available: False, using: 0 HPUs
SLURM auto-requeueing enabled. Setting signal handlers.
Monitored metric train_loss did not improve in the last 36 records. Best score: 0.038. Signaling Trainer to stop.
GPU available: False, used: False
TPU available: False, using: 0 TPU cores
HPU available: False, using: 0 HPUs
SLURM auto-requeueing enabled. Setting signal handlers.
[I 2024-11-01 13:54:15,283] Trial 7 finished with value: 0.31990811228752136 and parameters: {'hidden_dim': 117, 'n_layers': 6, 'dropout': 0.17384323484296876, 'input_chunk_length': 18, 'learning_rate': 0.00013278867974617526, 'batch_size': 64}. Best is trial 0 with value: 0.08160930126905441.
GPU available: False, used: False
TPU available: False, using: 0 TPU cores
HPU available: False, using: 0 HPUs
SLURM auto-requeueing enabled. Setting signal handlers.
Monitored metric train_loss did not improve in the last 37 records. Best score: 0.038. Signaling Trainer to stop.
GPU available: False, used: False
TPU available: False, using: 0 TPU cores
HPU available: False, using: 0 HPUs
SLURM auto-requeueing enabled. Setting signal handlers.
[I 2024-11-01 13:55:07,101] Trial 8 finished with value: 0.3237830102443695 and parameters: {'hidden_dim': 76, 'n_layers': 6, 'dropout': 0.43596307846269433, 'input_chunk_length': 71, 'learning_rate': 0.006555966125179305, 'batch_size': 64}. Best is trial 0 with value: 0.08160930126905441.
GPU available: False, used: False
TPU available: False, using: 0 TPU cores
HPU available: False, using: 0 HPUs
SLURM auto-requeueing enabled. Setting signal handlers.
Monitored metric train_loss did not improve in the last 38 records. Best score: 0.038. Signaling Trainer to stop.
GPU available: False, used: False
TPU available: False, using: 0 TPU cores
HPU available: False, using: 0 HPUs
SLURM auto-requeueing enabled. Setting signal handlers.
[I 2024-11-01 13:57:05,854] Trial 9 finished with value: 0.31470274925231934 and parameters: {'hidden_dim': 153, 'n_layers': 6, 'dropout': 0.3260304751373666, 'input_chunk_length': 89, 'learning_rate': 0.000360320569007153, 'batch_size': 64}. Best is trial 0 with value: 0.08160930126905441.
GPU available: False, used: False
TPU available: False, using: 0 TPU cores
HPU available: False, using: 0 HPUs
SLURM auto-requeueing enabled. Setting signal handlers.
Monitored metric train_loss did not improve in the last 39 records. Best score: 0.038. Signaling Trainer to stop.
GPU available: False, used: False
TPU available: False, using: 0 TPU cores
HPU available: False, using: 0 HPUs
SLURM auto-requeueing enabled. Setting signal handlers.
[I 2024-11-01 13:58:23,474] Trial 10 finished with value: 0.3034844696521759 and parameters: {'hidden_dim': 191, 'n_layers': 3, 'dropout': 0.012384019065598051, 'input_chunk_length': 51, 'learning_rate': 0.0014950420502658364, 'batch_size': 64}. Best is trial 0 with value: 0.08160930126905441.
GPU available: False, used: False
TPU available: False, using: 0 TPU cores
HPU available: False, using: 0 HPUs
SLURM auto-requeueing enabled. Setting signal handlers.
Monitored metric train_loss did not improve in the last 40 records. Best score: 0.038. Signaling Trainer to stop.
GPU available: False, used: False
TPU available: False, using: 0 TPU cores
HPU available: False, using: 0 HPUs
SLURM auto-requeueing enabled. Setting signal handlers.
[I 2024-11-01 14:01:04,555] Trial 11 finished with value: 0.3399127721786499 and parameters: {'hidden_dim': 188, 'n_layers': 3, 'dropout': 0.14826511086603072, 'input_chunk_length': 120, 'learning_rate': 1.35374100496632e-05, 'batch_size': 32}. Best is trial 0 with value: 0.08160930126905441.
GPU available: False, used: False
TPU available: False, using: 0 TPU cores
HPU available: False, using: 0 HPUs
SLURM auto-requeueing enabled. Setting signal handlers.
Monitored metric train_loss did not improve in the last 41 records. Best score: 0.038. Signaling Trainer to stop.
GPU available: False, used: False
TPU available: False, using: 0 TPU cores
HPU available: False, using: 0 HPUs
SLURM auto-requeueing enabled. Setting signal handlers.
[I 2024-11-01 14:01:26,018] Trial 12 finished with value: 0.31414392590522766 and parameters: {'hidden_dim': 104, 'n_layers': 2, 'dropout': 0.365381494942408, 'input_chunk_length': 3, 'learning_rate': 0.00044039422304199984, 'batch_size': 32}. Best is trial 0 with value: 0.08160930126905441.
GPU available: False, used: False
TPU available: False, using: 0 TPU cores
HPU available: False, using: 0 HPUs
SLURM auto-requeueing enabled. Setting signal handlers.
Monitored metric train_loss did not improve in the last 42 records. Best score: 0.038. Signaling Trainer to stop.
GPU available: False, used: False
TPU available: False, using: 0 TPU cores
HPU available: False, using: 0 HPUs
SLURM auto-requeueing enabled. Setting signal handlers.
[I 2024-11-01 14:02:33,737] Trial 13 finished with value: 0.3304251730442047 and parameters: {'hidden_dim': 168, 'n_layers': 2, 'dropout': 0.21729144275185355, 'input_chunk_length': 51, 'learning_rate': 0.005572140374385595, 'batch_size': 32}. Best is trial 0 with value: 0.08160930126905441.
GPU available: False, used: False
TPU available: False, using: 0 TPU cores
HPU available: False, using: 0 HPUs
SLURM auto-requeueing enabled. Setting signal handlers.
Monitored metric train_loss did not improve in the last 43 records. Best score: 0.038. Signaling Trainer to stop.
GPU available: False, used: False
TPU available: False, using: 0 TPU cores
HPU available: False, using: 0 HPUs
SLURM auto-requeueing enabled. Setting signal handlers.
[I 2024-11-01 14:05:13,519] Trial 14 finished with value: 0.39301085472106934 and parameters: {'hidden_dim': 214, 'n_layers': 4, 'dropout': 0.4713535001036473, 'input_chunk_length': 94, 'learning_rate': 4.137671259837663e-05, 'batch_size': 64}. Best is trial 0 with value: 0.08160930126905441.
GPU available: False, used: False
TPU available: False, using: 0 TPU cores
HPU available: False, using: 0 HPUs
SLURM auto-requeueing enabled. Setting signal handlers.
Monitored metric train_loss did not improve in the last 44 records. Best score: 0.038. Signaling Trainer to stop.
GPU available: False, used: False
TPU available: False, using: 0 TPU cores
HPU available: False, using: 0 HPUs
SLURM auto-requeueing enabled. Setting signal handlers.
[I 2024-11-01 14:06:08,934] Trial 15 finished with value: 0.3147430121898651 and parameters: {'hidden_dim': 95, 'n_layers': 2, 'dropout': 0.3740546368260612, 'input_chunk_length': 62, 'learning_rate': 0.00017008643666344456, 'batch_size': 32}. Best is trial 0 with value: 0.08160930126905441.
GPU available: False, used: False
TPU available: False, using: 0 TPU cores
HPU available: False, using: 0 HPUs
SLURM auto-requeueing enabled. Setting signal handlers.
Monitored metric train_loss did not improve in the last 45 records. Best score: 0.038. Signaling Trainer to stop.
GPU available: False, used: False
TPU available: False, using: 0 TPU cores
HPU available: False, using: 0 HPUs
SLURM auto-requeueing enabled. Setting signal handlers.
[I 2024-11-01 14:06:39,123] Trial 16 finished with value: 0.27094098925590515 and parameters: {'hidden_dim': 50, 'n_layers': 3, 'dropout': 0.271564842658473, 'input_chunk_length': 33, 'learning_rate': 0.0017531413216969555, 'batch_size': 32}. Best is trial 0 with value: 0.08160930126905441.
GPU available: False, used: False
TPU available: False, using: 0 TPU cores
HPU available: False, using: 0 HPUs
SLURM auto-requeueing enabled. Setting signal handlers.
Monitored metric train_loss did not improve in the last 46 records. Best score: 0.038. Signaling Trainer to stop.
GPU available: False, used: False
TPU available: False, using: 0 TPU cores
HPU available: False, using: 0 HPUs
SLURM auto-requeueing enabled. Setting signal handlers.
[I 2024-11-01 14:08:45,146] Trial 17 finished with value: 0.4571716785430908 and parameters: {'hidden_dim': 147, 'n_layers': 2, 'dropout': 0.09019347049064408, 'input_chunk_length': 119, 'learning_rate': 1.1585927882813061e-05, 'batch_size': 64}. Best is trial 0 with value: 0.08160930126905441.
GPU available: False, used: False
TPU available: False, using: 0 TPU cores
HPU available: False, using: 0 HPUs
SLURM auto-requeueing enabled. Setting signal handlers.
Monitored metric train_loss did not improve in the last 47 records. Best score: 0.038. Signaling Trainer to stop.
GPU available: False, used: False
TPU available: False, using: 0 TPU cores
HPU available: False, using: 0 HPUs
SLURM auto-requeueing enabled. Setting signal handlers.
[I 2024-11-01 14:10:02,059] Trial 18 finished with value: 0.2586748003959656 and parameters: {'hidden_dim': 88, 'n_layers': 5, 'dropout': 0.42905137315130515, 'input_chunk_length': 97, 'learning_rate': 0.0006787037608406009, 'batch_size': 32}. Best is trial 0 with value: 0.08160930126905441.
GPU available: False, used: False
TPU available: False, using: 0 TPU cores
HPU available: False, using: 0 HPUs
SLURM auto-requeueing enabled. Setting signal handlers.
Monitored metric train_loss did not improve in the last 48 records. Best score: 0.038. Signaling Trainer to stop.
GPU available: False, used: False
TPU available: False, using: 0 TPU cores
HPU available: False, using: 0 HPUs
SLURM auto-requeueing enabled. Setting signal handlers.
[I 2024-11-01 14:10:54,036] Trial 19 finished with value: 0.22102147340774536 and parameters: {'hidden_dim': 117, 'n_layers': 4, 'dropout': 0.32363770152820626, 'input_chunk_length': 49, 'learning_rate': 0.0030098192316390846, 'batch_size': 64}. Best is trial 0 with value: 0.08160930126905441.
GPU available: False, used: False
TPU available: False, using: 0 TPU cores
HPU available: False, using: 0 HPUs
SLURM auto-requeueing enabled. Setting signal handlers.
Monitored metric train_loss did not improve in the last 49 records. Best score: 0.038. Signaling Trainer to stop.
GPU available: False, used: False
TPU available: False, using: 0 TPU cores
HPU available: False, using: 0 HPUs
SLURM auto-requeueing enabled. Setting signal handlers.
[I 2024-11-01 14:11:53,903] Trial 20 finished with value: 0.30841878056526184 and parameters: {'hidden_dim': 125, 'n_layers': 5, 'dropout': 0.31081815968785925, 'input_chunk_length': 46, 'learning_rate': 0.002878773216294316, 'batch_size': 64}. Best is trial 0 with value: 0.08160930126905441.
GPU available: False, used: False
TPU available: False, using: 0 TPU cores
HPU available: False, using: 0 HPUs
SLURM auto-requeueing enabled. Setting signal handlers.
Monitored metric train_loss did not improve in the last 50 records. Best score: 0.038. Signaling Trainer to stop.
GPU available: False, used: False
TPU available: False, using: 0 TPU cores
HPU available: False, using: 0 HPUs
SLURM auto-requeueing enabled. Setting signal handlers.
[I 2024-11-01 14:13:16,256] Trial 21 finished with value: 0.3211608827114105 and parameters: {'hidden_dim': 174, 'n_layers': 4, 'dropout': 0.3473988833698827, 'input_chunk_length': 59, 'learning_rate': 0.00019947310083992623, 'batch_size': 64}. Best is trial 0 with value: 0.08160930126905441.
GPU available: False, used: False
TPU available: False, using: 0 TPU cores
HPU available: False, using: 0 HPUs
SLURM auto-requeueing enabled. Setting signal handlers.
Monitored metric train_loss did not improve in the last 51 records. Best score: 0.038. Signaling Trainer to stop.
GPU available: False, used: False
TPU available: False, using: 0 TPU cores
HPU available: False, using: 0 HPUs
SLURM auto-requeueing enabled. Setting signal handlers.
[I 2024-11-01 14:13:50,947] Trial 22 finished with value: 0.23160335421562195 and parameters: {'hidden_dim': 137, 'n_layers': 3, 'dropout': 0.40458185762735704, 'input_chunk_length': 23, 'learning_rate': 0.0030236610108745135, 'batch_size': 64}. Best is trial 0 with value: 0.08160930126905441.
GPU available: False, used: False
TPU available: False, using: 0 TPU cores
HPU available: False, using: 0 HPUs
SLURM auto-requeueing enabled. Setting signal handlers.
Monitored metric train_loss did not improve in the last 52 records. Best score: 0.038. Signaling Trainer to stop.
GPU available: False, used: False
TPU available: False, using: 0 TPU cores
HPU available: False, using: 0 HPUs
SLURM auto-requeueing enabled. Setting signal handlers.
[I 2024-11-01 14:14:26,391] Trial 23 finished with value: 0.31659623980522156 and parameters: {'hidden_dim': 143, 'n_layers': 4, 'dropout': 0.4189344047128208, 'input_chunk_length': 21, 'learning_rate': 0.0030099245880750008, 'batch_size': 64}. Best is trial 0 with value: 0.08160930126905441.
GPU available: False, used: False
TPU available: False, using: 0 TPU cores
HPU available: False, using: 0 HPUs
SLURM auto-requeueing enabled. Setting signal handlers.
Monitored metric train_loss did not improve in the last 53 records. Best score: 0.038. Signaling Trainer to stop.
GPU available: False, used: False
TPU available: False, using: 0 TPU cores
HPU available: False, using: 0 HPUs
SLURM auto-requeueing enabled. Setting signal handlers.
[I 2024-11-01 14:14:47,133] Trial 24 finished with value: 0.3098025321960449 and parameters: {'hidden_dim': 116, 'n_layers': 5, 'dropout': 0.46212767049339654, 'input_chunk_length': 6, 'learning_rate': 0.003581787080845845, 'batch_size': 64}. Best is trial 0 with value: 0.08160930126905441.
GPU available: False, used: False
TPU available: False, using: 0 TPU cores
HPU available: False, using: 0 HPUs
SLURM auto-requeueing enabled. Setting signal handlers.
Monitored metric train_loss did not improve in the last 54 records. Best score: 0.038. Signaling Trainer to stop.
GPU available: False, used: False
TPU available: False, using: 0 TPU cores
HPU available: False, using: 0 HPUs
SLURM auto-requeueing enabled. Setting signal handlers.
[I 2024-11-01 14:15:32,166] Trial 25 finished with value: 0.4050539433956146 and parameters: {'hidden_dim': 162, 'n_layers': 2, 'dropout': 0.21522776788659015, 'input_chunk_length': 30, 'learning_rate': 0.009739745844516475, 'batch_size': 64}. Best is trial 0 with value: 0.08160930126905441.
GPU available: False, used: False
TPU available: False, using: 0 TPU cores
HPU available: False, using: 0 HPUs
SLURM auto-requeueing enabled. Setting signal handlers.
Monitored metric train_loss did not improve in the last 55 records. Best score: 0.038. Signaling Trainer to stop.
GPU available: False, used: False
TPU available: False, using: 0 TPU cores
HPU available: False, using: 0 HPUs
SLURM auto-requeueing enabled. Setting signal handlers.
[I 2024-11-01 14:16:18,107] Trial 26 finished with value: 0.27630582451820374 and parameters: {'hidden_dim': 137, 'n_layers': 1, 'dropout': 0.49329806199792364, 'input_chunk_length': 41, 'learning_rate': 0.0006899376888344942, 'batch_size': 64}. Best is trial 0 with value: 0.08160930126905441.
GPU available: False, used: False
TPU available: False, using: 0 TPU cores
HPU available: False, using: 0 HPUs
SLURM auto-requeueing enabled. Setting signal handlers.
Monitored metric train_loss did not improve in the last 56 records. Best score: 0.038. Signaling Trainer to stop.
GPU available: False, used: False
TPU available: False, using: 0 TPU cores
HPU available: False, using: 0 HPUs
SLURM auto-requeueing enabled. Setting signal handlers.
