[I 2024-11-02 01:34:00,104] Trial 289 finished with value: 0.2993053197860718 and parameters: {'hidden_dim': 146, 'n_layers': 5, 'dropout': 0.23951084287690896, 'input_chunk_length': 95, 'learning_rate': 0.002542859388114716, 'batch_size': 32}. Best is trial 0 with value: 0.07914793491363525.
GPU available: False, used: False
TPU available: False, using: 0 TPU cores
HPU available: False, using: 0 HPUs
SLURM auto-requeueing enabled. Setting signal handlers.
Monitored metric train_loss did not improve in the last 319 records. Best score: 0.031. Signaling Trainer to stop.
GPU available: False, used: False
TPU available: False, using: 0 TPU cores
HPU available: False, using: 0 HPUs
SLURM auto-requeueing enabled. Setting signal handlers.
[I 2024-11-02 01:35:51,917] Trial 290 finished with value: 0.14918461441993713 and parameters: {'hidden_dim': 154, 'n_layers': 5, 'dropout': 0.2235583060588845, 'input_chunk_length': 88, 'learning_rate': 0.0018849802537992324, 'batch_size': 32}. Best is trial 0 with value: 0.07914793491363525.
GPU available: False, used: False
TPU available: False, using: 0 TPU cores
HPU available: False, using: 0 HPUs
SLURM auto-requeueing enabled. Setting signal handlers.
Monitored metric train_loss did not improve in the last 320 records. Best score: 0.031. Signaling Trainer to stop.
GPU available: False, used: False
TPU available: False, using: 0 TPU cores
HPU available: False, using: 0 HPUs
SLURM auto-requeueing enabled. Setting signal handlers.
[I 2024-11-02 01:36:26,511] Trial 291 finished with value: 0.18376865983009338 and parameters: {'hidden_dim': 163, 'n_layers': 5, 'dropout': 0.22654177237503778, 'input_chunk_length': 8, 'learning_rate': 0.0018795639249867223, 'batch_size': 32}. Best is trial 0 with value: 0.07914793491363525.
GPU available: False, used: False
TPU available: False, using: 0 TPU cores
HPU available: False, using: 0 HPUs
SLURM auto-requeueing enabled. Setting signal handlers.
Monitored metric train_loss did not improve in the last 321 records. Best score: 0.031. Signaling Trainer to stop.
GPU available: False, used: False
TPU available: False, using: 0 TPU cores
HPU available: False, using: 0 HPUs
SLURM auto-requeueing enabled. Setting signal handlers.
[I 2024-11-02 01:38:15,463] Trial 292 finished with value: 0.2102699875831604 and parameters: {'hidden_dim': 151, 'n_layers': 5, 'dropout': 0.2110565560526264, 'input_chunk_length': 88, 'learning_rate': 0.002582919387670049, 'batch_size': 64}. Best is trial 0 with value: 0.07914793491363525.
GPU available: False, used: False
TPU available: False, using: 0 TPU cores
HPU available: False, using: 0 HPUs
SLURM auto-requeueing enabled. Setting signal handlers.
Monitored metric train_loss did not improve in the last 322 records. Best score: 0.031. Signaling Trainer to stop.
GPU available: False, used: False
TPU available: False, using: 0 TPU cores
HPU available: False, using: 0 HPUs
SLURM auto-requeueing enabled. Setting signal handlers.
[I 2024-11-02 01:40:12,026] Trial 293 finished with value: 0.19111821055412292 and parameters: {'hidden_dim': 162, 'n_layers': 5, 'dropout': 0.2246565057151765, 'input_chunk_length': 87, 'learning_rate': 0.0017309903638080995, 'batch_size': 32}. Best is trial 0 with value: 0.07914793491363525.
GPU available: False, used: False
TPU available: False, using: 0 TPU cores
HPU available: False, using: 0 HPUs
SLURM auto-requeueing enabled. Setting signal handlers.
Monitored metric train_loss did not improve in the last 323 records. Best score: 0.031. Signaling Trainer to stop.
GPU available: False, used: False
TPU available: False, using: 0 TPU cores
HPU available: False, using: 0 HPUs
SLURM auto-requeueing enabled. Setting signal handlers.
[I 2024-11-02 01:42:04,887] Trial 294 finished with value: 0.18293437361717224 and parameters: {'hidden_dim': 153, 'n_layers': 5, 'dropout': 0.20471174539575826, 'input_chunk_length': 86, 'learning_rate': 0.0032279389342157227, 'batch_size': 32}. Best is trial 0 with value: 0.07914793491363525.
GPU available: False, used: False
TPU available: False, using: 0 TPU cores
HPU available: False, using: 0 HPUs
SLURM auto-requeueing enabled. Setting signal handlers.
Monitored metric train_loss did not improve in the last 324 records. Best score: 0.031. Signaling Trainer to stop.
GPU available: False, used: False
TPU available: False, using: 0 TPU cores
HPU available: False, using: 0 HPUs
SLURM auto-requeueing enabled. Setting signal handlers.
[I 2024-11-02 01:44:06,181] Trial 295 finished with value: 0.1615017205476761 and parameters: {'hidden_dim': 157, 'n_layers': 5, 'dropout': 0.2824656240381395, 'input_chunk_length': 90, 'learning_rate': 0.001563830581625057, 'batch_size': 32}. Best is trial 0 with value: 0.07914793491363525.
GPU available: False, used: False
TPU available: False, using: 0 TPU cores
HPU available: False, using: 0 HPUs
SLURM auto-requeueing enabled. Setting signal handlers.
Monitored metric train_loss did not improve in the last 325 records. Best score: 0.031. Signaling Trainer to stop.
GPU available: False, used: False
TPU available: False, using: 0 TPU cores
HPU available: False, using: 0 HPUs
SLURM auto-requeueing enabled. Setting signal handlers.
[I 2024-11-02 01:45:56,876] Trial 296 finished with value: 0.31641674041748047 and parameters: {'hidden_dim': 160, 'n_layers': 5, 'dropout': 0.2915821613837666, 'input_chunk_length': 90, 'learning_rate': 0.002264148334829258, 'batch_size': 32}. Best is trial 0 with value: 0.07914793491363525.
GPU available: False, used: False
TPU available: False, using: 0 TPU cores
HPU available: False, using: 0 HPUs
SLURM auto-requeueing enabled. Setting signal handlers.
Monitored metric train_loss did not improve in the last 326 records. Best score: 0.031. Signaling Trainer to stop.
GPU available: False, used: False
TPU available: False, using: 0 TPU cores
HPU available: False, using: 0 HPUs
SLURM auto-requeueing enabled. Setting signal handlers.
[I 2024-11-02 01:47:59,508] Trial 297 finished with value: 0.2741726040840149 and parameters: {'hidden_dim': 164, 'n_layers': 5, 'dropout': 0.2789431096358469, 'input_chunk_length': 90, 'learning_rate': 0.0019067392346047015, 'batch_size': 32}. Best is trial 0 with value: 0.07914793491363525.
GPU available: False, used: False
TPU available: False, using: 0 TPU cores
HPU available: False, using: 0 HPUs
SLURM auto-requeueing enabled. Setting signal handlers.
Monitored metric train_loss did not improve in the last 327 records. Best score: 0.031. Signaling Trainer to stop.
GPU available: False, used: False
TPU available: False, using: 0 TPU cores
HPU available: False, using: 0 HPUs
SLURM auto-requeueing enabled. Setting signal handlers.
[I 2024-11-02 01:50:08,059] Trial 298 finished with value: 0.2564608156681061 and parameters: {'hidden_dim': 169, 'n_layers': 5, 'dropout': 0.3236570245779688, 'input_chunk_length': 92, 'learning_rate': 0.0009828229090723946, 'batch_size': 32}. Best is trial 0 with value: 0.07914793491363525.
GPU available: False, used: False
TPU available: False, using: 0 TPU cores
HPU available: False, using: 0 HPUs
SLURM auto-requeueing enabled. Setting signal handlers.
Monitored metric train_loss did not improve in the last 328 records. Best score: 0.031. Signaling Trainer to stop.
GPU available: False, used: False
TPU available: False, using: 0 TPU cores
HPU available: False, using: 0 HPUs
SLURM auto-requeueing enabled. Setting signal handlers.
[I 2024-11-02 01:51:49,556] Trial 299 finished with value: 0.19755597412586212 and parameters: {'hidden_dim': 133, 'n_layers': 5, 'dropout': 0.30387869628852865, 'input_chunk_length': 90, 'learning_rate': 0.0016815535477087186, 'batch_size': 32}. Best is trial 0 with value: 0.07914793491363525.
GPU available: False, used: False
TPU available: False, using: 0 TPU cores
HPU available: False, using: 0 HPUs

   | Name                              | Type                             | Params | Mode 
------------------------------------------------------------------------------------------------
0  | train_metrics                     | MetricCollection                 | 0      | train
1  | val_metrics                       | MetricCollection                 | 0      | train
2  | input_embeddings                  | _MultiEmbedding                  | 0      | train
3  | static_covariates_vsn             | _VariableSelectionNetwork        | 0      | train
4  | encoder_vsn                       | _VariableSelectionNetwork        | 178 K  | train
5  | decoder_vsn                       | _VariableSelectionNetwork        | 171 K  | train
6  | static_context_grn                | _GatedResidualNetwork            | 224 K  | train
7  | static_context_hidden_encoder_grn | _GatedResidualNetwork            | 224 K  | train
8  | static_context_cell_encoder_grn   | _GatedResidualNetwork            | 224 K  | train
9  | static_context_enrichment         | _GatedResidualNetwork            | 224 K  | train
10 | lstm_encoder                      | LSTM                             | 1.3 M  | train
11 | lstm_decoder                      | LSTM                             | 1.3 M  | train
12 | post_lstm_gan                     | _GateAddNorm                     | 112 K  | train
13 | static_enrichment_grn             | _GatedResidualNetwork            | 279 K  | train
14 | multihead_attn                    | _InterpretableMultiHeadAttention | 139 K  | train
15 | post_attn_gan                     | _GateAddNorm                     | 112 K  | train
16 | feed_forward_block                | _GatedResidualNetwork            | 224 K  | train
17 | pre_output_gan                    | _GateAddNorm                     | 112 K  | train
18 | output_layer                      | Linear                           | 4.0 K  | train
------------------------------------------------------------------------------------------------
4.9 M     Trainable params
0         Non-trainable params
4.9 M     Total params
19.665    Total estimated model params size (MB)
970       Modules in train mode
0         Modules in eval mode
SLURM auto-requeueing enabled. Setting signal handlers.
`Trainer.fit` stopped: `max_epochs=50` reached.
GPU available: False, used: False
TPU available: False, using: 0 TPU cores
HPU available: False, using: 0 HPUs
SLURM auto-requeueing enabled. Setting signal handlers.
