[I 2024-11-04 23:09:04,480] Trial 230 finished with value: 0.32229048013687134 and parameters: {'hidden_dim': 455, 'n_layers': 3, 'dropout': 0.019815891551521726, 'input_chunk_length': 79, 'learning_rate': 9.177824372108392e-05, 'batch_size': 32}. Best is trial 0 with value: 0.11407290399074554.
GPU available: True (cuda), used: True
TPU available: False, using: 0 TPU cores
HPU available: False, using: 0 HPUs
LOCAL_RANK: 0 - CUDA_VISIBLE_DEVICES: [0,1]
SLURM auto-requeueing enabled. Setting signal handlers.
Monitored metric train_loss did not improve in the last 289 records. Best score: 0.034. Signaling Trainer to stop.
GPU available: True (cuda), used: True
TPU available: False, using: 0 TPU cores
HPU available: False, using: 0 HPUs
LOCAL_RANK: 0 - CUDA_VISIBLE_DEVICES: [0,1]
SLURM auto-requeueing enabled. Setting signal handlers.
[I 2024-11-04 23:09:26,380] Trial 231 finished with value: 0.29224804043769836 and parameters: {'hidden_dim': 362, 'n_layers': 6, 'dropout': 0.06369930775165773, 'input_chunk_length': 54, 'learning_rate': 0.0001014106692115192, 'batch_size': 32}. Best is trial 0 with value: 0.11407290399074554.
GPU available: True (cuda), used: True
TPU available: False, using: 0 TPU cores
HPU available: False, using: 0 HPUs
LOCAL_RANK: 0 - CUDA_VISIBLE_DEVICES: [0,1]
SLURM auto-requeueing enabled. Setting signal handlers.
Monitored metric train_loss did not improve in the last 290 records. Best score: 0.034. Signaling Trainer to stop.
GPU available: True (cuda), used: True
TPU available: False, using: 0 TPU cores
HPU available: False, using: 0 HPUs
LOCAL_RANK: 0 - CUDA_VISIBLE_DEVICES: [0,1]
SLURM auto-requeueing enabled. Setting signal handlers.
[I 2024-11-04 23:09:55,204] Trial 232 finished with value: 0.2915724813938141 and parameters: {'hidden_dim': 361, 'n_layers': 6, 'dropout': 0.06933899184594114, 'input_chunk_length': 98, 'learning_rate': 8.000144406120497e-05, 'batch_size': 32}. Best is trial 0 with value: 0.11407290399074554.
GPU available: True (cuda), used: True
TPU available: False, using: 0 TPU cores
HPU available: False, using: 0 HPUs
LOCAL_RANK: 0 - CUDA_VISIBLE_DEVICES: [0,1]
SLURM auto-requeueing enabled. Setting signal handlers.
Monitored metric train_loss did not improve in the last 291 records. Best score: 0.034. Signaling Trainer to stop.
GPU available: True (cuda), used: True
TPU available: False, using: 0 TPU cores
HPU available: False, using: 0 HPUs
LOCAL_RANK: 0 - CUDA_VISIBLE_DEVICES: [0,1]
SLURM auto-requeueing enabled. Setting signal handlers.
[I 2024-11-04 23:10:23,359] Trial 233 finished with value: 0.3242283761501312 and parameters: {'hidden_dim': 368, 'n_layers': 6, 'dropout': 0.07815804577702512, 'input_chunk_length': 97, 'learning_rate': 8.266570698502418e-05, 'batch_size': 32}. Best is trial 0 with value: 0.11407290399074554.
GPU available: True (cuda), used: True
TPU available: False, using: 0 TPU cores
HPU available: False, using: 0 HPUs
LOCAL_RANK: 0 - CUDA_VISIBLE_DEVICES: [0,1]
SLURM auto-requeueing enabled. Setting signal handlers.
Monitored metric train_loss did not improve in the last 292 records. Best score: 0.034. Signaling Trainer to stop.
GPU available: True (cuda), used: True
TPU available: False, using: 0 TPU cores
HPU available: False, using: 0 HPUs
LOCAL_RANK: 0 - CUDA_VISIBLE_DEVICES: [0,1]
SLURM auto-requeueing enabled. Setting signal handlers.
[I 2024-11-04 23:10:48,094] Trial 234 finished with value: 0.3121022582054138 and parameters: {'hidden_dim': 332, 'n_layers': 6, 'dropout': 0.07384397314842936, 'input_chunk_length': 83, 'learning_rate': 5.57256141705832e-05, 'batch_size': 32}. Best is trial 0 with value: 0.11407290399074554.
GPU available: True (cuda), used: True
TPU available: False, using: 0 TPU cores
HPU available: False, using: 0 HPUs
LOCAL_RANK: 0 - CUDA_VISIBLE_DEVICES: [0,1]
SLURM auto-requeueing enabled. Setting signal handlers.
Monitored metric train_loss did not improve in the last 293 records. Best score: 0.034. Signaling Trainer to stop.
GPU available: True (cuda), used: True
TPU available: False, using: 0 TPU cores
HPU available: False, using: 0 HPUs
LOCAL_RANK: 0 - CUDA_VISIBLE_DEVICES: [0,1]
SLURM auto-requeueing enabled. Setting signal handlers.
[I 2024-11-04 23:11:21,823] Trial 235 finished with value: 0.29816895723342896 and parameters: {'hidden_dim': 381, 'n_layers': 6, 'dropout': 0.040390657381955006, 'input_chunk_length': 125, 'learning_rate': 7.09964303688909e-05, 'batch_size': 32}. Best is trial 0 with value: 0.11407290399074554.
GPU available: True (cuda), used: True
TPU available: False, using: 0 TPU cores
HPU available: False, using: 0 HPUs
LOCAL_RANK: 0 - CUDA_VISIBLE_DEVICES: [0,1]
SLURM auto-requeueing enabled. Setting signal handlers.
Monitored metric train_loss did not improve in the last 294 records. Best score: 0.034. Signaling Trainer to stop.
GPU available: True (cuda), used: True
TPU available: False, using: 0 TPU cores
HPU available: False, using: 0 HPUs
LOCAL_RANK: 0 - CUDA_VISIBLE_DEVICES: [0,1]
SLURM auto-requeueing enabled. Setting signal handlers.
[I 2024-11-04 23:11:46,706] Trial 236 finished with value: 0.33394956588745117 and parameters: {'hidden_dim': 448, 'n_layers': 4, 'dropout': 0.09882320395074831, 'input_chunk_length': 81, 'learning_rate': 7.840969039392547e-05, 'batch_size': 32}. Best is trial 0 with value: 0.11407290399074554.
GPU available: True (cuda), used: True
TPU available: False, using: 0 TPU cores
HPU available: False, using: 0 HPUs
LOCAL_RANK: 0 - CUDA_VISIBLE_DEVICES: [0,1]
SLURM auto-requeueing enabled. Setting signal handlers.
Monitored metric train_loss did not improve in the last 295 records. Best score: 0.034. Signaling Trainer to stop.
GPU available: True (cuda), used: True
TPU available: False, using: 0 TPU cores
HPU available: False, using: 0 HPUs
LOCAL_RANK: 0 - CUDA_VISIBLE_DEVICES: [0,1]
SLURM auto-requeueing enabled. Setting signal handlers.
[I 2024-11-04 23:12:10,845] Trial 237 finished with value: 0.4048660099506378 and parameters: {'hidden_dim': 351, 'n_layers': 5, 'dropout': 0.17029706525601737, 'input_chunk_length': 90, 'learning_rate': 6.302545339983494e-05, 'batch_size': 64}. Best is trial 0 with value: 0.11407290399074554.
GPU available: True (cuda), used: True
TPU available: False, using: 0 TPU cores
HPU available: False, using: 0 HPUs
LOCAL_RANK: 0 - CUDA_VISIBLE_DEVICES: [0,1]
SLURM auto-requeueing enabled. Setting signal handlers.
Monitored metric train_loss did not improve in the last 296 records. Best score: 0.034. Signaling Trainer to stop.
GPU available: True (cuda), used: True
TPU available: False, using: 0 TPU cores
HPU available: False, using: 0 HPUs
LOCAL_RANK: 0 - CUDA_VISIBLE_DEVICES: [0,1]
SLURM auto-requeueing enabled. Setting signal handlers.
[I 2024-11-04 23:12:37,559] Trial 238 finished with value: 0.6783498525619507 and parameters: {'hidden_dim': 425, 'n_layers': 6, 'dropout': 0.003938103672608127, 'input_chunk_length': 76, 'learning_rate': 0.004026591398802183, 'batch_size': 32}. Best is trial 0 with value: 0.11407290399074554.
GPU available: True (cuda), used: True
TPU available: False, using: 0 TPU cores
HPU available: False, using: 0 HPUs
LOCAL_RANK: 0 - CUDA_VISIBLE_DEVICES: [0,1]
SLURM auto-requeueing enabled. Setting signal handlers.
Monitored metric train_loss did not improve in the last 297 records. Best score: 0.034. Signaling Trainer to stop.
GPU available: True (cuda), used: True
TPU available: False, using: 0 TPU cores
HPU available: False, using: 0 HPUs
LOCAL_RANK: 0 - CUDA_VISIBLE_DEVICES: [0,1]
SLURM auto-requeueing enabled. Setting signal handlers.
[I 2024-11-04 23:13:03,575] Trial 239 finished with value: 0.3023637533187866 and parameters: {'hidden_dim': 471, 'n_layers': 5, 'dropout': 0.08423679405267405, 'input_chunk_length': 71, 'learning_rate': 4.959878107253299e-05, 'batch_size': 32}. Best is trial 0 with value: 0.11407290399074554.
GPU available: True (cuda), used: True
TPU available: False, using: 0 TPU cores
HPU available: False, using: 0 HPUs
LOCAL_RANK: 0 - CUDA_VISIBLE_DEVICES: [0,1]
SLURM auto-requeueing enabled. Setting signal handlers.
Monitored metric train_loss did not improve in the last 298 records. Best score: 0.034. Signaling Trainer to stop.
GPU available: True (cuda), used: True
TPU available: False, using: 0 TPU cores
HPU available: False, using: 0 HPUs
LOCAL_RANK: 0 - CUDA_VISIBLE_DEVICES: [0,1]
SLURM auto-requeueing enabled. Setting signal handlers.
[I 2024-11-04 23:13:33,702] Trial 240 finished with value: 0.3014843761920929 and parameters: {'hidden_dim': 461, 'n_layers': 6, 'dropout': 0.05442254678349624, 'input_chunk_length': 88, 'learning_rate': 8.617627148679224e-05, 'batch_size': 32}. Best is trial 0 with value: 0.11407290399074554.
GPU available: True (cuda), used: True
TPU available: False, using: 0 TPU cores
HPU available: False, using: 0 HPUs
LOCAL_RANK: 0 - CUDA_VISIBLE_DEVICES: [0,1]
SLURM auto-requeueing enabled. Setting signal handlers.
Monitored metric train_loss did not improve in the last 299 records. Best score: 0.034. Signaling Trainer to stop.
GPU available: True (cuda), used: True
TPU available: False, using: 0 TPU cores
HPU available: False, using: 0 HPUs
LOCAL_RANK: 0 - CUDA_VISIBLE_DEVICES: [0,1]
SLURM auto-requeueing enabled. Setting signal handlers.
[I 2024-11-04 23:13:56,222] Trial 241 finished with value: 0.20952771604061127 and parameters: {'hidden_dim': 365, 'n_layers': 6, 'dropout': 0.06589721455555578, 'input_chunk_length': 58, 'learning_rate': 9.774108017887414e-05, 'batch_size': 32}. Best is trial 0 with value: 0.11407290399074554.
GPU available: True (cuda), used: True
TPU available: False, using: 0 TPU cores
HPU available: False, using: 0 HPUs
LOCAL_RANK: 0 - CUDA_VISIBLE_DEVICES: [0,1]
SLURM auto-requeueing enabled. Setting signal handlers.
Monitored metric train_loss did not improve in the last 300 records. Best score: 0.034. Signaling Trainer to stop.
GPU available: True (cuda), used: True
TPU available: False, using: 0 TPU cores
HPU available: False, using: 0 HPUs
LOCAL_RANK: 0 - CUDA_VISIBLE_DEVICES: [0,1]
SLURM auto-requeueing enabled. Setting signal handlers.
[I 2024-11-04 23:14:18,966] Trial 242 finished with value: 0.3214547336101532 and parameters: {'hidden_dim': 374, 'n_layers': 6, 'dropout': 0.06908272063679094, 'input_chunk_length': 56, 'learning_rate': 0.00011626782042391209, 'batch_size': 32}. Best is trial 0 with value: 0.11407290399074554.
GPU available: True (cuda), used: True
TPU available: False, using: 0 TPU cores
HPU available: False, using: 0 HPUs
LOCAL_RANK: 0 - CUDA_VISIBLE_DEVICES: [0,1]
SLURM auto-requeueing enabled. Setting signal handlers.
Monitored metric train_loss did not improve in the last 301 records. Best score: 0.034. Signaling Trainer to stop.
GPU available: True (cuda), used: True
TPU available: False, using: 0 TPU cores
HPU available: False, using: 0 HPUs
LOCAL_RANK: 0 - CUDA_VISIBLE_DEVICES: [0,1]
SLURM auto-requeueing enabled. Setting signal handlers.
[I 2024-11-04 23:14:48,919] Trial 243 finished with value: 0.30912283062934875 and parameters: {'hidden_dim': 390, 'n_layers': 6, 'dropout': 0.08350650792874069, 'input_chunk_length': 102, 'learning_rate': 9.270154099418396e-05, 'batch_size': 32}. Best is trial 0 with value: 0.11407290399074554.
GPU available: True (cuda), used: True
TPU available: False, using: 0 TPU cores
HPU available: False, using: 0 HPUs
LOCAL_RANK: 0 - CUDA_VISIBLE_DEVICES: [0,1]
SLURM auto-requeueing enabled. Setting signal handlers.
Monitored metric train_loss did not improve in the last 302 records. Best score: 0.034. Signaling Trainer to stop.
GPU available: True (cuda), used: True
TPU available: False, using: 0 TPU cores
HPU available: False, using: 0 HPUs
LOCAL_RANK: 0 - CUDA_VISIBLE_DEVICES: [0,1]
SLURM auto-requeueing enabled. Setting signal handlers.
[I 2024-11-04 23:15:10,595] Trial 244 finished with value: 0.30071553587913513 and parameters: {'hidden_dim': 363, 'n_layers': 6, 'dropout': 0.09507377868579883, 'input_chunk_length': 53, 'learning_rate': 7.51802699101934e-05, 'batch_size': 32}. Best is trial 0 with value: 0.11407290399074554.
GPU available: True (cuda), used: True
TPU available: False, using: 0 TPU cores
HPU available: False, using: 0 HPUs
LOCAL_RANK: 0 - CUDA_VISIBLE_DEVICES: [0,1]
SLURM auto-requeueing enabled. Setting signal handlers.
Monitored metric train_loss did not improve in the last 303 records. Best score: 0.034. Signaling Trainer to stop.
GPU available: True (cuda), used: True
TPU available: False, using: 0 TPU cores
HPU available: False, using: 0 HPUs
LOCAL_RANK: 0 - CUDA_VISIBLE_DEVICES: [0,1]
SLURM auto-requeueing enabled. Setting signal handlers.
[I 2024-11-04 23:15:32,085] Trial 245 finished with value: 0.2957596778869629 and parameters: {'hidden_dim': 349, 'n_layers': 5, 'dropout': 0.05627226053868461, 'input_chunk_length': 61, 'learning_rate': 0.00010035113638368496, 'batch_size': 32}. Best is trial 0 with value: 0.11407290399074554.
GPU available: True (cuda), used: True
TPU available: False, using: 0 TPU cores
HPU available: False, using: 0 HPUs
LOCAL_RANK: 0 - CUDA_VISIBLE_DEVICES: [0,1]
SLURM auto-requeueing enabled. Setting signal handlers.
Monitored metric train_loss did not improve in the last 304 records. Best score: 0.034. Signaling Trainer to stop.
GPU available: True (cuda), used: True
TPU available: False, using: 0 TPU cores
HPU available: False, using: 0 HPUs
LOCAL_RANK: 0 - CUDA_VISIBLE_DEVICES: [0,1]
SLURM auto-requeueing enabled. Setting signal handlers.
[I 2024-11-04 23:15:57,600] Trial 246 finished with value: 0.3270971477031708 and parameters: {'hidden_dim': 438, 'n_layers': 6, 'dropout': 0.07239611272153693, 'input_chunk_length': 66, 'learning_rate': 6.539900465919825e-05, 'batch_size': 32}. Best is trial 0 with value: 0.11407290399074554.
GPU available: True (cuda), used: True
TPU available: False, using: 0 TPU cores
HPU available: False, using: 0 HPUs
LOCAL_RANK: 0 - CUDA_VISIBLE_DEVICES: [0,1]
SLURM auto-requeueing enabled. Setting signal handlers.
Monitored metric train_loss did not improve in the last 305 records. Best score: 0.034. Signaling Trainer to stop.
GPU available: True (cuda), used: True
TPU available: False, using: 0 TPU cores
HPU available: False, using: 0 HPUs
LOCAL_RANK: 0 - CUDA_VISIBLE_DEVICES: [0,1]
SLURM auto-requeueing enabled. Setting signal handlers.
[I 2024-11-04 23:16:22,818] Trial 247 finished with value: 0.3634427785873413 and parameters: {'hidden_dim': 366, 'n_layers': 1, 'dropout': 0.03365280760731196, 'input_chunk_length': 133, 'learning_rate': 8.324976687194004e-05, 'batch_size': 32}. Best is trial 0 with value: 0.11407290399074554.
GPU available: True (cuda), used: True
TPU available: False, using: 0 TPU cores
HPU available: False, using: 0 HPUs
LOCAL_RANK: 0 - CUDA_VISIBLE_DEVICES: [0,1]
SLURM auto-requeueing enabled. Setting signal handlers.
Monitored metric train_loss did not improve in the last 306 records. Best score: 0.034. Signaling Trainer to stop.
GPU available: True (cuda), used: True
TPU available: False, using: 0 TPU cores
HPU available: False, using: 0 HPUs
LOCAL_RANK: 0 - CUDA_VISIBLE_DEVICES: [0,1]
SLURM auto-requeueing enabled. Setting signal handlers.
[I 2024-11-04 23:16:40,632] Trial 248 finished with value: 0.3115427494049072 and parameters: {'hidden_dim': 272, 'n_layers': 1, 'dropout': 0.1077349298776046, 'input_chunk_length': 57, 'learning_rate': 0.00011325918289083867, 'batch_size': 32}. Best is trial 0 with value: 0.11407290399074554.
GPU available: True (cuda), used: True
TPU available: False, using: 0 TPU cores
HPU available: False, using: 0 HPUs
LOCAL_RANK: 0 - CUDA_VISIBLE_DEVICES: [0,1]
SLURM auto-requeueing enabled. Setting signal handlers.
Monitored metric train_loss did not improve in the last 307 records. Best score: 0.034. Signaling Trainer to stop.
GPU available: True (cuda), used: True
TPU available: False, using: 0 TPU cores
HPU available: False, using: 0 HPUs
LOCAL_RANK: 0 - CUDA_VISIBLE_DEVICES: [0,1]
SLURM auto-requeueing enabled. Setting signal handlers.
[I 2024-11-04 23:17:01,344] Trial 249 finished with value: 0.31013619899749756 and parameters: {'hidden_dim': 298, 'n_layers': 4, 'dropout': 0.06303941582735156, 'input_chunk_length': 64, 'learning_rate': 7.022061543476615e-05, 'batch_size': 32}. Best is trial 0 with value: 0.11407290399074554.
GPU available: True (cuda), used: True
TPU available: False, using: 0 TPU cores
HPU available: False, using: 0 HPUs
LOCAL_RANK: 0 - CUDA_VISIBLE_DEVICES: [0,1]
SLURM auto-requeueing enabled. Setting signal handlers.
Monitored metric train_loss did not improve in the last 308 records. Best score: 0.034. Signaling Trainer to stop.
GPU available: True (cuda), used: True
TPU available: False, using: 0 TPU cores
HPU available: False, using: 0 HPUs
LOCAL_RANK: 0 - CUDA_VISIBLE_DEVICES: [0,1]
SLURM auto-requeueing enabled. Setting signal handlers.
[I 2024-11-04 23:17:20,955] Trial 250 finished with value: 0.33261364698410034 and parameters: {'hidden_dim': 233, 'n_layers': 5, 'dropout': 0.0446653725228994, 'input_chunk_length': 68, 'learning_rate': 0.0001566520780252687, 'batch_size': 64}. Best is trial 0 with value: 0.11407290399074554.
GPU available: True (cuda), used: True
TPU available: False, using: 0 TPU cores
HPU available: False, using: 0 HPUs
LOCAL_RANK: 0 - CUDA_VISIBLE_DEVICES: [0,1]
SLURM auto-requeueing enabled. Setting signal handlers.
Monitored metric train_loss did not improve in the last 309 records. Best score: 0.034. Signaling Trainer to stop.
GPU available: True (cuda), used: True
TPU available: False, using: 0 TPU cores
HPU available: False, using: 0 HPUs
LOCAL_RANK: 0 - CUDA_VISIBLE_DEVICES: [0,1]
SLURM auto-requeueing enabled. Setting signal handlers.
[I 2024-11-04 23:17:44,243] Trial 251 finished with value: 0.3034789264202118 and parameters: {'hidden_dim': 451, 'n_layers': 6, 'dropout': 0.08924815729117475, 'input_chunk_length': 52, 'learning_rate': 9.553740565919774e-05, 'batch_size': 32}. Best is trial 0 with value: 0.11407290399074554.
GPU available: True (cuda), used: True
TPU available: False, using: 0 TPU cores
HPU available: False, using: 0 HPUs
LOCAL_RANK: 0 - CUDA_VISIBLE_DEVICES: [0,1]
SLURM auto-requeueing enabled. Setting signal handlers.
Monitored metric train_loss did not improve in the last 310 records. Best score: 0.034. Signaling Trainer to stop.
GPU available: True (cuda), used: True
TPU available: False, using: 0 TPU cores
HPU available: False, using: 0 HPUs
LOCAL_RANK: 0 - CUDA_VISIBLE_DEVICES: [0,1]
SLURM auto-requeueing enabled. Setting signal handlers.
[I 2024-11-04 23:18:03,512] Trial 252 finished with value: 0.2943772077560425 and parameters: {'hidden_dim': 355, 'n_layers': 1, 'dropout': 0.07814375774377873, 'input_chunk_length': 59, 'learning_rate': 5.705363808950945e-05, 'batch_size': 32}. Best is trial 0 with value: 0.11407290399074554.
GPU available: True (cuda), used: True
TPU available: False, using: 0 TPU cores
HPU available: False, using: 0 HPUs
LOCAL_RANK: 0 - CUDA_VISIBLE_DEVICES: [0,1]
SLURM auto-requeueing enabled. Setting signal handlers.
Monitored metric train_loss did not improve in the last 311 records. Best score: 0.034. Signaling Trainer to stop.
GPU available: True (cuda), used: True
TPU available: False, using: 0 TPU cores
HPU available: False, using: 0 HPUs
LOCAL_RANK: 0 - CUDA_VISIBLE_DEVICES: [0,1]
SLURM auto-requeueing enabled. Setting signal handlers.
[I 2024-11-04 23:18:25,944] Trial 253 finished with value: 0.30126070976257324 and parameters: {'hidden_dim': 249, 'n_layers': 1, 'dropout': 0.022821742891715607, 'input_chunk_length': 122, 'learning_rate': 7.984691771777239e-05, 'batch_size': 32}. Best is trial 0 with value: 0.11407290399074554.
GPU available: True (cuda), used: True
TPU available: False, using: 0 TPU cores
HPU available: False, using: 0 HPUs
LOCAL_RANK: 0 - CUDA_VISIBLE_DEVICES: [0,1]
SLURM auto-requeueing enabled. Setting signal handlers.
Monitored metric train_loss did not improve in the last 312 records. Best score: 0.034. Signaling Trainer to stop.
GPU available: True (cuda), used: True
TPU available: False, using: 0 TPU cores
HPU available: False, using: 0 HPUs
LOCAL_RANK: 0 - CUDA_VISIBLE_DEVICES: [0,1]
SLURM auto-requeueing enabled. Setting signal handlers.
[I 2024-11-04 23:18:46,588] Trial 254 finished with value: 0.3119434118270874 and parameters: {'hidden_dim': 285, 'n_layers': 5, 'dropout': 0.09634254229338503, 'input_chunk_length': 61, 'learning_rate': 9.052252091918691e-05, 'batch_size': 32}. Best is trial 0 with value: 0.11407290399074554.
GPU available: True (cuda), used: True
TPU available: False, using: 0 TPU cores
HPU available: False, using: 0 HPUs
LOCAL_RANK: 0 - CUDA_VISIBLE_DEVICES: [0,1]
SLURM auto-requeueing enabled. Setting signal handlers.
Monitored metric train_loss did not improve in the last 313 records. Best score: 0.034. Signaling Trainer to stop.
GPU available: True (cuda), used: True
TPU available: False, using: 0 TPU cores
HPU available: False, using: 0 HPUs
LOCAL_RANK: 0 - CUDA_VISIBLE_DEVICES: [0,1]
SLURM auto-requeueing enabled. Setting signal handlers.
[I 2024-11-04 23:19:07,577] Trial 255 finished with value: 0.2924150824546814 and parameters: {'hidden_dim': 336, 'n_layers': 6, 'dropout': 0.06600869759704203, 'input_chunk_length': 55, 'learning_rate': 0.0001341111767108604, 'batch_size': 32}. Best is trial 0 with value: 0.11407290399074554.
GPU available: True (cuda), used: True
TPU available: False, using: 0 TPU cores
HPU available: False, using: 0 HPUs
LOCAL_RANK: 0 - CUDA_VISIBLE_DEVICES: [0,1]
SLURM auto-requeueing enabled. Setting signal handlers.
Monitored metric train_loss did not improve in the last 314 records. Best score: 0.034. Signaling Trainer to stop.
GPU available: True (cuda), used: True
TPU available: False, using: 0 TPU cores
HPU available: False, using: 0 HPUs
LOCAL_RANK: 0 - CUDA_VISIBLE_DEVICES: [0,1]
SLURM auto-requeueing enabled. Setting signal handlers.
