[I 2024-11-01 15:44:41,237] Trial 114 finished with value: 0.29053109884262085 and parameters: {'hidden_dim': 149, 'n_layers': 5, 'dropout': 0.46906444086238147, 'input_chunk_length': 12, 'learning_rate': 0.0015531308993970293, 'batch_size': 32}. Best is trial 0 with value: 0.08160930126905441.
GPU available: False, used: False
TPU available: False, using: 0 TPU cores
HPU available: False, using: 0 HPUs
SLURM auto-requeueing enabled. Setting signal handlers.
Monitored metric train_loss did not improve in the last 144 records. Best score: 0.038. Signaling Trainer to stop.
GPU available: False, used: False
TPU available: False, using: 0 TPU cores
HPU available: False, using: 0 HPUs
SLURM auto-requeueing enabled. Setting signal handlers.
[I 2024-11-01 15:45:21,206] Trial 115 finished with value: 0.22712378203868866 and parameters: {'hidden_dim': 180, 'n_layers': 5, 'dropout': 0.43310659980672167, 'input_chunk_length': 10, 'learning_rate': 0.0010133650499742602, 'batch_size': 32}. Best is trial 0 with value: 0.08160930126905441.
GPU available: False, used: False
TPU available: False, using: 0 TPU cores
HPU available: False, using: 0 HPUs
SLURM auto-requeueing enabled. Setting signal handlers.
Monitored metric train_loss did not improve in the last 145 records. Best score: 0.038. Signaling Trainer to stop.
GPU available: False, used: False
TPU available: False, using: 0 TPU cores
HPU available: False, using: 0 HPUs
SLURM auto-requeueing enabled. Setting signal handlers.
[I 2024-11-01 15:45:50,653] Trial 116 finished with value: 0.348953515291214 and parameters: {'hidden_dim': 170, 'n_layers': 4, 'dropout': 0.37095609318763767, 'input_chunk_length': 4, 'learning_rate': 1.6064270201938163e-05, 'batch_size': 32}. Best is trial 0 with value: 0.08160930126905441.
GPU available: False, used: False
TPU available: False, using: 0 TPU cores
HPU available: False, using: 0 HPUs
SLURM auto-requeueing enabled. Setting signal handlers.
Monitored metric train_loss did not improve in the last 146 records. Best score: 0.038. Signaling Trainer to stop.
GPU available: False, used: False
TPU available: False, using: 0 TPU cores
HPU available: False, using: 0 HPUs
SLURM auto-requeueing enabled. Setting signal handlers.
[I 2024-11-01 15:46:38,119] Trial 117 finished with value: 0.2911969721317291 and parameters: {'hidden_dim': 197, 'n_layers': 4, 'dropout': 0.40032721418714107, 'input_chunk_length': 16, 'learning_rate': 0.0026735027362214375, 'batch_size': 32}. Best is trial 0 with value: 0.08160930126905441.
GPU available: False, used: False
TPU available: False, using: 0 TPU cores
HPU available: False, using: 0 HPUs
SLURM auto-requeueing enabled. Setting signal handlers.
Monitored metric train_loss did not improve in the last 147 records. Best score: 0.038. Signaling Trainer to stop.
GPU available: False, used: False
TPU available: False, using: 0 TPU cores
HPU available: False, using: 0 HPUs
SLURM auto-requeueing enabled. Setting signal handlers.
[I 2024-11-01 15:47:18,922] Trial 118 finished with value: 0.28781604766845703 and parameters: {'hidden_dim': 174, 'n_layers': 6, 'dropout': 0.44569799339868393, 'input_chunk_length': 7, 'learning_rate': 0.0017290996076199982, 'batch_size': 32}. Best is trial 0 with value: 0.08160930126905441.
GPU available: False, used: False
TPU available: False, using: 0 TPU cores
HPU available: False, using: 0 HPUs
SLURM auto-requeueing enabled. Setting signal handlers.
Monitored metric train_loss did not improve in the last 148 records. Best score: 0.038. Signaling Trainer to stop.
GPU available: False, used: False
TPU available: False, using: 0 TPU cores
HPU available: False, using: 0 HPUs
SLURM auto-requeueing enabled. Setting signal handlers.
[I 2024-11-01 15:48:00,306] Trial 119 finished with value: 0.20049801468849182 and parameters: {'hidden_dim': 160, 'n_layers': 6, 'dropout': 0.4176896662819119, 'input_chunk_length': 13, 'learning_rate': 0.0011539965487629195, 'batch_size': 32}. Best is trial 0 with value: 0.08160930126905441.
GPU available: False, used: False
TPU available: False, using: 0 TPU cores
HPU available: False, using: 0 HPUs
SLURM auto-requeueing enabled. Setting signal handlers.
Monitored metric train_loss did not improve in the last 149 records. Best score: 0.038. Signaling Trainer to stop.
GPU available: False, used: False
TPU available: False, using: 0 TPU cores
HPU available: False, using: 0 HPUs
SLURM auto-requeueing enabled. Setting signal handlers.
[I 2024-11-01 15:48:51,191] Trial 120 finished with value: 0.29807716608047485 and parameters: {'hidden_dim': 164, 'n_layers': 6, 'dropout': 0.3853679299175112, 'input_chunk_length': 21, 'learning_rate': 0.0013503548796510577, 'batch_size': 32}. Best is trial 0 with value: 0.08160930126905441.
GPU available: False, used: False
TPU available: False, using: 0 TPU cores
HPU available: False, using: 0 HPUs
SLURM auto-requeueing enabled. Setting signal handlers.
Monitored metric train_loss did not improve in the last 150 records. Best score: 0.038. Signaling Trainer to stop.
GPU available: False, used: False
TPU available: False, using: 0 TPU cores
HPU available: False, using: 0 HPUs
SLURM auto-requeueing enabled. Setting signal handlers.
[I 2024-11-01 15:49:15,792] Trial 121 finished with value: 0.3104189336299896 and parameters: {'hidden_dim': 177, 'n_layers': 1, 'dropout': 0.4575540982125929, 'input_chunk_length': 2, 'learning_rate': 0.0009205318187297817, 'batch_size': 32}. Best is trial 0 with value: 0.08160930126905441.
GPU available: False, used: False
TPU available: False, using: 0 TPU cores
HPU available: False, using: 0 HPUs
SLURM auto-requeueing enabled. Setting signal handlers.
Monitored metric train_loss did not improve in the last 151 records. Best score: 0.038. Signaling Trainer to stop.
GPU available: False, used: False
TPU available: False, using: 0 TPU cores
HPU available: False, using: 0 HPUs
SLURM auto-requeueing enabled. Setting signal handlers.
[I 2024-11-01 15:50:14,289] Trial 122 finished with value: 0.2989608347415924 and parameters: {'hidden_dim': 186, 'n_layers': 1, 'dropout': 0.4269365939203256, 'input_chunk_length': 34, 'learning_rate': 0.000756636218571391, 'batch_size': 32}. Best is trial 0 with value: 0.08160930126905441.
GPU available: False, used: False
TPU available: False, using: 0 TPU cores
HPU available: False, using: 0 HPUs
SLURM auto-requeueing enabled. Setting signal handlers.
Monitored metric train_loss did not improve in the last 152 records. Best score: 0.038. Signaling Trainer to stop.
GPU available: False, used: False
TPU available: False, using: 0 TPU cores
HPU available: False, using: 0 HPUs
SLURM auto-requeueing enabled. Setting signal handlers.
[I 2024-11-01 15:52:33,954] Trial 123 finished with value: 0.306993305683136 and parameters: {'hidden_dim': 206, 'n_layers': 6, 'dropout': 0.4361398311605826, 'input_chunk_length': 74, 'learning_rate': 0.0017369542473203655, 'batch_size': 32}. Best is trial 0 with value: 0.08160930126905441.
GPU available: False, used: False
TPU available: False, using: 0 TPU cores
HPU available: False, using: 0 HPUs
SLURM auto-requeueing enabled. Setting signal handlers.
Monitored metric train_loss did not improve in the last 153 records. Best score: 0.038. Signaling Trainer to stop.
GPU available: False, used: False
TPU available: False, using: 0 TPU cores
HPU available: False, using: 0 HPUs
SLURM auto-requeueing enabled. Setting signal handlers.
[I 2024-11-01 15:54:05,836] Trial 124 finished with value: 0.2760060131549835 and parameters: {'hidden_dim': 190, 'n_layers': 1, 'dropout': 0.4110776251592984, 'input_chunk_length': 66, 'learning_rate': 0.0010496324849633219, 'batch_size': 32}. Best is trial 0 with value: 0.08160930126905441.
GPU available: False, used: False
TPU available: False, using: 0 TPU cores
HPU available: False, using: 0 HPUs
SLURM auto-requeueing enabled. Setting signal handlers.
Monitored metric train_loss did not improve in the last 154 records. Best score: 0.038. Signaling Trainer to stop.
GPU available: False, used: False
TPU available: False, using: 0 TPU cores
HPU available: False, using: 0 HPUs
SLURM auto-requeueing enabled. Setting signal handlers.
[I 2024-11-01 15:54:46,375] Trial 125 finished with value: 0.2973474860191345 and parameters: {'hidden_dim': 182, 'n_layers': 5, 'dropout': 0.1928668553561623, 'input_chunk_length': 10, 'learning_rate': 0.0002890090688222901, 'batch_size': 32}. Best is trial 0 with value: 0.08160930126905441.
GPU available: False, used: False
TPU available: False, using: 0 TPU cores
HPU available: False, using: 0 HPUs
SLURM auto-requeueing enabled. Setting signal handlers.
Monitored metric train_loss did not improve in the last 155 records. Best score: 0.038. Signaling Trainer to stop.
GPU available: False, used: False
TPU available: False, using: 0 TPU cores
HPU available: False, using: 0 HPUs
SLURM auto-requeueing enabled. Setting signal handlers.
[I 2024-11-01 15:55:25,457] Trial 126 finished with value: 0.31250548362731934 and parameters: {'hidden_dim': 194, 'n_layers': 6, 'dropout': 0.44440119323665084, 'input_chunk_length': 7, 'learning_rate': 0.00048763574402525345, 'batch_size': 32}. Best is trial 0 with value: 0.08160930126905441.
GPU available: False, used: False
TPU available: False, using: 0 TPU cores
HPU available: False, using: 0 HPUs
SLURM auto-requeueing enabled. Setting signal handlers.
Monitored metric train_loss did not improve in the last 156 records. Best score: 0.038. Signaling Trainer to stop.
GPU available: False, used: False
TPU available: False, using: 0 TPU cores
HPU available: False, using: 0 HPUs
SLURM auto-requeueing enabled. Setting signal handlers.
[I 2024-11-01 15:56:06,810] Trial 127 finished with value: 0.2266521155834198 and parameters: {'hidden_dim': 142, 'n_layers': 5, 'dropout': 0.42413845297339353, 'input_chunk_length': 18, 'learning_rate': 0.0006054274328741851, 'batch_size': 32}. Best is trial 0 with value: 0.08160930126905441.
GPU available: False, used: False
TPU available: False, using: 0 TPU cores
HPU available: False, using: 0 HPUs
SLURM auto-requeueing enabled. Setting signal handlers.
Monitored metric train_loss did not improve in the last 157 records. Best score: 0.038. Signaling Trainer to stop.
GPU available: False, used: False
TPU available: False, using: 0 TPU cores
HPU available: False, using: 0 HPUs
SLURM auto-requeueing enabled. Setting signal handlers.
[I 2024-11-01 15:56:28,604] Trial 128 finished with value: 0.28117743134498596 and parameters: {'hidden_dim': 199, 'n_layers': 1, 'dropout': 0.4742015971175665, 'input_chunk_length': 4, 'learning_rate': 0.00022225895131581117, 'batch_size': 64}. Best is trial 0 with value: 0.08160930126905441.
GPU available: False, used: False
TPU available: False, using: 0 TPU cores
HPU available: False, using: 0 HPUs
SLURM auto-requeueing enabled. Setting signal handlers.
Monitored metric train_loss did not improve in the last 158 records. Best score: 0.038. Signaling Trainer to stop.
GPU available: False, used: False
TPU available: False, using: 0 TPU cores
HPU available: False, using: 0 HPUs
SLURM auto-requeueing enabled. Setting signal handlers.
[I 2024-11-01 15:57:09,068] Trial 129 finished with value: 0.30227795243263245 and parameters: {'hidden_dim': 204, 'n_layers': 6, 'dropout': 0.46535636765679156, 'input_chunk_length': 12, 'learning_rate': 0.0003651462984730965, 'batch_size': 64}. Best is trial 0 with value: 0.08160930126905441.
GPU available: False, used: False
TPU available: False, using: 0 TPU cores
HPU available: False, using: 0 HPUs
SLURM auto-requeueing enabled. Setting signal handlers.
Monitored metric train_loss did not improve in the last 159 records. Best score: 0.038. Signaling Trainer to stop.
GPU available: False, used: False
TPU available: False, using: 0 TPU cores
HPU available: False, using: 0 HPUs
SLURM auto-requeueing enabled. Setting signal handlers.
[I 2024-11-01 15:57:51,938] Trial 130 finished with value: 0.3083713948726654 and parameters: {'hidden_dim': 212, 'n_layers': 6, 'dropout': 0.39080101346242274, 'input_chunk_length': 8, 'learning_rate': 0.0020248925221642345, 'batch_size': 32}. Best is trial 0 with value: 0.08160930126905441.
GPU available: False, used: False
TPU available: False, using: 0 TPU cores
HPU available: False, using: 0 HPUs
SLURM auto-requeueing enabled. Setting signal handlers.
Monitored metric train_loss did not improve in the last 160 records. Best score: 0.038. Signaling Trainer to stop.
GPU available: False, used: False
TPU available: False, using: 0 TPU cores
HPU available: False, using: 0 HPUs
SLURM auto-requeueing enabled. Setting signal handlers.
[I 2024-11-01 15:58:30,067] Trial 131 finished with value: 0.19827492535114288 and parameters: {'hidden_dim': 180, 'n_layers': 5, 'dropout': 0.4098467331936456, 'input_chunk_length': 9, 'learning_rate': 0.0007109472079629553, 'batch_size': 32}. Best is trial 0 with value: 0.08160930126905441.
GPU available: False, used: False
TPU available: False, using: 0 TPU cores
HPU available: False, using: 0 HPUs
SLURM auto-requeueing enabled. Setting signal handlers.
Monitored metric train_loss did not improve in the last 161 records. Best score: 0.038. Signaling Trainer to stop.
GPU available: False, used: False
TPU available: False, using: 0 TPU cores
HPU available: False, using: 0 HPUs
SLURM auto-requeueing enabled. Setting signal handlers.
[I 2024-11-01 16:00:21,196] Trial 132 finished with value: 0.259860634803772 and parameters: {'hidden_dim': 186, 'n_layers': 5, 'dropout': 0.4086717059144839, 'input_chunk_length': 68, 'learning_rate': 0.0008443485095080822, 'batch_size': 32}. Best is trial 0 with value: 0.08160930126905441.
GPU available: False, used: False
TPU available: False, using: 0 TPU cores
HPU available: False, using: 0 HPUs
SLURM auto-requeueing enabled. Setting signal handlers.
Monitored metric train_loss did not improve in the last 162 records. Best score: 0.038. Signaling Trainer to stop.
GPU available: False, used: False
TPU available: False, using: 0 TPU cores
HPU available: False, using: 0 HPUs
SLURM auto-requeueing enabled. Setting signal handlers.
[I 2024-11-01 16:01:00,887] Trial 133 finished with value: 0.16593776643276215 and parameters: {'hidden_dim': 192, 'n_layers': 5, 'dropout': 0.34334430328929405, 'input_chunk_length': 10, 'learning_rate': 0.0011512334878124293, 'batch_size': 32}. Best is trial 0 with value: 0.08160930126905441.
GPU available: False, used: False
TPU available: False, using: 0 TPU cores
HPU available: False, using: 0 HPUs
SLURM auto-requeueing enabled. Setting signal handlers.
Monitored metric train_loss did not improve in the last 163 records. Best score: 0.038. Signaling Trainer to stop.
GPU available: False, used: False
TPU available: False, using: 0 TPU cores
HPU available: False, using: 0 HPUs
SLURM auto-requeueing enabled. Setting signal handlers.
[I 2024-11-01 16:01:45,426] Trial 134 finished with value: 0.23268058896064758 and parameters: {'hidden_dim': 192, 'n_layers': 5, 'dropout': 0.3537469770280175, 'input_chunk_length': 14, 'learning_rate': 0.0010422280584872908, 'batch_size': 32}. Best is trial 0 with value: 0.08160930126905441.
GPU available: False, used: False
TPU available: False, using: 0 TPU cores
HPU available: False, using: 0 HPUs
SLURM auto-requeueing enabled. Setting signal handlers.
Monitored metric train_loss did not improve in the last 164 records. Best score: 0.038. Signaling Trainer to stop.
GPU available: False, used: False
TPU available: False, using: 0 TPU cores
HPU available: False, using: 0 HPUs
SLURM auto-requeueing enabled. Setting signal handlers.
[I 2024-11-01 16:02:14,902] Trial 135 finished with value: 0.2196543663740158 and parameters: {'hidden_dim': 195, 'n_layers': 1, 'dropout': 0.34022035353092844, 'input_chunk_length': 6, 'learning_rate': 0.0014154701904997933, 'batch_size': 32}. Best is trial 0 with value: 0.08160930126905441.
GPU available: False, used: False
TPU available: False, using: 0 TPU cores
HPU available: False, using: 0 HPUs
SLURM auto-requeueing enabled. Setting signal handlers.
Monitored metric train_loss did not improve in the last 165 records. Best score: 0.038. Signaling Trainer to stop.
GPU available: False, used: False
TPU available: False, using: 0 TPU cores
HPU available: False, using: 0 HPUs
SLURM auto-requeueing enabled. Setting signal handlers.
[I 2024-11-01 16:04:02,602] Trial 136 finished with value: 0.3066467046737671 and parameters: {'hidden_dim': 200, 'n_layers': 6, 'dropout': 0.3670078773416055, 'input_chunk_length': 62, 'learning_rate': 0.001191967460004979, 'batch_size': 64}. Best is trial 0 with value: 0.08160930126905441.
GPU available: False, used: False
TPU available: False, using: 0 TPU cores
HPU available: False, using: 0 HPUs
SLURM auto-requeueing enabled. Setting signal handlers.
Monitored metric train_loss did not improve in the last 166 records. Best score: 0.038. Signaling Trainer to stop.
GPU available: False, used: False
TPU available: False, using: 0 TPU cores
HPU available: False, using: 0 HPUs
SLURM auto-requeueing enabled. Setting signal handlers.
[I 2024-11-01 16:04:34,552] Trial 137 finished with value: 0.17008015513420105 and parameters: {'hidden_dim': 188, 'n_layers': 6, 'dropout': 0.2782480203096986, 'input_chunk_length': 2, 'learning_rate': 0.0012218961188731382, 'batch_size': 32}. Best is trial 0 with value: 0.08160930126905441.
GPU available: False, used: False
TPU available: False, using: 0 TPU cores
HPU available: False, using: 0 HPUs
SLURM auto-requeueing enabled. Setting signal handlers.
Monitored metric train_loss did not improve in the last 167 records. Best score: 0.038. Signaling Trainer to stop.
GPU available: False, used: False
TPU available: False, using: 0 TPU cores
HPU available: False, using: 0 HPUs
SLURM auto-requeueing enabled. Setting signal handlers.
[I 2024-11-01 16:05:07,170] Trial 138 finished with value: 0.2124844342470169 and parameters: {'hidden_dim': 187, 'n_layers': 6, 'dropout': 0.2784685751732357, 'input_chunk_length': 2, 'learning_rate': 0.0016639439498239953, 'batch_size': 32}. Best is trial 0 with value: 0.08160930126905441.
GPU available: False, used: False
TPU available: False, using: 0 TPU cores
HPU available: False, using: 0 HPUs
SLURM auto-requeueing enabled. Setting signal handlers.
Monitored metric train_loss did not improve in the last 168 records. Best score: 0.038. Signaling Trainer to stop.
GPU available: False, used: False
TPU available: False, using: 0 TPU cores
HPU available: False, using: 0 HPUs
SLURM auto-requeueing enabled. Setting signal handlers.
[I 2024-11-01 16:05:41,956] Trial 139 finished with value: 0.33120861649513245 and parameters: {'hidden_dim': 175, 'n_layers': 6, 'dropout': 0.2323189768338263, 'input_chunk_length': 5, 'learning_rate': 0.0022774085152688544, 'batch_size': 32}. Best is trial 0 with value: 0.08160930126905441.
GPU available: False, used: False
TPU available: False, using: 0 TPU cores
HPU available: False, using: 0 HPUs
SLURM auto-requeueing enabled. Setting signal handlers.
Monitored metric train_loss did not improve in the last 169 records. Best score: 0.038. Signaling Trainer to stop.
GPU available: False, used: False
TPU available: False, using: 0 TPU cores
HPU available: False, using: 0 HPUs
SLURM auto-requeueing enabled. Setting signal handlers.
[I 2024-11-01 16:06:28,155] Trial 140 finished with value: 0.22964201867580414 and parameters: {'hidden_dim': 208, 'n_layers': 6, 'dropout': 0.25709258392817563, 'input_chunk_length': 11, 'learning_rate': 0.0012295505720785992, 'batch_size': 32}. Best is trial 0 with value: 0.08160930126905441.
GPU available: False, used: False
TPU available: False, using: 0 TPU cores
HPU available: False, using: 0 HPUs
SLURM auto-requeueing enabled. Setting signal handlers.
Monitored metric train_loss did not improve in the last 170 records. Best score: 0.038. Signaling Trainer to stop.
GPU available: False, used: False
TPU available: False, using: 0 TPU cores
HPU available: False, using: 0 HPUs
SLURM auto-requeueing enabled. Setting signal handlers.
[I 2024-11-01 16:07:03,332] Trial 141 finished with value: 0.31120526790618896 and parameters: {'hidden_dim': 191, 'n_layers': 6, 'dropout': 0.2843195615279957, 'input_chunk_length': 4, 'learning_rate': 0.0014419475724727084, 'batch_size': 32}. Best is trial 0 with value: 0.08160930126905441.
GPU available: False, used: False
TPU available: False, using: 0 TPU cores
HPU available: False, using: 0 HPUs
SLURM auto-requeueing enabled. Setting signal handlers.
Monitored metric train_loss did not improve in the last 171 records. Best score: 0.038. Signaling Trainer to stop.
GPU available: False, used: False
TPU available: False, using: 0 TPU cores
HPU available: False, using: 0 HPUs
SLURM auto-requeueing enabled. Setting signal handlers.
[I 2024-11-01 16:07:35,227] Trial 142 finished with value: 0.15991321206092834 and parameters: {'hidden_dim': 183, 'n_layers': 1, 'dropout': 0.29076774101518094, 'input_chunk_length': 9, 'learning_rate': 0.0009416583623862684, 'batch_size': 32}. Best is trial 0 with value: 0.08160930126905441.
GPU available: False, used: False
TPU available: False, using: 0 TPU cores
HPU available: False, using: 0 HPUs
SLURM auto-requeueing enabled. Setting signal handlers.
Monitored metric train_loss did not improve in the last 172 records. Best score: 0.038. Signaling Trainer to stop.
GPU available: False, used: False
TPU available: False, using: 0 TPU cores
HPU available: False, using: 0 HPUs
SLURM auto-requeueing enabled. Setting signal handlers.
