[I 2024-11-04 12:11:20,716] Trial 70 finished with value: 0.3682720959186554 and parameters: {'hidden_dim': 326, 'n_layers': 6, 'dropout': 0.03527526277674336, 'input_chunk_length': 102, 'learning_rate': 0.00021236389210462178, 'batch_size': 64}. Best is trial 1 with value: 0.1384694129228592.
GPU available: True (cuda), used: True
TPU available: False, using: 0 TPU cores
HPU available: False, using: 0 HPUs
LOCAL_RANK: 0 - CUDA_VISIBLE_DEVICES: [0,1,2,3]
SLURM auto-requeueing enabled. Setting signal handlers.
Monitored metric train_loss did not improve in the last 129 records. Best score: 0.073. Signaling Trainer to stop.
GPU available: True (cuda), used: True
TPU available: False, using: 0 TPU cores
HPU available: False, using: 0 HPUs
LOCAL_RANK: 0 - CUDA_VISIBLE_DEVICES: [0,1,2,3]
SLURM auto-requeueing enabled. Setting signal handlers.
[I 2024-11-04 12:11:51,264] Trial 71 finished with value: 0.4343903958797455 and parameters: {'hidden_dim': 388, 'n_layers': 6, 'dropout': 0.09256417819303256, 'input_chunk_length': 142, 'learning_rate': 0.0006714010121356945, 'batch_size': 32}. Best is trial 1 with value: 0.1384694129228592.
GPU available: True (cuda), used: True
TPU available: False, using: 0 TPU cores
HPU available: False, using: 0 HPUs
LOCAL_RANK: 0 - CUDA_VISIBLE_DEVICES: [0,1,2,3]
SLURM auto-requeueing enabled. Setting signal handlers.
Monitored metric train_loss did not improve in the last 130 records. Best score: 0.073. Signaling Trainer to stop.
GPU available: True (cuda), used: True
TPU available: False, using: 0 TPU cores
HPU available: False, using: 0 HPUs
LOCAL_RANK: 0 - CUDA_VISIBLE_DEVICES: [0,1,2,3]
SLURM auto-requeueing enabled. Setting signal handlers.
[I 2024-11-04 12:12:15,847] Trial 72 finished with value: 0.3237617313861847 and parameters: {'hidden_dim': 264, 'n_layers': 6, 'dropout': 0.14038145076238379, 'input_chunk_length': 133, 'learning_rate': 0.00011809721931004281, 'batch_size': 32}. Best is trial 1 with value: 0.1384694129228592.
GPU available: True (cuda), used: True
TPU available: False, using: 0 TPU cores
HPU available: False, using: 0 HPUs
LOCAL_RANK: 0 - CUDA_VISIBLE_DEVICES: [0,1,2,3]
SLURM auto-requeueing enabled. Setting signal handlers.
Monitored metric train_loss did not improve in the last 131 records. Best score: 0.073. Signaling Trainer to stop.
GPU available: True (cuda), used: True
TPU available: False, using: 0 TPU cores
HPU available: False, using: 0 HPUs
LOCAL_RANK: 0 - CUDA_VISIBLE_DEVICES: [0,1,2,3]
SLURM auto-requeueing enabled. Setting signal handlers.
[I 2024-11-04 12:12:38,827] Trial 73 finished with value: 0.4499552249908447 and parameters: {'hidden_dim': 207, 'n_layers': 5, 'dropout': 0.11455471858975706, 'input_chunk_length': 128, 'learning_rate': 7.776775375746472e-05, 'batch_size': 32}. Best is trial 1 with value: 0.1384694129228592.
GPU available: True (cuda), used: True
TPU available: False, using: 0 TPU cores
HPU available: False, using: 0 HPUs
LOCAL_RANK: 0 - CUDA_VISIBLE_DEVICES: [0,1,2,3]
SLURM auto-requeueing enabled. Setting signal handlers.
Monitored metric train_loss did not improve in the last 132 records. Best score: 0.073. Signaling Trainer to stop.
GPU available: True (cuda), used: True
TPU available: False, using: 0 TPU cores
HPU available: False, using: 0 HPUs
LOCAL_RANK: 0 - CUDA_VISIBLE_DEVICES: [0,1,2,3]
SLURM auto-requeueing enabled. Setting signal handlers.
[I 2024-11-04 12:12:56,594] Trial 74 finished with value: 0.34723997116088867 and parameters: {'hidden_dim': 448, 'n_layers': 6, 'dropout': 0.054963996566437634, 'input_chunk_length': 15, 'learning_rate': 0.00031614770045805286, 'batch_size': 32}. Best is trial 1 with value: 0.1384694129228592.
GPU available: True (cuda), used: True
TPU available: False, using: 0 TPU cores
HPU available: False, using: 0 HPUs
LOCAL_RANK: 0 - CUDA_VISIBLE_DEVICES: [0,1,2,3]
SLURM auto-requeueing enabled. Setting signal handlers.
Monitored metric train_loss did not improve in the last 133 records. Best score: 0.073. Signaling Trainer to stop.
GPU available: True (cuda), used: True
TPU available: False, using: 0 TPU cores
HPU available: False, using: 0 HPUs
LOCAL_RANK: 0 - CUDA_VISIBLE_DEVICES: [0,1,2,3]
SLURM auto-requeueing enabled. Setting signal handlers.
[I 2024-11-04 12:13:22,747] Trial 75 finished with value: 0.3991881310939789 and parameters: {'hidden_dim': 334, 'n_layers': 5, 'dropout': 0.2575180562044571, 'input_chunk_length': 139, 'learning_rate': 4.437409187469412e-05, 'batch_size': 32}. Best is trial 1 with value: 0.1384694129228592.
GPU available: True (cuda), used: True
TPU available: False, using: 0 TPU cores
HPU available: False, using: 0 HPUs
LOCAL_RANK: 0 - CUDA_VISIBLE_DEVICES: [0,1,2,3]
SLURM auto-requeueing enabled. Setting signal handlers.
Monitored metric train_loss did not improve in the last 134 records. Best score: 0.073. Signaling Trainer to stop.
GPU available: True (cuda), used: True
TPU available: False, using: 0 TPU cores
HPU available: False, using: 0 HPUs
LOCAL_RANK: 0 - CUDA_VISIBLE_DEVICES: [0,1,2,3]
SLURM auto-requeueing enabled. Setting signal handlers.
[I 2024-11-04 12:13:42,931] Trial 76 finished with value: 0.3580996096134186 and parameters: {'hidden_dim': 243, 'n_layers': 4, 'dropout': 0.17633477115153817, 'input_chunk_length': 83, 'learning_rate': 0.00047067401151576634, 'batch_size': 32}. Best is trial 1 with value: 0.1384694129228592.
GPU available: True (cuda), used: True
TPU available: False, using: 0 TPU cores
HPU available: False, using: 0 HPUs
LOCAL_RANK: 0 - CUDA_VISIBLE_DEVICES: [0,1,2,3]
SLURM auto-requeueing enabled. Setting signal handlers.
Monitored metric train_loss did not improve in the last 135 records. Best score: 0.073. Signaling Trainer to stop.
GPU available: True (cuda), used: True
TPU available: False, using: 0 TPU cores
HPU available: False, using: 0 HPUs
LOCAL_RANK: 0 - CUDA_VISIBLE_DEVICES: [0,1,2,3]
SLURM auto-requeueing enabled. Setting signal handlers.
[I 2024-11-04 12:14:03,700] Trial 77 finished with value: 0.34772637486457825 and parameters: {'hidden_dim': 280, 'n_layers': 3, 'dropout': 0.15641120054345825, 'input_chunk_length': 112, 'learning_rate': 0.00016966399506423676, 'batch_size': 32}. Best is trial 1 with value: 0.1384694129228592.
GPU available: True (cuda), used: True
TPU available: False, using: 0 TPU cores
HPU available: False, using: 0 HPUs
LOCAL_RANK: 0 - CUDA_VISIBLE_DEVICES: [0,1,2,3]
SLURM auto-requeueing enabled. Setting signal handlers.
Monitored metric train_loss did not improve in the last 136 records. Best score: 0.073. Signaling Trainer to stop.
GPU available: True (cuda), used: True
TPU available: False, using: 0 TPU cores
HPU available: False, using: 0 HPUs
LOCAL_RANK: 0 - CUDA_VISIBLE_DEVICES: [0,1,2,3]
SLURM auto-requeueing enabled. Setting signal handlers.
[I 2024-11-04 12:14:34,173] Trial 78 finished with value: 0.39600256085395813 and parameters: {'hidden_dim': 364, 'n_layers': 6, 'dropout': 0.09474974707120778, 'input_chunk_length': 149, 'learning_rate': 0.00013977004311887837, 'batch_size': 32}. Best is trial 1 with value: 0.1384694129228592.
GPU available: True (cuda), used: True
TPU available: False, using: 0 TPU cores
HPU available: False, using: 0 HPUs
LOCAL_RANK: 0 - CUDA_VISIBLE_DEVICES: [0,1,2,3]
SLURM auto-requeueing enabled. Setting signal handlers.
Monitored metric train_loss did not improve in the last 137 records. Best score: 0.073. Signaling Trainer to stop.
GPU available: True (cuda), used: True
TPU available: False, using: 0 TPU cores
HPU available: False, using: 0 HPUs
LOCAL_RANK: 0 - CUDA_VISIBLE_DEVICES: [0,1,2,3]
SLURM auto-requeueing enabled. Setting signal handlers.
[I 2024-11-04 12:14:51,248] Trial 79 finished with value: 1.0090786218643188 and parameters: {'hidden_dim': 425, 'n_layers': 5, 'dropout': 0.20946212418720475, 'input_chunk_length': 27, 'learning_rate': 0.0030439430383461153, 'batch_size': 64}. Best is trial 1 with value: 0.1384694129228592.
GPU available: True (cuda), used: True
TPU available: False, using: 0 TPU cores
HPU available: False, using: 0 HPUs
LOCAL_RANK: 0 - CUDA_VISIBLE_DEVICES: [0,1,2,3]
SLURM auto-requeueing enabled. Setting signal handlers.
Monitored metric train_loss did not improve in the last 138 records. Best score: 0.073. Signaling Trainer to stop.
GPU available: True (cuda), used: True
TPU available: False, using: 0 TPU cores
HPU available: False, using: 0 HPUs
LOCAL_RANK: 0 - CUDA_VISIBLE_DEVICES: [0,1,2,3]
SLURM auto-requeueing enabled. Setting signal handlers.
[I 2024-11-04 12:15:15,259] Trial 80 finished with value: 0.506384015083313 and parameters: {'hidden_dim': 396, 'n_layers': 4, 'dropout': 0.23081579533098082, 'input_chunk_length': 123, 'learning_rate': 3.459252471234249e-05, 'batch_size': 32}. Best is trial 1 with value: 0.1384694129228592.
GPU available: True (cuda), used: True
TPU available: False, using: 0 TPU cores
HPU available: False, using: 0 HPUs
LOCAL_RANK: 0 - CUDA_VISIBLE_DEVICES: [0,1,2,3]
SLURM auto-requeueing enabled. Setting signal handlers.
Monitored metric train_loss did not improve in the last 139 records. Best score: 0.073. Signaling Trainer to stop.
GPU available: True (cuda), used: True
TPU available: False, using: 0 TPU cores
HPU available: False, using: 0 HPUs
LOCAL_RANK: 0 - CUDA_VISIBLE_DEVICES: [0,1,2,3]
SLURM auto-requeueing enabled. Setting signal handlers.
[I 2024-11-04 12:15:31,696] Trial 81 finished with value: 0.5026888251304626 and parameters: {'hidden_dim': 238, 'n_layers': 6, 'dropout': 0.23656958185091786, 'input_chunk_length': 22, 'learning_rate': 1.486260814730104e-05, 'batch_size': 64}. Best is trial 1 with value: 0.1384694129228592.
GPU available: True (cuda), used: True
TPU available: False, using: 0 TPU cores
HPU available: False, using: 0 HPUs
LOCAL_RANK: 0 - CUDA_VISIBLE_DEVICES: [0,1,2,3]
SLURM auto-requeueing enabled. Setting signal handlers.
Monitored metric train_loss did not improve in the last 140 records. Best score: 0.073. Signaling Trainer to stop.
GPU available: True (cuda), used: True
TPU available: False, using: 0 TPU cores
HPU available: False, using: 0 HPUs
LOCAL_RANK: 0 - CUDA_VISIBLE_DEVICES: [0,1,2,3]
SLURM auto-requeueing enabled. Setting signal handlers.
[I 2024-11-04 12:15:47,855] Trial 82 finished with value: 0.5293253660202026 and parameters: {'hidden_dim': 311, 'n_layers': 6, 'dropout': 0.21853735049220074, 'input_chunk_length': 14, 'learning_rate': 1.99304015242665e-05, 'batch_size': 64}. Best is trial 1 with value: 0.1384694129228592.
GPU available: True (cuda), used: True
TPU available: False, using: 0 TPU cores
HPU available: False, using: 0 HPUs
LOCAL_RANK: 0 - CUDA_VISIBLE_DEVICES: [0,1,2,3]
SLURM auto-requeueing enabled. Setting signal handlers.
Monitored metric train_loss did not improve in the last 141 records. Best score: 0.073. Signaling Trainer to stop.
GPU available: True (cuda), used: True
TPU available: False, using: 0 TPU cores
HPU available: False, using: 0 HPUs
LOCAL_RANK: 0 - CUDA_VISIBLE_DEVICES: [0,1,2,3]
SLURM auto-requeueing enabled. Setting signal handlers.
[I 2024-11-04 12:16:04,868] Trial 83 finished with value: 0.5791658759117126 and parameters: {'hidden_dim': 164, 'n_layers': 6, 'dropout': 0.3593489396369046, 'input_chunk_length': 44, 'learning_rate': 1.0615547394491316e-05, 'batch_size': 64}. Best is trial 1 with value: 0.1384694129228592.
GPU available: True (cuda), used: True
TPU available: False, using: 0 TPU cores
HPU available: False, using: 0 HPUs
LOCAL_RANK: 0 - CUDA_VISIBLE_DEVICES: [0,1,2,3]
SLURM auto-requeueing enabled. Setting signal handlers.
Monitored metric train_loss did not improve in the last 142 records. Best score: 0.073. Signaling Trainer to stop.
GPU available: True (cuda), used: True
TPU available: False, using: 0 TPU cores
HPU available: False, using: 0 HPUs
LOCAL_RANK: 0 - CUDA_VISIBLE_DEVICES: [0,1,2,3]
SLURM auto-requeueing enabled. Setting signal handlers.
[I 2024-11-04 12:16:21,834] Trial 84 finished with value: 0.44394171237945557 and parameters: {'hidden_dim': 349, 'n_layers': 6, 'dropout': 0.2484987877485677, 'input_chunk_length': 19, 'learning_rate': 1.2906485215227977e-05, 'batch_size': 64}. Best is trial 1 with value: 0.1384694129228592.
GPU available: True (cuda), used: True
TPU available: False, using: 0 TPU cores
HPU available: False, using: 0 HPUs
LOCAL_RANK: 0 - CUDA_VISIBLE_DEVICES: [0,1,2,3]
SLURM auto-requeueing enabled. Setting signal handlers.
Monitored metric train_loss did not improve in the last 143 records. Best score: 0.073. Signaling Trainer to stop.
GPU available: True (cuda), used: True
TPU available: False, using: 0 TPU cores
HPU available: False, using: 0 HPUs
LOCAL_RANK: 0 - CUDA_VISIBLE_DEVICES: [0,1,2,3]
SLURM auto-requeueing enabled. Setting signal handlers.
[I 2024-11-04 12:16:39,175] Trial 85 finished with value: 0.40943965315818787 and parameters: {'hidden_dim': 372, 'n_layers': 5, 'dropout': 0.19140941201324208, 'input_chunk_length': 34, 'learning_rate': 2.289254047806061e-05, 'batch_size': 64}. Best is trial 1 with value: 0.1384694129228592.
GPU available: True (cuda), used: True
TPU available: False, using: 0 TPU cores
HPU available: False, using: 0 HPUs
LOCAL_RANK: 0 - CUDA_VISIBLE_DEVICES: [0,1,2,3]
SLURM auto-requeueing enabled. Setting signal handlers.
Monitored metric train_loss did not improve in the last 144 records. Best score: 0.073. Signaling Trainer to stop.
GPU available: True (cuda), used: True
TPU available: False, using: 0 TPU cores
HPU available: False, using: 0 HPUs
LOCAL_RANK: 0 - CUDA_VISIBLE_DEVICES: [0,1,2,3]
SLURM auto-requeueing enabled. Setting signal handlers.
[I 2024-11-04 12:16:59,123] Trial 86 finished with value: 0.38255125284194946 and parameters: {'hidden_dim': 182, 'n_layers': 6, 'dropout': 0.3936196159201554, 'input_chunk_length': 57, 'learning_rate': 8.603513978977097e-05, 'batch_size': 32}. Best is trial 1 with value: 0.1384694129228592.
GPU available: True (cuda), used: True
TPU available: False, using: 0 TPU cores
HPU available: False, using: 0 HPUs
LOCAL_RANK: 0 - CUDA_VISIBLE_DEVICES: [0,1,2,3]
SLURM auto-requeueing enabled. Setting signal handlers.
Monitored metric train_loss did not improve in the last 145 records. Best score: 0.073. Signaling Trainer to stop.
GPU available: True (cuda), used: True
TPU available: False, using: 0 TPU cores
HPU available: False, using: 0 HPUs
LOCAL_RANK: 0 - CUDA_VISIBLE_DEVICES: [0,1,2,3]
SLURM auto-requeueing enabled. Setting signal handlers.
[I 2024-11-04 12:17:16,314] Trial 87 finished with value: 0.37932372093200684 and parameters: {'hidden_dim': 253, 'n_layers': 1, 'dropout': 0.271777775031477, 'input_chunk_length': 72, 'learning_rate': 0.000279068709079556, 'batch_size': 64}. Best is trial 1 with value: 0.1384694129228592.
GPU available: True (cuda), used: True
TPU available: False, using: 0 TPU cores
HPU available: False, using: 0 HPUs
LOCAL_RANK: 0 - CUDA_VISIBLE_DEVICES: [0,1,2,3]
SLURM auto-requeueing enabled. Setting signal handlers.
Monitored metric train_loss did not improve in the last 146 records. Best score: 0.073. Signaling Trainer to stop.
GPU available: True (cuda), used: True
TPU available: False, using: 0 TPU cores
HPU available: False, using: 0 HPUs
LOCAL_RANK: 0 - CUDA_VISIBLE_DEVICES: [0,1,2,3]
SLURM auto-requeueing enabled. Setting signal handlers.
[I 2024-11-04 12:17:40,108] Trial 88 finished with value: 0.31589025259017944 and parameters: {'hidden_dim': 436, 'n_layers': 3, 'dropout': 0.12003566603451143, 'input_chunk_length': 126, 'learning_rate': 0.00011431895882214471, 'batch_size': 32}. Best is trial 1 with value: 0.1384694129228592.
GPU available: True (cuda), used: True
TPU available: False, using: 0 TPU cores
HPU available: False, using: 0 HPUs
LOCAL_RANK: 0 - CUDA_VISIBLE_DEVICES: [0,1,2,3]
SLURM auto-requeueing enabled. Setting signal handlers.
Monitored metric train_loss did not improve in the last 147 records. Best score: 0.073. Signaling Trainer to stop.
GPU available: True (cuda), used: True
TPU available: False, using: 0 TPU cores
HPU available: False, using: 0 HPUs
LOCAL_RANK: 0 - CUDA_VISIBLE_DEVICES: [0,1,2,3]
SLURM auto-requeueing enabled. Setting signal handlers.
[I 2024-11-04 12:18:03,800] Trial 89 finished with value: 0.4186364710330963 and parameters: {'hidden_dim': 470, 'n_layers': 3, 'dropout': 0.12404308973789724, 'input_chunk_length': 119, 'learning_rate': 0.00011778211559243518, 'batch_size': 32}. Best is trial 1 with value: 0.1384694129228592.
GPU available: True (cuda), used: True
TPU available: False, using: 0 TPU cores
HPU available: False, using: 0 HPUs
LOCAL_RANK: 0 - CUDA_VISIBLE_DEVICES: [0,1,2,3]
SLURM auto-requeueing enabled. Setting signal handlers.
Monitored metric train_loss did not improve in the last 148 records. Best score: 0.073. Signaling Trainer to stop.
GPU available: True (cuda), used: True
TPU available: False, using: 0 TPU cores
HPU available: False, using: 0 HPUs
LOCAL_RANK: 0 - CUDA_VISIBLE_DEVICES: [0,1,2,3]
SLURM auto-requeueing enabled. Setting signal handlers.
[I 2024-11-04 12:18:27,807] Trial 90 finished with value: 0.38968777656555176 and parameters: {'hidden_dim': 438, 'n_layers': 3, 'dropout': 0.06128705457604961, 'input_chunk_length': 130, 'learning_rate': 0.00022205850211029198, 'batch_size': 32}. Best is trial 1 with value: 0.1384694129228592.
GPU available: True (cuda), used: True
TPU available: False, using: 0 TPU cores
HPU available: False, using: 0 HPUs
LOCAL_RANK: 0 - CUDA_VISIBLE_DEVICES: [0,1,2,3]
SLURM auto-requeueing enabled. Setting signal handlers.
Monitored metric train_loss did not improve in the last 149 records. Best score: 0.073. Signaling Trainer to stop.
GPU available: True (cuda), used: True
TPU available: False, using: 0 TPU cores
HPU available: False, using: 0 HPUs
LOCAL_RANK: 0 - CUDA_VISIBLE_DEVICES: [0,1,2,3]
SLURM auto-requeueing enabled. Setting signal handlers.
[I 2024-11-04 12:18:49,888] Trial 91 finished with value: 0.3615624010562897 and parameters: {'hidden_dim': 413, 'n_layers': 2, 'dropout': 0.15108256726516558, 'input_chunk_length': 125, 'learning_rate': 0.00010689441946453063, 'batch_size': 32}. Best is trial 1 with value: 0.1384694129228592.
GPU available: True (cuda), used: True
TPU available: False, using: 0 TPU cores
HPU available: False, using: 0 HPUs
LOCAL_RANK: 0 - CUDA_VISIBLE_DEVICES: [0,1,2,3]
SLURM auto-requeueing enabled. Setting signal handlers.
Monitored metric train_loss did not improve in the last 150 records. Best score: 0.073. Signaling Trainer to stop.
GPU available: True (cuda), used: True
TPU available: False, using: 0 TPU cores
HPU available: False, using: 0 HPUs
LOCAL_RANK: 0 - CUDA_VISIBLE_DEVICES: [0,1,2,3]
SLURM auto-requeueing enabled. Setting signal handlers.
[I 2024-11-04 12:19:16,278] Trial 92 finished with value: 0.32032617926597595 and parameters: {'hidden_dim': 498, 'n_layers': 3, 'dropout': 0.09781731137395247, 'input_chunk_length': 136, 'learning_rate': 0.00018034716436493163, 'batch_size': 32}. Best is trial 1 with value: 0.1384694129228592.
GPU available: True (cuda), used: True
TPU available: False, using: 0 TPU cores
HPU available: False, using: 0 HPUs
LOCAL_RANK: 0 - CUDA_VISIBLE_DEVICES: [0,1,2,3]
SLURM auto-requeueing enabled. Setting signal handlers.
Monitored metric train_loss did not improve in the last 151 records. Best score: 0.073. Signaling Trainer to stop.
GPU available: True (cuda), used: True
TPU available: False, using: 0 TPU cores
HPU available: False, using: 0 HPUs
LOCAL_RANK: 0 - CUDA_VISIBLE_DEVICES: [0,1,2,3]
SLURM auto-requeueing enabled. Setting signal handlers.
[I 2024-11-04 12:19:37,397] Trial 93 finished with value: 0.3523600101470947 and parameters: {'hidden_dim': 385, 'n_layers': 2, 'dropout': 0.08052204021359377, 'input_chunk_length': 112, 'learning_rate': 5.6965217267289325e-05, 'batch_size': 32}. Best is trial 1 with value: 0.1384694129228592.
GPU available: True (cuda), used: True
TPU available: False, using: 0 TPU cores
HPU available: False, using: 0 HPUs
LOCAL_RANK: 0 - CUDA_VISIBLE_DEVICES: [0,1,2,3]
SLURM auto-requeueing enabled. Setting signal handlers.
Monitored metric train_loss did not improve in the last 152 records. Best score: 0.073. Signaling Trainer to stop.
GPU available: True (cuda), used: True
TPU available: False, using: 0 TPU cores
HPU available: False, using: 0 HPUs
LOCAL_RANK: 0 - CUDA_VISIBLE_DEVICES: [0,1,2,3]
SLURM auto-requeueing enabled. Setting signal handlers.
[I 2024-11-04 12:19:54,455] Trial 94 finished with value: 0.3639032542705536 and parameters: {'hidden_dim': 448, 'n_layers': 3, 'dropout': 0.12036272905396915, 'input_chunk_length': 12, 'learning_rate': 0.000988015186971335, 'batch_size': 32}. Best is trial 1 with value: 0.1384694129228592.
GPU available: True (cuda), used: True
TPU available: False, using: 0 TPU cores
HPU available: False, using: 0 HPUs
LOCAL_RANK: 0 - CUDA_VISIBLE_DEVICES: [0,1,2,3]
SLURM auto-requeueing enabled. Setting signal handlers.
Monitored metric train_loss did not improve in the last 153 records. Best score: 0.073. Signaling Trainer to stop.
GPU available: True (cuda), used: True
TPU available: False, using: 0 TPU cores
HPU available: False, using: 0 HPUs
LOCAL_RANK: 0 - CUDA_VISIBLE_DEVICES: [0,1,2,3]
SLURM auto-requeueing enabled. Setting signal handlers.
