[I 2024-11-01 17:49:57,007] Trial 86 finished with value: 0.27343299984931946 and parameters: {'hidden_dim': 242, 'n_layers': 3, 'dropout': 0.4420040250585558, 'input_chunk_length': 100, 'learning_rate': 0.002111536435401478, 'batch_size': 32}. Best is trial 0 with value: 0.07914793491363525.
GPU available: False, used: False
TPU available: False, using: 0 TPU cores
HPU available: False, using: 0 HPUs
SLURM auto-requeueing enabled. Setting signal handlers.
Monitored metric train_loss did not improve in the last 116 records. Best score: 0.031. Signaling Trainer to stop.
GPU available: False, used: False
TPU available: False, using: 0 TPU cores
HPU available: False, using: 0 HPUs
SLURM auto-requeueing enabled. Setting signal handlers.
[I 2024-11-01 17:53:19,758] Trial 87 finished with value: 0.3117653429508209 and parameters: {'hidden_dim': 234, 'n_layers': 4, 'dropout': 0.025074226733960203, 'input_chunk_length': 117, 'learning_rate': 0.0027094732272379476, 'batch_size': 32}. Best is trial 0 with value: 0.07914793491363525.
GPU available: False, used: False
TPU available: False, using: 0 TPU cores
HPU available: False, using: 0 HPUs
SLURM auto-requeueing enabled. Setting signal handlers.
Monitored metric train_loss did not improve in the last 117 records. Best score: 0.031. Signaling Trainer to stop.
GPU available: False, used: False
TPU available: False, using: 0 TPU cores
HPU available: False, using: 0 HPUs
SLURM auto-requeueing enabled. Setting signal handlers.
[I 2024-11-01 17:55:53,159] Trial 88 finished with value: 0.3308660686016083 and parameters: {'hidden_dim': 250, 'n_layers': 3, 'dropout': 0.4241289426639212, 'input_chunk_length': 81, 'learning_rate': 0.0014096422556580757, 'batch_size': 64}. Best is trial 0 with value: 0.07914793491363525.
GPU available: False, used: False
TPU available: False, using: 0 TPU cores
HPU available: False, using: 0 HPUs
SLURM auto-requeueing enabled. Setting signal handlers.
Monitored metric train_loss did not improve in the last 118 records. Best score: 0.031. Signaling Trainer to stop.
GPU available: False, used: False
TPU available: False, using: 0 TPU cores
HPU available: False, using: 0 HPUs
SLURM auto-requeueing enabled. Setting signal handlers.
[I 2024-11-01 17:58:40,801] Trial 89 finished with value: 0.26367342472076416 and parameters: {'hidden_dim': 230, 'n_layers': 4, 'dropout': 0.44169433566899724, 'input_chunk_length': 96, 'learning_rate': 0.002348255150869681, 'batch_size': 32}. Best is trial 0 with value: 0.07914793491363525.
GPU available: False, used: False
TPU available: False, using: 0 TPU cores
HPU available: False, using: 0 HPUs
SLURM auto-requeueing enabled. Setting signal handlers.
Monitored metric train_loss did not improve in the last 119 records. Best score: 0.031. Signaling Trainer to stop.
GPU available: False, used: False
TPU available: False, using: 0 TPU cores
HPU available: False, using: 0 HPUs
SLURM auto-requeueing enabled. Setting signal handlers.
[I 2024-11-01 18:01:23,202] Trial 90 finished with value: 0.26213207840919495 and parameters: {'hidden_dim': 211, 'n_layers': 4, 'dropout': 0.3755351047432356, 'input_chunk_length': 102, 'learning_rate': 0.0017003935437909688, 'batch_size': 32}. Best is trial 0 with value: 0.07914793491363525.
GPU available: False, used: False
TPU available: False, using: 0 TPU cores
HPU available: False, using: 0 HPUs
SLURM auto-requeueing enabled. Setting signal handlers.
Monitored metric train_loss did not improve in the last 120 records. Best score: 0.031. Signaling Trainer to stop.
GPU available: False, used: False
TPU available: False, using: 0 TPU cores
HPU available: False, using: 0 HPUs
SLURM auto-requeueing enabled. Setting signal handlers.
[I 2024-11-01 18:05:01,966] Trial 91 finished with value: 0.2375669628381729 and parameters: {'hidden_dim': 255, 'n_layers': 4, 'dropout': 0.4873946664798009, 'input_chunk_length': 110, 'learning_rate': 0.0010074445749988416, 'batch_size': 32}. Best is trial 0 with value: 0.07914793491363525.
GPU available: False, used: False
TPU available: False, using: 0 TPU cores
HPU available: False, using: 0 HPUs
SLURM auto-requeueing enabled. Setting signal handlers.
Monitored metric train_loss did not improve in the last 121 records. Best score: 0.031. Signaling Trainer to stop.
GPU available: False, used: False
TPU available: False, using: 0 TPU cores
HPU available: False, using: 0 HPUs
SLURM auto-requeueing enabled. Setting signal handlers.
[I 2024-11-01 18:06:08,413] Trial 92 finished with value: 0.18439821898937225 and parameters: {'hidden_dim': 177, 'n_layers': 4, 'dropout': 0.48276182939883405, 'input_chunk_length': 37, 'learning_rate': 0.0008696877118115291, 'batch_size': 32}. Best is trial 0 with value: 0.07914793491363525.
GPU available: False, used: False
TPU available: False, using: 0 TPU cores
HPU available: False, using: 0 HPUs
SLURM auto-requeueing enabled. Setting signal handlers.
Monitored metric train_loss did not improve in the last 122 records. Best score: 0.031. Signaling Trainer to stop.
GPU available: False, used: False
TPU available: False, using: 0 TPU cores
HPU available: False, using: 0 HPUs
SLURM auto-requeueing enabled. Setting signal handlers.
[I 2024-11-01 18:07:04,795] Trial 93 finished with value: 0.28909432888031006 and parameters: {'hidden_dim': 158, 'n_layers': 4, 'dropout': 0.41002612658604953, 'input_chunk_length': 33, 'learning_rate': 0.0012736739184346926, 'batch_size': 32}. Best is trial 0 with value: 0.07914793491363525.
GPU available: False, used: False
TPU available: False, using: 0 TPU cores
HPU available: False, using: 0 HPUs
SLURM auto-requeueing enabled. Setting signal handlers.
Monitored metric train_loss did not improve in the last 123 records. Best score: 0.031. Signaling Trainer to stop.
GPU available: False, used: False
TPU available: False, using: 0 TPU cores
HPU available: False, using: 0 HPUs
SLURM auto-requeueing enabled. Setting signal handlers.
[I 2024-11-01 18:08:04,248] Trial 94 finished with value: 0.27511414885520935 and parameters: {'hidden_dim': 145, 'n_layers': 3, 'dropout': 0.49571956087091257, 'input_chunk_length': 44, 'learning_rate': 0.0020696659125981768, 'batch_size': 32}. Best is trial 0 with value: 0.07914793491363525.
GPU available: False, used: False
TPU available: False, using: 0 TPU cores
HPU available: False, using: 0 HPUs
SLURM auto-requeueing enabled. Setting signal handlers.
Monitored metric train_loss did not improve in the last 124 records. Best score: 0.031. Signaling Trainer to stop.
GPU available: False, used: False
TPU available: False, using: 0 TPU cores
HPU available: False, using: 0 HPUs
SLURM auto-requeueing enabled. Setting signal handlers.
[I 2024-11-01 18:11:10,681] Trial 95 finished with value: 0.31348559260368347 and parameters: {'hidden_dim': 240, 'n_layers': 4, 'dropout': 0.4707997664823209, 'input_chunk_length': 111, 'learning_rate': 0.0005609279734043372, 'batch_size': 32}. Best is trial 0 with value: 0.07914793491363525.
GPU available: False, used: False
TPU available: False, using: 0 TPU cores
HPU available: False, using: 0 HPUs
SLURM auto-requeueing enabled. Setting signal handlers.
Monitored metric train_loss did not improve in the last 125 records. Best score: 0.031. Signaling Trainer to stop.
GPU available: False, used: False
TPU available: False, using: 0 TPU cores
HPU available: False, using: 0 HPUs
SLURM auto-requeueing enabled. Setting signal handlers.
[I 2024-11-01 18:14:38,792] Trial 96 finished with value: 0.17407117784023285 and parameters: {'hidden_dim': 247, 'n_layers': 5, 'dropout': 0.4345970337725669, 'input_chunk_length': 104, 'learning_rate': 0.0006852180859433596, 'batch_size': 32}. Best is trial 0 with value: 0.07914793491363525.
GPU available: False, used: False
TPU available: False, using: 0 TPU cores
HPU available: False, using: 0 HPUs
SLURM auto-requeueing enabled. Setting signal handlers.
Monitored metric train_loss did not improve in the last 126 records. Best score: 0.031. Signaling Trainer to stop.
GPU available: False, used: False
TPU available: False, using: 0 TPU cores
HPU available: False, using: 0 HPUs
SLURM auto-requeueing enabled. Setting signal handlers.
[I 2024-11-01 18:18:26,609] Trial 97 finished with value: 0.383050799369812 and parameters: {'hidden_dim': 247, 'n_layers': 6, 'dropout': 0.34372783760463654, 'input_chunk_length': 105, 'learning_rate': 2.6949609314483294e-05, 'batch_size': 64}. Best is trial 0 with value: 0.07914793491363525.
GPU available: False, used: False
TPU available: False, using: 0 TPU cores
HPU available: False, using: 0 HPUs
SLURM auto-requeueing enabled. Setting signal handlers.
Monitored metric train_loss did not improve in the last 127 records. Best score: 0.031. Signaling Trainer to stop.
GPU available: False, used: False
TPU available: False, using: 0 TPU cores
HPU available: False, using: 0 HPUs
SLURM auto-requeueing enabled. Setting signal handlers.
[I 2024-11-01 18:21:34,028] Trial 98 finished with value: 0.29946017265319824 and parameters: {'hidden_dim': 244, 'n_layers': 5, 'dropout': 0.43535383117615023, 'input_chunk_length': 95, 'learning_rate': 0.0003849743698548066, 'batch_size': 32}. Best is trial 0 with value: 0.07914793491363525.
GPU available: False, used: False
TPU available: False, using: 0 TPU cores
HPU available: False, using: 0 HPUs
SLURM auto-requeueing enabled. Setting signal handlers.
Monitored metric train_loss did not improve in the last 128 records. Best score: 0.031. Signaling Trainer to stop.
GPU available: False, used: False
TPU available: False, using: 0 TPU cores
HPU available: False, using: 0 HPUs
SLURM auto-requeueing enabled. Setting signal handlers.
[I 2024-11-01 18:24:25,473] Trial 99 finished with value: 0.16590763628482819 and parameters: {'hidden_dim': 256, 'n_layers': 5, 'dropout': 0.39606515772392403, 'input_chunk_length': 87, 'learning_rate': 0.0006628865779388459, 'batch_size': 32}. Best is trial 0 with value: 0.07914793491363525.
GPU available: False, used: False
TPU available: False, using: 0 TPU cores
HPU available: False, using: 0 HPUs
SLURM auto-requeueing enabled. Setting signal handlers.
Monitored metric train_loss did not improve in the last 129 records. Best score: 0.031. Signaling Trainer to stop.
GPU available: False, used: False
TPU available: False, using: 0 TPU cores
HPU available: False, using: 0 HPUs
SLURM auto-requeueing enabled. Setting signal handlers.
[I 2024-11-01 18:27:48,908] Trial 100 finished with value: 0.24020487070083618 and parameters: {'hidden_dim': 237, 'n_layers': 6, 'dropout': 0.35373011391247317, 'input_chunk_length': 102, 'learning_rate': 0.0002601740761641224, 'batch_size': 32}. Best is trial 0 with value: 0.07914793491363525.
GPU available: False, used: False
TPU available: False, using: 0 TPU cores
HPU available: False, using: 0 HPUs
SLURM auto-requeueing enabled. Setting signal handlers.
Monitored metric train_loss did not improve in the last 130 records. Best score: 0.031. Signaling Trainer to stop.
GPU available: False, used: False
TPU available: False, using: 0 TPU cores
HPU available: False, using: 0 HPUs
SLURM auto-requeueing enabled. Setting signal handlers.
[I 2024-11-01 18:31:00,243] Trial 101 finished with value: 0.29547226428985596 and parameters: {'hidden_dim': 226, 'n_layers': 5, 'dropout': 0.39053012819924715, 'input_chunk_length': 108, 'learning_rate': 0.0015389535011615025, 'batch_size': 32}. Best is trial 0 with value: 0.07914793491363525.
GPU available: False, used: False
TPU available: False, using: 0 TPU cores
HPU available: False, using: 0 HPUs
SLURM auto-requeueing enabled. Setting signal handlers.
Monitored metric train_loss did not improve in the last 131 records. Best score: 0.031. Signaling Trainer to stop.
GPU available: False, used: False
TPU available: False, using: 0 TPU cores
HPU available: False, using: 0 HPUs
SLURM auto-requeueing enabled. Setting signal handlers.
[I 2024-11-01 18:34:37,651] Trial 102 finished with value: 0.18108899891376495 and parameters: {'hidden_dim': 256, 'n_layers': 5, 'dropout': 0.41711033557080957, 'input_chunk_length': 114, 'learning_rate': 0.0006509649123624172, 'batch_size': 32}. Best is trial 0 with value: 0.07914793491363525.
GPU available: False, used: False
TPU available: False, using: 0 TPU cores
HPU available: False, using: 0 HPUs
SLURM auto-requeueing enabled. Setting signal handlers.
Monitored metric train_loss did not improve in the last 132 records. Best score: 0.031. Signaling Trainer to stop.
GPU available: False, used: False
TPU available: False, using: 0 TPU cores
HPU available: False, using: 0 HPUs
SLURM auto-requeueing enabled. Setting signal handlers.
[I 2024-11-01 18:38:19,122] Trial 103 finished with value: 0.1996014267206192 and parameters: {'hidden_dim': 256, 'n_layers': 5, 'dropout': 0.41951241796596467, 'input_chunk_length': 117, 'learning_rate': 0.0004865519120775234, 'batch_size': 32}. Best is trial 0 with value: 0.07914793491363525.
GPU available: False, used: False
TPU available: False, using: 0 TPU cores
HPU available: False, using: 0 HPUs
SLURM auto-requeueing enabled. Setting signal handlers.
Monitored metric train_loss did not improve in the last 133 records. Best score: 0.031. Signaling Trainer to stop.
GPU available: False, used: False
TPU available: False, using: 0 TPU cores
HPU available: False, using: 0 HPUs
SLURM auto-requeueing enabled. Setting signal handlers.
[I 2024-11-01 18:42:11,858] Trial 104 finished with value: 0.2651112377643585 and parameters: {'hidden_dim': 253, 'n_layers': 5, 'dropout': 0.45746875410355625, 'input_chunk_length': 113, 'learning_rate': 0.0006427866186193678, 'batch_size': 32}. Best is trial 0 with value: 0.07914793491363525.
GPU available: False, used: False
TPU available: False, using: 0 TPU cores
HPU available: False, using: 0 HPUs
SLURM auto-requeueing enabled. Setting signal handlers.
Monitored metric train_loss did not improve in the last 134 records. Best score: 0.031. Signaling Trainer to stop.
GPU available: False, used: False
TPU available: False, using: 0 TPU cores
HPU available: False, using: 0 HPUs
SLURM auto-requeueing enabled. Setting signal handlers.
[I 2024-11-01 18:45:42,737] Trial 105 finished with value: 0.3029549717903137 and parameters: {'hidden_dim': 246, 'n_layers': 5, 'dropout': 0.3995109202697419, 'input_chunk_length': 105, 'learning_rate': 0.000655951768064618, 'batch_size': 32}. Best is trial 0 with value: 0.07914793491363525.
GPU available: False, used: False
TPU available: False, using: 0 TPU cores
HPU available: False, using: 0 HPUs
SLURM auto-requeueing enabled. Setting signal handlers.
Monitored metric train_loss did not improve in the last 135 records. Best score: 0.031. Signaling Trainer to stop.
GPU available: False, used: False
TPU available: False, using: 0 TPU cores
HPU available: False, using: 0 HPUs
SLURM auto-requeueing enabled. Setting signal handlers.
[I 2024-11-01 18:48:43,467] Trial 106 finished with value: 0.19730907678604126 and parameters: {'hidden_dim': 250, 'n_layers': 5, 'dropout': 0.43193971284183935, 'input_chunk_length': 85, 'learning_rate': 0.0002956977198464717, 'batch_size': 32}. Best is trial 0 with value: 0.07914793491363525.
GPU available: False, used: False
TPU available: False, using: 0 TPU cores
HPU available: False, using: 0 HPUs
SLURM auto-requeueing enabled. Setting signal handlers.
Monitored metric train_loss did not improve in the last 136 records. Best score: 0.031. Signaling Trainer to stop.
GPU available: False, used: False
TPU available: False, using: 0 TPU cores
HPU available: False, using: 0 HPUs
SLURM auto-requeueing enabled. Setting signal handlers.
[I 2024-11-01 18:52:00,427] Trial 107 finished with value: 0.30116182565689087 and parameters: {'hidden_dim': 239, 'n_layers': 5, 'dropout': 0.377969231192636, 'input_chunk_length': 100, 'learning_rate': 0.0008795290087550018, 'batch_size': 32}. Best is trial 0 with value: 0.07914793491363525.
GPU available: False, used: False
TPU available: False, using: 0 TPU cores
HPU available: False, using: 0 HPUs
SLURM auto-requeueing enabled. Setting signal handlers.
Monitored metric train_loss did not improve in the last 137 records. Best score: 0.031. Signaling Trainer to stop.
GPU available: False, used: False
TPU available: False, using: 0 TPU cores
HPU available: False, using: 0 HPUs
SLURM auto-requeueing enabled. Setting signal handlers.
[I 2024-11-01 18:53:40,861] Trial 108 finished with value: 0.2854577898979187 and parameters: {'hidden_dim': 118, 'n_layers': 6, 'dropout': 0.4132177837505013, 'input_chunk_length': 97, 'learning_rate': 0.0003503739525467613, 'batch_size': 32}. Best is trial 0 with value: 0.07914793491363525.
GPU available: False, used: False
TPU available: False, using: 0 TPU cores
HPU available: False, using: 0 HPUs
SLURM auto-requeueing enabled. Setting signal handlers.
Monitored metric train_loss did not improve in the last 138 records. Best score: 0.031. Signaling Trainer to stop.
GPU available: False, used: False
TPU available: False, using: 0 TPU cores
HPU available: False, using: 0 HPUs
SLURM auto-requeueing enabled. Setting signal handlers.
[I 2024-11-01 18:57:07,132] Trial 109 finished with value: 0.3311229944229126 and parameters: {'hidden_dim': 227, 'n_layers': 5, 'dropout': 0.36718271664517804, 'input_chunk_length': 111, 'learning_rate': 0.00040777959933003264, 'batch_size': 64}. Best is trial 0 with value: 0.07914793491363525.
GPU available: False, used: False
TPU available: False, using: 0 TPU cores
HPU available: False, using: 0 HPUs
SLURM auto-requeueing enabled. Setting signal handlers.
Monitored metric train_loss did not improve in the last 139 records. Best score: 0.031. Signaling Trainer to stop.
GPU available: False, used: False
TPU available: False, using: 0 TPU cores
HPU available: False, using: 0 HPUs
SLURM auto-requeueing enabled. Setting signal handlers.
[I 2024-11-01 19:01:14,895] Trial 110 finished with value: 0.3224108815193176 and parameters: {'hidden_dim': 251, 'n_layers': 5, 'dropout': 0.4413756131436233, 'input_chunk_length': 120, 'learning_rate': 0.0007602812715444891, 'batch_size': 32}. Best is trial 0 with value: 0.07914793491363525.
GPU available: False, used: False
TPU available: False, using: 0 TPU cores
HPU available: False, using: 0 HPUs
SLURM auto-requeueing enabled. Setting signal handlers.
Monitored metric train_loss did not improve in the last 140 records. Best score: 0.031. Signaling Trainer to stop.
GPU available: False, used: False
TPU available: False, using: 0 TPU cores
HPU available: False, using: 0 HPUs
SLURM auto-requeueing enabled. Setting signal handlers.
[I 2024-11-01 19:03:03,034] Trial 111 finished with value: 0.2070310413837433 and parameters: {'hidden_dim': 133, 'n_layers': 3, 'dropout': 0.061816796474066904, 'input_chunk_length': 115, 'learning_rate': 0.0005360256016224294, 'batch_size': 32}. Best is trial 0 with value: 0.07914793491363525.
GPU available: False, used: False
TPU available: False, using: 0 TPU cores
HPU available: False, using: 0 HPUs
SLURM auto-requeueing enabled. Setting signal handlers.
Monitored metric train_loss did not improve in the last 141 records. Best score: 0.031. Signaling Trainer to stop.
GPU available: False, used: False
TPU available: False, using: 0 TPU cores
HPU available: False, using: 0 HPUs
SLURM auto-requeueing enabled. Setting signal handlers.
[I 2024-11-01 19:05:26,221] Trial 112 finished with value: 0.33829358220100403 and parameters: {'hidden_dim': 256, 'n_layers': 5, 'dropout': 0.331534239539228, 'input_chunk_length': 61, 'learning_rate': 0.006136143644594791, 'batch_size': 32}. Best is trial 0 with value: 0.07914793491363525.
GPU available: False, used: False
TPU available: False, using: 0 TPU cores
HPU available: False, using: 0 HPUs
SLURM auto-requeueing enabled. Setting signal handlers.
Monitored metric train_loss did not improve in the last 142 records. Best score: 0.031. Signaling Trainer to stop.
GPU available: False, used: False
TPU available: False, using: 0 TPU cores
HPU available: False, using: 0 HPUs
SLURM auto-requeueing enabled. Setting signal handlers.
[I 2024-11-01 19:11:43,039] Trial 113 finished with value: 0.5319446325302124 and parameters: {'hidden_dim': 245, 'n_layers': 3, 'dropout': 0.23401411340987802, 'input_chunk_length': 75, 'learning_rate': 0.00988796523646098, 'batch_size': 32}. Best is trial 0 with value: 0.07914793491363525.
GPU available: False, used: False
TPU available: False, using: 0 TPU cores
HPU available: False, using: 0 HPUs
SLURM auto-requeueing enabled. Setting signal handlers.
Monitored metric train_loss did not improve in the last 143 records. Best score: 0.031. Signaling Trainer to stop.
GPU available: False, used: False
TPU available: False, using: 0 TPU cores
HPU available: False, using: 0 HPUs
SLURM auto-requeueing enabled. Setting signal handlers.
[I 2024-11-01 19:12:19,050] Trial 114 finished with value: 0.2928869426250458 and parameters: {'hidden_dim': 104, 'n_layers': 5, 'dropout': 0.2134815194754946, 'input_chunk_length': 24, 'learning_rate': 6.548261500071157e-05, 'batch_size': 32}. Best is trial 0 with value: 0.07914793491363525.
GPU available: False, used: False
TPU available: False, using: 0 TPU cores
HPU available: False, using: 0 HPUs
SLURM auto-requeueing enabled. Setting signal handlers.
Monitored metric train_loss did not improve in the last 144 records. Best score: 0.031. Signaling Trainer to stop.
GPU available: False, used: False
TPU available: False, using: 0 TPU cores
HPU available: False, using: 0 HPUs
SLURM auto-requeueing enabled. Setting signal handlers.
