[I 2024-10-08 19:13:38,266] Trial 144 finished with value: 0.1250026375055313 and parameters: {'hidden_dim': 26, 'n_layers': 5, 'dropout': 0.2040656181145032, 'learning_rate': 0.005747625372081195, 'batch_size': 16, 'input_chunk_length': 117}. Best is trial 0 with value: 0.10316822677850723.
GPU available: False, used: False
TPU available: False, using: 0 TPU cores
HPU available: False, using: 0 HPUs
SLURM auto-requeueing enabled. Setting signal handlers.
Monitored metric train_loss did not improve in the last 165 records. Best score: 0.039. Signaling Trainer to stop.
GPU available: False, used: False
TPU available: False, using: 0 TPU cores
HPU available: False, using: 0 HPUs
SLURM auto-requeueing enabled. Setting signal handlers.
[I 2024-10-08 19:14:48,894] Trial 145 finished with value: 0.15917465090751648 and parameters: {'hidden_dim': 26, 'n_layers': 5, 'dropout': 0.19779891433976027, 'learning_rate': 0.005845191711355736, 'batch_size': 16, 'input_chunk_length': 116}. Best is trial 0 with value: 0.10316822677850723.
GPU available: False, used: False
TPU available: False, using: 0 TPU cores
HPU available: False, using: 0 HPUs
SLURM auto-requeueing enabled. Setting signal handlers.
Monitored metric train_loss did not improve in the last 166 records. Best score: 0.039. Signaling Trainer to stop.
GPU available: False, used: False
TPU available: False, using: 0 TPU cores
HPU available: False, using: 0 HPUs
SLURM auto-requeueing enabled. Setting signal handlers.
[I 2024-10-08 19:16:16,282] Trial 146 finished with value: 0.14514970779418945 and parameters: {'hidden_dim': 46, 'n_layers': 5, 'dropout': 0.2152107440333072, 'learning_rate': 0.0034520323864505346, 'batch_size': 16, 'input_chunk_length': 125}. Best is trial 0 with value: 0.10316822677850723.
GPU available: False, used: False
TPU available: False, using: 0 TPU cores
HPU available: False, using: 0 HPUs
SLURM auto-requeueing enabled. Setting signal handlers.
Monitored metric train_loss did not improve in the last 167 records. Best score: 0.039. Signaling Trainer to stop.
GPU available: False, used: False
TPU available: False, using: 0 TPU cores
HPU available: False, using: 0 HPUs
SLURM auto-requeueing enabled. Setting signal handlers.
[I 2024-10-08 19:17:33,208] Trial 147 finished with value: 0.16191747784614563 and parameters: {'hidden_dim': 30, 'n_layers': 5, 'dropout': 0.17980676268129422, 'learning_rate': 0.004702164012819472, 'batch_size': 16, 'input_chunk_length': 114}. Best is trial 0 with value: 0.10316822677850723.
GPU available: False, used: False
TPU available: False, using: 0 TPU cores
HPU available: False, using: 0 HPUs
SLURM auto-requeueing enabled. Setting signal handlers.
Monitored metric train_loss did not improve in the last 168 records. Best score: 0.039. Signaling Trainer to stop.
GPU available: False, used: False
TPU available: False, using: 0 TPU cores
HPU available: False, using: 0 HPUs
SLURM auto-requeueing enabled. Setting signal handlers.
[I 2024-10-08 19:18:48,082] Trial 148 finished with value: 0.1878003031015396 and parameters: {'hidden_dim': 29, 'n_layers': 5, 'dropout': 0.16330278335767331, 'learning_rate': 0.008570833145462944, 'batch_size': 16, 'input_chunk_length': 118}. Best is trial 0 with value: 0.10316822677850723.
GPU available: False, used: False
TPU available: False, using: 0 TPU cores
HPU available: False, using: 0 HPUs
SLURM auto-requeueing enabled. Setting signal handlers.
Monitored metric train_loss did not improve in the last 169 records. Best score: 0.039. Signaling Trainer to stop.
GPU available: False, used: False
TPU available: False, using: 0 TPU cores
HPU available: False, using: 0 HPUs
SLURM auto-requeueing enabled. Setting signal handlers.
[I 2024-10-08 19:19:55,810] Trial 149 finished with value: 0.19140131771564484 and parameters: {'hidden_dim': 24, 'n_layers': 5, 'dropout': 0.2416661771718041, 'learning_rate': 0.020277935428374617, 'batch_size': 16, 'input_chunk_length': 133}. Best is trial 0 with value: 0.10316822677850723.
GPU available: False, used: False
TPU available: False, using: 0 TPU cores
HPU available: False, using: 0 HPUs
SLURM auto-requeueing enabled. Setting signal handlers.
Monitored metric train_loss did not improve in the last 170 records. Best score: 0.039. Signaling Trainer to stop.
GPU available: False, used: False
TPU available: False, using: 0 TPU cores
HPU available: False, using: 0 HPUs
SLURM auto-requeueing enabled. Setting signal handlers.
[I 2024-10-08 19:21:03,569] Trial 150 finished with value: 0.1568707972764969 and parameters: {'hidden_dim': 25, 'n_layers': 5, 'dropout': 0.20414686100157797, 'learning_rate': 0.007001717732003895, 'batch_size': 16, 'input_chunk_length': 110}. Best is trial 0 with value: 0.10316822677850723.
GPU available: False, used: False
TPU available: False, using: 0 TPU cores
HPU available: False, using: 0 HPUs
SLURM auto-requeueing enabled. Setting signal handlers.
Monitored metric train_loss did not improve in the last 171 records. Best score: 0.039. Signaling Trainer to stop.
GPU available: False, used: False
TPU available: False, using: 0 TPU cores
HPU available: False, using: 0 HPUs
SLURM auto-requeueing enabled. Setting signal handlers.
[I 2024-10-08 19:22:04,061] Trial 151 finished with value: 0.16151949763298035 and parameters: {'hidden_dim': 27, 'n_layers': 5, 'dropout': 0.16632483863650294, 'learning_rate': 0.005396248908530142, 'batch_size': 32, 'input_chunk_length': 121}. Best is trial 0 with value: 0.10316822677850723.
GPU available: False, used: False
TPU available: False, using: 0 TPU cores
HPU available: False, using: 0 HPUs
SLURM auto-requeueing enabled. Setting signal handlers.
Monitored metric train_loss did not improve in the last 172 records. Best score: 0.039. Signaling Trainer to stop.
GPU available: False, used: False
TPU available: False, using: 0 TPU cores
HPU available: False, using: 0 HPUs
SLURM auto-requeueing enabled. Setting signal handlers.
[I 2024-10-08 19:23:16,657] Trial 152 finished with value: 0.16344091296195984 and parameters: {'hidden_dim': 25, 'n_layers': 5, 'dropout': 0.20655712780432775, 'learning_rate': 0.006569319435363202, 'batch_size': 16, 'input_chunk_length': 125}. Best is trial 0 with value: 0.10316822677850723.
GPU available: False, used: False
TPU available: False, using: 0 TPU cores
HPU available: False, using: 0 HPUs
SLURM auto-requeueing enabled. Setting signal handlers.
Monitored metric train_loss did not improve in the last 173 records. Best score: 0.039. Signaling Trainer to stop.
GPU available: False, used: False
TPU available: False, using: 0 TPU cores
HPU available: False, using: 0 HPUs
SLURM auto-requeueing enabled. Setting signal handlers.
[I 2024-10-08 19:24:31,597] Trial 153 finished with value: 0.1755651980638504 and parameters: {'hidden_dim': 23, 'n_layers': 5, 'dropout': 0.18927931294016645, 'learning_rate': 0.0039030774730271158, 'batch_size': 16, 'input_chunk_length': 138}. Best is trial 0 with value: 0.10316822677850723.
GPU available: False, used: False
TPU available: False, using: 0 TPU cores
HPU available: False, using: 0 HPUs
SLURM auto-requeueing enabled. Setting signal handlers.
Monitored metric train_loss did not improve in the last 174 records. Best score: 0.039. Signaling Trainer to stop.
GPU available: False, used: False
TPU available: False, using: 0 TPU cores
HPU available: False, using: 0 HPUs
SLURM auto-requeueing enabled. Setting signal handlers.
[I 2024-10-08 19:25:40,592] Trial 154 finished with value: 0.1176910474896431 and parameters: {'hidden_dim': 26, 'n_layers': 5, 'dropout': 0.15648875654183936, 'learning_rate': 0.00907408246362384, 'batch_size': 16, 'input_chunk_length': 112}. Best is trial 0 with value: 0.10316822677850723.
GPU available: False, used: False
TPU available: False, using: 0 TPU cores
HPU available: False, using: 0 HPUs
SLURM auto-requeueing enabled. Setting signal handlers.
Monitored metric train_loss did not improve in the last 175 records. Best score: 0.039. Signaling Trainer to stop.
GPU available: False, used: False
TPU available: False, using: 0 TPU cores
HPU available: False, using: 0 HPUs
SLURM auto-requeueing enabled. Setting signal handlers.
[I 2024-10-08 19:26:50,081] Trial 155 finished with value: 0.17233720421791077 and parameters: {'hidden_dim': 28, 'n_layers': 5, 'dropout': 0.1760883394370747, 'learning_rate': 0.01273819199297107, 'batch_size': 16, 'input_chunk_length': 107}. Best is trial 0 with value: 0.10316822677850723.
GPU available: False, used: False
TPU available: False, using: 0 TPU cores
HPU available: False, using: 0 HPUs
SLURM auto-requeueing enabled. Setting signal handlers.
Monitored metric train_loss did not improve in the last 176 records. Best score: 0.039. Signaling Trainer to stop.
GPU available: False, used: False
TPU available: False, using: 0 TPU cores
HPU available: False, using: 0 HPUs
SLURM auto-requeueing enabled. Setting signal handlers.
[I 2024-10-08 19:28:01,275] Trial 156 finished with value: 0.1458773910999298 and parameters: {'hidden_dim': 26, 'n_layers': 5, 'dropout': 0.15840973488002288, 'learning_rate': 0.009889023151349187, 'batch_size': 16, 'input_chunk_length': 117}. Best is trial 0 with value: 0.10316822677850723.
GPU available: False, used: False
TPU available: False, using: 0 TPU cores
HPU available: False, using: 0 HPUs
SLURM auto-requeueing enabled. Setting signal handlers.
Monitored metric train_loss did not improve in the last 177 records. Best score: 0.039. Signaling Trainer to stop.
GPU available: False, used: False
TPU available: False, using: 0 TPU cores
HPU available: False, using: 0 HPUs
SLURM auto-requeueing enabled. Setting signal handlers.
[I 2024-10-08 19:29:17,581] Trial 157 finished with value: 0.16082991659641266 and parameters: {'hidden_dim': 48, 'n_layers': 5, 'dropout': 0.1289013557568651, 'learning_rate': 0.004542908517267936, 'batch_size': 16, 'input_chunk_length': 114}. Best is trial 0 with value: 0.10316822677850723.
GPU available: False, used: False
TPU available: False, using: 0 TPU cores
HPU available: False, using: 0 HPUs
SLURM auto-requeueing enabled. Setting signal handlers.
Monitored metric train_loss did not improve in the last 178 records. Best score: 0.039. Signaling Trainer to stop.
GPU available: False, used: False
TPU available: False, using: 0 TPU cores
HPU available: False, using: 0 HPUs
SLURM auto-requeueing enabled. Setting signal handlers.
[I 2024-10-08 19:30:40,415] Trial 158 finished with value: 0.11635949462652206 and parameters: {'hidden_dim': 26, 'n_layers': 5, 'dropout': 0.27242087373967677, 'learning_rate': 0.008158750332781644, 'batch_size': 16, 'input_chunk_length': 159}. Best is trial 0 with value: 0.10316822677850723.
GPU available: False, used: False
TPU available: False, using: 0 TPU cores
HPU available: False, using: 0 HPUs
SLURM auto-requeueing enabled. Setting signal handlers.
Monitored metric train_loss did not improve in the last 179 records. Best score: 0.039. Signaling Trainer to stop.
GPU available: False, used: False
TPU available: False, using: 0 TPU cores
HPU available: False, using: 0 HPUs
SLURM auto-requeueing enabled. Setting signal handlers.
[I 2024-10-08 19:32:09,996] Trial 159 finished with value: 0.18170268833637238 and parameters: {'hidden_dim': 31, 'n_layers': 5, 'dropout': 0.30107326932388584, 'learning_rate': 0.00841471073792956, 'batch_size': 16, 'input_chunk_length': 160}. Best is trial 0 with value: 0.10316822677850723.
GPU available: False, used: False
TPU available: False, using: 0 TPU cores
HPU available: False, using: 0 HPUs
SLURM auto-requeueing enabled. Setting signal handlers.
Monitored metric train_loss did not improve in the last 180 records. Best score: 0.039. Signaling Trainer to stop.
GPU available: False, used: False
TPU available: False, using: 0 TPU cores
HPU available: False, using: 0 HPUs
SLURM auto-requeueing enabled. Setting signal handlers.
[I 2024-10-08 19:33:09,487] Trial 160 finished with value: 0.3126387298107147 and parameters: {'hidden_dim': 29, 'n_layers': 5, 'dropout': 0.27609909595871357, 'learning_rate': 0.0006865977368900987, 'batch_size': 64, 'input_chunk_length': 129}. Best is trial 0 with value: 0.10316822677850723.
GPU available: False, used: False
TPU available: False, using: 0 TPU cores
HPU available: False, using: 0 HPUs
SLURM auto-requeueing enabled. Setting signal handlers.
Monitored metric train_loss did not improve in the last 181 records. Best score: 0.039. Signaling Trainer to stop.
GPU available: False, used: False
TPU available: False, using: 0 TPU cores
HPU available: False, using: 0 HPUs
SLURM auto-requeueing enabled. Setting signal handlers.
[I 2024-10-08 19:34:33,737] Trial 161 finished with value: 0.1607910543680191 and parameters: {'hidden_dim': 26, 'n_layers': 5, 'dropout': 0.3129867234098835, 'learning_rate': 0.005789619913625435, 'batch_size': 16, 'input_chunk_length': 168}. Best is trial 0 with value: 0.10316822677850723.
GPU available: False, used: False
TPU available: False, using: 0 TPU cores
HPU available: False, using: 0 HPUs
SLURM auto-requeueing enabled. Setting signal handlers.
Monitored metric train_loss did not improve in the last 182 records. Best score: 0.039. Signaling Trainer to stop.
GPU available: False, used: False
TPU available: False, using: 0 TPU cores
HPU available: False, using: 0 HPUs
SLURM auto-requeueing enabled. Setting signal handlers.
[I 2024-10-08 19:35:59,964] Trial 162 finished with value: 0.18402594327926636 and parameters: {'hidden_dim': 28, 'n_layers': 5, 'dropout': 0.2584547094201806, 'learning_rate': 0.007169049261780169, 'batch_size': 16, 'input_chunk_length': 165}. Best is trial 0 with value: 0.10316822677850723.
GPU available: False, used: False
TPU available: False, using: 0 TPU cores
HPU available: False, using: 0 HPUs
SLURM auto-requeueing enabled. Setting signal handlers.
Monitored metric train_loss did not improve in the last 183 records. Best score: 0.039. Signaling Trainer to stop.
GPU available: False, used: False
TPU available: False, using: 0 TPU cores
HPU available: False, using: 0 HPUs
SLURM auto-requeueing enabled. Setting signal handlers.
[I 2024-10-08 19:37:12,864] Trial 163 finished with value: 0.15384291112422943 and parameters: {'hidden_dim': 24, 'n_layers': 5, 'dropout': 0.15113886690000877, 'learning_rate': 0.01029501055844009, 'batch_size': 16, 'input_chunk_length': 159}. Best is trial 0 with value: 0.10316822677850723.
GPU available: False, used: False
TPU available: False, using: 0 TPU cores
HPU available: False, using: 0 HPUs
SLURM auto-requeueing enabled. Setting signal handlers.
Monitored metric train_loss did not improve in the last 184 records. Best score: 0.039. Signaling Trainer to stop.
GPU available: False, used: False
TPU available: False, using: 0 TPU cores
HPU available: False, using: 0 HPUs
SLURM auto-requeueing enabled. Setting signal handlers.
[I 2024-10-08 19:38:26,971] Trial 164 finished with value: 0.12342076003551483 and parameters: {'hidden_dim': 27, 'n_layers': 5, 'dropout': 0.1951494430106135, 'learning_rate': 0.004010552008310695, 'batch_size': 16, 'input_chunk_length': 122}. Best is trial 0 with value: 0.10316822677850723.
GPU available: False, used: False
TPU available: False, using: 0 TPU cores
HPU available: False, using: 0 HPUs
SLURM auto-requeueing enabled. Setting signal handlers.
Monitored metric train_loss did not improve in the last 185 records. Best score: 0.039. Signaling Trainer to stop.
GPU available: False, used: False
TPU available: False, using: 0 TPU cores
HPU available: False, using: 0 HPUs
SLURM auto-requeueing enabled. Setting signal handlers.
[I 2024-10-08 19:39:56,536] Trial 165 finished with value: 0.13624785840511322 and parameters: {'hidden_dim': 27, 'n_layers': 5, 'dropout': 0.17304436576717694, 'learning_rate': 0.003002623137738147, 'batch_size': 16, 'input_chunk_length': 173}. Best is trial 0 with value: 0.10316822677850723.
GPU available: False, used: False
TPU available: False, using: 0 TPU cores
HPU available: False, using: 0 HPUs
SLURM auto-requeueing enabled. Setting signal handlers.
Monitored metric train_loss did not improve in the last 186 records. Best score: 0.039. Signaling Trainer to stop.
GPU available: False, used: False
TPU available: False, using: 0 TPU cores
HPU available: False, using: 0 HPUs
SLURM auto-requeueing enabled. Setting signal handlers.
[I 2024-10-08 19:41:17,896] Trial 166 finished with value: 0.16224530339241028 and parameters: {'hidden_dim': 27, 'n_layers': 5, 'dropout': 0.1901235233556033, 'learning_rate': 0.003081525466887335, 'batch_size': 16, 'input_chunk_length': 152}. Best is trial 0 with value: 0.10316822677850723.
GPU available: False, used: False
TPU available: False, using: 0 TPU cores
HPU available: False, using: 0 HPUs
SLURM auto-requeueing enabled. Setting signal handlers.
Monitored metric train_loss did not improve in the last 187 records. Best score: 0.039. Signaling Trainer to stop.
GPU available: False, used: False
TPU available: False, using: 0 TPU cores
HPU available: False, using: 0 HPUs
SLURM auto-requeueing enabled. Setting signal handlers.
[I 2024-10-08 19:42:46,215] Trial 167 finished with value: 0.14555497467517853 and parameters: {'hidden_dim': 27, 'n_layers': 5, 'dropout': 0.16920121632445623, 'learning_rate': 0.003705344938551317, 'batch_size': 16, 'input_chunk_length': 176}. Best is trial 0 with value: 0.10316822677850723.
GPU available: False, used: False
TPU available: False, using: 0 TPU cores
HPU available: False, using: 0 HPUs
SLURM auto-requeueing enabled. Setting signal handlers.
Monitored metric train_loss did not improve in the last 188 records. Best score: 0.039. Signaling Trainer to stop.
GPU available: False, used: False
TPU available: False, using: 0 TPU cores
HPU available: False, using: 0 HPUs
SLURM auto-requeueing enabled. Setting signal handlers.
[I 2024-10-08 19:44:25,885] Trial 168 finished with value: 0.19691190123558044 and parameters: {'hidden_dim': 30, 'n_layers': 5, 'dropout': 0.1966139677800891, 'learning_rate': 0.002273164621722986, 'batch_size': 16, 'input_chunk_length': 187}. Best is trial 0 with value: 0.10316822677850723.
GPU available: False, used: False
TPU available: False, using: 0 TPU cores
HPU available: False, using: 0 HPUs
SLURM auto-requeueing enabled. Setting signal handlers.
Monitored metric train_loss did not improve in the last 189 records. Best score: 0.039. Signaling Trainer to stop.
GPU available: False, used: False
TPU available: False, using: 0 TPU cores
HPU available: False, using: 0 HPUs
SLURM auto-requeueing enabled. Setting signal handlers.
[I 2024-10-08 19:45:43,557] Trial 169 finished with value: 0.13986004889011383 and parameters: {'hidden_dim': 24, 'n_layers': 5, 'dropout': 0.22708973989950704, 'learning_rate': 0.002879487962270214, 'batch_size': 16, 'input_chunk_length': 172}. Best is trial 0 with value: 0.10316822677850723.
GPU available: False, used: False
TPU available: False, using: 0 TPU cores
HPU available: False, using: 0 HPUs
SLURM auto-requeueing enabled. Setting signal handlers.
Monitored metric train_loss did not improve in the last 190 records. Best score: 0.039. Signaling Trainer to stop.
GPU available: False, used: False
TPU available: False, using: 0 TPU cores
HPU available: False, using: 0 HPUs
SLURM auto-requeueing enabled. Setting signal handlers.
[I 2024-10-08 19:46:58,903] Trial 170 finished with value: 0.14293138682842255 and parameters: {'hidden_dim': 28, 'n_layers': 5, 'dropout': 0.2722166651953827, 'learning_rate': 0.004645418715185214, 'batch_size': 16, 'input_chunk_length': 124}. Best is trial 0 with value: 0.10316822677850723.
GPU available: False, used: False
TPU available: False, using: 0 TPU cores
HPU available: False, using: 0 HPUs
SLURM auto-requeueing enabled. Setting signal handlers.
Monitored metric train_loss did not improve in the last 191 records. Best score: 0.039. Signaling Trainer to stop.
GPU available: False, used: False
TPU available: False, using: 0 TPU cores
HPU available: False, using: 0 HPUs
SLURM auto-requeueing enabled. Setting signal handlers.
[I 2024-10-08 19:48:31,837] Trial 171 finished with value: 0.130605548620224 and parameters: {'hidden_dim': 26, 'n_layers': 5, 'dropout': 0.1762790415588476, 'learning_rate': 0.005554422876635959, 'batch_size': 16, 'input_chunk_length': 197}. Best is trial 0 with value: 0.10316822677850723.
GPU available: False, used: False
TPU available: False, using: 0 TPU cores
HPU available: False, using: 0 HPUs
SLURM auto-requeueing enabled. Setting signal handlers.
Monitored metric train_loss did not improve in the last 192 records. Best score: 0.039. Signaling Trainer to stop.
GPU available: False, used: False
TPU available: False, using: 0 TPU cores
HPU available: False, using: 0 HPUs
SLURM auto-requeueing enabled. Setting signal handlers.
[I 2024-10-08 19:50:03,880] Trial 172 finished with value: 0.1500275880098343 and parameters: {'hidden_dim': 26, 'n_layers': 5, 'dropout': 0.16603129848219553, 'learning_rate': 0.004062635214739013, 'batch_size': 16, 'input_chunk_length': 198}. Best is trial 0 with value: 0.10316822677850723.
GPU available: False, used: False
TPU available: False, using: 0 TPU cores
HPU available: False, using: 0 HPUs
SLURM auto-requeueing enabled. Setting signal handlers.
Monitored metric train_loss did not improve in the last 193 records. Best score: 0.039. Signaling Trainer to stop.
GPU available: False, used: False
TPU available: False, using: 0 TPU cores
HPU available: False, using: 0 HPUs
SLURM auto-requeueing enabled. Setting signal handlers.
