[I 2024-11-04 17:27:23,943] Trial 246 finished with value: 0.43472543358802795 and parameters: {'hidden_dim': 430, 'n_layers': 3, 'dropout': 0.06080952099607167, 'input_chunk_length': 107, 'learning_rate': 0.0003658135911622401, 'batch_size': 32}. Best is trial 1 with value: 0.12519845366477966.
GPU available: True (cuda), used: True
TPU available: False, using: 0 TPU cores
HPU available: False, using: 0 HPUs
LOCAL_RANK: 0 - CUDA_VISIBLE_DEVICES: [0,1,2,3]
SLURM auto-requeueing enabled. Setting signal handlers.
Monitored metric train_loss did not improve in the last 305 records. Best score: 0.059. Signaling Trainer to stop.
GPU available: True (cuda), used: True
TPU available: False, using: 0 TPU cores
HPU available: False, using: 0 HPUs
LOCAL_RANK: 0 - CUDA_VISIBLE_DEVICES: [0,1,2,3]
SLURM auto-requeueing enabled. Setting signal handlers.
[I 2024-11-04 17:27:39,860] Trial 247 finished with value: 0.42145490646362305 and parameters: {'hidden_dim': 236, 'n_layers': 3, 'dropout': 0.07596195850475589, 'input_chunk_length': 82, 'learning_rate': 0.0006960638227335397, 'batch_size': 32}. Best is trial 1 with value: 0.12519845366477966.
GPU available: True (cuda), used: True
TPU available: False, using: 0 TPU cores
HPU available: False, using: 0 HPUs
LOCAL_RANK: 0 - CUDA_VISIBLE_DEVICES: [0,1,2,3]
SLURM auto-requeueing enabled. Setting signal handlers.
Monitored metric train_loss did not improve in the last 306 records. Best score: 0.059. Signaling Trainer to stop.
GPU available: True (cuda), used: True
TPU available: False, using: 0 TPU cores
HPU available: False, using: 0 HPUs
LOCAL_RANK: 0 - CUDA_VISIBLE_DEVICES: [0,1,2,3]
SLURM auto-requeueing enabled. Setting signal handlers.
[I 2024-11-04 17:27:57,002] Trial 248 finished with value: 0.42257222533226013 and parameters: {'hidden_dim': 310, 'n_layers': 2, 'dropout': 0.08932189679254698, 'input_chunk_length': 118, 'learning_rate': 3.901901181166697e-05, 'batch_size': 64}. Best is trial 1 with value: 0.12519845366477966.
GPU available: True (cuda), used: True
TPU available: False, using: 0 TPU cores
HPU available: False, using: 0 HPUs
LOCAL_RANK: 0 - CUDA_VISIBLE_DEVICES: [0,1,2,3]
SLURM auto-requeueing enabled. Setting signal handlers.
Monitored metric train_loss did not improve in the last 307 records. Best score: 0.059. Signaling Trainer to stop.
GPU available: True (cuda), used: True
TPU available: False, using: 0 TPU cores
HPU available: False, using: 0 HPUs
LOCAL_RANK: 0 - CUDA_VISIBLE_DEVICES: [0,1,2,3]
SLURM auto-requeueing enabled. Setting signal handlers.
[I 2024-11-04 17:28:17,777] Trial 249 finished with value: 0.31008490920066833 and parameters: {'hidden_dim': 447, 'n_layers': 3, 'dropout': 0.03798554007770421, 'input_chunk_length': 112, 'learning_rate': 0.00019018109139537197, 'batch_size': 32}. Best is trial 1 with value: 0.12519845366477966.
GPU available: True (cuda), used: True
TPU available: False, using: 0 TPU cores
HPU available: False, using: 0 HPUs
LOCAL_RANK: 0 - CUDA_VISIBLE_DEVICES: [0,1,2,3]
SLURM auto-requeueing enabled. Setting signal handlers.
Monitored metric train_loss did not improve in the last 308 records. Best score: 0.059. Signaling Trainer to stop.
GPU available: True (cuda), used: True
TPU available: False, using: 0 TPU cores
HPU available: False, using: 0 HPUs
LOCAL_RANK: 0 - CUDA_VISIBLE_DEVICES: [0,1,2,3]
SLURM auto-requeueing enabled. Setting signal handlers.
[I 2024-11-04 17:28:34,469] Trial 250 finished with value: 0.3108786642551422 and parameters: {'hidden_dim': 251, 'n_layers': 3, 'dropout': 0.009361316581673891, 'input_chunk_length': 86, 'learning_rate': 0.0002867351233968893, 'batch_size': 32}. Best is trial 1 with value: 0.12519845366477966.
GPU available: True (cuda), used: True
TPU available: False, using: 0 TPU cores
HPU available: False, using: 0 HPUs
LOCAL_RANK: 0 - CUDA_VISIBLE_DEVICES: [0,1,2,3]
SLURM auto-requeueing enabled. Setting signal handlers.
Monitored metric train_loss did not improve in the last 309 records. Best score: 0.059. Signaling Trainer to stop.
GPU available: True (cuda), used: True
TPU available: False, using: 0 TPU cores
HPU available: False, using: 0 HPUs
LOCAL_RANK: 0 - CUDA_VISIBLE_DEVICES: [0,1,2,3]
SLURM auto-requeueing enabled. Setting signal handlers.
[I 2024-11-04 17:28:57,130] Trial 251 finished with value: 0.3776554465293884 and parameters: {'hidden_dim': 221, 'n_layers': 6, 'dropout': 0.2159909379465358, 'input_chunk_length': 136, 'learning_rate': 0.0003306042820996811, 'batch_size': 32}. Best is trial 1 with value: 0.12519845366477966.
GPU available: True (cuda), used: True
TPU available: False, using: 0 TPU cores
HPU available: False, using: 0 HPUs
LOCAL_RANK: 0 - CUDA_VISIBLE_DEVICES: [0,1,2,3]
SLURM auto-requeueing enabled. Setting signal handlers.
Monitored metric train_loss did not improve in the last 310 records. Best score: 0.059. Signaling Trainer to stop.
GPU available: True (cuda), used: True
TPU available: False, using: 0 TPU cores
HPU available: False, using: 0 HPUs
LOCAL_RANK: 0 - CUDA_VISIBLE_DEVICES: [0,1,2,3]
SLURM auto-requeueing enabled. Setting signal handlers.
[I 2024-11-04 17:29:16,264] Trial 252 finished with value: 0.40117260813713074 and parameters: {'hidden_dim': 169, 'n_layers': 3, 'dropout': 0.021409902231022453, 'input_chunk_length': 146, 'learning_rate': 0.00021777329209482976, 'batch_size': 32}. Best is trial 1 with value: 0.12519845366477966.
GPU available: True (cuda), used: True
TPU available: False, using: 0 TPU cores
HPU available: False, using: 0 HPUs
LOCAL_RANK: 0 - CUDA_VISIBLE_DEVICES: [0,1,2,3]
SLURM auto-requeueing enabled. Setting signal handlers.
Monitored metric train_loss did not improve in the last 311 records. Best score: 0.059. Signaling Trainer to stop.
GPU available: True (cuda), used: True
TPU available: False, using: 0 TPU cores
HPU available: False, using: 0 HPUs
LOCAL_RANK: 0 - CUDA_VISIBLE_DEVICES: [0,1,2,3]
SLURM auto-requeueing enabled. Setting signal handlers.
[I 2024-11-04 17:29:33,130] Trial 253 finished with value: 0.3782709538936615 and parameters: {'hidden_dim': 207, 'n_layers': 2, 'dropout': 0.044150943972617644, 'input_chunk_length': 124, 'learning_rate': 0.0001330962645772182, 'batch_size': 32}. Best is trial 1 with value: 0.12519845366477966.
GPU available: True (cuda), used: True
TPU available: False, using: 0 TPU cores
HPU available: False, using: 0 HPUs
LOCAL_RANK: 0 - CUDA_VISIBLE_DEVICES: [0,1,2,3]
SLURM auto-requeueing enabled. Setting signal handlers.
Monitored metric train_loss did not improve in the last 312 records. Best score: 0.059. Signaling Trainer to stop.
GPU available: True (cuda), used: True
TPU available: False, using: 0 TPU cores
HPU available: False, using: 0 HPUs
LOCAL_RANK: 0 - CUDA_VISIBLE_DEVICES: [0,1,2,3]
SLURM auto-requeueing enabled. Setting signal handlers.
[I 2024-11-04 17:29:52,616] Trial 254 finished with value: 0.3096517026424408 and parameters: {'hidden_dim': 355, 'n_layers': 3, 'dropout': 0.1031561252099815, 'input_chunk_length': 116, 'learning_rate': 0.00044584097489669037, 'batch_size': 32}. Best is trial 1 with value: 0.12519845366477966.
GPU available: True (cuda), used: True
TPU available: False, using: 0 TPU cores
HPU available: False, using: 0 HPUs
LOCAL_RANK: 0 - CUDA_VISIBLE_DEVICES: [0,1,2,3]
SLURM auto-requeueing enabled. Setting signal handlers.
Monitored metric train_loss did not improve in the last 313 records. Best score: 0.059. Signaling Trainer to stop.
GPU available: True (cuda), used: True
TPU available: False, using: 0 TPU cores
HPU available: False, using: 0 HPUs
LOCAL_RANK: 0 - CUDA_VISIBLE_DEVICES: [0,1,2,3]
SLURM auto-requeueing enabled. Setting signal handlers.
[I 2024-11-04 17:30:10,859] Trial 255 finished with value: 0.3293543756008148 and parameters: {'hidden_dim': 231, 'n_layers': 3, 'dropout': 0.11925685216342247, 'input_chunk_length': 129, 'learning_rate': 0.0003910432481717834, 'batch_size': 32}. Best is trial 1 with value: 0.12519845366477966.
GPU available: True (cuda), used: True
TPU available: False, using: 0 TPU cores
HPU available: False, using: 0 HPUs
LOCAL_RANK: 0 - CUDA_VISIBLE_DEVICES: [0,1,2,3]
SLURM auto-requeueing enabled. Setting signal handlers.
Monitored metric train_loss did not improve in the last 314 records. Best score: 0.059. Signaling Trainer to stop.
GPU available: True (cuda), used: True
TPU available: False, using: 0 TPU cores
HPU available: False, using: 0 HPUs
LOCAL_RANK: 0 - CUDA_VISIBLE_DEVICES: [0,1,2,3]
SLURM auto-requeueing enabled. Setting signal handlers.
[I 2024-11-04 17:30:28,754] Trial 256 finished with value: 0.42288124561309814 and parameters: {'hidden_dim': 216, 'n_layers': 3, 'dropout': 0.13040931630204247, 'input_chunk_length': 142, 'learning_rate': 0.0002575711533436025, 'batch_size': 64}. Best is trial 1 with value: 0.12519845366477966.
GPU available: True (cuda), used: True
TPU available: False, using: 0 TPU cores
HPU available: False, using: 0 HPUs
LOCAL_RANK: 0 - CUDA_VISIBLE_DEVICES: [0,1,2,3]
SLURM auto-requeueing enabled. Setting signal handlers.
Monitored metric train_loss did not improve in the last 315 records. Best score: 0.059. Signaling Trainer to stop.
GPU available: True (cuda), used: True
TPU available: False, using: 0 TPU cores
HPU available: False, using: 0 HPUs
LOCAL_RANK: 0 - CUDA_VISIBLE_DEVICES: [0,1,2,3]
SLURM auto-requeueing enabled. Setting signal handlers.
[I 2024-11-04 17:30:43,049] Trial 257 finished with value: 0.364374041557312 and parameters: {'hidden_dim': 125, 'n_layers': 2, 'dropout': 0.05423308075020526, 'input_chunk_length': 120, 'learning_rate': 0.0005206162343738775, 'batch_size': 32}. Best is trial 1 with value: 0.12519845366477966.
GPU available: True (cuda), used: True
TPU available: False, using: 0 TPU cores
HPU available: False, using: 0 HPUs
LOCAL_RANK: 0 - CUDA_VISIBLE_DEVICES: [0,1,2,3]
SLURM auto-requeueing enabled. Setting signal handlers.
Monitored metric train_loss did not improve in the last 316 records. Best score: 0.059. Signaling Trainer to stop.
GPU available: True (cuda), used: True
TPU available: False, using: 0 TPU cores
HPU available: False, using: 0 HPUs
LOCAL_RANK: 0 - CUDA_VISIBLE_DEVICES: [0,1,2,3]
SLURM auto-requeueing enabled. Setting signal handlers.
[I 2024-11-04 17:31:00,874] Trial 258 finished with value: 0.43523329496383667 and parameters: {'hidden_dim': 258, 'n_layers': 3, 'dropout': 0.09407083988518768, 'input_chunk_length': 109, 'learning_rate': 0.00015361283745761591, 'batch_size': 32}. Best is trial 1 with value: 0.12519845366477966.
GPU available: True (cuda), used: True
TPU available: False, using: 0 TPU cores
HPU available: False, using: 0 HPUs
LOCAL_RANK: 0 - CUDA_VISIBLE_DEVICES: [0,1,2,3]
SLURM auto-requeueing enabled. Setting signal handlers.
Monitored metric train_loss did not improve in the last 317 records. Best score: 0.059. Signaling Trainer to stop.
GPU available: True (cuda), used: True
TPU available: False, using: 0 TPU cores
HPU available: False, using: 0 HPUs
LOCAL_RANK: 0 - CUDA_VISIBLE_DEVICES: [0,1,2,3]
SLURM auto-requeueing enabled. Setting signal handlers.
[I 2024-11-04 17:31:17,765] Trial 259 finished with value: 0.3268965482711792 and parameters: {'hidden_dim': 187, 'n_layers': 4, 'dropout': 0.002362162854060223, 'input_chunk_length': 77, 'learning_rate': 0.0003208483238439534, 'batch_size': 32}. Best is trial 1 with value: 0.12519845366477966.
GPU available: True (cuda), used: True
TPU available: False, using: 0 TPU cores
HPU available: False, using: 0 HPUs
LOCAL_RANK: 0 - CUDA_VISIBLE_DEVICES: [0,1,2,3]
SLURM auto-requeueing enabled. Setting signal handlers.
Monitored metric train_loss did not improve in the last 318 records. Best score: 0.059. Signaling Trainer to stop.
GPU available: True (cuda), used: True
TPU available: False, using: 0 TPU cores
HPU available: False, using: 0 HPUs
LOCAL_RANK: 0 - CUDA_VISIBLE_DEVICES: [0,1,2,3]
SLURM auto-requeueing enabled. Setting signal handlers.
[I 2024-11-04 17:31:34,704] Trial 260 finished with value: 0.33173808455467224 and parameters: {'hidden_dim': 244, 'n_layers': 3, 'dropout': 0.0680614545195606, 'input_chunk_length': 105, 'learning_rate': 0.0002425138666785727, 'batch_size': 32}. Best is trial 1 with value: 0.12519845366477966.
GPU available: True (cuda), used: True
TPU available: False, using: 0 TPU cores
HPU available: False, using: 0 HPUs
LOCAL_RANK: 0 - CUDA_VISIBLE_DEVICES: [0,1,2,3]
SLURM auto-requeueing enabled. Setting signal handlers.
Monitored metric train_loss did not improve in the last 319 records. Best score: 0.059. Signaling Trainer to stop.
GPU available: True (cuda), used: True
TPU available: False, using: 0 TPU cores
HPU available: False, using: 0 HPUs
LOCAL_RANK: 0 - CUDA_VISIBLE_DEVICES: [0,1,2,3]
SLURM auto-requeueing enabled. Setting signal handlers.
[I 2024-11-04 17:31:52,303] Trial 261 finished with value: 0.2868501543998718 and parameters: {'hidden_dim': 231, 'n_layers': 3, 'dropout': 0.11239899567133627, 'input_chunk_length': 113, 'learning_rate': 0.0005975817563848418, 'batch_size': 32}. Best is trial 1 with value: 0.12519845366477966.
GPU available: True (cuda), used: True
TPU available: False, using: 0 TPU cores
HPU available: False, using: 0 HPUs
LOCAL_RANK: 0 - CUDA_VISIBLE_DEVICES: [0,1,2,3]
SLURM auto-requeueing enabled. Setting signal handlers.
Monitored metric train_loss did not improve in the last 320 records. Best score: 0.059. Signaling Trainer to stop.
GPU available: True (cuda), used: True
TPU available: False, using: 0 TPU cores
HPU available: False, using: 0 HPUs
LOCAL_RANK: 0 - CUDA_VISIBLE_DEVICES: [0,1,2,3]
SLURM auto-requeueing enabled. Setting signal handlers.
[I 2024-11-04 17:32:09,475] Trial 262 finished with value: 0.37212854623794556 and parameters: {'hidden_dim': 226, 'n_layers': 2, 'dropout': 0.11032085169996182, 'input_chunk_length': 114, 'learning_rate': 0.0006762897593013058, 'batch_size': 32}. Best is trial 1 with value: 0.12519845366477966.
GPU available: True (cuda), used: True
TPU available: False, using: 0 TPU cores
HPU available: False, using: 0 HPUs
LOCAL_RANK: 0 - CUDA_VISIBLE_DEVICES: [0,1,2,3]
SLURM auto-requeueing enabled. Setting signal handlers.
Monitored metric train_loss did not improve in the last 321 records. Best score: 0.059. Signaling Trainer to stop.
GPU available: True (cuda), used: True
TPU available: False, using: 0 TPU cores
HPU available: False, using: 0 HPUs
LOCAL_RANK: 0 - CUDA_VISIBLE_DEVICES: [0,1,2,3]
SLURM auto-requeueing enabled. Setting signal handlers.
[I 2024-11-04 17:32:29,120] Trial 263 finished with value: 0.3361436426639557 and parameters: {'hidden_dim': 237, 'n_layers': 5, 'dropout': 0.08110118027523594, 'input_chunk_length': 112, 'learning_rate': 0.0005691444011241418, 'batch_size': 32}. Best is trial 1 with value: 0.12519845366477966.
GPU available: True (cuda), used: True
TPU available: False, using: 0 TPU cores
HPU available: False, using: 0 HPUs
LOCAL_RANK: 0 - CUDA_VISIBLE_DEVICES: [0,1,2,3]
SLURM auto-requeueing enabled. Setting signal handlers.
Monitored metric train_loss did not improve in the last 322 records. Best score: 0.059. Signaling Trainer to stop.
GPU available: True (cuda), used: True
TPU available: False, using: 0 TPU cores
HPU available: False, using: 0 HPUs
LOCAL_RANK: 0 - CUDA_VISIBLE_DEVICES: [0,1,2,3]
SLURM auto-requeueing enabled. Setting signal handlers.
[I 2024-11-04 17:32:45,836] Trial 264 finished with value: 0.505872905254364 and parameters: {'hidden_dim': 216, 'n_layers': 3, 'dropout': 0.017092207746562445, 'input_chunk_length': 116, 'learning_rate': 0.0005939606433897571, 'batch_size': 64}. Best is trial 1 with value: 0.12519845366477966.
GPU available: True (cuda), used: True
TPU available: False, using: 0 TPU cores
HPU available: False, using: 0 HPUs
LOCAL_RANK: 0 - CUDA_VISIBLE_DEVICES: [0,1,2,3]
SLURM auto-requeueing enabled. Setting signal handlers.
Monitored metric train_loss did not improve in the last 323 records. Best score: 0.059. Signaling Trainer to stop.
GPU available: True (cuda), used: True
TPU available: False, using: 0 TPU cores
HPU available: False, using: 0 HPUs
LOCAL_RANK: 0 - CUDA_VISIBLE_DEVICES: [0,1,2,3]
SLURM auto-requeueing enabled. Setting signal handlers.
[I 2024-11-04 17:33:08,240] Trial 265 finished with value: 0.35406678915023804 and parameters: {'hidden_dim': 404, 'n_layers': 3, 'dropout': 0.09839308254229441, 'input_chunk_length': 150, 'learning_rate': 0.0007592038893429195, 'batch_size': 32}. Best is trial 1 with value: 0.12519845366477966.
GPU available: True (cuda), used: True
TPU available: False, using: 0 TPU cores
HPU available: False, using: 0 HPUs
LOCAL_RANK: 0 - CUDA_VISIBLE_DEVICES: [0,1,2,3]
SLURM auto-requeueing enabled. Setting signal handlers.
Monitored metric train_loss did not improve in the last 324 records. Best score: 0.059. Signaling Trainer to stop.
GPU available: True (cuda), used: True
TPU available: False, using: 0 TPU cores
HPU available: False, using: 0 HPUs
LOCAL_RANK: 0 - CUDA_VISIBLE_DEVICES: [0,1,2,3]
SLURM auto-requeueing enabled. Setting signal handlers.
[I 2024-11-04 17:33:24,546] Trial 266 finished with value: 0.3305393159389496 and parameters: {'hidden_dim': 205, 'n_layers': 2, 'dropout': 0.030557698615013142, 'input_chunk_length': 110, 'learning_rate': 0.0004684655179151096, 'batch_size': 32}. Best is trial 1 with value: 0.12519845366477966.
GPU available: True (cuda), used: True
TPU available: False, using: 0 TPU cores
HPU available: False, using: 0 HPUs
LOCAL_RANK: 0 - CUDA_VISIBLE_DEVICES: [0,1,2,3]
SLURM auto-requeueing enabled. Setting signal handlers.
Monitored metric train_loss did not improve in the last 325 records. Best score: 0.059. Signaling Trainer to stop.
GPU available: True (cuda), used: True
TPU available: False, using: 0 TPU cores
HPU available: False, using: 0 HPUs
LOCAL_RANK: 0 - CUDA_VISIBLE_DEVICES: [0,1,2,3]
SLURM auto-requeueing enabled. Setting signal handlers.
[I 2024-11-04 17:33:42,426] Trial 267 finished with value: 0.371643602848053 and parameters: {'hidden_dim': 245, 'n_layers': 3, 'dropout': 0.11101967221576067, 'input_chunk_length': 121, 'learning_rate': 0.0004115405839147934, 'batch_size': 32}. Best is trial 1 with value: 0.12519845366477966.
GPU available: True (cuda), used: True
TPU available: False, using: 0 TPU cores
HPU available: False, using: 0 HPUs
LOCAL_RANK: 0 - CUDA_VISIBLE_DEVICES: [0,1,2,3]
SLURM auto-requeueing enabled. Setting signal handlers.
Monitored metric train_loss did not improve in the last 326 records. Best score: 0.059. Signaling Trainer to stop.
GPU available: True (cuda), used: True
TPU available: False, using: 0 TPU cores
HPU available: False, using: 0 HPUs
LOCAL_RANK: 0 - CUDA_VISIBLE_DEVICES: [0,1,2,3]
SLURM auto-requeueing enabled. Setting signal handlers.
[I 2024-11-04 17:34:00,081] Trial 268 finished with value: 0.4021673798561096 and parameters: {'hidden_dim': 229, 'n_layers': 3, 'dropout': 0.16554911901633335, 'input_chunk_length': 118, 'learning_rate': 0.0003634732810109665, 'batch_size': 32}. Best is trial 1 with value: 0.12519845366477966.
GPU available: True (cuda), used: True
TPU available: False, using: 0 TPU cores
HPU available: False, using: 0 HPUs
LOCAL_RANK: 0 - CUDA_VISIBLE_DEVICES: [0,1,2,3]
SLURM auto-requeueing enabled. Setting signal handlers.
Monitored metric train_loss did not improve in the last 327 records. Best score: 0.059. Signaling Trainer to stop.
GPU available: True (cuda), used: True
TPU available: False, using: 0 TPU cores
HPU available: False, using: 0 HPUs
LOCAL_RANK: 0 - CUDA_VISIBLE_DEVICES: [0,1,2,3]
SLURM auto-requeueing enabled. Setting signal handlers.
[I 2024-11-04 17:34:17,131] Trial 269 finished with value: 0.37110650539398193 and parameters: {'hidden_dim': 197, 'n_layers': 2, 'dropout': 0.0422859018377986, 'input_chunk_length': 126, 'learning_rate': 0.0002894141060741692, 'batch_size': 32}. Best is trial 1 with value: 0.12519845366477966.
GPU available: True (cuda), used: True
TPU available: False, using: 0 TPU cores
HPU available: False, using: 0 HPUs
LOCAL_RANK: 0 - CUDA_VISIBLE_DEVICES: [0,1,2,3]
SLURM auto-requeueing enabled. Setting signal handlers.
Monitored metric train_loss did not improve in the last 328 records. Best score: 0.059. Signaling Trainer to stop.
GPU available: True (cuda), used: True
TPU available: False, using: 0 TPU cores
HPU available: False, using: 0 HPUs
LOCAL_RANK: 0 - CUDA_VISIBLE_DEVICES: [0,1,2,3]
SLURM auto-requeueing enabled. Setting signal handlers.
[I 2024-11-04 17:34:34,333] Trial 270 finished with value: 0.32852375507354736 and parameters: {'hidden_dim': 221, 'n_layers': 3, 'dropout': 0.18202950298485102, 'input_chunk_length': 107, 'learning_rate': 0.0004949466905642888, 'batch_size': 32}. Best is trial 1 with value: 0.12519845366477966.
GPU available: True (cuda), used: True
TPU available: False, using: 0 TPU cores
HPU available: False, using: 0 HPUs
LOCAL_RANK: 0 - CUDA_VISIBLE_DEVICES: [0,1,2,3]
SLURM auto-requeueing enabled. Setting signal handlers.
Monitored metric train_loss did not improve in the last 329 records. Best score: 0.059. Signaling Trainer to stop.
GPU available: True (cuda), used: True
TPU available: False, using: 0 TPU cores
HPU available: False, using: 0 HPUs
LOCAL_RANK: 0 - CUDA_VISIBLE_DEVICES: [0,1,2,3]
SLURM auto-requeueing enabled. Setting signal handlers.
