[I 2024-11-04 23:19:27,061] Trial 256 finished with value: 0.5063972473144531 and parameters: {'hidden_dim': 316, 'n_layers': 1, 'dropout': 0.04929961489488266, 'input_chunk_length': 72, 'learning_rate': 0.005833223441073658, 'batch_size': 32}. Best is trial 0 with value: 0.11407290399074554.
GPU available: True (cuda), used: True
TPU available: False, using: 0 TPU cores
HPU available: False, using: 0 HPUs
LOCAL_RANK: 0 - CUDA_VISIBLE_DEVICES: [0,1]
SLURM auto-requeueing enabled. Setting signal handlers.
Monitored metric train_loss did not improve in the last 315 records. Best score: 0.034. Signaling Trainer to stop.
GPU available: True (cuda), used: True
TPU available: False, using: 0 TPU cores
HPU available: False, using: 0 HPUs
LOCAL_RANK: 0 - CUDA_VISIBLE_DEVICES: [0,1]
SLURM auto-requeueing enabled. Setting signal handlers.
[I 2024-11-04 23:19:48,832] Trial 257 finished with value: 0.30209359526634216 and parameters: {'hidden_dim': 379, 'n_layers': 5, 'dropout': 0.08276286736195261, 'input_chunk_length': 57, 'learning_rate': 6.174442870824863e-05, 'batch_size': 32}. Best is trial 0 with value: 0.11407290399074554.
GPU available: True (cuda), used: True
TPU available: False, using: 0 TPU cores
HPU available: False, using: 0 HPUs
LOCAL_RANK: 0 - CUDA_VISIBLE_DEVICES: [0,1]
SLURM auto-requeueing enabled. Setting signal handlers.
Monitored metric train_loss did not improve in the last 316 records. Best score: 0.034. Signaling Trainer to stop.
GPU available: True (cuda), used: True
TPU available: False, using: 0 TPU cores
HPU available: False, using: 0 HPUs
LOCAL_RANK: 0 - CUDA_VISIBLE_DEVICES: [0,1]
SLURM auto-requeueing enabled. Setting signal handlers.
[I 2024-11-04 23:20:12,055] Trial 258 finished with value: 0.33673611283302307 and parameters: {'hidden_dim': 402, 'n_layers': 4, 'dropout': 0.3607088842762948, 'input_chunk_length': 84, 'learning_rate': 0.0030219657018941792, 'batch_size': 64}. Best is trial 0 with value: 0.11407290399074554.
GPU available: True (cuda), used: True
TPU available: False, using: 0 TPU cores
HPU available: False, using: 0 HPUs
LOCAL_RANK: 0 - CUDA_VISIBLE_DEVICES: [0,1]
SLURM auto-requeueing enabled. Setting signal handlers.
Monitored metric train_loss did not improve in the last 317 records. Best score: 0.034. Signaling Trainer to stop.
GPU available: True (cuda), used: True
TPU available: False, using: 0 TPU cores
HPU available: False, using: 0 HPUs
LOCAL_RANK: 0 - CUDA_VISIBLE_DEVICES: [0,1]
SLURM auto-requeueing enabled. Setting signal handlers.
[I 2024-11-04 23:20:31,074] Trial 259 finished with value: 0.3366062045097351 and parameters: {'hidden_dim': 431, 'n_layers': 1, 'dropout': 0.1039799792189551, 'input_chunk_length': 51, 'learning_rate': 3.1099695161819095e-05, 'batch_size': 32}. Best is trial 0 with value: 0.11407290399074554.
GPU available: True (cuda), used: True
TPU available: False, using: 0 TPU cores
HPU available: False, using: 0 HPUs
LOCAL_RANK: 0 - CUDA_VISIBLE_DEVICES: [0,1]
SLURM auto-requeueing enabled. Setting signal handlers.
Monitored metric train_loss did not improve in the last 318 records. Best score: 0.034. Signaling Trainer to stop.
GPU available: True (cuda), used: True
TPU available: False, using: 0 TPU cores
HPU available: False, using: 0 HPUs
LOCAL_RANK: 0 - CUDA_VISIBLE_DEVICES: [0,1]
SLURM auto-requeueing enabled. Setting signal handlers.
[I 2024-11-04 23:20:50,485] Trial 260 finished with value: 0.30019110441207886 and parameters: {'hidden_dim': 443, 'n_layers': 5, 'dropout': 0.1975731206510728, 'input_chunk_length': 29, 'learning_rate': 0.0003155948003064981, 'batch_size': 32}. Best is trial 0 with value: 0.11407290399074554.
GPU available: True (cuda), used: True
TPU available: False, using: 0 TPU cores
HPU available: False, using: 0 HPUs
LOCAL_RANK: 0 - CUDA_VISIBLE_DEVICES: [0,1]
SLURM auto-requeueing enabled. Setting signal handlers.
Monitored metric train_loss did not improve in the last 319 records. Best score: 0.034. Signaling Trainer to stop.
GPU available: True (cuda), used: True
TPU available: False, using: 0 TPU cores
HPU available: False, using: 0 HPUs
LOCAL_RANK: 0 - CUDA_VISIBLE_DEVICES: [0,1]
SLURM auto-requeueing enabled. Setting signal handlers.
[I 2024-11-04 23:21:16,233] Trial 261 finished with value: 0.3510825037956238 and parameters: {'hidden_dim': 465, 'n_layers': 6, 'dropout': 0.2829927476929572, 'input_chunk_length': 65, 'learning_rate': 7.462704167555414e-05, 'batch_size': 32}. Best is trial 0 with value: 0.11407290399074554.
GPU available: True (cuda), used: True
TPU available: False, using: 0 TPU cores
HPU available: False, using: 0 HPUs
LOCAL_RANK: 0 - CUDA_VISIBLE_DEVICES: [0,1]
SLURM auto-requeueing enabled. Setting signal handlers.
Monitored metric train_loss did not improve in the last 320 records. Best score: 0.034. Signaling Trainer to stop.
GPU available: True (cuda), used: True
TPU available: False, using: 0 TPU cores
HPU available: False, using: 0 HPUs
LOCAL_RANK: 0 - CUDA_VISIBLE_DEVICES: [0,1]
SLURM auto-requeueing enabled. Setting signal handlers.
[I 2024-11-04 23:21:37,224] Trial 262 finished with value: 0.4322706460952759 and parameters: {'hidden_dim': 256, 'n_layers': 1, 'dropout': 0.41545066569235084, 'input_chunk_length': 112, 'learning_rate': 4.4362422847945115e-05, 'batch_size': 32}. Best is trial 0 with value: 0.11407290399074554.
GPU available: True (cuda), used: True
TPU available: False, using: 0 TPU cores
HPU available: False, using: 0 HPUs
LOCAL_RANK: 0 - CUDA_VISIBLE_DEVICES: [0,1]
SLURM auto-requeueing enabled. Setting signal handlers.
Monitored metric train_loss did not improve in the last 321 records. Best score: 0.034. Signaling Trainer to stop.
GPU available: True (cuda), used: True
TPU available: False, using: 0 TPU cores
HPU available: False, using: 0 HPUs
LOCAL_RANK: 0 - CUDA_VISIBLE_DEVICES: [0,1]
SLURM auto-requeueing enabled. Setting signal handlers.
[I 2024-11-04 23:21:58,390] Trial 263 finished with value: 0.30867621302604675 and parameters: {'hidden_dim': 363, 'n_layers': 1, 'dropout': 0.030461614930842998, 'input_chunk_length': 80, 'learning_rate': 0.00010132237164924292, 'batch_size': 32}. Best is trial 0 with value: 0.11407290399074554.
GPU available: True (cuda), used: True
TPU available: False, using: 0 TPU cores
HPU available: False, using: 0 HPUs
LOCAL_RANK: 0 - CUDA_VISIBLE_DEVICES: [0,1]
SLURM auto-requeueing enabled. Setting signal handlers.
Monitored metric train_loss did not improve in the last 322 records. Best score: 0.034. Signaling Trainer to stop.
GPU available: True (cuda), used: True
TPU available: False, using: 0 TPU cores
HPU available: False, using: 0 HPUs
LOCAL_RANK: 0 - CUDA_VISIBLE_DEVICES: [0,1]
SLURM auto-requeueing enabled. Setting signal handlers.
[I 2024-11-04 23:22:26,423] Trial 264 finished with value: 0.2991441786289215 and parameters: {'hidden_dim': 477, 'n_layers': 6, 'dropout': 0.07452201256982312, 'input_chunk_length': 76, 'learning_rate': 0.00012128389246093612, 'batch_size': 32}. Best is trial 0 with value: 0.11407290399074554.
GPU available: True (cuda), used: True
TPU available: False, using: 0 TPU cores
HPU available: False, using: 0 HPUs
LOCAL_RANK: 0 - CUDA_VISIBLE_DEVICES: [0,1]
SLURM auto-requeueing enabled. Setting signal handlers.
Monitored metric train_loss did not improve in the last 323 records. Best score: 0.034. Signaling Trainer to stop.
GPU available: True (cuda), used: True
TPU available: False, using: 0 TPU cores
HPU available: False, using: 0 HPUs
LOCAL_RANK: 0 - CUDA_VISIBLE_DEVICES: [0,1]
SLURM auto-requeueing enabled. Setting signal handlers.
[I 2024-11-04 23:22:51,884] Trial 265 finished with value: 0.31273970007896423 and parameters: {'hidden_dim': 343, 'n_layers': 5, 'dropout': 0.05923390798340922, 'input_chunk_length': 92, 'learning_rate': 8.786062329315158e-05, 'batch_size': 32}. Best is trial 0 with value: 0.11407290399074554.
GPU available: True (cuda), used: True
TPU available: False, using: 0 TPU cores
HPU available: False, using: 0 HPUs
LOCAL_RANK: 0 - CUDA_VISIBLE_DEVICES: [0,1]
SLURM auto-requeueing enabled. Setting signal handlers.
Monitored metric train_loss did not improve in the last 324 records. Best score: 0.034. Signaling Trainer to stop.
GPU available: True (cuda), used: True
TPU available: False, using: 0 TPU cores
HPU available: False, using: 0 HPUs
LOCAL_RANK: 0 - CUDA_VISIBLE_DEVICES: [0,1]
SLURM auto-requeueing enabled. Setting signal handlers.
[I 2024-11-04 23:23:10,564] Trial 266 finished with value: 0.3112707734107971 and parameters: {'hidden_dim': 416, 'n_layers': 1, 'dropout': 0.08985555247623685, 'input_chunk_length': 62, 'learning_rate': 0.000445300209988899, 'batch_size': 64}. Best is trial 0 with value: 0.11407290399074554.
GPU available: True (cuda), used: True
TPU available: False, using: 0 TPU cores
HPU available: False, using: 0 HPUs
LOCAL_RANK: 0 - CUDA_VISIBLE_DEVICES: [0,1]
SLURM auto-requeueing enabled. Setting signal handlers.
Monitored metric train_loss did not improve in the last 325 records. Best score: 0.034. Signaling Trainer to stop.
GPU available: True (cuda), used: True
TPU available: False, using: 0 TPU cores
HPU available: False, using: 0 HPUs
LOCAL_RANK: 0 - CUDA_VISIBLE_DEVICES: [0,1]
SLURM auto-requeueing enabled. Setting signal handlers.
[I 2024-11-04 23:23:33,149] Trial 267 finished with value: 0.2928432822227478 and parameters: {'hidden_dim': 456, 'n_layers': 3, 'dropout': 0.11868542992052075, 'input_chunk_length': 68, 'learning_rate': 6.761405365905965e-05, 'batch_size': 32}. Best is trial 0 with value: 0.11407290399074554.
GPU available: True (cuda), used: True
TPU available: False, using: 0 TPU cores
HPU available: False, using: 0 HPUs
LOCAL_RANK: 0 - CUDA_VISIBLE_DEVICES: [0,1]
SLURM auto-requeueing enabled. Setting signal handlers.
Monitored metric train_loss did not improve in the last 326 records. Best score: 0.034. Signaling Trainer to stop.
GPU available: True (cuda), used: True
TPU available: False, using: 0 TPU cores
HPU available: False, using: 0 HPUs
LOCAL_RANK: 0 - CUDA_VISIBLE_DEVICES: [0,1]
SLURM auto-requeueing enabled. Setting signal handlers.
[I 2024-11-04 23:24:09,383] Trial 268 finished with value: 0.3370088040828705 and parameters: {'hidden_dim': 374, 'n_layers': 5, 'dropout': 0.29516255168030636, 'input_chunk_length': 147, 'learning_rate': 4.944894792953146e-05, 'batch_size': 32}. Best is trial 0 with value: 0.11407290399074554.
GPU available: True (cuda), used: True
TPU available: False, using: 0 TPU cores
HPU available: False, using: 0 HPUs
LOCAL_RANK: 0 - CUDA_VISIBLE_DEVICES: [0,1]
SLURM auto-requeueing enabled. Setting signal handlers.
Monitored metric train_loss did not improve in the last 327 records. Best score: 0.034. Signaling Trainer to stop.
GPU available: True (cuda), used: True
TPU available: False, using: 0 TPU cores
HPU available: False, using: 0 HPUs
LOCAL_RANK: 0 - CUDA_VISIBLE_DEVICES: [0,1]
SLURM auto-requeueing enabled. Setting signal handlers.
[I 2024-11-04 23:24:32,601] Trial 269 finished with value: 0.29665836691856384 and parameters: {'hidden_dim': 430, 'n_layers': 6, 'dropout': 0.07068187570554581, 'input_chunk_length': 55, 'learning_rate': 7.936296318182877e-05, 'batch_size': 32}. Best is trial 0 with value: 0.11407290399074554.
GPU available: True (cuda), used: True
TPU available: False, using: 0 TPU cores
HPU available: False, using: 0 HPUs
LOCAL_RANK: 0 - CUDA_VISIBLE_DEVICES: [0,1]
SLURM auto-requeueing enabled. Setting signal handlers.
Monitored metric train_loss did not improve in the last 328 records. Best score: 0.034. Signaling Trainer to stop.
GPU available: True (cuda), used: True
TPU available: False, using: 0 TPU cores
HPU available: False, using: 0 HPUs
LOCAL_RANK: 0 - CUDA_VISIBLE_DEVICES: [0,1]
SLURM auto-requeueing enabled. Setting signal handlers.
[I 2024-11-04 23:24:50,454] Trial 270 finished with value: 0.31544601917266846 and parameters: {'hidden_dim': 203, 'n_layers': 1, 'dropout': 0.04397207095661274, 'input_chunk_length': 47, 'learning_rate': 9.354091447616465e-05, 'batch_size': 32}. Best is trial 0 with value: 0.11407290399074554.
GPU available: True (cuda), used: True
TPU available: False, using: 0 TPU cores
HPU available: False, using: 0 HPUs
LOCAL_RANK: 0 - CUDA_VISIBLE_DEVICES: [0,1]
SLURM auto-requeueing enabled. Setting signal handlers.
Monitored metric train_loss did not improve in the last 329 records. Best score: 0.034. Signaling Trainer to stop.
GPU available: True (cuda), used: True
TPU available: False, using: 0 TPU cores
HPU available: False, using: 0 HPUs
LOCAL_RANK: 0 - CUDA_VISIBLE_DEVICES: [0,1]
SLURM auto-requeueing enabled. Setting signal handlers.
[I 2024-11-04 23:25:09,449] Trial 271 finished with value: 0.30535179376602173 and parameters: {'hidden_dim': 351, 'n_layers': 1, 'dropout': 0.3376354708253191, 'input_chunk_length': 58, 'learning_rate': 0.00010494613033572452, 'batch_size': 32}. Best is trial 0 with value: 0.11407290399074554.
GPU available: True (cuda), used: True
TPU available: False, using: 0 TPU cores
HPU available: False, using: 0 HPUs
LOCAL_RANK: 0 - CUDA_VISIBLE_DEVICES: [0,1]
SLURM auto-requeueing enabled. Setting signal handlers.
Monitored metric train_loss did not improve in the last 330 records. Best score: 0.034. Signaling Trainer to stop.
GPU available: True (cuda), used: True
TPU available: False, using: 0 TPU cores
HPU available: False, using: 0 HPUs
LOCAL_RANK: 0 - CUDA_VISIBLE_DEVICES: [0,1]
SLURM auto-requeueing enabled. Setting signal handlers.
[I 2024-11-04 23:25:31,540] Trial 272 finished with value: 0.3155391812324524 and parameters: {'hidden_dim': 447, 'n_layers': 5, 'dropout': 0.3155190319563273, 'input_chunk_length': 50, 'learning_rate': 5.519103902964785e-05, 'batch_size': 32}. Best is trial 0 with value: 0.11407290399074554.
GPU available: True (cuda), used: True
TPU available: False, using: 0 TPU cores
HPU available: False, using: 0 HPUs
LOCAL_RANK: 0 - CUDA_VISIBLE_DEVICES: [0,1]
SLURM auto-requeueing enabled. Setting signal handlers.
Monitored metric train_loss did not improve in the last 331 records. Best score: 0.034. Signaling Trainer to stop.
GPU available: True (cuda), used: True
TPU available: False, using: 0 TPU cores
HPU available: False, using: 0 HPUs
LOCAL_RANK: 0 - CUDA_VISIBLE_DEVICES: [0,1]
SLURM auto-requeueing enabled. Setting signal handlers.
[I 2024-11-04 23:25:51,549] Trial 273 finished with value: 0.29970383644104004 and parameters: {'hidden_dim': 324, 'n_layers': 5, 'dropout': 0.08280714359628334, 'input_chunk_length': 53, 'learning_rate': 7.291093338229283e-05, 'batch_size': 32}. Best is trial 0 with value: 0.11407290399074554.
GPU available: True (cuda), used: True
TPU available: False, using: 0 TPU cores
HPU available: False, using: 0 HPUs
LOCAL_RANK: 0 - CUDA_VISIBLE_DEVICES: [0,1]
SLURM auto-requeueing enabled. Setting signal handlers.
Monitored metric train_loss did not improve in the last 332 records. Best score: 0.034. Signaling Trainer to stop.
GPU available: True (cuda), used: True
TPU available: False, using: 0 TPU cores
HPU available: False, using: 0 HPUs
LOCAL_RANK: 0 - CUDA_VISIBLE_DEVICES: [0,1]
SLURM auto-requeueing enabled. Setting signal handlers.
[I 2024-11-04 23:26:20,336] Trial 274 finished with value: 0.3084518313407898 and parameters: {'hidden_dim': 457, 'n_layers': 6, 'dropout': 0.09498771923989317, 'input_chunk_length': 86, 'learning_rate': 0.00011171910679217855, 'batch_size': 64}. Best is trial 0 with value: 0.11407290399074554.
GPU available: True (cuda), used: True
TPU available: False, using: 0 TPU cores
HPU available: False, using: 0 HPUs
LOCAL_RANK: 0 - CUDA_VISIBLE_DEVICES: [0,1]
SLURM auto-requeueing enabled. Setting signal handlers.
Monitored metric train_loss did not improve in the last 333 records. Best score: 0.034. Signaling Trainer to stop.
GPU available: True (cuda), used: True
TPU available: False, using: 0 TPU cores
HPU available: False, using: 0 HPUs
LOCAL_RANK: 0 - CUDA_VISIBLE_DEVICES: [0,1]
SLURM auto-requeueing enabled. Setting signal handlers.
[I 2024-11-04 23:26:38,337] Trial 275 finished with value: 0.45859435200691223 and parameters: {'hidden_dim': 264, 'n_layers': 1, 'dropout': 0.01486258211565692, 'input_chunk_length': 61, 'learning_rate': 0.004885097624210927, 'batch_size': 32}. Best is trial 0 with value: 0.11407290399074554.
GPU available: True (cuda), used: True
TPU available: False, using: 0 TPU cores
HPU available: False, using: 0 HPUs
LOCAL_RANK: 0 - CUDA_VISIBLE_DEVICES: [0,1]
SLURM auto-requeueing enabled. Setting signal handlers.
Monitored metric train_loss did not improve in the last 334 records. Best score: 0.034. Signaling Trainer to stop.
GPU available: True (cuda), used: True
TPU available: False, using: 0 TPU cores
HPU available: False, using: 0 HPUs
LOCAL_RANK: 0 - CUDA_VISIBLE_DEVICES: [0,1]
SLURM auto-requeueing enabled. Setting signal handlers.
[I 2024-11-04 23:27:05,093] Trial 276 finished with value: 0.3113555610179901 and parameters: {'hidden_dim': 386, 'n_layers': 6, 'dropout': 0.0634136009725238, 'input_chunk_length': 82, 'learning_rate': 8.576008712390719e-05, 'batch_size': 32}. Best is trial 0 with value: 0.11407290399074554.
GPU available: True (cuda), used: True
TPU available: False, using: 0 TPU cores
HPU available: False, using: 0 HPUs
LOCAL_RANK: 0 - CUDA_VISIBLE_DEVICES: [0,1]
SLURM auto-requeueing enabled. Setting signal handlers.
Monitored metric train_loss did not improve in the last 335 records. Best score: 0.034. Signaling Trainer to stop.
GPU available: True (cuda), used: True
TPU available: False, using: 0 TPU cores
HPU available: False, using: 0 HPUs
LOCAL_RANK: 0 - CUDA_VISIBLE_DEVICES: [0,1]
SLURM auto-requeueing enabled. Setting signal handlers.
[I 2024-11-04 23:27:32,579] Trial 277 finished with value: 0.3620067238807678 and parameters: {'hidden_dim': 439, 'n_layers': 4, 'dropout': 0.26291993975997213, 'input_chunk_length': 95, 'learning_rate': 6.260387863970273e-05, 'batch_size': 32}. Best is trial 0 with value: 0.11407290399074554.
GPU available: True (cuda), used: True
TPU available: False, using: 0 TPU cores
HPU available: False, using: 0 HPUs
LOCAL_RANK: 0 - CUDA_VISIBLE_DEVICES: [0,1]
SLURM auto-requeueing enabled. Setting signal handlers.
Monitored metric train_loss did not improve in the last 336 records. Best score: 0.034. Signaling Trainer to stop.
GPU available: True (cuda), used: True
TPU available: False, using: 0 TPU cores
HPU available: False, using: 0 HPUs
LOCAL_RANK: 0 - CUDA_VISIBLE_DEVICES: [0,1]
SLURM auto-requeueing enabled. Setting signal handlers.
[I 2024-11-04 23:27:50,266] Trial 278 finished with value: 0.3239172697067261 and parameters: {'hidden_dim': 359, 'n_layers': 1, 'dropout': 0.10755412816265914, 'input_chunk_length': 20, 'learning_rate': 2.7280869427387533e-05, 'batch_size': 32}. Best is trial 0 with value: 0.11407290399074554.
GPU available: True (cuda), used: True
TPU available: False, using: 0 TPU cores
HPU available: False, using: 0 HPUs
LOCAL_RANK: 0 - CUDA_VISIBLE_DEVICES: [0,1]
SLURM auto-requeueing enabled. Setting signal handlers.
Monitored metric train_loss did not improve in the last 337 records. Best score: 0.034. Signaling Trainer to stop.
GPU available: True (cuda), used: True
TPU available: False, using: 0 TPU cores
HPU available: False, using: 0 HPUs
LOCAL_RANK: 0 - CUDA_VISIBLE_DEVICES: [0,1]
SLURM auto-requeueing enabled. Setting signal handlers.
[I 2024-11-04 23:28:14,948] Trial 279 finished with value: 0.3699823021888733 and parameters: {'hidden_dim': 483, 'n_layers': 5, 'dropout': 0.07693135180129575, 'input_chunk_length': 64, 'learning_rate': 1.7923355702111894e-05, 'batch_size': 32}. Best is trial 0 with value: 0.11407290399074554.
GPU available: True (cuda), used: True
TPU available: False, using: 0 TPU cores
HPU available: False, using: 0 HPUs
LOCAL_RANK: 0 - CUDA_VISIBLE_DEVICES: [0,1]
SLURM auto-requeueing enabled. Setting signal handlers.
Monitored metric train_loss did not improve in the last 338 records. Best score: 0.034. Signaling Trainer to stop.
GPU available: True (cuda), used: True
TPU available: False, using: 0 TPU cores
HPU available: False, using: 0 HPUs
LOCAL_RANK: 0 - CUDA_VISIBLE_DEVICES: [0,1]
SLURM auto-requeueing enabled. Setting signal handlers.
[I 2024-11-04 23:28:36,494] Trial 280 finished with value: 0.2843153178691864 and parameters: {'hidden_dim': 466, 'n_layers': 1, 'dropout': 0.0548641342919169, 'input_chunk_length': 73, 'learning_rate': 0.0002512769474044938, 'batch_size': 32}. Best is trial 0 with value: 0.11407290399074554.
GPU available: True (cuda), used: True
TPU available: False, using: 0 TPU cores
HPU available: False, using: 0 HPUs
LOCAL_RANK: 0 - CUDA_VISIBLE_DEVICES: [0,1]
SLURM auto-requeueing enabled. Setting signal handlers.
Monitored metric train_loss did not improve in the last 339 records. Best score: 0.034. Signaling Trainer to stop.
GPU available: True (cuda), used: True
TPU available: False, using: 0 TPU cores
HPU available: False, using: 0 HPUs
LOCAL_RANK: 0 - CUDA_VISIBLE_DEVICES: [0,1]
SLURM auto-requeueing enabled. Setting signal handlers.
[I 2024-11-04 23:28:57,958] Trial 281 finished with value: 0.3021714687347412 and parameters: {'hidden_dim': 470, 'n_layers': 1, 'dropout': 0.053499854201801166, 'input_chunk_length': 69, 'learning_rate': 0.00021409930624544156, 'batch_size': 32}. Best is trial 0 with value: 0.11407290399074554.
GPU available: True (cuda), used: True
TPU available: False, using: 0 TPU cores
HPU available: False, using: 0 HPUs
LOCAL_RANK: 0 - CUDA_VISIBLE_DEVICES: [0,1]
SLURM auto-requeueing enabled. Setting signal handlers.
Monitored metric train_loss did not improve in the last 340 records. Best score: 0.034. Signaling Trainer to stop.
GPU available: True (cuda), used: True
TPU available: False, using: 0 TPU cores
HPU available: False, using: 0 HPUs
LOCAL_RANK: 0 - CUDA_VISIBLE_DEVICES: [0,1]
SLURM auto-requeueing enabled. Setting signal handlers.
