[I 2024-11-04 09:56:36,096] Trial 47 finished with value: 0.29351162910461426 and parameters: {'hidden_dim': 193, 'n_layers': 3, 'dropout': 0.19959824917376762, 'input_chunk_length': 22, 'learning_rate': 0.005007288999168335, 'batch_size': 32}. Best is trial 0 with value: 0.11822180449962616.
GPU available: True (cuda), used: True
TPU available: False, using: 0 TPU cores
HPU available: False, using: 0 HPUs
LOCAL_RANK: 0 - CUDA_VISIBLE_DEVICES: [0,1,2,3]
SLURM auto-requeueing enabled. Setting signal handlers.
Monitored metric train_loss did not improve in the last 106 records. Best score: 0.042. Signaling Trainer to stop.
GPU available: True (cuda), used: True
TPU available: False, using: 0 TPU cores
HPU available: False, using: 0 HPUs
LOCAL_RANK: 0 - CUDA_VISIBLE_DEVICES: [0,1,2,3]
SLURM auto-requeueing enabled. Setting signal handlers.
[I 2024-11-04 09:56:53,133] Trial 48 finished with value: 0.4817815124988556 and parameters: {'hidden_dim': 238, 'n_layers': 5, 'dropout': 0.05475824001394874, 'input_chunk_length': 34, 'learning_rate': 1.0878965741339191e-05, 'batch_size': 64}. Best is trial 0 with value: 0.11822180449962616.
GPU available: True (cuda), used: True
TPU available: False, using: 0 TPU cores
HPU available: False, using: 0 HPUs
LOCAL_RANK: 0 - CUDA_VISIBLE_DEVICES: [0,1,2,3]
SLURM auto-requeueing enabled. Setting signal handlers.
Monitored metric train_loss did not improve in the last 107 records. Best score: 0.042. Signaling Trainer to stop.
GPU available: True (cuda), used: True
TPU available: False, using: 0 TPU cores
HPU available: False, using: 0 HPUs
LOCAL_RANK: 0 - CUDA_VISIBLE_DEVICES: [0,1,2,3]
SLURM auto-requeueing enabled. Setting signal handlers.
[I 2024-11-04 09:57:10,183] Trial 49 finished with value: 0.5878621339797974 and parameters: {'hidden_dim': 162, 'n_layers': 3, 'dropout': 0.09914870105071483, 'input_chunk_length': 15, 'learning_rate': 0.003277349813838384, 'batch_size': 32}. Best is trial 0 with value: 0.11822180449962616.
GPU available: True (cuda), used: True
TPU available: False, using: 0 TPU cores
HPU available: False, using: 0 HPUs
LOCAL_RANK: 0 - CUDA_VISIBLE_DEVICES: [0,1,2,3]
SLURM auto-requeueing enabled. Setting signal handlers.
Monitored metric train_loss did not improve in the last 108 records. Best score: 0.042. Signaling Trainer to stop.
GPU available: True (cuda), used: True
TPU available: False, using: 0 TPU cores
HPU available: False, using: 0 HPUs
LOCAL_RANK: 0 - CUDA_VISIBLE_DEVICES: [0,1,2,3]
SLURM auto-requeueing enabled. Setting signal handlers.
[I 2024-11-04 09:57:36,402] Trial 50 finished with value: 0.7351546883583069 and parameters: {'hidden_dim': 405, 'n_layers': 4, 'dropout': 0.3067586884710788, 'input_chunk_length': 117, 'learning_rate': 0.006774882965205357, 'batch_size': 32}. Best is trial 0 with value: 0.11822180449962616.
GPU available: True (cuda), used: True
TPU available: False, using: 0 TPU cores
HPU available: False, using: 0 HPUs
LOCAL_RANK: 0 - CUDA_VISIBLE_DEVICES: [0,1,2,3]
SLURM auto-requeueing enabled. Setting signal handlers.
Monitored metric train_loss did not improve in the last 109 records. Best score: 0.042. Signaling Trainer to stop.
GPU available: True (cuda), used: True
TPU available: False, using: 0 TPU cores
HPU available: False, using: 0 HPUs
LOCAL_RANK: 0 - CUDA_VISIBLE_DEVICES: [0,1,2,3]
SLURM auto-requeueing enabled. Setting signal handlers.
[I 2024-11-04 09:57:53,463] Trial 51 finished with value: 0.4469240605831146 and parameters: {'hidden_dim': 204, 'n_layers': 3, 'dropout': 0.20177956089812105, 'input_chunk_length': 18, 'learning_rate': 0.004539444094127991, 'batch_size': 32}. Best is trial 0 with value: 0.11822180449962616.
GPU available: True (cuda), used: True
TPU available: False, using: 0 TPU cores
HPU available: False, using: 0 HPUs
LOCAL_RANK: 0 - CUDA_VISIBLE_DEVICES: [0,1,2,3]
SLURM auto-requeueing enabled. Setting signal handlers.
Monitored metric train_loss did not improve in the last 110 records. Best score: 0.042. Signaling Trainer to stop.
GPU available: True (cuda), used: True
TPU available: False, using: 0 TPU cores
HPU available: False, using: 0 HPUs
LOCAL_RANK: 0 - CUDA_VISIBLE_DEVICES: [0,1,2,3]
SLURM auto-requeueing enabled. Setting signal handlers.
[I 2024-11-04 09:58:10,640] Trial 52 finished with value: 0.3349763751029968 and parameters: {'hidden_dim': 134, 'n_layers': 3, 'dropout': 0.23801049215798273, 'input_chunk_length': 23, 'learning_rate': 0.0018333781802252938, 'batch_size': 32}. Best is trial 0 with value: 0.11822180449962616.
GPU available: True (cuda), used: True
TPU available: False, using: 0 TPU cores
HPU available: False, using: 0 HPUs
LOCAL_RANK: 0 - CUDA_VISIBLE_DEVICES: [0,1,2,3]
SLURM auto-requeueing enabled. Setting signal handlers.
Monitored metric train_loss did not improve in the last 111 records. Best score: 0.042. Signaling Trainer to stop.
GPU available: True (cuda), used: True
TPU available: False, using: 0 TPU cores
HPU available: False, using: 0 HPUs
LOCAL_RANK: 0 - CUDA_VISIBLE_DEVICES: [0,1,2,3]
SLURM auto-requeueing enabled. Setting signal handlers.
[I 2024-11-04 09:58:27,766] Trial 53 finished with value: 0.4115539491176605 and parameters: {'hidden_dim': 191, 'n_layers': 3, 'dropout': 0.27729681744791856, 'input_chunk_length': 27, 'learning_rate': 0.0027478880990699363, 'batch_size': 32}. Best is trial 0 with value: 0.11822180449962616.
GPU available: True (cuda), used: True
TPU available: False, using: 0 TPU cores
HPU available: False, using: 0 HPUs
LOCAL_RANK: 0 - CUDA_VISIBLE_DEVICES: [0,1,2,3]
SLURM auto-requeueing enabled. Setting signal handlers.
Monitored metric train_loss did not improve in the last 112 records. Best score: 0.042. Signaling Trainer to stop.
GPU available: True (cuda), used: True
TPU available: False, using: 0 TPU cores
HPU available: False, using: 0 HPUs
LOCAL_RANK: 0 - CUDA_VISIBLE_DEVICES: [0,1,2,3]
SLURM auto-requeueing enabled. Setting signal handlers.
[I 2024-11-04 09:58:44,971] Trial 54 finished with value: 0.3362440764904022 and parameters: {'hidden_dim': 102, 'n_layers': 2, 'dropout': 0.20892636321564867, 'input_chunk_length': 87, 'learning_rate': 4.526041911975398e-05, 'batch_size': 32}. Best is trial 0 with value: 0.11822180449962616.
GPU available: True (cuda), used: True
TPU available: False, using: 0 TPU cores
HPU available: False, using: 0 HPUs
LOCAL_RANK: 0 - CUDA_VISIBLE_DEVICES: [0,1,2,3]
SLURM auto-requeueing enabled. Setting signal handlers.
Monitored metric train_loss did not improve in the last 113 records. Best score: 0.042. Signaling Trainer to stop.
GPU available: True (cuda), used: True
TPU available: False, using: 0 TPU cores
HPU available: False, using: 0 HPUs
LOCAL_RANK: 0 - CUDA_VISIBLE_DEVICES: [0,1,2,3]
SLURM auto-requeueing enabled. Setting signal handlers.
[I 2024-11-04 09:59:02,546] Trial 55 finished with value: 0.8476142287254333 and parameters: {'hidden_dim': 168, 'n_layers': 4, 'dropout': 0.18819772606112362, 'input_chunk_length': 32, 'learning_rate': 0.007618421959963785, 'batch_size': 32}. Best is trial 0 with value: 0.11822180449962616.
GPU available: True (cuda), used: True
TPU available: False, using: 0 TPU cores
HPU available: False, using: 0 HPUs
LOCAL_RANK: 0 - CUDA_VISIBLE_DEVICES: [0,1,2,3]
SLURM auto-requeueing enabled. Setting signal handlers.
Monitored metric train_loss did not improve in the last 114 records. Best score: 0.042. Signaling Trainer to stop.
GPU available: True (cuda), used: True
TPU available: False, using: 0 TPU cores
HPU available: False, using: 0 HPUs
LOCAL_RANK: 0 - CUDA_VISIBLE_DEVICES: [0,1,2,3]
SLURM auto-requeueing enabled. Setting signal handlers.
[I 2024-11-04 09:59:20,097] Trial 56 finished with value: 0.8106096982955933 and parameters: {'hidden_dim': 236, 'n_layers': 3, 'dropout': 0.23924483572232091, 'input_chunk_length': 40, 'learning_rate': 0.005067760100936037, 'batch_size': 32}. Best is trial 0 with value: 0.11822180449962616.
GPU available: True (cuda), used: True
TPU available: False, using: 0 TPU cores
HPU available: False, using: 0 HPUs
LOCAL_RANK: 0 - CUDA_VISIBLE_DEVICES: [0,1,2,3]
SLURM auto-requeueing enabled. Setting signal handlers.
Monitored metric train_loss did not improve in the last 115 records. Best score: 0.042. Signaling Trainer to stop.
GPU available: True (cuda), used: True
TPU available: False, using: 0 TPU cores
HPU available: False, using: 0 HPUs
LOCAL_RANK: 0 - CUDA_VISIBLE_DEVICES: [0,1,2,3]
SLURM auto-requeueing enabled. Setting signal handlers.
[I 2024-11-04 09:59:37,738] Trial 57 finished with value: 0.5167548060417175 and parameters: {'hidden_dim': 333, 'n_layers': 2, 'dropout': 0.29834733018281584, 'input_chunk_length': 44, 'learning_rate': 0.0033146116422195374, 'batch_size': 64}. Best is trial 0 with value: 0.11822180449962616.
GPU available: True (cuda), used: True
TPU available: False, using: 0 TPU cores
HPU available: False, using: 0 HPUs
LOCAL_RANK: 0 - CUDA_VISIBLE_DEVICES: [0,1,2,3]
SLURM auto-requeueing enabled. Setting signal handlers.
Monitored metric train_loss did not improve in the last 116 records. Best score: 0.042. Signaling Trainer to stop.
GPU available: True (cuda), used: True
TPU available: False, using: 0 TPU cores
HPU available: False, using: 0 HPUs
LOCAL_RANK: 0 - CUDA_VISIBLE_DEVICES: [0,1,2,3]
SLURM auto-requeueing enabled. Setting signal handlers.
[I 2024-11-04 09:59:54,665] Trial 58 finished with value: 0.3138442933559418 and parameters: {'hidden_dim': 78, 'n_layers': 5, 'dropout': 0.11931500238462611, 'input_chunk_length': 23, 'learning_rate': 0.0009510909285886101, 'batch_size': 32}. Best is trial 0 with value: 0.11822180449962616.
GPU available: True (cuda), used: True
TPU available: False, using: 0 TPU cores
HPU available: False, using: 0 HPUs
LOCAL_RANK: 0 - CUDA_VISIBLE_DEVICES: [0,1,2,3]
SLURM auto-requeueing enabled. Setting signal handlers.
Monitored metric train_loss did not improve in the last 117 records. Best score: 0.042. Signaling Trainer to stop.
GPU available: True (cuda), used: True
TPU available: False, using: 0 TPU cores
HPU available: False, using: 0 HPUs
LOCAL_RANK: 0 - CUDA_VISIBLE_DEVICES: [0,1,2,3]
SLURM auto-requeueing enabled. Setting signal handlers.
[I 2024-11-04 10:00:15,108] Trial 59 finished with value: 0.301028311252594 and parameters: {'hidden_dim': 356, 'n_layers': 1, 'dropout': 0.14895298042734656, 'input_chunk_length': 98, 'learning_rate': 9.843584822331873e-05, 'batch_size': 32}. Best is trial 0 with value: 0.11822180449962616.
GPU available: True (cuda), used: True
TPU available: False, using: 0 TPU cores
HPU available: False, using: 0 HPUs
LOCAL_RANK: 0 - CUDA_VISIBLE_DEVICES: [0,1,2,3]
SLURM auto-requeueing enabled. Setting signal handlers.
Monitored metric train_loss did not improve in the last 118 records. Best score: 0.042. Signaling Trainer to stop.
GPU available: True (cuda), used: True
TPU available: False, using: 0 TPU cores
HPU available: False, using: 0 HPUs
LOCAL_RANK: 0 - CUDA_VISIBLE_DEVICES: [0,1,2,3]
SLURM auto-requeueing enabled. Setting signal handlers.
[I 2024-11-04 10:00:34,027] Trial 60 finished with value: 0.34153568744659424 and parameters: {'hidden_dim': 264, 'n_layers': 2, 'dropout': 0.25680342607786166, 'input_chunk_length': 71, 'learning_rate': 0.0004177551550705054, 'batch_size': 32}. Best is trial 0 with value: 0.11822180449962616.
GPU available: True (cuda), used: True
TPU available: False, using: 0 TPU cores
HPU available: False, using: 0 HPUs
LOCAL_RANK: 0 - CUDA_VISIBLE_DEVICES: [0,1,2,3]
SLURM auto-requeueing enabled. Setting signal handlers.
Monitored metric train_loss did not improve in the last 119 records. Best score: 0.042. Signaling Trainer to stop.
GPU available: True (cuda), used: True
TPU available: False, using: 0 TPU cores
HPU available: False, using: 0 HPUs
LOCAL_RANK: 0 - CUDA_VISIBLE_DEVICES: [0,1,2,3]
SLURM auto-requeueing enabled. Setting signal handlers.
[I 2024-11-04 10:00:55,288] Trial 61 finished with value: 0.29588016867637634 and parameters: {'hidden_dim': 359, 'n_layers': 1, 'dropout': 0.15214444892063947, 'input_chunk_length': 104, 'learning_rate': 9.33276714823483e-05, 'batch_size': 32}. Best is trial 0 with value: 0.11822180449962616.
GPU available: True (cuda), used: True
TPU available: False, using: 0 TPU cores
HPU available: False, using: 0 HPUs
LOCAL_RANK: 0 - CUDA_VISIBLE_DEVICES: [0,1,2,3]
SLURM auto-requeueing enabled. Setting signal handlers.
Monitored metric train_loss did not improve in the last 120 records. Best score: 0.042. Signaling Trainer to stop.
GPU available: True (cuda), used: True
TPU available: False, using: 0 TPU cores
HPU available: False, using: 0 HPUs
LOCAL_RANK: 0 - CUDA_VISIBLE_DEVICES: [0,1,2,3]
SLURM auto-requeueing enabled. Setting signal handlers.
[I 2024-11-04 10:01:16,886] Trial 62 finished with value: 0.2844618558883667 and parameters: {'hidden_dim': 309, 'n_layers': 1, 'dropout': 0.18054022433592368, 'input_chunk_length': 124, 'learning_rate': 0.0006136357098834967, 'batch_size': 32}. Best is trial 0 with value: 0.11822180449962616.
GPU available: True (cuda), used: True
TPU available: False, using: 0 TPU cores
HPU available: False, using: 0 HPUs
LOCAL_RANK: 0 - CUDA_VISIBLE_DEVICES: [0,1,2,3]
SLURM auto-requeueing enabled. Setting signal handlers.
Monitored metric train_loss did not improve in the last 121 records. Best score: 0.042. Signaling Trainer to stop.
GPU available: True (cuda), used: True
TPU available: False, using: 0 TPU cores
HPU available: False, using: 0 HPUs
LOCAL_RANK: 0 - CUDA_VISIBLE_DEVICES: [0,1,2,3]
SLURM auto-requeueing enabled. Setting signal handlers.
[I 2024-11-04 10:01:38,727] Trial 63 finished with value: 0.4785040318965912 and parameters: {'hidden_dim': 312, 'n_layers': 1, 'dropout': 0.23099086574995603, 'input_chunk_length': 134, 'learning_rate': 0.0006862971098887796, 'batch_size': 32}. Best is trial 0 with value: 0.11822180449962616.
GPU available: True (cuda), used: True
TPU available: False, using: 0 TPU cores
HPU available: False, using: 0 HPUs
LOCAL_RANK: 0 - CUDA_VISIBLE_DEVICES: [0,1,2,3]
SLURM auto-requeueing enabled. Setting signal handlers.
Monitored metric train_loss did not improve in the last 122 records. Best score: 0.042. Signaling Trainer to stop.
GPU available: True (cuda), used: True
TPU available: False, using: 0 TPU cores
HPU available: False, using: 0 HPUs
LOCAL_RANK: 0 - CUDA_VISIBLE_DEVICES: [0,1,2,3]
SLURM auto-requeueing enabled. Setting signal handlers.
[I 2024-11-04 10:02:03,705] Trial 64 finished with value: 0.32465746998786926 and parameters: {'hidden_dim': 489, 'n_layers': 1, 'dropout': 0.19449020173376697, 'input_chunk_length': 140, 'learning_rate': 0.00023492122446820183, 'batch_size': 32}. Best is trial 0 with value: 0.11822180449962616.
GPU available: True (cuda), used: True
TPU available: False, using: 0 TPU cores
HPU available: False, using: 0 HPUs
LOCAL_RANK: 0 - CUDA_VISIBLE_DEVICES: [0,1,2,3]
SLURM auto-requeueing enabled. Setting signal handlers.
Monitored metric train_loss did not improve in the last 123 records. Best score: 0.042. Signaling Trainer to stop.
GPU available: True (cuda), used: True
TPU available: False, using: 0 TPU cores
HPU available: False, using: 0 HPUs
LOCAL_RANK: 0 - CUDA_VISIBLE_DEVICES: [0,1,2,3]
SLURM auto-requeueing enabled. Setting signal handlers.
[I 2024-11-04 10:02:25,365] Trial 65 finished with value: 0.3449241816997528 and parameters: {'hidden_dim': 184, 'n_layers': 3, 'dropout': 0.18417262526953887, 'input_chunk_length': 115, 'learning_rate': 0.00016639884359333137, 'batch_size': 32}. Best is trial 0 with value: 0.11822180449962616.
GPU available: True (cuda), used: True
TPU available: False, using: 0 TPU cores
HPU available: False, using: 0 HPUs
LOCAL_RANK: 0 - CUDA_VISIBLE_DEVICES: [0,1,2,3]
SLURM auto-requeueing enabled. Setting signal handlers.
Monitored metric train_loss did not improve in the last 124 records. Best score: 0.042. Signaling Trainer to stop.
GPU available: True (cuda), used: True
TPU available: False, using: 0 TPU cores
HPU available: False, using: 0 HPUs
LOCAL_RANK: 0 - CUDA_VISIBLE_DEVICES: [0,1,2,3]
SLURM auto-requeueing enabled. Setting signal handlers.
[I 2024-11-04 10:02:44,553] Trial 66 finished with value: 0.41634806990623474 and parameters: {'hidden_dim': 147, 'n_layers': 2, 'dropout': 0.2180147815524013, 'input_chunk_length': 122, 'learning_rate': 0.0010130037489634123, 'batch_size': 64}. Best is trial 0 with value: 0.11822180449962616.
GPU available: True (cuda), used: True
TPU available: False, using: 0 TPU cores
HPU available: False, using: 0 HPUs
LOCAL_RANK: 0 - CUDA_VISIBLE_DEVICES: [0,1,2,3]
SLURM auto-requeueing enabled. Setting signal handlers.
Monitored metric train_loss did not improve in the last 125 records. Best score: 0.042. Signaling Trainer to stop.
GPU available: True (cuda), used: True
TPU available: False, using: 0 TPU cores
HPU available: False, using: 0 HPUs
LOCAL_RANK: 0 - CUDA_VISIBLE_DEVICES: [0,1,2,3]
SLURM auto-requeueing enabled. Setting signal handlers.
[I 2024-11-04 10:03:03,221] Trial 67 finished with value: 0.3517417907714844 and parameters: {'hidden_dim': 127, 'n_layers': 3, 'dropout': 0.2525364837519797, 'input_chunk_length': 126, 'learning_rate': 0.0005288191485219954, 'batch_size': 32}. Best is trial 0 with value: 0.11822180449962616.
GPU available: True (cuda), used: True
TPU available: False, using: 0 TPU cores
HPU available: False, using: 0 HPUs
LOCAL_RANK: 0 - CUDA_VISIBLE_DEVICES: [0,1,2,3]
SLURM auto-requeueing enabled. Setting signal handlers.
Monitored metric train_loss did not improve in the last 126 records. Best score: 0.042. Signaling Trainer to stop.
GPU available: True (cuda), used: True
TPU available: False, using: 0 TPU cores
HPU available: False, using: 0 HPUs
LOCAL_RANK: 0 - CUDA_VISIBLE_DEVICES: [0,1,2,3]
SLURM auto-requeueing enabled. Setting signal handlers.
[I 2024-11-04 10:03:21,128] Trial 68 finished with value: 0.3522718548774719 and parameters: {'hidden_dim': 422, 'n_layers': 4, 'dropout': 0.2760589076570722, 'input_chunk_length': 12, 'learning_rate': 2.3704972340791042e-05, 'batch_size': 32}. Best is trial 0 with value: 0.11822180449962616.
GPU available: True (cuda), used: True
TPU available: False, using: 0 TPU cores
HPU available: False, using: 0 HPUs
LOCAL_RANK: 0 - CUDA_VISIBLE_DEVICES: [0,1,2,3]
SLURM auto-requeueing enabled. Setting signal handlers.
Monitored metric train_loss did not improve in the last 127 records. Best score: 0.042. Signaling Trainer to stop.
GPU available: True (cuda), used: True
TPU available: False, using: 0 TPU cores
HPU available: False, using: 0 HPUs
LOCAL_RANK: 0 - CUDA_VISIBLE_DEVICES: [0,1,2,3]
SLURM auto-requeueing enabled. Setting signal handlers.
[I 2024-11-04 10:03:37,436] Trial 69 finished with value: 0.42471691966056824 and parameters: {'hidden_dim': 69, 'n_layers': 1, 'dropout': 0.1657574112891837, 'input_chunk_length': 83, 'learning_rate': 0.001576874940599996, 'batch_size': 64}. Best is trial 0 with value: 0.11822180449962616.
GPU available: True (cuda), used: True
TPU available: False, using: 0 TPU cores
HPU available: False, using: 0 HPUs
LOCAL_RANK: 0 - CUDA_VISIBLE_DEVICES: [0,1,2,3]
SLURM auto-requeueing enabled. Setting signal handlers.
Monitored metric train_loss did not improve in the last 128 records. Best score: 0.042. Signaling Trainer to stop.
GPU available: True (cuda), used: True
TPU available: False, using: 0 TPU cores
HPU available: False, using: 0 HPUs
LOCAL_RANK: 0 - CUDA_VISIBLE_DEVICES: [0,1,2,3]
SLURM auto-requeueing enabled. Setting signal handlers.
[I 2024-11-04 10:03:59,397] Trial 70 finished with value: 0.42321062088012695 and parameters: {'hidden_dim': 267, 'n_layers': 3, 'dropout': 0.06966166259259109, 'input_chunk_length': 111, 'learning_rate': 0.0003622803009067886, 'batch_size': 32}. Best is trial 0 with value: 0.11822180449962616.
GPU available: True (cuda), used: True
TPU available: False, using: 0 TPU cores
HPU available: False, using: 0 HPUs
LOCAL_RANK: 0 - CUDA_VISIBLE_DEVICES: [0,1,2,3]
SLURM auto-requeueing enabled. Setting signal handlers.
Monitored metric train_loss did not improve in the last 129 records. Best score: 0.042. Signaling Trainer to stop.
GPU available: True (cuda), used: True
TPU available: False, using: 0 TPU cores
HPU available: False, using: 0 HPUs
LOCAL_RANK: 0 - CUDA_VISIBLE_DEVICES: [0,1,2,3]
SLURM auto-requeueing enabled. Setting signal handlers.
[I 2024-11-04 10:04:21,336] Trial 71 finished with value: 0.30584752559661865 and parameters: {'hidden_dim': 359, 'n_layers': 1, 'dropout': 0.1549284292531053, 'input_chunk_length': 106, 'learning_rate': 0.0002583568739435754, 'batch_size': 32}. Best is trial 0 with value: 0.11822180449962616.
GPU available: True (cuda), used: True
TPU available: False, using: 0 TPU cores
HPU available: False, using: 0 HPUs
LOCAL_RANK: 0 - CUDA_VISIBLE_DEVICES: [0,1,2,3]
SLURM auto-requeueing enabled. Setting signal handlers.
Monitored metric train_loss did not improve in the last 130 records. Best score: 0.042. Signaling Trainer to stop.
GPU available: True (cuda), used: True
TPU available: False, using: 0 TPU cores
HPU available: False, using: 0 HPUs
LOCAL_RANK: 0 - CUDA_VISIBLE_DEVICES: [0,1,2,3]
SLURM auto-requeueing enabled. Setting signal handlers.
