[I 2024-11-05 04:28:29,175] Trial 47 finished with value: 0.7172259092330933 and parameters: {'hidden_dim': 410, 'n_layers': 4, 'dropout': 0.3800886249638332, 'input_chunk_length': 98, 'learning_rate': 0.007570431194232672, 'batch_size': 64}. Best is trial 0 with value: 0.11645901203155518.
GPU available: True (cuda), used: True
TPU available: False, using: 0 TPU cores
HPU available: False, using: 0 HPUs
LOCAL_RANK: 0 - CUDA_VISIBLE_DEVICES: [0,1,2,3]
SLURM auto-requeueing enabled. Setting signal handlers.
Monitored metric train_loss did not improve in the last 106 records. Best score: 0.055. Signaling Trainer to stop.
GPU available: True (cuda), used: True
TPU available: False, using: 0 TPU cores
HPU available: False, using: 0 HPUs
LOCAL_RANK: 0 - CUDA_VISIBLE_DEVICES: [0,1,2,3]
SLURM auto-requeueing enabled. Setting signal handlers.
[I 2024-11-05 04:28:55,190] Trial 48 finished with value: 0.3060351610183716 and parameters: {'hidden_dim': 467, 'n_layers': 2, 'dropout': 0.19135194223379445, 'input_chunk_length': 106, 'learning_rate': 0.00037599997438178453, 'batch_size': 32}. Best is trial 0 with value: 0.11645901203155518.
GPU available: True (cuda), used: True
TPU available: False, using: 0 TPU cores
HPU available: False, using: 0 HPUs
LOCAL_RANK: 0 - CUDA_VISIBLE_DEVICES: [0,1,2,3]
SLURM auto-requeueing enabled. Setting signal handlers.
Monitored metric train_loss did not improve in the last 107 records. Best score: 0.055. Signaling Trainer to stop.
GPU available: True (cuda), used: True
TPU available: False, using: 0 TPU cores
HPU available: False, using: 0 HPUs
LOCAL_RANK: 0 - CUDA_VISIBLE_DEVICES: [0,1,2,3]
SLURM auto-requeueing enabled. Setting signal handlers.
[I 2024-11-05 04:29:18,754] Trial 49 finished with value: 0.5730422735214233 and parameters: {'hidden_dim': 246, 'n_layers': 3, 'dropout': 0.3274469596298714, 'input_chunk_length': 132, 'learning_rate': 0.004528727514647043, 'batch_size': 64}. Best is trial 0 with value: 0.11645901203155518.
GPU available: True (cuda), used: True
TPU available: False, using: 0 TPU cores
HPU available: False, using: 0 HPUs
LOCAL_RANK: 0 - CUDA_VISIBLE_DEVICES: [0,1,2,3]
SLURM auto-requeueing enabled. Setting signal handlers.
Monitored metric train_loss did not improve in the last 108 records. Best score: 0.055. Signaling Trainer to stop.
GPU available: True (cuda), used: True
TPU available: False, using: 0 TPU cores
HPU available: False, using: 0 HPUs
LOCAL_RANK: 0 - CUDA_VISIBLE_DEVICES: [0,1,2,3]
SLURM auto-requeueing enabled. Setting signal handlers.
[I 2024-11-05 04:29:42,459] Trial 50 finished with value: 0.3143598139286041 and parameters: {'hidden_dim': 344, 'n_layers': 1, 'dropout': 0.3456181905578042, 'input_chunk_length': 120, 'learning_rate': 0.001024613890337011, 'batch_size': 32}. Best is trial 0 with value: 0.11645901203155518.
GPU available: True (cuda), used: True
TPU available: False, using: 0 TPU cores
HPU available: False, using: 0 HPUs
LOCAL_RANK: 0 - CUDA_VISIBLE_DEVICES: [0,1,2,3]
SLURM auto-requeueing enabled. Setting signal handlers.
Monitored metric train_loss did not improve in the last 109 records. Best score: 0.055. Signaling Trainer to stop.
GPU available: True (cuda), used: True
TPU available: False, using: 0 TPU cores
HPU available: False, using: 0 HPUs
LOCAL_RANK: 0 - CUDA_VISIBLE_DEVICES: [0,1,2,3]
SLURM auto-requeueing enabled. Setting signal handlers.
[I 2024-11-05 04:30:07,112] Trial 51 finished with value: 0.3403860330581665 and parameters: {'hidden_dim': 363, 'n_layers': 2, 'dropout': 0.2745869788984299, 'input_chunk_length': 109, 'learning_rate': 0.0007337358220753493, 'batch_size': 32}. Best is trial 0 with value: 0.11645901203155518.
GPU available: True (cuda), used: True
TPU available: False, using: 0 TPU cores
HPU available: False, using: 0 HPUs
LOCAL_RANK: 0 - CUDA_VISIBLE_DEVICES: [0,1,2,3]
SLURM auto-requeueing enabled. Setting signal handlers.
Monitored metric train_loss did not improve in the last 110 records. Best score: 0.055. Signaling Trainer to stop.
GPU available: True (cuda), used: True
TPU available: False, using: 0 TPU cores
HPU available: False, using: 0 HPUs
LOCAL_RANK: 0 - CUDA_VISIBLE_DEVICES: [0,1,2,3]
SLURM auto-requeueing enabled. Setting signal handlers.
[I 2024-11-05 04:30:30,507] Trial 52 finished with value: 0.3212982714176178 and parameters: {'hidden_dim': 322, 'n_layers': 2, 'dropout': 0.2973037886693829, 'input_chunk_length': 103, 'learning_rate': 0.0005426195997559759, 'batch_size': 32}. Best is trial 0 with value: 0.11645901203155518.
GPU available: True (cuda), used: True
TPU available: False, using: 0 TPU cores
HPU available: False, using: 0 HPUs
LOCAL_RANK: 0 - CUDA_VISIBLE_DEVICES: [0,1,2,3]
SLURM auto-requeueing enabled. Setting signal handlers.
Monitored metric train_loss did not improve in the last 111 records. Best score: 0.055. Signaling Trainer to stop.
GPU available: True (cuda), used: True
TPU available: False, using: 0 TPU cores
HPU available: False, using: 0 HPUs
LOCAL_RANK: 0 - CUDA_VISIBLE_DEVICES: [0,1,2,3]
SLURM auto-requeueing enabled. Setting signal handlers.
[I 2024-11-05 04:30:52,444] Trial 53 finished with value: 0.3030092120170593 and parameters: {'hidden_dim': 396, 'n_layers': 2, 'dropout': 0.2810901465319023, 'input_chunk_length': 79, 'learning_rate': 0.0014630898124264123, 'batch_size': 32}. Best is trial 0 with value: 0.11645901203155518.
GPU available: True (cuda), used: True
TPU available: False, using: 0 TPU cores
HPU available: False, using: 0 HPUs
LOCAL_RANK: 0 - CUDA_VISIBLE_DEVICES: [0,1,2,3]
SLURM auto-requeueing enabled. Setting signal handlers.
Monitored metric train_loss did not improve in the last 112 records. Best score: 0.055. Signaling Trainer to stop.
GPU available: True (cuda), used: True
TPU available: False, using: 0 TPU cores
HPU available: False, using: 0 HPUs
LOCAL_RANK: 0 - CUDA_VISIBLE_DEVICES: [0,1,2,3]
SLURM auto-requeueing enabled. Setting signal handlers.
[I 2024-11-05 04:31:15,066] Trial 54 finished with value: 0.3345511853694916 and parameters: {'hidden_dim': 371, 'n_layers': 1, 'dropout': 0.21126915752073916, 'input_chunk_length': 98, 'learning_rate': 0.0008051351747237756, 'batch_size': 32}. Best is trial 0 with value: 0.11645901203155518.
GPU available: True (cuda), used: True
TPU available: False, using: 0 TPU cores
HPU available: False, using: 0 HPUs
LOCAL_RANK: 0 - CUDA_VISIBLE_DEVICES: [0,1,2,3]
SLURM auto-requeueing enabled. Setting signal handlers.
Monitored metric train_loss did not improve in the last 113 records. Best score: 0.055. Signaling Trainer to stop.
GPU available: True (cuda), used: True
TPU available: False, using: 0 TPU cores
HPU available: False, using: 0 HPUs
LOCAL_RANK: 0 - CUDA_VISIBLE_DEVICES: [0,1,2,3]
SLURM auto-requeueing enabled. Setting signal handlers.
[I 2024-11-05 04:31:39,159] Trial 55 finished with value: 0.2992936074733734 and parameters: {'hidden_dim': 304, 'n_layers': 3, 'dropout': 0.24695138357771076, 'input_chunk_length': 115, 'learning_rate': 0.0019768657242856978, 'batch_size': 32}. Best is trial 0 with value: 0.11645901203155518.
GPU available: True (cuda), used: True
TPU available: False, using: 0 TPU cores
HPU available: False, using: 0 HPUs
LOCAL_RANK: 0 - CUDA_VISIBLE_DEVICES: [0,1,2,3]
SLURM auto-requeueing enabled. Setting signal handlers.
Monitored metric train_loss did not improve in the last 114 records. Best score: 0.055. Signaling Trainer to stop.
GPU available: True (cuda), used: True
TPU available: False, using: 0 TPU cores
HPU available: False, using: 0 HPUs
LOCAL_RANK: 0 - CUDA_VISIBLE_DEVICES: [0,1,2,3]
SLURM auto-requeueing enabled. Setting signal handlers.
[I 2024-11-05 04:32:01,838] Trial 56 finished with value: 0.31174930930137634 and parameters: {'hidden_dim': 354, 'n_layers': 4, 'dropout': 0.38740141353527413, 'input_chunk_length': 88, 'learning_rate': 0.0006259176162598562, 'batch_size': 64}. Best is trial 0 with value: 0.11645901203155518.
GPU available: True (cuda), used: True
TPU available: False, using: 0 TPU cores
HPU available: False, using: 0 HPUs
LOCAL_RANK: 0 - CUDA_VISIBLE_DEVICES: [0,1,2,3]
SLURM auto-requeueing enabled. Setting signal handlers.
Monitored metric train_loss did not improve in the last 115 records. Best score: 0.055. Signaling Trainer to stop.
GPU available: True (cuda), used: True
TPU available: False, using: 0 TPU cores
HPU available: False, using: 0 HPUs
LOCAL_RANK: 0 - CUDA_VISIBLE_DEVICES: [0,1,2,3]
SLURM auto-requeueing enabled. Setting signal handlers.
[I 2024-11-05 04:32:20,082] Trial 57 finished with value: 0.32720354199409485 and parameters: {'hidden_dim': 439, 'n_layers': 2, 'dropout': 0.0025372783560886902, 'input_chunk_length': 21, 'learning_rate': 0.0003546199264680379, 'batch_size': 32}. Best is trial 0 with value: 0.11645901203155518.
GPU available: True (cuda), used: True
TPU available: False, using: 0 TPU cores
HPU available: False, using: 0 HPUs
LOCAL_RANK: 0 - CUDA_VISIBLE_DEVICES: [0,1,2,3]
SLURM auto-requeueing enabled. Setting signal handlers.
Monitored metric train_loss did not improve in the last 116 records. Best score: 0.055. Signaling Trainer to stop.
GPU available: True (cuda), used: True
TPU available: False, using: 0 TPU cores
HPU available: False, using: 0 HPUs
LOCAL_RANK: 0 - CUDA_VISIBLE_DEVICES: [0,1,2,3]
SLURM auto-requeueing enabled. Setting signal handlers.
[I 2024-11-05 04:32:40,855] Trial 58 finished with value: 0.3836555480957031 and parameters: {'hidden_dim': 275, 'n_layers': 1, 'dropout': 0.499803190529557, 'input_chunk_length': 94, 'learning_rate': 0.0028973125650044113, 'batch_size': 32}. Best is trial 0 with value: 0.11645901203155518.
GPU available: True (cuda), used: True
TPU available: False, using: 0 TPU cores
HPU available: False, using: 0 HPUs
LOCAL_RANK: 0 - CUDA_VISIBLE_DEVICES: [0,1,2,3]
SLURM auto-requeueing enabled. Setting signal handlers.
Monitored metric train_loss did not improve in the last 117 records. Best score: 0.055. Signaling Trainer to stop.
GPU available: True (cuda), used: True
TPU available: False, using: 0 TPU cores
HPU available: False, using: 0 HPUs
LOCAL_RANK: 0 - CUDA_VISIBLE_DEVICES: [0,1,2,3]
SLURM auto-requeueing enabled. Setting signal handlers.
[I 2024-11-05 04:33:02,288] Trial 59 finished with value: 0.3435154855251312 and parameters: {'hidden_dim': 327, 'n_layers': 6, 'dropout': 0.41906326241705505, 'input_chunk_length': 64, 'learning_rate': 0.0010604027134672898, 'batch_size': 64}. Best is trial 0 with value: 0.11645901203155518.
GPU available: True (cuda), used: True
TPU available: False, using: 0 TPU cores
HPU available: False, using: 0 HPUs
LOCAL_RANK: 0 - CUDA_VISIBLE_DEVICES: [0,1,2,3]
SLURM auto-requeueing enabled. Setting signal handlers.
Monitored metric train_loss did not improve in the last 118 records. Best score: 0.055. Signaling Trainer to stop.
GPU available: True (cuda), used: True
TPU available: False, using: 0 TPU cores
HPU available: False, using: 0 HPUs
LOCAL_RANK: 0 - CUDA_VISIBLE_DEVICES: [0,1,2,3]
SLURM auto-requeueing enabled. Setting signal handlers.
[I 2024-11-05 04:33:29,987] Trial 60 finished with value: 0.2954443395137787 and parameters: {'hidden_dim': 396, 'n_layers': 3, 'dropout': 0.26130014123686207, 'input_chunk_length': 125, 'learning_rate': 0.00025655354350991776, 'batch_size': 32}. Best is trial 0 with value: 0.11645901203155518.
GPU available: True (cuda), used: True
TPU available: False, using: 0 TPU cores
HPU available: False, using: 0 HPUs
LOCAL_RANK: 0 - CUDA_VISIBLE_DEVICES: [0,1,2,3]
SLURM auto-requeueing enabled. Setting signal handlers.
Monitored metric train_loss did not improve in the last 119 records. Best score: 0.055. Signaling Trainer to stop.
GPU available: True (cuda), used: True
TPU available: False, using: 0 TPU cores
HPU available: False, using: 0 HPUs
LOCAL_RANK: 0 - CUDA_VISIBLE_DEVICES: [0,1,2,3]
SLURM auto-requeueing enabled. Setting signal handlers.
[I 2024-11-05 04:33:52,104] Trial 61 finished with value: 0.2808871567249298 and parameters: {'hidden_dim': 279, 'n_layers': 1, 'dropout': 0.04146404085961536, 'input_chunk_length': 111, 'learning_rate': 0.0003130880846048175, 'batch_size': 32}. Best is trial 0 with value: 0.11645901203155518.
GPU available: True (cuda), used: True
TPU available: False, using: 0 TPU cores
HPU available: False, using: 0 HPUs
LOCAL_RANK: 0 - CUDA_VISIBLE_DEVICES: [0,1,2,3]
SLURM auto-requeueing enabled. Setting signal handlers.
Monitored metric train_loss did not improve in the last 120 records. Best score: 0.055. Signaling Trainer to stop.
GPU available: True (cuda), used: True
TPU available: False, using: 0 TPU cores
HPU available: False, using: 0 HPUs
LOCAL_RANK: 0 - CUDA_VISIBLE_DEVICES: [0,1,2,3]
SLURM auto-requeueing enabled. Setting signal handlers.
[I 2024-11-05 04:34:13,173] Trial 62 finished with value: 0.2996646463871002 and parameters: {'hidden_dim': 258, 'n_layers': 1, 'dropout': 0.05536293407315517, 'input_chunk_length': 104, 'learning_rate': 0.00011432405415735285, 'batch_size': 32}. Best is trial 0 with value: 0.11645901203155518.
GPU available: True (cuda), used: True
TPU available: False, using: 0 TPU cores
HPU available: False, using: 0 HPUs
LOCAL_RANK: 0 - CUDA_VISIBLE_DEVICES: [0,1,2,3]
SLURM auto-requeueing enabled. Setting signal handlers.
Monitored metric train_loss did not improve in the last 121 records. Best score: 0.055. Signaling Trainer to stop.
GPU available: True (cuda), used: True
TPU available: False, using: 0 TPU cores
HPU available: False, using: 0 HPUs
LOCAL_RANK: 0 - CUDA_VISIBLE_DEVICES: [0,1,2,3]
SLURM auto-requeueing enabled. Setting signal handlers.
[I 2024-11-05 04:34:35,187] Trial 63 finished with value: 0.2955850660800934 and parameters: {'hidden_dim': 289, 'n_layers': 1, 'dropout': 0.12376039608214584, 'input_chunk_length': 110, 'learning_rate': 0.000517624010437289, 'batch_size': 32}. Best is trial 0 with value: 0.11645901203155518.
GPU available: True (cuda), used: True
TPU available: False, using: 0 TPU cores
HPU available: False, using: 0 HPUs
LOCAL_RANK: 0 - CUDA_VISIBLE_DEVICES: [0,1,2,3]
SLURM auto-requeueing enabled. Setting signal handlers.
Monitored metric train_loss did not improve in the last 122 records. Best score: 0.055. Signaling Trainer to stop.
GPU available: True (cuda), used: True
TPU available: False, using: 0 TPU cores
HPU available: False, using: 0 HPUs
LOCAL_RANK: 0 - CUDA_VISIBLE_DEVICES: [0,1,2,3]
SLURM auto-requeueing enabled. Setting signal handlers.
[I 2024-11-05 04:35:00,964] Trial 64 finished with value: 0.3319557011127472 and parameters: {'hidden_dim': 308, 'n_layers': 5, 'dropout': 0.3324297300870396, 'input_chunk_length': 101, 'learning_rate': 0.0002009854178470518, 'batch_size': 32}. Best is trial 0 with value: 0.11645901203155518.
GPU available: True (cuda), used: True
TPU available: False, using: 0 TPU cores
HPU available: False, using: 0 HPUs
LOCAL_RANK: 0 - CUDA_VISIBLE_DEVICES: [0,1,2,3]
SLURM auto-requeueing enabled. Setting signal handlers.
Monitored metric train_loss did not improve in the last 123 records. Best score: 0.055. Signaling Trainer to stop.
GPU available: True (cuda), used: True
TPU available: False, using: 0 TPU cores
HPU available: False, using: 0 HPUs
LOCAL_RANK: 0 - CUDA_VISIBLE_DEVICES: [0,1,2,3]
SLURM auto-requeueing enabled. Setting signal handlers.
[I 2024-11-05 04:35:21,423] Trial 65 finished with value: 0.36978110671043396 and parameters: {'hidden_dim': 221, 'n_layers': 2, 'dropout': 0.08796664030843637, 'input_chunk_length': 86, 'learning_rate': 6.466115795973608e-05, 'batch_size': 32}. Best is trial 0 with value: 0.11645901203155518.
GPU available: True (cuda), used: True
TPU available: False, using: 0 TPU cores
HPU available: False, using: 0 HPUs
LOCAL_RANK: 0 - CUDA_VISIBLE_DEVICES: [0,1,2,3]
SLURM auto-requeueing enabled. Setting signal handlers.
Monitored metric train_loss did not improve in the last 124 records. Best score: 0.055. Signaling Trainer to stop.
GPU available: True (cuda), used: True
TPU available: False, using: 0 TPU cores
HPU available: False, using: 0 HPUs
LOCAL_RANK: 0 - CUDA_VISIBLE_DEVICES: [0,1,2,3]
SLURM auto-requeueing enabled. Setting signal handlers.
[I 2024-11-05 04:35:44,387] Trial 66 finished with value: 0.32355475425720215 and parameters: {'hidden_dim': 263, 'n_layers': 1, 'dropout': 0.008701740258375945, 'input_chunk_length': 130, 'learning_rate': 0.0016825458044526418, 'batch_size': 32}. Best is trial 0 with value: 0.11645901203155518.
GPU available: True (cuda), used: True
TPU available: False, using: 0 TPU cores
HPU available: False, using: 0 HPUs
LOCAL_RANK: 0 - CUDA_VISIBLE_DEVICES: [0,1,2,3]
SLURM auto-requeueing enabled. Setting signal handlers.
Monitored metric train_loss did not improve in the last 125 records. Best score: 0.055. Signaling Trainer to stop.
GPU available: True (cuda), used: True
TPU available: False, using: 0 TPU cores
HPU available: False, using: 0 HPUs
LOCAL_RANK: 0 - CUDA_VISIBLE_DEVICES: [0,1,2,3]
SLURM auto-requeueing enabled. Setting signal handlers.
[I 2024-11-05 04:36:11,483] Trial 67 finished with value: 0.8476273417472839 and parameters: {'hidden_dim': 337, 'n_layers': 2, 'dropout': 0.22778270841364712, 'input_chunk_length': 139, 'learning_rate': 0.007606724453609239, 'batch_size': 32}. Best is trial 0 with value: 0.11645901203155518.
GPU available: True (cuda), used: True
TPU available: False, using: 0 TPU cores
HPU available: False, using: 0 HPUs
LOCAL_RANK: 0 - CUDA_VISIBLE_DEVICES: [0,1,2,3]
SLURM auto-requeueing enabled. Setting signal handlers.
Monitored metric train_loss did not improve in the last 126 records. Best score: 0.055. Signaling Trainer to stop.
GPU available: True (cuda), used: True
TPU available: False, using: 0 TPU cores
HPU available: False, using: 0 HPUs
LOCAL_RANK: 0 - CUDA_VISIBLE_DEVICES: [0,1,2,3]
SLURM auto-requeueing enabled. Setting signal handlers.
[I 2024-11-05 04:36:29,662] Trial 68 finished with value: 0.4930593967437744 and parameters: {'hidden_dim': 378, 'n_layers': 2, 'dropout': 0.16312996798172807, 'input_chunk_length': 48, 'learning_rate': 0.001234152954949796, 'batch_size': 64}. Best is trial 0 with value: 0.11645901203155518.
GPU available: True (cuda), used: True
TPU available: False, using: 0 TPU cores
HPU available: False, using: 0 HPUs
LOCAL_RANK: 0 - CUDA_VISIBLE_DEVICES: [0,1,2,3]
SLURM auto-requeueing enabled. Setting signal handlers.
Monitored metric train_loss did not improve in the last 127 records. Best score: 0.055. Signaling Trainer to stop.
GPU available: True (cuda), used: True
TPU available: False, using: 0 TPU cores
HPU available: False, using: 0 HPUs
LOCAL_RANK: 0 - CUDA_VISIBLE_DEVICES: [0,1,2,3]
SLURM auto-requeueing enabled. Setting signal handlers.
[I 2024-11-05 04:36:50,828] Trial 69 finished with value: 0.3148652911186218 and parameters: {'hidden_dim': 129, 'n_layers': 4, 'dropout': 0.4516044901163444, 'input_chunk_length': 117, 'learning_rate': 0.0006325921367936811, 'batch_size': 32}. Best is trial 0 with value: 0.11645901203155518.
GPU available: True (cuda), used: True
TPU available: False, using: 0 TPU cores
HPU available: False, using: 0 HPUs
LOCAL_RANK: 0 - CUDA_VISIBLE_DEVICES: [0,1,2,3]
SLURM auto-requeueing enabled. Setting signal handlers.
Monitored metric train_loss did not improve in the last 128 records. Best score: 0.055. Signaling Trainer to stop.
GPU available: True (cuda), used: True
TPU available: False, using: 0 TPU cores
HPU available: False, using: 0 HPUs
LOCAL_RANK: 0 - CUDA_VISIBLE_DEVICES: [0,1,2,3]
SLURM auto-requeueing enabled. Setting signal handlers.
[I 2024-11-05 04:37:09,769] Trial 70 finished with value: 0.30309340357780457 and parameters: {'hidden_dim': 237, 'n_layers': 1, 'dropout': 0.30232960299108447, 'input_chunk_length': 77, 'learning_rate': 0.0003115130616863737, 'batch_size': 32}. Best is trial 0 with value: 0.11645901203155518.
GPU available: True (cuda), used: True
TPU available: False, using: 0 TPU cores
HPU available: False, using: 0 HPUs
LOCAL_RANK: 0 - CUDA_VISIBLE_DEVICES: [0,1,2,3]
SLURM auto-requeueing enabled. Setting signal handlers.
Monitored metric train_loss did not improve in the last 129 records. Best score: 0.055. Signaling Trainer to stop.
GPU available: True (cuda), used: True
TPU available: False, using: 0 TPU cores
HPU available: False, using: 0 HPUs
LOCAL_RANK: 0 - CUDA_VISIBLE_DEVICES: [0,1,2,3]
SLURM auto-requeueing enabled. Setting signal handlers.
[I 2024-11-05 04:37:31,880] Trial 71 finished with value: 0.3318973183631897 and parameters: {'hidden_dim': 273, 'n_layers': 1, 'dropout': 0.0746132590786453, 'input_chunk_length': 110, 'learning_rate': 0.00031102702536479947, 'batch_size': 32}. Best is trial 0 with value: 0.11645901203155518.
GPU available: True (cuda), used: True
TPU available: False, using: 0 TPU cores
HPU available: False, using: 0 HPUs
LOCAL_RANK: 0 - CUDA_VISIBLE_DEVICES: [0,1,2,3]
SLURM auto-requeueing enabled. Setting signal handlers.
Monitored metric train_loss did not improve in the last 130 records. Best score: 0.055. Signaling Trainer to stop.
GPU available: True (cuda), used: True
TPU available: False, using: 0 TPU cores
HPU available: False, using: 0 HPUs
LOCAL_RANK: 0 - CUDA_VISIBLE_DEVICES: [0,1,2,3]
SLURM auto-requeueing enabled. Setting signal handlers.
