[I 2024-11-03 18:07:39,673] Trial 72 finished with value: 0.36830562353134155 and parameters: {'hidden_dim': 415, 'n_layers': 1, 'dropout': 0.0020523040720087093, 'input_chunk_length': 29, 'learning_rate': 5.621442254903429e-05, 'batch_size': 32}. Best is trial 0 with value: 0.24586667120456696.
GPU available: True (cuda), used: True
TPU available: False, using: 0 TPU cores
HPU available: False, using: 0 HPUs
LOCAL_RANK: 0 - CUDA_VISIBLE_DEVICES: [0,1,2,3]
SLURM auto-requeueing enabled. Setting signal handlers.
Monitored metric train_loss did not improve in the last 132 records. Best score: 0.081. Signaling Trainer to stop.
GPU available: True (cuda), used: True
TPU available: False, using: 0 TPU cores
HPU available: False, using: 0 HPUs
LOCAL_RANK: 0 - CUDA_VISIBLE_DEVICES: [0,1,2,3]
SLURM auto-requeueing enabled. Setting signal handlers.
[I 2024-11-03 18:07:55,342] Trial 73 finished with value: 0.4454241394996643 and parameters: {'hidden_dim': 480, 'n_layers': 3, 'dropout': 0.3590645105783059, 'input_chunk_length': 21, 'learning_rate': 4.5326529214710567e-05, 'batch_size': 32}. Best is trial 0 with value: 0.24586667120456696.
GPU available: True (cuda), used: True
TPU available: False, using: 0 TPU cores
HPU available: False, using: 0 HPUs
LOCAL_RANK: 0 - CUDA_VISIBLE_DEVICES: [0,1,2,3]
SLURM auto-requeueing enabled. Setting signal handlers.
Monitored metric train_loss did not improve in the last 133 records. Best score: 0.081. Signaling Trainer to stop.
GPU available: True (cuda), used: True
TPU available: False, using: 0 TPU cores
HPU available: False, using: 0 HPUs
LOCAL_RANK: 0 - CUDA_VISIBLE_DEVICES: [0,1,2,3]
SLURM auto-requeueing enabled. Setting signal handlers.
[I 2024-11-03 18:08:11,295] Trial 74 finished with value: 0.40233659744262695 and parameters: {'hidden_dim': 463, 'n_layers': 2, 'dropout': 0.048871484550883706, 'input_chunk_length': 42, 'learning_rate': 1.3005646224748357e-05, 'batch_size': 32}. Best is trial 0 with value: 0.24586667120456696.
GPU available: True (cuda), used: True
TPU available: False, using: 0 TPU cores
HPU available: False, using: 0 HPUs
LOCAL_RANK: 0 - CUDA_VISIBLE_DEVICES: [0,1,2,3]
SLURM auto-requeueing enabled. Setting signal handlers.
Monitored metric train_loss did not improve in the last 134 records. Best score: 0.081. Signaling Trainer to stop.
GPU available: True (cuda), used: True
TPU available: False, using: 0 TPU cores
HPU available: False, using: 0 HPUs
LOCAL_RANK: 0 - CUDA_VISIBLE_DEVICES: [0,1,2,3]
SLURM auto-requeueing enabled. Setting signal handlers.
[I 2024-11-03 18:08:26,329] Trial 75 finished with value: 0.31285426020622253 and parameters: {'hidden_dim': 397, 'n_layers': 1, 'dropout': 0.03633711760336514, 'input_chunk_length': 27, 'learning_rate': 7.402902463368799e-05, 'batch_size': 32}. Best is trial 0 with value: 0.24586667120456696.
GPU available: True (cuda), used: True
TPU available: False, using: 0 TPU cores
HPU available: False, using: 0 HPUs
LOCAL_RANK: 0 - CUDA_VISIBLE_DEVICES: [0,1,2,3]
SLURM auto-requeueing enabled. Setting signal handlers.
Monitored metric train_loss did not improve in the last 135 records. Best score: 0.081. Signaling Trainer to stop.
GPU available: True (cuda), used: True
TPU available: False, using: 0 TPU cores
HPU available: False, using: 0 HPUs
LOCAL_RANK: 0 - CUDA_VISIBLE_DEVICES: [0,1,2,3]
SLURM auto-requeueing enabled. Setting signal handlers.
[I 2024-11-03 18:08:41,506] Trial 76 finished with value: 0.33627942204475403 and parameters: {'hidden_dim': 440, 'n_layers': 1, 'dropout': 0.016575719781180408, 'input_chunk_length': 36, 'learning_rate': 7.17671736680621e-05, 'batch_size': 32}. Best is trial 0 with value: 0.24586667120456696.
GPU available: True (cuda), used: True
TPU available: False, using: 0 TPU cores
HPU available: False, using: 0 HPUs
LOCAL_RANK: 0 - CUDA_VISIBLE_DEVICES: [0,1,2,3]
SLURM auto-requeueing enabled. Setting signal handlers.
Monitored metric train_loss did not improve in the last 136 records. Best score: 0.081. Signaling Trainer to stop.
GPU available: True (cuda), used: True
TPU available: False, using: 0 TPU cores
HPU available: False, using: 0 HPUs
LOCAL_RANK: 0 - CUDA_VISIBLE_DEVICES: [0,1,2,3]
SLURM auto-requeueing enabled. Setting signal handlers.
[I 2024-11-03 18:08:57,203] Trial 77 finished with value: 0.351591020822525 and parameters: {'hidden_dim': 402, 'n_layers': 3, 'dropout': 0.03545873931014624, 'input_chunk_length': 20, 'learning_rate': 9.879203003275138e-05, 'batch_size': 32}. Best is trial 0 with value: 0.24586667120456696.
GPU available: True (cuda), used: True
TPU available: False, using: 0 TPU cores
HPU available: False, using: 0 HPUs
LOCAL_RANK: 0 - CUDA_VISIBLE_DEVICES: [0,1,2,3]
SLURM auto-requeueing enabled. Setting signal handlers.
Monitored metric train_loss did not improve in the last 137 records. Best score: 0.081. Signaling Trainer to stop.
GPU available: True (cuda), used: True
TPU available: False, using: 0 TPU cores
HPU available: False, using: 0 HPUs
LOCAL_RANK: 0 - CUDA_VISIBLE_DEVICES: [0,1,2,3]
SLURM auto-requeueing enabled. Setting signal handlers.
[I 2024-11-03 18:09:12,502] Trial 78 finished with value: 0.4064114987850189 and parameters: {'hidden_dim': 365, 'n_layers': 2, 'dropout': 0.0731853150667163, 'input_chunk_length': 28, 'learning_rate': 2.444691235996679e-05, 'batch_size': 32}. Best is trial 0 with value: 0.24586667120456696.
GPU available: True (cuda), used: True
TPU available: False, using: 0 TPU cores
HPU available: False, using: 0 HPUs
LOCAL_RANK: 0 - CUDA_VISIBLE_DEVICES: [0,1,2,3]
SLURM auto-requeueing enabled. Setting signal handlers.
Monitored metric train_loss did not improve in the last 138 records. Best score: 0.081. Signaling Trainer to stop.
GPU available: True (cuda), used: True
TPU available: False, using: 0 TPU cores
HPU available: False, using: 0 HPUs
LOCAL_RANK: 0 - CUDA_VISIBLE_DEVICES: [0,1,2,3]
SLURM auto-requeueing enabled. Setting signal handlers.
[I 2024-11-03 18:09:27,499] Trial 79 finished with value: 0.41883328557014465 and parameters: {'hidden_dim': 353, 'n_layers': 1, 'dropout': 0.032612329388002896, 'input_chunk_length': 33, 'learning_rate': 3.726307615536169e-05, 'batch_size': 32}. Best is trial 0 with value: 0.24586667120456696.
GPU available: True (cuda), used: True
TPU available: False, using: 0 TPU cores
HPU available: False, using: 0 HPUs
LOCAL_RANK: 0 - CUDA_VISIBLE_DEVICES: [0,1,2,3]
SLURM auto-requeueing enabled. Setting signal handlers.
Monitored metric train_loss did not improve in the last 139 records. Best score: 0.081. Signaling Trainer to stop.
GPU available: True (cuda), used: True
TPU available: False, using: 0 TPU cores
HPU available: False, using: 0 HPUs
LOCAL_RANK: 0 - CUDA_VISIBLE_DEVICES: [0,1,2,3]
SLURM auto-requeueing enabled. Setting signal handlers.
[I 2024-11-03 18:09:42,731] Trial 80 finished with value: 0.3308162987232208 and parameters: {'hidden_dim': 464, 'n_layers': 2, 'dropout': 0.06442764514967339, 'input_chunk_length': 13, 'learning_rate': 8.268141892814363e-05, 'batch_size': 32}. Best is trial 0 with value: 0.24586667120456696.
GPU available: True (cuda), used: True
TPU available: False, using: 0 TPU cores
HPU available: False, using: 0 HPUs
LOCAL_RANK: 0 - CUDA_VISIBLE_DEVICES: [0,1,2,3]
SLURM auto-requeueing enabled. Setting signal handlers.
Monitored metric train_loss did not improve in the last 140 records. Best score: 0.081. Signaling Trainer to stop.
GPU available: True (cuda), used: True
TPU available: False, using: 0 TPU cores
HPU available: False, using: 0 HPUs
LOCAL_RANK: 0 - CUDA_VISIBLE_DEVICES: [0,1,2,3]
SLURM auto-requeueing enabled. Setting signal handlers.
[I 2024-11-03 18:09:57,862] Trial 81 finished with value: 0.43091732263565063 and parameters: {'hidden_dim': 462, 'n_layers': 2, 'dropout': 0.01527264803316275, 'input_chunk_length': 14, 'learning_rate': 7.693723027093548e-05, 'batch_size': 32}. Best is trial 0 with value: 0.24586667120456696.
GPU available: True (cuda), used: True
TPU available: False, using: 0 TPU cores
HPU available: False, using: 0 HPUs
LOCAL_RANK: 0 - CUDA_VISIBLE_DEVICES: [0,1,2,3]
SLURM auto-requeueing enabled. Setting signal handlers.
Monitored metric train_loss did not improve in the last 141 records. Best score: 0.081. Signaling Trainer to stop.
GPU available: True (cuda), used: True
TPU available: False, using: 0 TPU cores
HPU available: False, using: 0 HPUs
LOCAL_RANK: 0 - CUDA_VISIBLE_DEVICES: [0,1,2,3]
SLURM auto-requeueing enabled. Setting signal handlers.
[I 2024-11-03 18:10:12,974] Trial 82 finished with value: 0.4178106188774109 and parameters: {'hidden_dim': 436, 'n_layers': 2, 'dropout': 0.060091028667535705, 'input_chunk_length': 25, 'learning_rate': 5.283955922194952e-05, 'batch_size': 32}. Best is trial 0 with value: 0.24586667120456696.
GPU available: True (cuda), used: True
TPU available: False, using: 0 TPU cores
HPU available: False, using: 0 HPUs
LOCAL_RANK: 0 - CUDA_VISIBLE_DEVICES: [0,1,2,3]
SLURM auto-requeueing enabled. Setting signal handlers.
Monitored metric train_loss did not improve in the last 142 records. Best score: 0.081. Signaling Trainer to stop.
GPU available: True (cuda), used: True
TPU available: False, using: 0 TPU cores
HPU available: False, using: 0 HPUs
LOCAL_RANK: 0 - CUDA_VISIBLE_DEVICES: [0,1,2,3]
SLURM auto-requeueing enabled. Setting signal handlers.
[I 2024-11-03 18:10:27,964] Trial 83 finished with value: 0.3764744699001312 and parameters: {'hidden_dim': 486, 'n_layers': 1, 'dropout': 0.043840795449506614, 'input_chunk_length': 15, 'learning_rate': 1.712403659498436e-05, 'batch_size': 32}. Best is trial 0 with value: 0.24586667120456696.
GPU available: True (cuda), used: True
TPU available: False, using: 0 TPU cores
HPU available: False, using: 0 HPUs
LOCAL_RANK: 0 - CUDA_VISIBLE_DEVICES: [0,1,2,3]
SLURM auto-requeueing enabled. Setting signal handlers.
Monitored metric train_loss did not improve in the last 143 records. Best score: 0.081. Signaling Trainer to stop.
GPU available: True (cuda), used: True
TPU available: False, using: 0 TPU cores
HPU available: False, using: 0 HPUs
LOCAL_RANK: 0 - CUDA_VISIBLE_DEVICES: [0,1,2,3]
SLURM auto-requeueing enabled. Setting signal handlers.
[I 2024-11-03 18:10:43,438] Trial 84 finished with value: 0.46523353457450867 and parameters: {'hidden_dim': 459, 'n_layers': 2, 'dropout': 0.09462596314948794, 'input_chunk_length': 10, 'learning_rate': 8.909784160711575e-05, 'batch_size': 32}. Best is trial 0 with value: 0.24586667120456696.
GPU available: True (cuda), used: True
TPU available: False, using: 0 TPU cores
HPU available: False, using: 0 HPUs
LOCAL_RANK: 0 - CUDA_VISIBLE_DEVICES: [0,1,2,3]
SLURM auto-requeueing enabled. Setting signal handlers.
Monitored metric train_loss did not improve in the last 144 records. Best score: 0.081. Signaling Trainer to stop.
GPU available: True (cuda), used: True
TPU available: False, using: 0 TPU cores
HPU available: False, using: 0 HPUs
LOCAL_RANK: 0 - CUDA_VISIBLE_DEVICES: [0,1,2,3]
SLURM auto-requeueing enabled. Setting signal handlers.
[I 2024-11-03 18:10:58,620] Trial 85 finished with value: 0.3435511291027069 and parameters: {'hidden_dim': 389, 'n_layers': 1, 'dropout': 0.06714385054235406, 'input_chunk_length': 40, 'learning_rate': 3.239871603163344e-05, 'batch_size': 32}. Best is trial 0 with value: 0.24586667120456696.
GPU available: True (cuda), used: True
TPU available: False, using: 0 TPU cores
HPU available: False, using: 0 HPUs
LOCAL_RANK: 0 - CUDA_VISIBLE_DEVICES: [0,1,2,3]
SLURM auto-requeueing enabled. Setting signal handlers.
Monitored metric train_loss did not improve in the last 145 records. Best score: 0.081. Signaling Trainer to stop.
GPU available: True (cuda), used: True
TPU available: False, using: 0 TPU cores
HPU available: False, using: 0 HPUs
LOCAL_RANK: 0 - CUDA_VISIBLE_DEVICES: [0,1,2,3]
SLURM auto-requeueing enabled. Setting signal handlers.
[I 2024-11-03 18:11:14,040] Trial 86 finished with value: 0.310510516166687 and parameters: {'hidden_dim': 419, 'n_layers': 3, 'dropout': 0.0013117879252958348, 'input_chunk_length': 20, 'learning_rate': 6.606489408811668e-05, 'batch_size': 32}. Best is trial 0 with value: 0.24586667120456696.
GPU available: True (cuda), used: True
TPU available: False, using: 0 TPU cores
HPU available: False, using: 0 HPUs
LOCAL_RANK: 0 - CUDA_VISIBLE_DEVICES: [0,1,2,3]
SLURM auto-requeueing enabled. Setting signal handlers.
Monitored metric train_loss did not improve in the last 146 records. Best score: 0.081. Signaling Trainer to stop.
GPU available: True (cuda), used: True
TPU available: False, using: 0 TPU cores
HPU available: False, using: 0 HPUs
LOCAL_RANK: 0 - CUDA_VISIBLE_DEVICES: [0,1,2,3]
SLURM auto-requeueing enabled. Setting signal handlers.
[I 2024-11-03 18:11:29,664] Trial 87 finished with value: 0.3080265522003174 and parameters: {'hidden_dim': 417, 'n_layers': 3, 'dropout': 0.009758630835183607, 'input_chunk_length': 30, 'learning_rate': 3.831754426498255e-05, 'batch_size': 32}. Best is trial 0 with value: 0.24586667120456696.
GPU available: True (cuda), used: True
TPU available: False, using: 0 TPU cores
HPU available: False, using: 0 HPUs
LOCAL_RANK: 0 - CUDA_VISIBLE_DEVICES: [0,1,2,3]
SLURM auto-requeueing enabled. Setting signal handlers.
Monitored metric train_loss did not improve in the last 147 records. Best score: 0.081. Signaling Trainer to stop.
GPU available: True (cuda), used: True
TPU available: False, using: 0 TPU cores
HPU available: False, using: 0 HPUs
LOCAL_RANK: 0 - CUDA_VISIBLE_DEVICES: [0,1,2,3]
SLURM auto-requeueing enabled. Setting signal handlers.
[I 2024-11-03 18:11:45,700] Trial 88 finished with value: 0.2933925688266754 and parameters: {'hidden_dim': 417, 'n_layers': 3, 'dropout': 0.000303123700284999, 'input_chunk_length': 23, 'learning_rate': 0.00011765709655997921, 'batch_size': 32}. Best is trial 0 with value: 0.24586667120456696.
GPU available: True (cuda), used: True
TPU available: False, using: 0 TPU cores
HPU available: False, using: 0 HPUs
LOCAL_RANK: 0 - CUDA_VISIBLE_DEVICES: [0,1,2,3]
SLURM auto-requeueing enabled. Setting signal handlers.
Monitored metric train_loss did not improve in the last 148 records. Best score: 0.081. Signaling Trainer to stop.
GPU available: True (cuda), used: True
TPU available: False, using: 0 TPU cores
HPU available: False, using: 0 HPUs
LOCAL_RANK: 0 - CUDA_VISIBLE_DEVICES: [0,1,2,3]
SLURM auto-requeueing enabled. Setting signal handlers.
[I 2024-11-03 18:12:01,594] Trial 89 finished with value: 0.30585071444511414 and parameters: {'hidden_dim': 417, 'n_layers': 4, 'dropout': 0.0007461819311318736, 'input_chunk_length': 18, 'learning_rate': 6.303528223724408e-05, 'batch_size': 32}. Best is trial 0 with value: 0.24586667120456696.
GPU available: True (cuda), used: True
TPU available: False, using: 0 TPU cores
HPU available: False, using: 0 HPUs
LOCAL_RANK: 0 - CUDA_VISIBLE_DEVICES: [0,1,2,3]
SLURM auto-requeueing enabled. Setting signal handlers.
Monitored metric train_loss did not improve in the last 149 records. Best score: 0.081. Signaling Trainer to stop.
GPU available: True (cuda), used: True
TPU available: False, using: 0 TPU cores
HPU available: False, using: 0 HPUs
LOCAL_RANK: 0 - CUDA_VISIBLE_DEVICES: [0,1,2,3]
SLURM auto-requeueing enabled. Setting signal handlers.
[I 2024-11-03 18:12:17,498] Trial 90 finished with value: 0.3061656951904297 and parameters: {'hidden_dim': 417, 'n_layers': 4, 'dropout': 0.00831192657279184, 'input_chunk_length': 19, 'learning_rate': 0.00012108383110801733, 'batch_size': 32}. Best is trial 0 with value: 0.24586667120456696.
GPU available: True (cuda), used: True
TPU available: False, using: 0 TPU cores
HPU available: False, using: 0 HPUs
LOCAL_RANK: 0 - CUDA_VISIBLE_DEVICES: [0,1,2,3]
SLURM auto-requeueing enabled. Setting signal handlers.
Monitored metric train_loss did not improve in the last 150 records. Best score: 0.081. Signaling Trainer to stop.
GPU available: True (cuda), used: True
TPU available: False, using: 0 TPU cores
HPU available: False, using: 0 HPUs
LOCAL_RANK: 0 - CUDA_VISIBLE_DEVICES: [0,1,2,3]
SLURM auto-requeueing enabled. Setting signal handlers.
[I 2024-11-03 18:12:33,411] Trial 91 finished with value: 0.30190539360046387 and parameters: {'hidden_dim': 414, 'n_layers': 4, 'dropout': 0.0014486525728096833, 'input_chunk_length': 18, 'learning_rate': 0.00011994873093151991, 'batch_size': 32}. Best is trial 0 with value: 0.24586667120456696.
GPU available: True (cuda), used: True
TPU available: False, using: 0 TPU cores
HPU available: False, using: 0 HPUs
LOCAL_RANK: 0 - CUDA_VISIBLE_DEVICES: [0,1,2,3]
SLURM auto-requeueing enabled. Setting signal handlers.
Monitored metric train_loss did not improve in the last 151 records. Best score: 0.081. Signaling Trainer to stop.
GPU available: True (cuda), used: True
TPU available: False, using: 0 TPU cores
HPU available: False, using: 0 HPUs
LOCAL_RANK: 0 - CUDA_VISIBLE_DEVICES: [0,1,2,3]
SLURM auto-requeueing enabled. Setting signal handlers.
[I 2024-11-03 18:12:49,569] Trial 92 finished with value: 0.365045964717865 and parameters: {'hidden_dim': 418, 'n_layers': 4, 'dropout': 0.008178771972851943, 'input_chunk_length': 18, 'learning_rate': 0.00012336911860850308, 'batch_size': 32}. Best is trial 0 with value: 0.24586667120456696.
GPU available: True (cuda), used: True
TPU available: False, using: 0 TPU cores
HPU available: False, using: 0 HPUs
LOCAL_RANK: 0 - CUDA_VISIBLE_DEVICES: [0,1,2,3]
SLURM auto-requeueing enabled. Setting signal handlers.
Monitored metric train_loss did not improve in the last 152 records. Best score: 0.081. Signaling Trainer to stop.
GPU available: True (cuda), used: True
TPU available: False, using: 0 TPU cores
HPU available: False, using: 0 HPUs
LOCAL_RANK: 0 - CUDA_VISIBLE_DEVICES: [0,1,2,3]
SLURM auto-requeueing enabled. Setting signal handlers.
[I 2024-11-03 18:13:05,510] Trial 93 finished with value: 0.3239503502845764 and parameters: {'hidden_dim': 426, 'n_layers': 4, 'dropout': 7.181586037722154e-05, 'input_chunk_length': 22, 'learning_rate': 0.00015141419751190673, 'batch_size': 32}. Best is trial 0 with value: 0.24586667120456696.
GPU available: True (cuda), used: True
TPU available: False, using: 0 TPU cores
HPU available: False, using: 0 HPUs
LOCAL_RANK: 0 - CUDA_VISIBLE_DEVICES: [0,1,2,3]
SLURM auto-requeueing enabled. Setting signal handlers.
Monitored metric train_loss did not improve in the last 153 records. Best score: 0.081. Signaling Trainer to stop.
GPU available: True (cuda), used: True
TPU available: False, using: 0 TPU cores
HPU available: False, using: 0 HPUs
LOCAL_RANK: 0 - CUDA_VISIBLE_DEVICES: [0,1,2,3]
SLURM auto-requeueing enabled. Setting signal handlers.
[I 2024-11-03 18:13:21,384] Trial 94 finished with value: 0.303816556930542 and parameters: {'hidden_dim': 405, 'n_layers': 4, 'dropout': 0.030130536895139386, 'input_chunk_length': 19, 'learning_rate': 6.371957985975546e-05, 'batch_size': 32}. Best is trial 0 with value: 0.24586667120456696.
GPU available: True (cuda), used: True
TPU available: False, using: 0 TPU cores
HPU available: False, using: 0 HPUs
LOCAL_RANK: 0 - CUDA_VISIBLE_DEVICES: [0,1,2,3]
SLURM auto-requeueing enabled. Setting signal handlers.
Monitored metric train_loss did not improve in the last 154 records. Best score: 0.081. Signaling Trainer to stop.
GPU available: True (cuda), used: True
TPU available: False, using: 0 TPU cores
HPU available: False, using: 0 HPUs
LOCAL_RANK: 0 - CUDA_VISIBLE_DEVICES: [0,1,2,3]
SLURM auto-requeueing enabled. Setting signal handlers.
[I 2024-11-03 18:13:37,456] Trial 95 finished with value: 0.30835211277008057 and parameters: {'hidden_dim': 403, 'n_layers': 4, 'dropout': 0.03220698608350881, 'input_chunk_length': 17, 'learning_rate': 6.349821397642773e-05, 'batch_size': 32}. Best is trial 0 with value: 0.24586667120456696.
GPU available: True (cuda), used: True
TPU available: False, using: 0 TPU cores
HPU available: False, using: 0 HPUs
LOCAL_RANK: 0 - CUDA_VISIBLE_DEVICES: [0,1,2,3]
SLURM auto-requeueing enabled. Setting signal handlers.
Monitored metric train_loss did not improve in the last 155 records. Best score: 0.081. Signaling Trainer to stop.
GPU available: True (cuda), used: True
TPU available: False, using: 0 TPU cores
HPU available: False, using: 0 HPUs
LOCAL_RANK: 0 - CUDA_VISIBLE_DEVICES: [0,1,2,3]
SLURM auto-requeueing enabled. Setting signal handlers.
[I 2024-11-03 18:13:53,263] Trial 96 finished with value: 0.3547523021697998 and parameters: {'hidden_dim': 409, 'n_layers': 4, 'dropout': 0.02818402999889318, 'input_chunk_length': 18, 'learning_rate': 6.507399266980176e-05, 'batch_size': 32}. Best is trial 0 with value: 0.24586667120456696.
GPU available: True (cuda), used: True
TPU available: False, using: 0 TPU cores
HPU available: False, using: 0 HPUs
LOCAL_RANK: 0 - CUDA_VISIBLE_DEVICES: [0,1,2,3]
SLURM auto-requeueing enabled. Setting signal handlers.
Monitored metric train_loss did not improve in the last 156 records. Best score: 0.081. Signaling Trainer to stop.
GPU available: True (cuda), used: True
TPU available: False, using: 0 TPU cores
HPU available: False, using: 0 HPUs
LOCAL_RANK: 0 - CUDA_VISIBLE_DEVICES: [0,1,2,3]
SLURM auto-requeueing enabled. Setting signal handlers.
