[I 2024-11-01 17:28:11,949] Trial 259 finished with value: 0.15304377675056458 and parameters: {'hidden_dim': 192, 'n_layers': 1, 'dropout': 0.4503910766179681, 'input_chunk_length': 7, 'learning_rate': 0.001399661265558241, 'batch_size': 32}. Best is trial 0 with value: 0.08160930126905441.
GPU available: False, used: False
TPU available: False, using: 0 TPU cores
HPU available: False, using: 0 HPUs
SLURM auto-requeueing enabled. Setting signal handlers.
Monitored metric train_loss did not improve in the last 289 records. Best score: 0.038. Signaling Trainer to stop.
GPU available: False, used: False
TPU available: False, using: 0 TPU cores
HPU available: False, using: 0 HPUs
SLURM auto-requeueing enabled. Setting signal handlers.
[I 2024-11-01 17:28:40,026] Trial 260 finished with value: 0.213955357670784 and parameters: {'hidden_dim': 136, 'n_layers': 3, 'dropout': 0.4715337901029125, 'input_chunk_length': 7, 'learning_rate': 0.0014994371981058862, 'batch_size': 32}. Best is trial 0 with value: 0.08160930126905441.
GPU available: False, used: False
TPU available: False, using: 0 TPU cores
HPU available: False, using: 0 HPUs
SLURM auto-requeueing enabled. Setting signal handlers.
Monitored metric train_loss did not improve in the last 290 records. Best score: 0.038. Signaling Trainer to stop.
GPU available: False, used: False
TPU available: False, using: 0 TPU cores
HPU available: False, using: 0 HPUs
SLURM auto-requeueing enabled. Setting signal handlers.
[I 2024-11-01 17:29:19,591] Trial 261 finished with value: 0.16735243797302246 and parameters: {'hidden_dim': 185, 'n_layers': 3, 'dropout': 0.30891875630705806, 'input_chunk_length': 12, 'learning_rate': 0.0013537134369786712, 'batch_size': 32}. Best is trial 0 with value: 0.08160930126905441.
GPU available: False, used: False
TPU available: False, using: 0 TPU cores
HPU available: False, using: 0 HPUs
SLURM auto-requeueing enabled. Setting signal handlers.
Monitored metric train_loss did not improve in the last 291 records. Best score: 0.038. Signaling Trainer to stop.
GPU available: False, used: False
TPU available: False, using: 0 TPU cores
HPU available: False, using: 0 HPUs
SLURM auto-requeueing enabled. Setting signal handlers.
[I 2024-11-01 17:29:55,744] Trial 262 finished with value: 0.3149262070655823 and parameters: {'hidden_dim': 179, 'n_layers': 3, 'dropout': 0.30798639391076155, 'input_chunk_length': 10, 'learning_rate': 0.0018255346551216153, 'batch_size': 32}. Best is trial 0 with value: 0.08160930126905441.
GPU available: False, used: False
TPU available: False, using: 0 TPU cores
HPU available: False, using: 0 HPUs
SLURM auto-requeueing enabled. Setting signal handlers.
Monitored metric train_loss did not improve in the last 292 records. Best score: 0.038. Signaling Trainer to stop.
GPU available: False, used: False
TPU available: False, using: 0 TPU cores
HPU available: False, using: 0 HPUs
SLURM auto-requeueing enabled. Setting signal handlers.
[I 2024-11-01 17:30:34,178] Trial 263 finished with value: 0.24074944853782654 and parameters: {'hidden_dim': 192, 'n_layers': 3, 'dropout': 0.29987670895925833, 'input_chunk_length': 11, 'learning_rate': 0.0013715181290763505, 'batch_size': 32}. Best is trial 0 with value: 0.08160930126905441.
GPU available: False, used: False
TPU available: False, using: 0 TPU cores
HPU available: False, using: 0 HPUs
SLURM auto-requeueing enabled. Setting signal handlers.
Monitored metric train_loss did not improve in the last 293 records. Best score: 0.038. Signaling Trainer to stop.
GPU available: False, used: False
TPU available: False, using: 0 TPU cores
HPU available: False, using: 0 HPUs
SLURM auto-requeueing enabled. Setting signal handlers.
[I 2024-11-01 17:31:11,690] Trial 264 finished with value: 0.2902911305427551 and parameters: {'hidden_dim': 184, 'n_layers': 3, 'dropout': 0.32555200086543457, 'input_chunk_length': 13, 'learning_rate': 0.001618901578109708, 'batch_size': 64}. Best is trial 0 with value: 0.08160930126905441.
GPU available: False, used: False
TPU available: False, using: 0 TPU cores
HPU available: False, using: 0 HPUs
SLURM auto-requeueing enabled. Setting signal handlers.
Monitored metric train_loss did not improve in the last 294 records. Best score: 0.038. Signaling Trainer to stop.
GPU available: False, used: False
TPU available: False, using: 0 TPU cores
HPU available: False, using: 0 HPUs
SLURM auto-requeueing enabled. Setting signal handlers.
[I 2024-11-01 17:31:42,676] Trial 265 finished with value: 0.3432210385799408 and parameters: {'hidden_dim': 161, 'n_layers': 3, 'dropout': 0.3148304341492484, 'input_chunk_length': 7, 'learning_rate': 0.002076040040853312, 'batch_size': 32}. Best is trial 0 with value: 0.08160930126905441.
GPU available: False, used: False
TPU available: False, using: 0 TPU cores
HPU available: False, using: 0 HPUs
SLURM auto-requeueing enabled. Setting signal handlers.
Monitored metric train_loss did not improve in the last 295 records. Best score: 0.038. Signaling Trainer to stop.
GPU available: False, used: False
TPU available: False, using: 0 TPU cores
HPU available: False, using: 0 HPUs
SLURM auto-requeueing enabled. Setting signal handlers.
[I 2024-11-01 17:32:18,885] Trial 266 finished with value: 0.2942569851875305 and parameters: {'hidden_dim': 177, 'n_layers': 3, 'dropout': 0.2963014395555378, 'input_chunk_length': 9, 'learning_rate': 0.001268218914731823, 'batch_size': 32}. Best is trial 0 with value: 0.08160930126905441.
GPU available: False, used: False
TPU available: False, using: 0 TPU cores
HPU available: False, using: 0 HPUs
SLURM auto-requeueing enabled. Setting signal handlers.
Monitored metric train_loss did not improve in the last 296 records. Best score: 0.038. Signaling Trainer to stop.
GPU available: False, used: False
TPU available: False, using: 0 TPU cores
HPU available: False, using: 0 HPUs
SLURM auto-requeueing enabled. Setting signal handlers.
[I 2024-11-01 17:32:50,454] Trial 267 finished with value: 0.21513620018959045 and parameters: {'hidden_dim': 187, 'n_layers': 3, 'dropout': 0.3075214733828876, 'input_chunk_length': 5, 'learning_rate': 0.0014406140390625256, 'batch_size': 32}. Best is trial 0 with value: 0.08160930126905441.
GPU available: False, used: False
TPU available: False, using: 0 TPU cores
HPU available: False, using: 0 HPUs
SLURM auto-requeueing enabled. Setting signal handlers.
Monitored metric train_loss did not improve in the last 297 records. Best score: 0.038. Signaling Trainer to stop.
GPU available: False, used: False
TPU available: False, using: 0 TPU cores
HPU available: False, using: 0 HPUs
SLURM auto-requeueing enabled. Setting signal handlers.
[I 2024-11-01 17:33:25,344] Trial 268 finished with value: 0.17956329882144928 and parameters: {'hidden_dim': 150, 'n_layers': 3, 'dropout': 0.28862445662587194, 'input_chunk_length': 12, 'learning_rate': 0.0007185515224164871, 'batch_size': 32}. Best is trial 0 with value: 0.08160930126905441.
GPU available: False, used: False
TPU available: False, using: 0 TPU cores
HPU available: False, using: 0 HPUs
SLURM auto-requeueing enabled. Setting signal handlers.
Monitored metric train_loss did not improve in the last 298 records. Best score: 0.038. Signaling Trainer to stop.
GPU available: False, used: False
TPU available: False, using: 0 TPU cores
HPU available: False, using: 0 HPUs
SLURM auto-requeueing enabled. Setting signal handlers.
[I 2024-11-01 17:34:02,242] Trial 269 finished with value: 0.23277471959590912 and parameters: {'hidden_dim': 153, 'n_layers': 3, 'dropout': 0.29048014239635767, 'input_chunk_length': 14, 'learning_rate': 0.0006782896581393297, 'batch_size': 32}. Best is trial 0 with value: 0.08160930126905441.
GPU available: False, used: False
TPU available: False, using: 0 TPU cores
HPU available: False, using: 0 HPUs
SLURM auto-requeueing enabled. Setting signal handlers.
Monitored metric train_loss did not improve in the last 299 records. Best score: 0.038. Signaling Trainer to stop.
GPU available: False, used: False
TPU available: False, using: 0 TPU cores
HPU available: False, using: 0 HPUs
SLURM auto-requeueing enabled. Setting signal handlers.
[I 2024-11-01 17:34:29,517] Trial 270 finished with value: 0.3021080493927002 and parameters: {'hidden_dim': 144, 'n_layers': 3, 'dropout': 0.2839145409654251, 'input_chunk_length': 12, 'learning_rate': 0.0016983067844815365, 'batch_size': 64}. Best is trial 0 with value: 0.08160930126905441.
GPU available: False, used: False
TPU available: False, using: 0 TPU cores
HPU available: False, using: 0 HPUs
SLURM auto-requeueing enabled. Setting signal handlers.
Monitored metric train_loss did not improve in the last 300 records. Best score: 0.038. Signaling Trainer to stop.
GPU available: False, used: False
TPU available: False, using: 0 TPU cores
HPU available: False, using: 0 HPUs
SLURM auto-requeueing enabled. Setting signal handlers.
[I 2024-11-01 17:35:01,490] Trial 271 finished with value: 0.18117451667785645 and parameters: {'hidden_dim': 149, 'n_layers': 3, 'dropout': 0.29903663752108095, 'input_chunk_length': 9, 'learning_rate': 0.0009724717467185906, 'batch_size': 32}. Best is trial 0 with value: 0.08160930126905441.
GPU available: False, used: False
TPU available: False, using: 0 TPU cores
HPU available: False, using: 0 HPUs
SLURM auto-requeueing enabled. Setting signal handlers.
Monitored metric train_loss did not improve in the last 301 records. Best score: 0.038. Signaling Trainer to stop.
GPU available: False, used: False
TPU available: False, using: 0 TPU cores
HPU available: False, using: 0 HPUs
SLURM auto-requeueing enabled. Setting signal handlers.
[I 2024-11-01 17:35:35,967] Trial 272 finished with value: 0.22024467587471008 and parameters: {'hidden_dim': 150, 'n_layers': 3, 'dropout': 0.32077350831801715, 'input_chunk_length': 11, 'learning_rate': 0.0004274644881823573, 'batch_size': 32}. Best is trial 0 with value: 0.08160930126905441.
GPU available: False, used: False
TPU available: False, using: 0 TPU cores
HPU available: False, using: 0 HPUs
SLURM auto-requeueing enabled. Setting signal handlers.
Monitored metric train_loss did not improve in the last 302 records. Best score: 0.038. Signaling Trainer to stop.
GPU available: False, used: False
TPU available: False, using: 0 TPU cores
HPU available: False, using: 0 HPUs
SLURM auto-requeueing enabled. Setting signal handlers.
[I 2024-11-01 17:36:10,155] Trial 273 finished with value: 0.2760438323020935 and parameters: {'hidden_dim': 144, 'n_layers': 3, 'dropout': 0.2769804997578884, 'input_chunk_length': 14, 'learning_rate': 0.00032625032649168865, 'batch_size': 32}. Best is trial 0 with value: 0.08160930126905441.
GPU available: False, used: False
TPU available: False, using: 0 TPU cores
HPU available: False, using: 0 HPUs
SLURM auto-requeueing enabled. Setting signal handlers.
Monitored metric train_loss did not improve in the last 303 records. Best score: 0.038. Signaling Trainer to stop.
GPU available: False, used: False
TPU available: False, using: 0 TPU cores
HPU available: False, using: 0 HPUs
SLURM auto-requeueing enabled. Setting signal handlers.
[I 2024-11-01 17:36:49,736] Trial 274 finished with value: 0.3141922354698181 and parameters: {'hidden_dim': 138, 'n_layers': 5, 'dropout': 0.2892921292699657, 'input_chunk_length': 17, 'learning_rate': 0.001282399410367343, 'batch_size': 32}. Best is trial 0 with value: 0.08160930126905441.
GPU available: False, used: False
TPU available: False, using: 0 TPU cores
HPU available: False, using: 0 HPUs
SLURM auto-requeueing enabled. Setting signal handlers.
Monitored metric train_loss did not improve in the last 304 records. Best score: 0.038. Signaling Trainer to stop.
GPU available: False, used: False
TPU available: False, using: 0 TPU cores
HPU available: False, using: 0 HPUs
SLURM auto-requeueing enabled. Setting signal handlers.
[I 2024-11-01 17:37:47,607] Trial 275 finished with value: 0.30651333928108215 and parameters: {'hidden_dim': 163, 'n_layers': 3, 'dropout': 0.30758899048221183, 'input_chunk_length': 33, 'learning_rate': 0.0018836868975585948, 'batch_size': 32}. Best is trial 0 with value: 0.08160930126905441.
GPU available: False, used: False
TPU available: False, using: 0 TPU cores
HPU available: False, using: 0 HPUs
SLURM auto-requeueing enabled. Setting signal handlers.
Monitored metric train_loss did not improve in the last 305 records. Best score: 0.038. Signaling Trainer to stop.
GPU available: False, used: False
TPU available: False, using: 0 TPU cores
HPU available: False, using: 0 HPUs
SLURM auto-requeueing enabled. Setting signal handlers.
[I 2024-11-01 17:39:21,352] Trial 276 finished with value: 0.30363380908966064 and parameters: {'hidden_dim': 157, 'n_layers': 3, 'dropout': 0.41507659859957846, 'input_chunk_length': 71, 'learning_rate': 0.0002332236950329366, 'batch_size': 32}. Best is trial 0 with value: 0.08160930126905441.
GPU available: False, used: False
TPU available: False, using: 0 TPU cores
HPU available: False, using: 0 HPUs
SLURM auto-requeueing enabled. Setting signal handlers.
Monitored metric train_loss did not improve in the last 306 records. Best score: 0.038. Signaling Trainer to stop.
GPU available: False, used: False
TPU available: False, using: 0 TPU cores
HPU available: False, using: 0 HPUs
SLURM auto-requeueing enabled. Setting signal handlers.
[I 2024-11-01 17:39:46,768] Trial 277 finished with value: 0.3080267012119293 and parameters: {'hidden_dim': 191, 'n_layers': 1, 'dropout': 0.43280070501163537, 'input_chunk_length': 7, 'learning_rate': 0.0007520538497610467, 'batch_size': 64}. Best is trial 0 with value: 0.08160930126905441.
GPU available: False, used: False
TPU available: False, using: 0 TPU cores
HPU available: False, using: 0 HPUs
SLURM auto-requeueing enabled. Setting signal handlers.
Monitored metric train_loss did not improve in the last 307 records. Best score: 0.038. Signaling Trainer to stop.
GPU available: False, used: False
TPU available: False, using: 0 TPU cores
HPU available: False, using: 0 HPUs
SLURM auto-requeueing enabled. Setting signal handlers.
[I 2024-11-01 17:40:37,634] Trial 278 finished with value: 0.2832900881767273 and parameters: {'hidden_dim': 194, 'n_layers': 3, 'dropout': 0.3336849952276661, 'input_chunk_length': 21, 'learning_rate': 0.0015132912727897209, 'batch_size': 32}. Best is trial 0 with value: 0.08160930126905441.
GPU available: False, used: False
TPU available: False, using: 0 TPU cores
HPU available: False, using: 0 HPUs
SLURM auto-requeueing enabled. Setting signal handlers.
Monitored metric train_loss did not improve in the last 308 records. Best score: 0.038. Signaling Trainer to stop.
GPU available: False, used: False
TPU available: False, using: 0 TPU cores
HPU available: False, using: 0 HPUs
SLURM auto-requeueing enabled. Setting signal handlers.
[I 2024-11-01 17:41:27,850] Trial 279 finished with value: 0.27716687321662903 and parameters: {'hidden_dim': 148, 'n_layers': 4, 'dropout': 0.2834518674291205, 'input_chunk_length': 27, 'learning_rate': 0.001212104444158239, 'batch_size': 32}. Best is trial 0 with value: 0.08160930126905441.
GPU available: False, used: False
TPU available: False, using: 0 TPU cores
HPU available: False, using: 0 HPUs
SLURM auto-requeueing enabled. Setting signal handlers.
Monitored metric train_loss did not improve in the last 309 records. Best score: 0.038. Signaling Trainer to stop.
GPU available: False, used: False
TPU available: False, using: 0 TPU cores
HPU available: False, using: 0 HPUs
SLURM auto-requeueing enabled. Setting signal handlers.
[I 2024-11-01 17:42:04,579] Trial 280 finished with value: 0.2155638188123703 and parameters: {'hidden_dim': 179, 'n_layers': 2, 'dropout': 0.29802331925511705, 'input_chunk_length': 12, 'learning_rate': 0.00012438839971149558, 'batch_size': 32}. Best is trial 0 with value: 0.08160930126905441.
GPU available: False, used: False
TPU available: False, using: 0 TPU cores
HPU available: False, using: 0 HPUs
SLURM auto-requeueing enabled. Setting signal handlers.
Monitored metric train_loss did not improve in the last 310 records. Best score: 0.038. Signaling Trainer to stop.
GPU available: False, used: False
TPU available: False, using: 0 TPU cores
HPU available: False, using: 0 HPUs
SLURM auto-requeueing enabled. Setting signal handlers.
[I 2024-11-01 17:42:38,525] Trial 281 finished with value: 0.18427592515945435 and parameters: {'hidden_dim': 170, 'n_layers': 3, 'dropout': 0.2750625195916304, 'input_chunk_length': 9, 'learning_rate': 0.0004926420598334569, 'batch_size': 32}. Best is trial 0 with value: 0.08160930126905441.
GPU available: False, used: False
TPU available: False, using: 0 TPU cores
HPU available: False, using: 0 HPUs
SLURM auto-requeueing enabled. Setting signal handlers.
Monitored metric train_loss did not improve in the last 311 records. Best score: 0.038. Signaling Trainer to stop.
GPU available: False, used: False
TPU available: False, using: 0 TPU cores
HPU available: False, using: 0 HPUs
SLURM auto-requeueing enabled. Setting signal handlers.
[I 2024-11-01 17:43:14,122] Trial 282 finished with value: 0.23832105100154877 and parameters: {'hidden_dim': 183, 'n_layers': 5, 'dropout': 0.4270939600773404, 'input_chunk_length': 6, 'learning_rate': 0.0009694623956715105, 'batch_size': 32}. Best is trial 0 with value: 0.08160930126905441.
GPU available: False, used: False
TPU available: False, using: 0 TPU cores
HPU available: False, using: 0 HPUs
SLURM auto-requeueing enabled. Setting signal handlers.
Monitored metric train_loss did not improve in the last 312 records. Best score: 0.038. Signaling Trainer to stop.
GPU available: False, used: False
TPU available: False, using: 0 TPU cores
HPU available: False, using: 0 HPUs
SLURM auto-requeueing enabled. Setting signal handlers.
[I 2024-11-01 17:43:46,839] Trial 283 finished with value: 0.28031736612319946 and parameters: {'hidden_dim': 191, 'n_layers': 1, 'dropout': 0.39531341774734674, 'input_chunk_length': 14, 'learning_rate': 0.0013165116547075681, 'batch_size': 64}. Best is trial 0 with value: 0.08160930126905441.
GPU available: False, used: False
TPU available: False, using: 0 TPU cores
HPU available: False, using: 0 HPUs
SLURM auto-requeueing enabled. Setting signal handlers.
Monitored metric train_loss did not improve in the last 313 records. Best score: 0.038. Signaling Trainer to stop.
GPU available: False, used: False
TPU available: False, using: 0 TPU cores
HPU available: False, using: 0 HPUs
SLURM auto-requeueing enabled. Setting signal handlers.
[I 2024-11-01 17:45:23,999] Trial 284 finished with value: 0.18497829139232635 and parameters: {'hidden_dim': 152, 'n_layers': 3, 'dropout': 0.31523913901913253, 'input_chunk_length': 84, 'learning_rate': 0.0011192263971481688, 'batch_size': 32}. Best is trial 0 with value: 0.08160930126905441.
GPU available: False, used: False
TPU available: False, using: 0 TPU cores
HPU available: False, using: 0 HPUs
SLURM auto-requeueing enabled. Setting signal handlers.
Monitored metric train_loss did not improve in the last 314 records. Best score: 0.038. Signaling Trainer to stop.
GPU available: False, used: False
TPU available: False, using: 0 TPU cores
HPU available: False, using: 0 HPUs
SLURM auto-requeueing enabled. Setting signal handlers.
[I 2024-11-01 17:46:24,019] Trial 285 finished with value: 0.30825650691986084 and parameters: {'hidden_dim': 187, 'n_layers': 1, 'dropout': 0.2680357199689939, 'input_chunk_length': 30, 'learning_rate': 6.706346343157475e-05, 'batch_size': 32}. Best is trial 0 with value: 0.08160930126905441.
GPU available: False, used: False
TPU available: False, using: 0 TPU cores
HPU available: False, using: 0 HPUs
SLURM auto-requeueing enabled. Setting signal handlers.
Monitored metric train_loss did not improve in the last 315 records. Best score: 0.038. Signaling Trainer to stop.
GPU available: False, used: False
TPU available: False, using: 0 TPU cores
HPU available: False, using: 0 HPUs
SLURM auto-requeueing enabled. Setting signal handlers.
[I 2024-11-01 17:47:01,838] Trial 286 finished with value: 0.24651752412319183 and parameters: {'hidden_dim': 201, 'n_layers': 3, 'dropout': 0.2893239066902063, 'input_chunk_length': 9, 'learning_rate': 0.001587728635070762, 'batch_size': 32}. Best is trial 0 with value: 0.08160930126905441.
GPU available: False, used: False
TPU available: False, using: 0 TPU cores
HPU available: False, using: 0 HPUs
SLURM auto-requeueing enabled. Setting signal handlers.
Monitored metric train_loss did not improve in the last 316 records. Best score: 0.038. Signaling Trainer to stop.
GPU available: False, used: False
TPU available: False, using: 0 TPU cores
HPU available: False, using: 0 HPUs
SLURM auto-requeueing enabled. Setting signal handlers.
[I 2024-11-01 17:47:38,846] Trial 287 finished with value: 0.2834160327911377 and parameters: {'hidden_dim': 175, 'n_layers': 3, 'dropout': 0.3486691825348441, 'input_chunk_length': 11, 'learning_rate': 0.0026385718013204828, 'batch_size': 32}. Best is trial 0 with value: 0.08160930126905441.
GPU available: False, used: False
TPU available: False, using: 0 TPU cores
HPU available: False, using: 0 HPUs
SLURM auto-requeueing enabled. Setting signal handlers.
Monitored metric train_loss did not improve in the last 317 records. Best score: 0.038. Signaling Trainer to stop.
GPU available: False, used: False
TPU available: False, using: 0 TPU cores
HPU available: False, using: 0 HPUs
SLURM auto-requeueing enabled. Setting signal handlers.
