[I 2024-10-21 01:22:39,351] Trial 25 finished with value: 0.3286825716495514 and parameters: {'hidden_dim': 137, 'n_layers': 2, 'dropout': 0.11241827456432743, 'input_chunk_length': 44, 'learning_rate': 1.4386450537636826e-05, 'batch_size': 32}. Best is trial 1 with value: 0.08726194500923157.
GPU available: False, used: False
TPU available: False, using: 0 TPU cores
HPU available: False, using: 0 HPUs
SLURM auto-requeueing enabled. Setting signal handlers.
Monitored metric train_loss did not improve in the last 74 records. Best score: 0.045. Signaling Trainer to stop.
GPU available: False, used: False
TPU available: False, using: 0 TPU cores
HPU available: False, using: 0 HPUs
SLURM auto-requeueing enabled. Setting signal handlers.
[I 2024-10-21 01:24:08,130] Trial 26 finished with value: 0.35593557357788086 and parameters: {'hidden_dim': 191, 'n_layers': 3, 'dropout': 0.43073406628948263, 'input_chunk_length': 53, 'learning_rate': 3.8025803461849064e-05, 'batch_size': 32}. Best is trial 1 with value: 0.08726194500923157.
GPU available: False, used: False
TPU available: False, using: 0 TPU cores
HPU available: False, using: 0 HPUs
SLURM auto-requeueing enabled. Setting signal handlers.
Monitored metric train_loss did not improve in the last 75 records. Best score: 0.045. Signaling Trainer to stop.
GPU available: False, used: False
TPU available: False, using: 0 TPU cores
HPU available: False, using: 0 HPUs
SLURM auto-requeueing enabled. Setting signal handlers.
[I 2024-10-21 01:26:20,325] Trial 27 finished with value: 0.43574419617652893 and parameters: {'hidden_dim': 216, 'n_layers': 4, 'dropout': 0.4989913599295457, 'input_chunk_length': 66, 'learning_rate': 6.612750726963426e-06, 'batch_size': 32}. Best is trial 1 with value: 0.08726194500923157.
GPU available: False, used: False
TPU available: False, using: 0 TPU cores
HPU available: False, using: 0 HPUs
SLURM auto-requeueing enabled. Setting signal handlers.
Monitored metric train_loss did not improve in the last 76 records. Best score: 0.045. Signaling Trainer to stop.
GPU available: False, used: False
TPU available: False, using: 0 TPU cores
HPU available: False, using: 0 HPUs
SLURM auto-requeueing enabled. Setting signal handlers.
[I 2024-10-21 01:28:12,830] Trial 28 finished with value: 0.310137003660202 and parameters: {'hidden_dim': 165, 'n_layers': 3, 'dropout': 0.27318366540306915, 'input_chunk_length': 86, 'learning_rate': 0.0002550554982312315, 'batch_size': 64}. Best is trial 1 with value: 0.08726194500923157.
GPU available: False, used: False
TPU available: False, using: 0 TPU cores
HPU available: False, using: 0 HPUs
SLURM auto-requeueing enabled. Setting signal handlers.
Monitored metric train_loss did not improve in the last 77 records. Best score: 0.045. Signaling Trainer to stop.
GPU available: False, used: False
TPU available: False, using: 0 TPU cores
HPU available: False, using: 0 HPUs
SLURM auto-requeueing enabled. Setting signal handlers.
[I 2024-10-21 01:29:08,101] Trial 29 finished with value: 0.2922019064426422 and parameters: {'hidden_dim': 240, 'n_layers': 2, 'dropout': 0.16790641133992526, 'input_chunk_length': 18, 'learning_rate': 0.00010713565378306262, 'batch_size': 32}. Best is trial 1 with value: 0.08726194500923157.
GPU available: False, used: False
TPU available: False, using: 0 TPU cores
HPU available: False, using: 0 HPUs
SLURM auto-requeueing enabled. Setting signal handlers.
Monitored metric train_loss did not improve in the last 78 records. Best score: 0.045. Signaling Trainer to stop.
GPU available: False, used: False
TPU available: False, using: 0 TPU cores
HPU available: False, using: 0 HPUs
SLURM auto-requeueing enabled. Setting signal handlers.
[I 2024-10-21 01:29:35,592] Trial 30 finished with value: 0.23462076485157013 and parameters: {'hidden_dim': 104, 'n_layers': 4, 'dropout': 0.04301807585397627, 'input_chunk_length': 7, 'learning_rate': 0.0005303944367812791, 'batch_size': 32}. Best is trial 1 with value: 0.08726194500923157.
GPU available: False, used: False
TPU available: False, using: 0 TPU cores
HPU available: False, using: 0 HPUs
SLURM auto-requeueing enabled. Setting signal handlers.
Monitored metric train_loss did not improve in the last 79 records. Best score: 0.045. Signaling Trainer to stop.
GPU available: False, used: False
TPU available: False, using: 0 TPU cores
HPU available: False, using: 0 HPUs
SLURM auto-requeueing enabled. Setting signal handlers.
[I 2024-10-21 01:30:36,936] Trial 31 finished with value: 0.24376437067985535 and parameters: {'hidden_dim': 197, 'n_layers': 2, 'dropout': 0.35108927959537656, 'input_chunk_length': 32, 'learning_rate': 0.00028900851844485356, 'batch_size': 32}. Best is trial 1 with value: 0.08726194500923157.
GPU available: False, used: False
TPU available: False, using: 0 TPU cores
HPU available: False, using: 0 HPUs
SLURM auto-requeueing enabled. Setting signal handlers.
Monitored metric train_loss did not improve in the last 80 records. Best score: 0.045. Signaling Trainer to stop.
GPU available: False, used: False
TPU available: False, using: 0 TPU cores
HPU available: False, using: 0 HPUs
SLURM auto-requeueing enabled. Setting signal handlers.
[I 2024-10-21 01:31:41,579] Trial 32 finished with value: 0.20946122705936432 and parameters: {'hidden_dim': 179, 'n_layers': 2, 'dropout': 0.12302804674572683, 'input_chunk_length': 39, 'learning_rate': 0.0006323779610023896, 'batch_size': 32}. Best is trial 1 with value: 0.08726194500923157.
GPU available: False, used: False
TPU available: False, using: 0 TPU cores
HPU available: False, using: 0 HPUs
SLURM auto-requeueing enabled. Setting signal handlers.
Monitored metric train_loss did not improve in the last 81 records. Best score: 0.045. Signaling Trainer to stop.
GPU available: False, used: False
TPU available: False, using: 0 TPU cores
HPU available: False, using: 0 HPUs
SLURM auto-requeueing enabled. Setting signal handlers.
[I 2024-10-21 01:32:51,100] Trial 33 finished with value: 0.15778370201587677 and parameters: {'hidden_dim': 195, 'n_layers': 3, 'dropout': 0.0864105476505866, 'input_chunk_length': 37, 'learning_rate': 0.00031612104135251553, 'batch_size': 32}. Best is trial 1 with value: 0.08726194500923157.
GPU available: False, used: False
TPU available: False, using: 0 TPU cores
HPU available: False, using: 0 HPUs
SLURM auto-requeueing enabled. Setting signal handlers.
Monitored metric train_loss did not improve in the last 82 records. Best score: 0.045. Signaling Trainer to stop.
GPU available: False, used: False
TPU available: False, using: 0 TPU cores
HPU available: False, using: 0 HPUs
SLURM auto-requeueing enabled. Setting signal handlers.
[I 2024-10-21 01:33:56,430] Trial 34 finished with value: 0.1902782917022705 and parameters: {'hidden_dim': 226, 'n_layers': 3, 'dropout': 0.004462652195236533, 'input_chunk_length': 27, 'learning_rate': 0.00017020550387777364, 'batch_size': 32}. Best is trial 1 with value: 0.08726194500923157.
GPU available: False, used: False
TPU available: False, using: 0 TPU cores
HPU available: False, using: 0 HPUs
SLURM auto-requeueing enabled. Setting signal handlers.
Monitored metric train_loss did not improve in the last 83 records. Best score: 0.045. Signaling Trainer to stop.
GPU available: False, used: False
TPU available: False, using: 0 TPU cores
HPU available: False, using: 0 HPUs
SLURM auto-requeueing enabled. Setting signal handlers.
[I 2024-10-21 01:35:49,926] Trial 35 finished with value: 0.3258230984210968 and parameters: {'hidden_dim': 212, 'n_layers': 3, 'dropout': 0.08106170100471105, 'input_chunk_length': 66, 'learning_rate': 2.169955149577591e-05, 'batch_size': 32}. Best is trial 1 with value: 0.08726194500923157.
GPU available: False, used: False
TPU available: False, using: 0 TPU cores
HPU available: False, using: 0 HPUs
SLURM auto-requeueing enabled. Setting signal handlers.
Monitored metric train_loss did not improve in the last 84 records. Best score: 0.045. Signaling Trainer to stop.
GPU available: False, used: False
TPU available: False, using: 0 TPU cores
HPU available: False, using: 0 HPUs
SLURM auto-requeueing enabled. Setting signal handlers.
[I 2024-10-21 01:36:25,219] Trial 36 finished with value: 0.35296517610549927 and parameters: {'hidden_dim': 59, 'n_layers': 4, 'dropout': 0.08282921864910814, 'input_chunk_length': 46, 'learning_rate': 8.901584668715638e-05, 'batch_size': 64}. Best is trial 1 with value: 0.08726194500923157.
GPU available: False, used: False
TPU available: False, using: 0 TPU cores
HPU available: False, using: 0 HPUs
SLURM auto-requeueing enabled. Setting signal handlers.
Monitored metric train_loss did not improve in the last 85 records. Best score: 0.045. Signaling Trainer to stop.
GPU available: False, used: False
TPU available: False, using: 0 TPU cores
HPU available: False, using: 0 HPUs
SLURM auto-requeueing enabled. Setting signal handlers.
[I 2024-10-21 01:37:39,441] Trial 37 finished with value: 0.4189155697822571 and parameters: {'hidden_dim': 163, 'n_layers': 3, 'dropout': 0.038281053721092584, 'input_chunk_length': 57, 'learning_rate': 4.666719670395464e-05, 'batch_size': 64}. Best is trial 1 with value: 0.08726194500923157.
GPU available: False, used: False
TPU available: False, using: 0 TPU cores
HPU available: False, using: 0 HPUs
SLURM auto-requeueing enabled. Setting signal handlers.
Monitored metric train_loss did not improve in the last 86 records. Best score: 0.045. Signaling Trainer to stop.
GPU available: False, used: False
TPU available: False, using: 0 TPU cores
HPU available: False, using: 0 HPUs
SLURM auto-requeueing enabled. Setting signal handlers.
[I 2024-10-21 01:40:18,414] Trial 38 finished with value: 0.20916563272476196 and parameters: {'hidden_dim': 243, 'n_layers': 4, 'dropout': 0.18234735699796484, 'input_chunk_length': 77, 'learning_rate': 0.0006219804826380852, 'batch_size': 32}. Best is trial 1 with value: 0.08726194500923157.
GPU available: False, used: False
TPU available: False, using: 0 TPU cores
HPU available: False, using: 0 HPUs
SLURM auto-requeueing enabled. Setting signal handlers.
Monitored metric train_loss did not improve in the last 87 records. Best score: 0.045. Signaling Trainer to stop.
GPU available: False, used: False
TPU available: False, using: 0 TPU cores
HPU available: False, using: 0 HPUs
SLURM auto-requeueing enabled. Setting signal handlers.
[I 2024-10-21 01:41:55,720] Trial 39 finished with value: 0.4501659572124481 and parameters: {'hidden_dim': 199, 'n_layers': 1, 'dropout': 0.4169794753339213, 'input_chunk_length': 68, 'learning_rate': 2.3543538251459048e-06, 'batch_size': 32}. Best is trial 1 with value: 0.08726194500923157.
GPU available: False, used: False
TPU available: False, using: 0 TPU cores
HPU available: False, using: 0 HPUs
SLURM auto-requeueing enabled. Setting signal handlers.
Monitored metric train_loss did not improve in the last 88 records. Best score: 0.045. Signaling Trainer to stop.
GPU available: False, used: False
TPU available: False, using: 0 TPU cores
HPU available: False, using: 0 HPUs
SLURM auto-requeueing enabled. Setting signal handlers.
[I 2024-10-21 01:42:48,431] Trial 40 finished with value: 0.4919186532497406 and parameters: {'hidden_dim': 149, 'n_layers': 3, 'dropout': 0.2950736664147465, 'input_chunk_length': 37, 'learning_rate': 7.443961098761726e-06, 'batch_size': 64}. Best is trial 1 with value: 0.08726194500923157.
GPU available: False, used: False
TPU available: False, using: 0 TPU cores
HPU available: False, using: 0 HPUs
SLURM auto-requeueing enabled. Setting signal handlers.
Monitored metric train_loss did not improve in the last 89 records. Best score: 0.045. Signaling Trainer to stop.
GPU available: False, used: False
TPU available: False, using: 0 TPU cores
HPU available: False, using: 0 HPUs
SLURM auto-requeueing enabled. Setting signal handlers.
[I 2024-10-21 01:43:56,333] Trial 41 finished with value: 0.26380571722984314 and parameters: {'hidden_dim': 227, 'n_layers': 3, 'dropout': 0.017914150159367606, 'input_chunk_length': 28, 'learning_rate': 0.00016608690103696048, 'batch_size': 32}. Best is trial 1 with value: 0.08726194500923157.
GPU available: False, used: False
TPU available: False, using: 0 TPU cores
HPU available: False, using: 0 HPUs
SLURM auto-requeueing enabled. Setting signal handlers.
Monitored metric train_loss did not improve in the last 90 records. Best score: 0.045. Signaling Trainer to stop.
GPU available: False, used: False
TPU available: False, using: 0 TPU cores
HPU available: False, using: 0 HPUs
SLURM auto-requeueing enabled. Setting signal handlers.
[I 2024-10-21 01:44:54,899] Trial 42 finished with value: 0.2540266811847687 and parameters: {'hidden_dim': 224, 'n_layers': 3, 'dropout': 0.06254911221348741, 'input_chunk_length': 24, 'learning_rate': 0.00023161570455393333, 'batch_size': 32}. Best is trial 1 with value: 0.08726194500923157.
GPU available: False, used: False
TPU available: False, using: 0 TPU cores
HPU available: False, using: 0 HPUs
SLURM auto-requeueing enabled. Setting signal handlers.
Monitored metric train_loss did not improve in the last 91 records. Best score: 0.045. Signaling Trainer to stop.
GPU available: False, used: False
TPU available: False, using: 0 TPU cores
HPU available: False, using: 0 HPUs
SLURM auto-requeueing enabled. Setting signal handlers.
[I 2024-10-21 01:46:00,203] Trial 43 finished with value: 0.30397340655326843 and parameters: {'hidden_dim': 208, 'n_layers': 3, 'dropout': 0.025395666366294915, 'input_chunk_length': 32, 'learning_rate': 0.0001600619779573244, 'batch_size': 32}. Best is trial 1 with value: 0.08726194500923157.
GPU available: False, used: False
TPU available: False, using: 0 TPU cores
HPU available: False, using: 0 HPUs
SLURM auto-requeueing enabled. Setting signal handlers.
Monitored metric train_loss did not improve in the last 92 records. Best score: 0.045. Signaling Trainer to stop.
GPU available: False, used: False
TPU available: False, using: 0 TPU cores
HPU available: False, using: 0 HPUs
SLURM auto-requeueing enabled. Setting signal handlers.
[I 2024-10-21 01:46:51,853] Trial 44 finished with value: 0.2843177020549774 and parameters: {'hidden_dim': 246, 'n_layers': 2, 'dropout': 0.003463479707761433, 'input_chunk_length': 16, 'learning_rate': 2.974955753652955e-05, 'batch_size': 32}. Best is trial 1 with value: 0.08726194500923157.
GPU available: False, used: False
TPU available: False, using: 0 TPU cores
HPU available: False, using: 0 HPUs
SLURM auto-requeueing enabled. Setting signal handlers.
Monitored metric train_loss did not improve in the last 93 records. Best score: 0.045. Signaling Trainer to stop.
GPU available: False, used: False
TPU available: False, using: 0 TPU cores
HPU available: False, using: 0 HPUs
SLURM auto-requeueing enabled. Setting signal handlers.
[I 2024-10-21 01:47:40,051] Trial 45 finished with value: 0.22139571607112885 and parameters: {'hidden_dim': 231, 'n_layers': 4, 'dropout': 0.09366263031860675, 'input_chunk_length': 12, 'learning_rate': 0.0003235028685018062, 'batch_size': 32}. Best is trial 1 with value: 0.08726194500923157.
GPU available: False, used: False
TPU available: False, using: 0 TPU cores
HPU available: False, using: 0 HPUs
SLURM auto-requeueing enabled. Setting signal handlers.
Monitored metric train_loss did not improve in the last 94 records. Best score: 0.045. Signaling Trainer to stop.
GPU available: False, used: False
TPU available: False, using: 0 TPU cores
HPU available: False, using: 0 HPUs
SLURM auto-requeueing enabled. Setting signal handlers.
[I 2024-10-21 01:48:42,104] Trial 46 finished with value: 0.35484132170677185 and parameters: {'hidden_dim': 218, 'n_layers': 5, 'dropout': 0.057764012706971575, 'input_chunk_length': 26, 'learning_rate': 5.74016265420087e-05, 'batch_size': 64}. Best is trial 1 with value: 0.08726194500923157.
GPU available: False, used: False
TPU available: False, using: 0 TPU cores
HPU available: False, using: 0 HPUs
SLURM auto-requeueing enabled. Setting signal handlers.
Monitored metric train_loss did not improve in the last 95 records. Best score: 0.045. Signaling Trainer to stop.
GPU available: False, used: False
TPU available: False, using: 0 TPU cores
HPU available: False, using: 0 HPUs
SLURM auto-requeueing enabled. Setting signal handlers.
[I 2024-10-21 01:49:56,837] Trial 47 finished with value: 0.23056283593177795 and parameters: {'hidden_dim': 202, 'n_layers': 3, 'dropout': 0.13585814163329368, 'input_chunk_length': 40, 'learning_rate': 0.00044192414419329734, 'batch_size': 32}. Best is trial 1 with value: 0.08726194500923157.
GPU available: False, used: False
TPU available: False, using: 0 TPU cores
HPU available: False, using: 0 HPUs
SLURM auto-requeueing enabled. Setting signal handlers.
Monitored metric train_loss did not improve in the last 96 records. Best score: 0.045. Signaling Trainer to stop.
GPU available: False, used: False
TPU available: False, using: 0 TPU cores
HPU available: False, using: 0 HPUs
SLURM auto-requeueing enabled. Setting signal handlers.
[I 2024-10-21 01:51:24,649] Trial 48 finished with value: 0.26425260305404663 and parameters: {'hidden_dim': 192, 'n_layers': 6, 'dropout': 0.006103227048279418, 'input_chunk_length': 49, 'learning_rate': 0.0002051792291402171, 'batch_size': 32}. Best is trial 1 with value: 0.08726194500923157.
GPU available: False, used: False
TPU available: False, using: 0 TPU cores
HPU available: False, using: 0 HPUs
SLURM auto-requeueing enabled. Setting signal handlers.
Monitored metric train_loss did not improve in the last 97 records. Best score: 0.045. Signaling Trainer to stop.
GPU available: False, used: False
TPU available: False, using: 0 TPU cores
HPU available: False, using: 0 HPUs
SLURM auto-requeueing enabled. Setting signal handlers.
[I 2024-10-21 01:52:19,776] Trial 49 finished with value: 0.3657108545303345 and parameters: {'hidden_dim': 182, 'n_layers': 2, 'dropout': 0.3645744492383453, 'input_chunk_length': 35, 'learning_rate': 9.45800767854836e-05, 'batch_size': 64}. Best is trial 1 with value: 0.08726194500923157.
GPU available: False, used: False
TPU available: False, using: 0 TPU cores
HPU available: False, using: 0 HPUs
SLURM auto-requeueing enabled. Setting signal handlers.
Monitored metric train_loss did not improve in the last 98 records. Best score: 0.045. Signaling Trainer to stop.
GPU available: False, used: False
TPU available: False, using: 0 TPU cores
HPU available: False, using: 0 HPUs
SLURM auto-requeueing enabled. Setting signal handlers.
[I 2024-10-21 01:55:19,816] Trial 50 finished with value: 0.307272344827652 and parameters: {'hidden_dim': 249, 'n_layers': 3, 'dropout': 0.06667035283328628, 'input_chunk_length': 90, 'learning_rate': 1.6376496983510057e-05, 'batch_size': 32}. Best is trial 1 with value: 0.08726194500923157.
GPU available: False, used: False
TPU available: False, using: 0 TPU cores
HPU available: False, using: 0 HPUs
SLURM auto-requeueing enabled. Setting signal handlers.
Monitored metric train_loss did not improve in the last 99 records. Best score: 0.045. Signaling Trainer to stop.
GPU available: False, used: False
TPU available: False, using: 0 TPU cores
HPU available: False, using: 0 HPUs
SLURM auto-requeueing enabled. Setting signal handlers.
[I 2024-10-21 01:56:34,222] Trial 51 finished with value: 0.14293964207172394 and parameters: {'hidden_dim': 205, 'n_layers': 1, 'dropout': 0.14165196495253934, 'input_chunk_length': 41, 'learning_rate': 0.0003402702560070392, 'batch_size': 32}. Best is trial 1 with value: 0.08726194500923157.
GPU available: False, used: False
TPU available: False, using: 0 TPU cores
HPU available: False, using: 0 HPUs
SLURM auto-requeueing enabled. Setting signal handlers.
Monitored metric train_loss did not improve in the last 100 records. Best score: 0.045. Signaling Trainer to stop.
GPU available: False, used: False
TPU available: False, using: 0 TPU cores
HPU available: False, using: 0 HPUs
SLURM auto-requeueing enabled. Setting signal handlers.
[I 2024-10-21 01:57:55,986] Trial 52 finished with value: 0.23293480277061462 and parameters: {'hidden_dim': 230, 'n_layers': 1, 'dropout': 0.10399706311014625, 'input_chunk_length': 43, 'learning_rate': 0.00013777362542331752, 'batch_size': 32}. Best is trial 1 with value: 0.08726194500923157.
GPU available: False, used: False
TPU available: False, using: 0 TPU cores
HPU available: False, using: 0 HPUs
SLURM auto-requeueing enabled. Setting signal handlers.
Monitored metric train_loss did not improve in the last 101 records. Best score: 0.045. Signaling Trainer to stop.
GPU available: False, used: False
TPU available: False, using: 0 TPU cores
HPU available: False, using: 0 HPUs
SLURM auto-requeueing enabled. Setting signal handlers.
[I 2024-10-21 01:59:22,071] Trial 53 finished with value: 0.1767808347940445 and parameters: {'hidden_dim': 210, 'n_layers': 1, 'dropout': 0.033249667966810614, 'input_chunk_length': 53, 'learning_rate': 0.000689668419774861, 'batch_size': 32}. Best is trial 1 with value: 0.08726194500923157.
GPU available: False, used: False
TPU available: False, using: 0 TPU cores
HPU available: False, using: 0 HPUs
SLURM auto-requeueing enabled. Setting signal handlers.
Monitored metric train_loss did not improve in the last 102 records. Best score: 0.045. Signaling Trainer to stop.
GPU available: False, used: False
TPU available: False, using: 0 TPU cores
HPU available: False, using: 0 HPUs
SLURM auto-requeueing enabled. Setting signal handlers.
