[I 2024-11-01 19:15:28,115] Trial 115 finished with value: 0.2234097123146057 and parameters: {'hidden_dim': 236, 'n_layers': 4, 'dropout': 0.4268852715887343, 'input_chunk_length': 107, 'learning_rate': 0.003935061196390473, 'batch_size': 32}. Best is trial 0 with value: 0.07914793491363525.
GPU available: False, used: False
TPU available: False, using: 0 TPU cores
HPU available: False, using: 0 HPUs
SLURM auto-requeueing enabled. Setting signal handlers.
Monitored metric train_loss did not improve in the last 145 records. Best score: 0.031. Signaling Trainer to stop.
GPU available: False, used: False
TPU available: False, using: 0 TPU cores
HPU available: False, using: 0 HPUs
SLURM auto-requeueing enabled. Setting signal handlers.
[I 2024-11-01 19:17:15,321] Trial 116 finished with value: 0.21799176931381226 and parameters: {'hidden_dim': 126, 'n_layers': 3, 'dropout': 0.4529551305756654, 'input_chunk_length': 115, 'learning_rate': 0.007999884685487048, 'batch_size': 32}. Best is trial 0 with value: 0.07914793491363525.
GPU available: False, used: False
TPU available: False, using: 0 TPU cores
HPU available: False, using: 0 HPUs
SLURM auto-requeueing enabled. Setting signal handlers.
Monitored metric train_loss did not improve in the last 146 records. Best score: 0.031. Signaling Trainer to stop.
GPU available: False, used: False
TPU available: False, using: 0 TPU cores
HPU available: False, using: 0 HPUs
SLURM auto-requeueing enabled. Setting signal handlers.
[I 2024-11-01 19:19:14,696] Trial 117 finished with value: 0.27340251207351685 and parameters: {'hidden_dim': 151, 'n_layers': 4, 'dropout': 0.3959480153477807, 'input_chunk_length': 104, 'learning_rate': 0.0010239901291780441, 'batch_size': 32}. Best is trial 0 with value: 0.07914793491363525.
GPU available: False, used: False
TPU available: False, using: 0 TPU cores
HPU available: False, using: 0 HPUs
SLURM auto-requeueing enabled. Setting signal handlers.
Monitored metric train_loss did not improve in the last 147 records. Best score: 0.031. Signaling Trainer to stop.
GPU available: False, used: False
TPU available: False, using: 0 TPU cores
HPU available: False, using: 0 HPUs
SLURM auto-requeueing enabled. Setting signal handlers.
[I 2024-11-01 19:19:42,631] Trial 118 finished with value: 0.30982309579849243 and parameters: {'hidden_dim': 111, 'n_layers': 3, 'dropout': 0.40629012922742824, 'input_chunk_length': 19, 'learning_rate': 0.000745165982179146, 'batch_size': 64}. Best is trial 0 with value: 0.07914793491363525.
GPU available: False, used: False
TPU available: False, using: 0 TPU cores
HPU available: False, using: 0 HPUs
SLURM auto-requeueing enabled. Setting signal handlers.
Monitored metric train_loss did not improve in the last 148 records. Best score: 0.031. Signaling Trainer to stop.
GPU available: False, used: False
TPU available: False, using: 0 TPU cores
HPU available: False, using: 0 HPUs
SLURM auto-requeueing enabled. Setting signal handlers.
[I 2024-11-01 19:20:45,584] Trial 119 finished with value: 0.3126385509967804 and parameters: {'hidden_dim': 196, 'n_layers': 5, 'dropout': 0.38413873403772414, 'input_chunk_length': 29, 'learning_rate': 0.0029422777993954974, 'batch_size': 32}. Best is trial 0 with value: 0.07914793491363525.
GPU available: False, used: False
TPU available: False, using: 0 TPU cores
HPU available: False, using: 0 HPUs
SLURM auto-requeueing enabled. Setting signal handlers.
Monitored metric train_loss did not improve in the last 149 records. Best score: 0.031. Signaling Trainer to stop.
GPU available: False, used: False
TPU available: False, using: 0 TPU cores
HPU available: False, using: 0 HPUs
SLURM auto-requeueing enabled. Setting signal handlers.
[I 2024-11-01 19:21:24,615] Trial 120 finished with value: 0.32769858837127686 and parameters: {'hidden_dim': 136, 'n_layers': 4, 'dropout': 0.14655019951059498, 'input_chunk_length': 23, 'learning_rate': 0.001227077375069133, 'batch_size': 32}. Best is trial 0 with value: 0.07914793491363525.
GPU available: False, used: False
TPU available: False, using: 0 TPU cores
HPU available: False, using: 0 HPUs
SLURM auto-requeueing enabled. Setting signal handlers.
Monitored metric train_loss did not improve in the last 150 records. Best score: 0.031. Signaling Trainer to stop.
GPU available: False, used: False
TPU available: False, using: 0 TPU cores
HPU available: False, using: 0 HPUs
SLURM auto-requeueing enabled. Setting signal handlers.
[I 2024-11-01 19:22:19,248] Trial 121 finished with value: 0.32190167903900146 and parameters: {'hidden_dim': 164, 'n_layers': 4, 'dropout': 0.4666556190165126, 'input_chunk_length': 32, 'learning_rate': 0.0019372531297239908, 'batch_size': 32}. Best is trial 0 with value: 0.07914793491363525.
GPU available: False, used: False
TPU available: False, using: 0 TPU cores
HPU available: False, using: 0 HPUs
SLURM auto-requeueing enabled. Setting signal handlers.
Monitored metric train_loss did not improve in the last 151 records. Best score: 0.031. Signaling Trainer to stop.
GPU available: False, used: False
TPU available: False, using: 0 TPU cores
HPU available: False, using: 0 HPUs
SLURM auto-requeueing enabled. Setting signal handlers.
[I 2024-11-01 19:23:23,274] Trial 122 finished with value: 0.17190974950790405 and parameters: {'hidden_dim': 167, 'n_layers': 4, 'dropout': 0.2768892659844869, 'input_chunk_length': 40, 'learning_rate': 0.000924872172914626, 'batch_size': 32}. Best is trial 0 with value: 0.07914793491363525.
GPU available: False, used: False
TPU available: False, using: 0 TPU cores
HPU available: False, using: 0 HPUs
SLURM auto-requeueing enabled. Setting signal handlers.
Monitored metric train_loss did not improve in the last 152 records. Best score: 0.031. Signaling Trainer to stop.
GPU available: False, used: False
TPU available: False, using: 0 TPU cores
HPU available: False, using: 0 HPUs
SLURM auto-requeueing enabled. Setting signal handlers.
[I 2024-11-01 19:24:24,592] Trial 123 finished with value: 0.22076073288917542 and parameters: {'hidden_dim': 155, 'n_layers': 4, 'dropout': 0.2754001273197701, 'input_chunk_length': 39, 'learning_rate': 0.0009047933742551994, 'batch_size': 32}. Best is trial 0 with value: 0.07914793491363525.
GPU available: False, used: False
TPU available: False, using: 0 TPU cores
HPU available: False, using: 0 HPUs
SLURM auto-requeueing enabled. Setting signal handlers.
Monitored metric train_loss did not improve in the last 153 records. Best score: 0.031. Signaling Trainer to stop.
GPU available: False, used: False
TPU available: False, using: 0 TPU cores
HPU available: False, using: 0 HPUs
SLURM auto-requeueing enabled. Setting signal handlers.
[I 2024-11-01 19:27:50,598] Trial 124 finished with value: 0.17451706528663635 and parameters: {'hidden_dim': 250, 'n_layers': 4, 'dropout': 0.4177235413882835, 'input_chunk_length': 109, 'learning_rate': 0.00156346920587262, 'batch_size': 32}. Best is trial 0 with value: 0.07914793491363525.
GPU available: False, used: False
TPU available: False, using: 0 TPU cores
HPU available: False, using: 0 HPUs
SLURM auto-requeueing enabled. Setting signal handlers.
Monitored metric train_loss did not improve in the last 154 records. Best score: 0.031. Signaling Trainer to stop.
GPU available: False, used: False
TPU available: False, using: 0 TPU cores
HPU available: False, using: 0 HPUs
SLURM auto-requeueing enabled. Setting signal handlers.
[I 2024-11-01 19:31:19,954] Trial 125 finished with value: 0.31770452857017517 and parameters: {'hidden_dim': 252, 'n_layers': 4, 'dropout': 0.41333210562719586, 'input_chunk_length': 110, 'learning_rate': 0.001578379059791316, 'batch_size': 32}. Best is trial 0 with value: 0.07914793491363525.
GPU available: False, used: False
TPU available: False, using: 0 TPU cores
HPU available: False, using: 0 HPUs
SLURM auto-requeueing enabled. Setting signal handlers.
Monitored metric train_loss did not improve in the last 155 records. Best score: 0.031. Signaling Trainer to stop.
GPU available: False, used: False
TPU available: False, using: 0 TPU cores
HPU available: False, using: 0 HPUs
SLURM auto-requeueing enabled. Setting signal handlers.
[I 2024-11-01 19:34:46,411] Trial 126 finished with value: 0.28119784593582153 and parameters: {'hidden_dim': 241, 'n_layers': 4, 'dropout': 0.4205499237586645, 'input_chunk_length': 113, 'learning_rate': 0.00131780814315348, 'batch_size': 32}. Best is trial 0 with value: 0.07914793491363525.
GPU available: False, used: False
TPU available: False, using: 0 TPU cores
HPU available: False, using: 0 HPUs
SLURM auto-requeueing enabled. Setting signal handlers.
Monitored metric train_loss did not improve in the last 156 records. Best score: 0.031. Signaling Trainer to stop.
GPU available: False, used: False
TPU available: False, using: 0 TPU cores
HPU available: False, using: 0 HPUs
SLURM auto-requeueing enabled. Setting signal handlers.
[I 2024-11-01 19:38:13,905] Trial 127 finished with value: 0.3130365312099457 and parameters: {'hidden_dim': 247, 'n_layers': 4, 'dropout': 0.30692407484026907, 'input_chunk_length': 98, 'learning_rate': 0.0006116123124315055, 'batch_size': 32}. Best is trial 0 with value: 0.07914793491363525.
GPU available: False, used: False
TPU available: False, using: 0 TPU cores
HPU available: False, using: 0 HPUs
SLURM auto-requeueing enabled. Setting signal handlers.
Monitored metric train_loss did not improve in the last 157 records. Best score: 0.031. Signaling Trainer to stop.
GPU available: False, used: False
TPU available: False, using: 0 TPU cores
HPU available: False, using: 0 HPUs
SLURM auto-requeueing enabled. Setting signal handlers.
[I 2024-11-01 19:41:19,215] Trial 128 finished with value: 0.20321179926395416 and parameters: {'hidden_dim': 256, 'n_layers': 3, 'dropout': 0.44358344192439814, 'input_chunk_length': 103, 'learning_rate': 0.00016741534930243056, 'batch_size': 32}. Best is trial 0 with value: 0.07914793491363525.
GPU available: False, used: False
TPU available: False, using: 0 TPU cores
HPU available: False, using: 0 HPUs
SLURM auto-requeueing enabled. Setting signal handlers.
Monitored metric train_loss did not improve in the last 158 records. Best score: 0.031. Signaling Trainer to stop.
GPU available: False, used: False
TPU available: False, using: 0 TPU cores
HPU available: False, using: 0 HPUs
SLURM auto-requeueing enabled. Setting signal handlers.
[I 2024-11-01 19:43:09,095] Trial 129 finished with value: 0.23812098801136017 and parameters: {'hidden_dim': 123, 'n_layers': 4, 'dropout': 0.42897322479873645, 'input_chunk_length': 106, 'learning_rate': 0.000707507635379047, 'batch_size': 32}. Best is trial 0 with value: 0.07914793491363525.
GPU available: False, used: False
TPU available: False, using: 0 TPU cores
HPU available: False, using: 0 HPUs
SLURM auto-requeueing enabled. Setting signal handlers.
Monitored metric train_loss did not improve in the last 159 records. Best score: 0.031. Signaling Trainer to stop.
GPU available: False, used: False
TPU available: False, using: 0 TPU cores
HPU available: False, using: 0 HPUs
SLURM auto-requeueing enabled. Setting signal handlers.
[I 2024-11-01 19:44:12,125] Trial 130 finished with value: 0.28359293937683105 and parameters: {'hidden_dim': 250, 'n_layers': 3, 'dropout': 0.3604282597905223, 'input_chunk_length': 26, 'learning_rate': 0.0010129506092657965, 'batch_size': 64}. Best is trial 0 with value: 0.07914793491363525.
GPU available: False, used: False
TPU available: False, using: 0 TPU cores
HPU available: False, using: 0 HPUs
SLURM auto-requeueing enabled. Setting signal handlers.
Monitored metric train_loss did not improve in the last 160 records. Best score: 0.031. Signaling Trainer to stop.
GPU available: False, used: False
TPU available: False, using: 0 TPU cores
HPU available: False, using: 0 HPUs
SLURM auto-requeueing enabled. Setting signal handlers.
[I 2024-11-01 19:46:20,739] Trial 131 finished with value: 0.2858949899673462 and parameters: {'hidden_dim': 184, 'n_layers': 4, 'dropout': 0.4487035361134729, 'input_chunk_length': 93, 'learning_rate': 0.0024653009575976224, 'batch_size': 32}. Best is trial 0 with value: 0.07914793491363525.
GPU available: False, used: False
TPU available: False, using: 0 TPU cores
HPU available: False, using: 0 HPUs
SLURM auto-requeueing enabled. Setting signal handlers.
Monitored metric train_loss did not improve in the last 161 records. Best score: 0.031. Signaling Trainer to stop.
GPU available: False, used: False
TPU available: False, using: 0 TPU cores
HPU available: False, using: 0 HPUs
SLURM auto-requeueing enabled. Setting signal handlers.
[I 2024-11-01 19:48:25,177] Trial 132 finished with value: 0.21829217672348022 and parameters: {'hidden_dim': 147, 'n_layers': 4, 'dropout': 0.31864334421638374, 'input_chunk_length': 109, 'learning_rate': 0.00180765941108915, 'batch_size': 32}. Best is trial 0 with value: 0.07914793491363525.
GPU available: False, used: False
TPU available: False, using: 0 TPU cores
HPU available: False, using: 0 HPUs
SLURM auto-requeueing enabled. Setting signal handlers.
Monitored metric train_loss did not improve in the last 162 records. Best score: 0.031. Signaling Trainer to stop.
GPU available: False, used: False
TPU available: False, using: 0 TPU cores
HPU available: False, using: 0 HPUs
SLURM auto-requeueing enabled. Setting signal handlers.
[I 2024-11-01 19:51:37,783] Trial 133 finished with value: 0.2141050398349762 and parameters: {'hidden_dim': 242, 'n_layers': 4, 'dropout': 0.19770397757808045, 'input_chunk_length': 102, 'learning_rate': 0.0008150978699831219, 'batch_size': 32}. Best is trial 0 with value: 0.07914793491363525.
GPU available: False, used: False
TPU available: False, using: 0 TPU cores
HPU available: False, using: 0 HPUs
SLURM auto-requeueing enabled. Setting signal handlers.
Monitored metric train_loss did not improve in the last 163 records. Best score: 0.031. Signaling Trainer to stop.
GPU available: False, used: False
TPU available: False, using: 0 TPU cores
HPU available: False, using: 0 HPUs
SLURM auto-requeueing enabled. Setting signal handlers.
[I 2024-11-01 19:53:32,026] Trial 134 finished with value: 0.37415120005607605 and parameters: {'hidden_dim': 231, 'n_layers': 4, 'dropout': 0.25694089813583004, 'input_chunk_length': 49, 'learning_rate': 0.007127382643192119, 'batch_size': 32}. Best is trial 0 with value: 0.07914793491363525.
GPU available: False, used: False
TPU available: False, using: 0 TPU cores
HPU available: False, using: 0 HPUs
SLURM auto-requeueing enabled. Setting signal handlers.
Monitored metric train_loss did not improve in the last 164 records. Best score: 0.031. Signaling Trainer to stop.
GPU available: False, used: False
TPU available: False, using: 0 TPU cores
HPU available: False, using: 0 HPUs
SLURM auto-requeueing enabled. Setting signal handlers.
[I 2024-11-01 19:56:06,531] Trial 135 finished with value: 0.2952553331851959 and parameters: {'hidden_dim': 173, 'n_layers': 4, 'dropout': 0.4348844428217522, 'input_chunk_length': 118, 'learning_rate': 0.000509308930852569, 'batch_size': 32}. Best is trial 0 with value: 0.07914793491363525.
GPU available: False, used: False
TPU available: False, using: 0 TPU cores
HPU available: False, using: 0 HPUs
SLURM auto-requeueing enabled. Setting signal handlers.
Monitored metric train_loss did not improve in the last 165 records. Best score: 0.031. Signaling Trainer to stop.
GPU available: False, used: False
TPU available: False, using: 0 TPU cores
HPU available: False, using: 0 HPUs
SLURM auto-requeueing enabled. Setting signal handlers.
[I 2024-11-01 19:56:38,495] Trial 136 finished with value: 0.25651276111602783 and parameters: {'hidden_dim': 97, 'n_layers': 5, 'dropout': 0.16832583453755603, 'input_chunk_length': 16, 'learning_rate': 0.000438011114487239, 'batch_size': 32}. Best is trial 0 with value: 0.07914793491363525.
GPU available: False, used: False
TPU available: False, using: 0 TPU cores
HPU available: False, using: 0 HPUs
SLURM auto-requeueing enabled. Setting signal handlers.
Monitored metric train_loss did not improve in the last 166 records. Best score: 0.031. Signaling Trainer to stop.
GPU available: False, used: False
TPU available: False, using: 0 TPU cores
HPU available: False, using: 0 HPUs
SLURM auto-requeueing enabled. Setting signal handlers.
[I 2024-11-01 19:57:08,930] Trial 137 finished with value: 0.3015131950378418 and parameters: {'hidden_dim': 58, 'n_layers': 1, 'dropout': 0.40223772972678146, 'input_chunk_length': 29, 'learning_rate': 0.0014410188171078088, 'batch_size': 32}. Best is trial 0 with value: 0.07914793491363525.
GPU available: False, used: False
TPU available: False, using: 0 TPU cores
HPU available: False, using: 0 HPUs
SLURM auto-requeueing enabled. Setting signal handlers.
Monitored metric train_loss did not improve in the last 167 records. Best score: 0.031. Signaling Trainer to stop.
GPU available: False, used: False
TPU available: False, using: 0 TPU cores
HPU available: False, using: 0 HPUs
SLURM auto-requeueing enabled. Setting signal handlers.
[I 2024-11-01 20:00:39,103] Trial 138 finished with value: 0.2595917880535126 and parameters: {'hidden_dim': 238, 'n_layers': 4, 'dropout': 0.47891681159257293, 'input_chunk_length': 113, 'learning_rate': 0.0010649161923560063, 'batch_size': 32}. Best is trial 0 with value: 0.07914793491363525.
GPU available: False, used: False
TPU available: False, using: 0 TPU cores
HPU available: False, using: 0 HPUs
SLURM auto-requeueing enabled. Setting signal handlers.
Monitored metric train_loss did not improve in the last 168 records. Best score: 0.031. Signaling Trainer to stop.
GPU available: False, used: False
TPU available: False, using: 0 TPU cores
HPU available: False, using: 0 HPUs
SLURM auto-requeueing enabled. Setting signal handlers.
[I 2024-11-01 20:02:13,724] Trial 139 finished with value: 0.17869922518730164 and parameters: {'hidden_dim': 245, 'n_layers': 3, 'dropout': 0.18257351307128217, 'input_chunk_length': 42, 'learning_rate': 0.0005788137343510142, 'batch_size': 32}. Best is trial 0 with value: 0.07914793491363525.
GPU available: False, used: False
TPU available: False, using: 0 TPU cores
HPU available: False, using: 0 HPUs
SLURM auto-requeueing enabled. Setting signal handlers.
Monitored metric train_loss did not improve in the last 169 records. Best score: 0.031. Signaling Trainer to stop.
GPU available: False, used: False
TPU available: False, using: 0 TPU cores
HPU available: False, using: 0 HPUs
SLURM auto-requeueing enabled. Setting signal handlers.
[I 2024-11-01 20:03:52,701] Trial 140 finished with value: 0.3073669672012329 and parameters: {'hidden_dim': 246, 'n_layers': 3, 'dropout': 0.1844216527690622, 'input_chunk_length': 45, 'learning_rate': 0.0005573968270419606, 'batch_size': 32}. Best is trial 0 with value: 0.07914793491363525.
GPU available: False, used: False
TPU available: False, using: 0 TPU cores
HPU available: False, using: 0 HPUs
SLURM auto-requeueing enabled. Setting signal handlers.
Monitored metric train_loss did not improve in the last 170 records. Best score: 0.031. Signaling Trainer to stop.
GPU available: False, used: False
TPU available: False, using: 0 TPU cores
HPU available: False, using: 0 HPUs
SLURM auto-requeueing enabled. Setting signal handlers.
[I 2024-11-01 20:05:18,879] Trial 141 finished with value: 0.19947633147239685 and parameters: {'hidden_dim': 252, 'n_layers': 3, 'dropout': 0.21005639624152259, 'input_chunk_length': 35, 'learning_rate': 0.0008448388715435009, 'batch_size': 32}. Best is trial 0 with value: 0.07914793491363525.
GPU available: False, used: False
TPU available: False, using: 0 TPU cores
HPU available: False, using: 0 HPUs
SLURM auto-requeueing enabled. Setting signal handlers.
Monitored metric train_loss did not improve in the last 171 records. Best score: 0.031. Signaling Trainer to stop.
GPU available: False, used: False
TPU available: False, using: 0 TPU cores
HPU available: False, using: 0 HPUs
SLURM auto-requeueing enabled. Setting signal handlers.
[I 2024-11-01 20:07:21,020] Trial 142 finished with value: 0.26665642857551575 and parameters: {'hidden_dim': 249, 'n_layers': 3, 'dropout': 0.4607908330489328, 'input_chunk_length': 56, 'learning_rate': 0.00011187440494092993, 'batch_size': 32}. Best is trial 0 with value: 0.07914793491363525.
GPU available: False, used: False
TPU available: False, using: 0 TPU cores
HPU available: False, using: 0 HPUs
SLURM auto-requeueing enabled. Setting signal handlers.
Monitored metric train_loss did not improve in the last 172 records. Best score: 0.031. Signaling Trainer to stop.
GPU available: False, used: False
TPU available: False, using: 0 TPU cores
HPU available: False, using: 0 HPUs
SLURM auto-requeueing enabled. Setting signal handlers.
[I 2024-11-01 20:08:06,846] Trial 143 finished with value: 0.27026745676994324 and parameters: {'hidden_dim': 90, 'n_layers': 3, 'dropout': 0.11074340196979297, 'input_chunk_length': 39, 'learning_rate': 0.0005922665720743269, 'batch_size': 32}. Best is trial 0 with value: 0.07914793491363525.
GPU available: False, used: False
TPU available: False, using: 0 TPU cores
HPU available: False, using: 0 HPUs
SLURM auto-requeueing enabled. Setting signal handlers.
Monitored metric train_loss did not improve in the last 173 records. Best score: 0.031. Signaling Trainer to stop.
GPU available: False, used: False
TPU available: False, using: 0 TPU cores
HPU available: False, using: 0 HPUs
SLURM auto-requeueing enabled. Setting signal handlers.
