[I 2024-11-01 14:16:46,421] Trial 27 finished with value: 0.3049483299255371 and parameters: {'hidden_dim': 104, 'n_layers': 3, 'dropout': 0.27847521767549305, 'input_chunk_length': 23, 'learning_rate': 0.0017925363031827553, 'batch_size': 64}. Best is trial 0 with value: 0.08160930126905441.
GPU available: False, used: False
TPU available: False, using: 0 TPU cores
HPU available: False, using: 0 HPUs
SLURM auto-requeueing enabled. Setting signal handlers.
Monitored metric train_loss did not improve in the last 57 records. Best score: 0.038. Signaling Trainer to stop.
GPU available: False, used: False
TPU available: False, using: 0 TPU cores
HPU available: False, using: 0 HPUs
SLURM auto-requeueing enabled. Setting signal handlers.
[I 2024-11-01 14:17:18,865] Trial 28 finished with value: 0.30470559000968933 and parameters: {'hidden_dim': 183, 'n_layers': 4, 'dropout': 0.3947087098098699, 'input_chunk_length': 12, 'learning_rate': 0.000636186538311638, 'batch_size': 64}. Best is trial 0 with value: 0.08160930126905441.
GPU available: False, used: False
TPU available: False, using: 0 TPU cores
HPU available: False, using: 0 HPUs
SLURM auto-requeueing enabled. Setting signal handlers.
Monitored metric train_loss did not improve in the last 58 records. Best score: 0.038. Signaling Trainer to stop.
GPU available: False, used: False
TPU available: False, using: 0 TPU cores
HPU available: False, using: 0 HPUs
SLURM auto-requeueing enabled. Setting signal handlers.
[I 2024-11-01 14:18:19,115] Trial 29 finished with value: 0.35089802742004395 and parameters: {'hidden_dim': 119, 'n_layers': 3, 'dropout': 0.331997403954248, 'input_chunk_length': 61, 'learning_rate': 0.000268575965170523, 'batch_size': 64}. Best is trial 0 with value: 0.08160930126905441.
GPU available: False, used: False
TPU available: False, using: 0 TPU cores
HPU available: False, using: 0 HPUs
SLURM auto-requeueing enabled. Setting signal handlers.
Monitored metric train_loss did not improve in the last 59 records. Best score: 0.038. Signaling Trainer to stop.
GPU available: False, used: False
TPU available: False, using: 0 TPU cores
HPU available: False, using: 0 HPUs
SLURM auto-requeueing enabled. Setting signal handlers.
[I 2024-11-01 14:19:09,219] Trial 30 finished with value: 0.21425217390060425 and parameters: {'hidden_dim': 207, 'n_layers': 2, 'dropout': 0.39153809786176214, 'input_chunk_length': 26, 'learning_rate': 0.0009503919265036172, 'batch_size': 64}. Best is trial 0 with value: 0.08160930126905441.
GPU available: False, used: False
TPU available: False, using: 0 TPU cores
HPU available: False, using: 0 HPUs
SLURM auto-requeueing enabled. Setting signal handlers.
Monitored metric train_loss did not improve in the last 60 records. Best score: 0.038. Signaling Trainer to stop.
GPU available: False, used: False
TPU available: False, using: 0 TPU cores
HPU available: False, using: 0 HPUs
SLURM auto-requeueing enabled. Setting signal handlers.
[I 2024-11-01 14:19:58,789] Trial 31 finished with value: 0.23905417323112488 and parameters: {'hidden_dim': 211, 'n_layers': 2, 'dropout': 0.39509316970194586, 'input_chunk_length': 25, 'learning_rate': 0.0011601952551136584, 'batch_size': 64}. Best is trial 0 with value: 0.08160930126905441.
GPU available: False, used: False
TPU available: False, using: 0 TPU cores
HPU available: False, using: 0 HPUs
SLURM auto-requeueing enabled. Setting signal handlers.
Monitored metric train_loss did not improve in the last 61 records. Best score: 0.038. Signaling Trainer to stop.
GPU available: False, used: False
TPU available: False, using: 0 TPU cores
HPU available: False, using: 0 HPUs
SLURM auto-requeueing enabled. Setting signal handlers.
[I 2024-11-01 14:20:55,550] Trial 32 finished with value: 0.29122960567474365 and parameters: {'hidden_dim': 202, 'n_layers': 1, 'dropout': 0.4489398933789384, 'input_chunk_length': 38, 'learning_rate': 0.0026041487344009837, 'batch_size': 64}. Best is trial 0 with value: 0.08160930126905441.
GPU available: False, used: False
TPU available: False, using: 0 TPU cores
HPU available: False, using: 0 HPUs
SLURM auto-requeueing enabled. Setting signal handlers.
Monitored metric train_loss did not improve in the last 62 records. Best score: 0.038. Signaling Trainer to stop.
GPU available: False, used: False
TPU available: False, using: 0 TPU cores
HPU available: False, using: 0 HPUs
SLURM auto-requeueing enabled. Setting signal handlers.
[I 2024-11-01 14:21:26,405] Trial 33 finished with value: 0.34071213006973267 and parameters: {'hidden_dim': 225, 'n_layers': 1, 'dropout': 0.35464874464442864, 'input_chunk_length': 11, 'learning_rate': 0.005859869111183328, 'batch_size': 64}. Best is trial 0 with value: 0.08160930126905441.
GPU available: False, used: False
TPU available: False, using: 0 TPU cores
HPU available: False, using: 0 HPUs
SLURM auto-requeueing enabled. Setting signal handlers.
Monitored metric train_loss did not improve in the last 63 records. Best score: 0.038. Signaling Trainer to stop.
GPU available: False, used: False
TPU available: False, using: 0 TPU cores
HPU available: False, using: 0 HPUs
SLURM auto-requeueing enabled. Setting signal handlers.
[I 2024-11-01 14:22:22,979] Trial 34 finished with value: 0.21572713553905487 and parameters: {'hidden_dim': 153, 'n_layers': 2, 'dropout': 0.30050406748677105, 'input_chunk_length': 46, 'learning_rate': 0.0009702909186673431, 'batch_size': 64}. Best is trial 0 with value: 0.08160930126905441.
GPU available: False, used: False
TPU available: False, using: 0 TPU cores
HPU available: False, using: 0 HPUs
SLURM auto-requeueing enabled. Setting signal handlers.
Monitored metric train_loss did not improve in the last 64 records. Best score: 0.038. Signaling Trainer to stop.
GPU available: False, used: False
TPU available: False, using: 0 TPU cores
HPU available: False, using: 0 HPUs
SLURM auto-requeueing enabled. Setting signal handlers.
[I 2024-11-01 14:23:23,365] Trial 35 finished with value: 0.33300626277923584 and parameters: {'hidden_dim': 161, 'n_layers': 1, 'dropout': 0.2924657636255002, 'input_chunk_length': 50, 'learning_rate': 0.0010155350154975103, 'batch_size': 64}. Best is trial 0 with value: 0.08160930126905441.
GPU available: False, used: False
TPU available: False, using: 0 TPU cores
HPU available: False, using: 0 HPUs
SLURM auto-requeueing enabled. Setting signal handlers.
Monitored metric train_loss did not improve in the last 65 records. Best score: 0.038. Signaling Trainer to stop.
GPU available: False, used: False
TPU available: False, using: 0 TPU cores
HPU available: False, using: 0 HPUs
SLURM auto-requeueing enabled. Setting signal handlers.
[I 2024-11-01 14:24:46,799] Trial 36 finished with value: 0.30495181679725647 and parameters: {'hidden_dim': 176, 'n_layers': 2, 'dropout': 0.2463824125355801, 'input_chunk_length': 69, 'learning_rate': 0.0004230274814019321, 'batch_size': 64}. Best is trial 0 with value: 0.08160930126905441.
GPU available: False, used: False
TPU available: False, using: 0 TPU cores
HPU available: False, using: 0 HPUs
SLURM auto-requeueing enabled. Setting signal handlers.
Monitored metric train_loss did not improve in the last 66 records. Best score: 0.038. Signaling Trainer to stop.
GPU available: False, used: False
TPU available: False, using: 0 TPU cores
HPU available: False, using: 0 HPUs
SLURM auto-requeueing enabled. Setting signal handlers.
[I 2024-11-01 14:26:04,626] Trial 37 finished with value: 0.22571878135204315 and parameters: {'hidden_dim': 235, 'n_layers': 1, 'dropout': 0.30869626968929664, 'input_chunk_length': 44, 'learning_rate': 0.000649297165074165, 'batch_size': 64}. Best is trial 0 with value: 0.08160930126905441.
GPU available: False, used: False
TPU available: False, using: 0 TPU cores
HPU available: False, using: 0 HPUs
SLURM auto-requeueing enabled. Setting signal handlers.
Monitored metric train_loss did not improve in the last 67 records. Best score: 0.038. Signaling Trainer to stop.
GPU available: False, used: False
TPU available: False, using: 0 TPU cores
HPU available: False, using: 0 HPUs
SLURM auto-requeueing enabled. Setting signal handlers.
[I 2024-11-01 14:26:48,216] Trial 38 finished with value: 0.3326200842857361 and parameters: {'hidden_dim': 127, 'n_layers': 2, 'dropout': 0.2441646385082772, 'input_chunk_length': 37, 'learning_rate': 9.044437407751213e-05, 'batch_size': 64}. Best is trial 0 with value: 0.08160930126905441.
GPU available: False, used: False
TPU available: False, using: 0 TPU cores
HPU available: False, using: 0 HPUs
SLURM auto-requeueing enabled. Setting signal handlers.
Monitored metric train_loss did not improve in the last 68 records. Best score: 0.038. Signaling Trainer to stop.
GPU available: False, used: False
TPU available: False, using: 0 TPU cores
HPU available: False, using: 0 HPUs
SLURM auto-requeueing enabled. Setting signal handlers.
[I 2024-11-01 14:27:31,097] Trial 39 finished with value: 0.32917463779449463 and parameters: {'hidden_dim': 155, 'n_layers': 1, 'dropout': 0.37698983482223875, 'input_chunk_length': 32, 'learning_rate': 0.00029649236958223876, 'batch_size': 64}. Best is trial 0 with value: 0.08160930126905441.
GPU available: False, used: False
TPU available: False, using: 0 TPU cores
HPU available: False, using: 0 HPUs
SLURM auto-requeueing enabled. Setting signal handlers.
Monitored metric train_loss did not improve in the last 69 records. Best score: 0.038. Signaling Trainer to stop.
GPU available: False, used: False
TPU available: False, using: 0 TPU cores
HPU available: False, using: 0 HPUs
SLURM auto-requeueing enabled. Setting signal handlers.
[I 2024-11-01 14:29:32,160] Trial 40 finished with value: 0.22596955299377441 and parameters: {'hidden_dim': 255, 'n_layers': 4, 'dropout': 0.34562380937333903, 'input_chunk_length': 57, 'learning_rate': 0.0011028473632082917, 'batch_size': 64}. Best is trial 0 with value: 0.08160930126905441.
GPU available: False, used: False
TPU available: False, using: 0 TPU cores
HPU available: False, using: 0 HPUs
SLURM auto-requeueing enabled. Setting signal handlers.
Monitored metric train_loss did not improve in the last 70 records. Best score: 0.038. Signaling Trainer to stop.
GPU available: False, used: False
TPU available: False, using: 0 TPU cores
HPU available: False, using: 0 HPUs
SLURM auto-requeueing enabled. Setting signal handlers.
[I 2024-11-01 14:30:43,187] Trial 41 finished with value: 0.21895712614059448 and parameters: {'hidden_dim': 233, 'n_layers': 1, 'dropout': 0.30207221668060347, 'input_chunk_length': 43, 'learning_rate': 0.000558784001844593, 'batch_size': 64}. Best is trial 0 with value: 0.08160930126905441.
GPU available: False, used: False
TPU available: False, using: 0 TPU cores
HPU available: False, using: 0 HPUs
SLURM auto-requeueing enabled. Setting signal handlers.
Monitored metric train_loss did not improve in the last 71 records. Best score: 0.038. Signaling Trainer to stop.
GPU available: False, used: False
TPU available: False, using: 0 TPU cores
HPU available: False, using: 0 HPUs
SLURM auto-requeueing enabled. Setting signal handlers.
[I 2024-11-01 14:32:05,083] Trial 42 finished with value: 0.19440820813179016 and parameters: {'hidden_dim': 243, 'n_layers': 1, 'dropout': 0.29218397243031463, 'input_chunk_length': 47, 'learning_rate': 0.0005616246829960403, 'batch_size': 64}. Best is trial 0 with value: 0.08160930126905441.
GPU available: False, used: False
TPU available: False, using: 0 TPU cores
HPU available: False, using: 0 HPUs
SLURM auto-requeueing enabled. Setting signal handlers.
Monitored metric train_loss did not improve in the last 72 records. Best score: 0.038. Signaling Trainer to stop.
GPU available: False, used: False
TPU available: False, using: 0 TPU cores
HPU available: False, using: 0 HPUs
SLURM auto-requeueing enabled. Setting signal handlers.
[I 2024-11-01 14:33:04,943] Trial 43 finished with value: 0.2860519587993622 and parameters: {'hidden_dim': 244, 'n_layers': 1, 'dropout': 0.21260989846569833, 'input_chunk_length': 28, 'learning_rate': 0.0005302179545181962, 'batch_size': 64}. Best is trial 0 with value: 0.08160930126905441.
GPU available: False, used: False
TPU available: False, using: 0 TPU cores
HPU available: False, using: 0 HPUs
SLURM auto-requeueing enabled. Setting signal handlers.
Monitored metric train_loss did not improve in the last 73 records. Best score: 0.038. Signaling Trainer to stop.
GPU available: False, used: False
TPU available: False, using: 0 TPU cores
HPU available: False, using: 0 HPUs
SLURM auto-requeueing enabled. Setting signal handlers.
[I 2024-11-01 14:34:06,400] Trial 44 finished with value: 0.24520651996135712 and parameters: {'hidden_dim': 232, 'n_layers': 1, 'dropout': 0.15984911195989415, 'input_chunk_length': 36, 'learning_rate': 0.0002582275036121347, 'batch_size': 64}. Best is trial 0 with value: 0.08160930126905441.
GPU available: False, used: False
TPU available: False, using: 0 TPU cores
HPU available: False, using: 0 HPUs
SLURM auto-requeueing enabled. Setting signal handlers.
Monitored metric train_loss did not improve in the last 74 records. Best score: 0.038. Signaling Trainer to stop.
GPU available: False, used: False
TPU available: False, using: 0 TPU cores
HPU available: False, using: 0 HPUs
SLURM auto-requeueing enabled. Setting signal handlers.
[I 2024-11-01 14:35:37,732] Trial 45 finished with value: 0.17529752850532532 and parameters: {'hidden_dim': 201, 'n_layers': 1, 'dropout': 0.29096996192386226, 'input_chunk_length': 68, 'learning_rate': 0.0008674072085594602, 'batch_size': 64}. Best is trial 0 with value: 0.08160930126905441.
GPU available: False, used: False
TPU available: False, using: 0 TPU cores
HPU available: False, using: 0 HPUs
SLURM auto-requeueing enabled. Setting signal handlers.
Monitored metric train_loss did not improve in the last 75 records. Best score: 0.038. Signaling Trainer to stop.
GPU available: False, used: False
TPU available: False, using: 0 TPU cores
HPU available: False, using: 0 HPUs
SLURM auto-requeueing enabled. Setting signal handlers.
[I 2024-11-01 14:37:23,951] Trial 46 finished with value: 0.3034327030181885 and parameters: {'hidden_dim': 198, 'n_layers': 2, 'dropout': 0.18704690524067197, 'input_chunk_length': 76, 'learning_rate': 0.0009654802643847968, 'batch_size': 64}. Best is trial 0 with value: 0.08160930126905441.
GPU available: False, used: False
TPU available: False, using: 0 TPU cores
HPU available: False, using: 0 HPUs
SLURM auto-requeueing enabled. Setting signal handlers.
Monitored metric train_loss did not improve in the last 76 records. Best score: 0.038. Signaling Trainer to stop.
GPU available: False, used: False
TPU available: False, using: 0 TPU cores
HPU available: False, using: 0 HPUs
SLURM auto-requeueing enabled. Setting signal handlers.
[I 2024-11-01 14:39:10,129] Trial 47 finished with value: 0.28289103507995605 and parameters: {'hidden_dim': 217, 'n_layers': 1, 'dropout': 0.26361686357756364, 'input_chunk_length': 70, 'learning_rate': 0.0004080219037456889, 'batch_size': 32}. Best is trial 0 with value: 0.08160930126905441.
GPU available: False, used: False
TPU available: False, using: 0 TPU cores
HPU available: False, using: 0 HPUs
SLURM auto-requeueing enabled. Setting signal handlers.
Monitored metric train_loss did not improve in the last 77 records. Best score: 0.038. Signaling Trainer to stop.
GPU available: False, used: False
TPU available: False, using: 0 TPU cores
HPU available: False, using: 0 HPUs
SLURM auto-requeueing enabled. Setting signal handlers.
[I 2024-11-01 14:41:34,823] Trial 48 finished with value: 0.2692260146141052 and parameters: {'hidden_dim': 245, 'n_layers': 2, 'dropout': 0.2875818835867694, 'input_chunk_length': 82, 'learning_rate': 0.00016126173040023826, 'batch_size': 64}. Best is trial 0 with value: 0.08160930126905441.
GPU available: False, used: False
TPU available: False, using: 0 TPU cores
HPU available: False, using: 0 HPUs
SLURM auto-requeueing enabled. Setting signal handlers.
Monitored metric train_loss did not improve in the last 78 records. Best score: 0.038. Signaling Trainer to stop.
GPU available: False, used: False
TPU available: False, using: 0 TPU cores
HPU available: False, using: 0 HPUs
SLURM auto-requeueing enabled. Setting signal handlers.
[I 2024-11-01 14:42:53,205] Trial 49 finished with value: 0.3521050810813904 and parameters: {'hidden_dim': 203, 'n_layers': 1, 'dropout': 0.11173987535114577, 'input_chunk_length': 55, 'learning_rate': 0.00010723284350418653, 'batch_size': 64}. Best is trial 0 with value: 0.08160930126905441.
GPU available: False, used: False
TPU available: False, using: 0 TPU cores
HPU available: False, using: 0 HPUs
SLURM auto-requeueing enabled. Setting signal handlers.
Monitored metric train_loss did not improve in the last 79 records. Best score: 0.038. Signaling Trainer to stop.
GPU available: False, used: False
TPU available: False, using: 0 TPU cores
HPU available: False, using: 0 HPUs
SLURM auto-requeueing enabled. Setting signal handlers.
[I 2024-11-01 14:43:33,375] Trial 50 finished with value: 0.3149171471595764 and parameters: {'hidden_dim': 190, 'n_layers': 2, 'dropout': 0.23995760494307336, 'input_chunk_length': 15, 'learning_rate': 0.0015264973068782168, 'batch_size': 32}. Best is trial 0 with value: 0.08160930126905441.
GPU available: False, used: False
TPU available: False, using: 0 TPU cores
HPU available: False, using: 0 HPUs
SLURM auto-requeueing enabled. Setting signal handlers.
Monitored metric train_loss did not improve in the last 80 records. Best score: 0.038. Signaling Trainer to stop.
GPU available: False, used: False
TPU available: False, using: 0 TPU cores
HPU available: False, using: 0 HPUs
SLURM auto-requeueing enabled. Setting signal handlers.
[I 2024-11-01 14:45:10,152] Trial 51 finished with value: 0.23550942540168762 and parameters: {'hidden_dim': 226, 'n_layers': 1, 'dropout': 0.3028121035638723, 'input_chunk_length': 65, 'learning_rate': 0.00051179664970239, 'batch_size': 64}. Best is trial 0 with value: 0.08160930126905441.
GPU available: False, used: False
TPU available: False, using: 0 TPU cores
HPU available: False, using: 0 HPUs
SLURM auto-requeueing enabled. Setting signal handlers.
Monitored metric train_loss did not improve in the last 81 records. Best score: 0.038. Signaling Trainer to stop.
GPU available: False, used: False
TPU available: False, using: 0 TPU cores
HPU available: False, using: 0 HPUs
SLURM auto-requeueing enabled. Setting signal handlers.
[I 2024-11-01 14:46:25,500] Trial 52 finished with value: 0.34217312932014465 and parameters: {'hidden_dim': 238, 'n_layers': 1, 'dropout': 0.26196613502151156, 'input_chunk_length': 43, 'learning_rate': 5.553203064777979e-05, 'batch_size': 64}. Best is trial 0 with value: 0.08160930126905441.
GPU available: False, used: False
TPU available: False, using: 0 TPU cores
HPU available: False, using: 0 HPUs
SLURM auto-requeueing enabled. Setting signal handlers.
Monitored metric train_loss did not improve in the last 82 records. Best score: 0.038. Signaling Trainer to stop.
GPU available: False, used: False
TPU available: False, using: 0 TPU cores
HPU available: False, using: 0 HPUs
SLURM auto-requeueing enabled. Setting signal handlers.
[I 2024-11-01 14:47:52,481] Trial 53 finished with value: 0.22138391435146332 and parameters: {'hidden_dim': 222, 'n_layers': 1, 'dropout': 0.337217337462416, 'input_chunk_length': 54, 'learning_rate': 0.0008313229008920421, 'batch_size': 64}. Best is trial 0 with value: 0.08160930126905441.
GPU available: False, used: False
TPU available: False, using: 0 TPU cores
HPU available: False, using: 0 HPUs
SLURM auto-requeueing enabled. Setting signal handlers.
Monitored metric train_loss did not improve in the last 83 records. Best score: 0.038. Signaling Trainer to stop.
GPU available: False, used: False
TPU available: False, using: 0 TPU cores
HPU available: False, using: 0 HPUs
SLURM auto-requeueing enabled. Setting signal handlers.
[I 2024-11-01 14:49:10,531] Trial 54 finished with value: 0.1930190473794937 and parameters: {'hidden_dim': 211, 'n_layers': 1, 'dropout': 0.37352398433502565, 'input_chunk_length': 46, 'learning_rate': 0.0021358883266156033, 'batch_size': 64}. Best is trial 0 with value: 0.08160930126905441.
GPU available: False, used: False
TPU available: False, using: 0 TPU cores
HPU available: False, using: 0 HPUs
SLURM auto-requeueing enabled. Setting signal handlers.
Monitored metric train_loss did not improve in the last 84 records. Best score: 0.038. Signaling Trainer to stop.
GPU available: False, used: False
TPU available: False, using: 0 TPU cores
HPU available: False, using: 0 HPUs
SLURM auto-requeueing enabled. Setting signal handlers.
[I 2024-11-01 14:50:24,162] Trial 55 finished with value: 0.21538273990154266 and parameters: {'hidden_dim': 208, 'n_layers': 2, 'dropout': 0.3579907274944357, 'input_chunk_length': 47, 'learning_rate': 0.0018606428066261502, 'batch_size': 64}. Best is trial 0 with value: 0.08160930126905441.
GPU available: False, used: False
TPU available: False, using: 0 TPU cores
HPU available: False, using: 0 HPUs
SLURM auto-requeueing enabled. Setting signal handlers.
Monitored metric train_loss did not improve in the last 85 records. Best score: 0.038. Signaling Trainer to stop.
GPU available: False, used: False
TPU available: False, using: 0 TPU cores
HPU available: False, using: 0 HPUs
SLURM auto-requeueing enabled. Setting signal handlers.
