[I 2024-11-02 00:38:44,494] Trial 260 finished with value: 0.28280532360076904 and parameters: {'hidden_dim': 111, 'n_layers': 3, 'dropout': 0.27084226109979714, 'input_chunk_length': 62, 'learning_rate': 0.00034106612556115615, 'batch_size': 32}. Best is trial 0 with value: 0.07914793491363525.
GPU available: False, used: False
TPU available: False, using: 0 TPU cores
HPU available: False, using: 0 HPUs
SLURM auto-requeueing enabled. Setting signal handlers.
Monitored metric train_loss did not improve in the last 290 records. Best score: 0.031. Signaling Trainer to stop.
GPU available: False, used: False
TPU available: False, using: 0 TPU cores
HPU available: False, using: 0 HPUs
SLURM auto-requeueing enabled. Setting signal handlers.
[I 2024-11-02 00:40:32,530] Trial 261 finished with value: 0.23130486905574799 and parameters: {'hidden_dim': 119, 'n_layers': 5, 'dropout': 0.10135969273465464, 'input_chunk_length': 107, 'learning_rate': 0.0004912965646017683, 'batch_size': 32}. Best is trial 0 with value: 0.07914793491363525.
GPU available: False, used: False
TPU available: False, using: 0 TPU cores
HPU available: False, using: 0 HPUs
SLURM auto-requeueing enabled. Setting signal handlers.
Monitored metric train_loss did not improve in the last 291 records. Best score: 0.031. Signaling Trainer to stop.
GPU available: False, used: False
TPU available: False, using: 0 TPU cores
HPU available: False, using: 0 HPUs
SLURM auto-requeueing enabled. Setting signal handlers.
[I 2024-11-02 00:42:24,770] Trial 262 finished with value: 0.23141121864318848 and parameters: {'hidden_dim': 114, 'n_layers': 5, 'dropout': 0.25941050778846075, 'input_chunk_length': 120, 'learning_rate': 0.0005920762924099264, 'batch_size': 32}. Best is trial 0 with value: 0.07914793491363525.
GPU available: False, used: False
TPU available: False, using: 0 TPU cores
HPU available: False, using: 0 HPUs
SLURM auto-requeueing enabled. Setting signal handlers.
Monitored metric train_loss did not improve in the last 292 records. Best score: 0.031. Signaling Trainer to stop.
GPU available: False, used: False
TPU available: False, using: 0 TPU cores
HPU available: False, using: 0 HPUs
SLURM auto-requeueing enabled. Setting signal handlers.
[I 2024-11-02 00:45:04,658] Trial 263 finished with value: 0.17532657086849213 and parameters: {'hidden_dim': 170, 'n_layers': 5, 'dropout': 0.2438755572306872, 'input_chunk_length': 114, 'learning_rate': 0.0013688264664341462, 'batch_size': 32}. Best is trial 0 with value: 0.07914793491363525.
GPU available: False, used: False
TPU available: False, using: 0 TPU cores
HPU available: False, using: 0 HPUs
SLURM auto-requeueing enabled. Setting signal handlers.
Monitored metric train_loss did not improve in the last 293 records. Best score: 0.031. Signaling Trainer to stop.
GPU available: False, used: False
TPU available: False, using: 0 TPU cores
HPU available: False, using: 0 HPUs
SLURM auto-requeueing enabled. Setting signal handlers.
[I 2024-11-02 00:47:37,811] Trial 264 finished with value: 0.18903954327106476 and parameters: {'hidden_dim': 170, 'n_layers': 5, 'dropout': 0.2619875728700302, 'input_chunk_length': 115, 'learning_rate': 0.0013846868654896238, 'batch_size': 32}. Best is trial 0 with value: 0.07914793491363525.
GPU available: False, used: False
TPU available: False, using: 0 TPU cores
HPU available: False, using: 0 HPUs
SLURM auto-requeueing enabled. Setting signal handlers.
Monitored metric train_loss did not improve in the last 294 records. Best score: 0.031. Signaling Trainer to stop.
GPU available: False, used: False
TPU available: False, using: 0 TPU cores
HPU available: False, using: 0 HPUs
SLURM auto-requeueing enabled. Setting signal handlers.
[I 2024-11-02 00:50:13,564] Trial 265 finished with value: 0.22286421060562134 and parameters: {'hidden_dim': 174, 'n_layers': 5, 'dropout': 0.24317858024515382, 'input_chunk_length': 113, 'learning_rate': 0.0019699541522545235, 'batch_size': 32}. Best is trial 0 with value: 0.07914793491363525.
GPU available: False, used: False
TPU available: False, using: 0 TPU cores
HPU available: False, using: 0 HPUs
SLURM auto-requeueing enabled. Setting signal handlers.
Monitored metric train_loss did not improve in the last 295 records. Best score: 0.031. Signaling Trainer to stop.
GPU available: False, used: False
TPU available: False, using: 0 TPU cores
HPU available: False, using: 0 HPUs
SLURM auto-requeueing enabled. Setting signal handlers.
[I 2024-11-02 00:53:10,284] Trial 266 finished with value: 0.3040478229522705 and parameters: {'hidden_dim': 183, 'n_layers': 5, 'dropout': 0.2771774979010523, 'input_chunk_length': 117, 'learning_rate': 0.0011595474211632672, 'batch_size': 64}. Best is trial 0 with value: 0.07914793491363525.
GPU available: False, used: False
TPU available: False, using: 0 TPU cores
HPU available: False, using: 0 HPUs
SLURM auto-requeueing enabled. Setting signal handlers.
Monitored metric train_loss did not improve in the last 296 records. Best score: 0.031. Signaling Trainer to stop.
GPU available: False, used: False
TPU available: False, using: 0 TPU cores
HPU available: False, using: 0 HPUs
SLURM auto-requeueing enabled. Setting signal handlers.
[I 2024-11-02 00:55:33,011] Trial 267 finished with value: 0.33848410844802856 and parameters: {'hidden_dim': 166, 'n_layers': 5, 'dropout': 0.2680100082535806, 'input_chunk_length': 109, 'learning_rate': 0.001460441115124304, 'batch_size': 32}. Best is trial 0 with value: 0.07914793491363525.
GPU available: False, used: False
TPU available: False, using: 0 TPU cores
HPU available: False, using: 0 HPUs
SLURM auto-requeueing enabled. Setting signal handlers.
Monitored metric train_loss did not improve in the last 297 records. Best score: 0.031. Signaling Trainer to stop.
GPU available: False, used: False
TPU available: False, using: 0 TPU cores
HPU available: False, using: 0 HPUs
SLURM auto-requeueing enabled. Setting signal handlers.
[I 2024-11-02 00:58:13,484] Trial 268 finished with value: 0.3030663728713989 and parameters: {'hidden_dim': 177, 'n_layers': 5, 'dropout': 0.248593009202905, 'input_chunk_length': 112, 'learning_rate': 0.001750674476572171, 'batch_size': 32}. Best is trial 0 with value: 0.07914793491363525.
GPU available: False, used: False
TPU available: False, using: 0 TPU cores
HPU available: False, using: 0 HPUs
SLURM auto-requeueing enabled. Setting signal handlers.
Monitored metric train_loss did not improve in the last 298 records. Best score: 0.031. Signaling Trainer to stop.
GPU available: False, used: False
TPU available: False, using: 0 TPU cores
HPU available: False, using: 0 HPUs
SLURM auto-requeueing enabled. Setting signal handlers.
[I 2024-11-02 01:00:26,649] Trial 269 finished with value: 0.14849825203418732 and parameters: {'hidden_dim': 162, 'n_layers': 5, 'dropout': 0.23687079227668378, 'input_chunk_length': 104, 'learning_rate': 0.0012638445870406317, 'batch_size': 32}. Best is trial 0 with value: 0.07914793491363525.
GPU available: False, used: False
TPU available: False, using: 0 TPU cores
HPU available: False, using: 0 HPUs
SLURM auto-requeueing enabled. Setting signal handlers.
Monitored metric train_loss did not improve in the last 299 records. Best score: 0.031. Signaling Trainer to stop.
GPU available: False, used: False
TPU available: False, using: 0 TPU cores
HPU available: False, using: 0 HPUs
SLURM auto-requeueing enabled. Setting signal handlers.
[I 2024-11-02 01:02:42,436] Trial 270 finished with value: 0.22526980936527252 and parameters: {'hidden_dim': 159, 'n_layers': 5, 'dropout': 0.2404031871640691, 'input_chunk_length': 103, 'learning_rate': 0.0013195079527969498, 'batch_size': 32}. Best is trial 0 with value: 0.07914793491363525.
GPU available: False, used: False
TPU available: False, using: 0 TPU cores
HPU available: False, using: 0 HPUs
SLURM auto-requeueing enabled. Setting signal handlers.
Monitored metric train_loss did not improve in the last 300 records. Best score: 0.031. Signaling Trainer to stop.
GPU available: False, used: False
TPU available: False, using: 0 TPU cores
HPU available: False, using: 0 HPUs
SLURM auto-requeueing enabled. Setting signal handlers.
[I 2024-11-02 01:04:57,437] Trial 271 finished with value: 0.20347701013088226 and parameters: {'hidden_dim': 167, 'n_layers': 5, 'dropout': 0.21995658215939412, 'input_chunk_length': 99, 'learning_rate': 0.0010680781604374592, 'batch_size': 32}. Best is trial 0 with value: 0.07914793491363525.
GPU available: False, used: False
TPU available: False, using: 0 TPU cores
HPU available: False, using: 0 HPUs
SLURM auto-requeueing enabled. Setting signal handlers.
Monitored metric train_loss did not improve in the last 301 records. Best score: 0.031. Signaling Trainer to stop.
GPU available: False, used: False
TPU available: False, using: 0 TPU cores
HPU available: False, using: 0 HPUs
SLURM auto-requeueing enabled. Setting signal handlers.
[I 2024-11-02 01:07:11,374] Trial 272 finished with value: 0.28997763991355896 and parameters: {'hidden_dim': 164, 'n_layers': 5, 'dropout': 0.2559877212215205, 'input_chunk_length': 104, 'learning_rate': 0.0011400457269912817, 'batch_size': 32}. Best is trial 0 with value: 0.07914793491363525.
GPU available: False, used: False
TPU available: False, using: 0 TPU cores
HPU available: False, using: 0 HPUs
SLURM auto-requeueing enabled. Setting signal handlers.
Monitored metric train_loss did not improve in the last 302 records. Best score: 0.031. Signaling Trainer to stop.
GPU available: False, used: False
TPU available: False, using: 0 TPU cores
HPU available: False, using: 0 HPUs
SLURM auto-requeueing enabled. Setting signal handlers.
[I 2024-11-02 01:09:23,562] Trial 273 finished with value: 0.17264439165592194 and parameters: {'hidden_dim': 155, 'n_layers': 5, 'dropout': 0.2377390432204461, 'input_chunk_length': 106, 'learning_rate': 0.0015648125864212773, 'batch_size': 32}. Best is trial 0 with value: 0.07914793491363525.
GPU available: False, used: False
TPU available: False, using: 0 TPU cores
HPU available: False, using: 0 HPUs
SLURM auto-requeueing enabled. Setting signal handlers.
Monitored metric train_loss did not improve in the last 303 records. Best score: 0.031. Signaling Trainer to stop.
GPU available: False, used: False
TPU available: False, using: 0 TPU cores
HPU available: False, using: 0 HPUs
SLURM auto-requeueing enabled. Setting signal handlers.
[I 2024-11-02 01:10:01,402] Trial 274 finished with value: 0.15965640544891357 and parameters: {'hidden_dim': 162, 'n_layers': 5, 'dropout': 0.23707617660467534, 'input_chunk_length': 12, 'learning_rate': 0.0016900233887866027, 'batch_size': 32}. Best is trial 0 with value: 0.07914793491363525.
GPU available: False, used: False
TPU available: False, using: 0 TPU cores
HPU available: False, using: 0 HPUs
SLURM auto-requeueing enabled. Setting signal handlers.
Monitored metric train_loss did not improve in the last 304 records. Best score: 0.031. Signaling Trainer to stop.
GPU available: False, used: False
TPU available: False, using: 0 TPU cores
HPU available: False, using: 0 HPUs
SLURM auto-requeueing enabled. Setting signal handlers.
[I 2024-11-02 01:12:08,574] Trial 275 finished with value: 0.17809008061885834 and parameters: {'hidden_dim': 156, 'n_layers': 5, 'dropout': 0.23377229497361232, 'input_chunk_length': 101, 'learning_rate': 0.0021844293296696253, 'batch_size': 32}. Best is trial 0 with value: 0.07914793491363525.
GPU available: False, used: False
TPU available: False, using: 0 TPU cores
HPU available: False, using: 0 HPUs
SLURM auto-requeueing enabled. Setting signal handlers.
Monitored metric train_loss did not improve in the last 305 records. Best score: 0.031. Signaling Trainer to stop.
GPU available: False, used: False
TPU available: False, using: 0 TPU cores
HPU available: False, using: 0 HPUs
SLURM auto-requeueing enabled. Setting signal handlers.
[I 2024-11-02 01:14:21,782] Trial 276 finished with value: 0.19892802834510803 and parameters: {'hidden_dim': 161, 'n_layers': 5, 'dropout': 0.22451897436385412, 'input_chunk_length': 106, 'learning_rate': 0.0016404204616478298, 'batch_size': 32}. Best is trial 0 with value: 0.07914793491363525.
GPU available: False, used: False
TPU available: False, using: 0 TPU cores
HPU available: False, using: 0 HPUs
SLURM auto-requeueing enabled. Setting signal handlers.
Monitored metric train_loss did not improve in the last 306 records. Best score: 0.031. Signaling Trainer to stop.
GPU available: False, used: False
TPU available: False, using: 0 TPU cores
HPU available: False, using: 0 HPUs
SLURM auto-requeueing enabled. Setting signal handlers.
[I 2024-11-02 01:16:13,996] Trial 277 finished with value: 0.2890690863132477 and parameters: {'hidden_dim': 149, 'n_layers': 2, 'dropout': 0.23640226063722886, 'input_chunk_length': 105, 'learning_rate': 0.0018098841817366536, 'batch_size': 32}. Best is trial 0 with value: 0.07914793491363525.
GPU available: False, used: False
TPU available: False, using: 0 TPU cores
HPU available: False, using: 0 HPUs
SLURM auto-requeueing enabled. Setting signal handlers.
Monitored metric train_loss did not improve in the last 307 records. Best score: 0.031. Signaling Trainer to stop.
GPU available: False, used: False
TPU available: False, using: 0 TPU cores
HPU available: False, using: 0 HPUs
SLURM auto-requeueing enabled. Setting signal handlers.
[I 2024-11-02 01:16:37,517] Trial 278 finished with value: 0.21639181673526764 and parameters: {'hidden_dim': 161, 'n_layers': 5, 'dropout': 0.2261397799453405, 'input_chunk_length': 4, 'learning_rate': 0.0015960510777902955, 'batch_size': 64}. Best is trial 0 with value: 0.07914793491363525.
GPU available: False, used: False
TPU available: False, using: 0 TPU cores
HPU available: False, using: 0 HPUs
SLURM auto-requeueing enabled. Setting signal handlers.
Monitored metric train_loss did not improve in the last 308 records. Best score: 0.031. Signaling Trainer to stop.
GPU available: False, used: False
TPU available: False, using: 0 TPU cores
HPU available: False, using: 0 HPUs
SLURM auto-requeueing enabled. Setting signal handlers.
[I 2024-11-02 01:18:36,277] Trial 279 finished with value: 0.1452469527721405 and parameters: {'hidden_dim': 154, 'n_layers': 5, 'dropout': 0.25197625883247016, 'input_chunk_length': 94, 'learning_rate': 0.0020232617437142128, 'batch_size': 32}. Best is trial 0 with value: 0.07914793491363525.
GPU available: False, used: False
TPU available: False, using: 0 TPU cores
HPU available: False, using: 0 HPUs
SLURM auto-requeueing enabled. Setting signal handlers.
Monitored metric train_loss did not improve in the last 309 records. Best score: 0.031. Signaling Trainer to stop.
GPU available: False, used: False
TPU available: False, using: 0 TPU cores
HPU available: False, using: 0 HPUs
SLURM auto-requeueing enabled. Setting signal handlers.
[I 2024-11-02 01:19:15,973] Trial 280 finished with value: 0.2745037078857422 and parameters: {'hidden_dim': 153, 'n_layers': 6, 'dropout': 0.2572240965553142, 'input_chunk_length': 14, 'learning_rate': 0.0018151725555265218, 'batch_size': 32}. Best is trial 0 with value: 0.07914793491363525.
GPU available: False, used: False
TPU available: False, using: 0 TPU cores
HPU available: False, using: 0 HPUs
SLURM auto-requeueing enabled. Setting signal handlers.
Monitored metric train_loss did not improve in the last 310 records. Best score: 0.031. Signaling Trainer to stop.
GPU available: False, used: False
TPU available: False, using: 0 TPU cores
HPU available: False, using: 0 HPUs
SLURM auto-requeueing enabled. Setting signal handlers.
[I 2024-11-02 01:19:52,489] Trial 281 finished with value: 0.17640408873558044 and parameters: {'hidden_dim': 154, 'n_layers': 5, 'dropout': 0.24603508882112327, 'input_chunk_length': 12, 'learning_rate': 0.0021353693420987957, 'batch_size': 32}. Best is trial 0 with value: 0.07914793491363525.
GPU available: False, used: False
TPU available: False, using: 0 TPU cores
HPU available: False, using: 0 HPUs
SLURM auto-requeueing enabled. Setting signal handlers.
Monitored metric train_loss did not improve in the last 311 records. Best score: 0.031. Signaling Trainer to stop.
GPU available: False, used: False
TPU available: False, using: 0 TPU cores
HPU available: False, using: 0 HPUs
SLURM auto-requeueing enabled. Setting signal handlers.
[I 2024-11-02 01:20:27,224] Trial 282 finished with value: 0.32302126288414 and parameters: {'hidden_dim': 155, 'n_layers': 5, 'dropout': 0.2961088220335884, 'input_chunk_length': 10, 'learning_rate': 2.9509700538134356e-05, 'batch_size': 32}. Best is trial 0 with value: 0.07914793491363525.
GPU available: False, used: False
TPU available: False, using: 0 TPU cores
HPU available: False, using: 0 HPUs
SLURM auto-requeueing enabled. Setting signal handlers.
Monitored metric train_loss did not improve in the last 312 records. Best score: 0.031. Signaling Trainer to stop.
GPU available: False, used: False
TPU available: False, using: 0 TPU cores
HPU available: False, using: 0 HPUs
SLURM auto-requeueing enabled. Setting signal handlers.
[I 2024-11-02 01:22:27,490] Trial 283 finished with value: 0.3992430567741394 and parameters: {'hidden_dim': 148, 'n_layers': 5, 'dropout': 0.2675196199423875, 'input_chunk_length': 99, 'learning_rate': 0.0012460254894286849, 'batch_size': 32}. Best is trial 0 with value: 0.07914793491363525.
GPU available: False, used: False
TPU available: False, using: 0 TPU cores
HPU available: False, using: 0 HPUs
SLURM auto-requeueing enabled. Setting signal handlers.
Monitored metric train_loss did not improve in the last 313 records. Best score: 0.031. Signaling Trainer to stop.
GPU available: False, used: False
TPU available: False, using: 0 TPU cores
HPU available: False, using: 0 HPUs
SLURM auto-requeueing enabled. Setting signal handlers.
[I 2024-11-02 01:23:58,056] Trial 284 finished with value: 0.18287916481494904 and parameters: {'hidden_dim': 106, 'n_layers': 5, 'dropout': 0.2510951893858105, 'input_chunk_length': 103, 'learning_rate': 0.0014793494222925493, 'batch_size': 32}. Best is trial 0 with value: 0.07914793491363525.
GPU available: False, used: False
TPU available: False, using: 0 TPU cores
HPU available: False, using: 0 HPUs
SLURM auto-requeueing enabled. Setting signal handlers.
Monitored metric train_loss did not improve in the last 314 records. Best score: 0.031. Signaling Trainer to stop.
GPU available: False, used: False
TPU available: False, using: 0 TPU cores
HPU available: False, using: 0 HPUs
SLURM auto-requeueing enabled. Setting signal handlers.
[I 2024-11-02 01:25:58,535] Trial 285 finished with value: 0.15218013525009155 and parameters: {'hidden_dim': 157, 'n_layers': 5, 'dropout': 0.23499002856626178, 'input_chunk_length': 92, 'learning_rate': 0.0023809307230350644, 'batch_size': 32}. Best is trial 0 with value: 0.07914793491363525.
GPU available: False, used: False
TPU available: False, using: 0 TPU cores
HPU available: False, using: 0 HPUs
SLURM auto-requeueing enabled. Setting signal handlers.
Monitored metric train_loss did not improve in the last 315 records. Best score: 0.031. Signaling Trainer to stop.
GPU available: False, used: False
TPU available: False, using: 0 TPU cores
HPU available: False, using: 0 HPUs
SLURM auto-requeueing enabled. Setting signal handlers.
[I 2024-11-02 01:28:02,839] Trial 286 finished with value: 0.28765973448753357 and parameters: {'hidden_dim': 159, 'n_layers': 5, 'dropout': 0.21276642197864384, 'input_chunk_length': 95, 'learning_rate': 0.002340175421105772, 'batch_size': 32}. Best is trial 0 with value: 0.07914793491363525.
GPU available: False, used: False
TPU available: False, using: 0 TPU cores
HPU available: False, using: 0 HPUs
SLURM auto-requeueing enabled. Setting signal handlers.
Monitored metric train_loss did not improve in the last 316 records. Best score: 0.031. Signaling Trainer to stop.
GPU available: False, used: False
TPU available: False, using: 0 TPU cores
HPU available: False, using: 0 HPUs
SLURM auto-requeueing enabled. Setting signal handlers.
[I 2024-11-02 01:30:07,621] Trial 287 finished with value: 0.17265307903289795 and parameters: {'hidden_dim': 157, 'n_layers': 5, 'dropout': 0.23841048386480465, 'input_chunk_length': 97, 'learning_rate': 0.0020081903162942893, 'batch_size': 32}. Best is trial 0 with value: 0.07914793491363525.
GPU available: False, used: False
TPU available: False, using: 0 TPU cores
HPU available: False, using: 0 HPUs
SLURM auto-requeueing enabled. Setting signal handlers.
Monitored metric train_loss did not improve in the last 317 records. Best score: 0.031. Signaling Trainer to stop.
GPU available: False, used: False
TPU available: False, using: 0 TPU cores
HPU available: False, using: 0 HPUs
SLURM auto-requeueing enabled. Setting signal handlers.
[I 2024-11-02 01:32:07,896] Trial 288 finished with value: 0.20232659578323364 and parameters: {'hidden_dim': 157, 'n_layers': 5, 'dropout': 0.233894820647779, 'input_chunk_length': 93, 'learning_rate': 0.0020581387076247714, 'batch_size': 32}. Best is trial 0 with value: 0.07914793491363525.
GPU available: False, used: False
TPU available: False, using: 0 TPU cores
HPU available: False, using: 0 HPUs
SLURM auto-requeueing enabled. Setting signal handlers.
Monitored metric train_loss did not improve in the last 318 records. Best score: 0.031. Signaling Trainer to stop.
GPU available: False, used: False
TPU available: False, using: 0 TPU cores
HPU available: False, using: 0 HPUs
SLURM auto-requeueing enabled. Setting signal handlers.
