GpuFreq=control_disabled
[I 2024-11-04 11:39:55,068] A new study created in memory with name: no-name-b18ecfbb-373f-4619-8654-c4daca6dda40
/pfs/data5/home/tu/tu_tu/tu_zxoul27/micromamba/envs/power/lib/python3.12/site-packages/torch/random.py:167: UserWarning: CUDA reports that you have 4 available devices, and you have used fork_rng without explicitly specifying which devices are being used. For safety, we initialize *every* CUDA device by default, which can be quite slow if you have a lot of CUDAs. If you know that you are only making use of a few CUDA devices, set the environment variable CUDA_VISIBLE_DEVICES or the 'devices' keyword argument of fork_rng with the set of devices you are actually using. For example, if you are using CPU only, set device.upper()_VISIBLE_DEVICES= or devices=[]; if you are using device 0 only, set CUDA_VISIBLE_DEVICES=0 or devices=[0].  To initialize all devices and suppress this warning, set the 'devices' keyword argument to `range(torch.cuda.device_count())`.
  warnings.warn(message)
GPU available: True (cuda), used: True
TPU available: False, using: 0 TPU cores
HPU available: False, using: 0 HPUs
Initializing distributed: GLOBAL_RANK: 0, MEMBER: 1/1
----------------------------------------------------------------------------------------------------
distributed_backend=nccl
All distributed processes registered. Starting with 1 processes
----------------------------------------------------------------------------------------------------

LOCAL_RANK: 0 - CUDA_VISIBLE_DEVICES: [0,1,2,3]
SLURM auto-requeueing enabled. Setting signal handlers.
Metric train_loss improved. New best score: 2.009
Metric train_loss improved by 0.929 >= min_delta = 0.0. New best score: 1.079
Metric train_loss improved by 0.133 >= min_delta = 0.0. New best score: 0.947
Metric train_loss improved by 0.119 >= min_delta = 0.0. New best score: 0.827
Metric train_loss improved by 0.028 >= min_delta = 0.0. New best score: 0.799
Metric train_loss improved by 0.142 >= min_delta = 0.0. New best score: 0.657
Metric train_loss improved by 0.014 >= min_delta = 0.0. New best score: 0.643
Metric train_loss improved by 0.043 >= min_delta = 0.0. New best score: 0.600
Metric train_loss improved by 0.054 >= min_delta = 0.0. New best score: 0.546
Metric train_loss improved by 0.024 >= min_delta = 0.0. New best score: 0.522
Metric train_loss improved by 0.032 >= min_delta = 0.0. New best score: 0.490
Metric train_loss improved by 0.094 >= min_delta = 0.0. New best score: 0.396
Metric train_loss improved by 0.045 >= min_delta = 0.0. New best score: 0.351
Metric train_loss improved by 0.003 >= min_delta = 0.0. New best score: 0.348
Metric train_loss improved by 0.000 >= min_delta = 0.0. New best score: 0.348
Metric train_loss improved by 0.013 >= min_delta = 0.0. New best score: 0.334
Metric train_loss improved by 0.016 >= min_delta = 0.0. New best score: 0.318
Metric train_loss improved by 0.020 >= min_delta = 0.0. New best score: 0.298
Metric train_loss improved by 0.017 >= min_delta = 0.0. New best score: 0.282
Metric train_loss improved by 0.004 >= min_delta = 0.0. New best score: 0.278
Metric train_loss improved by 0.015 >= min_delta = 0.0. New best score: 0.263
Metric train_loss improved by 0.018 >= min_delta = 0.0. New best score: 0.244
Metric train_loss improved by 0.043 >= min_delta = 0.0. New best score: 0.201
Metric train_loss improved by 0.013 >= min_delta = 0.0. New best score: 0.188
Metric train_loss improved by 0.015 >= min_delta = 0.0. New best score: 0.173
Metric train_loss improved by 0.004 >= min_delta = 0.0. New best score: 0.169
Metric train_loss improved by 0.013 >= min_delta = 0.0. New best score: 0.155
`Trainer.fit` stopped: `max_epochs=80` reached.
GPU available: True (cuda), used: True
TPU available: False, using: 0 TPU cores
HPU available: False, using: 0 HPUs
LOCAL_RANK: 0 - CUDA_VISIBLE_DEVICES: [0,1,2,3]
SLURM auto-requeueing enabled. Setting signal handlers.
[I 2024-11-04 11:43:08,294] Trial 0 finished with value: 0.3141607642173767 and parameters: {'hidden_dim': 380, 'n_layers': 1, 'dropout': 0.4608376366879121, 'input_chunk_length': 39, 'learning_rate': 2.231450954644091e-05, 'batch_size': 64}. Best is trial 0 with value: 0.3141607642173767.
GPU available: True (cuda), used: True
TPU available: False, using: 0 TPU cores
HPU available: False, using: 0 HPUs
LOCAL_RANK: 0 - CUDA_VISIBLE_DEVICES: [0,1,2,3]
SLURM auto-requeueing enabled. Setting signal handlers.
Metric train_loss improved by 0.012 >= min_delta = 0.0. New best score: 0.143
Metric train_loss improved by 0.012 >= min_delta = 0.0. New best score: 0.131
Metric train_loss improved by 0.003 >= min_delta = 0.0. New best score: 0.128
Metric train_loss improved by 0.006 >= min_delta = 0.0. New best score: 0.122
Metric train_loss improved by 0.028 >= min_delta = 0.0. New best score: 0.094
Metric train_loss improved by 0.021 >= min_delta = 0.0. New best score: 0.073
`Trainer.fit` stopped: `max_epochs=80` reached.
GPU available: True (cuda), used: True
TPU available: False, using: 0 TPU cores
HPU available: False, using: 0 HPUs
LOCAL_RANK: 0 - CUDA_VISIBLE_DEVICES: [0,1,2,3]
SLURM auto-requeueing enabled. Setting signal handlers.
[I 2024-11-04 11:48:37,291] Trial 1 finished with value: 0.1384694129228592 and parameters: {'hidden_dim': 187, 'n_layers': 5, 'dropout': 0.23577062939639165, 'input_chunk_length': 106, 'learning_rate': 0.0010221548287541633, 'batch_size': 64}. Best is trial 1 with value: 0.1384694129228592.
GPU available: True (cuda), used: True
TPU available: False, using: 0 TPU cores
HPU available: False, using: 0 HPUs
LOCAL_RANK: 0 - CUDA_VISIBLE_DEVICES: [0,1,2,3]
SLURM auto-requeueing enabled. Setting signal handlers.
Monitored metric train_loss did not improve in the last 60 records. Best score: 0.073. Signaling Trainer to stop.
GPU available: True (cuda), used: True
TPU available: False, using: 0 TPU cores
HPU available: False, using: 0 HPUs
LOCAL_RANK: 0 - CUDA_VISIBLE_DEVICES: [0,1,2,3]
SLURM auto-requeueing enabled. Setting signal handlers.
[I 2024-11-04 11:49:23,307] Trial 2 finished with value: 0.31753674149513245 and parameters: {'hidden_dim': 246, 'n_layers': 6, 'dropout': 0.2290416462506234, 'input_chunk_length': 19, 'learning_rate': 1.2981063643720936e-05, 'batch_size': 64}. Best is trial 1 with value: 0.1384694129228592.
GPU available: True (cuda), used: True
TPU available: False, using: 0 TPU cores
HPU available: False, using: 0 HPUs
LOCAL_RANK: 0 - CUDA_VISIBLE_DEVICES: [0,1,2,3]
SLURM auto-requeueing enabled. Setting signal handlers.
Monitored metric train_loss did not improve in the last 61 records. Best score: 0.073. Signaling Trainer to stop.
GPU available: True (cuda), used: True
TPU available: False, using: 0 TPU cores
HPU available: False, using: 0 HPUs
LOCAL_RANK: 0 - CUDA_VISIBLE_DEVICES: [0,1,2,3]
SLURM auto-requeueing enabled. Setting signal handlers.
[I 2024-11-04 11:49:39,209] Trial 3 finished with value: 0.2877766489982605 and parameters: {'hidden_dim': 441, 'n_layers': 3, 'dropout': 0.16067648473036178, 'input_chunk_length': 10, 'learning_rate': 0.00018381174018818497, 'batch_size': 32}. Best is trial 1 with value: 0.1384694129228592.
GPU available: True (cuda), used: True
TPU available: False, using: 0 TPU cores
HPU available: False, using: 0 HPUs
LOCAL_RANK: 0 - CUDA_VISIBLE_DEVICES: [0,1,2,3]
SLURM auto-requeueing enabled. Setting signal handlers.
Monitored metric train_loss did not improve in the last 62 records. Best score: 0.073. Signaling Trainer to stop.
GPU available: True (cuda), used: True
TPU available: False, using: 0 TPU cores
HPU available: False, using: 0 HPUs
LOCAL_RANK: 0 - CUDA_VISIBLE_DEVICES: [0,1,2,3]
SLURM auto-requeueing enabled. Setting signal handlers.
[I 2024-11-04 11:50:08,041] Trial 4 finished with value: 0.4963153898715973 and parameters: {'hidden_dim': 377, 'n_layers': 6, 'dropout': 0.47024390837474517, 'input_chunk_length': 148, 'learning_rate': 0.0016591010674394733, 'batch_size': 64}. Best is trial 1 with value: 0.1384694129228592.
GPU available: True (cuda), used: True
TPU available: False, using: 0 TPU cores
HPU available: False, using: 0 HPUs
LOCAL_RANK: 0 - CUDA_VISIBLE_DEVICES: [0,1,2,3]
SLURM auto-requeueing enabled. Setting signal handlers.
Monitored metric train_loss did not improve in the last 63 records. Best score: 0.073. Signaling Trainer to stop.
GPU available: True (cuda), used: True
TPU available: False, using: 0 TPU cores
HPU available: False, using: 0 HPUs
LOCAL_RANK: 0 - CUDA_VISIBLE_DEVICES: [0,1,2,3]
SLURM auto-requeueing enabled. Setting signal handlers.
[I 2024-11-04 11:50:25,480] Trial 5 finished with value: 0.4295235574245453 and parameters: {'hidden_dim': 188, 'n_layers': 5, 'dropout': 0.005923706075446733, 'input_chunk_length': 60, 'learning_rate': 2.368328190670355e-05, 'batch_size': 32}. Best is trial 1 with value: 0.1384694129228592.
GPU available: True (cuda), used: True
TPU available: False, using: 0 TPU cores
HPU available: False, using: 0 HPUs
LOCAL_RANK: 0 - CUDA_VISIBLE_DEVICES: [0,1,2,3]
SLURM auto-requeueing enabled. Setting signal handlers.
Monitored metric train_loss did not improve in the last 64 records. Best score: 0.073. Signaling Trainer to stop.
GPU available: True (cuda), used: True
TPU available: False, using: 0 TPU cores
HPU available: False, using: 0 HPUs
LOCAL_RANK: 0 - CUDA_VISIBLE_DEVICES: [0,1,2,3]
SLURM auto-requeueing enabled. Setting signal handlers.
[I 2024-11-04 11:50:41,609] Trial 6 finished with value: 0.9926668405532837 and parameters: {'hidden_dim': 224, 'n_layers': 6, 'dropout': 0.014300139847132687, 'input_chunk_length': 53, 'learning_rate': 0.008743070637714396, 'batch_size': 64}. Best is trial 1 with value: 0.1384694129228592.
GPU available: True (cuda), used: True
TPU available: False, using: 0 TPU cores
HPU available: False, using: 0 HPUs
LOCAL_RANK: 0 - CUDA_VISIBLE_DEVICES: [0,1,2,3]
SLURM auto-requeueing enabled. Setting signal handlers.
Monitored metric train_loss did not improve in the last 65 records. Best score: 0.073. Signaling Trainer to stop.
GPU available: True (cuda), used: True
TPU available: False, using: 0 TPU cores
HPU available: False, using: 0 HPUs
LOCAL_RANK: 0 - CUDA_VISIBLE_DEVICES: [0,1,2,3]
SLURM auto-requeueing enabled. Setting signal handlers.
[I 2024-11-04 11:50:59,042] Trial 7 finished with value: 0.4068971872329712 and parameters: {'hidden_dim': 297, 'n_layers': 1, 'dropout': 0.33474752745833763, 'input_chunk_length': 118, 'learning_rate': 2.35707456865107e-05, 'batch_size': 32}. Best is trial 1 with value: 0.1384694129228592.
GPU available: True (cuda), used: True
TPU available: False, using: 0 TPU cores
HPU available: False, using: 0 HPUs
LOCAL_RANK: 0 - CUDA_VISIBLE_DEVICES: [0,1,2,3]
SLURM auto-requeueing enabled. Setting signal handlers.
Monitored metric train_loss did not improve in the last 66 records. Best score: 0.073. Signaling Trainer to stop.
GPU available: True (cuda), used: True
TPU available: False, using: 0 TPU cores
HPU available: False, using: 0 HPUs
LOCAL_RANK: 0 - CUDA_VISIBLE_DEVICES: [0,1,2,3]
SLURM auto-requeueing enabled. Setting signal handlers.
[I 2024-11-04 11:51:15,338] Trial 8 finished with value: 0.3596583604812622 and parameters: {'hidden_dim': 221, 'n_layers': 6, 'dropout': 0.019253509096716914, 'input_chunk_length': 35, 'learning_rate': 0.0003116890238348113, 'batch_size': 32}. Best is trial 1 with value: 0.1384694129228592.
GPU available: True (cuda), used: True
TPU available: False, using: 0 TPU cores
HPU available: False, using: 0 HPUs
LOCAL_RANK: 0 - CUDA_VISIBLE_DEVICES: [0,1,2,3]
SLURM auto-requeueing enabled. Setting signal handlers.
Monitored metric train_loss did not improve in the last 67 records. Best score: 0.073. Signaling Trainer to stop.
GPU available: True (cuda), used: True
TPU available: False, using: 0 TPU cores
HPU available: False, using: 0 HPUs
LOCAL_RANK: 0 - CUDA_VISIBLE_DEVICES: [0,1,2,3]
SLURM auto-requeueing enabled. Setting signal handlers.
[I 2024-11-04 11:51:33,074] Trial 9 finished with value: 0.521037220954895 and parameters: {'hidden_dim': 307, 'n_layers': 3, 'dropout': 0.39897585105412015, 'input_chunk_length': 80, 'learning_rate': 6.765477554498019e-05, 'batch_size': 64}. Best is trial 1 with value: 0.1384694129228592.
GPU available: True (cuda), used: True
TPU available: False, using: 0 TPU cores
HPU available: False, using: 0 HPUs
LOCAL_RANK: 0 - CUDA_VISIBLE_DEVICES: [0,1,2,3]
SLURM auto-requeueing enabled. Setting signal handlers.
Monitored metric train_loss did not improve in the last 68 records. Best score: 0.073. Signaling Trainer to stop.
GPU available: True (cuda), used: True
TPU available: False, using: 0 TPU cores
HPU available: False, using: 0 HPUs
LOCAL_RANK: 0 - CUDA_VISIBLE_DEVICES: [0,1,2,3]
SLURM auto-requeueing enabled. Setting signal handlers.
[I 2024-11-04 11:51:47,785] Trial 10 finished with value: 0.4475135803222656 and parameters: {'hidden_dim': 65, 'n_layers': 4, 'dropout': 0.13951718625369075, 'input_chunk_length': 101, 'learning_rate': 0.0012801404252227148, 'batch_size': 64}. Best is trial 1 with value: 0.1384694129228592.
GPU available: True (cuda), used: True
TPU available: False, using: 0 TPU cores
HPU available: False, using: 0 HPUs
LOCAL_RANK: 0 - CUDA_VISIBLE_DEVICES: [0,1,2,3]
SLURM auto-requeueing enabled. Setting signal handlers.
Monitored metric train_loss did not improve in the last 69 records. Best score: 0.073. Signaling Trainer to stop.
GPU available: True (cuda), used: True
TPU available: False, using: 0 TPU cores
HPU available: False, using: 0 HPUs
LOCAL_RANK: 0 - CUDA_VISIBLE_DEVICES: [0,1,2,3]
SLURM auto-requeueing enabled. Setting signal handlers.
[I 2024-11-04 11:52:08,561] Trial 11 finished with value: 0.318879097700119 and parameters: {'hidden_dim': 444, 'n_layers': 3, 'dropout': 0.19233678163179196, 'input_chunk_length': 112, 'learning_rate': 0.00023705200110413845, 'batch_size': 32}. Best is trial 1 with value: 0.1384694129228592.
GPU available: True (cuda), used: True
TPU available: False, using: 0 TPU cores
HPU available: False, using: 0 HPUs
LOCAL_RANK: 0 - CUDA_VISIBLE_DEVICES: [0,1,2,3]
SLURM auto-requeueing enabled. Setting signal handlers.
Monitored metric train_loss did not improve in the last 70 records. Best score: 0.073. Signaling Trainer to stop.
GPU available: True (cuda), used: True
TPU available: False, using: 0 TPU cores
HPU available: False, using: 0 HPUs
LOCAL_RANK: 0 - CUDA_VISIBLE_DEVICES: [0,1,2,3]
SLURM auto-requeueing enabled. Setting signal handlers.
[I 2024-11-04 11:52:28,846] Trial 12 finished with value: 0.32661542296409607 and parameters: {'hidden_dim': 500, 'n_layers': 4, 'dropout': 0.12576554852151084, 'input_chunk_length': 80, 'learning_rate': 0.0013681232636956195, 'batch_size': 32}. Best is trial 1 with value: 0.1384694129228592.
GPU available: True (cuda), used: True
TPU available: False, using: 0 TPU cores
HPU available: False, using: 0 HPUs
LOCAL_RANK: 0 - CUDA_VISIBLE_DEVICES: [0,1,2,3]
SLURM auto-requeueing enabled. Setting signal handlers.
Monitored metric train_loss did not improve in the last 71 records. Best score: 0.073. Signaling Trainer to stop.
GPU available: True (cuda), used: True
TPU available: False, using: 0 TPU cores
HPU available: False, using: 0 HPUs
LOCAL_RANK: 0 - CUDA_VISIBLE_DEVICES: [0,1,2,3]
SLURM auto-requeueing enabled. Setting signal handlers.
[I 2024-11-04 11:52:43,586] Trial 13 finished with value: 0.49121755361557007 and parameters: {'hidden_dim': 112, 'n_layers': 2, 'dropout': 0.3125050689297241, 'input_chunk_length': 139, 'learning_rate': 0.00010371033061172862, 'batch_size': 32}. Best is trial 1 with value: 0.1384694129228592.
GPU available: True (cuda), used: True
TPU available: False, using: 0 TPU cores
HPU available: False, using: 0 HPUs
LOCAL_RANK: 0 - CUDA_VISIBLE_DEVICES: [0,1,2,3]
SLURM auto-requeueing enabled. Setting signal handlers.
Monitored metric train_loss did not improve in the last 72 records. Best score: 0.073. Signaling Trainer to stop.
GPU available: True (cuda), used: True
TPU available: False, using: 0 TPU cores
HPU available: False, using: 0 HPUs
LOCAL_RANK: 0 - CUDA_VISIBLE_DEVICES: [0,1,2,3]
SLURM auto-requeueing enabled. Setting signal handlers.
[I 2024-11-04 11:52:57,348] Trial 14 finished with value: 0.4215807020664215 and parameters: {'hidden_dim': 376, 'n_layers': 5, 'dropout': 0.14239962341860532, 'input_chunk_length': 11, 'learning_rate': 0.0007911913736290241, 'batch_size': 64}. Best is trial 1 with value: 0.1384694129228592.
GPU available: True (cuda), used: True
TPU available: False, using: 0 TPU cores
HPU available: False, using: 0 HPUs
LOCAL_RANK: 0 - CUDA_VISIBLE_DEVICES: [0,1,2,3]
SLURM auto-requeueing enabled. Setting signal handlers.
Monitored metric train_loss did not improve in the last 73 records. Best score: 0.073. Signaling Trainer to stop.
GPU available: True (cuda), used: True
TPU available: False, using: 0 TPU cores
HPU available: False, using: 0 HPUs
LOCAL_RANK: 0 - CUDA_VISIBLE_DEVICES: [0,1,2,3]
SLURM auto-requeueing enabled. Setting signal handlers.
[I 2024-11-04 11:53:12,965] Trial 15 finished with value: 0.4693753719329834 and parameters: {'hidden_dim': 164, 'n_layers': 2, 'dropout': 0.2840562808784086, 'input_chunk_length': 96, 'learning_rate': 0.0045752459964716625, 'batch_size': 32}. Best is trial 1 with value: 0.1384694129228592.
GPU available: True (cuda), used: True
TPU available: False, using: 0 TPU cores
HPU available: False, using: 0 HPUs
LOCAL_RANK: 0 - CUDA_VISIBLE_DEVICES: [0,1,2,3]
SLURM auto-requeueing enabled. Setting signal handlers.
Monitored metric train_loss did not improve in the last 74 records. Best score: 0.073. Signaling Trainer to stop.
GPU available: True (cuda), used: True
TPU available: False, using: 0 TPU cores
HPU available: False, using: 0 HPUs
LOCAL_RANK: 0 - CUDA_VISIBLE_DEVICES: [0,1,2,3]
SLURM auto-requeueing enabled. Setting signal handlers.
[I 2024-11-04 11:53:33,786] Trial 16 finished with value: 0.3038225769996643 and parameters: {'hidden_dim': 444, 'n_layers': 5, 'dropout': 0.210391024695982, 'input_chunk_length': 67, 'learning_rate': 0.00010969629786189906, 'batch_size': 32}. Best is trial 1 with value: 0.1384694129228592.
GPU available: True (cuda), used: True
TPU available: False, using: 0 TPU cores
HPU available: False, using: 0 HPUs
LOCAL_RANK: 0 - CUDA_VISIBLE_DEVICES: [0,1,2,3]
SLURM auto-requeueing enabled. Setting signal handlers.
Monitored metric train_loss did not improve in the last 75 records. Best score: 0.073. Signaling Trainer to stop.
GPU available: True (cuda), used: True
TPU available: False, using: 0 TPU cores
HPU available: False, using: 0 HPUs
LOCAL_RANK: 0 - CUDA_VISIBLE_DEVICES: [0,1,2,3]
SLURM auto-requeueing enabled. Setting signal handlers.
[I 2024-11-04 11:53:50,030] Trial 17 finished with value: 0.33905333280563354 and parameters: {'hidden_dim': 127, 'n_layers': 4, 'dropout': 0.07254031021189222, 'input_chunk_length': 126, 'learning_rate': 0.0005255912804461887, 'batch_size': 64}. Best is trial 1 with value: 0.1384694129228592.
GPU available: True (cuda), used: True
TPU available: False, using: 0 TPU cores
HPU available: False, using: 0 HPUs
LOCAL_RANK: 0 - CUDA_VISIBLE_DEVICES: [0,1,2,3]
SLURM auto-requeueing enabled. Setting signal handlers.
Monitored metric train_loss did not improve in the last 76 records. Best score: 0.073. Signaling Trainer to stop.
GPU available: True (cuda), used: True
TPU available: False, using: 0 TPU cores
HPU available: False, using: 0 HPUs
LOCAL_RANK: 0 - CUDA_VISIBLE_DEVICES: [0,1,2,3]
SLURM auto-requeueing enabled. Setting signal handlers.
[I 2024-11-04 11:54:09,328] Trial 18 finished with value: 0.3421553373336792 and parameters: {'hidden_dim': 330, 'n_layers': 3, 'dropout': 0.3734689519697413, 'input_chunk_length': 96, 'learning_rate': 0.0032186643079129477, 'batch_size': 32}. Best is trial 1 with value: 0.1384694129228592.
GPU available: True (cuda), used: True
TPU available: False, using: 0 TPU cores
HPU available: False, using: 0 HPUs
LOCAL_RANK: 0 - CUDA_VISIBLE_DEVICES: [0,1,2,3]
SLURM auto-requeueing enabled. Setting signal handlers.
Monitored metric train_loss did not improve in the last 77 records. Best score: 0.073. Signaling Trainer to stop.
GPU available: True (cuda), used: True
TPU available: False, using: 0 TPU cores
HPU available: False, using: 0 HPUs
LOCAL_RANK: 0 - CUDA_VISIBLE_DEVICES: [0,1,2,3]
SLURM auto-requeueing enabled. Setting signal handlers.
[I 2024-11-04 11:54:25,175] Trial 19 finished with value: 0.3832015097141266 and parameters: {'hidden_dim': 496, 'n_layers': 2, 'dropout': 0.2677771356397818, 'input_chunk_length': 25, 'learning_rate': 0.00019941747535703693, 'batch_size': 64}. Best is trial 1 with value: 0.1384694129228592.
GPU available: True (cuda), used: True
TPU available: False, using: 0 TPU cores
HPU available: False, using: 0 HPUs
LOCAL_RANK: 0 - CUDA_VISIBLE_DEVICES: [0,1,2,3]
SLURM auto-requeueing enabled. Setting signal handlers.
Monitored metric train_loss did not improve in the last 78 records. Best score: 0.073. Signaling Trainer to stop.
GPU available: True (cuda), used: True
TPU available: False, using: 0 TPU cores
HPU available: False, using: 0 HPUs
LOCAL_RANK: 0 - CUDA_VISIBLE_DEVICES: [0,1,2,3]
SLURM auto-requeueing enabled. Setting signal handlers.
