[I 2024-11-05 04:19:23,282] Trial 22 finished with value: 0.36959415674209595 and parameters: {'hidden_dim': 358, 'n_layers': 1, 'dropout': 0.22975492166283834, 'input_chunk_length': 89, 'learning_rate': 0.00015544973119947892, 'batch_size': 32}. Best is trial 0 with value: 0.11645901203155518.
GPU available: True (cuda), used: True
TPU available: False, using: 0 TPU cores
HPU available: False, using: 0 HPUs
LOCAL_RANK: 0 - CUDA_VISIBLE_DEVICES: [0,1,2,3]
SLURM auto-requeueing enabled. Setting signal handlers.
Monitored metric train_loss did not improve in the last 81 records. Best score: 0.055. Signaling Trainer to stop.
GPU available: True (cuda), used: True
TPU available: False, using: 0 TPU cores
HPU available: False, using: 0 HPUs
LOCAL_RANK: 0 - CUDA_VISIBLE_DEVICES: [0,1,2,3]
SLURM auto-requeueing enabled. Setting signal handlers.
[I 2024-11-05 04:19:45,639] Trial 23 finished with value: 0.2838294208049774 and parameters: {'hidden_dim': 334, 'n_layers': 2, 'dropout': 0.4431573257812603, 'input_chunk_length': 95, 'learning_rate': 0.0010786031415310582, 'batch_size': 32}. Best is trial 0 with value: 0.11645901203155518.
GPU available: True (cuda), used: True
TPU available: False, using: 0 TPU cores
HPU available: False, using: 0 HPUs
LOCAL_RANK: 0 - CUDA_VISIBLE_DEVICES: [0,1,2,3]
SLURM auto-requeueing enabled. Setting signal handlers.
Monitored metric train_loss did not improve in the last 82 records. Best score: 0.055. Signaling Trainer to stop.
GPU available: True (cuda), used: True
TPU available: False, using: 0 TPU cores
HPU available: False, using: 0 HPUs
LOCAL_RANK: 0 - CUDA_VISIBLE_DEVICES: [0,1,2,3]
SLURM auto-requeueing enabled. Setting signal handlers.
[I 2024-11-05 04:20:12,436] Trial 24 finished with value: 0.3031538128852844 and parameters: {'hidden_dim': 487, 'n_layers': 1, 'dropout': 0.36186431156758747, 'input_chunk_length': 125, 'learning_rate': 0.0004908836798271629, 'batch_size': 32}. Best is trial 0 with value: 0.11645901203155518.
GPU available: True (cuda), used: True
TPU available: False, using: 0 TPU cores
HPU available: False, using: 0 HPUs
LOCAL_RANK: 0 - CUDA_VISIBLE_DEVICES: [0,1,2,3]
SLURM auto-requeueing enabled. Setting signal handlers.
Monitored metric train_loss did not improve in the last 83 records. Best score: 0.055. Signaling Trainer to stop.
GPU available: True (cuda), used: True
TPU available: False, using: 0 TPU cores
HPU available: False, using: 0 HPUs
LOCAL_RANK: 0 - CUDA_VISIBLE_DEVICES: [0,1,2,3]
SLURM auto-requeueing enabled. Setting signal handlers.
[I 2024-11-05 04:20:31,385] Trial 25 finished with value: 0.8010305166244507 and parameters: {'hidden_dim': 285, 'n_layers': 4, 'dropout': 0.32010438488443294, 'input_chunk_length': 43, 'learning_rate': 0.005711318952279184, 'batch_size': 32}. Best is trial 0 with value: 0.11645901203155518.
GPU available: True (cuda), used: True
TPU available: False, using: 0 TPU cores
HPU available: False, using: 0 HPUs
LOCAL_RANK: 0 - CUDA_VISIBLE_DEVICES: [0,1,2,3]
SLURM auto-requeueing enabled. Setting signal handlers.
Monitored metric train_loss did not improve in the last 84 records. Best score: 0.055. Signaling Trainer to stop.
GPU available: True (cuda), used: True
TPU available: False, using: 0 TPU cores
HPU available: False, using: 0 HPUs
LOCAL_RANK: 0 - CUDA_VISIBLE_DEVICES: [0,1,2,3]
SLURM auto-requeueing enabled. Setting signal handlers.
[I 2024-11-05 04:20:52,331] Trial 26 finished with value: 0.43216753005981445 and parameters: {'hidden_dim': 391, 'n_layers': 2, 'dropout': 0.18913464261491733, 'input_chunk_length': 64, 'learning_rate': 0.002138571431659508, 'batch_size': 32}. Best is trial 0 with value: 0.11645901203155518.
GPU available: True (cuda), used: True
TPU available: False, using: 0 TPU cores
HPU available: False, using: 0 HPUs
LOCAL_RANK: 0 - CUDA_VISIBLE_DEVICES: [0,1,2,3]
SLURM auto-requeueing enabled. Setting signal handlers.
Monitored metric train_loss did not improve in the last 85 records. Best score: 0.055. Signaling Trainer to stop.
GPU available: True (cuda), used: True
TPU available: False, using: 0 TPU cores
HPU available: False, using: 0 HPUs
LOCAL_RANK: 0 - CUDA_VISIBLE_DEVICES: [0,1,2,3]
SLURM auto-requeueing enabled. Setting signal handlers.
[I 2024-11-05 04:21:20,136] Trial 27 finished with value: 0.32672932744026184 and parameters: {'hidden_dim': 434, 'n_layers': 3, 'dropout': 0.2610005989597984, 'input_chunk_length': 113, 'learning_rate': 0.001314830414441933, 'batch_size': 32}. Best is trial 0 with value: 0.11645901203155518.
GPU available: True (cuda), used: True
TPU available: False, using: 0 TPU cores
HPU available: False, using: 0 HPUs
LOCAL_RANK: 0 - CUDA_VISIBLE_DEVICES: [0,1,2,3]
SLURM auto-requeueing enabled. Setting signal handlers.
Monitored metric train_loss did not improve in the last 86 records. Best score: 0.055. Signaling Trainer to stop.
GPU available: True (cuda), used: True
TPU available: False, using: 0 TPU cores
HPU available: False, using: 0 HPUs
LOCAL_RANK: 0 - CUDA_VISIBLE_DEVICES: [0,1,2,3]
SLURM auto-requeueing enabled. Setting signal handlers.
[I 2024-11-05 04:21:38,531] Trial 28 finished with value: 0.32075297832489014 and parameters: {'hidden_dim': 224, 'n_layers': 1, 'dropout': 0.09803750644704934, 'input_chunk_length': 85, 'learning_rate': 0.00010610880909317804, 'batch_size': 64}. Best is trial 0 with value: 0.11645901203155518.
GPU available: True (cuda), used: True
TPU available: False, using: 0 TPU cores
HPU available: False, using: 0 HPUs
LOCAL_RANK: 0 - CUDA_VISIBLE_DEVICES: [0,1,2,3]
SLURM auto-requeueing enabled. Setting signal handlers.
Monitored metric train_loss did not improve in the last 87 records. Best score: 0.055. Signaling Trainer to stop.
GPU available: True (cuda), used: True
TPU available: False, using: 0 TPU cores
HPU available: False, using: 0 HPUs
LOCAL_RANK: 0 - CUDA_VISIBLE_DEVICES: [0,1,2,3]
SLURM auto-requeueing enabled. Setting signal handlers.
[I 2024-11-05 04:21:58,357] Trial 29 finished with value: 0.31023380160331726 and parameters: {'hidden_dim': 160, 'n_layers': 5, 'dropout': 0.15853942915832156, 'input_chunk_length': 67, 'learning_rate': 0.0004226780920003261, 'batch_size': 32}. Best is trial 0 with value: 0.11645901203155518.
GPU available: True (cuda), used: True
TPU available: False, using: 0 TPU cores
HPU available: False, using: 0 HPUs
LOCAL_RANK: 0 - CUDA_VISIBLE_DEVICES: [0,1,2,3]
SLURM auto-requeueing enabled. Setting signal handlers.
Monitored metric train_loss did not improve in the last 88 records. Best score: 0.055. Signaling Trainer to stop.
GPU available: True (cuda), used: True
TPU available: False, using: 0 TPU cores
HPU available: False, using: 0 HPUs
LOCAL_RANK: 0 - CUDA_VISIBLE_DEVICES: [0,1,2,3]
SLURM auto-requeueing enabled. Setting signal handlers.
[I 2024-11-05 04:22:25,612] Trial 30 finished with value: 0.4908911883831024 and parameters: {'hidden_dim': 308, 'n_layers': 4, 'dropout': 0.3450358447455577, 'input_chunk_length': 135, 'learning_rate': 1.0507111890878347e-05, 'batch_size': 32}. Best is trial 0 with value: 0.11645901203155518.
GPU available: True (cuda), used: True
TPU available: False, using: 0 TPU cores
HPU available: False, using: 0 HPUs
LOCAL_RANK: 0 - CUDA_VISIBLE_DEVICES: [0,1,2,3]
SLURM auto-requeueing enabled. Setting signal handlers.
Monitored metric train_loss did not improve in the last 89 records. Best score: 0.055. Signaling Trainer to stop.
GPU available: True (cuda), used: True
TPU available: False, using: 0 TPU cores
HPU available: False, using: 0 HPUs
LOCAL_RANK: 0 - CUDA_VISIBLE_DEVICES: [0,1,2,3]
SLURM auto-requeueing enabled. Setting signal handlers.
[I 2024-11-05 04:22:49,307] Trial 31 finished with value: 0.2870432138442993 and parameters: {'hidden_dim': 366, 'n_layers': 2, 'dropout': 0.2856849524428042, 'input_chunk_length': 101, 'learning_rate': 0.0007237568878100828, 'batch_size': 32}. Best is trial 0 with value: 0.11645901203155518.
GPU available: True (cuda), used: True
TPU available: False, using: 0 TPU cores
HPU available: False, using: 0 HPUs
LOCAL_RANK: 0 - CUDA_VISIBLE_DEVICES: [0,1,2,3]
SLURM auto-requeueing enabled. Setting signal handlers.
Monitored metric train_loss did not improve in the last 90 records. Best score: 0.055. Signaling Trainer to stop.
GPU available: True (cuda), used: True
TPU available: False, using: 0 TPU cores
HPU available: False, using: 0 HPUs
LOCAL_RANK: 0 - CUDA_VISIBLE_DEVICES: [0,1,2,3]
SLURM auto-requeueing enabled. Setting signal handlers.
[I 2024-11-05 04:23:10,696] Trial 32 finished with value: 0.3095017373561859 and parameters: {'hidden_dim': 344, 'n_layers': 2, 'dropout': 0.31477377314625293, 'input_chunk_length': 80, 'learning_rate': 0.0007224678091208794, 'batch_size': 32}. Best is trial 0 with value: 0.11645901203155518.
GPU available: True (cuda), used: True
TPU available: False, using: 0 TPU cores
HPU available: False, using: 0 HPUs
LOCAL_RANK: 0 - CUDA_VISIBLE_DEVICES: [0,1,2,3]
SLURM auto-requeueing enabled. Setting signal handlers.
Monitored metric train_loss did not improve in the last 91 records. Best score: 0.055. Signaling Trainer to stop.
GPU available: True (cuda), used: True
TPU available: False, using: 0 TPU cores
HPU available: False, using: 0 HPUs
LOCAL_RANK: 0 - CUDA_VISIBLE_DEVICES: [0,1,2,3]
SLURM auto-requeueing enabled. Setting signal handlers.
[I 2024-11-05 04:23:35,016] Trial 33 finished with value: 0.32701224088668823 and parameters: {'hidden_dim': 270, 'n_layers': 1, 'dropout': 0.4631674073243803, 'input_chunk_length': 149, 'learning_rate': 0.0032791648904807002, 'batch_size': 32}. Best is trial 0 with value: 0.11645901203155518.
GPU available: True (cuda), used: True
TPU available: False, using: 0 TPU cores
HPU available: False, using: 0 HPUs
LOCAL_RANK: 0 - CUDA_VISIBLE_DEVICES: [0,1,2,3]
SLURM auto-requeueing enabled. Setting signal handlers.
Monitored metric train_loss did not improve in the last 92 records. Best score: 0.055. Signaling Trainer to stop.
GPU available: True (cuda), used: True
TPU available: False, using: 0 TPU cores
HPU available: False, using: 0 HPUs
LOCAL_RANK: 0 - CUDA_VISIBLE_DEVICES: [0,1,2,3]
SLURM auto-requeueing enabled. Setting signal handlers.
[I 2024-11-05 04:23:53,620] Trial 34 finished with value: 0.30040857195854187 and parameters: {'hidden_dim': 332, 'n_layers': 2, 'dropout': 0.21980570139942632, 'input_chunk_length': 44, 'learning_rate': 0.0008546962481932836, 'batch_size': 32}. Best is trial 0 with value: 0.11645901203155518.
GPU available: True (cuda), used: True
TPU available: False, using: 0 TPU cores
HPU available: False, using: 0 HPUs
LOCAL_RANK: 0 - CUDA_VISIBLE_DEVICES: [0,1,2,3]
SLURM auto-requeueing enabled. Setting signal handlers.
Monitored metric train_loss did not improve in the last 93 records. Best score: 0.055. Signaling Trainer to stop.
GPU available: True (cuda), used: True
TPU available: False, using: 0 TPU cores
HPU available: False, using: 0 HPUs
LOCAL_RANK: 0 - CUDA_VISIBLE_DEVICES: [0,1,2,3]
SLURM auto-requeueing enabled. Setting signal handlers.
[I 2024-11-05 04:24:15,290] Trial 35 finished with value: 0.28796473145484924 and parameters: {'hidden_dim': 276, 'n_layers': 1, 'dropout': 0.040607699455442986, 'input_chunk_length': 113, 'learning_rate': 0.0003033115358225671, 'batch_size': 32}. Best is trial 0 with value: 0.11645901203155518.
GPU available: True (cuda), used: True
TPU available: False, using: 0 TPU cores
HPU available: False, using: 0 HPUs
LOCAL_RANK: 0 - CUDA_VISIBLE_DEVICES: [0,1,2,3]
SLURM auto-requeueing enabled. Setting signal handlers.
Monitored metric train_loss did not improve in the last 94 records. Best score: 0.055. Signaling Trainer to stop.
GPU available: True (cuda), used: True
TPU available: False, using: 0 TPU cores
HPU available: False, using: 0 HPUs
LOCAL_RANK: 0 - CUDA_VISIBLE_DEVICES: [0,1,2,3]
SLURM auto-requeueing enabled. Setting signal handlers.
[I 2024-11-05 04:24:32,917] Trial 36 finished with value: 0.3426932990550995 and parameters: {'hidden_dim': 385, 'n_layers': 3, 'dropout': 0.4929952501869982, 'input_chunk_length': 35, 'learning_rate': 0.0004428620866916473, 'batch_size': 64}. Best is trial 0 with value: 0.11645901203155518.
GPU available: True (cuda), used: True
TPU available: False, using: 0 TPU cores
HPU available: False, using: 0 HPUs
LOCAL_RANK: 0 - CUDA_VISIBLE_DEVICES: [0,1,2,3]
SLURM auto-requeueing enabled. Setting signal handlers.
Monitored metric train_loss did not improve in the last 95 records. Best score: 0.055. Signaling Trainer to stop.
GPU available: True (cuda), used: True
TPU available: False, using: 0 TPU cores
HPU available: False, using: 0 HPUs
LOCAL_RANK: 0 - CUDA_VISIBLE_DEVICES: [0,1,2,3]
SLURM auto-requeueing enabled. Setting signal handlers.
[I 2024-11-05 04:24:51,371] Trial 37 finished with value: 0.38631588220596313 and parameters: {'hidden_dim': 299, 'n_layers': 4, 'dropout': 0.2928504152054394, 'input_chunk_length': 31, 'learning_rate': 0.0024540998219966586, 'batch_size': 32}. Best is trial 0 with value: 0.11645901203155518.
GPU available: True (cuda), used: True
TPU available: False, using: 0 TPU cores
HPU available: False, using: 0 HPUs
LOCAL_RANK: 0 - CUDA_VISIBLE_DEVICES: [0,1,2,3]
SLURM auto-requeueing enabled. Setting signal handlers.
Monitored metric train_loss did not improve in the last 96 records. Best score: 0.055. Signaling Trainer to stop.
GPU available: True (cuda), used: True
TPU available: False, using: 0 TPU cores
HPU available: False, using: 0 HPUs
LOCAL_RANK: 0 - CUDA_VISIBLE_DEVICES: [0,1,2,3]
SLURM auto-requeueing enabled. Setting signal handlers.
[I 2024-11-05 04:25:06,587] Trial 38 finished with value: 0.314820796251297 and parameters: {'hidden_dim': 417, 'n_layers': 1, 'dropout': 0.3974518937558114, 'input_chunk_length': 10, 'learning_rate': 0.0013085130436736993, 'batch_size': 64}. Best is trial 0 with value: 0.11645901203155518.
GPU available: True (cuda), used: True
TPU available: False, using: 0 TPU cores
HPU available: False, using: 0 HPUs
LOCAL_RANK: 0 - CUDA_VISIBLE_DEVICES: [0,1,2,3]
SLURM auto-requeueing enabled. Setting signal handlers.
Monitored metric train_loss did not improve in the last 97 records. Best score: 0.055. Signaling Trainer to stop.
GPU available: True (cuda), used: True
TPU available: False, using: 0 TPU cores
HPU available: False, using: 0 HPUs
LOCAL_RANK: 0 - CUDA_VISIBLE_DEVICES: [0,1,2,3]
SLURM auto-requeueing enabled. Setting signal handlers.
[I 2024-11-05 04:25:25,071] Trial 39 finished with value: 0.31832820177078247 and parameters: {'hidden_dim': 225, 'n_layers': 2, 'dropout': 0.13387024461808966, 'input_chunk_length': 55, 'learning_rate': 0.004145319889345834, 'batch_size': 32}. Best is trial 0 with value: 0.11645901203155518.
GPU available: True (cuda), used: True
TPU available: False, using: 0 TPU cores
HPU available: False, using: 0 HPUs
LOCAL_RANK: 0 - CUDA_VISIBLE_DEVICES: [0,1,2,3]
SLURM auto-requeueing enabled. Setting signal handlers.
Monitored metric train_loss did not improve in the last 98 records. Best score: 0.055. Signaling Trainer to stop.
GPU available: True (cuda), used: True
TPU available: False, using: 0 TPU cores
HPU available: False, using: 0 HPUs
LOCAL_RANK: 0 - CUDA_VISIBLE_DEVICES: [0,1,2,3]
SLURM auto-requeueing enabled. Setting signal handlers.
[I 2024-11-05 04:25:47,462] Trial 40 finished with value: 0.9926291704177856 and parameters: {'hidden_dim': 314, 'n_layers': 3, 'dropout': 0.17606672962974568, 'input_chunk_length': 105, 'learning_rate': 0.009475353426377921, 'batch_size': 64}. Best is trial 0 with value: 0.11645901203155518.
GPU available: True (cuda), used: True
TPU available: False, using: 0 TPU cores
HPU available: False, using: 0 HPUs
LOCAL_RANK: 0 - CUDA_VISIBLE_DEVICES: [0,1,2,3]
SLURM auto-requeueing enabled. Setting signal handlers.
Monitored metric train_loss did not improve in the last 99 records. Best score: 0.055. Signaling Trainer to stop.
GPU available: True (cuda), used: True
TPU available: False, using: 0 TPU cores
HPU available: False, using: 0 HPUs
LOCAL_RANK: 0 - CUDA_VISIBLE_DEVICES: [0,1,2,3]
SLURM auto-requeueing enabled. Setting signal handlers.
[I 2024-11-05 04:26:09,884] Trial 41 finished with value: 0.3341958820819855 and parameters: {'hidden_dim': 347, 'n_layers': 2, 'dropout': 0.45047346780869685, 'input_chunk_length': 91, 'learning_rate': 0.001157948178419737, 'batch_size': 32}. Best is trial 0 with value: 0.11645901203155518.
GPU available: True (cuda), used: True
TPU available: False, using: 0 TPU cores
HPU available: False, using: 0 HPUs
LOCAL_RANK: 0 - CUDA_VISIBLE_DEVICES: [0,1,2,3]
SLURM auto-requeueing enabled. Setting signal handlers.
Monitored metric train_loss did not improve in the last 100 records. Best score: 0.055. Signaling Trainer to stop.
GPU available: True (cuda), used: True
TPU available: False, using: 0 TPU cores
HPU available: False, using: 0 HPUs
LOCAL_RANK: 0 - CUDA_VISIBLE_DEVICES: [0,1,2,3]
SLURM auto-requeueing enabled. Setting signal handlers.
[I 2024-11-05 04:26:31,829] Trial 42 finished with value: 0.2944081127643585 and parameters: {'hidden_dim': 336, 'n_layers': 2, 'dropout': 0.4309279752118053, 'input_chunk_length': 92, 'learning_rate': 0.0006335054435934024, 'batch_size': 32}. Best is trial 0 with value: 0.11645901203155518.
GPU available: True (cuda), used: True
TPU available: False, using: 0 TPU cores
HPU available: False, using: 0 HPUs
LOCAL_RANK: 0 - CUDA_VISIBLE_DEVICES: [0,1,2,3]
SLURM auto-requeueing enabled. Setting signal handlers.
Monitored metric train_loss did not improve in the last 101 records. Best score: 0.055. Signaling Trainer to stop.
GPU available: True (cuda), used: True
TPU available: False, using: 0 TPU cores
HPU available: False, using: 0 HPUs
LOCAL_RANK: 0 - CUDA_VISIBLE_DEVICES: [0,1,2,3]
SLURM auto-requeueing enabled. Setting signal handlers.
[I 2024-11-05 04:26:56,812] Trial 43 finished with value: 0.30431491136550903 and parameters: {'hidden_dim': 360, 'n_layers': 2, 'dropout': 0.4699827183719077, 'input_chunk_length': 118, 'learning_rate': 0.0009360395547595622, 'batch_size': 32}. Best is trial 0 with value: 0.11645901203155518.
GPU available: True (cuda), used: True
TPU available: False, using: 0 TPU cores
HPU available: False, using: 0 HPUs
LOCAL_RANK: 0 - CUDA_VISIBLE_DEVICES: [0,1,2,3]
SLURM auto-requeueing enabled. Setting signal handlers.
Monitored metric train_loss did not improve in the last 102 records. Best score: 0.055. Signaling Trainer to stop.
GPU available: True (cuda), used: True
TPU available: False, using: 0 TPU cores
HPU available: False, using: 0 HPUs
LOCAL_RANK: 0 - CUDA_VISIBLE_DEVICES: [0,1,2,3]
SLURM auto-requeueing enabled. Setting signal handlers.
[I 2024-11-05 04:27:18,282] Trial 44 finished with value: 0.3391365706920624 and parameters: {'hidden_dim': 322, 'n_layers': 1, 'dropout': 0.3702138123321541, 'input_chunk_length': 96, 'learning_rate': 0.001559296742067287, 'batch_size': 32}. Best is trial 0 with value: 0.11645901203155518.
GPU available: True (cuda), used: True
TPU available: False, using: 0 TPU cores
HPU available: False, using: 0 HPUs
LOCAL_RANK: 0 - CUDA_VISIBLE_DEVICES: [0,1,2,3]
SLURM auto-requeueing enabled. Setting signal handlers.
Monitored metric train_loss did not improve in the last 103 records. Best score: 0.055. Signaling Trainer to stop.
GPU available: True (cuda), used: True
TPU available: False, using: 0 TPU cores
HPU available: False, using: 0 HPUs
LOCAL_RANK: 0 - CUDA_VISIBLE_DEVICES: [0,1,2,3]
SLURM auto-requeueing enabled. Setting signal handlers.
[I 2024-11-05 04:27:39,609] Trial 45 finished with value: 0.33518415689468384 and parameters: {'hidden_dim': 292, 'n_layers': 3, 'dropout': 0.4265873155801308, 'input_chunk_length': 83, 'learning_rate': 0.00018951729522839438, 'batch_size': 32}. Best is trial 0 with value: 0.11645901203155518.
GPU available: True (cuda), used: True
TPU available: False, using: 0 TPU cores
HPU available: False, using: 0 HPUs
LOCAL_RANK: 0 - CUDA_VISIBLE_DEVICES: [0,1,2,3]
SLURM auto-requeueing enabled. Setting signal handlers.
Monitored metric train_loss did not improve in the last 104 records. Best score: 0.055. Signaling Trainer to stop.
GPU available: True (cuda), used: True
TPU available: False, using: 0 TPU cores
HPU available: False, using: 0 HPUs
LOCAL_RANK: 0 - CUDA_VISIBLE_DEVICES: [0,1,2,3]
SLURM auto-requeueing enabled. Setting signal handlers.
[I 2024-11-05 04:28:03,974] Trial 46 finished with value: 0.40467900037765503 and parameters: {'hidden_dim': 377, 'n_layers': 5, 'dropout': 0.24960195743553112, 'input_chunk_length': 72, 'learning_rate': 0.002393910929222446, 'batch_size': 32}. Best is trial 0 with value: 0.11645901203155518.
GPU available: True (cuda), used: True
TPU available: False, using: 0 TPU cores
HPU available: False, using: 0 HPUs
LOCAL_RANK: 0 - CUDA_VISIBLE_DEVICES: [0,1,2,3]
SLURM auto-requeueing enabled. Setting signal handlers.
Monitored metric train_loss did not improve in the last 105 records. Best score: 0.055. Signaling Trainer to stop.
GPU available: True (cuda), used: True
TPU available: False, using: 0 TPU cores
HPU available: False, using: 0 HPUs
LOCAL_RANK: 0 - CUDA_VISIBLE_DEVICES: [0,1,2,3]
SLURM auto-requeueing enabled. Setting signal handlers.
