[I 2024-11-04 10:12:58,466] Trial 97 finished with value: 0.8575237393379211 and parameters: {'hidden_dim': 435, 'n_layers': 4, 'dropout': 0.21995179705467496, 'input_chunk_length': 113, 'learning_rate': 0.004461551713907894, 'batch_size': 32}. Best is trial 0 with value: 0.11822180449962616.
GPU available: True (cuda), used: True
TPU available: False, using: 0 TPU cores
HPU available: False, using: 0 HPUs
LOCAL_RANK: 0 - CUDA_VISIBLE_DEVICES: [0,1,2,3]
SLURM auto-requeueing enabled. Setting signal handlers.
Monitored metric train_loss did not improve in the last 156 records. Best score: 0.042. Signaling Trainer to stop.
GPU available: True (cuda), used: True
TPU available: False, using: 0 TPU cores
HPU available: False, using: 0 HPUs
LOCAL_RANK: 0 - CUDA_VISIBLE_DEVICES: [0,1,2,3]
SLURM auto-requeueing enabled. Setting signal handlers.
[I 2024-11-04 10:13:15,273] Trial 98 finished with value: 0.3154228627681732 and parameters: {'hidden_dim': 83, 'n_layers': 2, 'dropout': 0.2713561377033365, 'input_chunk_length': 19, 'learning_rate': 0.00046262882961270024, 'batch_size': 32}. Best is trial 0 with value: 0.11822180449962616.
GPU available: True (cuda), used: True
TPU available: False, using: 0 TPU cores
HPU available: False, using: 0 HPUs
LOCAL_RANK: 0 - CUDA_VISIBLE_DEVICES: [0,1,2,3]
SLURM auto-requeueing enabled. Setting signal handlers.
Monitored metric train_loss did not improve in the last 157 records. Best score: 0.042. Signaling Trainer to stop.
GPU available: True (cuda), used: True
TPU available: False, using: 0 TPU cores
HPU available: False, using: 0 HPUs
LOCAL_RANK: 0 - CUDA_VISIBLE_DEVICES: [0,1,2,3]
SLURM auto-requeueing enabled. Setting signal handlers.
[I 2024-11-04 10:13:31,857] Trial 99 finished with value: 0.4159090220928192 and parameters: {'hidden_dim': 112, 'n_layers': 3, 'dropout': 0.1862317655281442, 'input_chunk_length': 14, 'learning_rate': 0.0006329327155487355, 'batch_size': 32}. Best is trial 0 with value: 0.11822180449962616.
GPU available: True (cuda), used: True
TPU available: False, using: 0 TPU cores
HPU available: False, using: 0 HPUs
LOCAL_RANK: 0 - CUDA_VISIBLE_DEVICES: [0,1,2,3]
SLURM auto-requeueing enabled. Setting signal handlers.
Monitored metric train_loss did not improve in the last 158 records. Best score: 0.042. Signaling Trainer to stop.
GPU available: True (cuda), used: True
TPU available: False, using: 0 TPU cores
HPU available: False, using: 0 HPUs
LOCAL_RANK: 0 - CUDA_VISIBLE_DEVICES: [0,1,2,3]
SLURM auto-requeueing enabled. Setting signal handlers.
[I 2024-11-04 10:13:53,666] Trial 100 finished with value: 0.4894746243953705 and parameters: {'hidden_dim': 363, 'n_layers': 1, 'dropout': 0.2580926671243407, 'input_chunk_length': 107, 'learning_rate': 0.0030011424501034368, 'batch_size': 32}. Best is trial 0 with value: 0.11822180449962616.
GPU available: True (cuda), used: True
TPU available: False, using: 0 TPU cores
HPU available: False, using: 0 HPUs
LOCAL_RANK: 0 - CUDA_VISIBLE_DEVICES: [0,1,2,3]
SLURM auto-requeueing enabled. Setting signal handlers.
Monitored metric train_loss did not improve in the last 159 records. Best score: 0.042. Signaling Trainer to stop.
GPU available: True (cuda), used: True
TPU available: False, using: 0 TPU cores
HPU available: False, using: 0 HPUs
LOCAL_RANK: 0 - CUDA_VISIBLE_DEVICES: [0,1,2,3]
SLURM auto-requeueing enabled. Setting signal handlers.
[I 2024-11-04 10:14:14,354] Trial 101 finished with value: 0.383070707321167 and parameters: {'hidden_dim': 355, 'n_layers': 1, 'dropout': 0.1575862285242538, 'input_chunk_length': 96, 'learning_rate': 0.00010977692237157453, 'batch_size': 32}. Best is trial 0 with value: 0.11822180449962616.
GPU available: True (cuda), used: True
TPU available: False, using: 0 TPU cores
HPU available: False, using: 0 HPUs
LOCAL_RANK: 0 - CUDA_VISIBLE_DEVICES: [0,1,2,3]
SLURM auto-requeueing enabled. Setting signal handlers.
Monitored metric train_loss did not improve in the last 160 records. Best score: 0.042. Signaling Trainer to stop.
GPU available: True (cuda), used: True
TPU available: False, using: 0 TPU cores
HPU available: False, using: 0 HPUs
LOCAL_RANK: 0 - CUDA_VISIBLE_DEVICES: [0,1,2,3]
SLURM auto-requeueing enabled. Setting signal handlers.
[I 2024-11-04 10:14:35,067] Trial 102 finished with value: 0.47815844416618347 and parameters: {'hidden_dim': 371, 'n_layers': 1, 'dropout': 0.4987326074670275, 'input_chunk_length': 87, 'learning_rate': 0.00014927894967761148, 'batch_size': 32}. Best is trial 0 with value: 0.11822180449962616.
GPU available: True (cuda), used: True
TPU available: False, using: 0 TPU cores
HPU available: False, using: 0 HPUs
LOCAL_RANK: 0 - CUDA_VISIBLE_DEVICES: [0,1,2,3]
SLURM auto-requeueing enabled. Setting signal handlers.
Monitored metric train_loss did not improve in the last 161 records. Best score: 0.042. Signaling Trainer to stop.
GPU available: True (cuda), used: True
TPU available: False, using: 0 TPU cores
HPU available: False, using: 0 HPUs
LOCAL_RANK: 0 - CUDA_VISIBLE_DEVICES: [0,1,2,3]
SLURM auto-requeueing enabled. Setting signal handlers.
[I 2024-11-04 10:14:55,929] Trial 103 finished with value: 0.38971802592277527 and parameters: {'hidden_dim': 342, 'n_layers': 1, 'dropout': 0.1464518061266573, 'input_chunk_length': 101, 'learning_rate': 6.215154342923126e-05, 'batch_size': 32}. Best is trial 0 with value: 0.11822180449962616.
GPU available: True (cuda), used: True
TPU available: False, using: 0 TPU cores
HPU available: False, using: 0 HPUs
LOCAL_RANK: 0 - CUDA_VISIBLE_DEVICES: [0,1,2,3]
SLURM auto-requeueing enabled. Setting signal handlers.
Monitored metric train_loss did not improve in the last 162 records. Best score: 0.042. Signaling Trainer to stop.
GPU available: True (cuda), used: True
TPU available: False, using: 0 TPU cores
HPU available: False, using: 0 HPUs
LOCAL_RANK: 0 - CUDA_VISIBLE_DEVICES: [0,1,2,3]
SLURM auto-requeueing enabled. Setting signal handlers.
[I 2024-11-04 10:15:17,105] Trial 104 finished with value: 0.34144991636276245 and parameters: {'hidden_dim': 387, 'n_layers': 1, 'dropout': 0.2905764746251592, 'input_chunk_length': 97, 'learning_rate': 0.000204853902781713, 'batch_size': 32}. Best is trial 0 with value: 0.11822180449962616.
GPU available: True (cuda), used: True
TPU available: False, using: 0 TPU cores
HPU available: False, using: 0 HPUs
LOCAL_RANK: 0 - CUDA_VISIBLE_DEVICES: [0,1,2,3]
SLURM auto-requeueing enabled. Setting signal handlers.
Monitored metric train_loss did not improve in the last 163 records. Best score: 0.042. Signaling Trainer to stop.
GPU available: True (cuda), used: True
TPU available: False, using: 0 TPU cores
HPU available: False, using: 0 HPUs
LOCAL_RANK: 0 - CUDA_VISIBLE_DEVICES: [0,1,2,3]
SLURM auto-requeueing enabled. Setting signal handlers.
[I 2024-11-04 10:15:39,226] Trial 105 finished with value: 0.8844878077507019 and parameters: {'hidden_dim': 450, 'n_layers': 1, 'dropout': 0.16467985030362167, 'input_chunk_length': 92, 'learning_rate': 0.0037659127538957546, 'batch_size': 32}. Best is trial 0 with value: 0.11822180449962616.
GPU available: True (cuda), used: True
TPU available: False, using: 0 TPU cores
HPU available: False, using: 0 HPUs
LOCAL_RANK: 0 - CUDA_VISIBLE_DEVICES: [0,1,2,3]
SLURM auto-requeueing enabled. Setting signal handlers.
Monitored metric train_loss did not improve in the last 164 records. Best score: 0.042. Signaling Trainer to stop.
GPU available: True (cuda), used: True
TPU available: False, using: 0 TPU cores
HPU available: False, using: 0 HPUs
LOCAL_RANK: 0 - CUDA_VISIBLE_DEVICES: [0,1,2,3]
SLURM auto-requeueing enabled. Setting signal handlers.
[I 2024-11-04 10:15:59,595] Trial 106 finished with value: 0.4565335810184479 and parameters: {'hidden_dim': 282, 'n_layers': 1, 'dropout': 0.11288129438521503, 'input_chunk_length': 115, 'learning_rate': 3.942136611359984e-05, 'batch_size': 64}. Best is trial 0 with value: 0.11822180449962616.
GPU available: True (cuda), used: True
TPU available: False, using: 0 TPU cores
HPU available: False, using: 0 HPUs
LOCAL_RANK: 0 - CUDA_VISIBLE_DEVICES: [0,1,2,3]
SLURM auto-requeueing enabled. Setting signal handlers.
Monitored metric train_loss did not improve in the last 165 records. Best score: 0.042. Signaling Trainer to stop.
GPU available: True (cuda), used: True
TPU available: False, using: 0 TPU cores
HPU available: False, using: 0 HPUs
LOCAL_RANK: 0 - CUDA_VISIBLE_DEVICES: [0,1,2,3]
SLURM auto-requeueing enabled. Setting signal handlers.
[I 2024-11-04 10:16:23,988] Trial 107 finished with value: 0.33633050322532654 and parameters: {'hidden_dim': 351, 'n_layers': 6, 'dropout': 0.21104263608880844, 'input_chunk_length': 81, 'learning_rate': 9.617949106034441e-05, 'batch_size': 32}. Best is trial 0 with value: 0.11822180449962616.
GPU available: True (cuda), used: True
TPU available: False, using: 0 TPU cores
HPU available: False, using: 0 HPUs
LOCAL_RANK: 0 - CUDA_VISIBLE_DEVICES: [0,1,2,3]
SLURM auto-requeueing enabled. Setting signal handlers.
Monitored metric train_loss did not improve in the last 166 records. Best score: 0.042. Signaling Trainer to stop.
GPU available: True (cuda), used: True
TPU available: False, using: 0 TPU cores
HPU available: False, using: 0 HPUs
LOCAL_RANK: 0 - CUDA_VISIBLE_DEVICES: [0,1,2,3]
SLURM auto-requeueing enabled. Setting signal handlers.
[I 2024-11-04 10:16:42,773] Trial 108 finished with value: 0.3574713170528412 and parameters: {'hidden_dim': 129, 'n_layers': 2, 'dropout': 0.17456978629238346, 'input_chunk_length': 109, 'learning_rate': 5.4755993720743096e-05, 'batch_size': 32}. Best is trial 0 with value: 0.11822180449962616.
GPU available: True (cuda), used: True
TPU available: False, using: 0 TPU cores
HPU available: False, using: 0 HPUs
LOCAL_RANK: 0 - CUDA_VISIBLE_DEVICES: [0,1,2,3]
SLURM auto-requeueing enabled. Setting signal handlers.
Monitored metric train_loss did not improve in the last 167 records. Best score: 0.042. Signaling Trainer to stop.
GPU available: True (cuda), used: True
TPU available: False, using: 0 TPU cores
HPU available: False, using: 0 HPUs
LOCAL_RANK: 0 - CUDA_VISIBLE_DEVICES: [0,1,2,3]
SLURM auto-requeueing enabled. Setting signal handlers.
[I 2024-11-04 10:17:00,595] Trial 109 finished with value: 0.36688992381095886 and parameters: {'hidden_dim': 405, 'n_layers': 3, 'dropout': 0.08837599886238917, 'input_chunk_length': 17, 'learning_rate': 0.0002591648246513313, 'batch_size': 32}. Best is trial 0 with value: 0.11822180449962616.
GPU available: True (cuda), used: True
TPU available: False, using: 0 TPU cores
HPU available: False, using: 0 HPUs
LOCAL_RANK: 0 - CUDA_VISIBLE_DEVICES: [0,1,2,3]
SLURM auto-requeueing enabled. Setting signal handlers.
Monitored metric train_loss did not improve in the last 168 records. Best score: 0.042. Signaling Trainer to stop.
GPU available: True (cuda), used: True
TPU available: False, using: 0 TPU cores
HPU available: False, using: 0 HPUs
LOCAL_RANK: 0 - CUDA_VISIBLE_DEVICES: [0,1,2,3]
SLURM auto-requeueing enabled. Setting signal handlers.
[I 2024-11-04 10:17:17,886] Trial 110 finished with value: 0.27933862805366516 and parameters: {'hidden_dim': 65, 'n_layers': 4, 'dropout': 0.19899221300294373, 'input_chunk_length': 11, 'learning_rate': 0.005992065035306697, 'batch_size': 32}. Best is trial 0 with value: 0.11822180449962616.
GPU available: True (cuda), used: True
TPU available: False, using: 0 TPU cores
HPU available: False, using: 0 HPUs
LOCAL_RANK: 0 - CUDA_VISIBLE_DEVICES: [0,1,2,3]
SLURM auto-requeueing enabled. Setting signal handlers.
Monitored metric train_loss did not improve in the last 169 records. Best score: 0.042. Signaling Trainer to stop.
GPU available: True (cuda), used: True
TPU available: False, using: 0 TPU cores
HPU available: False, using: 0 HPUs
LOCAL_RANK: 0 - CUDA_VISIBLE_DEVICES: [0,1,2,3]
SLURM auto-requeueing enabled. Setting signal handlers.
[I 2024-11-04 10:17:34,915] Trial 111 finished with value: 0.2845580577850342 and parameters: {'hidden_dim': 69, 'n_layers': 4, 'dropout': 0.20258601350569097, 'input_chunk_length': 11, 'learning_rate': 0.006305682802605961, 'batch_size': 32}. Best is trial 0 with value: 0.11822180449962616.
GPU available: True (cuda), used: True
TPU available: False, using: 0 TPU cores
HPU available: False, using: 0 HPUs
LOCAL_RANK: 0 - CUDA_VISIBLE_DEVICES: [0,1,2,3]
SLURM auto-requeueing enabled. Setting signal handlers.
Monitored metric train_loss did not improve in the last 170 records. Best score: 0.042. Signaling Trainer to stop.
GPU available: True (cuda), used: True
TPU available: False, using: 0 TPU cores
HPU available: False, using: 0 HPUs
LOCAL_RANK: 0 - CUDA_VISIBLE_DEVICES: [0,1,2,3]
SLURM auto-requeueing enabled. Setting signal handlers.
[I 2024-11-04 10:17:52,016] Trial 112 finished with value: 0.3270176351070404 and parameters: {'hidden_dim': 65, 'n_layers': 5, 'dropout': 0.1996941350916949, 'input_chunk_length': 11, 'learning_rate': 0.00617810157888555, 'batch_size': 32}. Best is trial 0 with value: 0.11822180449962616.
GPU available: True (cuda), used: True
TPU available: False, using: 0 TPU cores
HPU available: False, using: 0 HPUs
LOCAL_RANK: 0 - CUDA_VISIBLE_DEVICES: [0,1,2,3]
SLURM auto-requeueing enabled. Setting signal handlers.
Monitored metric train_loss did not improve in the last 171 records. Best score: 0.042. Signaling Trainer to stop.
GPU available: True (cuda), used: True
TPU available: False, using: 0 TPU cores
HPU available: False, using: 0 HPUs
LOCAL_RANK: 0 - CUDA_VISIBLE_DEVICES: [0,1,2,3]
SLURM auto-requeueing enabled. Setting signal handlers.
[I 2024-11-04 10:18:09,330] Trial 113 finished with value: 0.2729583978652954 and parameters: {'hidden_dim': 73, 'n_layers': 4, 'dropout': 0.233335312217627, 'input_chunk_length': 10, 'learning_rate': 0.008401965905902182, 'batch_size': 32}. Best is trial 0 with value: 0.11822180449962616.
GPU available: True (cuda), used: True
TPU available: False, using: 0 TPU cores
HPU available: False, using: 0 HPUs
LOCAL_RANK: 0 - CUDA_VISIBLE_DEVICES: [0,1,2,3]
SLURM auto-requeueing enabled. Setting signal handlers.
Monitored metric train_loss did not improve in the last 172 records. Best score: 0.042. Signaling Trainer to stop.
GPU available: True (cuda), used: True
TPU available: False, using: 0 TPU cores
HPU available: False, using: 0 HPUs
LOCAL_RANK: 0 - CUDA_VISIBLE_DEVICES: [0,1,2,3]
SLURM auto-requeueing enabled. Setting signal handlers.
[I 2024-11-04 10:18:26,315] Trial 114 finished with value: 0.5420674085617065 and parameters: {'hidden_dim': 70, 'n_layers': 4, 'dropout': 0.2284709651416964, 'input_chunk_length': 21, 'learning_rate': 0.007767256168151738, 'batch_size': 32}. Best is trial 0 with value: 0.11822180449962616.
GPU available: True (cuda), used: True
TPU available: False, using: 0 TPU cores
HPU available: False, using: 0 HPUs
LOCAL_RANK: 0 - CUDA_VISIBLE_DEVICES: [0,1,2,3]
SLURM auto-requeueing enabled. Setting signal handlers.
Monitored metric train_loss did not improve in the last 173 records. Best score: 0.042. Signaling Trainer to stop.
GPU available: True (cuda), used: True
TPU available: False, using: 0 TPU cores
HPU available: False, using: 0 HPUs
LOCAL_RANK: 0 - CUDA_VISIBLE_DEVICES: [0,1,2,3]
SLURM auto-requeueing enabled. Setting signal handlers.
[I 2024-11-04 10:18:43,421] Trial 115 finished with value: 0.4293600022792816 and parameters: {'hidden_dim': 51, 'n_layers': 4, 'dropout': 0.18264714608599167, 'input_chunk_length': 14, 'learning_rate': 0.00958013401468998, 'batch_size': 32}. Best is trial 0 with value: 0.11822180449962616.
GPU available: True (cuda), used: True
TPU available: False, using: 0 TPU cores
HPU available: False, using: 0 HPUs
LOCAL_RANK: 0 - CUDA_VISIBLE_DEVICES: [0,1,2,3]
SLURM auto-requeueing enabled. Setting signal handlers.
Monitored metric train_loss did not improve in the last 174 records. Best score: 0.042. Signaling Trainer to stop.
GPU available: True (cuda), used: True
TPU available: False, using: 0 TPU cores
HPU available: False, using: 0 HPUs
LOCAL_RANK: 0 - CUDA_VISIBLE_DEVICES: [0,1,2,3]
SLURM auto-requeueing enabled. Setting signal handlers.
[I 2024-11-04 10:18:58,827] Trial 116 finished with value: 0.4407860040664673 and parameters: {'hidden_dim': 98, 'n_layers': 4, 'dropout': 0.21690444855493005, 'input_chunk_length': 16, 'learning_rate': 0.007374535979228498, 'batch_size': 64}. Best is trial 0 with value: 0.11822180449962616.
GPU available: True (cuda), used: True
TPU available: False, using: 0 TPU cores
HPU available: False, using: 0 HPUs
LOCAL_RANK: 0 - CUDA_VISIBLE_DEVICES: [0,1,2,3]
SLURM auto-requeueing enabled. Setting signal handlers.
Monitored metric train_loss did not improve in the last 175 records. Best score: 0.042. Signaling Trainer to stop.
GPU available: True (cuda), used: True
TPU available: False, using: 0 TPU cores
HPU available: False, using: 0 HPUs
LOCAL_RANK: 0 - CUDA_VISIBLE_DEVICES: [0,1,2,3]
SLURM auto-requeueing enabled. Setting signal handlers.
[I 2024-11-04 10:19:15,808] Trial 117 finished with value: 0.4629887044429779 and parameters: {'hidden_dim': 61, 'n_layers': 4, 'dropout': 0.24081360700478713, 'input_chunk_length': 24, 'learning_rate': 0.006530744709560252, 'batch_size': 32}. Best is trial 0 with value: 0.11822180449962616.
GPU available: True (cuda), used: True
TPU available: False, using: 0 TPU cores
HPU available: False, using: 0 HPUs
LOCAL_RANK: 0 - CUDA_VISIBLE_DEVICES: [0,1,2,3]
SLURM auto-requeueing enabled. Setting signal handlers.
Monitored metric train_loss did not improve in the last 176 records. Best score: 0.042. Signaling Trainer to stop.
GPU available: True (cuda), used: True
TPU available: False, using: 0 TPU cores
HPU available: False, using: 0 HPUs
LOCAL_RANK: 0 - CUDA_VISIBLE_DEVICES: [0,1,2,3]
SLURM auto-requeueing enabled. Setting signal handlers.
[I 2024-11-04 10:19:32,622] Trial 118 finished with value: 0.5386097431182861 and parameters: {'hidden_dim': 72, 'n_layers': 4, 'dropout': 0.20379553778905354, 'input_chunk_length': 11, 'learning_rate': 0.00890636327093919, 'batch_size': 32}. Best is trial 0 with value: 0.11822180449962616.
GPU available: True (cuda), used: True
TPU available: False, using: 0 TPU cores
HPU available: False, using: 0 HPUs
LOCAL_RANK: 0 - CUDA_VISIBLE_DEVICES: [0,1,2,3]
SLURM auto-requeueing enabled. Setting signal handlers.
Monitored metric train_loss did not improve in the last 177 records. Best score: 0.042. Signaling Trainer to stop.
GPU available: True (cuda), used: True
TPU available: False, using: 0 TPU cores
HPU available: False, using: 0 HPUs
LOCAL_RANK: 0 - CUDA_VISIBLE_DEVICES: [0,1,2,3]
SLURM auto-requeueing enabled. Setting signal handlers.
[I 2024-11-04 10:19:49,526] Trial 119 finished with value: 0.5276870727539062 and parameters: {'hidden_dim': 157, 'n_layers': 5, 'dropout': 0.19091941956826725, 'input_chunk_length': 10, 'learning_rate': 0.006166051883182341, 'batch_size': 32}. Best is trial 0 with value: 0.11822180449962616.
GPU available: True (cuda), used: True
TPU available: False, using: 0 TPU cores
HPU available: False, using: 0 HPUs
LOCAL_RANK: 0 - CUDA_VISIBLE_DEVICES: [0,1,2,3]
SLURM auto-requeueing enabled. Setting signal handlers.
Monitored metric train_loss did not improve in the last 178 records. Best score: 0.042. Signaling Trainer to stop.
GPU available: True (cuda), used: True
TPU available: False, using: 0 TPU cores
HPU available: False, using: 0 HPUs
LOCAL_RANK: 0 - CUDA_VISIBLE_DEVICES: [0,1,2,3]
SLURM auto-requeueing enabled. Setting signal handlers.
[I 2024-11-04 10:20:07,665] Trial 120 finished with value: 0.5289948582649231 and parameters: {'hidden_dim': 176, 'n_layers': 4, 'dropout': 0.23319210535268117, 'input_chunk_length': 36, 'learning_rate': 0.0043424037582194515, 'batch_size': 32}. Best is trial 0 with value: 0.11822180449962616.
GPU available: True (cuda), used: True
TPU available: False, using: 0 TPU cores
HPU available: False, using: 0 HPUs
LOCAL_RANK: 0 - CUDA_VISIBLE_DEVICES: [0,1,2,3]
SLURM auto-requeueing enabled. Setting signal handlers.
Monitored metric train_loss did not improve in the last 179 records. Best score: 0.042. Signaling Trainer to stop.
GPU available: True (cuda), used: True
TPU available: False, using: 0 TPU cores
HPU available: False, using: 0 HPUs
LOCAL_RANK: 0 - CUDA_VISIBLE_DEVICES: [0,1,2,3]
SLURM auto-requeueing enabled. Setting signal handlers.
[I 2024-11-04 10:20:24,327] Trial 121 finished with value: 0.3596247434616089 and parameters: {'hidden_dim': 88, 'n_layers': 4, 'dropout': 0.24793990142192399, 'input_chunk_length': 19, 'learning_rate': 0.005597539881075313, 'batch_size': 32}. Best is trial 0 with value: 0.11822180449962616.
GPU available: True (cuda), used: True
TPU available: False, using: 0 TPU cores
HPU available: False, using: 0 HPUs
LOCAL_RANK: 0 - CUDA_VISIBLE_DEVICES: [0,1,2,3]
SLURM auto-requeueing enabled. Setting signal handlers.
Monitored metric train_loss did not improve in the last 180 records. Best score: 0.042. Signaling Trainer to stop.
GPU available: True (cuda), used: True
TPU available: False, using: 0 TPU cores
HPU available: False, using: 0 HPUs
LOCAL_RANK: 0 - CUDA_VISIBLE_DEVICES: [0,1,2,3]
SLURM auto-requeueing enabled. Setting signal handlers.
