[I 2024-10-20 21:48:30,420] A new study created in memory with name: no-name-d95d3636-bf42-4dd8-8667-00255f8e909b
GPU available: False, used: False
TPU available: False, using: 0 TPU cores
HPU available: False, using: 0 HPUs
SLURM auto-requeueing enabled. Setting signal handlers.
Metric train_loss improved. New best score: 3.044
Metric train_loss improved by 0.620 >= min_delta = 0.0. New best score: 2.424
Metric train_loss improved by 0.605 >= min_delta = 0.0. New best score: 1.819
Metric train_loss improved by 0.163 >= min_delta = 0.0. New best score: 1.657
Metric train_loss improved by 0.084 >= min_delta = 0.0. New best score: 1.573
Metric train_loss improved by 0.046 >= min_delta = 0.0. New best score: 1.527
Metric train_loss improved by 0.139 >= min_delta = 0.0. New best score: 1.389
Metric train_loss improved by 0.216 >= min_delta = 0.0. New best score: 1.172
Metric train_loss improved by 0.163 >= min_delta = 0.0. New best score: 1.009
Metric train_loss improved by 0.019 >= min_delta = 0.0. New best score: 0.990
Metric train_loss improved by 0.031 >= min_delta = 0.0. New best score: 0.960
Metric train_loss improved by 0.053 >= min_delta = 0.0. New best score: 0.907
Metric train_loss improved by 0.100 >= min_delta = 0.0. New best score: 0.807
Metric train_loss improved by 0.057 >= min_delta = 0.0. New best score: 0.751
Metric train_loss improved by 0.085 >= min_delta = 0.0. New best score: 0.666
Metric train_loss improved by 0.043 >= min_delta = 0.0. New best score: 0.623
Metric train_loss improved by 0.056 >= min_delta = 0.0. New best score: 0.567
Metric train_loss improved by 0.043 >= min_delta = 0.0. New best score: 0.524
Metric train_loss improved by 0.049 >= min_delta = 0.0. New best score: 0.474
`Trainer.fit` stopped: `max_epochs=50` reached.
GPU available: False, used: False
TPU available: False, using: 0 TPU cores
HPU available: False, using: 0 HPUs
SLURM auto-requeueing enabled. Setting signal handlers.
[I 2024-10-20 22:04:40,227] Trial 0 finished with value: 0.31332454085350037 and parameters: {'hidden_dim': 152, 'n_layers': 1, 'dropout': 0.39934311660142735, 'input_chunk_length': 11, 'learning_rate': 1.1660484561959714e-06, 'batch_size': 32}. Best is trial 0 with value: 0.31332454085350037.
GPU available: False, used: False
TPU available: False, using: 0 TPU cores
HPU available: False, using: 0 HPUs
SLURM auto-requeueing enabled. Setting signal handlers.
Metric train_loss improved by 0.259 >= min_delta = 0.0. New best score: 0.215
Metric train_loss improved by 0.048 >= min_delta = 0.0. New best score: 0.167
Metric train_loss improved by 0.018 >= min_delta = 0.0. New best score: 0.149
Metric train_loss improved by 0.007 >= min_delta = 0.0. New best score: 0.142
Metric train_loss improved by 0.017 >= min_delta = 0.0. New best score: 0.126
Metric train_loss improved by 0.031 >= min_delta = 0.0. New best score: 0.094
Metric train_loss improved by 0.018 >= min_delta = 0.0. New best score: 0.076
Metric train_loss improved by 0.006 >= min_delta = 0.0. New best score: 0.071
Metric train_loss improved by 0.006 >= min_delta = 0.0. New best score: 0.065
Metric train_loss improved by 0.017 >= min_delta = 0.0. New best score: 0.047
Metric train_loss improved by 0.002 >= min_delta = 0.0. New best score: 0.045
Metric train_loss improved by 0.000 >= min_delta = 0.0. New best score: 0.045
`Trainer.fit` stopped: `max_epochs=50` reached.
GPU available: False, used: False
TPU available: False, using: 0 TPU cores
HPU available: False, using: 0 HPUs
SLURM auto-requeueing enabled. Setting signal handlers.
[I 2024-10-20 23:53:55,505] Trial 1 finished with value: 0.08726194500923157 and parameters: {'hidden_dim': 211, 'n_layers': 3, 'dropout': 0.01823175987550224, 'input_chunk_length': 91, 'learning_rate': 0.00026542864072802446, 'batch_size': 64}. Best is trial 1 with value: 0.08726194500923157.
GPU available: False, used: False
TPU available: False, using: 0 TPU cores
HPU available: False, using: 0 HPUs
SLURM auto-requeueing enabled. Setting signal handlers.
Monitored metric train_loss did not improve in the last 50 records. Best score: 0.045. Signaling Trainer to stop.
GPU available: False, used: False
TPU available: False, using: 0 TPU cores
HPU available: False, using: 0 HPUs
SLURM auto-requeueing enabled. Setting signal handlers.
[I 2024-10-21 00:50:42,055] Trial 2 finished with value: 0.17732462286949158 and parameters: {'hidden_dim': 227, 'n_layers': 3, 'dropout': 0.3966440643373526, 'input_chunk_length': 52, 'learning_rate': 1.7546304915714173e-05, 'batch_size': 32}. Best is trial 1 with value: 0.08726194500923157.
GPU available: False, used: False
TPU available: False, using: 0 TPU cores
HPU available: False, using: 0 HPUs
SLURM auto-requeueing enabled. Setting signal handlers.
Monitored metric train_loss did not improve in the last 51 records. Best score: 0.045. Signaling Trainer to stop.
GPU available: False, used: False
TPU available: False, using: 0 TPU cores
HPU available: False, using: 0 HPUs
SLURM auto-requeueing enabled. Setting signal handlers.
[I 2024-10-21 00:51:21,455] Trial 3 finished with value: 0.40115007758140564 and parameters: {'hidden_dim': 56, 'n_layers': 2, 'dropout': 0.29932228592987714, 'input_chunk_length': 70, 'learning_rate': 1.9314230399086882e-05, 'batch_size': 64}. Best is trial 1 with value: 0.08726194500923157.
GPU available: False, used: False
TPU available: False, using: 0 TPU cores
HPU available: False, using: 0 HPUs
SLURM auto-requeueing enabled. Setting signal handlers.
Monitored metric train_loss did not improve in the last 52 records. Best score: 0.045. Signaling Trainer to stop.
GPU available: False, used: False
TPU available: False, using: 0 TPU cores
HPU available: False, using: 0 HPUs
SLURM auto-requeueing enabled. Setting signal handlers.
[I 2024-10-21 00:52:57,710] Trial 4 finished with value: 0.39047110080718994 and parameters: {'hidden_dim': 229, 'n_layers': 1, 'dropout': 0.19431633823064942, 'input_chunk_length': 59, 'learning_rate': 5.5623299843332876e-06, 'batch_size': 32}. Best is trial 1 with value: 0.08726194500923157.
GPU available: False, used: False
TPU available: False, using: 0 TPU cores
HPU available: False, using: 0 HPUs
SLURM auto-requeueing enabled. Setting signal handlers.
Monitored metric train_loss did not improve in the last 53 records. Best score: 0.045. Signaling Trainer to stop.
GPU available: False, used: False
TPU available: False, using: 0 TPU cores
HPU available: False, using: 0 HPUs
SLURM auto-requeueing enabled. Setting signal handlers.
[I 2024-10-21 00:54:21,450] Trial 5 finished with value: 0.717265248298645 and parameters: {'hidden_dim': 204, 'n_layers': 1, 'dropout': 0.37785841479252624, 'input_chunk_length': 60, 'learning_rate': 1.8284625898835984e-06, 'batch_size': 64}. Best is trial 1 with value: 0.08726194500923157.
GPU available: False, used: False
TPU available: False, using: 0 TPU cores
HPU available: False, using: 0 HPUs
SLURM auto-requeueing enabled. Setting signal handlers.
Monitored metric train_loss did not improve in the last 54 records. Best score: 0.045. Signaling Trainer to stop.
GPU available: False, used: False
TPU available: False, using: 0 TPU cores
HPU available: False, using: 0 HPUs
SLURM auto-requeueing enabled. Setting signal handlers.
[I 2024-10-21 00:56:47,091] Trial 6 finished with value: 0.3162095546722412 and parameters: {'hidden_dim': 222, 'n_layers': 4, 'dropout': 0.0626959290348228, 'input_chunk_length': 71, 'learning_rate': 0.0004592380036688296, 'batch_size': 64}. Best is trial 1 with value: 0.08726194500923157.
GPU available: False, used: False
TPU available: False, using: 0 TPU cores
HPU available: False, using: 0 HPUs
SLURM auto-requeueing enabled. Setting signal handlers.
Monitored metric train_loss did not improve in the last 55 records. Best score: 0.045. Signaling Trainer to stop.
GPU available: False, used: False
TPU available: False, using: 0 TPU cores
HPU available: False, using: 0 HPUs
SLURM auto-requeueing enabled. Setting signal handlers.
[I 2024-10-21 00:57:55,665] Trial 7 finished with value: 0.4592047929763794 and parameters: {'hidden_dim': 82, 'n_layers': 5, 'dropout': 0.46491326994672777, 'input_chunk_length': 89, 'learning_rate': 3.9679852441490324e-05, 'batch_size': 64}. Best is trial 1 with value: 0.08726194500923157.
GPU available: False, used: False
TPU available: False, using: 0 TPU cores
HPU available: False, using: 0 HPUs
SLURM auto-requeueing enabled. Setting signal handlers.
Monitored metric train_loss did not improve in the last 56 records. Best score: 0.045. Signaling Trainer to stop.
GPU available: False, used: False
TPU available: False, using: 0 TPU cores
HPU available: False, using: 0 HPUs
SLURM auto-requeueing enabled. Setting signal handlers.
[I 2024-10-21 00:59:53,574] Trial 8 finished with value: 0.45566943287849426 and parameters: {'hidden_dim': 206, 'n_layers': 1, 'dropout': 0.31918569387527296, 'input_chunk_length': 80, 'learning_rate': 1.161189326712558e-06, 'batch_size': 32}. Best is trial 1 with value: 0.08726194500923157.
GPU available: False, used: False
TPU available: False, using: 0 TPU cores
HPU available: False, using: 0 HPUs
SLURM auto-requeueing enabled. Setting signal handlers.
Monitored metric train_loss did not improve in the last 57 records. Best score: 0.045. Signaling Trainer to stop.
GPU available: False, used: False
TPU available: False, using: 0 TPU cores
HPU available: False, using: 0 HPUs
SLURM auto-requeueing enabled. Setting signal handlers.
[I 2024-10-21 01:02:10,826] Trial 9 finished with value: 0.4038439691066742 and parameters: {'hidden_dim': 238, 'n_layers': 1, 'dropout': 0.4725064750344635, 'input_chunk_length': 87, 'learning_rate': 3.3498401390998268e-06, 'batch_size': 32}. Best is trial 1 with value: 0.08726194500923157.
GPU available: False, used: False
TPU available: False, using: 0 TPU cores
HPU available: False, using: 0 HPUs
SLURM auto-requeueing enabled. Setting signal handlers.
Monitored metric train_loss did not improve in the last 58 records. Best score: 0.045. Signaling Trainer to stop.
GPU available: False, used: False
TPU available: False, using: 0 TPU cores
HPU available: False, using: 0 HPUs
SLURM auto-requeueing enabled. Setting signal handlers.
[I 2024-10-21 01:03:04,468] Trial 10 finished with value: 0.19393876194953918 and parameters: {'hidden_dim': 152, 'n_layers': 6, 'dropout': 0.017175052184390346, 'input_chunk_length': 34, 'learning_rate': 0.000926937798593175, 'batch_size': 64}. Best is trial 1 with value: 0.08726194500923157.
GPU available: False, used: False
TPU available: False, using: 0 TPU cores
HPU available: False, using: 0 HPUs
SLURM auto-requeueing enabled. Setting signal handlers.
Monitored metric train_loss did not improve in the last 59 records. Best score: 0.045. Signaling Trainer to stop.
GPU available: False, used: False
TPU available: False, using: 0 TPU cores
HPU available: False, using: 0 HPUs
SLURM auto-requeueing enabled. Setting signal handlers.
[I 2024-10-21 01:04:08,481] Trial 11 finished with value: 0.18179601430892944 and parameters: {'hidden_dim': 184, 'n_layers': 3, 'dropout': 0.14745739363293978, 'input_chunk_length': 37, 'learning_rate': 0.00013607369230791887, 'batch_size': 32}. Best is trial 1 with value: 0.08726194500923157.
GPU available: False, used: False
TPU available: False, using: 0 TPU cores
HPU available: False, using: 0 HPUs
SLURM auto-requeueing enabled. Setting signal handlers.
Monitored metric train_loss did not improve in the last 60 records. Best score: 0.045. Signaling Trainer to stop.
GPU available: False, used: False
TPU available: False, using: 0 TPU cores
HPU available: False, using: 0 HPUs
SLURM auto-requeueing enabled. Setting signal handlers.
[I 2024-10-21 01:05:53,576] Trial 12 finished with value: 0.24134235084056854 and parameters: {'hidden_dim': 254, 'n_layers': 3, 'dropout': 0.10890664103803394, 'input_chunk_length': 42, 'learning_rate': 7.155712386510408e-05, 'batch_size': 32}. Best is trial 1 with value: 0.08726194500923157.
GPU available: False, used: False
TPU available: False, using: 0 TPU cores
HPU available: False, using: 0 HPUs
SLURM auto-requeueing enabled. Setting signal handlers.
Monitored metric train_loss did not improve in the last 61 records. Best score: 0.045. Signaling Trainer to stop.
GPU available: False, used: False
TPU available: False, using: 0 TPU cores
HPU available: False, using: 0 HPUs
SLURM auto-requeueing enabled. Setting signal handlers.
[I 2024-10-21 01:06:30,252] Trial 13 finished with value: 0.4591185748577118 and parameters: {'hidden_dim': 175, 'n_layers': 4, 'dropout': 0.26428843315966216, 'input_chunk_length': 14, 'learning_rate': 1.0759093255108647e-05, 'batch_size': 64}. Best is trial 1 with value: 0.08726194500923157.
GPU available: False, used: False
TPU available: False, using: 0 TPU cores
HPU available: False, using: 0 HPUs
SLURM auto-requeueing enabled. Setting signal handlers.
Monitored metric train_loss did not improve in the last 62 records. Best score: 0.045. Signaling Trainer to stop.
GPU available: False, used: False
TPU available: False, using: 0 TPU cores
HPU available: False, using: 0 HPUs
SLURM auto-requeueing enabled. Setting signal handlers.
[I 2024-10-21 01:08:05,540] Trial 14 finished with value: 0.33413466811180115 and parameters: {'hidden_dim': 127, 'n_layers': 3, 'dropout': 0.20316510971926896, 'input_chunk_length': 98, 'learning_rate': 0.00017277959460182808, 'batch_size': 64}. Best is trial 1 with value: 0.08726194500923157.
GPU available: False, used: False
TPU available: False, using: 0 TPU cores
HPU available: False, using: 0 HPUs
SLURM auto-requeueing enabled. Setting signal handlers.
Monitored metric train_loss did not improve in the last 63 records. Best score: 0.045. Signaling Trainer to stop.
GPU available: False, used: False
TPU available: False, using: 0 TPU cores
HPU available: False, using: 0 HPUs
SLURM auto-requeueing enabled. Setting signal handlers.
[I 2024-10-21 01:08:44,832] Trial 15 finished with value: 0.36682775616645813 and parameters: {'hidden_dim': 116, 'n_layers': 2, 'dropout': 0.39206520775033943, 'input_chunk_length': 25, 'learning_rate': 2.4848196203583836e-05, 'batch_size': 32}. Best is trial 1 with value: 0.08726194500923157.
GPU available: False, used: False
TPU available: False, using: 0 TPU cores
HPU available: False, using: 0 HPUs
SLURM auto-requeueing enabled. Setting signal handlers.
Monitored metric train_loss did not improve in the last 64 records. Best score: 0.045. Signaling Trainer to stop.
GPU available: False, used: False
TPU available: False, using: 0 TPU cores
HPU available: False, using: 0 HPUs
SLURM auto-requeueing enabled. Setting signal handlers.
[I 2024-10-21 01:10:11,132] Trial 16 finished with value: 0.3020867705345154 and parameters: {'hidden_dim': 185, 'n_layers': 5, 'dropout': 0.014289291488160123, 'input_chunk_length': 52, 'learning_rate': 0.00021100410049788268, 'batch_size': 64}. Best is trial 1 with value: 0.08726194500923157.
GPU available: False, used: False
TPU available: False, using: 0 TPU cores
HPU available: False, using: 0 HPUs
SLURM auto-requeueing enabled. Setting signal handlers.
Monitored metric train_loss did not improve in the last 65 records. Best score: 0.045. Signaling Trainer to stop.
GPU available: False, used: False
TPU available: False, using: 0 TPU cores
HPU available: False, using: 0 HPUs
SLURM auto-requeueing enabled. Setting signal handlers.
[I 2024-10-21 01:12:56,644] Trial 17 finished with value: 0.2988062798976898 and parameters: {'hidden_dim': 256, 'n_layers': 2, 'dropout': 0.33079066978293903, 'input_chunk_length': 98, 'learning_rate': 5.568526584419574e-05, 'batch_size': 32}. Best is trial 1 with value: 0.08726194500923157.
GPU available: False, used: False
TPU available: False, using: 0 TPU cores
HPU available: False, using: 0 HPUs
SLURM auto-requeueing enabled. Setting signal handlers.
Monitored metric train_loss did not improve in the last 66 records. Best score: 0.045. Signaling Trainer to stop.
GPU available: False, used: False
TPU available: False, using: 0 TPU cores
HPU available: False, using: 0 HPUs
SLURM auto-requeueing enabled. Setting signal handlers.
[I 2024-10-21 01:13:23,476] Trial 18 finished with value: 0.36269500851631165 and parameters: {'hidden_dim': 208, 'n_layers': 4, 'dropout': 0.21661107285573827, 'input_chunk_length': 4, 'learning_rate': 1.201185410846223e-05, 'batch_size': 64}. Best is trial 1 with value: 0.08726194500923157.
GPU available: False, used: False
TPU available: False, using: 0 TPU cores
HPU available: False, using: 0 HPUs
SLURM auto-requeueing enabled. Setting signal handlers.
Monitored metric train_loss did not improve in the last 67 records. Best score: 0.045. Signaling Trainer to stop.
GPU available: False, used: False
TPU available: False, using: 0 TPU cores
HPU available: False, using: 0 HPUs
SLURM auto-requeueing enabled. Setting signal handlers.
[I 2024-10-21 01:15:18,006] Trial 19 finished with value: 0.19564791023731232 and parameters: {'hidden_dim': 173, 'n_layers': 5, 'dropout': 0.08459982500437291, 'input_chunk_length': 75, 'learning_rate': 0.0003865278726860798, 'batch_size': 32}. Best is trial 1 with value: 0.08726194500923157.
GPU available: False, used: False
TPU available: False, using: 0 TPU cores
HPU available: False, using: 0 HPUs
SLURM auto-requeueing enabled. Setting signal handlers.
Monitored metric train_loss did not improve in the last 68 records. Best score: 0.045. Signaling Trainer to stop.
GPU available: False, used: False
TPU available: False, using: 0 TPU cores
HPU available: False, using: 0 HPUs
SLURM auto-requeueing enabled. Setting signal handlers.
[I 2024-10-21 01:16:51,903] Trial 20 finished with value: 0.27194154262542725 and parameters: {'hidden_dim': 235, 'n_layers': 3, 'dropout': 0.15684002006256856, 'input_chunk_length': 48, 'learning_rate': 7.444773264230553e-05, 'batch_size': 64}. Best is trial 1 with value: 0.08726194500923157.
GPU available: False, used: False
TPU available: False, using: 0 TPU cores
HPU available: False, using: 0 HPUs
SLURM auto-requeueing enabled. Setting signal handlers.
Monitored metric train_loss did not improve in the last 69 records. Best score: 0.045. Signaling Trainer to stop.
GPU available: False, used: False
TPU available: False, using: 0 TPU cores
HPU available: False, using: 0 HPUs
SLURM auto-requeueing enabled. Setting signal handlers.
[I 2024-10-21 01:17:52,926] Trial 21 finished with value: 0.30689913034439087 and parameters: {'hidden_dim': 187, 'n_layers': 3, 'dropout': 0.15912863769456362, 'input_chunk_length': 30, 'learning_rate': 0.00013440027703392812, 'batch_size': 32}. Best is trial 1 with value: 0.08726194500923157.
GPU available: False, used: False
TPU available: False, using: 0 TPU cores
HPU available: False, using: 0 HPUs
SLURM auto-requeueing enabled. Setting signal handlers.
Monitored metric train_loss did not improve in the last 70 records. Best score: 0.045. Signaling Trainer to stop.
GPU available: False, used: False
TPU available: False, using: 0 TPU cores
HPU available: False, using: 0 HPUs
SLURM auto-requeueing enabled. Setting signal handlers.
[I 2024-10-21 01:19:01,498] Trial 22 finished with value: 0.1906246542930603 and parameters: {'hidden_dim': 197, 'n_layers': 2, 'dropout': 0.13493848908108197, 'input_chunk_length': 38, 'learning_rate': 0.00035047163726228394, 'batch_size': 32}. Best is trial 1 with value: 0.08726194500923157.
GPU available: False, used: False
TPU available: False, using: 0 TPU cores
HPU available: False, using: 0 HPUs
SLURM auto-requeueing enabled. Setting signal handlers.
Monitored metric train_loss did not improve in the last 71 records. Best score: 0.045. Signaling Trainer to stop.
GPU available: False, used: False
TPU available: False, using: 0 TPU cores
HPU available: False, using: 0 HPUs
SLURM auto-requeueing enabled. Setting signal handlers.
[I 2024-10-21 01:19:47,067] Trial 23 finished with value: 0.22816593945026398 and parameters: {'hidden_dim': 165, 'n_layers': 3, 'dropout': 0.05151266963929996, 'input_chunk_length': 21, 'learning_rate': 0.000116889980968382, 'batch_size': 32}. Best is trial 1 with value: 0.08726194500923157.
GPU available: False, used: False
TPU available: False, using: 0 TPU cores
HPU available: False, using: 0 HPUs
SLURM auto-requeueing enabled. Setting signal handlers.
Monitored metric train_loss did not improve in the last 72 records. Best score: 0.045. Signaling Trainer to stop.
GPU available: False, used: False
TPU available: False, using: 0 TPU cores
HPU available: False, using: 0 HPUs
SLURM auto-requeueing enabled. Setting signal handlers.
[I 2024-10-21 01:21:41,457] Trial 24 finished with value: 0.3161099851131439 and parameters: {'hidden_dim': 219, 'n_layers': 4, 'dropout': 0.23263464726834265, 'input_chunk_length': 58, 'learning_rate': 0.0009944635106559384, 'batch_size': 32}. Best is trial 1 with value: 0.08726194500923157.
GPU available: False, used: False
TPU available: False, using: 0 TPU cores
HPU available: False, using: 0 HPUs
SLURM auto-requeueing enabled. Setting signal handlers.
Monitored metric train_loss did not improve in the last 73 records. Best score: 0.045. Signaling Trainer to stop.
GPU available: False, used: False
TPU available: False, using: 0 TPU cores
HPU available: False, using: 0 HPUs
SLURM auto-requeueing enabled. Setting signal handlers.
