[I 2024-11-01 16:08:16,142] Trial 143 finished with value: 0.18849192559719086 and parameters: {'hidden_dim': 196, 'n_layers': 6, 'dropout': 0.2701461764785762, 'input_chunk_length': 8, 'learning_rate': 0.0012520791935442673, 'batch_size': 32}. Best is trial 0 with value: 0.08160930126905441.
GPU available: False, used: False
TPU available: False, using: 0 TPU cores
HPU available: False, using: 0 HPUs
SLURM auto-requeueing enabled. Setting signal handlers.
Monitored metric train_loss did not improve in the last 173 records. Best score: 0.038. Signaling Trainer to stop.
GPU available: False, used: False
TPU available: False, using: 0 TPU cores
HPU available: False, using: 0 HPUs
SLURM auto-requeueing enabled. Setting signal handlers.
[I 2024-11-01 16:08:55,674] Trial 144 finished with value: 0.21830907464027405 and parameters: {'hidden_dim': 183, 'n_layers': 6, 'dropout': 0.2666453231943755, 'input_chunk_length': 8, 'learning_rate': 0.0008968663432174386, 'batch_size': 32}. Best is trial 0 with value: 0.08160930126905441.
GPU available: False, used: False
TPU available: False, using: 0 TPU cores
HPU available: False, using: 0 HPUs
SLURM auto-requeueing enabled. Setting signal handlers.
Monitored metric train_loss did not improve in the last 174 records. Best score: 0.038. Signaling Trainer to stop.
GPU available: False, used: False
TPU available: False, using: 0 TPU cores
HPU available: False, using: 0 HPUs
SLURM auto-requeueing enabled. Setting signal handlers.
[I 2024-11-01 16:09:43,582] Trial 145 finished with value: 0.2982843220233917 and parameters: {'hidden_dim': 194, 'n_layers': 6, 'dropout': 0.30991807640757, 'input_chunk_length': 13, 'learning_rate': 0.001165268126221715, 'batch_size': 32}. Best is trial 0 with value: 0.08160930126905441.
GPU available: False, used: False
TPU available: False, using: 0 TPU cores
HPU available: False, using: 0 HPUs
SLURM auto-requeueing enabled. Setting signal handlers.
Monitored metric train_loss did not improve in the last 175 records. Best score: 0.038. Signaling Trainer to stop.
GPU available: False, used: False
TPU available: False, using: 0 TPU cores
HPU available: False, using: 0 HPUs
SLURM auto-requeueing enabled. Setting signal handlers.
[I 2024-11-01 16:10:12,287] Trial 146 finished with value: 0.2049381583929062 and parameters: {'hidden_dim': 52, 'n_layers': 6, 'dropout': 0.25469074643383777, 'input_chunk_length': 16, 'learning_rate': 0.0009352259423433373, 'batch_size': 32}. Best is trial 0 with value: 0.08160930126905441.
GPU available: False, used: False
TPU available: False, using: 0 TPU cores
HPU available: False, using: 0 HPUs
SLURM auto-requeueing enabled. Setting signal handlers.
Monitored metric train_loss did not improve in the last 176 records. Best score: 0.038. Signaling Trainer to stop.
GPU available: False, used: False
TPU available: False, using: 0 TPU cores
HPU available: False, using: 0 HPUs
SLURM auto-requeueing enabled. Setting signal handlers.
[I 2024-11-01 16:10:49,150] Trial 147 finished with value: 0.1573794186115265 and parameters: {'hidden_dim': 188, 'n_layers': 3, 'dropout': 0.2905505499974326, 'input_chunk_length': 10, 'learning_rate': 0.0013476471363321992, 'batch_size': 32}. Best is trial 0 with value: 0.08160930126905441.
GPU available: False, used: False
TPU available: False, using: 0 TPU cores
HPU available: False, using: 0 HPUs
SLURM auto-requeueing enabled. Setting signal handlers.
Monitored metric train_loss did not improve in the last 177 records. Best score: 0.038. Signaling Trainer to stop.
GPU available: False, used: False
TPU available: False, using: 0 TPU cores
HPU available: False, using: 0 HPUs
SLURM auto-requeueing enabled. Setting signal handlers.
[I 2024-11-01 16:11:18,704] Trial 148 finished with value: 0.2676852345466614 and parameters: {'hidden_dim': 188, 'n_layers': 4, 'dropout': 0.2903861316812937, 'input_chunk_length': 2, 'learning_rate': 0.0013510934777793166, 'batch_size': 32}. Best is trial 0 with value: 0.08160930126905441.
GPU available: False, used: False
TPU available: False, using: 0 TPU cores
HPU available: False, using: 0 HPUs
SLURM auto-requeueing enabled. Setting signal handlers.
Monitored metric train_loss did not improve in the last 178 records. Best score: 0.038. Signaling Trainer to stop.
GPU available: False, used: False
TPU available: False, using: 0 TPU cores
HPU available: False, using: 0 HPUs
SLURM auto-requeueing enabled. Setting signal handlers.
[I 2024-11-01 16:11:54,556] Trial 149 finished with value: 0.28764623403549194 and parameters: {'hidden_dim': 177, 'n_layers': 3, 'dropout': 0.32119076911646477, 'input_chunk_length': 10, 'learning_rate': 0.0019600337825601724, 'batch_size': 32}. Best is trial 0 with value: 0.08160930126905441.
GPU available: False, used: False
TPU available: False, using: 0 TPU cores
HPU available: False, using: 0 HPUs
SLURM auto-requeueing enabled. Setting signal handlers.
Monitored metric train_loss did not improve in the last 179 records. Best score: 0.038. Signaling Trainer to stop.
GPU available: False, used: False
TPU available: False, using: 0 TPU cores
HPU available: False, using: 0 HPUs
SLURM auto-requeueing enabled. Setting signal handlers.
[I 2024-11-01 16:12:28,476] Trial 150 finished with value: 0.1948871910572052 and parameters: {'hidden_dim': 171, 'n_layers': 5, 'dropout': 0.2472336849652747, 'input_chunk_length': 6, 'learning_rate': 0.0010794565640031065, 'batch_size': 32}. Best is trial 0 with value: 0.08160930126905441.
GPU available: False, used: False
TPU available: False, using: 0 TPU cores
HPU available: False, using: 0 HPUs
SLURM auto-requeueing enabled. Setting signal handlers.
Monitored metric train_loss did not improve in the last 180 records. Best score: 0.038. Signaling Trainer to stop.
GPU available: False, used: False
TPU available: False, using: 0 TPU cores
HPU available: False, using: 0 HPUs
SLURM auto-requeueing enabled. Setting signal handlers.
[I 2024-11-01 16:13:06,601] Trial 151 finished with value: 0.18366436660289764 and parameters: {'hidden_dim': 197, 'n_layers': 3, 'dropout': 0.27178837539348577, 'input_chunk_length': 10, 'learning_rate': 0.0008051427434030977, 'batch_size': 32}. Best is trial 0 with value: 0.08160930126905441.
GPU available: False, used: False
TPU available: False, using: 0 TPU cores
HPU available: False, using: 0 HPUs
SLURM auto-requeueing enabled. Setting signal handlers.
Monitored metric train_loss did not improve in the last 181 records. Best score: 0.038. Signaling Trainer to stop.
GPU available: False, used: False
TPU available: False, using: 0 TPU cores
HPU available: False, using: 0 HPUs
SLURM auto-requeueing enabled. Setting signal handlers.
[I 2024-11-01 16:13:42,564] Trial 152 finished with value: 0.25319430232048035 and parameters: {'hidden_dim': 183, 'n_layers': 3, 'dropout': 0.27417701643306813, 'input_chunk_length': 9, 'learning_rate': 0.0015629733371284205, 'batch_size': 32}. Best is trial 0 with value: 0.08160930126905441.
GPU available: False, used: False
TPU available: False, using: 0 TPU cores
HPU available: False, using: 0 HPUs
SLURM auto-requeueing enabled. Setting signal handlers.
Monitored metric train_loss did not improve in the last 182 records. Best score: 0.038. Signaling Trainer to stop.
GPU available: False, used: False
TPU available: False, using: 0 TPU cores
HPU available: False, using: 0 HPUs
SLURM auto-requeueing enabled. Setting signal handlers.
[I 2024-11-01 16:14:22,040] Trial 153 finished with value: 0.2495305985212326 and parameters: {'hidden_dim': 202, 'n_layers': 3, 'dropout': 0.30018678197924975, 'input_chunk_length': 11, 'learning_rate': 0.001034106876429874, 'batch_size': 32}. Best is trial 0 with value: 0.08160930126905441.
GPU available: False, used: False
TPU available: False, using: 0 TPU cores
HPU available: False, using: 0 HPUs
SLURM auto-requeueing enabled. Setting signal handlers.
Monitored metric train_loss did not improve in the last 183 records. Best score: 0.038. Signaling Trainer to stop.
GPU available: False, used: False
TPU available: False, using: 0 TPU cores
HPU available: False, using: 0 HPUs
SLURM auto-requeueing enabled. Setting signal handlers.
[I 2024-11-01 16:14:53,723] Trial 154 finished with value: 0.25248414278030396 and parameters: {'hidden_dim': 190, 'n_layers': 3, 'dropout': 0.28961518862047253, 'input_chunk_length': 5, 'learning_rate': 0.0012057004148951999, 'batch_size': 32}. Best is trial 0 with value: 0.08160930126905441.
GPU available: False, used: False
TPU available: False, using: 0 TPU cores
HPU available: False, using: 0 HPUs
SLURM auto-requeueing enabled. Setting signal handlers.
Monitored metric train_loss did not improve in the last 184 records. Best score: 0.038. Signaling Trainer to stop.
GPU available: False, used: False
TPU available: False, using: 0 TPU cores
HPU available: False, using: 0 HPUs
SLURM auto-requeueing enabled. Setting signal handlers.
[I 2024-11-01 16:15:28,190] Trial 155 finished with value: 0.19042477011680603 and parameters: {'hidden_dim': 198, 'n_layers': 3, 'dropout': 0.27336728707905805, 'input_chunk_length': 7, 'learning_rate': 0.0013025623858258584, 'batch_size': 32}. Best is trial 0 with value: 0.08160930126905441.
GPU available: False, used: False
TPU available: False, using: 0 TPU cores
HPU available: False, using: 0 HPUs
SLURM auto-requeueing enabled. Setting signal handlers.
Monitored metric train_loss did not improve in the last 185 records. Best score: 0.038. Signaling Trainer to stop.
GPU available: False, used: False
TPU available: False, using: 0 TPU cores
HPU available: False, using: 0 HPUs
SLURM auto-requeueing enabled. Setting signal handlers.
[I 2024-11-01 16:16:09,470] Trial 156 finished with value: 0.30003461241722107 and parameters: {'hidden_dim': 185, 'n_layers': 4, 'dropout': 0.297213288794876, 'input_chunk_length': 12, 'learning_rate': 0.0008407702824234767, 'batch_size': 32}. Best is trial 0 with value: 0.08160930126905441.
GPU available: False, used: False
TPU available: False, using: 0 TPU cores
HPU available: False, using: 0 HPUs
SLURM auto-requeueing enabled. Setting signal handlers.
Monitored metric train_loss did not improve in the last 186 records. Best score: 0.038. Signaling Trainer to stop.
GPU available: False, used: False
TPU available: False, using: 0 TPU cores
HPU available: False, using: 0 HPUs
SLURM auto-requeueing enabled. Setting signal handlers.
[I 2024-11-01 16:17:00,521] Trial 157 finished with value: 0.2524886131286621 and parameters: {'hidden_dim': 178, 'n_layers': 4, 'dropout': 0.311124915281586, 'input_chunk_length': 19, 'learning_rate': 0.0001570701922489565, 'batch_size': 32}. Best is trial 0 with value: 0.08160930126905441.
GPU available: False, used: False
TPU available: False, using: 0 TPU cores
HPU available: False, using: 0 HPUs
SLURM auto-requeueing enabled. Setting signal handlers.
Monitored metric train_loss did not improve in the last 187 records. Best score: 0.038. Signaling Trainer to stop.
GPU available: False, used: False
TPU available: False, using: 0 TPU cores
HPU available: False, using: 0 HPUs
SLURM auto-requeueing enabled. Setting signal handlers.
[I 2024-11-01 16:17:32,246] Trial 158 finished with value: 0.2921059727668762 and parameters: {'hidden_dim': 195, 'n_layers': 3, 'dropout': 0.26804506617064616, 'input_chunk_length': 4, 'learning_rate': 0.001835991659324306, 'batch_size': 32}. Best is trial 0 with value: 0.08160930126905441.
GPU available: False, used: False
TPU available: False, using: 0 TPU cores
HPU available: False, using: 0 HPUs
SLURM auto-requeueing enabled. Setting signal handlers.
Monitored metric train_loss did not improve in the last 188 records. Best score: 0.038. Signaling Trainer to stop.
GPU available: False, used: False
TPU available: False, using: 0 TPU cores
HPU available: False, using: 0 HPUs
SLURM auto-requeueing enabled. Setting signal handlers.
[I 2024-11-01 16:18:08,282] Trial 159 finished with value: 0.22177599370479584 and parameters: {'hidden_dim': 189, 'n_layers': 3, 'dropout': 0.2371857411680336, 'input_chunk_length': 8, 'learning_rate': 0.0014966663421467584, 'batch_size': 32}. Best is trial 0 with value: 0.08160930126905441.
GPU available: False, used: False
TPU available: False, using: 0 TPU cores
HPU available: False, using: 0 HPUs
SLURM auto-requeueing enabled. Setting signal handlers.
Monitored metric train_loss did not improve in the last 189 records. Best score: 0.038. Signaling Trainer to stop.
GPU available: False, used: False
TPU available: False, using: 0 TPU cores
HPU available: False, using: 0 HPUs
SLURM auto-requeueing enabled. Setting signal handlers.
[I 2024-11-01 16:19:03,943] Trial 160 finished with value: 0.2914940416812897 and parameters: {'hidden_dim': 203, 'n_layers': 6, 'dropout': 0.32969405709604016, 'input_chunk_length': 15, 'learning_rate': 0.0009471205975041814, 'batch_size': 32}. Best is trial 0 with value: 0.08160930126905441.
GPU available: False, used: False
TPU available: False, using: 0 TPU cores
HPU available: False, using: 0 HPUs
SLURM auto-requeueing enabled. Setting signal handlers.
Monitored metric train_loss did not improve in the last 190 records. Best score: 0.038. Signaling Trainer to stop.
GPU available: False, used: False
TPU available: False, using: 0 TPU cores
HPU available: False, using: 0 HPUs
SLURM auto-requeueing enabled. Setting signal handlers.
[I 2024-11-01 16:19:52,506] Trial 161 finished with value: 0.21674922108650208 and parameters: {'hidden_dim': 197, 'n_layers': 6, 'dropout': 0.44908075527302665, 'input_chunk_length': 13, 'learning_rate': 0.0007868947838317473, 'batch_size': 32}. Best is trial 0 with value: 0.08160930126905441.
GPU available: False, used: False
TPU available: False, using: 0 TPU cores
HPU available: False, using: 0 HPUs
SLURM auto-requeueing enabled. Setting signal handlers.
Monitored metric train_loss did not improve in the last 191 records. Best score: 0.038. Signaling Trainer to stop.
GPU available: False, used: False
TPU available: False, using: 0 TPU cores
HPU available: False, using: 0 HPUs
SLURM auto-requeueing enabled. Setting signal handlers.
[I 2024-11-01 16:21:58,123] Trial 162 finished with value: 0.21369072794914246 and parameters: {'hidden_dim': 192, 'n_layers': 6, 'dropout': 0.43845056580379016, 'input_chunk_length': 80, 'learning_rate': 0.0007332096054250535, 'batch_size': 32}. Best is trial 0 with value: 0.08160930126905441.
GPU available: False, used: False
TPU available: False, using: 0 TPU cores
HPU available: False, using: 0 HPUs
SLURM auto-requeueing enabled. Setting signal handlers.
Monitored metric train_loss did not improve in the last 192 records. Best score: 0.038. Signaling Trainer to stop.
GPU available: False, used: False
TPU available: False, using: 0 TPU cores
HPU available: False, using: 0 HPUs
SLURM auto-requeueing enabled. Setting signal handlers.
[I 2024-11-01 16:22:40,657] Trial 163 finished with value: 0.21085065603256226 and parameters: {'hidden_dim': 183, 'n_layers': 6, 'dropout': 0.28065692864354097, 'input_chunk_length': 10, 'learning_rate': 0.0006538557366001649, 'batch_size': 32}. Best is trial 0 with value: 0.08160930126905441.
GPU available: False, used: False
TPU available: False, using: 0 TPU cores
HPU available: False, using: 0 HPUs
SLURM auto-requeueing enabled. Setting signal handlers.
Monitored metric train_loss did not improve in the last 193 records. Best score: 0.038. Signaling Trainer to stop.
GPU available: False, used: False
TPU available: False, using: 0 TPU cores
HPU available: False, using: 0 HPUs
SLURM auto-requeueing enabled. Setting signal handlers.
[I 2024-11-01 16:23:21,363] Trial 164 finished with value: 0.31911906599998474 and parameters: {'hidden_dim': 206, 'n_layers': 6, 'dropout': 0.4299970010151813, 'input_chunk_length': 6, 'learning_rate': 0.0010751450750455338, 'batch_size': 32}. Best is trial 0 with value: 0.08160930126905441.
GPU available: False, used: False
TPU available: False, using: 0 TPU cores
HPU available: False, using: 0 HPUs
SLURM auto-requeueing enabled. Setting signal handlers.
Monitored metric train_loss did not improve in the last 194 records. Best score: 0.038. Signaling Trainer to stop.
GPU available: False, used: False
TPU available: False, using: 0 TPU cores
HPU available: False, using: 0 HPUs
SLURM auto-requeueing enabled. Setting signal handlers.
[I 2024-11-01 16:24:16,736] Trial 165 finished with value: 0.5081605911254883 and parameters: {'hidden_dim': 199, 'n_layers': 6, 'dropout': 0.44734879722133836, 'input_chunk_length': 16, 'learning_rate': 0.006815844013085911, 'batch_size': 32}. Best is trial 0 with value: 0.08160930126905441.
GPU available: False, used: False
TPU available: False, using: 0 TPU cores
HPU available: False, using: 0 HPUs
SLURM auto-requeueing enabled. Setting signal handlers.
Monitored metric train_loss did not improve in the last 195 records. Best score: 0.038. Signaling Trainer to stop.
GPU available: False, used: False
TPU available: False, using: 0 TPU cores
HPU available: False, using: 0 HPUs
SLURM auto-requeueing enabled. Setting signal handlers.
[I 2024-11-01 16:24:57,762] Trial 166 finished with value: 0.21860361099243164 and parameters: {'hidden_dim': 195, 'n_layers': 6, 'dropout': 0.4215023477380135, 'input_chunk_length': 8, 'learning_rate': 0.0012831117392190301, 'batch_size': 32}. Best is trial 0 with value: 0.08160930126905441.
GPU available: False, used: False
TPU available: False, using: 0 TPU cores
HPU available: False, using: 0 HPUs
SLURM auto-requeueing enabled. Setting signal handlers.
Monitored metric train_loss did not improve in the last 196 records. Best score: 0.038. Signaling Trainer to stop.
GPU available: False, used: False
TPU available: False, using: 0 TPU cores
HPU available: False, using: 0 HPUs
SLURM auto-requeueing enabled. Setting signal handlers.
[I 2024-11-01 16:25:30,010] Trial 167 finished with value: 0.1800486296415329 and parameters: {'hidden_dim': 185, 'n_layers': 6, 'dropout': 0.45696158325683484, 'input_chunk_length': 2, 'learning_rate': 0.000899788854378474, 'batch_size': 32}. Best is trial 0 with value: 0.08160930126905441.
GPU available: False, used: False
TPU available: False, using: 0 TPU cores
HPU available: False, using: 0 HPUs
SLURM auto-requeueing enabled. Setting signal handlers.
Monitored metric train_loss did not improve in the last 197 records. Best score: 0.038. Signaling Trainer to stop.
GPU available: False, used: False
TPU available: False, using: 0 TPU cores
HPU available: False, using: 0 HPUs
SLURM auto-requeueing enabled. Setting signal handlers.
[I 2024-11-01 16:25:59,679] Trial 168 finished with value: 0.36162254214286804 and parameters: {'hidden_dim': 174, 'n_layers': 5, 'dropout': 0.4579816284109778, 'input_chunk_length': 2, 'learning_rate': 3.6002655089760844e-05, 'batch_size': 32}. Best is trial 0 with value: 0.08160930126905441.
GPU available: False, used: False
TPU available: False, using: 0 TPU cores
HPU available: False, using: 0 HPUs
SLURM auto-requeueing enabled. Setting signal handlers.
Monitored metric train_loss did not improve in the last 198 records. Best score: 0.038. Signaling Trainer to stop.
GPU available: False, used: False
TPU available: False, using: 0 TPU cores
HPU available: False, using: 0 HPUs
SLURM auto-requeueing enabled. Setting signal handlers.
[I 2024-11-01 16:26:27,173] Trial 169 finished with value: 0.16675661504268646 and parameters: {'hidden_dim': 153, 'n_layers': 2, 'dropout': 0.29962084334282696, 'input_chunk_length': 5, 'learning_rate': 0.0009444295830103864, 'batch_size': 32}. Best is trial 0 with value: 0.08160930126905441.
GPU available: False, used: False
TPU available: False, using: 0 TPU cores
HPU available: False, using: 0 HPUs
SLURM auto-requeueing enabled. Setting signal handlers.
Monitored metric train_loss did not improve in the last 199 records. Best score: 0.038. Signaling Trainer to stop.
GPU available: False, used: False
TPU available: False, using: 0 TPU cores
HPU available: False, using: 0 HPUs
SLURM auto-requeueing enabled. Setting signal handlers.
[I 2024-11-01 16:27:00,140] Trial 170 finished with value: 0.24168670177459717 and parameters: {'hidden_dim': 186, 'n_layers': 6, 'dropout': 0.30439695304247005, 'input_chunk_length': 2, 'learning_rate': 0.0008938443055110062, 'batch_size': 32}. Best is trial 0 with value: 0.08160930126905441.
GPU available: False, used: False
TPU available: False, using: 0 TPU cores
HPU available: False, using: 0 HPUs
SLURM auto-requeueing enabled. Setting signal handlers.
Monitored metric train_loss did not improve in the last 200 records. Best score: 0.038. Signaling Trainer to stop.
GPU available: False, used: False
TPU available: False, using: 0 TPU cores
HPU available: False, using: 0 HPUs
SLURM auto-requeueing enabled. Setting signal handlers.
[I 2024-11-01 16:27:26,058] Trial 171 finished with value: 0.14751730859279633 and parameters: {'hidden_dim': 144, 'n_layers': 2, 'dropout': 0.28948369716178, 'input_chunk_length': 5, 'learning_rate': 0.0011120461464437016, 'batch_size': 32}. Best is trial 0 with value: 0.08160930126905441.
GPU available: False, used: False
TPU available: False, using: 0 TPU cores
HPU available: False, using: 0 HPUs
SLURM auto-requeueing enabled. Setting signal handlers.
Monitored metric train_loss did not improve in the last 201 records. Best score: 0.038. Signaling Trainer to stop.
GPU available: False, used: False
TPU available: False, using: 0 TPU cores
HPU available: False, using: 0 HPUs
SLURM auto-requeueing enabled. Setting signal handlers.
