[I 2024-11-03 18:20:43,368] Trial 122 finished with value: 0.329079806804657 and parameters: {'hidden_dim': 405, 'n_layers': 4, 'dropout': 0.010340606948889327, 'input_chunk_length': 23, 'learning_rate': 4.710249111337435e-05, 'batch_size': 32}. Best is trial 0 with value: 0.24586667120456696.
GPU available: True (cuda), used: True
TPU available: False, using: 0 TPU cores
HPU available: False, using: 0 HPUs
LOCAL_RANK: 0 - CUDA_VISIBLE_DEVICES: [0,1,2,3]
SLURM auto-requeueing enabled. Setting signal handlers.
Monitored metric train_loss did not improve in the last 182 records. Best score: 0.081. Signaling Trainer to stop.
GPU available: True (cuda), used: True
TPU available: False, using: 0 TPU cores
HPU available: False, using: 0 HPUs
LOCAL_RANK: 0 - CUDA_VISIBLE_DEVICES: [0,1,2,3]
SLURM auto-requeueing enabled. Setting signal handlers.
[I 2024-11-03 18:20:58,979] Trial 123 finished with value: 0.32445743680000305 and parameters: {'hidden_dim': 427, 'n_layers': 4, 'dropout': 0.028605709034873618, 'input_chunk_length': 19, 'learning_rate': 0.00016683458747678603, 'batch_size': 32}. Best is trial 0 with value: 0.24586667120456696.
GPU available: True (cuda), used: True
TPU available: False, using: 0 TPU cores
HPU available: False, using: 0 HPUs
LOCAL_RANK: 0 - CUDA_VISIBLE_DEVICES: [0,1,2,3]
SLURM auto-requeueing enabled. Setting signal handlers.
Monitored metric train_loss did not improve in the last 183 records. Best score: 0.081. Signaling Trainer to stop.
GPU available: True (cuda), used: True
TPU available: False, using: 0 TPU cores
HPU available: False, using: 0 HPUs
LOCAL_RANK: 0 - CUDA_VISIBLE_DEVICES: [0,1,2,3]
SLURM auto-requeueing enabled. Setting signal handlers.
[I 2024-11-03 18:21:14,811] Trial 124 finished with value: 0.3889281749725342 and parameters: {'hidden_dim': 443, 'n_layers': 3, 'dropout': 0.049211920698595056, 'input_chunk_length': 31, 'learning_rate': 7.036067427533855e-05, 'batch_size': 32}. Best is trial 0 with value: 0.24586667120456696.
GPU available: True (cuda), used: True
TPU available: False, using: 0 TPU cores
HPU available: False, using: 0 HPUs
LOCAL_RANK: 0 - CUDA_VISIBLE_DEVICES: [0,1,2,3]
SLURM auto-requeueing enabled. Setting signal handlers.
Monitored metric train_loss did not improve in the last 184 records. Best score: 0.081. Signaling Trainer to stop.
GPU available: True (cuda), used: True
TPU available: False, using: 0 TPU cores
HPU available: False, using: 0 HPUs
LOCAL_RANK: 0 - CUDA_VISIBLE_DEVICES: [0,1,2,3]
SLURM auto-requeueing enabled. Setting signal handlers.
[I 2024-11-03 18:21:30,568] Trial 125 finished with value: 0.41232019662857056 and parameters: {'hidden_dim': 415, 'n_layers': 4, 'dropout': 0.0009009039577947441, 'input_chunk_length': 15, 'learning_rate': 0.00012878077992591248, 'batch_size': 32}. Best is trial 0 with value: 0.24586667120456696.
GPU available: True (cuda), used: True
TPU available: False, using: 0 TPU cores
HPU available: False, using: 0 HPUs
LOCAL_RANK: 0 - CUDA_VISIBLE_DEVICES: [0,1,2,3]
SLURM auto-requeueing enabled. Setting signal handlers.
Monitored metric train_loss did not improve in the last 185 records. Best score: 0.081. Signaling Trainer to stop.
GPU available: True (cuda), used: True
TPU available: False, using: 0 TPU cores
HPU available: False, using: 0 HPUs
LOCAL_RANK: 0 - CUDA_VISIBLE_DEVICES: [0,1,2,3]
SLURM auto-requeueing enabled. Setting signal handlers.
[I 2024-11-03 18:21:46,031] Trial 126 finished with value: 0.4182790219783783 and parameters: {'hidden_dim': 454, 'n_layers': 4, 'dropout': 0.3871758977217215, 'input_chunk_length': 12, 'learning_rate': 0.00019882196142050564, 'batch_size': 32}. Best is trial 0 with value: 0.24586667120456696.
GPU available: True (cuda), used: True
TPU available: False, using: 0 TPU cores
HPU available: False, using: 0 HPUs
LOCAL_RANK: 0 - CUDA_VISIBLE_DEVICES: [0,1,2,3]
SLURM auto-requeueing enabled. Setting signal handlers.
Monitored metric train_loss did not improve in the last 186 records. Best score: 0.081. Signaling Trainer to stop.
GPU available: True (cuda), used: True
TPU available: False, using: 0 TPU cores
HPU available: False, using: 0 HPUs
LOCAL_RANK: 0 - CUDA_VISIBLE_DEVICES: [0,1,2,3]
SLURM auto-requeueing enabled. Setting signal handlers.
[I 2024-11-03 18:22:02,044] Trial 127 finished with value: 0.391937792301178 and parameters: {'hidden_dim': 395, 'n_layers': 5, 'dropout': 0.016782020810769217, 'input_chunk_length': 25, 'learning_rate': 0.0003594326670452994, 'batch_size': 32}. Best is trial 0 with value: 0.24586667120456696.
GPU available: True (cuda), used: True
TPU available: False, using: 0 TPU cores
HPU available: False, using: 0 HPUs
LOCAL_RANK: 0 - CUDA_VISIBLE_DEVICES: [0,1,2,3]
SLURM auto-requeueing enabled. Setting signal handlers.
Monitored metric train_loss did not improve in the last 187 records. Best score: 0.081. Signaling Trainer to stop.
GPU available: True (cuda), used: True
TPU available: False, using: 0 TPU cores
HPU available: False, using: 0 HPUs
LOCAL_RANK: 0 - CUDA_VISIBLE_DEVICES: [0,1,2,3]
SLURM auto-requeueing enabled. Setting signal handlers.
[I 2024-11-03 18:22:17,726] Trial 128 finished with value: 0.3648642599582672 and parameters: {'hidden_dim': 375, 'n_layers': 4, 'dropout': 0.03903948595536985, 'input_chunk_length': 20, 'learning_rate': 0.00010237202844105402, 'batch_size': 32}. Best is trial 0 with value: 0.24586667120456696.
GPU available: True (cuda), used: True
TPU available: False, using: 0 TPU cores
HPU available: False, using: 0 HPUs
LOCAL_RANK: 0 - CUDA_VISIBLE_DEVICES: [0,1,2,3]
SLURM auto-requeueing enabled. Setting signal handlers.
Monitored metric train_loss did not improve in the last 188 records. Best score: 0.081. Signaling Trainer to stop.
GPU available: True (cuda), used: True
TPU available: False, using: 0 TPU cores
HPU available: False, using: 0 HPUs
LOCAL_RANK: 0 - CUDA_VISIBLE_DEVICES: [0,1,2,3]
SLURM auto-requeueing enabled. Setting signal handlers.
[I 2024-11-03 18:22:33,862] Trial 129 finished with value: 0.3272596597671509 and parameters: {'hidden_dim': 468, 'n_layers': 4, 'dropout': 0.07600565142954561, 'input_chunk_length': 28, 'learning_rate': 5.789145251099805e-05, 'batch_size': 32}. Best is trial 0 with value: 0.24586667120456696.
GPU available: True (cuda), used: True
TPU available: False, using: 0 TPU cores
HPU available: False, using: 0 HPUs
LOCAL_RANK: 0 - CUDA_VISIBLE_DEVICES: [0,1,2,3]
SLURM auto-requeueing enabled. Setting signal handlers.
Monitored metric train_loss did not improve in the last 189 records. Best score: 0.081. Signaling Trainer to stop.
GPU available: True (cuda), used: True
TPU available: False, using: 0 TPU cores
HPU available: False, using: 0 HPUs
LOCAL_RANK: 0 - CUDA_VISIBLE_DEVICES: [0,1,2,3]
SLURM auto-requeueing enabled. Setting signal handlers.
[I 2024-11-03 18:22:49,204] Trial 130 finished with value: 0.3537358045578003 and parameters: {'hidden_dim': 407, 'n_layers': 3, 'dropout': 0.030795023423161698, 'input_chunk_length': 17, 'learning_rate': 8.194824084710492e-05, 'batch_size': 32}. Best is trial 0 with value: 0.24586667120456696.
GPU available: True (cuda), used: True
TPU available: False, using: 0 TPU cores
HPU available: False, using: 0 HPUs
LOCAL_RANK: 0 - CUDA_VISIBLE_DEVICES: [0,1,2,3]
SLURM auto-requeueing enabled. Setting signal handlers.
Monitored metric train_loss did not improve in the last 190 records. Best score: 0.081. Signaling Trainer to stop.
GPU available: True (cuda), used: True
TPU available: False, using: 0 TPU cores
HPU available: False, using: 0 HPUs
LOCAL_RANK: 0 - CUDA_VISIBLE_DEVICES: [0,1,2,3]
SLURM auto-requeueing enabled. Setting signal handlers.
[I 2024-11-03 18:23:04,870] Trial 131 finished with value: 0.3028886318206787 and parameters: {'hidden_dim': 455, 'n_layers': 4, 'dropout': 0.020856758213964065, 'input_chunk_length': 17, 'learning_rate': 0.00011341521049220396, 'batch_size': 32}. Best is trial 0 with value: 0.24586667120456696.
GPU available: True (cuda), used: True
TPU available: False, using: 0 TPU cores
HPU available: False, using: 0 HPUs
LOCAL_RANK: 0 - CUDA_VISIBLE_DEVICES: [0,1,2,3]
SLURM auto-requeueing enabled. Setting signal handlers.
Monitored metric train_loss did not improve in the last 191 records. Best score: 0.081. Signaling Trainer to stop.
GPU available: True (cuda), used: True
TPU available: False, using: 0 TPU cores
HPU available: False, using: 0 HPUs
LOCAL_RANK: 0 - CUDA_VISIBLE_DEVICES: [0,1,2,3]
SLURM auto-requeueing enabled. Setting signal handlers.
[I 2024-11-03 18:23:20,268] Trial 132 finished with value: 0.3534453511238098 and parameters: {'hidden_dim': 422, 'n_layers': 4, 'dropout': 0.013134644696875301, 'input_chunk_length': 10, 'learning_rate': 0.00011960736716156215, 'batch_size': 32}. Best is trial 0 with value: 0.24586667120456696.
GPU available: True (cuda), used: True
TPU available: False, using: 0 TPU cores
HPU available: False, using: 0 HPUs
LOCAL_RANK: 0 - CUDA_VISIBLE_DEVICES: [0,1,2,3]
SLURM auto-requeueing enabled. Setting signal handlers.
Monitored metric train_loss did not improve in the last 192 records. Best score: 0.081. Signaling Trainer to stop.
GPU available: True (cuda), used: True
TPU available: False, using: 0 TPU cores
HPU available: False, using: 0 HPUs
LOCAL_RANK: 0 - CUDA_VISIBLE_DEVICES: [0,1,2,3]
SLURM auto-requeueing enabled. Setting signal handlers.
[I 2024-11-03 18:23:35,839] Trial 133 finished with value: 0.36348122358322144 and parameters: {'hidden_dim': 432, 'n_layers': 4, 'dropout': 0.022653482662184095, 'input_chunk_length': 14, 'learning_rate': 6.638104145164336e-05, 'batch_size': 32}. Best is trial 0 with value: 0.24586667120456696.
GPU available: True (cuda), used: True
TPU available: False, using: 0 TPU cores
HPU available: False, using: 0 HPUs
LOCAL_RANK: 0 - CUDA_VISIBLE_DEVICES: [0,1,2,3]
SLURM auto-requeueing enabled. Setting signal handlers.
Monitored metric train_loss did not improve in the last 193 records. Best score: 0.081. Signaling Trainer to stop.
GPU available: True (cuda), used: True
TPU available: False, using: 0 TPU cores
HPU available: False, using: 0 HPUs
LOCAL_RANK: 0 - CUDA_VISIBLE_DEVICES: [0,1,2,3]
SLURM auto-requeueing enabled. Setting signal handlers.
[I 2024-11-03 18:23:51,584] Trial 134 finished with value: 0.36229658126831055 and parameters: {'hidden_dim': 442, 'n_layers': 4, 'dropout': 0.0453436941305862, 'input_chunk_length': 22, 'learning_rate': 9.515959586395795e-05, 'batch_size': 32}. Best is trial 0 with value: 0.24586667120456696.
GPU available: True (cuda), used: True
TPU available: False, using: 0 TPU cores
HPU available: False, using: 0 HPUs
LOCAL_RANK: 0 - CUDA_VISIBLE_DEVICES: [0,1,2,3]
SLURM auto-requeueing enabled. Setting signal handlers.
Monitored metric train_loss did not improve in the last 194 records. Best score: 0.081. Signaling Trainer to stop.
GPU available: True (cuda), used: True
TPU available: False, using: 0 TPU cores
HPU available: False, using: 0 HPUs
LOCAL_RANK: 0 - CUDA_VISIBLE_DEVICES: [0,1,2,3]
SLURM auto-requeueing enabled. Setting signal handlers.
[I 2024-11-03 18:24:07,259] Trial 135 finished with value: 0.34611600637435913 and parameters: {'hidden_dim': 419, 'n_layers': 4, 'dropout': 0.335867236140618, 'input_chunk_length': 18, 'learning_rate': 0.0002644869324474392, 'batch_size': 32}. Best is trial 0 with value: 0.24586667120456696.
GPU available: True (cuda), used: True
TPU available: False, using: 0 TPU cores
HPU available: False, using: 0 HPUs
LOCAL_RANK: 0 - CUDA_VISIBLE_DEVICES: [0,1,2,3]
SLURM auto-requeueing enabled. Setting signal handlers.
Monitored metric train_loss did not improve in the last 195 records. Best score: 0.081. Signaling Trainer to stop.
GPU available: True (cuda), used: True
TPU available: False, using: 0 TPU cores
HPU available: False, using: 0 HPUs
LOCAL_RANK: 0 - CUDA_VISIBLE_DEVICES: [0,1,2,3]
SLURM auto-requeueing enabled. Setting signal handlers.
[I 2024-11-03 18:24:23,385] Trial 136 finished with value: 0.37442266941070557 and parameters: {'hidden_dim': 458, 'n_layers': 4, 'dropout': 0.0006327732814408718, 'input_chunk_length': 25, 'learning_rate': 0.00017300363553382101, 'batch_size': 32}. Best is trial 0 with value: 0.24586667120456696.
GPU available: True (cuda), used: True
TPU available: False, using: 0 TPU cores
HPU available: False, using: 0 HPUs
LOCAL_RANK: 0 - CUDA_VISIBLE_DEVICES: [0,1,2,3]
SLURM auto-requeueing enabled. Setting signal handlers.
Monitored metric train_loss did not improve in the last 196 records. Best score: 0.081. Signaling Trainer to stop.
GPU available: True (cuda), used: True
TPU available: False, using: 0 TPU cores
HPU available: False, using: 0 HPUs
LOCAL_RANK: 0 - CUDA_VISIBLE_DEVICES: [0,1,2,3]
SLURM auto-requeueing enabled. Setting signal handlers.
[I 2024-11-03 18:24:39,177] Trial 137 finished with value: 0.3140968084335327 and parameters: {'hidden_dim': 433, 'n_layers': 4, 'dropout': 0.05722720167621235, 'input_chunk_length': 23, 'learning_rate': 0.0001489428819053838, 'batch_size': 32}. Best is trial 0 with value: 0.24586667120456696.
GPU available: True (cuda), used: True
TPU available: False, using: 0 TPU cores
HPU available: False, using: 0 HPUs
LOCAL_RANK: 0 - CUDA_VISIBLE_DEVICES: [0,1,2,3]
SLURM auto-requeueing enabled. Setting signal handlers.
Monitored metric train_loss did not improve in the last 197 records. Best score: 0.081. Signaling Trainer to stop.
GPU available: True (cuda), used: True
TPU available: False, using: 0 TPU cores
HPU available: False, using: 0 HPUs
LOCAL_RANK: 0 - CUDA_VISIBLE_DEVICES: [0,1,2,3]
SLURM auto-requeueing enabled. Setting signal handlers.
[I 2024-11-03 18:24:57,142] Trial 138 finished with value: 0.3627781271934509 and parameters: {'hidden_dim': 471, 'n_layers': 5, 'dropout': 0.009976879073841996, 'input_chunk_length': 45, 'learning_rate': 4.3059414228026346e-05, 'batch_size': 32}. Best is trial 0 with value: 0.24586667120456696.
GPU available: True (cuda), used: True
TPU available: False, using: 0 TPU cores
HPU available: False, using: 0 HPUs
LOCAL_RANK: 0 - CUDA_VISIBLE_DEVICES: [0,1,2,3]
SLURM auto-requeueing enabled. Setting signal handlers.
Monitored metric train_loss did not improve in the last 198 records. Best score: 0.081. Signaling Trainer to stop.
GPU available: True (cuda), used: True
TPU available: False, using: 0 TPU cores
HPU available: False, using: 0 HPUs
LOCAL_RANK: 0 - CUDA_VISIBLE_DEVICES: [0,1,2,3]
SLURM auto-requeueing enabled. Setting signal handlers.
[I 2024-11-03 18:25:12,287] Trial 139 finished with value: 0.37683552503585815 and parameters: {'hidden_dim': 408, 'n_layers': 3, 'dropout': 0.04163201214228113, 'input_chunk_length': 13, 'learning_rate': 7.955879202920367e-05, 'batch_size': 32}. Best is trial 0 with value: 0.24586667120456696.
GPU available: True (cuda), used: True
TPU available: False, using: 0 TPU cores
HPU available: False, using: 0 HPUs
LOCAL_RANK: 0 - CUDA_VISIBLE_DEVICES: [0,1,2,3]
SLURM auto-requeueing enabled. Setting signal handlers.
Monitored metric train_loss did not improve in the last 199 records. Best score: 0.081. Signaling Trainer to stop.
GPU available: True (cuda), used: True
TPU available: False, using: 0 TPU cores
HPU available: False, using: 0 HPUs
LOCAL_RANK: 0 - CUDA_VISIBLE_DEVICES: [0,1,2,3]
SLURM auto-requeueing enabled. Setting signal handlers.
[I 2024-11-03 18:25:28,531] Trial 140 finished with value: 0.38291430473327637 and parameters: {'hidden_dim': 447, 'n_layers': 4, 'dropout': 0.032328018764514736, 'input_chunk_length': 29, 'learning_rate': 7.36718745373597e-05, 'batch_size': 32}. Best is trial 0 with value: 0.24586667120456696.
GPU available: True (cuda), used: True
TPU available: False, using: 0 TPU cores
HPU available: False, using: 0 HPUs
LOCAL_RANK: 0 - CUDA_VISIBLE_DEVICES: [0,1,2,3]
SLURM auto-requeueing enabled. Setting signal handlers.
Monitored metric train_loss did not improve in the last 200 records. Best score: 0.081. Signaling Trainer to stop.
GPU available: True (cuda), used: True
TPU available: False, using: 0 TPU cores
HPU available: False, using: 0 HPUs
LOCAL_RANK: 0 - CUDA_VISIBLE_DEVICES: [0,1,2,3]
SLURM auto-requeueing enabled. Setting signal handlers.
[I 2024-11-03 18:25:43,975] Trial 141 finished with value: 0.3438316881656647 and parameters: {'hidden_dim': 452, 'n_layers': 4, 'dropout': 0.022792146956357423, 'input_chunk_length': 17, 'learning_rate': 0.0001103443391569584, 'batch_size': 32}. Best is trial 0 with value: 0.24586667120456696.
GPU available: True (cuda), used: True
TPU available: False, using: 0 TPU cores
HPU available: False, using: 0 HPUs
LOCAL_RANK: 0 - CUDA_VISIBLE_DEVICES: [0,1,2,3]
SLURM auto-requeueing enabled. Setting signal handlers.
Monitored metric train_loss did not improve in the last 201 records. Best score: 0.081. Signaling Trainer to stop.
GPU available: True (cuda), used: True
TPU available: False, using: 0 TPU cores
HPU available: False, using: 0 HPUs
LOCAL_RANK: 0 - CUDA_VISIBLE_DEVICES: [0,1,2,3]
SLURM auto-requeueing enabled. Setting signal handlers.
[I 2024-11-03 18:25:59,686] Trial 142 finished with value: 0.32375988364219666 and parameters: {'hidden_dim': 437, 'n_layers': 4, 'dropout': 0.01735238870619299, 'input_chunk_length': 19, 'learning_rate': 0.00010703868242813283, 'batch_size': 32}. Best is trial 0 with value: 0.24586667120456696.
GPU available: True (cuda), used: True
TPU available: False, using: 0 TPU cores
HPU available: False, using: 0 HPUs
LOCAL_RANK: 0 - CUDA_VISIBLE_DEVICES: [0,1,2,3]
SLURM auto-requeueing enabled. Setting signal handlers.
Monitored metric train_loss did not improve in the last 202 records. Best score: 0.081. Signaling Trainer to stop.
GPU available: True (cuda), used: True
TPU available: False, using: 0 TPU cores
HPU available: False, using: 0 HPUs
LOCAL_RANK: 0 - CUDA_VISIBLE_DEVICES: [0,1,2,3]
SLURM auto-requeueing enabled. Setting signal handlers.
[I 2024-11-03 18:26:15,649] Trial 143 finished with value: 0.3278014361858368 and parameters: {'hidden_dim': 459, 'n_layers': 6, 'dropout': 0.00043063040716092194, 'input_chunk_length': 16, 'learning_rate': 0.00013357607012561739, 'batch_size': 32}. Best is trial 0 with value: 0.24586667120456696.
GPU available: True (cuda), used: True
TPU available: False, using: 0 TPU cores
HPU available: False, using: 0 HPUs
LOCAL_RANK: 0 - CUDA_VISIBLE_DEVICES: [0,1,2,3]
SLURM auto-requeueing enabled. Setting signal handlers.
Monitored metric train_loss did not improve in the last 203 records. Best score: 0.081. Signaling Trainer to stop.
GPU available: True (cuda), used: True
TPU available: False, using: 0 TPU cores
HPU available: False, using: 0 HPUs
LOCAL_RANK: 0 - CUDA_VISIBLE_DEVICES: [0,1,2,3]
SLURM auto-requeueing enabled. Setting signal handlers.
[I 2024-11-03 18:26:31,873] Trial 144 finished with value: 0.3565768003463745 and parameters: {'hidden_dim': 498, 'n_layers': 4, 'dropout': 0.02631613063357325, 'input_chunk_length': 21, 'learning_rate': 9.020165040117304e-05, 'batch_size': 32}. Best is trial 0 with value: 0.24586667120456696.
GPU available: True (cuda), used: True
TPU available: False, using: 0 TPU cores
HPU available: False, using: 0 HPUs
LOCAL_RANK: 0 - CUDA_VISIBLE_DEVICES: [0,1,2,3]
SLURM auto-requeueing enabled. Setting signal handlers.
Monitored metric train_loss did not improve in the last 204 records. Best score: 0.081. Signaling Trainer to stop.
GPU available: True (cuda), used: True
TPU available: False, using: 0 TPU cores
HPU available: False, using: 0 HPUs
LOCAL_RANK: 0 - CUDA_VISIBLE_DEVICES: [0,1,2,3]
SLURM auto-requeueing enabled. Setting signal handlers.
[I 2024-11-03 18:26:47,279] Trial 145 finished with value: 0.3077467978000641 and parameters: {'hidden_dim': 421, 'n_layers': 4, 'dropout': 0.011924341075346118, 'input_chunk_length': 12, 'learning_rate': 0.0001094605315341975, 'batch_size': 32}. Best is trial 0 with value: 0.24586667120456696.
GPU available: True (cuda), used: True
TPU available: False, using: 0 TPU cores
HPU available: False, using: 0 HPUs
LOCAL_RANK: 0 - CUDA_VISIBLE_DEVICES: [0,1,2,3]
SLURM auto-requeueing enabled. Setting signal handlers.
Monitored metric train_loss did not improve in the last 205 records. Best score: 0.081. Signaling Trainer to stop.
GPU available: True (cuda), used: True
TPU available: False, using: 0 TPU cores
HPU available: False, using: 0 HPUs
LOCAL_RANK: 0 - CUDA_VISIBLE_DEVICES: [0,1,2,3]
SLURM auto-requeueing enabled. Setting signal handlers.
[I 2024-11-03 18:27:01,451] Trial 146 finished with value: 0.41916424036026 and parameters: {'hidden_dim': 399, 'n_layers': 4, 'dropout': 0.011549533086206225, 'input_chunk_length': 11, 'learning_rate': 5.242026752489957e-05, 'batch_size': 64}. Best is trial 0 with value: 0.24586667120456696.
GPU available: True (cuda), used: True
TPU available: False, using: 0 TPU cores
HPU available: False, using: 0 HPUs
LOCAL_RANK: 0 - CUDA_VISIBLE_DEVICES: [0,1,2,3]
SLURM auto-requeueing enabled. Setting signal handlers.
Monitored metric train_loss did not improve in the last 206 records. Best score: 0.081. Signaling Trainer to stop.
GPU available: True (cuda), used: True
TPU available: False, using: 0 TPU cores
HPU available: False, using: 0 HPUs
LOCAL_RANK: 0 - CUDA_VISIBLE_DEVICES: [0,1,2,3]
SLURM auto-requeueing enabled. Setting signal handlers.
