[I 2024-11-04 16:59:41,315] Trial 320 finished with value: 0.30084702372550964 and parameters: {'hidden_dim': 456, 'n_layers': 1, 'dropout': 0.2162802084300478, 'input_chunk_length': 110, 'learning_rate': 0.000535568470354727, 'batch_size': 32}. Best is trial 1 with value: 0.09709455817937851.
GPU available: True (cuda), used: True
TPU available: False, using: 0 TPU cores
HPU available: False, using: 0 HPUs
LOCAL_RANK: 0 - CUDA_VISIBLE_DEVICES: [0,1,2,3]
SLURM auto-requeueing enabled. Setting signal handlers.
Monitored metric train_loss did not improve in the last 378 records. Best score: 0.050. Signaling Trainer to stop.
GPU available: True (cuda), used: True
TPU available: False, using: 0 TPU cores
HPU available: False, using: 0 HPUs
LOCAL_RANK: 0 - CUDA_VISIBLE_DEVICES: [0,1,2,3]
SLURM auto-requeueing enabled. Setting signal handlers.
[I 2024-11-04 17:00:00,522] Trial 321 finished with value: 0.31345096230506897 and parameters: {'hidden_dim': 463, 'n_layers': 1, 'dropout': 0.226339352643495, 'input_chunk_length': 110, 'learning_rate': 0.0005577916112370335, 'batch_size': 32}. Best is trial 1 with value: 0.09709455817937851.
GPU available: True (cuda), used: True
TPU available: False, using: 0 TPU cores
HPU available: False, using: 0 HPUs
LOCAL_RANK: 0 - CUDA_VISIBLE_DEVICES: [0,1,2,3]
SLURM auto-requeueing enabled. Setting signal handlers.
Monitored metric train_loss did not improve in the last 379 records. Best score: 0.050. Signaling Trainer to stop.
GPU available: True (cuda), used: True
TPU available: False, using: 0 TPU cores
HPU available: False, using: 0 HPUs
LOCAL_RANK: 0 - CUDA_VISIBLE_DEVICES: [0,1,2,3]
SLURM auto-requeueing enabled. Setting signal handlers.
[I 2024-11-04 17:00:18,686] Trial 322 finished with value: 0.3181954622268677 and parameters: {'hidden_dim': 453, 'n_layers': 1, 'dropout': 0.22596941872842802, 'input_chunk_length': 113, 'learning_rate': 0.0005728996546568552, 'batch_size': 32}. Best is trial 1 with value: 0.09709455817937851.
GPU available: True (cuda), used: True
TPU available: False, using: 0 TPU cores
HPU available: False, using: 0 HPUs
LOCAL_RANK: 0 - CUDA_VISIBLE_DEVICES: [0,1,2,3]
SLURM auto-requeueing enabled. Setting signal handlers.
Monitored metric train_loss did not improve in the last 380 records. Best score: 0.050. Signaling Trainer to stop.
GPU available: True (cuda), used: True
TPU available: False, using: 0 TPU cores
HPU available: False, using: 0 HPUs
LOCAL_RANK: 0 - CUDA_VISIBLE_DEVICES: [0,1,2,3]
SLURM auto-requeueing enabled. Setting signal handlers.
[I 2024-11-04 17:00:33,108] Trial 323 finished with value: 2.2490596771240234 and parameters: {'hidden_dim': 459, 'n_layers': 1, 'dropout': 0.24503195792939308, 'input_chunk_length': 35, 'learning_rate': 0.008824711564171668, 'batch_size': 32}. Best is trial 1 with value: 0.09709455817937851.
GPU available: True (cuda), used: True
TPU available: False, using: 0 TPU cores
HPU available: False, using: 0 HPUs
LOCAL_RANK: 0 - CUDA_VISIBLE_DEVICES: [0,1,2,3]
SLURM auto-requeueing enabled. Setting signal handlers.
Monitored metric train_loss did not improve in the last 381 records. Best score: 0.050. Signaling Trainer to stop.
GPU available: True (cuda), used: True
TPU available: False, using: 0 TPU cores
HPU available: False, using: 0 HPUs
LOCAL_RANK: 0 - CUDA_VISIBLE_DEVICES: [0,1,2,3]
SLURM auto-requeueing enabled. Setting signal handlers.
[I 2024-11-04 17:00:50,868] Trial 324 finished with value: 0.4342905879020691 and parameters: {'hidden_dim': 463, 'n_layers': 1, 'dropout': 0.24065334629804946, 'input_chunk_length': 118, 'learning_rate': 0.0005406754908624956, 'batch_size': 64}. Best is trial 1 with value: 0.09709455817937851.
GPU available: True (cuda), used: True
TPU available: False, using: 0 TPU cores
HPU available: False, using: 0 HPUs
LOCAL_RANK: 0 - CUDA_VISIBLE_DEVICES: [0,1,2,3]
SLURM auto-requeueing enabled. Setting signal handlers.
Monitored metric train_loss did not improve in the last 382 records. Best score: 0.050. Signaling Trainer to stop.
GPU available: True (cuda), used: True
TPU available: False, using: 0 TPU cores
HPU available: False, using: 0 HPUs
LOCAL_RANK: 0 - CUDA_VISIBLE_DEVICES: [0,1,2,3]
SLURM auto-requeueing enabled. Setting signal handlers.
[I 2024-11-04 17:01:09,257] Trial 325 finished with value: 0.36397671699523926 and parameters: {'hidden_dim': 471, 'n_layers': 1, 'dropout': 0.23281357984082085, 'input_chunk_length': 110, 'learning_rate': 0.0005981598929840276, 'batch_size': 32}. Best is trial 1 with value: 0.09709455817937851.
GPU available: True (cuda), used: True
TPU available: False, using: 0 TPU cores
HPU available: False, using: 0 HPUs
LOCAL_RANK: 0 - CUDA_VISIBLE_DEVICES: [0,1,2,3]
SLURM auto-requeueing enabled. Setting signal handlers.
Monitored metric train_loss did not improve in the last 383 records. Best score: 0.050. Signaling Trainer to stop.
GPU available: True (cuda), used: True
TPU available: False, using: 0 TPU cores
HPU available: False, using: 0 HPUs
LOCAL_RANK: 0 - CUDA_VISIBLE_DEVICES: [0,1,2,3]
SLURM auto-requeueing enabled. Setting signal handlers.
[I 2024-11-04 17:01:27,984] Trial 326 finished with value: 0.5972980856895447 and parameters: {'hidden_dim': 451, 'n_layers': 1, 'dropout': 0.2142441724341308, 'input_chunk_length': 108, 'learning_rate': 0.0026307017577757615, 'batch_size': 32}. Best is trial 1 with value: 0.09709455817937851.
GPU available: True (cuda), used: True
TPU available: False, using: 0 TPU cores
HPU available: False, using: 0 HPUs
LOCAL_RANK: 0 - CUDA_VISIBLE_DEVICES: [0,1,2,3]
SLURM auto-requeueing enabled. Setting signal handlers.
Monitored metric train_loss did not improve in the last 384 records. Best score: 0.050. Signaling Trainer to stop.
GPU available: True (cuda), used: True
TPU available: False, using: 0 TPU cores
HPU available: False, using: 0 HPUs
LOCAL_RANK: 0 - CUDA_VISIBLE_DEVICES: [0,1,2,3]
SLURM auto-requeueing enabled. Setting signal handlers.
[I 2024-11-04 17:01:46,437] Trial 327 finished with value: 0.3166699707508087 and parameters: {'hidden_dim': 486, 'n_layers': 1, 'dropout': 0.21002479013662534, 'input_chunk_length': 114, 'learning_rate': 0.0006601947430844535, 'batch_size': 32}. Best is trial 1 with value: 0.09709455817937851.
GPU available: True (cuda), used: True
TPU available: False, using: 0 TPU cores
HPU available: False, using: 0 HPUs
LOCAL_RANK: 0 - CUDA_VISIBLE_DEVICES: [0,1,2,3]
SLURM auto-requeueing enabled. Setting signal handlers.
Monitored metric train_loss did not improve in the last 385 records. Best score: 0.050. Signaling Trainer to stop.
GPU available: True (cuda), used: True
TPU available: False, using: 0 TPU cores
HPU available: False, using: 0 HPUs
LOCAL_RANK: 0 - CUDA_VISIBLE_DEVICES: [0,1,2,3]
SLURM auto-requeueing enabled. Setting signal handlers.
[I 2024-11-04 17:02:04,516] Trial 328 finished with value: 0.32122474908828735 and parameters: {'hidden_dim': 461, 'n_layers': 1, 'dropout': 0.3827200374481349, 'input_chunk_length': 110, 'learning_rate': 0.0005006907497453085, 'batch_size': 32}. Best is trial 1 with value: 0.09709455817937851.
GPU available: True (cuda), used: True
TPU available: False, using: 0 TPU cores
HPU available: False, using: 0 HPUs
LOCAL_RANK: 0 - CUDA_VISIBLE_DEVICES: [0,1,2,3]
SLURM auto-requeueing enabled. Setting signal handlers.
Monitored metric train_loss did not improve in the last 386 records. Best score: 0.050. Signaling Trainer to stop.
GPU available: True (cuda), used: True
TPU available: False, using: 0 TPU cores
HPU available: False, using: 0 HPUs
LOCAL_RANK: 0 - CUDA_VISIBLE_DEVICES: [0,1,2,3]
SLURM auto-requeueing enabled. Setting signal handlers.
[I 2024-11-04 17:02:23,888] Trial 329 finished with value: 0.300664484500885 and parameters: {'hidden_dim': 443, 'n_layers': 1, 'dropout': 0.2210395592682326, 'input_chunk_length': 133, 'learning_rate': 0.0006568299397523357, 'batch_size': 32}. Best is trial 1 with value: 0.09709455817937851.
GPU available: True (cuda), used: True
TPU available: False, using: 0 TPU cores
HPU available: False, using: 0 HPUs
LOCAL_RANK: 0 - CUDA_VISIBLE_DEVICES: [0,1,2,3]
SLURM auto-requeueing enabled. Setting signal handlers.
Monitored metric train_loss did not improve in the last 387 records. Best score: 0.050. Signaling Trainer to stop.
GPU available: True (cuda), used: True
TPU available: False, using: 0 TPU cores
HPU available: False, using: 0 HPUs
LOCAL_RANK: 0 - CUDA_VISIBLE_DEVICES: [0,1,2,3]
SLURM auto-requeueing enabled. Setting signal handlers.
[I 2024-11-04 17:02:48,309] Trial 330 finished with value: 0.4201067388057709 and parameters: {'hidden_dim': 433, 'n_layers': 5, 'dropout': 0.2261753679946079, 'input_chunk_length': 120, 'learning_rate': 0.0006739462355317195, 'batch_size': 32}. Best is trial 1 with value: 0.09709455817937851.
GPU available: True (cuda), used: True
TPU available: False, using: 0 TPU cores
HPU available: False, using: 0 HPUs
LOCAL_RANK: 0 - CUDA_VISIBLE_DEVICES: [0,1,2,3]
SLURM auto-requeueing enabled. Setting signal handlers.
Monitored metric train_loss did not improve in the last 388 records. Best score: 0.050. Signaling Trainer to stop.
GPU available: True (cuda), used: True
TPU available: False, using: 0 TPU cores
HPU available: False, using: 0 HPUs
LOCAL_RANK: 0 - CUDA_VISIBLE_DEVICES: [0,1,2,3]
SLURM auto-requeueing enabled. Setting signal handlers.
[I 2024-11-04 17:03:06,983] Trial 331 finished with value: 0.32764163613319397 and parameters: {'hidden_dim': 447, 'n_layers': 1, 'dropout': 0.21320668389634895, 'input_chunk_length': 129, 'learning_rate': 0.0005677173855777619, 'batch_size': 32}. Best is trial 1 with value: 0.09709455817937851.
GPU available: True (cuda), used: True
TPU available: False, using: 0 TPU cores
HPU available: False, using: 0 HPUs
LOCAL_RANK: 0 - CUDA_VISIBLE_DEVICES: [0,1,2,3]
SLURM auto-requeueing enabled. Setting signal handlers.
Monitored metric train_loss did not improve in the last 389 records. Best score: 0.050. Signaling Trainer to stop.
GPU available: True (cuda), used: True
TPU available: False, using: 0 TPU cores
HPU available: False, using: 0 HPUs
LOCAL_RANK: 0 - CUDA_VISIBLE_DEVICES: [0,1,2,3]
SLURM auto-requeueing enabled. Setting signal handlers.
[I 2024-11-04 17:03:25,876] Trial 332 finished with value: 0.416889488697052 and parameters: {'hidden_dim': 454, 'n_layers': 1, 'dropout': 0.21638419230150757, 'input_chunk_length': 141, 'learning_rate': 0.0006856280592357409, 'batch_size': 64}. Best is trial 1 with value: 0.09709455817937851.
GPU available: True (cuda), used: True
TPU available: False, using: 0 TPU cores
HPU available: False, using: 0 HPUs
LOCAL_RANK: 0 - CUDA_VISIBLE_DEVICES: [0,1,2,3]
SLURM auto-requeueing enabled. Setting signal handlers.
Monitored metric train_loss did not improve in the last 390 records. Best score: 0.050. Signaling Trainer to stop.
GPU available: True (cuda), used: True
TPU available: False, using: 0 TPU cores
HPU available: False, using: 0 HPUs
LOCAL_RANK: 0 - CUDA_VISIBLE_DEVICES: [0,1,2,3]
SLURM auto-requeueing enabled. Setting signal handlers.
[I 2024-11-04 17:03:40,109] Trial 333 finished with value: 0.3692671060562134 and parameters: {'hidden_dim': 71, 'n_layers': 1, 'dropout': 0.22289587813211836, 'input_chunk_length': 134, 'learning_rate': 0.000615195445042221, 'batch_size': 32}. Best is trial 1 with value: 0.09709455817937851.
GPU available: True (cuda), used: True
TPU available: False, using: 0 TPU cores
HPU available: False, using: 0 HPUs
LOCAL_RANK: 0 - CUDA_VISIBLE_DEVICES: [0,1,2,3]
SLURM auto-requeueing enabled. Setting signal handlers.
Monitored metric train_loss did not improve in the last 391 records. Best score: 0.050. Signaling Trainer to stop.
GPU available: True (cuda), used: True
TPU available: False, using: 0 TPU cores
HPU available: False, using: 0 HPUs
LOCAL_RANK: 0 - CUDA_VISIBLE_DEVICES: [0,1,2,3]
SLURM auto-requeueing enabled. Setting signal handlers.
[I 2024-11-04 17:04:04,557] Trial 334 finished with value: 0.3316672742366791 and parameters: {'hidden_dim': 443, 'n_layers': 5, 'dropout': 0.23905142493567558, 'input_chunk_length': 115, 'learning_rate': 0.0005322165393027458, 'batch_size': 32}. Best is trial 1 with value: 0.09709455817937851.
GPU available: True (cuda), used: True
TPU available: False, using: 0 TPU cores
HPU available: False, using: 0 HPUs
LOCAL_RANK: 0 - CUDA_VISIBLE_DEVICES: [0,1,2,3]
SLURM auto-requeueing enabled. Setting signal handlers.
Monitored metric train_loss did not improve in the last 392 records. Best score: 0.050. Signaling Trainer to stop.
GPU available: True (cuda), used: True
TPU available: False, using: 0 TPU cores
HPU available: False, using: 0 HPUs
LOCAL_RANK: 0 - CUDA_VISIBLE_DEVICES: [0,1,2,3]
SLURM auto-requeueing enabled. Setting signal handlers.
[I 2024-11-04 17:04:22,367] Trial 335 finished with value: 0.3562808036804199 and parameters: {'hidden_dim': 466, 'n_layers': 1, 'dropout': 0.3884817586271202, 'input_chunk_length': 107, 'learning_rate': 0.0007211148294891852, 'batch_size': 32}. Best is trial 1 with value: 0.09709455817937851.
GPU available: True (cuda), used: True
TPU available: False, using: 0 TPU cores
HPU available: False, using: 0 HPUs
LOCAL_RANK: 0 - CUDA_VISIBLE_DEVICES: [0,1,2,3]
SLURM auto-requeueing enabled. Setting signal handlers.
Monitored metric train_loss did not improve in the last 393 records. Best score: 0.050. Signaling Trainer to stop.
GPU available: True (cuda), used: True
TPU available: False, using: 0 TPU cores
HPU available: False, using: 0 HPUs
LOCAL_RANK: 0 - CUDA_VISIBLE_DEVICES: [0,1,2,3]
SLURM auto-requeueing enabled. Setting signal handlers.
[I 2024-11-04 17:04:40,076] Trial 336 finished with value: 0.6574386358261108 and parameters: {'hidden_dim': 440, 'n_layers': 1, 'dropout': 0.231897364551162, 'input_chunk_length': 111, 'learning_rate': 0.005448304803732536, 'batch_size': 32}. Best is trial 1 with value: 0.09709455817937851.
GPU available: True (cuda), used: True
TPU available: False, using: 0 TPU cores
HPU available: False, using: 0 HPUs
LOCAL_RANK: 0 - CUDA_VISIBLE_DEVICES: [0,1,2,3]
SLURM auto-requeueing enabled. Setting signal handlers.
Monitored metric train_loss did not improve in the last 394 records. Best score: 0.050. Signaling Trainer to stop.
GPU available: True (cuda), used: True
TPU available: False, using: 0 TPU cores
HPU available: False, using: 0 HPUs
LOCAL_RANK: 0 - CUDA_VISIBLE_DEVICES: [0,1,2,3]
SLURM auto-requeueing enabled. Setting signal handlers.
[I 2024-11-04 17:05:03,449] Trial 337 finished with value: 0.3189476728439331 and parameters: {'hidden_dim': 392, 'n_layers': 5, 'dropout': 0.4066759405744446, 'input_chunk_length': 124, 'learning_rate': 0.0004887205660726438, 'batch_size': 32}. Best is trial 1 with value: 0.09709455817937851.
GPU available: True (cuda), used: True
TPU available: False, using: 0 TPU cores
HPU available: False, using: 0 HPUs
LOCAL_RANK: 0 - CUDA_VISIBLE_DEVICES: [0,1,2,3]
SLURM auto-requeueing enabled. Setting signal handlers.
Monitored metric train_loss did not improve in the last 395 records. Best score: 0.050. Signaling Trainer to stop.
GPU available: True (cuda), used: True
TPU available: False, using: 0 TPU cores
HPU available: False, using: 0 HPUs
LOCAL_RANK: 0 - CUDA_VISIBLE_DEVICES: [0,1,2,3]
SLURM auto-requeueing enabled. Setting signal handlers.
[I 2024-11-04 17:05:17,493] Trial 338 finished with value: 0.3178398609161377 and parameters: {'hidden_dim': 455, 'n_layers': 1, 'dropout': 0.20108436686288528, 'input_chunk_length': 28, 'learning_rate': 0.0006040205227641357, 'batch_size': 32}. Best is trial 1 with value: 0.09709455817937851.
GPU available: True (cuda), used: True
TPU available: False, using: 0 TPU cores
HPU available: False, using: 0 HPUs
LOCAL_RANK: 0 - CUDA_VISIBLE_DEVICES: [0,1,2,3]
SLURM auto-requeueing enabled. Setting signal handlers.
Monitored metric train_loss did not improve in the last 396 records. Best score: 0.050. Signaling Trainer to stop.
GPU available: True (cuda), used: True
TPU available: False, using: 0 TPU cores
HPU available: False, using: 0 HPUs
LOCAL_RANK: 0 - CUDA_VISIBLE_DEVICES: [0,1,2,3]
SLURM auto-requeueing enabled. Setting signal handlers.
[I 2024-11-04 17:05:36,744] Trial 339 finished with value: 0.35002702474594116 and parameters: {'hidden_dim': 476, 'n_layers': 1, 'dropout': 0.2205479398932922, 'input_chunk_length': 146, 'learning_rate': 0.0005092528910463448, 'batch_size': 32}. Best is trial 1 with value: 0.09709455817937851.
GPU available: True (cuda), used: True
TPU available: False, using: 0 TPU cores
HPU available: False, using: 0 HPUs
LOCAL_RANK: 0 - CUDA_VISIBLE_DEVICES: [0,1,2,3]
SLURM auto-requeueing enabled. Setting signal handlers.
Monitored metric train_loss did not improve in the last 397 records. Best score: 0.050. Signaling Trainer to stop.
GPU available: True (cuda), used: True
TPU available: False, using: 0 TPU cores
HPU available: False, using: 0 HPUs
LOCAL_RANK: 0 - CUDA_VISIBLE_DEVICES: [0,1,2,3]
SLURM auto-requeueing enabled. Setting signal handlers.
[I 2024-11-04 17:06:03,699] Trial 340 finished with value: 0.48228445649147034 and parameters: {'hidden_dim': 431, 'n_layers': 5, 'dropout': 0.02489385307766908, 'input_chunk_length': 138, 'learning_rate': 0.0007785969838265384, 'batch_size': 64}. Best is trial 1 with value: 0.09709455817937851.
GPU available: True (cuda), used: True
TPU available: False, using: 0 TPU cores
HPU available: False, using: 0 HPUs
LOCAL_RANK: 0 - CUDA_VISIBLE_DEVICES: [0,1,2,3]
SLURM auto-requeueing enabled. Setting signal handlers.
Monitored metric train_loss did not improve in the last 398 records. Best score: 0.050. Signaling Trainer to stop.
GPU available: True (cuda), used: True
TPU available: False, using: 0 TPU cores
HPU available: False, using: 0 HPUs
LOCAL_RANK: 0 - CUDA_VISIBLE_DEVICES: [0,1,2,3]
SLURM auto-requeueing enabled. Setting signal handlers.
[I 2024-11-04 17:06:20,904] Trial 341 finished with value: 0.3408622145652771 and parameters: {'hidden_dim': 421, 'n_layers': 1, 'dropout': 0.25226916566618196, 'input_chunk_length': 104, 'learning_rate': 0.00043938241078986706, 'batch_size': 32}. Best is trial 1 with value: 0.09709455817937851.
GPU available: True (cuda), used: True
TPU available: False, using: 0 TPU cores
HPU available: False, using: 0 HPUs
LOCAL_RANK: 0 - CUDA_VISIBLE_DEVICES: [0,1,2,3]
SLURM auto-requeueing enabled. Setting signal handlers.
Monitored metric train_loss did not improve in the last 399 records. Best score: 0.050. Signaling Trainer to stop.
GPU available: True (cuda), used: True
TPU available: False, using: 0 TPU cores
HPU available: False, using: 0 HPUs
LOCAL_RANK: 0 - CUDA_VISIBLE_DEVICES: [0,1,2,3]
SLURM auto-requeueing enabled. Setting signal handlers.
[I 2024-11-04 17:06:38,472] Trial 342 finished with value: 0.3055799603462219 and parameters: {'hidden_dim': 403, 'n_layers': 1, 'dropout': 0.20418213941748753, 'input_chunk_length': 113, 'learning_rate': 0.000626602913666974, 'batch_size': 32}. Best is trial 1 with value: 0.09709455817937851.
GPU available: True (cuda), used: True
TPU available: False, using: 0 TPU cores
HPU available: False, using: 0 HPUs
LOCAL_RANK: 0 - CUDA_VISIBLE_DEVICES: [0,1,2,3]
SLURM auto-requeueing enabled. Setting signal handlers.
Monitored metric train_loss did not improve in the last 400 records. Best score: 0.050. Signaling Trainer to stop.
GPU available: True (cuda), used: True
TPU available: False, using: 0 TPU cores
HPU available: False, using: 0 HPUs
LOCAL_RANK: 0 - CUDA_VISIBLE_DEVICES: [0,1,2,3]
SLURM auto-requeueing enabled. Setting signal handlers.
[I 2024-11-04 17:06:56,060] Trial 343 finished with value: 0.35977205634117126 and parameters: {'hidden_dim': 403, 'n_layers': 1, 'dropout': 0.19173774387683198, 'input_chunk_length': 116, 'learning_rate': 0.0006793931241397645, 'batch_size': 32}. Best is trial 1 with value: 0.09709455817937851.
GPU available: True (cuda), used: True
TPU available: False, using: 0 TPU cores
HPU available: False, using: 0 HPUs
LOCAL_RANK: 0 - CUDA_VISIBLE_DEVICES: [0,1,2,3]
SLURM auto-requeueing enabled. Setting signal handlers.
Monitored metric train_loss did not improve in the last 401 records. Best score: 0.050. Signaling Trainer to stop.
GPU available: True (cuda), used: True
TPU available: False, using: 0 TPU cores
HPU available: False, using: 0 HPUs
LOCAL_RANK: 0 - CUDA_VISIBLE_DEVICES: [0,1,2,3]
SLURM auto-requeueing enabled. Setting signal handlers.
[I 2024-11-04 17:07:10,093] Trial 344 finished with value: 0.32209959626197815 and parameters: {'hidden_dim': 388, 'n_layers': 1, 'dropout': 0.2041315178108185, 'input_chunk_length': 33, 'learning_rate': 0.0006579247884488617, 'batch_size': 32}. Best is trial 1 with value: 0.09709455817937851.
GPU available: True (cuda), used: True
TPU available: False, using: 0 TPU cores
HPU available: False, using: 0 HPUs
LOCAL_RANK: 0 - CUDA_VISIBLE_DEVICES: [0,1,2,3]
SLURM auto-requeueing enabled. Setting signal handlers.
Monitored metric train_loss did not improve in the last 402 records. Best score: 0.050. Signaling Trainer to stop.
GPU available: True (cuda), used: True
TPU available: False, using: 0 TPU cores
HPU available: False, using: 0 HPUs
LOCAL_RANK: 0 - CUDA_VISIBLE_DEVICES: [0,1,2,3]
SLURM auto-requeueing enabled. Setting signal handlers.
