[I 2024-11-11 11:58:46,757] Trial 75 finished with value: 0.29780492186546326 and parameters: {'hidden_dim': 463, 'n_layers': 2, 'dropout': 0.022931224913232757, 'input_chunk_length': 54, 'learning_rate': 0.00010621703621382911, 'batch_size': 32}. Best is trial 17 with value: 0.18230657279491425.
GPU available: True (cuda), used: True
TPU available: False, using: 0 TPU cores
HPU available: False, using: 0 HPUs
LOCAL_RANK: 0 - CUDA_VISIBLE_DEVICES: [0,1]
SLURM auto-requeueing enabled. Setting signal handlers.
Monitored metric train_loss did not improve in the last 131 records. Best score: 0.085. Signaling Trainer to stop.
GPU available: True (cuda), used: True
TPU available: False, using: 0 TPU cores
HPU available: False, using: 0 HPUs
LOCAL_RANK: 0 - CUDA_VISIBLE_DEVICES: [0,1]
SLURM auto-requeueing enabled. Setting signal handlers.
[I 2024-11-11 11:59:10,184] Trial 76 finished with value: 0.2951619029045105 and parameters: {'hidden_dim': 429, 'n_layers': 3, 'dropout': 0.39425866264244774, 'input_chunk_length': 44, 'learning_rate': 0.00023325615142289068, 'batch_size': 32}. Best is trial 17 with value: 0.18230657279491425.
GPU available: True (cuda), used: True
TPU available: False, using: 0 TPU cores
HPU available: False, using: 0 HPUs
LOCAL_RANK: 0 - CUDA_VISIBLE_DEVICES: [0,1]
SLURM auto-requeueing enabled. Setting signal handlers.
Monitored metric train_loss did not improve in the last 132 records. Best score: 0.085. Signaling Trainer to stop.
GPU available: True (cuda), used: True
TPU available: False, using: 0 TPU cores
HPU available: False, using: 0 HPUs
LOCAL_RANK: 0 - CUDA_VISIBLE_DEVICES: [0,1]
SLURM auto-requeueing enabled. Setting signal handlers.
[I 2024-11-11 11:59:37,656] Trial 77 finished with value: 0.2997158467769623 and parameters: {'hidden_dim': 362, 'n_layers': 2, 'dropout': 0.3541069629703064, 'input_chunk_length': 85, 'learning_rate': 0.00013967613500720042, 'batch_size': 64}. Best is trial 17 with value: 0.18230657279491425.
GPU available: True (cuda), used: True
TPU available: False, using: 0 TPU cores
HPU available: False, using: 0 HPUs
LOCAL_RANK: 0 - CUDA_VISIBLE_DEVICES: [0,1]
SLURM auto-requeueing enabled. Setting signal handlers.
Monitored metric train_loss did not improve in the last 133 records. Best score: 0.085. Signaling Trainer to stop.
GPU available: True (cuda), used: True
TPU available: False, using: 0 TPU cores
HPU available: False, using: 0 HPUs
LOCAL_RANK: 0 - CUDA_VISIBLE_DEVICES: [0,1]
SLURM auto-requeueing enabled. Setting signal handlers.
[I 2024-11-11 12:00:10,272] Trial 78 finished with value: 0.31689396500587463 and parameters: {'hidden_dim': 204, 'n_layers': 4, 'dropout': 0.42178429889198366, 'input_chunk_length': 139, 'learning_rate': 0.00019773216085639098, 'batch_size': 32}. Best is trial 17 with value: 0.18230657279491425.
GPU available: True (cuda), used: True
TPU available: False, using: 0 TPU cores
HPU available: False, using: 0 HPUs
LOCAL_RANK: 0 - CUDA_VISIBLE_DEVICES: [0,1]
SLURM auto-requeueing enabled. Setting signal handlers.
Monitored metric train_loss did not improve in the last 134 records. Best score: 0.085. Signaling Trainer to stop.
GPU available: True (cuda), used: True
TPU available: False, using: 0 TPU cores
HPU available: False, using: 0 HPUs
LOCAL_RANK: 0 - CUDA_VISIBLE_DEVICES: [0,1]
SLURM auto-requeueing enabled. Setting signal handlers.
[I 2024-11-11 12:00:28,558] Trial 79 finished with value: 0.3131193518638611 and parameters: {'hidden_dim': 160, 'n_layers': 1, 'dropout': 0.3369269058177757, 'input_chunk_length': 71, 'learning_rate': 0.00028581700712061134, 'batch_size': 64}. Best is trial 17 with value: 0.18230657279491425.
GPU available: True (cuda), used: True
TPU available: False, using: 0 TPU cores
HPU available: False, using: 0 HPUs
LOCAL_RANK: 0 - CUDA_VISIBLE_DEVICES: [0,1]
SLURM auto-requeueing enabled. Setting signal handlers.
Monitored metric train_loss did not improve in the last 135 records. Best score: 0.085. Signaling Trainer to stop.
GPU available: True (cuda), used: True
TPU available: False, using: 0 TPU cores
HPU available: False, using: 0 HPUs
LOCAL_RANK: 0 - CUDA_VISIBLE_DEVICES: [0,1]
SLURM auto-requeueing enabled. Setting signal handlers.
[I 2024-11-11 12:01:08,425] Trial 80 finished with value: 0.2811022102832794 and parameters: {'hidden_dim': 312, 'n_layers': 6, 'dropout': 0.04131795752338214, 'input_chunk_length': 125, 'learning_rate': 0.00040162327516580625, 'batch_size': 32}. Best is trial 17 with value: 0.18230657279491425.
GPU available: True (cuda), used: True
TPU available: False, using: 0 TPU cores
HPU available: False, using: 0 HPUs
LOCAL_RANK: 0 - CUDA_VISIBLE_DEVICES: [0,1]
SLURM auto-requeueing enabled. Setting signal handlers.
Monitored metric train_loss did not improve in the last 136 records. Best score: 0.085. Signaling Trainer to stop.
GPU available: True (cuda), used: True
TPU available: False, using: 0 TPU cores
HPU available: False, using: 0 HPUs
LOCAL_RANK: 0 - CUDA_VISIBLE_DEVICES: [0,1]
SLURM auto-requeueing enabled. Setting signal handlers.
[I 2024-11-11 12:01:38,517] Trial 81 finished with value: 0.3102967441082001 and parameters: {'hidden_dim': 420, 'n_layers': 3, 'dropout': 0.31652052374939943, 'input_chunk_length': 82, 'learning_rate': 0.00029737298377527653, 'batch_size': 32}. Best is trial 17 with value: 0.18230657279491425.
GPU available: True (cuda), used: True
TPU available: False, using: 0 TPU cores
HPU available: False, using: 0 HPUs
LOCAL_RANK: 0 - CUDA_VISIBLE_DEVICES: [0,1]
SLURM auto-requeueing enabled. Setting signal handlers.
Monitored metric train_loss did not improve in the last 137 records. Best score: 0.085. Signaling Trainer to stop.
GPU available: True (cuda), used: True
TPU available: False, using: 0 TPU cores
HPU available: False, using: 0 HPUs
LOCAL_RANK: 0 - CUDA_VISIBLE_DEVICES: [0,1]
SLURM auto-requeueing enabled. Setting signal handlers.
[I 2024-11-11 12:02:09,540] Trial 82 finished with value: 0.3218501806259155 and parameters: {'hidden_dim': 444, 'n_layers': 3, 'dropout': 0.2610885769937226, 'input_chunk_length': 79, 'learning_rate': 0.0002636628700281908, 'batch_size': 32}. Best is trial 17 with value: 0.18230657279491425.
GPU available: True (cuda), used: True
TPU available: False, using: 0 TPU cores
HPU available: False, using: 0 HPUs
LOCAL_RANK: 0 - CUDA_VISIBLE_DEVICES: [0,1]
SLURM auto-requeueing enabled. Setting signal handlers.
Monitored metric train_loss did not improve in the last 138 records. Best score: 0.085. Signaling Trainer to stop.
GPU available: True (cuda), used: True
TPU available: False, using: 0 TPU cores
HPU available: False, using: 0 HPUs
LOCAL_RANK: 0 - CUDA_VISIBLE_DEVICES: [0,1]
SLURM auto-requeueing enabled. Setting signal handlers.
[I 2024-11-11 12:02:36,704] Trial 83 finished with value: 0.2876889705657959 and parameters: {'hidden_dim': 397, 'n_layers': 3, 'dropout': 0.2426842831309624, 'input_chunk_length': 66, 'learning_rate': 0.00016775760582526977, 'batch_size': 32}. Best is trial 17 with value: 0.18230657279491425.
GPU available: True (cuda), used: True
TPU available: False, using: 0 TPU cores
HPU available: False, using: 0 HPUs
LOCAL_RANK: 0 - CUDA_VISIBLE_DEVICES: [0,1]
SLURM auto-requeueing enabled. Setting signal handlers.
Monitored metric train_loss did not improve in the last 139 records. Best score: 0.085. Signaling Trainer to stop.
GPU available: True (cuda), used: True
TPU available: False, using: 0 TPU cores
HPU available: False, using: 0 HPUs
LOCAL_RANK: 0 - CUDA_VISIBLE_DEVICES: [0,1]
SLURM auto-requeueing enabled. Setting signal handlers.
[I 2024-11-11 12:03:06,633] Trial 84 finished with value: 0.252625972032547 and parameters: {'hidden_dim': 423, 'n_layers': 3, 'dropout': 0.32395930221210745, 'input_chunk_length': 77, 'learning_rate': 0.0004820094579101051, 'batch_size': 32}. Best is trial 17 with value: 0.18230657279491425.
GPU available: True (cuda), used: True
TPU available: False, using: 0 TPU cores
HPU available: False, using: 0 HPUs
LOCAL_RANK: 0 - CUDA_VISIBLE_DEVICES: [0,1]
SLURM auto-requeueing enabled. Setting signal handlers.
Monitored metric train_loss did not improve in the last 140 records. Best score: 0.085. Signaling Trainer to stop.
GPU available: True (cuda), used: True
TPU available: False, using: 0 TPU cores
HPU available: False, using: 0 HPUs
LOCAL_RANK: 0 - CUDA_VISIBLE_DEVICES: [0,1]
SLURM auto-requeueing enabled. Setting signal handlers.
[I 2024-11-11 12:03:38,067] Trial 85 finished with value: 0.30709609389305115 and parameters: {'hidden_dim': 375, 'n_layers': 5, 'dropout': 0.298239140857833, 'input_chunk_length': 73, 'learning_rate': 0.0005536961907177256, 'batch_size': 32}. Best is trial 17 with value: 0.18230657279491425.
GPU available: True (cuda), used: True
TPU available: False, using: 0 TPU cores
HPU available: False, using: 0 HPUs
LOCAL_RANK: 0 - CUDA_VISIBLE_DEVICES: [0,1]
SLURM auto-requeueing enabled. Setting signal handlers.
Monitored metric train_loss did not improve in the last 141 records. Best score: 0.085. Signaling Trainer to stop.
GPU available: True (cuda), used: True
TPU available: False, using: 0 TPU cores
HPU available: False, using: 0 HPUs
LOCAL_RANK: 0 - CUDA_VISIBLE_DEVICES: [0,1]
SLURM auto-requeueing enabled. Setting signal handlers.
[I 2024-11-11 12:04:01,650] Trial 86 finished with value: 0.36039263010025024 and parameters: {'hidden_dim': 139, 'n_layers': 4, 'dropout': 0.3720948229570073, 'input_chunk_length': 96, 'learning_rate': 1.5431003080277703e-05, 'batch_size': 64}. Best is trial 17 with value: 0.18230657279491425.
GPU available: True (cuda), used: True
TPU available: False, using: 0 TPU cores
HPU available: False, using: 0 HPUs
LOCAL_RANK: 0 - CUDA_VISIBLE_DEVICES: [0,1]
SLURM auto-requeueing enabled. Setting signal handlers.
Monitored metric train_loss did not improve in the last 142 records. Best score: 0.085. Signaling Trainer to stop.
GPU available: True (cuda), used: True
TPU available: False, using: 0 TPU cores
HPU available: False, using: 0 HPUs
LOCAL_RANK: 0 - CUDA_VISIBLE_DEVICES: [0,1]
SLURM auto-requeueing enabled. Setting signal handlers.
[I 2024-11-11 12:04:22,447] Trial 87 finished with value: 0.28469425439834595 and parameters: {'hidden_dim': 345, 'n_layers': 3, 'dropout': 0.06549821228235052, 'input_chunk_length': 27, 'learning_rate': 0.0004617455926972156, 'batch_size': 32}. Best is trial 17 with value: 0.18230657279491425.
GPU available: True (cuda), used: True
TPU available: False, using: 0 TPU cores
HPU available: False, using: 0 HPUs
LOCAL_RANK: 0 - CUDA_VISIBLE_DEVICES: [0,1]
SLURM auto-requeueing enabled. Setting signal handlers.
Monitored metric train_loss did not improve in the last 143 records. Best score: 0.085. Signaling Trainer to stop.
GPU available: True (cuda), used: True
TPU available: False, using: 0 TPU cores
HPU available: False, using: 0 HPUs
LOCAL_RANK: 0 - CUDA_VISIBLE_DEVICES: [0,1]
SLURM auto-requeueing enabled. Setting signal handlers.
[I 2024-11-11 12:04:46,940] Trial 88 finished with value: 0.29567480087280273 and parameters: {'hidden_dim': 411, 'n_layers': 2, 'dropout': 0.32801085498866367, 'input_chunk_length': 60, 'learning_rate': 0.0007637401759958297, 'batch_size': 64}. Best is trial 17 with value: 0.18230657279491425.
GPU available: True (cuda), used: True
TPU available: False, using: 0 TPU cores
HPU available: False, using: 0 HPUs
LOCAL_RANK: 0 - CUDA_VISIBLE_DEVICES: [0,1]
SLURM auto-requeueing enabled. Setting signal handlers.
Monitored metric train_loss did not improve in the last 144 records. Best score: 0.085. Signaling Trainer to stop.
GPU available: True (cuda), used: True
TPU available: False, using: 0 TPU cores
HPU available: False, using: 0 HPUs
LOCAL_RANK: 0 - CUDA_VISIBLE_DEVICES: [0,1]
SLURM auto-requeueing enabled. Setting signal handlers.
[I 2024-11-11 12:05:15,947] Trial 89 finished with value: 0.3266521394252777 and parameters: {'hidden_dim': 383, 'n_layers': 3, 'dropout': 0.12155202973540619, 'input_chunk_length': 77, 'learning_rate': 0.0006122013193765694, 'batch_size': 32}. Best is trial 17 with value: 0.18230657279491425.
GPU available: True (cuda), used: True
TPU available: False, using: 0 TPU cores
HPU available: False, using: 0 HPUs
LOCAL_RANK: 0 - CUDA_VISIBLE_DEVICES: [0,1]
SLURM auto-requeueing enabled. Setting signal handlers.
Monitored metric train_loss did not improve in the last 145 records. Best score: 0.085. Signaling Trainer to stop.
GPU available: True (cuda), used: True
TPU available: False, using: 0 TPU cores
HPU available: False, using: 0 HPUs
LOCAL_RANK: 0 - CUDA_VISIBLE_DEVICES: [0,1]
SLURM auto-requeueing enabled. Setting signal handlers.
[I 2024-11-11 12:05:49,481] Trial 90 finished with value: 0.3030930161476135 and parameters: {'hidden_dim': 436, 'n_layers': 1, 'dropout': 0.012664321088492025, 'input_chunk_length': 119, 'learning_rate': 0.00035784947985557323, 'batch_size': 64}. Best is trial 17 with value: 0.18230657279491425.
GPU available: True (cuda), used: True
TPU available: False, using: 0 TPU cores
HPU available: False, using: 0 HPUs
LOCAL_RANK: 0 - CUDA_VISIBLE_DEVICES: [0,1]
SLURM auto-requeueing enabled. Setting signal handlers.
Monitored metric train_loss did not improve in the last 146 records. Best score: 0.085. Signaling Trainer to stop.
GPU available: True (cuda), used: True
TPU available: False, using: 0 TPU cores
HPU available: False, using: 0 HPUs
LOCAL_RANK: 0 - CUDA_VISIBLE_DEVICES: [0,1]
SLURM auto-requeueing enabled. Setting signal handlers.
[I 2024-11-11 12:06:23,789] Trial 91 finished with value: 0.2761319875717163 and parameters: {'hidden_dim': 455, 'n_layers': 3, 'dropout': 0.27815063470242213, 'input_chunk_length': 87, 'learning_rate': 0.00023229363226559698, 'batch_size': 32}. Best is trial 17 with value: 0.18230657279491425.
GPU available: True (cuda), used: True
TPU available: False, using: 0 TPU cores
HPU available: False, using: 0 HPUs
LOCAL_RANK: 0 - CUDA_VISIBLE_DEVICES: [0,1]
SLURM auto-requeueing enabled. Setting signal handlers.
Monitored metric train_loss did not improve in the last 147 records. Best score: 0.085. Signaling Trainer to stop.
GPU available: True (cuda), used: True
TPU available: False, using: 0 TPU cores
HPU available: False, using: 0 HPUs
LOCAL_RANK: 0 - CUDA_VISIBLE_DEVICES: [0,1]
SLURM auto-requeueing enabled. Setting signal handlers.
[I 2024-11-11 12:06:56,015] Trial 92 finished with value: 0.2862952649593353 and parameters: {'hidden_dim': 427, 'n_layers': 3, 'dropout': 0.2723875691094341, 'input_chunk_length': 87, 'learning_rate': 0.00022427340677366275, 'batch_size': 32}. Best is trial 17 with value: 0.18230657279491425.
GPU available: True (cuda), used: True
TPU available: False, using: 0 TPU cores
HPU available: False, using: 0 HPUs
LOCAL_RANK: 0 - CUDA_VISIBLE_DEVICES: [0,1]
SLURM auto-requeueing enabled. Setting signal handlers.
Monitored metric train_loss did not improve in the last 148 records. Best score: 0.085. Signaling Trainer to stop.
GPU available: True (cuda), used: True
TPU available: False, using: 0 TPU cores
HPU available: False, using: 0 HPUs
LOCAL_RANK: 0 - CUDA_VISIBLE_DEVICES: [0,1]
SLURM auto-requeueing enabled. Setting signal handlers.
[I 2024-11-11 12:07:25,265] Trial 93 finished with value: 0.28874585032463074 and parameters: {'hidden_dim': 460, 'n_layers': 3, 'dropout': 0.23111251888836626, 'input_chunk_length': 68, 'learning_rate': 0.00018834941675797533, 'batch_size': 32}. Best is trial 17 with value: 0.18230657279491425.
GPU available: True (cuda), used: True
TPU available: False, using: 0 TPU cores
HPU available: False, using: 0 HPUs
LOCAL_RANK: 0 - CUDA_VISIBLE_DEVICES: [0,1]
SLURM auto-requeueing enabled. Setting signal handlers.
Monitored metric train_loss did not improve in the last 149 records. Best score: 0.085. Signaling Trainer to stop.
GPU available: True (cuda), used: True
TPU available: False, using: 0 TPU cores
HPU available: False, using: 0 HPUs
LOCAL_RANK: 0 - CUDA_VISIBLE_DEVICES: [0,1]
SLURM auto-requeueing enabled. Setting signal handlers.
[I 2024-11-11 12:07:58,472] Trial 94 finished with value: 0.31251901388168335 and parameters: {'hidden_dim': 449, 'n_layers': 3, 'dropout': 0.1516824720183847, 'input_chunk_length': 82, 'learning_rate': 0.0001479510104502557, 'batch_size': 32}. Best is trial 17 with value: 0.18230657279491425.
GPU available: True (cuda), used: True
TPU available: False, using: 0 TPU cores
HPU available: False, using: 0 HPUs
LOCAL_RANK: 0 - CUDA_VISIBLE_DEVICES: [0,1]
SLURM auto-requeueing enabled. Setting signal handlers.
Monitored metric train_loss did not improve in the last 150 records. Best score: 0.085. Signaling Trainer to stop.
GPU available: True (cuda), used: True
TPU available: False, using: 0 TPU cores
HPU available: False, using: 0 HPUs
LOCAL_RANK: 0 - CUDA_VISIBLE_DEVICES: [0,1]
SLURM auto-requeueing enabled. Setting signal handlers.
[I 2024-11-11 12:08:35,824] Trial 95 finished with value: 0.2788231074810028 and parameters: {'hidden_dim': 477, 'n_layers': 4, 'dropout': 0.28497935937841756, 'input_chunk_length': 91, 'learning_rate': 0.0004916812861442598, 'batch_size': 32}. Best is trial 17 with value: 0.18230657279491425.
GPU available: True (cuda), used: True
TPU available: False, using: 0 TPU cores
HPU available: False, using: 0 HPUs
LOCAL_RANK: 0 - CUDA_VISIBLE_DEVICES: [0,1]
SLURM auto-requeueing enabled. Setting signal handlers.
Monitored metric train_loss did not improve in the last 151 records. Best score: 0.085. Signaling Trainer to stop.
GPU available: True (cuda), used: True
TPU available: False, using: 0 TPU cores
HPU available: False, using: 0 HPUs
LOCAL_RANK: 0 - CUDA_VISIBLE_DEVICES: [0,1]
SLURM auto-requeueing enabled. Setting signal handlers.
[I 2024-11-11 12:08:59,935] Trial 96 finished with value: 0.32979509234428406 and parameters: {'hidden_dim': 223, 'n_layers': 3, 'dropout': 0.34034221296337996, 'input_chunk_length': 76, 'learning_rate': 9.146115832271075e-05, 'batch_size': 32}. Best is trial 17 with value: 0.18230657279491425.
GPU available: True (cuda), used: True
TPU available: False, using: 0 TPU cores
HPU available: False, using: 0 HPUs
LOCAL_RANK: 0 - CUDA_VISIBLE_DEVICES: [0,1]
SLURM auto-requeueing enabled. Setting signal handlers.
Monitored metric train_loss did not improve in the last 152 records. Best score: 0.085. Signaling Trainer to stop.
GPU available: True (cuda), used: True
TPU available: False, using: 0 TPU cores
HPU available: False, using: 0 HPUs
LOCAL_RANK: 0 - CUDA_VISIBLE_DEVICES: [0,1]
SLURM auto-requeueing enabled. Setting signal handlers.
[I 2024-11-11 12:09:28,375] Trial 97 finished with value: 0.30850690603256226 and parameters: {'hidden_dim': 403, 'n_layers': 3, 'dropout': 0.19449098838047046, 'input_chunk_length': 71, 'learning_rate': 2.231717535736906e-05, 'batch_size': 32}. Best is trial 17 with value: 0.18230657279491425.
GPU available: True (cuda), used: True
TPU available: False, using: 0 TPU cores
HPU available: False, using: 0 HPUs
LOCAL_RANK: 0 - CUDA_VISIBLE_DEVICES: [0,1]
SLURM auto-requeueing enabled. Setting signal handlers.
Monitored metric train_loss did not improve in the last 153 records. Best score: 0.085. Signaling Trainer to stop.
GPU available: True (cuda), used: True
TPU available: False, using: 0 TPU cores
HPU available: False, using: 0 HPUs
LOCAL_RANK: 0 - CUDA_VISIBLE_DEVICES: [0,1]
SLURM auto-requeueing enabled. Setting signal handlers.
[I 2024-11-11 12:09:44,584] Trial 98 finished with value: 0.315032035112381 and parameters: {'hidden_dim': 364, 'n_layers': 1, 'dropout': 0.24782612062653575, 'input_chunk_length': 16, 'learning_rate': 0.00011800234420988126, 'batch_size': 64}. Best is trial 17 with value: 0.18230657279491425.
GPU available: True (cuda), used: True
TPU available: False, using: 0 TPU cores
HPU available: False, using: 0 HPUs
LOCAL_RANK: 0 - CUDA_VISIBLE_DEVICES: [0,1]
SLURM auto-requeueing enabled. Setting signal handlers.
Monitored metric train_loss did not improve in the last 154 records. Best score: 0.085. Signaling Trainer to stop.
GPU available: True (cuda), used: True
TPU available: False, using: 0 TPU cores
HPU available: False, using: 0 HPUs
LOCAL_RANK: 0 - CUDA_VISIBLE_DEVICES: [0,1]
SLURM auto-requeueing enabled. Setting signal handlers.
[I 2024-11-11 12:10:23,732] Trial 99 finished with value: 0.30153441429138184 and parameters: {'hidden_dim': 471, 'n_layers': 3, 'dropout': 0.2977312316482256, 'input_chunk_length': 108, 'learning_rate': 0.0002605615818956366, 'batch_size': 32}. Best is trial 17 with value: 0.18230657279491425.
GPU available: True (cuda), used: True
TPU available: False, using: 0 TPU cores
HPU available: False, using: 0 HPUs
LOCAL_RANK: 0 - CUDA_VISIBLE_DEVICES: [0,1]
SLURM auto-requeueing enabled. Setting signal handlers.
Monitored metric train_loss did not improve in the last 155 records. Best score: 0.085. Signaling Trainer to stop.
GPU available: True (cuda), used: True
TPU available: False, using: 0 TPU cores
HPU available: False, using: 0 HPUs
LOCAL_RANK: 0 - CUDA_VISIBLE_DEVICES: [0,1]
SLURM auto-requeueing enabled. Setting signal handlers.
[I 2024-11-11 12:10:59,929] Trial 100 finished with value: 0.3028866648674011 and parameters: {'hidden_dim': 436, 'n_layers': 5, 'dropout': 0.0926194015508387, 'input_chunk_length': 94, 'learning_rate': 0.0003926899954332807, 'batch_size': 64}. Best is trial 17 with value: 0.18230657279491425.
GPU available: True (cuda), used: True
TPU available: False, using: 0 TPU cores
HPU available: False, using: 0 HPUs
LOCAL_RANK: 0 - CUDA_VISIBLE_DEVICES: [0,1]
SLURM auto-requeueing enabled. Setting signal handlers.
Monitored metric train_loss did not improve in the last 156 records. Best score: 0.085. Signaling Trainer to stop.
GPU available: True (cuda), used: True
TPU available: False, using: 0 TPU cores
HPU available: False, using: 0 HPUs
LOCAL_RANK: 0 - CUDA_VISIBLE_DEVICES: [0,1]
SLURM auto-requeueing enabled. Setting signal handlers.
