[I 2024-11-11 12:11:30,830] Trial 101 finished with value: 0.2988909184932709 and parameters: {'hidden_dim': 421, 'n_layers': 3, 'dropout': 0.31903640746483086, 'input_chunk_length': 81, 'learning_rate': 0.00030351536882150364, 'batch_size': 32}. Best is trial 17 with value: 0.18230657279491425.
GPU available: True (cuda), used: True
TPU available: False, using: 0 TPU cores
HPU available: False, using: 0 HPUs
LOCAL_RANK: 0 - CUDA_VISIBLE_DEVICES: [0,1]
SLURM auto-requeueing enabled. Setting signal handlers.
Monitored metric train_loss did not improve in the last 157 records. Best score: 0.085. Signaling Trainer to stop.
GPU available: True (cuda), used: True
TPU available: False, using: 0 TPU cores
HPU available: False, using: 0 HPUs
LOCAL_RANK: 0 - CUDA_VISIBLE_DEVICES: [0,1]
SLURM auto-requeueing enabled. Setting signal handlers.
[I 2024-11-11 12:12:05,152] Trial 102 finished with value: 0.288703590631485 and parameters: {'hidden_dim': 455, 'n_layers': 3, 'dropout': 0.31027900070228653, 'input_chunk_length': 87, 'learning_rate': 0.0002208920331603393, 'batch_size': 32}. Best is trial 17 with value: 0.18230657279491425.
GPU available: True (cuda), used: True
TPU available: False, using: 0 TPU cores
HPU available: False, using: 0 HPUs
LOCAL_RANK: 0 - CUDA_VISIBLE_DEVICES: [0,1]
SLURM auto-requeueing enabled. Setting signal handlers.
Monitored metric train_loss did not improve in the last 158 records. Best score: 0.085. Signaling Trainer to stop.
GPU available: True (cuda), used: True
TPU available: False, using: 0 TPU cores
HPU available: False, using: 0 HPUs
LOCAL_RANK: 0 - CUDA_VISIBLE_DEVICES: [0,1]
SLURM auto-requeueing enabled. Setting signal handlers.
[I 2024-11-11 12:12:34,501] Trial 103 finished with value: 0.30201390385627747 and parameters: {'hidden_dim': 495, 'n_layers': 3, 'dropout': 0.3571893829860739, 'input_chunk_length': 63, 'learning_rate': 0.00033861871946075345, 'batch_size': 32}. Best is trial 17 with value: 0.18230657279491425.
GPU available: True (cuda), used: True
TPU available: False, using: 0 TPU cores
HPU available: False, using: 0 HPUs
LOCAL_RANK: 0 - CUDA_VISIBLE_DEVICES: [0,1]
SLURM auto-requeueing enabled. Setting signal handlers.
Monitored metric train_loss did not improve in the last 159 records. Best score: 0.085. Signaling Trainer to stop.
GPU available: True (cuda), used: True
TPU available: False, using: 0 TPU cores
HPU available: False, using: 0 HPUs
LOCAL_RANK: 0 - CUDA_VISIBLE_DEVICES: [0,1]
SLURM auto-requeueing enabled. Setting signal handlers.
[I 2024-11-11 12:13:02,094] Trial 104 finished with value: 0.3064562678337097 and parameters: {'hidden_dim': 250, 'n_layers': 4, 'dropout': 0.34686200242663207, 'input_chunk_length': 90, 'learning_rate': 0.000275378711961626, 'batch_size': 32}. Best is trial 17 with value: 0.18230657279491425.
GPU available: True (cuda), used: True
TPU available: False, using: 0 TPU cores
HPU available: False, using: 0 HPUs
LOCAL_RANK: 0 - CUDA_VISIBLE_DEVICES: [0,1]
SLURM auto-requeueing enabled. Setting signal handlers.
Monitored metric train_loss did not improve in the last 160 records. Best score: 0.085. Signaling Trainer to stop.
GPU available: True (cuda), used: True
TPU available: False, using: 0 TPU cores
HPU available: False, using: 0 HPUs
LOCAL_RANK: 0 - CUDA_VISIBLE_DEVICES: [0,1]
SLURM auto-requeueing enabled. Setting signal handlers.
[I 2024-11-11 12:13:32,305] Trial 105 finished with value: 0.3107168972492218 and parameters: {'hidden_dim': 440, 'n_layers': 2, 'dropout': 0.332677477637801, 'input_chunk_length': 85, 'learning_rate': 0.0001707587914928511, 'batch_size': 32}. Best is trial 17 with value: 0.18230657279491425.
GPU available: True (cuda), used: True
TPU available: False, using: 0 TPU cores
HPU available: False, using: 0 HPUs
LOCAL_RANK: 0 - CUDA_VISIBLE_DEVICES: [0,1]
SLURM auto-requeueing enabled. Setting signal handlers.
Monitored metric train_loss did not improve in the last 161 records. Best score: 0.085. Signaling Trainer to stop.
GPU available: True (cuda), used: True
TPU available: False, using: 0 TPU cores
HPU available: False, using: 0 HPUs
LOCAL_RANK: 0 - CUDA_VISIBLE_DEVICES: [0,1]
SLURM auto-requeueing enabled. Setting signal handlers.
[I 2024-11-11 12:13:57,866] Trial 106 finished with value: 0.3372845947742462 and parameters: {'hidden_dim': 194, 'n_layers': 3, 'dropout': 0.26355150471637606, 'input_chunk_length': 98, 'learning_rate': 0.0007966591115575723, 'batch_size': 32}. Best is trial 17 with value: 0.18230657279491425.
GPU available: True (cuda), used: True
TPU available: False, using: 0 TPU cores
HPU available: False, using: 0 HPUs
LOCAL_RANK: 0 - CUDA_VISIBLE_DEVICES: [0,1]
SLURM auto-requeueing enabled. Setting signal handlers.
Monitored metric train_loss did not improve in the last 162 records. Best score: 0.085. Signaling Trainer to stop.
GPU available: True (cuda), used: True
TPU available: False, using: 0 TPU cores
HPU available: False, using: 0 HPUs
LOCAL_RANK: 0 - CUDA_VISIBLE_DEVICES: [0,1]
SLURM auto-requeueing enabled. Setting signal handlers.
[I 2024-11-11 12:14:25,011] Trial 107 finished with value: 0.28851601481437683 and parameters: {'hidden_dim': 395, 'n_layers': 3, 'dropout': 0.37192633550085297, 'input_chunk_length': 66, 'learning_rate': 0.0004239109408759163, 'batch_size': 32}. Best is trial 17 with value: 0.18230657279491425.
GPU available: True (cuda), used: True
TPU available: False, using: 0 TPU cores
HPU available: False, using: 0 HPUs
LOCAL_RANK: 0 - CUDA_VISIBLE_DEVICES: [0,1]
SLURM auto-requeueing enabled. Setting signal handlers.
Monitored metric train_loss did not improve in the last 163 records. Best score: 0.085. Signaling Trainer to stop.
GPU available: True (cuda), used: True
TPU available: False, using: 0 TPU cores
HPU available: False, using: 0 HPUs
LOCAL_RANK: 0 - CUDA_VISIBLE_DEVICES: [0,1]
SLURM auto-requeueing enabled. Setting signal handlers.
[I 2024-11-11 12:14:55,375] Trial 108 finished with value: 0.30072957277297974 and parameters: {'hidden_dim': 422, 'n_layers': 4, 'dropout': 0.2732152416022759, 'input_chunk_length': 80, 'learning_rate': 0.00024166459002851796, 'batch_size': 64}. Best is trial 17 with value: 0.18230657279491425.
GPU available: True (cuda), used: True
TPU available: False, using: 0 TPU cores
HPU available: False, using: 0 HPUs
LOCAL_RANK: 0 - CUDA_VISIBLE_DEVICES: [0,1]
SLURM auto-requeueing enabled. Setting signal handlers.
Monitored metric train_loss did not improve in the last 164 records. Best score: 0.085. Signaling Trainer to stop.
GPU available: True (cuda), used: True
TPU available: False, using: 0 TPU cores
HPU available: False, using: 0 HPUs
LOCAL_RANK: 0 - CUDA_VISIBLE_DEVICES: [0,1]
SLURM auto-requeueing enabled. Setting signal handlers.
[I 2024-11-11 12:15:23,610] Trial 109 finished with value: 0.2895936965942383 and parameters: {'hidden_dim': 381, 'n_layers': 3, 'dropout': 0.38590306607311536, 'input_chunk_length': 72, 'learning_rate': 0.00018153544134985185, 'batch_size': 32}. Best is trial 17 with value: 0.18230657279491425.
GPU available: True (cuda), used: True
TPU available: False, using: 0 TPU cores
HPU available: False, using: 0 HPUs
LOCAL_RANK: 0 - CUDA_VISIBLE_DEVICES: [0,1]
SLURM auto-requeueing enabled. Setting signal handlers.
Monitored metric train_loss did not improve in the last 165 records. Best score: 0.085. Signaling Trainer to stop.
GPU available: True (cuda), used: True
TPU available: False, using: 0 TPU cores
HPU available: False, using: 0 HPUs
LOCAL_RANK: 0 - CUDA_VISIBLE_DEVICES: [0,1]
SLURM auto-requeueing enabled. Setting signal handlers.
[I 2024-11-11 12:15:55,109] Trial 110 finished with value: 0.29370686411857605 and parameters: {'hidden_dim': 410, 'n_layers': 1, 'dropout': 0.3177972876561346, 'input_chunk_length': 104, 'learning_rate': 0.00015069007498167604, 'batch_size': 32}. Best is trial 17 with value: 0.18230657279491425.
GPU available: True (cuda), used: True
TPU available: False, using: 0 TPU cores
HPU available: False, using: 0 HPUs
LOCAL_RANK: 0 - CUDA_VISIBLE_DEVICES: [0,1]
SLURM auto-requeueing enabled. Setting signal handlers.
Monitored metric train_loss did not improve in the last 166 records. Best score: 0.085. Signaling Trainer to stop.
GPU available: True (cuda), used: True
TPU available: False, using: 0 TPU cores
HPU available: False, using: 0 HPUs
LOCAL_RANK: 0 - CUDA_VISIBLE_DEVICES: [0,1]
SLURM auto-requeueing enabled. Setting signal handlers.
[I 2024-11-11 12:16:20,590] Trial 111 finished with value: 0.2681630253791809 and parameters: {'hidden_dim': 171, 'n_layers': 4, 'dropout': 0.28338274643540307, 'input_chunk_length': 92, 'learning_rate': 0.00045053374088618793, 'batch_size': 32}. Best is trial 17 with value: 0.18230657279491425.
GPU available: True (cuda), used: True
TPU available: False, using: 0 TPU cores
HPU available: False, using: 0 HPUs
LOCAL_RANK: 0 - CUDA_VISIBLE_DEVICES: [0,1]
SLURM auto-requeueing enabled. Setting signal handlers.
Monitored metric train_loss did not improve in the last 167 records. Best score: 0.085. Signaling Trainer to stop.
GPU available: True (cuda), used: True
TPU available: False, using: 0 TPU cores
HPU available: False, using: 0 HPUs
LOCAL_RANK: 0 - CUDA_VISIBLE_DEVICES: [0,1]
SLURM auto-requeueing enabled. Setting signal handlers.
[I 2024-11-11 12:16:40,418] Trial 112 finished with value: 0.3150946795940399 and parameters: {'hidden_dim': 98, 'n_layers': 4, 'dropout': 0.2826328266096871, 'input_chunk_length': 75, 'learning_rate': 0.0005345215252512093, 'batch_size': 32}. Best is trial 17 with value: 0.18230657279491425.
GPU available: True (cuda), used: True
TPU available: False, using: 0 TPU cores
HPU available: False, using: 0 HPUs
LOCAL_RANK: 0 - CUDA_VISIBLE_DEVICES: [0,1]
SLURM auto-requeueing enabled. Setting signal handlers.
Monitored metric train_loss did not improve in the last 168 records. Best score: 0.085. Signaling Trainer to stop.
GPU available: True (cuda), used: True
TPU available: False, using: 0 TPU cores
HPU available: False, using: 0 HPUs
LOCAL_RANK: 0 - CUDA_VISIBLE_DEVICES: [0,1]
SLURM auto-requeueing enabled. Setting signal handlers.
[I 2024-11-11 12:17:00,639] Trial 113 finished with value: 0.29411494731903076 and parameters: {'hidden_dim': 127, 'n_layers': 4, 'dropout': 0.3019668372311202, 'input_chunk_length': 79, 'learning_rate': 0.0003516025876401487, 'batch_size': 32}. Best is trial 17 with value: 0.18230657279491425.
GPU available: True (cuda), used: True
TPU available: False, using: 0 TPU cores
HPU available: False, using: 0 HPUs
LOCAL_RANK: 0 - CUDA_VISIBLE_DEVICES: [0,1]
SLURM auto-requeueing enabled. Setting signal handlers.
Monitored metric train_loss did not improve in the last 169 records. Best score: 0.085. Signaling Trainer to stop.
GPU available: True (cuda), used: True
TPU available: False, using: 0 TPU cores
HPU available: False, using: 0 HPUs
LOCAL_RANK: 0 - CUDA_VISIBLE_DEVICES: [0,1]
SLURM auto-requeueing enabled. Setting signal handlers.
[I 2024-11-11 12:17:30,880] Trial 114 finished with value: 0.2894625663757324 and parameters: {'hidden_dim': 271, 'n_layers': 6, 'dropout': 0.255602636199647, 'input_chunk_length': 84, 'learning_rate': 0.0004656097007902481, 'batch_size': 32}. Best is trial 17 with value: 0.18230657279491425.
GPU available: True (cuda), used: True
TPU available: False, using: 0 TPU cores
HPU available: False, using: 0 HPUs
LOCAL_RANK: 0 - CUDA_VISIBLE_DEVICES: [0,1]
SLURM auto-requeueing enabled. Setting signal handlers.
Monitored metric train_loss did not improve in the last 170 records. Best score: 0.085. Signaling Trainer to stop.
GPU available: True (cuda), used: True
TPU available: False, using: 0 TPU cores
HPU available: False, using: 0 HPUs
LOCAL_RANK: 0 - CUDA_VISIBLE_DEVICES: [0,1]
SLURM auto-requeueing enabled. Setting signal handlers.
[I 2024-11-11 12:17:53,847] Trial 115 finished with value: 0.30512067675590515 and parameters: {'hidden_dim': 176, 'n_layers': 4, 'dropout': 0.3638764475745364, 'input_chunk_length': 69, 'learning_rate': 0.00020203371506013557, 'batch_size': 32}. Best is trial 17 with value: 0.18230657279491425.
GPU available: True (cuda), used: True
TPU available: False, using: 0 TPU cores
HPU available: False, using: 0 HPUs
LOCAL_RANK: 0 - CUDA_VISIBLE_DEVICES: [0,1]
SLURM auto-requeueing enabled. Setting signal handlers.
Monitored metric train_loss did not improve in the last 171 records. Best score: 0.085. Signaling Trainer to stop.
GPU available: True (cuda), used: True
TPU available: False, using: 0 TPU cores
HPU available: False, using: 0 HPUs
LOCAL_RANK: 0 - CUDA_VISIBLE_DEVICES: [0,1]
SLURM auto-requeueing enabled. Setting signal handlers.
[I 2024-11-11 12:18:11,814] Trial 116 finished with value: 0.33051660656929016 and parameters: {'hidden_dim': 71, 'n_layers': 5, 'dropout': 0.22107176408051665, 'input_chunk_length': 93, 'learning_rate': 0.00028814802118680704, 'batch_size': 64}. Best is trial 17 with value: 0.18230657279491425.
GPU available: True (cuda), used: True
TPU available: False, using: 0 TPU cores
HPU available: False, using: 0 HPUs
LOCAL_RANK: 0 - CUDA_VISIBLE_DEVICES: [0,1]
SLURM auto-requeueing enabled. Setting signal handlers.
Monitored metric train_loss did not improve in the last 172 records. Best score: 0.085. Signaling Trainer to stop.
GPU available: True (cuda), used: True
TPU available: False, using: 0 TPU cores
HPU available: False, using: 0 HPUs
LOCAL_RANK: 0 - CUDA_VISIBLE_DEVICES: [0,1]
SLURM auto-requeueing enabled. Setting signal handlers.
[I 2024-11-11 12:18:32,082] Trial 117 finished with value: 0.3022501766681671 and parameters: {'hidden_dim': 108, 'n_layers': 3, 'dropout': 0.2900896357079749, 'input_chunk_length': 99, 'learning_rate': 0.0003824566947457815, 'batch_size': 32}. Best is trial 17 with value: 0.18230657279491425.
GPU available: True (cuda), used: True
TPU available: False, using: 0 TPU cores
HPU available: False, using: 0 HPUs
LOCAL_RANK: 0 - CUDA_VISIBLE_DEVICES: [0,1]
SLURM auto-requeueing enabled. Setting signal handlers.
Monitored metric train_loss did not improve in the last 173 records. Best score: 0.085. Signaling Trainer to stop.
GPU available: True (cuda), used: True
TPU available: False, using: 0 TPU cores
HPU available: False, using: 0 HPUs
LOCAL_RANK: 0 - CUDA_VISIBLE_DEVICES: [0,1]
SLURM auto-requeueing enabled. Setting signal handlers.
[I 2024-11-11 12:18:52,325] Trial 118 finished with value: 0.35621383786201477 and parameters: {'hidden_dim': 142, 'n_layers': 3, 'dropout': 0.3302293035958903, 'input_chunk_length': 57, 'learning_rate': 0.0006206371850144454, 'batch_size': 32}. Best is trial 17 with value: 0.18230657279491425.
GPU available: True (cuda), used: True
TPU available: False, using: 0 TPU cores
HPU available: False, using: 0 HPUs
LOCAL_RANK: 0 - CUDA_VISIBLE_DEVICES: [0,1]
SLURM auto-requeueing enabled. Setting signal handlers.
Monitored metric train_loss did not improve in the last 174 records. Best score: 0.085. Signaling Trainer to stop.
GPU available: True (cuda), used: True
TPU available: False, using: 0 TPU cores
HPU available: False, using: 0 HPUs
LOCAL_RANK: 0 - CUDA_VISIBLE_DEVICES: [0,1]
SLURM auto-requeueing enabled. Setting signal handlers.
[I 2024-11-11 12:19:25,929] Trial 119 finished with value: 0.33612650632858276 and parameters: {'hidden_dim': 411, 'n_layers': 2, 'dropout': 0.3413867878399976, 'input_chunk_length': 112, 'learning_rate': 4.169600421100456e-05, 'batch_size': 64}. Best is trial 17 with value: 0.18230657279491425.
GPU available: True (cuda), used: True
TPU available: False, using: 0 TPU cores
HPU available: False, using: 0 HPUs
LOCAL_RANK: 0 - CUDA_VISIBLE_DEVICES: [0,1]
SLURM auto-requeueing enabled. Setting signal handlers.
Monitored metric train_loss did not improve in the last 175 records. Best score: 0.085. Signaling Trainer to stop.
GPU available: True (cuda), used: True
TPU available: False, using: 0 TPU cores
HPU available: False, using: 0 HPUs
LOCAL_RANK: 0 - CUDA_VISIBLE_DEVICES: [0,1]
SLURM auto-requeueing enabled. Setting signal handlers.
[I 2024-11-11 12:19:50,576] Trial 120 finished with value: 0.33568552136421204 and parameters: {'hidden_dim': 166, 'n_layers': 4, 'dropout': 0.41694871500233377, 'input_chunk_length': 88, 'learning_rate': 7.05803580659553e-05, 'batch_size': 32}. Best is trial 17 with value: 0.18230657279491425.
GPU available: True (cuda), used: True
TPU available: False, using: 0 TPU cores
HPU available: False, using: 0 HPUs
LOCAL_RANK: 0 - CUDA_VISIBLE_DEVICES: [0,1]
SLURM auto-requeueing enabled. Setting signal handlers.
Monitored metric train_loss did not improve in the last 176 records. Best score: 0.085. Signaling Trainer to stop.
GPU available: True (cuda), used: True
TPU available: False, using: 0 TPU cores
HPU available: False, using: 0 HPUs
LOCAL_RANK: 0 - CUDA_VISIBLE_DEVICES: [0,1]
SLURM auto-requeueing enabled. Setting signal handlers.
[I 2024-11-11 12:20:28,270] Trial 121 finished with value: 0.23886239528656006 and parameters: {'hidden_dim': 474, 'n_layers': 4, 'dropout': 0.3128953127074733, 'input_chunk_length': 93, 'learning_rate': 0.00043392848672378284, 'batch_size': 32}. Best is trial 17 with value: 0.18230657279491425.
GPU available: True (cuda), used: True
TPU available: False, using: 0 TPU cores
HPU available: False, using: 0 HPUs
LOCAL_RANK: 0 - CUDA_VISIBLE_DEVICES: [0,1]
SLURM auto-requeueing enabled. Setting signal handlers.
Monitored metric train_loss did not improve in the last 177 records. Best score: 0.085. Signaling Trainer to stop.
GPU available: True (cuda), used: True
TPU available: False, using: 0 TPU cores
HPU available: False, using: 0 HPUs
LOCAL_RANK: 0 - CUDA_VISIBLE_DEVICES: [0,1]
SLURM auto-requeueing enabled. Setting signal handlers.
[I 2024-11-11 12:21:08,167] Trial 122 finished with value: 0.3294551968574524 and parameters: {'hidden_dim': 494, 'n_layers': 4, 'dropout': 0.31060153826253195, 'input_chunk_length': 96, 'learning_rate': 2.7281117152726476e-05, 'batch_size': 32}. Best is trial 17 with value: 0.18230657279491425.
GPU available: True (cuda), used: True
TPU available: False, using: 0 TPU cores
HPU available: False, using: 0 HPUs
LOCAL_RANK: 0 - CUDA_VISIBLE_DEVICES: [0,1]
SLURM auto-requeueing enabled. Setting signal handlers.
Monitored metric train_loss did not improve in the last 178 records. Best score: 0.085. Signaling Trainer to stop.
GPU available: True (cuda), used: True
TPU available: False, using: 0 TPU cores
HPU available: False, using: 0 HPUs
LOCAL_RANK: 0 - CUDA_VISIBLE_DEVICES: [0,1]
SLURM auto-requeueing enabled. Setting signal handlers.
[I 2024-11-11 12:21:27,943] Trial 123 finished with value: 0.2998661398887634 and parameters: {'hidden_dim': 86, 'n_layers': 4, 'dropout': 0.3233014134142627, 'input_chunk_length': 83, 'learning_rate': 0.0003209205665270418, 'batch_size': 32}. Best is trial 17 with value: 0.18230657279491425.
GPU available: True (cuda), used: True
TPU available: False, using: 0 TPU cores
HPU available: False, using: 0 HPUs
LOCAL_RANK: 0 - CUDA_VISIBLE_DEVICES: [0,1]
SLURM auto-requeueing enabled. Setting signal handlers.
Monitored metric train_loss did not improve in the last 179 records. Best score: 0.085. Signaling Trainer to stop.
GPU available: True (cuda), used: True
TPU available: False, using: 0 TPU cores
HPU available: False, using: 0 HPUs
LOCAL_RANK: 0 - CUDA_VISIBLE_DEVICES: [0,1]
SLURM auto-requeueing enabled. Setting signal handlers.
[I 2024-11-11 12:21:49,624] Trial 124 finished with value: 0.28826940059661865 and parameters: {'hidden_dim': 240, 'n_layers': 5, 'dropout': 0.3941568298809194, 'input_chunk_length': 38, 'learning_rate': 0.0002477955607200933, 'batch_size': 32}. Best is trial 17 with value: 0.18230657279491425.
GPU available: True (cuda), used: True
TPU available: False, using: 0 TPU cores
HPU available: False, using: 0 HPUs
LOCAL_RANK: 0 - CUDA_VISIBLE_DEVICES: [0,1]
SLURM auto-requeueing enabled. Setting signal handlers.
Monitored metric train_loss did not improve in the last 180 records. Best score: 0.085. Signaling Trainer to stop.
GPU available: True (cuda), used: True
TPU available: False, using: 0 TPU cores
HPU available: False, using: 0 HPUs
LOCAL_RANK: 0 - CUDA_VISIBLE_DEVICES: [0,1]
SLURM auto-requeueing enabled. Setting signal handlers.
[I 2024-11-11 12:22:16,874] Trial 125 finished with value: 0.32098284363746643 and parameters: {'hidden_dim': 221, 'n_layers': 4, 'dropout': 0.03586688532212099, 'input_chunk_length': 92, 'learning_rate': 0.0011997281724960797, 'batch_size': 32}. Best is trial 17 with value: 0.18230657279491425.
GPU available: True (cuda), used: True
TPU available: False, using: 0 TPU cores
HPU available: False, using: 0 HPUs
LOCAL_RANK: 0 - CUDA_VISIBLE_DEVICES: [0,1]
SLURM auto-requeueing enabled. Setting signal handlers.
Monitored metric train_loss did not improve in the last 181 records. Best score: 0.085. Signaling Trainer to stop.
GPU available: True (cuda), used: True
TPU available: False, using: 0 TPU cores
HPU available: False, using: 0 HPUs
LOCAL_RANK: 0 - CUDA_VISIBLE_DEVICES: [0,1]
SLURM auto-requeueing enabled. Setting signal handlers.
[I 2024-11-11 12:22:48,849] Trial 126 finished with value: 0.3254200220108032 and parameters: {'hidden_dim': 453, 'n_layers': 3, 'dropout': 0.2939845065758526, 'input_chunk_length': 78, 'learning_rate': 0.00043928375400922474, 'batch_size': 32}. Best is trial 17 with value: 0.18230657279491425.
GPU available: True (cuda), used: True
TPU available: False, using: 0 TPU cores
HPU available: False, using: 0 HPUs
LOCAL_RANK: 0 - CUDA_VISIBLE_DEVICES: [0,1]
SLURM auto-requeueing enabled. Setting signal handlers.
Monitored metric train_loss did not improve in the last 182 records. Best score: 0.085. Signaling Trainer to stop.
GPU available: True (cuda), used: True
TPU available: False, using: 0 TPU cores
HPU available: False, using: 0 HPUs
LOCAL_RANK: 0 - CUDA_VISIBLE_DEVICES: [0,1]
SLURM auto-requeueing enabled. Setting signal handlers.
