[I 2024-11-11 20:49:48,256] Trial 232 finished with value: 0.30072644352912903 and parameters: {'hidden_dim': 143, 'n_layers': 1, 'dropout': 0.24496907682909064, 'input_chunk_length': 55, 'learning_rate': 0.0013073721108002449, 'batch_size': 32}. Best is trial 1 with value: 0.11272724717855453.
GPU available: True (cuda), used: True
TPU available: False, using: 0 TPU cores
HPU available: False, using: 0 HPUs
LOCAL_RANK: 0 - CUDA_VISIBLE_DEVICES: [0,1]
SLURM auto-requeueing enabled. Setting signal handlers.
Monitored metric train_loss did not improve in the last 289 records. Best score: 0.049. Signaling Trainer to stop.
GPU available: True (cuda), used: True
TPU available: False, using: 0 TPU cores
HPU available: False, using: 0 HPUs
LOCAL_RANK: 0 - CUDA_VISIBLE_DEVICES: [0,1]
SLURM auto-requeueing enabled. Setting signal handlers.
[I 2024-11-11 20:50:10,138] Trial 233 finished with value: 0.3132847845554352 and parameters: {'hidden_dim': 187, 'n_layers': 1, 'dropout': 0.13997462940421648, 'input_chunk_length': 53, 'learning_rate': 0.0015987091860008424, 'batch_size': 32}. Best is trial 1 with value: 0.11272724717855453.
GPU available: True (cuda), used: True
TPU available: False, using: 0 TPU cores
HPU available: False, using: 0 HPUs
LOCAL_RANK: 0 - CUDA_VISIBLE_DEVICES: [0,1]
SLURM auto-requeueing enabled. Setting signal handlers.
Monitored metric train_loss did not improve in the last 290 records. Best score: 0.049. Signaling Trainer to stop.
GPU available: True (cuda), used: True
TPU available: False, using: 0 TPU cores
HPU available: False, using: 0 HPUs
LOCAL_RANK: 0 - CUDA_VISIBLE_DEVICES: [0,1]
SLURM auto-requeueing enabled. Setting signal handlers.
[I 2024-11-11 20:50:31,890] Trial 234 finished with value: 0.2659333348274231 and parameters: {'hidden_dim': 161, 'n_layers': 1, 'dropout': 0.12311126064363312, 'input_chunk_length': 48, 'learning_rate': 0.001017158306754729, 'batch_size': 32}. Best is trial 1 with value: 0.11272724717855453.
GPU available: True (cuda), used: True
TPU available: False, using: 0 TPU cores
HPU available: False, using: 0 HPUs
LOCAL_RANK: 0 - CUDA_VISIBLE_DEVICES: [0,1]
SLURM auto-requeueing enabled. Setting signal handlers.
Monitored metric train_loss did not improve in the last 291 records. Best score: 0.049. Signaling Trainer to stop.
GPU available: True (cuda), used: True
TPU available: False, using: 0 TPU cores
HPU available: False, using: 0 HPUs
LOCAL_RANK: 0 - CUDA_VISIBLE_DEVICES: [0,1]
SLURM auto-requeueing enabled. Setting signal handlers.
[I 2024-11-11 20:50:54,305] Trial 235 finished with value: 0.23508161306381226 and parameters: {'hidden_dim': 168, 'n_layers': 1, 'dropout': 0.08026918818170214, 'input_chunk_length': 41, 'learning_rate': 0.0008523084097291721, 'batch_size': 32}. Best is trial 1 with value: 0.11272724717855453.
GPU available: True (cuda), used: True
TPU available: False, using: 0 TPU cores
HPU available: False, using: 0 HPUs
LOCAL_RANK: 0 - CUDA_VISIBLE_DEVICES: [0,1]
SLURM auto-requeueing enabled. Setting signal handlers.
Monitored metric train_loss did not improve in the last 292 records. Best score: 0.049. Signaling Trainer to stop.
GPU available: True (cuda), used: True
TPU available: False, using: 0 TPU cores
HPU available: False, using: 0 HPUs
LOCAL_RANK: 0 - CUDA_VISIBLE_DEVICES: [0,1]
SLURM auto-requeueing enabled. Setting signal handlers.
[I 2024-11-11 20:51:16,130] Trial 236 finished with value: 0.3011256456375122 and parameters: {'hidden_dim': 175, 'n_layers': 1, 'dropout': 0.07992284224019097, 'input_chunk_length': 41, 'learning_rate': 0.0008421932195834156, 'batch_size': 32}. Best is trial 1 with value: 0.11272724717855453.
GPU available: True (cuda), used: True
TPU available: False, using: 0 TPU cores
HPU available: False, using: 0 HPUs
LOCAL_RANK: 0 - CUDA_VISIBLE_DEVICES: [0,1]
SLURM auto-requeueing enabled. Setting signal handlers.
Monitored metric train_loss did not improve in the last 293 records. Best score: 0.049. Signaling Trainer to stop.
GPU available: True (cuda), used: True
TPU available: False, using: 0 TPU cores
HPU available: False, using: 0 HPUs
LOCAL_RANK: 0 - CUDA_VISIBLE_DEVICES: [0,1]
SLURM auto-requeueing enabled. Setting signal handlers.
[I 2024-11-11 20:51:37,896] Trial 237 finished with value: 0.2842049300670624 and parameters: {'hidden_dim': 169, 'n_layers': 1, 'dropout': 0.08534740475245495, 'input_chunk_length': 44, 'learning_rate': 0.0006909449233388577, 'batch_size': 32}. Best is trial 1 with value: 0.11272724717855453.
GPU available: True (cuda), used: True
TPU available: False, using: 0 TPU cores
HPU available: False, using: 0 HPUs
LOCAL_RANK: 0 - CUDA_VISIBLE_DEVICES: [0,1]
SLURM auto-requeueing enabled. Setting signal handlers.
Monitored metric train_loss did not improve in the last 294 records. Best score: 0.049. Signaling Trainer to stop.
GPU available: True (cuda), used: True
TPU available: False, using: 0 TPU cores
HPU available: False, using: 0 HPUs
LOCAL_RANK: 0 - CUDA_VISIBLE_DEVICES: [0,1]
SLURM auto-requeueing enabled. Setting signal handlers.
[I 2024-11-11 20:51:59,304] Trial 238 finished with value: 0.28823062777519226 and parameters: {'hidden_dim': 149, 'n_layers': 1, 'dropout': 0.1920183063511516, 'input_chunk_length': 42, 'learning_rate': 0.000571519669641584, 'batch_size': 32}. Best is trial 1 with value: 0.11272724717855453.
GPU available: True (cuda), used: True
TPU available: False, using: 0 TPU cores
HPU available: False, using: 0 HPUs
LOCAL_RANK: 0 - CUDA_VISIBLE_DEVICES: [0,1]
SLURM auto-requeueing enabled. Setting signal handlers.
Monitored metric train_loss did not improve in the last 295 records. Best score: 0.049. Signaling Trainer to stop.
GPU available: True (cuda), used: True
TPU available: False, using: 0 TPU cores
HPU available: False, using: 0 HPUs
LOCAL_RANK: 0 - CUDA_VISIBLE_DEVICES: [0,1]
SLURM auto-requeueing enabled. Setting signal handlers.
[I 2024-11-11 20:52:20,774] Trial 239 finished with value: 0.20406879484653473 and parameters: {'hidden_dim': 184, 'n_layers': 1, 'dropout': 0.05283733527522677, 'input_chunk_length': 37, 'learning_rate': 0.0008986792014180961, 'batch_size': 32}. Best is trial 1 with value: 0.11272724717855453.
GPU available: True (cuda), used: True
TPU available: False, using: 0 TPU cores
HPU available: False, using: 0 HPUs
LOCAL_RANK: 0 - CUDA_VISIBLE_DEVICES: [0,1]
SLURM auto-requeueing enabled. Setting signal handlers.
Monitored metric train_loss did not improve in the last 296 records. Best score: 0.049. Signaling Trainer to stop.
GPU available: True (cuda), used: True
TPU available: False, using: 0 TPU cores
HPU available: False, using: 0 HPUs
LOCAL_RANK: 0 - CUDA_VISIBLE_DEVICES: [0,1]
SLURM auto-requeueing enabled. Setting signal handlers.
[I 2024-11-11 20:52:39,203] Trial 240 finished with value: 0.3030324876308441 and parameters: {'hidden_dim': 196, 'n_layers': 1, 'dropout': 0.05469290324771486, 'input_chunk_length': 36, 'learning_rate': 0.0007498175804421011, 'batch_size': 64}. Best is trial 1 with value: 0.11272724717855453.
GPU available: True (cuda), used: True
TPU available: False, using: 0 TPU cores
HPU available: False, using: 0 HPUs
LOCAL_RANK: 0 - CUDA_VISIBLE_DEVICES: [0,1]
SLURM auto-requeueing enabled. Setting signal handlers.
Monitored metric train_loss did not improve in the last 297 records. Best score: 0.049. Signaling Trainer to stop.
GPU available: True (cuda), used: True
TPU available: False, using: 0 TPU cores
HPU available: False, using: 0 HPUs
LOCAL_RANK: 0 - CUDA_VISIBLE_DEVICES: [0,1]
SLURM auto-requeueing enabled. Setting signal handlers.
[I 2024-11-11 20:53:00,823] Trial 241 finished with value: 0.21798904240131378 and parameters: {'hidden_dim': 185, 'n_layers': 1, 'dropout': 0.06897567456292096, 'input_chunk_length': 38, 'learning_rate': 0.0009528319333124597, 'batch_size': 32}. Best is trial 1 with value: 0.11272724717855453.
GPU available: True (cuda), used: True
TPU available: False, using: 0 TPU cores
HPU available: False, using: 0 HPUs
LOCAL_RANK: 0 - CUDA_VISIBLE_DEVICES: [0,1]
SLURM auto-requeueing enabled. Setting signal handlers.
Monitored metric train_loss did not improve in the last 298 records. Best score: 0.049. Signaling Trainer to stop.
GPU available: True (cuda), used: True
TPU available: False, using: 0 TPU cores
HPU available: False, using: 0 HPUs
LOCAL_RANK: 0 - CUDA_VISIBLE_DEVICES: [0,1]
SLURM auto-requeueing enabled. Setting signal handlers.
[I 2024-11-11 20:53:22,328] Trial 242 finished with value: 0.21001090109348297 and parameters: {'hidden_dim': 184, 'n_layers': 1, 'dropout': 0.07365853907326149, 'input_chunk_length': 38, 'learning_rate': 0.0008490688809392424, 'batch_size': 32}. Best is trial 1 with value: 0.11272724717855453.
GPU available: True (cuda), used: True
TPU available: False, using: 0 TPU cores
HPU available: False, using: 0 HPUs
LOCAL_RANK: 0 - CUDA_VISIBLE_DEVICES: [0,1]
SLURM auto-requeueing enabled. Setting signal handlers.
Monitored metric train_loss did not improve in the last 299 records. Best score: 0.049. Signaling Trainer to stop.
GPU available: True (cuda), used: True
TPU available: False, using: 0 TPU cores
HPU available: False, using: 0 HPUs
LOCAL_RANK: 0 - CUDA_VISIBLE_DEVICES: [0,1]
SLURM auto-requeueing enabled. Setting signal handlers.
[I 2024-11-11 20:53:43,688] Trial 243 finished with value: 0.3057507574558258 and parameters: {'hidden_dim': 171, 'n_layers': 1, 'dropout': 0.06903828381680618, 'input_chunk_length': 37, 'learning_rate': 0.0008724157459956972, 'batch_size': 32}. Best is trial 1 with value: 0.11272724717855453.
GPU available: True (cuda), used: True
TPU available: False, using: 0 TPU cores
HPU available: False, using: 0 HPUs
LOCAL_RANK: 0 - CUDA_VISIBLE_DEVICES: [0,1]
SLURM auto-requeueing enabled. Setting signal handlers.
Monitored metric train_loss did not improve in the last 300 records. Best score: 0.049. Signaling Trainer to stop.
GPU available: True (cuda), used: True
TPU available: False, using: 0 TPU cores
HPU available: False, using: 0 HPUs
LOCAL_RANK: 0 - CUDA_VISIBLE_DEVICES: [0,1]
SLURM auto-requeueing enabled. Setting signal handlers.
[I 2024-11-11 20:54:04,426] Trial 244 finished with value: 0.29799768328666687 and parameters: {'hidden_dim': 136, 'n_layers': 1, 'dropout': 0.05957928173867626, 'input_chunk_length': 33, 'learning_rate': 0.0006544760418592577, 'batch_size': 32}. Best is trial 1 with value: 0.11272724717855453.
GPU available: True (cuda), used: True
TPU available: False, using: 0 TPU cores
HPU available: False, using: 0 HPUs
LOCAL_RANK: 0 - CUDA_VISIBLE_DEVICES: [0,1]
SLURM auto-requeueing enabled. Setting signal handlers.
Monitored metric train_loss did not improve in the last 301 records. Best score: 0.049. Signaling Trainer to stop.
GPU available: True (cuda), used: True
TPU available: False, using: 0 TPU cores
HPU available: False, using: 0 HPUs
LOCAL_RANK: 0 - CUDA_VISIBLE_DEVICES: [0,1]
SLURM auto-requeueing enabled. Setting signal handlers.
[I 2024-11-11 20:54:27,973] Trial 245 finished with value: 0.3016420900821686 and parameters: {'hidden_dim': 188, 'n_layers': 6, 'dropout': 0.07581605013405276, 'input_chunk_length': 34, 'learning_rate': 0.0002609123555920063, 'batch_size': 32}. Best is trial 1 with value: 0.11272724717855453.
GPU available: True (cuda), used: True
TPU available: False, using: 0 TPU cores
HPU available: False, using: 0 HPUs
LOCAL_RANK: 0 - CUDA_VISIBLE_DEVICES: [0,1]
SLURM auto-requeueing enabled. Setting signal handlers.
Monitored metric train_loss did not improve in the last 302 records. Best score: 0.049. Signaling Trainer to stop.
GPU available: True (cuda), used: True
TPU available: False, using: 0 TPU cores
HPU available: False, using: 0 HPUs
LOCAL_RANK: 0 - CUDA_VISIBLE_DEVICES: [0,1]
SLURM auto-requeueing enabled. Setting signal handlers.
[I 2024-11-11 20:54:48,964] Trial 246 finished with value: 0.3191307485103607 and parameters: {'hidden_dim': 121, 'n_layers': 1, 'dropout': 0.0500547890997586, 'input_chunk_length': 37, 'learning_rate': 0.0007669207010236041, 'batch_size': 32}. Best is trial 1 with value: 0.11272724717855453.
GPU available: True (cuda), used: True
TPU available: False, using: 0 TPU cores
HPU available: False, using: 0 HPUs
LOCAL_RANK: 0 - CUDA_VISIBLE_DEVICES: [0,1]
SLURM auto-requeueing enabled. Setting signal handlers.
Monitored metric train_loss did not improve in the last 303 records. Best score: 0.049. Signaling Trainer to stop.
GPU available: True (cuda), used: True
TPU available: False, using: 0 TPU cores
HPU available: False, using: 0 HPUs
LOCAL_RANK: 0 - CUDA_VISIBLE_DEVICES: [0,1]
SLURM auto-requeueing enabled. Setting signal handlers.
[I 2024-11-11 20:55:11,377] Trial 247 finished with value: 0.36487725377082825 and parameters: {'hidden_dim': 332, 'n_layers': 1, 'dropout': 0.08994184940667158, 'input_chunk_length': 37, 'learning_rate': 0.0008539980876061744, 'batch_size': 32}. Best is trial 1 with value: 0.11272724717855453.
GPU available: True (cuda), used: True
TPU available: False, using: 0 TPU cores
HPU available: False, using: 0 HPUs
LOCAL_RANK: 0 - CUDA_VISIBLE_DEVICES: [0,1]
SLURM auto-requeueing enabled. Setting signal handlers.
Monitored metric train_loss did not improve in the last 304 records. Best score: 0.049. Signaling Trainer to stop.
GPU available: True (cuda), used: True
TPU available: False, using: 0 TPU cores
HPU available: False, using: 0 HPUs
LOCAL_RANK: 0 - CUDA_VISIBLE_DEVICES: [0,1]
SLURM auto-requeueing enabled. Setting signal handlers.
[I 2024-11-11 20:55:32,730] Trial 248 finished with value: 0.33679336309432983 and parameters: {'hidden_dim': 154, 'n_layers': 2, 'dropout': 0.06311453906925345, 'input_chunk_length': 39, 'learning_rate': 0.0011150001370862658, 'batch_size': 32}. Best is trial 1 with value: 0.11272724717855453.
GPU available: True (cuda), used: True
TPU available: False, using: 0 TPU cores
HPU available: False, using: 0 HPUs
LOCAL_RANK: 0 - CUDA_VISIBLE_DEVICES: [0,1]
SLURM auto-requeueing enabled. Setting signal handlers.
Monitored metric train_loss did not improve in the last 305 records. Best score: 0.049. Signaling Trainer to stop.
GPU available: True (cuda), used: True
TPU available: False, using: 0 TPU cores
HPU available: False, using: 0 HPUs
LOCAL_RANK: 0 - CUDA_VISIBLE_DEVICES: [0,1]
SLURM auto-requeueing enabled. Setting signal handlers.
[I 2024-11-11 20:55:54,100] Trial 249 finished with value: 0.3007289469242096 and parameters: {'hidden_dim': 200, 'n_layers': 1, 'dropout': 0.039171707813919335, 'input_chunk_length': 31, 'learning_rate': 0.000953596952014173, 'batch_size': 32}. Best is trial 1 with value: 0.11272724717855453.
GPU available: True (cuda), used: True
TPU available: False, using: 0 TPU cores
HPU available: False, using: 0 HPUs
LOCAL_RANK: 0 - CUDA_VISIBLE_DEVICES: [0,1]
SLURM auto-requeueing enabled. Setting signal handlers.
Monitored metric train_loss did not improve in the last 306 records. Best score: 0.049. Signaling Trainer to stop.
GPU available: True (cuda), used: True
TPU available: False, using: 0 TPU cores
HPU available: False, using: 0 HPUs
LOCAL_RANK: 0 - CUDA_VISIBLE_DEVICES: [0,1]
SLURM auto-requeueing enabled. Setting signal handlers.
[I 2024-11-11 20:56:11,951] Trial 250 finished with value: 0.3085367977619171 and parameters: {'hidden_dim': 165, 'n_layers': 1, 'dropout': 0.07318863625214089, 'input_chunk_length': 40, 'learning_rate': 0.0007032481670639249, 'batch_size': 64}. Best is trial 1 with value: 0.11272724717855453.
GPU available: True (cuda), used: True
TPU available: False, using: 0 TPU cores
HPU available: False, using: 0 HPUs
LOCAL_RANK: 0 - CUDA_VISIBLE_DEVICES: [0,1]
SLURM auto-requeueing enabled. Setting signal handlers.
Monitored metric train_loss did not improve in the last 307 records. Best score: 0.049. Signaling Trainer to stop.
GPU available: True (cuda), used: True
TPU available: False, using: 0 TPU cores
HPU available: False, using: 0 HPUs
LOCAL_RANK: 0 - CUDA_VISIBLE_DEVICES: [0,1]
SLURM auto-requeueing enabled. Setting signal handlers.
[I 2024-11-11 20:56:33,620] Trial 251 finished with value: 0.28991779685020447 and parameters: {'hidden_dim': 178, 'n_layers': 4, 'dropout': 0.09292041913538686, 'input_chunk_length': 28, 'learning_rate': 0.0007784511150121784, 'batch_size': 32}. Best is trial 1 with value: 0.11272724717855453.
GPU available: True (cuda), used: True
TPU available: False, using: 0 TPU cores
HPU available: False, using: 0 HPUs
LOCAL_RANK: 0 - CUDA_VISIBLE_DEVICES: [0,1]
SLURM auto-requeueing enabled. Setting signal handlers.
Monitored metric train_loss did not improve in the last 308 records. Best score: 0.049. Signaling Trainer to stop.
GPU available: True (cuda), used: True
TPU available: False, using: 0 TPU cores
HPU available: False, using: 0 HPUs
LOCAL_RANK: 0 - CUDA_VISIBLE_DEVICES: [0,1]
SLURM auto-requeueing enabled. Setting signal handlers.
[I 2024-11-11 20:56:54,516] Trial 252 finished with value: 0.19816482067108154 and parameters: {'hidden_dim': 131, 'n_layers': 1, 'dropout': 0.10165795775389054, 'input_chunk_length': 44, 'learning_rate': 0.0010570531724034271, 'batch_size': 32}. Best is trial 1 with value: 0.11272724717855453.
GPU available: True (cuda), used: True
TPU available: False, using: 0 TPU cores
HPU available: False, using: 0 HPUs
LOCAL_RANK: 0 - CUDA_VISIBLE_DEVICES: [0,1]
SLURM auto-requeueing enabled. Setting signal handlers.
Monitored metric train_loss did not improve in the last 309 records. Best score: 0.049. Signaling Trainer to stop.
GPU available: True (cuda), used: True
TPU available: False, using: 0 TPU cores
HPU available: False, using: 0 HPUs
LOCAL_RANK: 0 - CUDA_VISIBLE_DEVICES: [0,1]
SLURM auto-requeueing enabled. Setting signal handlers.
[I 2024-11-11 20:57:15,666] Trial 253 finished with value: 0.31225141882896423 and parameters: {'hidden_dim': 131, 'n_layers': 3, 'dropout': 0.10289034381887263, 'input_chunk_length': 45, 'learning_rate': 0.001132429234732896, 'batch_size': 32}. Best is trial 1 with value: 0.11272724717855453.
GPU available: True (cuda), used: True
TPU available: False, using: 0 TPU cores
HPU available: False, using: 0 HPUs
LOCAL_RANK: 0 - CUDA_VISIBLE_DEVICES: [0,1]
SLURM auto-requeueing enabled. Setting signal handlers.
Monitored metric train_loss did not improve in the last 310 records. Best score: 0.049. Signaling Trainer to stop.
GPU available: True (cuda), used: True
TPU available: False, using: 0 TPU cores
HPU available: False, using: 0 HPUs
LOCAL_RANK: 0 - CUDA_VISIBLE_DEVICES: [0,1]
SLURM auto-requeueing enabled. Setting signal handlers.
[I 2024-11-11 20:57:36,172] Trial 254 finished with value: 0.3048047721385956 and parameters: {'hidden_dim': 106, 'n_layers': 1, 'dropout': 0.10113624870895306, 'input_chunk_length': 44, 'learning_rate': 0.0010269436020186378, 'batch_size': 32}. Best is trial 1 with value: 0.11272724717855453.
GPU available: True (cuda), used: True
TPU available: False, using: 0 TPU cores
HPU available: False, using: 0 HPUs
LOCAL_RANK: 0 - CUDA_VISIBLE_DEVICES: [0,1]
SLURM auto-requeueing enabled. Setting signal handlers.
Monitored metric train_loss did not improve in the last 311 records. Best score: 0.049. Signaling Trainer to stop.
GPU available: True (cuda), used: True
TPU available: False, using: 0 TPU cores
HPU available: False, using: 0 HPUs
LOCAL_RANK: 0 - CUDA_VISIBLE_DEVICES: [0,1]
SLURM auto-requeueing enabled. Setting signal handlers.
[I 2024-11-11 20:57:56,797] Trial 255 finished with value: 0.2706587016582489 and parameters: {'hidden_dim': 139, 'n_layers': 1, 'dropout': 0.12609873669743016, 'input_chunk_length': 34, 'learning_rate': 0.0014109256017140908, 'batch_size': 32}. Best is trial 1 with value: 0.11272724717855453.
GPU available: True (cuda), used: True
TPU available: False, using: 0 TPU cores
HPU available: False, using: 0 HPUs
LOCAL_RANK: 0 - CUDA_VISIBLE_DEVICES: [0,1]
SLURM auto-requeueing enabled. Setting signal handlers.
Monitored metric train_loss did not improve in the last 312 records. Best score: 0.049. Signaling Trainer to stop.
GPU available: True (cuda), used: True
TPU available: False, using: 0 TPU cores
HPU available: False, using: 0 HPUs
LOCAL_RANK: 0 - CUDA_VISIBLE_DEVICES: [0,1]
SLURM auto-requeueing enabled. Setting signal handlers.
[I 2024-11-11 20:58:13,763] Trial 256 finished with value: 0.30924323201179504 and parameters: {'hidden_dim': 115, 'n_layers': 1, 'dropout': 0.11388502557380503, 'input_chunk_length': 39, 'learning_rate': 0.00029242858460832986, 'batch_size': 64}. Best is trial 1 with value: 0.11272724717855453.
GPU available: True (cuda), used: True
TPU available: False, using: 0 TPU cores
HPU available: False, using: 0 HPUs
LOCAL_RANK: 0 - CUDA_VISIBLE_DEVICES: [0,1]
SLURM auto-requeueing enabled. Setting signal handlers.
Monitored metric train_loss did not improve in the last 313 records. Best score: 0.049. Signaling Trainer to stop.
GPU available: True (cuda), used: True
TPU available: False, using: 0 TPU cores
HPU available: False, using: 0 HPUs
LOCAL_RANK: 0 - CUDA_VISIBLE_DEVICES: [0,1]
SLURM auto-requeueing enabled. Setting signal handlers.
[I 2024-11-11 20:58:34,649] Trial 257 finished with value: 0.22611136734485626 and parameters: {'hidden_dim': 123, 'n_layers': 1, 'dropout': 0.04720852296163468, 'input_chunk_length': 49, 'learning_rate': 0.0010808396346582128, 'batch_size': 32}. Best is trial 1 with value: 0.11272724717855453.
GPU available: True (cuda), used: True
TPU available: False, using: 0 TPU cores
HPU available: False, using: 0 HPUs
LOCAL_RANK: 0 - CUDA_VISIBLE_DEVICES: [0,1]
SLURM auto-requeueing enabled. Setting signal handlers.
Monitored metric train_loss did not improve in the last 314 records. Best score: 0.049. Signaling Trainer to stop.
GPU available: True (cuda), used: True
TPU available: False, using: 0 TPU cores
HPU available: False, using: 0 HPUs
LOCAL_RANK: 0 - CUDA_VISIBLE_DEVICES: [0,1]
SLURM auto-requeueing enabled. Setting signal handlers.
