GpuFreq=control_disabled
[I 2024-11-03 16:09:33,193] A new study created in memory with name: no-name-d35fb486-eb02-4dea-8631-632a9b34c8c2
/pfs/data5/home/tu/tu_tu/tu_zxoul27/micromamba/envs/power/lib/python3.12/site-packages/torch/random.py:167: UserWarning: CUDA reports that you have 4 available devices, and you have used fork_rng without explicitly specifying which devices are being used. For safety, we initialize *every* CUDA device by default, which can be quite slow if you have a lot of CUDAs. If you know that you are only making use of a few CUDA devices, set the environment variable CUDA_VISIBLE_DEVICES or the 'devices' keyword argument of fork_rng with the set of devices you are actually using. For example, if you are using CPU only, set device.upper()_VISIBLE_DEVICES= or devices=[]; if you are using device 0 only, set CUDA_VISIBLE_DEVICES=0 or devices=[0].  To initialize all devices and suppress this warning, set the 'devices' keyword argument to `range(torch.cuda.device_count())`.
  warnings.warn(message)
GPU available: True (cuda), used: True
TPU available: False, using: 0 TPU cores
HPU available: False, using: 0 HPUs
Initializing distributed: GLOBAL_RANK: 0, MEMBER: 1/1
----------------------------------------------------------------------------------------------------
distributed_backend=nccl
All distributed processes registered. Starting with 1 processes
----------------------------------------------------------------------------------------------------

LOCAL_RANK: 0 - CUDA_VISIBLE_DEVICES: [0,1,2,3]
SLURM auto-requeueing enabled. Setting signal handlers.
Metric train_loss improved. New best score: 2.567
Metric train_loss improved by 0.713 >= min_delta = 0.0. New best score: 1.853
Metric train_loss improved by 0.406 >= min_delta = 0.0. New best score: 1.447
Metric train_loss improved by 0.153 >= min_delta = 0.0. New best score: 1.294
Metric train_loss improved by 0.219 >= min_delta = 0.0. New best score: 1.075
Metric train_loss improved by 0.133 >= min_delta = 0.0. New best score: 0.942
Metric train_loss improved by 0.114 >= min_delta = 0.0. New best score: 0.827
Metric train_loss improved by 0.024 >= min_delta = 0.0. New best score: 0.803
Metric train_loss improved by 0.038 >= min_delta = 0.0. New best score: 0.765
Metric train_loss improved by 0.017 >= min_delta = 0.0. New best score: 0.748
Metric train_loss improved by 0.034 >= min_delta = 0.0. New best score: 0.714
Metric train_loss improved by 0.033 >= min_delta = 0.0. New best score: 0.681
Metric train_loss improved by 0.078 >= min_delta = 0.0. New best score: 0.603
Metric train_loss improved by 0.028 >= min_delta = 0.0. New best score: 0.574
Metric train_loss improved by 0.067 >= min_delta = 0.0. New best score: 0.508
Metric train_loss improved by 0.051 >= min_delta = 0.0. New best score: 0.457
Metric train_loss improved by 0.018 >= min_delta = 0.0. New best score: 0.438
Metric train_loss improved by 0.007 >= min_delta = 0.0. New best score: 0.431
Metric train_loss improved by 0.030 >= min_delta = 0.0. New best score: 0.401
Metric train_loss improved by 0.021 >= min_delta = 0.0. New best score: 0.380
Metric train_loss improved by 0.033 >= min_delta = 0.0. New best score: 0.347
Metric train_loss improved by 0.004 >= min_delta = 0.0. New best score: 0.343
Metric train_loss improved by 0.017 >= min_delta = 0.0. New best score: 0.326
Metric train_loss improved by 0.010 >= min_delta = 0.0. New best score: 0.316
Metric train_loss improved by 0.026 >= min_delta = 0.0. New best score: 0.290
`Trainer.fit` stopped: `max_epochs=75` reached.
GPU available: True (cuda), used: True
TPU available: False, using: 0 TPU cores
HPU available: False, using: 0 HPUs
LOCAL_RANK: 0 - CUDA_VISIBLE_DEVICES: [0,1,2,3]
SLURM auto-requeueing enabled. Setting signal handlers.
[I 2024-11-03 16:11:30,624] Trial 0 finished with value: 0.3073495328426361 and parameters: {'hidden_dim': 186, 'n_layers': 3, 'dropout': 0.3827813923827334, 'input_chunk_length': 27, 'learning_rate': 1.1380018822218121e-05, 'batch_size': 64}. Best is trial 0 with value: 0.3073495328426361.
GPU available: True (cuda), used: True
TPU available: False, using: 0 TPU cores
HPU available: False, using: 0 HPUs
LOCAL_RANK: 0 - CUDA_VISIBLE_DEVICES: [0,1,2,3]
SLURM auto-requeueing enabled. Setting signal handlers.
Metric train_loss improved by 0.051 >= min_delta = 0.0. New best score: 0.239
Metric train_loss improved by 0.022 >= min_delta = 0.0. New best score: 0.217
Metric train_loss improved by 0.040 >= min_delta = 0.0. New best score: 0.177
Metric train_loss improved by 0.005 >= min_delta = 0.0. New best score: 0.171
Metric train_loss improved by 0.033 >= min_delta = 0.0. New best score: 0.139
Metric train_loss improved by 0.006 >= min_delta = 0.0. New best score: 0.133
Metric train_loss improved by 0.019 >= min_delta = 0.0. New best score: 0.114
Metric train_loss improved by 0.005 >= min_delta = 0.0. New best score: 0.109
Metric train_loss improved by 0.003 >= min_delta = 0.0. New best score: 0.106
Metric train_loss improved by 0.017 >= min_delta = 0.0. New best score: 0.089
Metric train_loss improved by 0.001 >= min_delta = 0.0. New best score: 0.088
Metric train_loss improved by 0.017 >= min_delta = 0.0. New best score: 0.071
Metric train_loss improved by 0.009 >= min_delta = 0.0. New best score: 0.062
Metric train_loss improved by 0.002 >= min_delta = 0.0. New best score: 0.060
Metric train_loss improved by 0.018 >= min_delta = 0.0. New best score: 0.042
`Trainer.fit` stopped: `max_epochs=75` reached.
GPU available: True (cuda), used: True
TPU available: False, using: 0 TPU cores
HPU available: False, using: 0 HPUs
LOCAL_RANK: 0 - CUDA_VISIBLE_DEVICES: [0,1,2,3]
SLURM auto-requeueing enabled. Setting signal handlers.
[I 2024-11-03 16:15:02,561] Trial 1 finished with value: 0.10052365064620972 and parameters: {'hidden_dim': 150, 'n_layers': 5, 'dropout': 0.388331109517565, 'input_chunk_length': 19, 'learning_rate': 0.006141188496158164, 'batch_size': 32}. Best is trial 1 with value: 0.10052365064620972.
GPU available: True (cuda), used: True
TPU available: False, using: 0 TPU cores
HPU available: False, using: 0 HPUs
LOCAL_RANK: 0 - CUDA_VISIBLE_DEVICES: [0,1,2,3]
SLURM auto-requeueing enabled. Setting signal handlers.
Monitored metric train_loss did not improve in the last 60 records. Best score: 0.042. Signaling Trainer to stop.
GPU available: True (cuda), used: True
TPU available: False, using: 0 TPU cores
HPU available: False, using: 0 HPUs
LOCAL_RANK: 0 - CUDA_VISIBLE_DEVICES: [0,1,2,3]
SLURM auto-requeueing enabled. Setting signal handlers.
[I 2024-11-03 16:16:50,005] Trial 2 finished with value: 0.21249507367610931 and parameters: {'hidden_dim': 77, 'n_layers': 2, 'dropout': 0.10937796380272569, 'input_chunk_length': 139, 'learning_rate': 0.003052837060553404, 'batch_size': 32}. Best is trial 1 with value: 0.10052365064620972.
GPU available: True (cuda), used: True
TPU available: False, using: 0 TPU cores
HPU available: False, using: 0 HPUs
LOCAL_RANK: 0 - CUDA_VISIBLE_DEVICES: [0,1,2,3]
SLURM auto-requeueing enabled. Setting signal handlers.
Monitored metric train_loss did not improve in the last 61 records. Best score: 0.042. Signaling Trainer to stop.
GPU available: True (cuda), used: True
TPU available: False, using: 0 TPU cores
HPU available: False, using: 0 HPUs
LOCAL_RANK: 0 - CUDA_VISIBLE_DEVICES: [0,1,2,3]
SLURM auto-requeueing enabled. Setting signal handlers.
[I 2024-11-03 16:17:05,192] Trial 3 finished with value: 0.34654828906059265 and parameters: {'hidden_dim': 91, 'n_layers': 1, 'dropout': 0.23240017212879127, 'input_chunk_length': 133, 'learning_rate': 0.0003517931258040014, 'batch_size': 32}. Best is trial 1 with value: 0.10052365064620972.
GPU available: True (cuda), used: True
TPU available: False, using: 0 TPU cores
HPU available: False, using: 0 HPUs
LOCAL_RANK: 0 - CUDA_VISIBLE_DEVICES: [0,1,2,3]
SLURM auto-requeueing enabled. Setting signal handlers.
Monitored metric train_loss did not improve in the last 62 records. Best score: 0.042. Signaling Trainer to stop.
GPU available: True (cuda), used: True
TPU available: False, using: 0 TPU cores
HPU available: False, using: 0 HPUs
LOCAL_RANK: 0 - CUDA_VISIBLE_DEVICES: [0,1,2,3]
SLURM auto-requeueing enabled. Setting signal handlers.
[I 2024-11-03 16:17:22,729] Trial 4 finished with value: 0.5814374685287476 and parameters: {'hidden_dim': 279, 'n_layers': 4, 'dropout': 0.01721391089908325, 'input_chunk_length': 88, 'learning_rate': 0.008335944676710604, 'batch_size': 64}. Best is trial 1 with value: 0.10052365064620972.
GPU available: True (cuda), used: True
TPU available: False, using: 0 TPU cores
HPU available: False, using: 0 HPUs
LOCAL_RANK: 0 - CUDA_VISIBLE_DEVICES: [0,1,2,3]
SLURM auto-requeueing enabled. Setting signal handlers.
Monitored metric train_loss did not improve in the last 63 records. Best score: 0.042. Signaling Trainer to stop.
GPU available: True (cuda), used: True
TPU available: False, using: 0 TPU cores
HPU available: False, using: 0 HPUs
LOCAL_RANK: 0 - CUDA_VISIBLE_DEVICES: [0,1,2,3]
SLURM auto-requeueing enabled. Setting signal handlers.
[I 2024-11-03 16:17:39,063] Trial 5 finished with value: 0.4690640866756439 and parameters: {'hidden_dim': 409, 'n_layers': 1, 'dropout': 0.2586882370477341, 'input_chunk_length': 77, 'learning_rate': 3.054308628045149e-05, 'batch_size': 64}. Best is trial 1 with value: 0.10052365064620972.
GPU available: True (cuda), used: True
TPU available: False, using: 0 TPU cores
HPU available: False, using: 0 HPUs
LOCAL_RANK: 0 - CUDA_VISIBLE_DEVICES: [0,1,2,3]
SLURM auto-requeueing enabled. Setting signal handlers.
Monitored metric train_loss did not improve in the last 64 records. Best score: 0.042. Signaling Trainer to stop.
GPU available: True (cuda), used: True
TPU available: False, using: 0 TPU cores
HPU available: False, using: 0 HPUs
LOCAL_RANK: 0 - CUDA_VISIBLE_DEVICES: [0,1,2,3]
SLURM auto-requeueing enabled. Setting signal handlers.
[I 2024-11-03 16:17:53,771] Trial 6 finished with value: 0.41084372997283936 and parameters: {'hidden_dim': 87, 'n_layers': 4, 'dropout': 0.3057556535512096, 'input_chunk_length': 126, 'learning_rate': 0.0004430423673986952, 'batch_size': 64}. Best is trial 1 with value: 0.10052365064620972.
GPU available: True (cuda), used: True
TPU available: False, using: 0 TPU cores
HPU available: False, using: 0 HPUs
LOCAL_RANK: 0 - CUDA_VISIBLE_DEVICES: [0,1,2,3]
SLURM auto-requeueing enabled. Setting signal handlers.
Monitored metric train_loss did not improve in the last 65 records. Best score: 0.042. Signaling Trainer to stop.
GPU available: True (cuda), used: True
TPU available: False, using: 0 TPU cores
HPU available: False, using: 0 HPUs
LOCAL_RANK: 0 - CUDA_VISIBLE_DEVICES: [0,1,2,3]
SLURM auto-requeueing enabled. Setting signal handlers.
[I 2024-11-03 16:18:15,876] Trial 7 finished with value: 0.30834123492240906 and parameters: {'hidden_dim': 421, 'n_layers': 4, 'dropout': 0.3394028763301469, 'input_chunk_length': 108, 'learning_rate': 0.0007191403049185274, 'batch_size': 32}. Best is trial 1 with value: 0.10052365064620972.
GPU available: True (cuda), used: True
TPU available: False, using: 0 TPU cores
HPU available: False, using: 0 HPUs
LOCAL_RANK: 0 - CUDA_VISIBLE_DEVICES: [0,1,2,3]
SLURM auto-requeueing enabled. Setting signal handlers.
Monitored metric train_loss did not improve in the last 66 records. Best score: 0.042. Signaling Trainer to stop.
GPU available: True (cuda), used: True
TPU available: False, using: 0 TPU cores
HPU available: False, using: 0 HPUs
LOCAL_RANK: 0 - CUDA_VISIBLE_DEVICES: [0,1,2,3]
SLURM auto-requeueing enabled. Setting signal handlers.
[I 2024-11-03 16:18:31,714] Trial 8 finished with value: 0.4938795864582062 and parameters: {'hidden_dim': 142, 'n_layers': 5, 'dropout': 0.15508670494416982, 'input_chunk_length': 76, 'learning_rate': 0.006086313361601028, 'batch_size': 64}. Best is trial 1 with value: 0.10052365064620972.
GPU available: True (cuda), used: True
TPU available: False, using: 0 TPU cores
HPU available: False, using: 0 HPUs
LOCAL_RANK: 0 - CUDA_VISIBLE_DEVICES: [0,1,2,3]
SLURM auto-requeueing enabled. Setting signal handlers.
Monitored metric train_loss did not improve in the last 67 records. Best score: 0.042. Signaling Trainer to stop.
GPU available: True (cuda), used: True
TPU available: False, using: 0 TPU cores
HPU available: False, using: 0 HPUs
LOCAL_RANK: 0 - CUDA_VISIBLE_DEVICES: [0,1,2,3]
SLURM auto-requeueing enabled. Setting signal handlers.
[I 2024-11-03 16:18:53,417] Trial 9 finished with value: 0.4261309802532196 and parameters: {'hidden_dim': 442, 'n_layers': 5, 'dropout': 0.20226632179515436, 'input_chunk_length': 85, 'learning_rate': 0.001386725225664173, 'batch_size': 32}. Best is trial 1 with value: 0.10052365064620972.
GPU available: True (cuda), used: True
TPU available: False, using: 0 TPU cores
HPU available: False, using: 0 HPUs
LOCAL_RANK: 0 - CUDA_VISIBLE_DEVICES: [0,1,2,3]
SLURM auto-requeueing enabled. Setting signal handlers.
Monitored metric train_loss did not improve in the last 68 records. Best score: 0.042. Signaling Trainer to stop.
GPU available: True (cuda), used: True
TPU available: False, using: 0 TPU cores
HPU available: False, using: 0 HPUs
LOCAL_RANK: 0 - CUDA_VISIBLE_DEVICES: [0,1,2,3]
SLURM auto-requeueing enabled. Setting signal handlers.
[I 2024-11-03 16:19:08,768] Trial 10 finished with value: 0.47667616605758667 and parameters: {'hidden_dim': 239, 'n_layers': 6, 'dropout': 0.49211563351610615, 'input_chunk_length': 11, 'learning_rate': 8.728097695319276e-05, 'batch_size': 32}. Best is trial 1 with value: 0.10052365064620972.
GPU available: True (cuda), used: True
TPU available: False, using: 0 TPU cores
HPU available: False, using: 0 HPUs
LOCAL_RANK: 0 - CUDA_VISIBLE_DEVICES: [0,1,2,3]
SLURM auto-requeueing enabled. Setting signal handlers.
Monitored metric train_loss did not improve in the last 69 records. Best score: 0.042. Signaling Trainer to stop.
GPU available: True (cuda), used: True
TPU available: False, using: 0 TPU cores
HPU available: False, using: 0 HPUs
LOCAL_RANK: 0 - CUDA_VISIBLE_DEVICES: [0,1,2,3]
SLURM auto-requeueing enabled. Setting signal handlers.
[I 2024-11-03 16:19:23,519] Trial 11 finished with value: 0.3785543441772461 and parameters: {'hidden_dim': 57, 'n_layers': 2, 'dropout': 0.0817115666592027, 'input_chunk_length': 41, 'learning_rate': 0.002174194915397524, 'batch_size': 32}. Best is trial 1 with value: 0.10052365064620972.
GPU available: True (cuda), used: True
TPU available: False, using: 0 TPU cores
HPU available: False, using: 0 HPUs
LOCAL_RANK: 0 - CUDA_VISIBLE_DEVICES: [0,1,2,3]
SLURM auto-requeueing enabled. Setting signal handlers.
Monitored metric train_loss did not improve in the last 70 records. Best score: 0.042. Signaling Trainer to stop.
GPU available: True (cuda), used: True
TPU available: False, using: 0 TPU cores
HPU available: False, using: 0 HPUs
LOCAL_RANK: 0 - CUDA_VISIBLE_DEVICES: [0,1,2,3]
SLURM auto-requeueing enabled. Setting signal handlers.
[I 2024-11-03 16:19:42,214] Trial 12 finished with value: 0.33804965019226074 and parameters: {'hidden_dim': 185, 'n_layers': 2, 'dropout': 0.44506818629069156, 'input_chunk_length': 146, 'learning_rate': 0.003339636228502582, 'batch_size': 32}. Best is trial 1 with value: 0.10052365064620972.
GPU available: True (cuda), used: True
TPU available: False, using: 0 TPU cores
HPU available: False, using: 0 HPUs
LOCAL_RANK: 0 - CUDA_VISIBLE_DEVICES: [0,1,2,3]
SLURM auto-requeueing enabled. Setting signal handlers.
Monitored metric train_loss did not improve in the last 71 records. Best score: 0.042. Signaling Trainer to stop.
GPU available: True (cuda), used: True
TPU available: False, using: 0 TPU cores
HPU available: False, using: 0 HPUs
LOCAL_RANK: 0 - CUDA_VISIBLE_DEVICES: [0,1,2,3]
SLURM auto-requeueing enabled. Setting signal handlers.
[I 2024-11-03 16:19:59,867] Trial 13 finished with value: 1.1085203886032104 and parameters: {'hidden_dim': 347, 'n_layers': 6, 'dropout': 0.11903937801849573, 'input_chunk_length': 51, 'learning_rate': 0.009866363091202606, 'batch_size': 32}. Best is trial 1 with value: 0.10052365064620972.
GPU available: True (cuda), used: True
TPU available: False, using: 0 TPU cores
HPU available: False, using: 0 HPUs
LOCAL_RANK: 0 - CUDA_VISIBLE_DEVICES: [0,1,2,3]
SLURM auto-requeueing enabled. Setting signal handlers.
Monitored metric train_loss did not improve in the last 72 records. Best score: 0.042. Signaling Trainer to stop.
GPU available: True (cuda), used: True
TPU available: False, using: 0 TPU cores
HPU available: False, using: 0 HPUs
LOCAL_RANK: 0 - CUDA_VISIBLE_DEVICES: [0,1,2,3]
SLURM auto-requeueing enabled. Setting signal handlers.
[I 2024-11-03 16:20:14,480] Trial 14 finished with value: 0.34264782071113586 and parameters: {'hidden_dim': 132, 'n_layers': 3, 'dropout': 0.02179168934196174, 'input_chunk_length': 55, 'learning_rate': 0.0012243316560257187, 'batch_size': 32}. Best is trial 1 with value: 0.10052365064620972.
GPU available: True (cuda), used: True
TPU available: False, using: 0 TPU cores
HPU available: False, using: 0 HPUs
LOCAL_RANK: 0 - CUDA_VISIBLE_DEVICES: [0,1,2,3]
SLURM auto-requeueing enabled. Setting signal handlers.
Monitored metric train_loss did not improve in the last 73 records. Best score: 0.042. Signaling Trainer to stop.
GPU available: True (cuda), used: True
TPU available: False, using: 0 TPU cores
HPU available: False, using: 0 HPUs
LOCAL_RANK: 0 - CUDA_VISIBLE_DEVICES: [0,1,2,3]
SLURM auto-requeueing enabled. Setting signal handlers.
[I 2024-11-03 16:20:31,786] Trial 15 finished with value: 0.42092186212539673 and parameters: {'hidden_dim': 209, 'n_layers': 2, 'dropout': 0.40028518064371377, 'input_chunk_length': 104, 'learning_rate': 0.00011349202880474756, 'batch_size': 32}. Best is trial 1 with value: 0.10052365064620972.
GPU available: True (cuda), used: True
TPU available: False, using: 0 TPU cores
HPU available: False, using: 0 HPUs
LOCAL_RANK: 0 - CUDA_VISIBLE_DEVICES: [0,1,2,3]
SLURM auto-requeueing enabled. Setting signal handlers.
Monitored metric train_loss did not improve in the last 74 records. Best score: 0.042. Signaling Trainer to stop.
GPU available: True (cuda), used: True
TPU available: False, using: 0 TPU cores
HPU available: False, using: 0 HPUs
LOCAL_RANK: 0 - CUDA_VISIBLE_DEVICES: [0,1,2,3]
SLURM auto-requeueing enabled. Setting signal handlers.
[I 2024-11-03 16:20:46,416] Trial 16 finished with value: 0.31969743967056274 and parameters: {'hidden_dim': 134, 'n_layers': 5, 'dropout': 0.29629244962410783, 'input_chunk_length': 13, 'learning_rate': 0.00324403043250071, 'batch_size': 32}. Best is trial 1 with value: 0.10052365064620972.
GPU available: True (cuda), used: True
TPU available: False, using: 0 TPU cores
HPU available: False, using: 0 HPUs
LOCAL_RANK: 0 - CUDA_VISIBLE_DEVICES: [0,1,2,3]
SLURM auto-requeueing enabled. Setting signal handlers.
Monitored metric train_loss did not improve in the last 75 records. Best score: 0.042. Signaling Trainer to stop.
GPU available: True (cuda), used: True
TPU available: False, using: 0 TPU cores
HPU available: False, using: 0 HPUs
LOCAL_RANK: 0 - CUDA_VISIBLE_DEVICES: [0,1,2,3]
SLURM auto-requeueing enabled. Setting signal handlers.
[I 2024-11-03 16:21:05,585] Trial 17 finished with value: 0.33465781807899475 and parameters: {'hidden_dim': 321, 'n_layers': 3, 'dropout': 0.19575709280703094, 'input_chunk_length': 111, 'learning_rate': 0.00013910057201266927, 'batch_size': 32}. Best is trial 1 with value: 0.10052365064620972.
GPU available: True (cuda), used: True
TPU available: False, using: 0 TPU cores
HPU available: False, using: 0 HPUs
LOCAL_RANK: 0 - CUDA_VISIBLE_DEVICES: [0,1,2,3]
SLURM auto-requeueing enabled. Setting signal handlers.
Monitored metric train_loss did not improve in the last 76 records. Best score: 0.042. Signaling Trainer to stop.
GPU available: True (cuda), used: True
TPU available: False, using: 0 TPU cores
HPU available: False, using: 0 HPUs
LOCAL_RANK: 0 - CUDA_VISIBLE_DEVICES: [0,1,2,3]
SLURM auto-requeueing enabled. Setting signal handlers.
[I 2024-11-03 16:21:23,384] Trial 18 finished with value: 0.8300850987434387 and parameters: {'hidden_dim': 498, 'n_layers': 2, 'dropout': 0.09171939038763216, 'input_chunk_length': 66, 'learning_rate': 0.004012339623906171, 'batch_size': 32}. Best is trial 1 with value: 0.10052365064620972.
GPU available: True (cuda), used: True
TPU available: False, using: 0 TPU cores
HPU available: False, using: 0 HPUs
LOCAL_RANK: 0 - CUDA_VISIBLE_DEVICES: [0,1,2,3]
SLURM auto-requeueing enabled. Setting signal handlers.
Monitored metric train_loss did not improve in the last 77 records. Best score: 0.042. Signaling Trainer to stop.
GPU available: True (cuda), used: True
TPU available: False, using: 0 TPU cores
HPU available: False, using: 0 HPUs
LOCAL_RANK: 0 - CUDA_VISIBLE_DEVICES: [0,1,2,3]
SLURM auto-requeueing enabled. Setting signal handlers.
[I 2024-11-03 16:21:38,581] Trial 19 finished with value: 0.4040389955043793 and parameters: {'hidden_dim': 65, 'n_layers': 5, 'dropout': 0.37078962082992317, 'input_chunk_length': 150, 'learning_rate': 0.00085552079465105, 'batch_size': 32}. Best is trial 1 with value: 0.10052365064620972.
GPU available: True (cuda), used: True
TPU available: False, using: 0 TPU cores
HPU available: False, using: 0 HPUs
LOCAL_RANK: 0 - CUDA_VISIBLE_DEVICES: [0,1,2,3]
SLURM auto-requeueing enabled. Setting signal handlers.
Monitored metric train_loss did not improve in the last 78 records. Best score: 0.042. Signaling Trainer to stop.
GPU available: True (cuda), used: True
TPU available: False, using: 0 TPU cores
HPU available: False, using: 0 HPUs
LOCAL_RANK: 0 - CUDA_VISIBLE_DEVICES: [0,1,2,3]
SLURM auto-requeueing enabled. Setting signal handlers.
