[I 2024-11-03 17:01:53,111] Trial 170 finished with value: 0.32349589467048645 and parameters: {'hidden_dim': 50, 'n_layers': 4, 'dropout': 0.34144885673733716, 'input_chunk_length': 103, 'learning_rate': 0.005464961973161053, 'batch_size': 32}. Best is trial 1 with value: 0.10052365064620972.
GPU available: True (cuda), used: True
TPU available: False, using: 0 TPU cores
HPU available: False, using: 0 HPUs
LOCAL_RANK: 0 - CUDA_VISIBLE_DEVICES: [0,1,2,3]
SLURM auto-requeueing enabled. Setting signal handlers.
Monitored metric train_loss did not improve in the last 229 records. Best score: 0.042. Signaling Trainer to stop.
GPU available: True (cuda), used: True
TPU available: False, using: 0 TPU cores
HPU available: False, using: 0 HPUs
LOCAL_RANK: 0 - CUDA_VISIBLE_DEVICES: [0,1,2,3]
SLURM auto-requeueing enabled. Setting signal handlers.
[I 2024-11-03 17:02:07,806] Trial 171 finished with value: 0.34420523047447205 and parameters: {'hidden_dim': 92, 'n_layers': 4, 'dropout': 0.38396045849368843, 'input_chunk_length': 117, 'learning_rate': 0.0068387363579199695, 'batch_size': 32}. Best is trial 1 with value: 0.10052365064620972.
GPU available: True (cuda), used: True
TPU available: False, using: 0 TPU cores
HPU available: False, using: 0 HPUs
LOCAL_RANK: 0 - CUDA_VISIBLE_DEVICES: [0,1,2,3]
SLURM auto-requeueing enabled. Setting signal handlers.
Monitored metric train_loss did not improve in the last 230 records. Best score: 0.042. Signaling Trainer to stop.
GPU available: True (cuda), used: True
TPU available: False, using: 0 TPU cores
HPU available: False, using: 0 HPUs
LOCAL_RANK: 0 - CUDA_VISIBLE_DEVICES: [0,1,2,3]
SLURM auto-requeueing enabled. Setting signal handlers.
[I 2024-11-03 17:02:22,282] Trial 172 finished with value: 0.3479708731174469 and parameters: {'hidden_dim': 86, 'n_layers': 4, 'dropout': 0.3710394151444231, 'input_chunk_length': 10, 'learning_rate': 0.0036408064140143943, 'batch_size': 32}. Best is trial 1 with value: 0.10052365064620972.
GPU available: True (cuda), used: True
TPU available: False, using: 0 TPU cores
HPU available: False, using: 0 HPUs
LOCAL_RANK: 0 - CUDA_VISIBLE_DEVICES: [0,1,2,3]
SLURM auto-requeueing enabled. Setting signal handlers.
Monitored metric train_loss did not improve in the last 231 records. Best score: 0.042. Signaling Trainer to stop.
GPU available: True (cuda), used: True
TPU available: False, using: 0 TPU cores
HPU available: False, using: 0 HPUs
LOCAL_RANK: 0 - CUDA_VISIBLE_DEVICES: [0,1,2,3]
SLURM auto-requeueing enabled. Setting signal handlers.
[I 2024-11-03 17:02:37,023] Trial 173 finished with value: 0.5761598348617554 and parameters: {'hidden_dim': 61, 'n_layers': 4, 'dropout': 0.3240104356370932, 'input_chunk_length': 16, 'learning_rate': 2.5792240153529973e-05, 'batch_size': 32}. Best is trial 1 with value: 0.10052365064620972.
GPU available: True (cuda), used: True
TPU available: False, using: 0 TPU cores
HPU available: False, using: 0 HPUs
LOCAL_RANK: 0 - CUDA_VISIBLE_DEVICES: [0,1,2,3]
SLURM auto-requeueing enabled. Setting signal handlers.
Monitored metric train_loss did not improve in the last 232 records. Best score: 0.042. Signaling Trainer to stop.
GPU available: True (cuda), used: True
TPU available: False, using: 0 TPU cores
HPU available: False, using: 0 HPUs
LOCAL_RANK: 0 - CUDA_VISIBLE_DEVICES: [0,1,2,3]
SLURM auto-requeueing enabled. Setting signal handlers.
[I 2024-11-03 17:02:51,778] Trial 174 finished with value: 0.32292234897613525 and parameters: {'hidden_dim': 72, 'n_layers': 4, 'dropout': 0.41532452150743726, 'input_chunk_length': 127, 'learning_rate': 0.00430627313965807, 'batch_size': 32}. Best is trial 1 with value: 0.10052365064620972.
GPU available: True (cuda), used: True
TPU available: False, using: 0 TPU cores
HPU available: False, using: 0 HPUs
LOCAL_RANK: 0 - CUDA_VISIBLE_DEVICES: [0,1,2,3]
SLURM auto-requeueing enabled. Setting signal handlers.
Monitored metric train_loss did not improve in the last 233 records. Best score: 0.042. Signaling Trainer to stop.
GPU available: True (cuda), used: True
TPU available: False, using: 0 TPU cores
HPU available: False, using: 0 HPUs
LOCAL_RANK: 0 - CUDA_VISIBLE_DEVICES: [0,1,2,3]
SLURM auto-requeueing enabled. Setting signal handlers.
[I 2024-11-03 17:03:06,735] Trial 175 finished with value: 0.4278397858142853 and parameters: {'hidden_dim': 100, 'n_layers': 2, 'dropout': 0.39848696325447813, 'input_chunk_length': 134, 'learning_rate': 0.00253100171683186, 'batch_size': 32}. Best is trial 1 with value: 0.10052365064620972.
GPU available: True (cuda), used: True
TPU available: False, using: 0 TPU cores
HPU available: False, using: 0 HPUs
LOCAL_RANK: 0 - CUDA_VISIBLE_DEVICES: [0,1,2,3]
SLURM auto-requeueing enabled. Setting signal handlers.
Monitored metric train_loss did not improve in the last 234 records. Best score: 0.042. Signaling Trainer to stop.
GPU available: True (cuda), used: True
TPU available: False, using: 0 TPU cores
HPU available: False, using: 0 HPUs
LOCAL_RANK: 0 - CUDA_VISIBLE_DEVICES: [0,1,2,3]
SLURM auto-requeueing enabled. Setting signal handlers.
[I 2024-11-03 17:03:21,452] Trial 176 finished with value: 0.379724383354187 and parameters: {'hidden_dim': 57, 'n_layers': 4, 'dropout': 0.4325949632608713, 'input_chunk_length': 121, 'learning_rate': 0.004040224878503791, 'batch_size': 32}. Best is trial 1 with value: 0.10052365064620972.
GPU available: True (cuda), used: True
TPU available: False, using: 0 TPU cores
HPU available: False, using: 0 HPUs
LOCAL_RANK: 0 - CUDA_VISIBLE_DEVICES: [0,1,2,3]
SLURM auto-requeueing enabled. Setting signal handlers.
Monitored metric train_loss did not improve in the last 235 records. Best score: 0.042. Signaling Trainer to stop.
GPU available: True (cuda), used: True
TPU available: False, using: 0 TPU cores
HPU available: False, using: 0 HPUs
LOCAL_RANK: 0 - CUDA_VISIBLE_DEVICES: [0,1,2,3]
SLURM auto-requeueing enabled. Setting signal handlers.
[I 2024-11-03 17:03:36,329] Trial 177 finished with value: 0.26795777678489685 and parameters: {'hidden_dim': 79, 'n_layers': 5, 'dropout': 0.378828504178327, 'input_chunk_length': 18, 'learning_rate': 0.0014338256486551512, 'batch_size': 32}. Best is trial 1 with value: 0.10052365064620972.
GPU available: True (cuda), used: True
TPU available: False, using: 0 TPU cores
HPU available: False, using: 0 HPUs
LOCAL_RANK: 0 - CUDA_VISIBLE_DEVICES: [0,1,2,3]
SLURM auto-requeueing enabled. Setting signal handlers.
Monitored metric train_loss did not improve in the last 236 records. Best score: 0.042. Signaling Trainer to stop.
GPU available: True (cuda), used: True
TPU available: False, using: 0 TPU cores
HPU available: False, using: 0 HPUs
LOCAL_RANK: 0 - CUDA_VISIBLE_DEVICES: [0,1,2,3]
SLURM auto-requeueing enabled. Setting signal handlers.
[I 2024-11-03 17:03:51,290] Trial 178 finished with value: 0.3061949610710144 and parameters: {'hidden_dim': 82, 'n_layers': 5, 'dropout': 0.3609093230593804, 'input_chunk_length': 112, 'learning_rate': 0.0014683674284473598, 'batch_size': 32}. Best is trial 1 with value: 0.10052365064620972.
GPU available: True (cuda), used: True
TPU available: False, using: 0 TPU cores
HPU available: False, using: 0 HPUs
LOCAL_RANK: 0 - CUDA_VISIBLE_DEVICES: [0,1,2,3]
SLURM auto-requeueing enabled. Setting signal handlers.
Monitored metric train_loss did not improve in the last 237 records. Best score: 0.042. Signaling Trainer to stop.
GPU available: True (cuda), used: True
TPU available: False, using: 0 TPU cores
HPU available: False, using: 0 HPUs
LOCAL_RANK: 0 - CUDA_VISIBLE_DEVICES: [0,1,2,3]
SLURM auto-requeueing enabled. Setting signal handlers.
[I 2024-11-03 17:04:05,950] Trial 179 finished with value: 0.3634873628616333 and parameters: {'hidden_dim': 68, 'n_layers': 5, 'dropout': 0.36645672921069616, 'input_chunk_length': 112, 'learning_rate': 0.00145353877534124, 'batch_size': 32}. Best is trial 1 with value: 0.10052365064620972.
GPU available: True (cuda), used: True
TPU available: False, using: 0 TPU cores
HPU available: False, using: 0 HPUs
LOCAL_RANK: 0 - CUDA_VISIBLE_DEVICES: [0,1,2,3]
SLURM auto-requeueing enabled. Setting signal handlers.
Monitored metric train_loss did not improve in the last 238 records. Best score: 0.042. Signaling Trainer to stop.
GPU available: True (cuda), used: True
TPU available: False, using: 0 TPU cores
HPU available: False, using: 0 HPUs
LOCAL_RANK: 0 - CUDA_VISIBLE_DEVICES: [0,1,2,3]
SLURM auto-requeueing enabled. Setting signal handlers.
[I 2024-11-03 17:04:20,860] Trial 180 finished with value: 0.4131190776824951 and parameters: {'hidden_dim': 80, 'n_layers': 5, 'dropout': 0.3806440176243392, 'input_chunk_length': 108, 'learning_rate': 0.0011885078008179717, 'batch_size': 32}. Best is trial 1 with value: 0.10052365064620972.
GPU available: True (cuda), used: True
TPU available: False, using: 0 TPU cores
HPU available: False, using: 0 HPUs
LOCAL_RANK: 0 - CUDA_VISIBLE_DEVICES: [0,1,2,3]
SLURM auto-requeueing enabled. Setting signal handlers.
Monitored metric train_loss did not improve in the last 239 records. Best score: 0.042. Signaling Trainer to stop.
GPU available: True (cuda), used: True
TPU available: False, using: 0 TPU cores
HPU available: False, using: 0 HPUs
LOCAL_RANK: 0 - CUDA_VISIBLE_DEVICES: [0,1,2,3]
SLURM auto-requeueing enabled. Setting signal handlers.
[I 2024-11-03 17:04:35,874] Trial 181 finished with value: 0.4022447168827057 and parameters: {'hidden_dim': 89, 'n_layers': 5, 'dropout': 0.35005976382788606, 'input_chunk_length': 117, 'learning_rate': 0.001017030742027688, 'batch_size': 32}. Best is trial 1 with value: 0.10052365064620972.
GPU available: True (cuda), used: True
TPU available: False, using: 0 TPU cores
HPU available: False, using: 0 HPUs
LOCAL_RANK: 0 - CUDA_VISIBLE_DEVICES: [0,1,2,3]
SLURM auto-requeueing enabled. Setting signal handlers.
Monitored metric train_loss did not improve in the last 240 records. Best score: 0.042. Signaling Trainer to stop.
GPU available: True (cuda), used: True
TPU available: False, using: 0 TPU cores
HPU available: False, using: 0 HPUs
LOCAL_RANK: 0 - CUDA_VISIBLE_DEVICES: [0,1,2,3]
SLURM auto-requeueing enabled. Setting signal handlers.
[I 2024-11-03 17:04:50,794] Trial 182 finished with value: 0.3430718779563904 and parameters: {'hidden_dim': 81, 'n_layers': 5, 'dropout': 0.3577074435848893, 'input_chunk_length': 105, 'learning_rate': 0.001841602656624541, 'batch_size': 32}. Best is trial 1 with value: 0.10052365064620972.
GPU available: True (cuda), used: True
TPU available: False, using: 0 TPU cores
HPU available: False, using: 0 HPUs
LOCAL_RANK: 0 - CUDA_VISIBLE_DEVICES: [0,1,2,3]
SLURM auto-requeueing enabled. Setting signal handlers.
Monitored metric train_loss did not improve in the last 241 records. Best score: 0.042. Signaling Trainer to stop.
GPU available: True (cuda), used: True
TPU available: False, using: 0 TPU cores
HPU available: False, using: 0 HPUs
LOCAL_RANK: 0 - CUDA_VISIBLE_DEVICES: [0,1,2,3]
SLURM auto-requeueing enabled. Setting signal handlers.
[I 2024-11-03 17:05:05,524] Trial 183 finished with value: 0.3703226149082184 and parameters: {'hidden_dim': 57, 'n_layers': 5, 'dropout': 0.40298951269175726, 'input_chunk_length': 72, 'learning_rate': 0.00077012329345408, 'batch_size': 32}. Best is trial 1 with value: 0.10052365064620972.
GPU available: True (cuda), used: True
TPU available: False, using: 0 TPU cores
HPU available: False, using: 0 HPUs
LOCAL_RANK: 0 - CUDA_VISIBLE_DEVICES: [0,1,2,3]
SLURM auto-requeueing enabled. Setting signal handlers.
Monitored metric train_loss did not improve in the last 242 records. Best score: 0.042. Signaling Trainer to stop.
GPU available: True (cuda), used: True
TPU available: False, using: 0 TPU cores
HPU available: False, using: 0 HPUs
LOCAL_RANK: 0 - CUDA_VISIBLE_DEVICES: [0,1,2,3]
SLURM auto-requeueing enabled. Setting signal handlers.
[I 2024-11-03 17:05:20,441] Trial 184 finished with value: 0.3428057134151459 and parameters: {'hidden_dim': 72, 'n_layers': 5, 'dropout': 0.3883474481055091, 'input_chunk_length': 99, 'learning_rate': 0.0013887642575498638, 'batch_size': 32}. Best is trial 1 with value: 0.10052365064620972.
GPU available: True (cuda), used: True
TPU available: False, using: 0 TPU cores
HPU available: False, using: 0 HPUs
LOCAL_RANK: 0 - CUDA_VISIBLE_DEVICES: [0,1,2,3]
SLURM auto-requeueing enabled. Setting signal handlers.
Monitored metric train_loss did not improve in the last 243 records. Best score: 0.042. Signaling Trainer to stop.
GPU available: True (cuda), used: True
TPU available: False, using: 0 TPU cores
HPU available: False, using: 0 HPUs
LOCAL_RANK: 0 - CUDA_VISIBLE_DEVICES: [0,1,2,3]
SLURM auto-requeueing enabled. Setting signal handlers.
[I 2024-11-03 17:05:35,420] Trial 185 finished with value: 0.5012980103492737 and parameters: {'hidden_dim': 100, 'n_layers': 5, 'dropout': 0.37499462707173775, 'input_chunk_length': 113, 'learning_rate': 0.0022557406260626314, 'batch_size': 32}. Best is trial 1 with value: 0.10052365064620972.
GPU available: True (cuda), used: True
TPU available: False, using: 0 TPU cores
HPU available: False, using: 0 HPUs
LOCAL_RANK: 0 - CUDA_VISIBLE_DEVICES: [0,1,2,3]
SLURM auto-requeueing enabled. Setting signal handlers.
Monitored metric train_loss did not improve in the last 244 records. Best score: 0.042. Signaling Trainer to stop.
GPU available: True (cuda), used: True
TPU available: False, using: 0 TPU cores
HPU available: False, using: 0 HPUs
LOCAL_RANK: 0 - CUDA_VISIBLE_DEVICES: [0,1,2,3]
SLURM auto-requeueing enabled. Setting signal handlers.
[I 2024-11-03 17:05:50,755] Trial 186 finished with value: 0.3372921049594879 and parameters: {'hidden_dim': 241, 'n_layers': 5, 'dropout': 0.04844915283886383, 'input_chunk_length': 13, 'learning_rate': 0.0016106856335804168, 'batch_size': 32}. Best is trial 1 with value: 0.10052365064620972.
GPU available: True (cuda), used: True
TPU available: False, using: 0 TPU cores
HPU available: False, using: 0 HPUs
LOCAL_RANK: 0 - CUDA_VISIBLE_DEVICES: [0,1,2,3]
SLURM auto-requeueing enabled. Setting signal handlers.
Monitored metric train_loss did not improve in the last 245 records. Best score: 0.042. Signaling Trainer to stop.
GPU available: True (cuda), used: True
TPU available: False, using: 0 TPU cores
HPU available: False, using: 0 HPUs
LOCAL_RANK: 0 - CUDA_VISIBLE_DEVICES: [0,1,2,3]
SLURM auto-requeueing enabled. Setting signal handlers.
[I 2024-11-03 17:06:06,001] Trial 187 finished with value: 0.3688882291316986 and parameters: {'hidden_dim': 67, 'n_layers': 5, 'dropout': 0.4096498643567831, 'input_chunk_length': 149, 'learning_rate': 0.001671637110826496, 'batch_size': 32}. Best is trial 1 with value: 0.10052365064620972.
GPU available: True (cuda), used: True
TPU available: False, using: 0 TPU cores
HPU available: False, using: 0 HPUs
LOCAL_RANK: 0 - CUDA_VISIBLE_DEVICES: [0,1,2,3]
SLURM auto-requeueing enabled. Setting signal handlers.
Monitored metric train_loss did not improve in the last 246 records. Best score: 0.042. Signaling Trainer to stop.
GPU available: True (cuda), used: True
TPU available: False, using: 0 TPU cores
HPU available: False, using: 0 HPUs
LOCAL_RANK: 0 - CUDA_VISIBLE_DEVICES: [0,1,2,3]
SLURM auto-requeueing enabled. Setting signal handlers.
[I 2024-11-03 17:06:23,047] Trial 188 finished with value: 0.4284052550792694 and parameters: {'hidden_dim': 275, 'n_layers': 5, 'dropout': 0.028728028790842512, 'input_chunk_length': 63, 'learning_rate': 0.0001625864654679948, 'batch_size': 64}. Best is trial 1 with value: 0.10052365064620972.
GPU available: True (cuda), used: True
TPU available: False, using: 0 TPU cores
HPU available: False, using: 0 HPUs
LOCAL_RANK: 0 - CUDA_VISIBLE_DEVICES: [0,1,2,3]
SLURM auto-requeueing enabled. Setting signal handlers.
Monitored metric train_loss did not improve in the last 247 records. Best score: 0.042. Signaling Trainer to stop.
GPU available: True (cuda), used: True
TPU available: False, using: 0 TPU cores
HPU available: False, using: 0 HPUs
LOCAL_RANK: 0 - CUDA_VISIBLE_DEVICES: [0,1,2,3]
SLURM auto-requeueing enabled. Setting signal handlers.
[I 2024-11-03 17:06:37,911] Trial 189 finished with value: 0.42867201566696167 and parameters: {'hidden_dim': 90, 'n_layers': 2, 'dropout': 0.4217152928673991, 'input_chunk_length': 110, 'learning_rate': 0.0029198211638066345, 'batch_size': 32}. Best is trial 1 with value: 0.10052365064620972.
GPU available: True (cuda), used: True
TPU available: False, using: 0 TPU cores
HPU available: False, using: 0 HPUs
LOCAL_RANK: 0 - CUDA_VISIBLE_DEVICES: [0,1,2,3]
SLURM auto-requeueing enabled. Setting signal handlers.
Monitored metric train_loss did not improve in the last 248 records. Best score: 0.042. Signaling Trainer to stop.
GPU available: True (cuda), used: True
TPU available: False, using: 0 TPU cores
HPU available: False, using: 0 HPUs
LOCAL_RANK: 0 - CUDA_VISIBLE_DEVICES: [0,1,2,3]
SLURM auto-requeueing enabled. Setting signal handlers.
[I 2024-11-03 17:06:54,091] Trial 190 finished with value: 0.3122417628765106 and parameters: {'hidden_dim': 459, 'n_layers': 5, 'dropout': 0.36518474267568124, 'input_chunk_length': 19, 'learning_rate': 0.0009237570301046296, 'batch_size': 32}. Best is trial 1 with value: 0.10052365064620972.
GPU available: True (cuda), used: True
TPU available: False, using: 0 TPU cores
HPU available: False, using: 0 HPUs
LOCAL_RANK: 0 - CUDA_VISIBLE_DEVICES: [0,1,2,3]
SLURM auto-requeueing enabled. Setting signal handlers.
Monitored metric train_loss did not improve in the last 249 records. Best score: 0.042. Signaling Trainer to stop.
GPU available: True (cuda), used: True
TPU available: False, using: 0 TPU cores
HPU available: False, using: 0 HPUs
LOCAL_RANK: 0 - CUDA_VISIBLE_DEVICES: [0,1,2,3]
SLURM auto-requeueing enabled. Setting signal handlers.
[I 2024-11-03 17:07:10,316] Trial 191 finished with value: 0.3161773383617401 and parameters: {'hidden_dim': 410, 'n_layers': 5, 'dropout': 0.36456280752746517, 'input_chunk_length': 22, 'learning_rate': 0.0012226265614641491, 'batch_size': 32}. Best is trial 1 with value: 0.10052365064620972.
GPU available: True (cuda), used: True
TPU available: False, using: 0 TPU cores
HPU available: False, using: 0 HPUs
LOCAL_RANK: 0 - CUDA_VISIBLE_DEVICES: [0,1,2,3]
SLURM auto-requeueing enabled. Setting signal handlers.
Monitored metric train_loss did not improve in the last 250 records. Best score: 0.042. Signaling Trainer to stop.
GPU available: True (cuda), used: True
TPU available: False, using: 0 TPU cores
HPU available: False, using: 0 HPUs
LOCAL_RANK: 0 - CUDA_VISIBLE_DEVICES: [0,1,2,3]
SLURM auto-requeueing enabled. Setting signal handlers.
[I 2024-11-03 17:07:26,786] Trial 192 finished with value: 0.3954501152038574 and parameters: {'hidden_dim': 407, 'n_layers': 5, 'dropout': 0.36214839521437087, 'input_chunk_length': 22, 'learning_rate': 0.0012063861366512724, 'batch_size': 32}. Best is trial 1 with value: 0.10052365064620972.
GPU available: True (cuda), used: True
TPU available: False, using: 0 TPU cores
HPU available: False, using: 0 HPUs
LOCAL_RANK: 0 - CUDA_VISIBLE_DEVICES: [0,1,2,3]
SLURM auto-requeueing enabled. Setting signal handlers.
Monitored metric train_loss did not improve in the last 251 records. Best score: 0.042. Signaling Trainer to stop.
GPU available: True (cuda), used: True
TPU available: False, using: 0 TPU cores
HPU available: False, using: 0 HPUs
LOCAL_RANK: 0 - CUDA_VISIBLE_DEVICES: [0,1,2,3]
SLURM auto-requeueing enabled. Setting signal handlers.
[I 2024-11-03 17:07:43,054] Trial 193 finished with value: 0.5065311193466187 and parameters: {'hidden_dim': 461, 'n_layers': 5, 'dropout': 0.3805601714624438, 'input_chunk_length': 23, 'learning_rate': 0.001006761924986068, 'batch_size': 32}. Best is trial 1 with value: 0.10052365064620972.
GPU available: True (cuda), used: True
TPU available: False, using: 0 TPU cores
HPU available: False, using: 0 HPUs
LOCAL_RANK: 0 - CUDA_VISIBLE_DEVICES: [0,1,2,3]
SLURM auto-requeueing enabled. Setting signal handlers.
Monitored metric train_loss did not improve in the last 252 records. Best score: 0.042. Signaling Trainer to stop.
GPU available: True (cuda), used: True
TPU available: False, using: 0 TPU cores
HPU available: False, using: 0 HPUs
LOCAL_RANK: 0 - CUDA_VISIBLE_DEVICES: [0,1,2,3]
SLURM auto-requeueing enabled. Setting signal handlers.
[I 2024-11-03 17:07:59,169] Trial 194 finished with value: 0.33492758870124817 and parameters: {'hidden_dim': 398, 'n_layers': 5, 'dropout': 0.3926407933265261, 'input_chunk_length': 19, 'learning_rate': 0.000896722066610948, 'batch_size': 32}. Best is trial 1 with value: 0.10052365064620972.
GPU available: True (cuda), used: True
TPU available: False, using: 0 TPU cores
HPU available: False, using: 0 HPUs
LOCAL_RANK: 0 - CUDA_VISIBLE_DEVICES: [0,1,2,3]
SLURM auto-requeueing enabled. Setting signal handlers.
Monitored metric train_loss did not improve in the last 253 records. Best score: 0.042. Signaling Trainer to stop.
GPU available: True (cuda), used: True
TPU available: False, using: 0 TPU cores
HPU available: False, using: 0 HPUs
LOCAL_RANK: 0 - CUDA_VISIBLE_DEVICES: [0,1,2,3]
SLURM auto-requeueing enabled. Setting signal handlers.
