[I 2024-11-11 21:11:11,756] Trial 24 finished with value: 0.3815966248512268 and parameters: {'hidden_dim': 507, 'n_layers': 3, 'dropout': 0.28136296274901307, 'input_chunk_length': 57, 'learning_rate': 2.4742609646657248e-05, 'batch_size': 64}. Best is trial 4 with value: 0.1814582198858261.
GPU available: True (cuda), used: True
TPU available: False, using: 0 TPU cores
HPU available: False, using: 0 HPUs
LOCAL_RANK: 0 - CUDA_VISIBLE_DEVICES: [0,1]
SLURM auto-requeueing enabled. Setting signal handlers.
Monitored metric train_loss did not improve in the last 81 records. Best score: 0.041. Signaling Trainer to stop.
GPU available: True (cuda), used: True
TPU available: False, using: 0 TPU cores
HPU available: False, using: 0 HPUs
LOCAL_RANK: 0 - CUDA_VISIBLE_DEVICES: [0,1]
SLURM auto-requeueing enabled. Setting signal handlers.
[I 2024-11-11 21:11:36,664] Trial 25 finished with value: 0.33553552627563477 and parameters: {'hidden_dim': 242, 'n_layers': 1, 'dropout': 0.13352708155915946, 'input_chunk_length': 93, 'learning_rate': 0.00015232505793775735, 'batch_size': 64}. Best is trial 4 with value: 0.1814582198858261.
GPU available: True (cuda), used: True
TPU available: False, using: 0 TPU cores
HPU available: False, using: 0 HPUs
LOCAL_RANK: 0 - CUDA_VISIBLE_DEVICES: [0,1]
SLURM auto-requeueing enabled. Setting signal handlers.
Monitored metric train_loss did not improve in the last 82 records. Best score: 0.041. Signaling Trainer to stop.
GPU available: True (cuda), used: True
TPU available: False, using: 0 TPU cores
HPU available: False, using: 0 HPUs
LOCAL_RANK: 0 - CUDA_VISIBLE_DEVICES: [0,1]
SLURM auto-requeueing enabled. Setting signal handlers.
[I 2024-11-11 21:12:17,376] Trial 26 finished with value: 0.3010501265525818 and parameters: {'hidden_dim': 389, 'n_layers': 4, 'dropout': 0.44724225016461194, 'input_chunk_length': 119, 'learning_rate': 0.0004550074738632708, 'batch_size': 32}. Best is trial 4 with value: 0.1814582198858261.
GPU available: True (cuda), used: True
TPU available: False, using: 0 TPU cores
HPU available: False, using: 0 HPUs
LOCAL_RANK: 0 - CUDA_VISIBLE_DEVICES: [0,1]
SLURM auto-requeueing enabled. Setting signal handlers.
Monitored metric train_loss did not improve in the last 83 records. Best score: 0.041. Signaling Trainer to stop.
GPU available: True (cuda), used: True
TPU available: False, using: 0 TPU cores
HPU available: False, using: 0 HPUs
LOCAL_RANK: 0 - CUDA_VISIBLE_DEVICES: [0,1]
SLURM auto-requeueing enabled. Setting signal handlers.
[I 2024-11-11 21:12:38,134] Trial 27 finished with value: 0.32278379797935486 and parameters: {'hidden_dim': 456, 'n_layers': 2, 'dropout': 0.17460243867712028, 'input_chunk_length': 35, 'learning_rate': 0.001519879387441334, 'batch_size': 64}. Best is trial 4 with value: 0.1814582198858261.
GPU available: True (cuda), used: True
TPU available: False, using: 0 TPU cores
HPU available: False, using: 0 HPUs
LOCAL_RANK: 0 - CUDA_VISIBLE_DEVICES: [0,1]
SLURM auto-requeueing enabled. Setting signal handlers.
Monitored metric train_loss did not improve in the last 84 records. Best score: 0.041. Signaling Trainer to stop.
GPU available: True (cuda), used: True
TPU available: False, using: 0 TPU cores
HPU available: False, using: 0 HPUs
LOCAL_RANK: 0 - CUDA_VISIBLE_DEVICES: [0,1]
SLURM auto-requeueing enabled. Setting signal handlers.
[I 2024-11-11 21:13:00,447] Trial 28 finished with value: 0.336422324180603 and parameters: {'hidden_dim': 179, 'n_layers': 3, 'dropout': 0.08736255666349341, 'input_chunk_length': 73, 'learning_rate': 6.112335550962524e-05, 'batch_size': 64}. Best is trial 4 with value: 0.1814582198858261.
GPU available: True (cuda), used: True
TPU available: False, using: 0 TPU cores
HPU available: False, using: 0 HPUs
LOCAL_RANK: 0 - CUDA_VISIBLE_DEVICES: [0,1]
SLURM auto-requeueing enabled. Setting signal handlers.
Monitored metric train_loss did not improve in the last 85 records. Best score: 0.041. Signaling Trainer to stop.
GPU available: True (cuda), used: True
TPU available: False, using: 0 TPU cores
HPU available: False, using: 0 HPUs
LOCAL_RANK: 0 - CUDA_VISIBLE_DEVICES: [0,1]
SLURM auto-requeueing enabled. Setting signal handlers.
[I 2024-11-11 21:13:28,421] Trial 29 finished with value: 0.29263508319854736 and parameters: {'hidden_dim': 343, 'n_layers': 2, 'dropout': 0.380842631358096, 'input_chunk_length': 83, 'learning_rate': 0.0001229980691331446, 'batch_size': 32}. Best is trial 4 with value: 0.1814582198858261.
GPU available: True (cuda), used: True
TPU available: False, using: 0 TPU cores
HPU available: False, using: 0 HPUs
LOCAL_RANK: 0 - CUDA_VISIBLE_DEVICES: [0,1]
SLURM auto-requeueing enabled. Setting signal handlers.
Monitored metric train_loss did not improve in the last 86 records. Best score: 0.041. Signaling Trainer to stop.
GPU available: True (cuda), used: True
TPU available: False, using: 0 TPU cores
HPU available: False, using: 0 HPUs
LOCAL_RANK: 0 - CUDA_VISIBLE_DEVICES: [0,1]
SLURM auto-requeueing enabled. Setting signal handlers.
[I 2024-11-11 21:13:48,465] Trial 30 finished with value: 0.44977983832359314 and parameters: {'hidden_dim': 305, 'n_layers': 1, 'dropout': 0.42754987649825726, 'input_chunk_length': 47, 'learning_rate': 2.285149563815461e-05, 'batch_size': 64}. Best is trial 4 with value: 0.1814582198858261.
GPU available: True (cuda), used: True
TPU available: False, using: 0 TPU cores
HPU available: False, using: 0 HPUs
LOCAL_RANK: 0 - CUDA_VISIBLE_DEVICES: [0,1]
SLURM auto-requeueing enabled. Setting signal handlers.
Monitored metric train_loss did not improve in the last 87 records. Best score: 0.041. Signaling Trainer to stop.
GPU available: True (cuda), used: True
TPU available: False, using: 0 TPU cores
HPU available: False, using: 0 HPUs
LOCAL_RANK: 0 - CUDA_VISIBLE_DEVICES: [0,1]
SLURM auto-requeueing enabled. Setting signal handlers.
[I 2024-11-11 21:14:12,577] Trial 31 finished with value: 0.371813029050827 and parameters: {'hidden_dim': 285, 'n_layers': 4, 'dropout': 0.2983150439573913, 'input_chunk_length': 63, 'learning_rate': 1.0893853884212292e-05, 'batch_size': 32}. Best is trial 4 with value: 0.1814582198858261.
GPU available: True (cuda), used: True
TPU available: False, using: 0 TPU cores
HPU available: False, using: 0 HPUs
LOCAL_RANK: 0 - CUDA_VISIBLE_DEVICES: [0,1]
SLURM auto-requeueing enabled. Setting signal handlers.
Monitored metric train_loss did not improve in the last 88 records. Best score: 0.041. Signaling Trainer to stop.
GPU available: True (cuda), used: True
TPU available: False, using: 0 TPU cores
HPU available: False, using: 0 HPUs
LOCAL_RANK: 0 - CUDA_VISIBLE_DEVICES: [0,1]
SLURM auto-requeueing enabled. Setting signal handlers.
[I 2024-11-11 21:14:37,102] Trial 32 finished with value: 0.39053255319595337 and parameters: {'hidden_dim': 242, 'n_layers': 5, 'dropout': 0.2517948019299786, 'input_chunk_length': 65, 'learning_rate': 1.830429489438855e-05, 'batch_size': 32}. Best is trial 4 with value: 0.1814582198858261.
GPU available: True (cuda), used: True
TPU available: False, using: 0 TPU cores
HPU available: False, using: 0 HPUs
LOCAL_RANK: 0 - CUDA_VISIBLE_DEVICES: [0,1]
SLURM auto-requeueing enabled. Setting signal handlers.
Monitored metric train_loss did not improve in the last 89 records. Best score: 0.041. Signaling Trainer to stop.
GPU available: True (cuda), used: True
TPU available: False, using: 0 TPU cores
HPU available: False, using: 0 HPUs
LOCAL_RANK: 0 - CUDA_VISIBLE_DEVICES: [0,1]
SLURM auto-requeueing enabled. Setting signal handlers.
[I 2024-11-11 21:14:57,339] Trial 33 finished with value: 0.3807654082775116 and parameters: {'hidden_dim': 114, 'n_layers': 4, 'dropout': 0.31008467162347364, 'input_chunk_length': 56, 'learning_rate': 5.302361626920166e-05, 'batch_size': 32}. Best is trial 4 with value: 0.1814582198858261.
GPU available: True (cuda), used: True
TPU available: False, using: 0 TPU cores
HPU available: False, using: 0 HPUs
LOCAL_RANK: 0 - CUDA_VISIBLE_DEVICES: [0,1]
SLURM auto-requeueing enabled. Setting signal handlers.
Monitored metric train_loss did not improve in the last 90 records. Best score: 0.041. Signaling Trainer to stop.
GPU available: True (cuda), used: True
TPU available: False, using: 0 TPU cores
HPU available: False, using: 0 HPUs
LOCAL_RANK: 0 - CUDA_VISIBLE_DEVICES: [0,1]
SLURM auto-requeueing enabled. Setting signal handlers.
[I 2024-11-11 21:15:18,621] Trial 34 finished with value: 0.3761039674282074 and parameters: {'hidden_dim': 293, 'n_layers': 4, 'dropout': 0.49253551358490005, 'input_chunk_length': 23, 'learning_rate': 1.8966819292894003e-05, 'batch_size': 32}. Best is trial 4 with value: 0.1814582198858261.
GPU available: True (cuda), used: True
TPU available: False, using: 0 TPU cores
HPU available: False, using: 0 HPUs
LOCAL_RANK: 0 - CUDA_VISIBLE_DEVICES: [0,1]
SLURM auto-requeueing enabled. Setting signal handlers.
Monitored metric train_loss did not improve in the last 91 records. Best score: 0.041. Signaling Trainer to stop.
GPU available: True (cuda), used: True
TPU available: False, using: 0 TPU cores
HPU available: False, using: 0 HPUs
LOCAL_RANK: 0 - CUDA_VISIBLE_DEVICES: [0,1]
SLURM auto-requeueing enabled. Setting signal handlers.
[I 2024-11-11 21:15:42,452] Trial 35 finished with value: 0.34501585364341736 and parameters: {'hidden_dim': 158, 'n_layers': 5, 'dropout': 0.2657068379638133, 'input_chunk_length': 78, 'learning_rate': 3.6151557568384116e-05, 'batch_size': 32}. Best is trial 4 with value: 0.1814582198858261.
GPU available: True (cuda), used: True
TPU available: False, using: 0 TPU cores
HPU available: False, using: 0 HPUs
LOCAL_RANK: 0 - CUDA_VISIBLE_DEVICES: [0,1]
SLURM auto-requeueing enabled. Setting signal handlers.
Monitored metric train_loss did not improve in the last 92 records. Best score: 0.041. Signaling Trainer to stop.
GPU available: True (cuda), used: True
TPU available: False, using: 0 TPU cores
HPU available: False, using: 0 HPUs
LOCAL_RANK: 0 - CUDA_VISIBLE_DEVICES: [0,1]
SLURM auto-requeueing enabled. Setting signal handlers.
[I 2024-11-11 21:16:20,377] Trial 36 finished with value: 0.22974658012390137 and parameters: {'hidden_dim': 318, 'n_layers': 3, 'dropout': 0.012016694288520924, 'input_chunk_length': 138, 'learning_rate': 0.0007557549358678603, 'batch_size': 32}. Best is trial 4 with value: 0.1814582198858261.
GPU available: True (cuda), used: True
TPU available: False, using: 0 TPU cores
HPU available: False, using: 0 HPUs
LOCAL_RANK: 0 - CUDA_VISIBLE_DEVICES: [0,1]
SLURM auto-requeueing enabled. Setting signal handlers.
Monitored metric train_loss did not improve in the last 93 records. Best score: 0.041. Signaling Trainer to stop.
GPU available: True (cuda), used: True
TPU available: False, using: 0 TPU cores
HPU available: False, using: 0 HPUs
LOCAL_RANK: 0 - CUDA_VISIBLE_DEVICES: [0,1]
SLURM auto-requeueing enabled. Setting signal handlers.
[I 2024-11-11 21:17:02,042] Trial 37 finished with value: 0.23031267523765564 and parameters: {'hidden_dim': 368, 'n_layers': 3, 'dropout': 0.007321934124031391, 'input_chunk_length': 142, 'learning_rate': 0.0009026835032665065, 'batch_size': 32}. Best is trial 4 with value: 0.1814582198858261.
GPU available: True (cuda), used: True
TPU available: False, using: 0 TPU cores
HPU available: False, using: 0 HPUs
LOCAL_RANK: 0 - CUDA_VISIBLE_DEVICES: [0,1]
SLURM auto-requeueing enabled. Setting signal handlers.
Monitored metric train_loss did not improve in the last 94 records. Best score: 0.041. Signaling Trainer to stop.
GPU available: True (cuda), used: True
TPU available: False, using: 0 TPU cores
HPU available: False, using: 0 HPUs
LOCAL_RANK: 0 - CUDA_VISIBLE_DEVICES: [0,1]
SLURM auto-requeueing enabled. Setting signal handlers.
[I 2024-11-11 21:17:39,390] Trial 38 finished with value: 0.2914992570877075 and parameters: {'hidden_dim': 369, 'n_layers': 3, 'dropout': 0.014455041689471928, 'input_chunk_length': 117, 'learning_rate': 0.000781050014442276, 'batch_size': 32}. Best is trial 4 with value: 0.1814582198858261.
GPU available: True (cuda), used: True
TPU available: False, using: 0 TPU cores
HPU available: False, using: 0 HPUs
LOCAL_RANK: 0 - CUDA_VISIBLE_DEVICES: [0,1]
SLURM auto-requeueing enabled. Setting signal handlers.
Monitored metric train_loss did not improve in the last 95 records. Best score: 0.041. Signaling Trainer to stop.
GPU available: True (cuda), used: True
TPU available: False, using: 0 TPU cores
HPU available: False, using: 0 HPUs
LOCAL_RANK: 0 - CUDA_VISIBLE_DEVICES: [0,1]
SLURM auto-requeueing enabled. Setting signal handlers.
[I 2024-11-11 21:18:17,637] Trial 39 finished with value: 0.3032916486263275 and parameters: {'hidden_dim': 324, 'n_layers': 3, 'dropout': 0.0019516104167030804, 'input_chunk_length': 140, 'learning_rate': 0.0012420842167226163, 'batch_size': 32}. Best is trial 4 with value: 0.1814582198858261.
GPU available: True (cuda), used: True
TPU available: False, using: 0 TPU cores
HPU available: False, using: 0 HPUs
LOCAL_RANK: 0 - CUDA_VISIBLE_DEVICES: [0,1]
SLURM auto-requeueing enabled. Setting signal handlers.
Monitored metric train_loss did not improve in the last 96 records. Best score: 0.041. Signaling Trainer to stop.
GPU available: True (cuda), used: True
TPU available: False, using: 0 TPU cores
HPU available: False, using: 0 HPUs
LOCAL_RANK: 0 - CUDA_VISIBLE_DEVICES: [0,1]
SLURM auto-requeueing enabled. Setting signal handlers.
[I 2024-11-11 21:18:55,275] Trial 40 finished with value: 0.70698082447052 and parameters: {'hidden_dim': 269, 'n_layers': 4, 'dropout': 0.07563828910079137, 'input_chunk_length': 138, 'learning_rate': 0.006883895463260189, 'batch_size': 32}. Best is trial 4 with value: 0.1814582198858261.
GPU available: True (cuda), used: True
TPU available: False, using: 0 TPU cores
HPU available: False, using: 0 HPUs
LOCAL_RANK: 0 - CUDA_VISIBLE_DEVICES: [0,1]
SLURM auto-requeueing enabled. Setting signal handlers.
Monitored metric train_loss did not improve in the last 97 records. Best score: 0.041. Signaling Trainer to stop.
GPU available: True (cuda), used: True
TPU available: False, using: 0 TPU cores
HPU available: False, using: 0 HPUs
LOCAL_RANK: 0 - CUDA_VISIBLE_DEVICES: [0,1]
SLURM auto-requeueing enabled. Setting signal handlers.
[I 2024-11-11 21:19:39,894] Trial 41 finished with value: 0.3954254686832428 and parameters: {'hidden_dim': 427, 'n_layers': 3, 'dropout': 0.05535379408011195, 'input_chunk_length': 140, 'learning_rate': 0.001938503360713839, 'batch_size': 32}. Best is trial 4 with value: 0.1814582198858261.
GPU available: True (cuda), used: True
TPU available: False, using: 0 TPU cores
HPU available: False, using: 0 HPUs
LOCAL_RANK: 0 - CUDA_VISIBLE_DEVICES: [0,1]
SLURM auto-requeueing enabled. Setting signal handlers.
Monitored metric train_loss did not improve in the last 98 records. Best score: 0.041. Signaling Trainer to stop.
GPU available: True (cuda), used: True
TPU available: False, using: 0 TPU cores
HPU available: False, using: 0 HPUs
LOCAL_RANK: 0 - CUDA_VISIBLE_DEVICES: [0,1]
SLURM auto-requeueing enabled. Setting signal handlers.
[I 2024-11-11 21:20:19,530] Trial 42 finished with value: 0.18828897178173065 and parameters: {'hidden_dim': 468, 'n_layers': 2, 'dropout': 0.04401050441729506, 'input_chunk_length': 128, 'learning_rate': 0.0005988926120566475, 'batch_size': 32}. Best is trial 4 with value: 0.1814582198858261.
GPU available: True (cuda), used: True
TPU available: False, using: 0 TPU cores
HPU available: False, using: 0 HPUs
LOCAL_RANK: 0 - CUDA_VISIBLE_DEVICES: [0,1]
SLURM auto-requeueing enabled. Setting signal handlers.
Monitored metric train_loss did not improve in the last 99 records. Best score: 0.041. Signaling Trainer to stop.
GPU available: True (cuda), used: True
TPU available: False, using: 0 TPU cores
HPU available: False, using: 0 HPUs
LOCAL_RANK: 0 - CUDA_VISIBLE_DEVICES: [0,1]
SLURM auto-requeueing enabled. Setting signal handlers.
[I 2024-11-11 21:21:01,006] Trial 43 finished with value: 0.30734583735466003 and parameters: {'hidden_dim': 483, 'n_layers': 2, 'dropout': 0.030322744865652618, 'input_chunk_length': 129, 'learning_rate': 0.0002886235126288202, 'batch_size': 32}. Best is trial 4 with value: 0.1814582198858261.
GPU available: True (cuda), used: True
TPU available: False, using: 0 TPU cores
HPU available: False, using: 0 HPUs
LOCAL_RANK: 0 - CUDA_VISIBLE_DEVICES: [0,1]
SLURM auto-requeueing enabled. Setting signal handlers.
Monitored metric train_loss did not improve in the last 100 records. Best score: 0.041. Signaling Trainer to stop.
GPU available: True (cuda), used: True
TPU available: False, using: 0 TPU cores
HPU available: False, using: 0 HPUs
LOCAL_RANK: 0 - CUDA_VISIBLE_DEVICES: [0,1]
SLURM auto-requeueing enabled. Setting signal handlers.
[I 2024-11-11 21:21:40,024] Trial 44 finished with value: 0.3230961263179779 and parameters: {'hidden_dim': 406, 'n_layers': 3, 'dropout': 0.036658280500451154, 'input_chunk_length': 120, 'learning_rate': 0.0005864213080414646, 'batch_size': 32}. Best is trial 4 with value: 0.1814582198858261.
GPU available: True (cuda), used: True
TPU available: False, using: 0 TPU cores
HPU available: False, using: 0 HPUs
LOCAL_RANK: 0 - CUDA_VISIBLE_DEVICES: [0,1]
SLURM auto-requeueing enabled. Setting signal handlers.
Monitored metric train_loss did not improve in the last 101 records. Best score: 0.041. Signaling Trainer to stop.
GPU available: True (cuda), used: True
TPU available: False, using: 0 TPU cores
HPU available: False, using: 0 HPUs
LOCAL_RANK: 0 - CUDA_VISIBLE_DEVICES: [0,1]
SLURM auto-requeueing enabled. Setting signal handlers.
[I 2024-11-11 21:22:11,070] Trial 45 finished with value: 0.2265535145998001 and parameters: {'hidden_dim': 345, 'n_layers': 1, 'dropout': 0.10701547217376173, 'input_chunk_length': 110, 'learning_rate': 0.0009239947743292689, 'batch_size': 32}. Best is trial 4 with value: 0.1814582198858261.
GPU available: True (cuda), used: True
TPU available: False, using: 0 TPU cores
HPU available: False, using: 0 HPUs
LOCAL_RANK: 0 - CUDA_VISIBLE_DEVICES: [0,1]
SLURM auto-requeueing enabled. Setting signal handlers.
Monitored metric train_loss did not improve in the last 102 records. Best score: 0.041. Signaling Trainer to stop.
GPU available: True (cuda), used: True
TPU available: False, using: 0 TPU cores
HPU available: False, using: 0 HPUs
LOCAL_RANK: 0 - CUDA_VISIBLE_DEVICES: [0,1]
SLURM auto-requeueing enabled. Setting signal handlers.
[I 2024-11-11 21:22:40,157] Trial 46 finished with value: 0.4448920786380768 and parameters: {'hidden_dim': 312, 'n_layers': 1, 'dropout': 0.09918601203594948, 'input_chunk_length': 112, 'learning_rate': 0.006036807840506915, 'batch_size': 32}. Best is trial 4 with value: 0.1814582198858261.
GPU available: True (cuda), used: True
TPU available: False, using: 0 TPU cores
HPU available: False, using: 0 HPUs
LOCAL_RANK: 0 - CUDA_VISIBLE_DEVICES: [0,1]
SLURM auto-requeueing enabled. Setting signal handlers.
Monitored metric train_loss did not improve in the last 103 records. Best score: 0.041. Signaling Trainer to stop.
GPU available: True (cuda), used: True
TPU available: False, using: 0 TPU cores
HPU available: False, using: 0 HPUs
LOCAL_RANK: 0 - CUDA_VISIBLE_DEVICES: [0,1]
SLURM auto-requeueing enabled. Setting signal handlers.
[I 2024-11-11 21:23:08,791] Trial 47 finished with value: 0.31978729367256165 and parameters: {'hidden_dim': 342, 'n_layers': 1, 'dropout': 0.15930417743119263, 'input_chunk_length': 96, 'learning_rate': 0.0004194707673741869, 'batch_size': 32}. Best is trial 4 with value: 0.1814582198858261.
GPU available: True (cuda), used: True
TPU available: False, using: 0 TPU cores
HPU available: False, using: 0 HPUs
LOCAL_RANK: 0 - CUDA_VISIBLE_DEVICES: [0,1]
SLURM auto-requeueing enabled. Setting signal handlers.
Monitored metric train_loss did not improve in the last 104 records. Best score: 0.041. Signaling Trainer to stop.
GPU available: True (cuda), used: True
TPU available: False, using: 0 TPU cores
HPU available: False, using: 0 HPUs
LOCAL_RANK: 0 - CUDA_VISIBLE_DEVICES: [0,1]
SLURM auto-requeueing enabled. Setting signal handlers.
[I 2024-11-11 21:23:40,008] Trial 48 finished with value: 0.3074953556060791 and parameters: {'hidden_dim': 258, 'n_layers': 2, 'dropout': 0.05918596201680467, 'input_chunk_length': 124, 'learning_rate': 0.00022865476314466084, 'batch_size': 32}. Best is trial 4 with value: 0.1814582198858261.
GPU available: True (cuda), used: True
TPU available: False, using: 0 TPU cores
HPU available: False, using: 0 HPUs
LOCAL_RANK: 0 - CUDA_VISIBLE_DEVICES: [0,1]
SLURM auto-requeueing enabled. Setting signal handlers.
Monitored metric train_loss did not improve in the last 105 records. Best score: 0.041. Signaling Trainer to stop.
GPU available: True (cuda), used: True
TPU available: False, using: 0 TPU cores
HPU available: False, using: 0 HPUs
LOCAL_RANK: 0 - CUDA_VISIBLE_DEVICES: [0,1]
SLURM auto-requeueing enabled. Setting signal handlers.
[I 2024-11-11 21:24:08,004] Trial 49 finished with value: 0.2953265905380249 and parameters: {'hidden_dim': 201, 'n_layers': 1, 'dropout': 0.47867573823975795, 'input_chunk_length': 133, 'learning_rate': 0.0005826478076809208, 'batch_size': 32}. Best is trial 4 with value: 0.1814582198858261.
GPU available: True (cuda), used: True
TPU available: False, using: 0 TPU cores
HPU available: False, using: 0 HPUs
LOCAL_RANK: 0 - CUDA_VISIBLE_DEVICES: [0,1]
SLURM auto-requeueing enabled. Setting signal handlers.
Monitored metric train_loss did not improve in the last 106 records. Best score: 0.041. Signaling Trainer to stop.
GPU available: True (cuda), used: True
TPU available: False, using: 0 TPU cores
HPU available: False, using: 0 HPUs
LOCAL_RANK: 0 - CUDA_VISIBLE_DEVICES: [0,1]
SLURM auto-requeueing enabled. Setting signal handlers.
