[I 2024-11-11 13:24:20,288] Trial 257 finished with value: 0.30385148525238037 and parameters: {'hidden_dim': 409, 'n_layers': 1, 'dropout': 0.3936376553831535, 'input_chunk_length': 26, 'learning_rate': 0.0013655530686236747, 'batch_size': 32}. Best is trial 17 with value: 0.18230657279491425.
GPU available: True (cuda), used: True
TPU available: False, using: 0 TPU cores
HPU available: False, using: 0 HPUs
LOCAL_RANK: 0 - CUDA_VISIBLE_DEVICES: [0,1]
SLURM auto-requeueing enabled. Setting signal handlers.
Monitored metric train_loss did not improve in the last 313 records. Best score: 0.085. Signaling Trainer to stop.
GPU available: True (cuda), used: True
TPU available: False, using: 0 TPU cores
HPU available: False, using: 0 HPUs
LOCAL_RANK: 0 - CUDA_VISIBLE_DEVICES: [0,1]
SLURM auto-requeueing enabled. Setting signal handlers.
[I 2024-11-11 13:24:45,143] Trial 258 finished with value: 0.2405681312084198 and parameters: {'hidden_dim': 397, 'n_layers': 1, 'dropout': 0.37197622835179667, 'input_chunk_length': 67, 'learning_rate': 0.0014709094562921053, 'batch_size': 32}. Best is trial 17 with value: 0.18230657279491425.
GPU available: True (cuda), used: True
TPU available: False, using: 0 TPU cores
HPU available: False, using: 0 HPUs
LOCAL_RANK: 0 - CUDA_VISIBLE_DEVICES: [0,1]
SLURM auto-requeueing enabled. Setting signal handlers.
Monitored metric train_loss did not improve in the last 314 records. Best score: 0.085. Signaling Trainer to stop.
GPU available: True (cuda), used: True
TPU available: False, using: 0 TPU cores
HPU available: False, using: 0 HPUs
LOCAL_RANK: 0 - CUDA_VISIBLE_DEVICES: [0,1]
SLURM auto-requeueing enabled. Setting signal handlers.
[I 2024-11-11 13:25:10,374] Trial 259 finished with value: 0.2726348340511322 and parameters: {'hidden_dim': 395, 'n_layers': 1, 'dropout': 0.373521261160294, 'input_chunk_length': 70, 'learning_rate': 0.0018305496739627254, 'batch_size': 32}. Best is trial 17 with value: 0.18230657279491425.
GPU available: True (cuda), used: True
TPU available: False, using: 0 TPU cores
HPU available: False, using: 0 HPUs
LOCAL_RANK: 0 - CUDA_VISIBLE_DEVICES: [0,1]
SLURM auto-requeueing enabled. Setting signal handlers.
Monitored metric train_loss did not improve in the last 315 records. Best score: 0.085. Signaling Trainer to stop.
GPU available: True (cuda), used: True
TPU available: False, using: 0 TPU cores
HPU available: False, using: 0 HPUs
LOCAL_RANK: 0 - CUDA_VISIBLE_DEVICES: [0,1]
SLURM auto-requeueing enabled. Setting signal handlers.
[I 2024-11-11 13:25:29,684] Trial 260 finished with value: 0.2935475707054138 and parameters: {'hidden_dim': 56, 'n_layers': 1, 'dropout': 0.36196611438124454, 'input_chunk_length': 75, 'learning_rate': 0.0014538290181144884, 'batch_size': 32}. Best is trial 17 with value: 0.18230657279491425.
GPU available: True (cuda), used: True
TPU available: False, using: 0 TPU cores
HPU available: False, using: 0 HPUs
LOCAL_RANK: 0 - CUDA_VISIBLE_DEVICES: [0,1]
SLURM auto-requeueing enabled. Setting signal handlers.
Monitored metric train_loss did not improve in the last 316 records. Best score: 0.085. Signaling Trainer to stop.
GPU available: True (cuda), used: True
TPU available: False, using: 0 TPU cores
HPU available: False, using: 0 HPUs
LOCAL_RANK: 0 - CUDA_VISIBLE_DEVICES: [0,1]
SLURM auto-requeueing enabled. Setting signal handlers.
[I 2024-11-11 13:25:53,259] Trial 261 finished with value: 0.34319615364074707 and parameters: {'hidden_dim': 390, 'n_layers': 1, 'dropout': 0.38142841160460644, 'input_chunk_length': 59, 'learning_rate': 0.0023695391679725356, 'batch_size': 32}. Best is trial 17 with value: 0.18230657279491425.
GPU available: True (cuda), used: True
TPU available: False, using: 0 TPU cores
HPU available: False, using: 0 HPUs
LOCAL_RANK: 0 - CUDA_VISIBLE_DEVICES: [0,1]
SLURM auto-requeueing enabled. Setting signal handlers.
Monitored metric train_loss did not improve in the last 317 records. Best score: 0.085. Signaling Trainer to stop.
GPU available: True (cuda), used: True
TPU available: False, using: 0 TPU cores
HPU available: False, using: 0 HPUs
LOCAL_RANK: 0 - CUDA_VISIBLE_DEVICES: [0,1]
SLURM auto-requeueing enabled. Setting signal handlers.
[I 2024-11-11 13:26:12,479] Trial 262 finished with value: 0.3377789258956909 and parameters: {'hidden_dim': 86, 'n_layers': 1, 'dropout': 0.35655190990302993, 'input_chunk_length': 68, 'learning_rate': 1.5480272759045345e-05, 'batch_size': 32}. Best is trial 17 with value: 0.18230657279491425.
GPU available: True (cuda), used: True
TPU available: False, using: 0 TPU cores
HPU available: False, using: 0 HPUs
LOCAL_RANK: 0 - CUDA_VISIBLE_DEVICES: [0,1]
SLURM auto-requeueing enabled. Setting signal handlers.
Monitored metric train_loss did not improve in the last 318 records. Best score: 0.085. Signaling Trainer to stop.
GPU available: True (cuda), used: True
TPU available: False, using: 0 TPU cores
HPU available: False, using: 0 HPUs
LOCAL_RANK: 0 - CUDA_VISIBLE_DEVICES: [0,1]
SLURM auto-requeueing enabled. Setting signal handlers.
[I 2024-11-11 13:26:31,983] Trial 263 finished with value: 0.3087359368801117 and parameters: {'hidden_dim': 104, 'n_layers': 1, 'dropout': 0.3701349660526969, 'input_chunk_length': 81, 'learning_rate': 0.00031386620687504324, 'batch_size': 32}. Best is trial 17 with value: 0.18230657279491425.
GPU available: True (cuda), used: True
TPU available: False, using: 0 TPU cores
HPU available: False, using: 0 HPUs
LOCAL_RANK: 0 - CUDA_VISIBLE_DEVICES: [0,1]
SLURM auto-requeueing enabled. Setting signal handlers.
Monitored metric train_loss did not improve in the last 319 records. Best score: 0.085. Signaling Trainer to stop.
GPU available: True (cuda), used: True
TPU available: False, using: 0 TPU cores
HPU available: False, using: 0 HPUs
LOCAL_RANK: 0 - CUDA_VISIBLE_DEVICES: [0,1]
SLURM auto-requeueing enabled. Setting signal handlers.
[I 2024-11-11 13:26:51,657] Trial 264 finished with value: 0.26096266508102417 and parameters: {'hidden_dim': 386, 'n_layers': 1, 'dropout': 0.3462597182075758, 'input_chunk_length': 22, 'learning_rate': 0.0015106323860958342, 'batch_size': 32}. Best is trial 17 with value: 0.18230657279491425.
GPU available: True (cuda), used: True
TPU available: False, using: 0 TPU cores
HPU available: False, using: 0 HPUs
LOCAL_RANK: 0 - CUDA_VISIBLE_DEVICES: [0,1]
SLURM auto-requeueing enabled. Setting signal handlers.
Monitored metric train_loss did not improve in the last 320 records. Best score: 0.085. Signaling Trainer to stop.
GPU available: True (cuda), used: True
TPU available: False, using: 0 TPU cores
HPU available: False, using: 0 HPUs
LOCAL_RANK: 0 - CUDA_VISIBLE_DEVICES: [0,1]
SLURM auto-requeueing enabled. Setting signal handlers.
[I 2024-11-11 13:27:11,288] Trial 265 finished with value: 0.4090243875980377 and parameters: {'hidden_dim': 386, 'n_layers': 1, 'dropout': 0.3482085795376518, 'input_chunk_length': 21, 'learning_rate': 0.0031117130203287447, 'batch_size': 32}. Best is trial 17 with value: 0.18230657279491425.
GPU available: True (cuda), used: True
TPU available: False, using: 0 TPU cores
HPU available: False, using: 0 HPUs
LOCAL_RANK: 0 - CUDA_VISIBLE_DEVICES: [0,1]
SLURM auto-requeueing enabled. Setting signal handlers.
Monitored metric train_loss did not improve in the last 321 records. Best score: 0.085. Signaling Trainer to stop.
GPU available: True (cuda), used: True
TPU available: False, using: 0 TPU cores
HPU available: False, using: 0 HPUs
LOCAL_RANK: 0 - CUDA_VISIBLE_DEVICES: [0,1]
SLURM auto-requeueing enabled. Setting signal handlers.
[I 2024-11-11 13:27:31,146] Trial 266 finished with value: 0.43939658999443054 and parameters: {'hidden_dim': 403, 'n_layers': 1, 'dropout': 0.37907078227662805, 'input_chunk_length': 13, 'learning_rate': 0.0003825670697254633, 'batch_size': 32}. Best is trial 17 with value: 0.18230657279491425.
GPU available: True (cuda), used: True
TPU available: False, using: 0 TPU cores
HPU available: False, using: 0 HPUs
LOCAL_RANK: 0 - CUDA_VISIBLE_DEVICES: [0,1]
SLURM auto-requeueing enabled. Setting signal handlers.
Monitored metric train_loss did not improve in the last 322 records. Best score: 0.085. Signaling Trainer to stop.
GPU available: True (cuda), used: True
TPU available: False, using: 0 TPU cores
HPU available: False, using: 0 HPUs
LOCAL_RANK: 0 - CUDA_VISIBLE_DEVICES: [0,1]
SLURM auto-requeueing enabled. Setting signal handlers.
[I 2024-11-11 13:27:56,998] Trial 267 finished with value: 0.250127911567688 and parameters: {'hidden_dim': 405, 'n_layers': 1, 'dropout': 0.36620959572891193, 'input_chunk_length': 72, 'learning_rate': 0.001969351408284211, 'batch_size': 32}. Best is trial 17 with value: 0.18230657279491425.
GPU available: True (cuda), used: True
TPU available: False, using: 0 TPU cores
HPU available: False, using: 0 HPUs
LOCAL_RANK: 0 - CUDA_VISIBLE_DEVICES: [0,1]
SLURM auto-requeueing enabled. Setting signal handlers.
Monitored metric train_loss did not improve in the last 323 records. Best score: 0.085. Signaling Trainer to stop.
GPU available: True (cuda), used: True
TPU available: False, using: 0 TPU cores
HPU available: False, using: 0 HPUs
LOCAL_RANK: 0 - CUDA_VISIBLE_DEVICES: [0,1]
SLURM auto-requeueing enabled. Setting signal handlers.
[I 2024-11-11 13:28:22,271] Trial 268 finished with value: 0.34482091665267944 and parameters: {'hidden_dim': 370, 'n_layers': 1, 'dropout': 0.3582069937534523, 'input_chunk_length': 73, 'learning_rate': 2.2538124723293857e-05, 'batch_size': 32}. Best is trial 17 with value: 0.18230657279491425.
GPU available: True (cuda), used: True
TPU available: False, using: 0 TPU cores
HPU available: False, using: 0 HPUs
LOCAL_RANK: 0 - CUDA_VISIBLE_DEVICES: [0,1]
SLURM auto-requeueing enabled. Setting signal handlers.
Monitored metric train_loss did not improve in the last 324 records. Best score: 0.085. Signaling Trainer to stop.
GPU available: True (cuda), used: True
TPU available: False, using: 0 TPU cores
HPU available: False, using: 0 HPUs
LOCAL_RANK: 0 - CUDA_VISIBLE_DEVICES: [0,1]
SLURM auto-requeueing enabled. Setting signal handlers.
[I 2024-11-11 13:28:49,256] Trial 269 finished with value: 0.29400748014450073 and parameters: {'hidden_dim': 411, 'n_layers': 1, 'dropout': 0.34948057598232546, 'input_chunk_length': 76, 'learning_rate': 0.0002673897125314408, 'batch_size': 32}. Best is trial 17 with value: 0.18230657279491425.
GPU available: True (cuda), used: True
TPU available: False, using: 0 TPU cores
HPU available: False, using: 0 HPUs
LOCAL_RANK: 0 - CUDA_VISIBLE_DEVICES: [0,1]
SLURM auto-requeueing enabled. Setting signal handlers.
Monitored metric train_loss did not improve in the last 325 records. Best score: 0.085. Signaling Trainer to stop.
GPU available: True (cuda), used: True
TPU available: False, using: 0 TPU cores
HPU available: False, using: 0 HPUs
LOCAL_RANK: 0 - CUDA_VISIBLE_DEVICES: [0,1]
SLURM auto-requeueing enabled. Setting signal handlers.
[I 2024-11-11 13:29:09,156] Trial 270 finished with value: 0.35529205203056335 and parameters: {'hidden_dim': 419, 'n_layers': 1, 'dropout': 0.3867250216519298, 'input_chunk_length': 17, 'learning_rate': 0.0024744667861019433, 'batch_size': 32}. Best is trial 17 with value: 0.18230657279491425.
GPU available: True (cuda), used: True
TPU available: False, using: 0 TPU cores
HPU available: False, using: 0 HPUs
LOCAL_RANK: 0 - CUDA_VISIBLE_DEVICES: [0,1]
SLURM auto-requeueing enabled. Setting signal handlers.
Monitored metric train_loss did not improve in the last 326 records. Best score: 0.085. Signaling Trainer to stop.
GPU available: True (cuda), used: True
TPU available: False, using: 0 TPU cores
HPU available: False, using: 0 HPUs
LOCAL_RANK: 0 - CUDA_VISIBLE_DEVICES: [0,1]
SLURM auto-requeueing enabled. Setting signal handlers.
[I 2024-11-11 13:29:34,604] Trial 271 finished with value: 0.2598261833190918 and parameters: {'hidden_dim': 391, 'n_layers': 1, 'dropout': 0.367203332233785, 'input_chunk_length': 71, 'learning_rate': 0.0019933588808438685, 'batch_size': 32}. Best is trial 17 with value: 0.18230657279491425.
GPU available: True (cuda), used: True
TPU available: False, using: 0 TPU cores
HPU available: False, using: 0 HPUs
LOCAL_RANK: 0 - CUDA_VISIBLE_DEVICES: [0,1]
SLURM auto-requeueing enabled. Setting signal handlers.
Monitored metric train_loss did not improve in the last 327 records. Best score: 0.085. Signaling Trainer to stop.
GPU available: True (cuda), used: True
TPU available: False, using: 0 TPU cores
HPU available: False, using: 0 HPUs
LOCAL_RANK: 0 - CUDA_VISIBLE_DEVICES: [0,1]
SLURM auto-requeueing enabled. Setting signal handlers.
[I 2024-11-11 13:30:00,333] Trial 272 finished with value: 0.3564877510070801 and parameters: {'hidden_dim': 383, 'n_layers': 1, 'dropout': 0.08066069172419262, 'input_chunk_length': 72, 'learning_rate': 0.002783987422591777, 'batch_size': 32}. Best is trial 17 with value: 0.18230657279491425.
GPU available: True (cuda), used: True
TPU available: False, using: 0 TPU cores
HPU available: False, using: 0 HPUs
LOCAL_RANK: 0 - CUDA_VISIBLE_DEVICES: [0,1]
SLURM auto-requeueing enabled. Setting signal handlers.
Monitored metric train_loss did not improve in the last 328 records. Best score: 0.085. Signaling Trainer to stop.
GPU available: True (cuda), used: True
TPU available: False, using: 0 TPU cores
HPU available: False, using: 0 HPUs
LOCAL_RANK: 0 - CUDA_VISIBLE_DEVICES: [0,1]
SLURM auto-requeueing enabled. Setting signal handlers.
[I 2024-11-11 13:30:26,898] Trial 273 finished with value: 0.4406670331954956 and parameters: {'hidden_dim': 378, 'n_layers': 1, 'dropout': 0.36637002098557137, 'input_chunk_length': 78, 'learning_rate': 0.002121064493574752, 'batch_size': 32}. Best is trial 17 with value: 0.18230657279491425.
GPU available: True (cuda), used: True
TPU available: False, using: 0 TPU cores
HPU available: False, using: 0 HPUs
LOCAL_RANK: 0 - CUDA_VISIBLE_DEVICES: [0,1]
SLURM auto-requeueing enabled. Setting signal handlers.
Monitored metric train_loss did not improve in the last 329 records. Best score: 0.085. Signaling Trainer to stop.
GPU available: True (cuda), used: True
TPU available: False, using: 0 TPU cores
HPU available: False, using: 0 HPUs
LOCAL_RANK: 0 - CUDA_VISIBLE_DEVICES: [0,1]
SLURM auto-requeueing enabled. Setting signal handlers.
[I 2024-11-11 13:30:52,188] Trial 274 finished with value: 0.37514007091522217 and parameters: {'hidden_dim': 391, 'n_layers': 1, 'dropout': 0.36609121140074435, 'input_chunk_length': 70, 'learning_rate': 2.9109048865048992e-05, 'batch_size': 32}. Best is trial 17 with value: 0.18230657279491425.
GPU available: True (cuda), used: True
TPU available: False, using: 0 TPU cores
HPU available: False, using: 0 HPUs
LOCAL_RANK: 0 - CUDA_VISIBLE_DEVICES: [0,1]
SLURM auto-requeueing enabled. Setting signal handlers.
Monitored metric train_loss did not improve in the last 330 records. Best score: 0.085. Signaling Trainer to stop.
GPU available: True (cuda), used: True
TPU available: False, using: 0 TPU cores
HPU available: False, using: 0 HPUs
LOCAL_RANK: 0 - CUDA_VISIBLE_DEVICES: [0,1]
SLURM auto-requeueing enabled. Setting signal handlers.
[I 2024-11-11 13:31:19,023] Trial 275 finished with value: 0.37125691771507263 and parameters: {'hidden_dim': 426, 'n_layers': 1, 'dropout': 0.3901476141260717, 'input_chunk_length': 74, 'learning_rate': 0.001730083226672846, 'batch_size': 32}. Best is trial 17 with value: 0.18230657279491425.
GPU available: True (cuda), used: True
TPU available: False, using: 0 TPU cores
HPU available: False, using: 0 HPUs
LOCAL_RANK: 0 - CUDA_VISIBLE_DEVICES: [0,1]
SLURM auto-requeueing enabled. Setting signal handlers.
Monitored metric train_loss did not improve in the last 331 records. Best score: 0.085. Signaling Trainer to stop.
GPU available: True (cuda), used: True
TPU available: False, using: 0 TPU cores
HPU available: False, using: 0 HPUs
LOCAL_RANK: 0 - CUDA_VISIBLE_DEVICES: [0,1]
SLURM auto-requeueing enabled. Setting signal handlers.
[I 2024-11-11 13:31:43,887] Trial 276 finished with value: 0.2923935651779175 and parameters: {'hidden_dim': 359, 'n_layers': 1, 'dropout': 0.4066873330623269, 'input_chunk_length': 71, 'learning_rate': 0.0021752088060540335, 'batch_size': 32}. Best is trial 17 with value: 0.18230657279491425.
GPU available: True (cuda), used: True
TPU available: False, using: 0 TPU cores
HPU available: False, using: 0 HPUs
LOCAL_RANK: 0 - CUDA_VISIBLE_DEVICES: [0,1]
SLURM auto-requeueing enabled. Setting signal handlers.
Monitored metric train_loss did not improve in the last 332 records. Best score: 0.085. Signaling Trainer to stop.
GPU available: True (cuda), used: True
TPU available: False, using: 0 TPU cores
HPU available: False, using: 0 HPUs
LOCAL_RANK: 0 - CUDA_VISIBLE_DEVICES: [0,1]
SLURM auto-requeueing enabled. Setting signal handlers.
[I 2024-11-11 13:32:11,052] Trial 277 finished with value: 0.32773637771606445 and parameters: {'hidden_dim': 404, 'n_layers': 1, 'dropout': 0.37838739181913894, 'input_chunk_length': 82, 'learning_rate': 0.002034963167527215, 'batch_size': 32}. Best is trial 17 with value: 0.18230657279491425.
GPU available: True (cuda), used: True
TPU available: False, using: 0 TPU cores
HPU available: False, using: 0 HPUs
LOCAL_RANK: 0 - CUDA_VISIBLE_DEVICES: [0,1]
SLURM auto-requeueing enabled. Setting signal handlers.
Monitored metric train_loss did not improve in the last 333 records. Best score: 0.085. Signaling Trainer to stop.
GPU available: True (cuda), used: True
TPU available: False, using: 0 TPU cores
HPU available: False, using: 0 HPUs
LOCAL_RANK: 0 - CUDA_VISIBLE_DEVICES: [0,1]
SLURM auto-requeueing enabled. Setting signal handlers.
[I 2024-11-11 13:32:38,195] Trial 278 finished with value: 0.30095311999320984 and parameters: {'hidden_dim': 415, 'n_layers': 1, 'dropout': 0.42041757638652416, 'input_chunk_length': 76, 'learning_rate': 0.0024897930196056176, 'batch_size': 32}. Best is trial 17 with value: 0.18230657279491425.
GPU available: True (cuda), used: True
TPU available: False, using: 0 TPU cores
HPU available: False, using: 0 HPUs
LOCAL_RANK: 0 - CUDA_VISIBLE_DEVICES: [0,1]
SLURM auto-requeueing enabled. Setting signal handlers.
Monitored metric train_loss did not improve in the last 334 records. Best score: 0.085. Signaling Trainer to stop.
GPU available: True (cuda), used: True
TPU available: False, using: 0 TPU cores
HPU available: False, using: 0 HPUs
LOCAL_RANK: 0 - CUDA_VISIBLE_DEVICES: [0,1]
SLURM auto-requeueing enabled. Setting signal handlers.
[I 2024-11-11 13:33:05,193] Trial 279 finished with value: 0.2804022431373596 and parameters: {'hidden_dim': 427, 'n_layers': 2, 'dropout': 0.3464162453884344, 'input_chunk_length': 68, 'learning_rate': 0.0020206770698629373, 'batch_size': 32}. Best is trial 17 with value: 0.18230657279491425.
GPU available: True (cuda), used: True
TPU available: False, using: 0 TPU cores
HPU available: False, using: 0 HPUs
LOCAL_RANK: 0 - CUDA_VISIBLE_DEVICES: [0,1]
SLURM auto-requeueing enabled. Setting signal handlers.
Monitored metric train_loss did not improve in the last 335 records. Best score: 0.085. Signaling Trainer to stop.
GPU available: True (cuda), used: True
TPU available: False, using: 0 TPU cores
HPU available: False, using: 0 HPUs
LOCAL_RANK: 0 - CUDA_VISIBLE_DEVICES: [0,1]
SLURM auto-requeueing enabled. Setting signal handlers.
[I 2024-11-11 13:33:26,147] Trial 280 finished with value: 0.2958059012889862 and parameters: {'hidden_dim': 135, 'n_layers': 1, 'dropout': 0.022386386141553433, 'input_chunk_length': 101, 'learning_rate': 5.457821768518901e-05, 'batch_size': 32}. Best is trial 17 with value: 0.18230657279491425.
GPU available: True (cuda), used: True
TPU available: False, using: 0 TPU cores
HPU available: False, using: 0 HPUs
LOCAL_RANK: 0 - CUDA_VISIBLE_DEVICES: [0,1]
SLURM auto-requeueing enabled. Setting signal handlers.
Monitored metric train_loss did not improve in the last 336 records. Best score: 0.085. Signaling Trainer to stop.
GPU available: True (cuda), used: True
TPU available: False, using: 0 TPU cores
HPU available: False, using: 0 HPUs
LOCAL_RANK: 0 - CUDA_VISIBLE_DEVICES: [0,1]
SLURM auto-requeueing enabled. Setting signal handlers.
[I 2024-11-11 13:33:59,201] Trial 281 finished with value: 0.31617724895477295 and parameters: {'hidden_dim': 394, 'n_layers': 5, 'dropout': 0.3586688882879689, 'input_chunk_length': 79, 'learning_rate': 9.092287892757479e-05, 'batch_size': 32}. Best is trial 17 with value: 0.18230657279491425.
GPU available: True (cuda), used: True
TPU available: False, using: 0 TPU cores
HPU available: False, using: 0 HPUs
LOCAL_RANK: 0 - CUDA_VISIBLE_DEVICES: [0,1]
SLURM auto-requeueing enabled. Setting signal handlers.
Monitored metric train_loss did not improve in the last 337 records. Best score: 0.085. Signaling Trainer to stop.
GPU available: True (cuda), used: True
TPU available: False, using: 0 TPU cores
HPU available: False, using: 0 HPUs
LOCAL_RANK: 0 - CUDA_VISIBLE_DEVICES: [0,1]
SLURM auto-requeueing enabled. Setting signal handlers.
[I 2024-11-11 13:34:32,179] Trial 282 finished with value: 0.299444317817688 and parameters: {'hidden_dim': 482, 'n_layers': 1, 'dropout': 0.007361856611445394, 'input_chunk_length': 98, 'learning_rate': 0.00011833039835420267, 'batch_size': 32}. Best is trial 17 with value: 0.18230657279491425.
GPU available: True (cuda), used: True
TPU available: False, using: 0 TPU cores
HPU available: False, using: 0 HPUs
LOCAL_RANK: 0 - CUDA_VISIBLE_DEVICES: [0,1]
SLURM auto-requeueing enabled. Setting signal handlers.
Monitored metric train_loss did not improve in the last 338 records. Best score: 0.085. Signaling Trainer to stop.
GPU available: True (cuda), used: True
TPU available: False, using: 0 TPU cores
HPU available: False, using: 0 HPUs
LOCAL_RANK: 0 - CUDA_VISIBLE_DEVICES: [0,1]
SLURM auto-requeueing enabled. Setting signal handlers.
