[I 2024-11-11 19:37:44,496] Trial 50 finished with value: 0.29529350996017456 and parameters: {'hidden_dim': 185, 'n_layers': 5, 'dropout': 0.09719571093007656, 'input_chunk_length': 102, 'learning_rate': 5.778315756793591e-05, 'batch_size': 32}. Best is trial 1 with value: 0.11272724717855453.
GPU available: True (cuda), used: True
TPU available: False, using: 0 TPU cores
HPU available: False, using: 0 HPUs
LOCAL_RANK: 0 - CUDA_VISIBLE_DEVICES: [0,1]
SLURM auto-requeueing enabled. Setting signal handlers.
Monitored metric train_loss did not improve in the last 107 records. Best score: 0.049. Signaling Trainer to stop.
GPU available: True (cuda), used: True
TPU available: False, using: 0 TPU cores
HPU available: False, using: 0 HPUs
LOCAL_RANK: 0 - CUDA_VISIBLE_DEVICES: [0,1]
SLURM auto-requeueing enabled. Setting signal handlers.
[I 2024-11-11 19:38:02,025] Trial 51 finished with value: 0.3613108694553375 and parameters: {'hidden_dim': 143, 'n_layers': 4, 'dropout': 0.13277601138465522, 'input_chunk_length': 25, 'learning_rate': 3.4630996498556014e-05, 'batch_size': 64}. Best is trial 1 with value: 0.11272724717855453.
GPU available: True (cuda), used: True
TPU available: False, using: 0 TPU cores
HPU available: False, using: 0 HPUs
LOCAL_RANK: 0 - CUDA_VISIBLE_DEVICES: [0,1]
SLURM auto-requeueing enabled. Setting signal handlers.
Monitored metric train_loss did not improve in the last 108 records. Best score: 0.049. Signaling Trainer to stop.
GPU available: True (cuda), used: True
TPU available: False, using: 0 TPU cores
HPU available: False, using: 0 HPUs
LOCAL_RANK: 0 - CUDA_VISIBLE_DEVICES: [0,1]
SLURM auto-requeueing enabled. Setting signal handlers.
[I 2024-11-11 19:38:20,181] Trial 52 finished with value: 0.2640892267227173 and parameters: {'hidden_dim': 225, 'n_layers': 5, 'dropout': 0.06753700717005905, 'input_chunk_length': 13, 'learning_rate': 0.00012186388758130101, 'batch_size': 64}. Best is trial 1 with value: 0.11272724717855453.
GPU available: True (cuda), used: True
TPU available: False, using: 0 TPU cores
HPU available: False, using: 0 HPUs
LOCAL_RANK: 0 - CUDA_VISIBLE_DEVICES: [0,1]
SLURM auto-requeueing enabled. Setting signal handlers.
Monitored metric train_loss did not improve in the last 109 records. Best score: 0.049. Signaling Trainer to stop.
GPU available: True (cuda), used: True
TPU available: False, using: 0 TPU cores
HPU available: False, using: 0 HPUs
LOCAL_RANK: 0 - CUDA_VISIBLE_DEVICES: [0,1]
SLURM auto-requeueing enabled. Setting signal handlers.
[I 2024-11-11 19:38:40,091] Trial 53 finished with value: 0.32496702671051025 and parameters: {'hidden_dim': 304, 'n_layers': 4, 'dropout': 0.05097789092332777, 'input_chunk_length': 33, 'learning_rate': 0.0008615714359511017, 'batch_size': 64}. Best is trial 1 with value: 0.11272724717855453.
GPU available: True (cuda), used: True
TPU available: False, using: 0 TPU cores
HPU available: False, using: 0 HPUs
LOCAL_RANK: 0 - CUDA_VISIBLE_DEVICES: [0,1]
SLURM auto-requeueing enabled. Setting signal handlers.
Monitored metric train_loss did not improve in the last 110 records. Best score: 0.049. Signaling Trainer to stop.
GPU available: True (cuda), used: True
TPU available: False, using: 0 TPU cores
HPU available: False, using: 0 HPUs
LOCAL_RANK: 0 - CUDA_VISIBLE_DEVICES: [0,1]
SLURM auto-requeueing enabled. Setting signal handlers.
[I 2024-11-11 19:39:02,285] Trial 54 finished with value: 0.3204321563243866 and parameters: {'hidden_dim': 170, 'n_layers': 6, 'dropout': 0.01287963260586078, 'input_chunk_length': 54, 'learning_rate': 0.00143416584733843, 'batch_size': 64}. Best is trial 1 with value: 0.11272724717855453.
GPU available: True (cuda), used: True
TPU available: False, using: 0 TPU cores
HPU available: False, using: 0 HPUs
LOCAL_RANK: 0 - CUDA_VISIBLE_DEVICES: [0,1]
SLURM auto-requeueing enabled. Setting signal handlers.
Monitored metric train_loss did not improve in the last 111 records. Best score: 0.049. Signaling Trainer to stop.
GPU available: True (cuda), used: True
TPU available: False, using: 0 TPU cores
HPU available: False, using: 0 HPUs
LOCAL_RANK: 0 - CUDA_VISIBLE_DEVICES: [0,1]
SLURM auto-requeueing enabled. Setting signal handlers.
[I 2024-11-11 19:39:36,297] Trial 55 finished with value: 0.3446812331676483 and parameters: {'hidden_dim': 202, 'n_layers': 3, 'dropout': 0.0985572230880506, 'input_chunk_length': 150, 'learning_rate': 1.654466482580416e-05, 'batch_size': 64}. Best is trial 1 with value: 0.11272724717855453.
GPU available: True (cuda), used: True
TPU available: False, using: 0 TPU cores
HPU available: False, using: 0 HPUs
LOCAL_RANK: 0 - CUDA_VISIBLE_DEVICES: [0,1]
SLURM auto-requeueing enabled. Setting signal handlers.
Monitored metric train_loss did not improve in the last 112 records. Best score: 0.049. Signaling Trainer to stop.
GPU available: True (cuda), used: True
TPU available: False, using: 0 TPU cores
HPU available: False, using: 0 HPUs
LOCAL_RANK: 0 - CUDA_VISIBLE_DEVICES: [0,1]
SLURM auto-requeueing enabled. Setting signal handlers.
[I 2024-11-11 19:39:58,594] Trial 56 finished with value: 0.29978400468826294 and parameters: {'hidden_dim': 330, 'n_layers': 2, 'dropout': 0.16438210973664838, 'input_chunk_length': 19, 'learning_rate': 0.0003756428475202509, 'batch_size': 32}. Best is trial 1 with value: 0.11272724717855453.
GPU available: True (cuda), used: True
TPU available: False, using: 0 TPU cores
HPU available: False, using: 0 HPUs
LOCAL_RANK: 0 - CUDA_VISIBLE_DEVICES: [0,1]
SLURM auto-requeueing enabled. Setting signal handlers.
Monitored metric train_loss did not improve in the last 113 records. Best score: 0.049. Signaling Trainer to stop.
GPU available: True (cuda), used: True
TPU available: False, using: 0 TPU cores
HPU available: False, using: 0 HPUs
LOCAL_RANK: 0 - CUDA_VISIBLE_DEVICES: [0,1]
SLURM auto-requeueing enabled. Setting signal handlers.
[I 2024-11-11 19:40:20,946] Trial 57 finished with value: 0.2824280261993408 and parameters: {'hidden_dim': 244, 'n_layers': 1, 'dropout': 0.14030364157677833, 'input_chunk_length': 71, 'learning_rate': 0.0006006815775138948, 'batch_size': 64}. Best is trial 1 with value: 0.11272724717855453.
GPU available: True (cuda), used: True
TPU available: False, using: 0 TPU cores
HPU available: False, using: 0 HPUs
LOCAL_RANK: 0 - CUDA_VISIBLE_DEVICES: [0,1]
SLURM auto-requeueing enabled. Setting signal handlers.
Monitored metric train_loss did not improve in the last 114 records. Best score: 0.049. Signaling Trainer to stop.
GPU available: True (cuda), used: True
TPU available: False, using: 0 TPU cores
HPU available: False, using: 0 HPUs
LOCAL_RANK: 0 - CUDA_VISIBLE_DEVICES: [0,1]
SLURM auto-requeueing enabled. Setting signal handlers.
[I 2024-11-11 19:40:42,846] Trial 58 finished with value: 0.3116227984428406 and parameters: {'hidden_dim': 125, 'n_layers': 5, 'dropout': 0.11926472826584787, 'input_chunk_length': 28, 'learning_rate': 0.0022668578930040537, 'batch_size': 32}. Best is trial 1 with value: 0.11272724717855453.
GPU available: True (cuda), used: True
TPU available: False, using: 0 TPU cores
HPU available: False, using: 0 HPUs
LOCAL_RANK: 0 - CUDA_VISIBLE_DEVICES: [0,1]
SLURM auto-requeueing enabled. Setting signal handlers.
Monitored metric train_loss did not improve in the last 115 records. Best score: 0.049. Signaling Trainer to stop.
GPU available: True (cuda), used: True
TPU available: False, using: 0 TPU cores
HPU available: False, using: 0 HPUs
LOCAL_RANK: 0 - CUDA_VISIBLE_DEVICES: [0,1]
SLURM auto-requeueing enabled. Setting signal handlers.
[I 2024-11-11 19:41:03,938] Trial 59 finished with value: 0.3490726053714752 and parameters: {'hidden_dim': 356, 'n_layers': 4, 'dropout': 0.08114000674271687, 'input_chunk_length': 36, 'learning_rate': 0.0002810395545883483, 'batch_size': 64}. Best is trial 1 with value: 0.11272724717855453.
GPU available: True (cuda), used: True
TPU available: False, using: 0 TPU cores
HPU available: False, using: 0 HPUs
LOCAL_RANK: 0 - CUDA_VISIBLE_DEVICES: [0,1]
SLURM auto-requeueing enabled. Setting signal handlers.
Monitored metric train_loss did not improve in the last 116 records. Best score: 0.049. Signaling Trainer to stop.
GPU available: True (cuda), used: True
TPU available: False, using: 0 TPU cores
HPU available: False, using: 0 HPUs
LOCAL_RANK: 0 - CUDA_VISIBLE_DEVICES: [0,1]
SLURM auto-requeueing enabled. Setting signal handlers.
[I 2024-11-11 19:41:29,654] Trial 60 finished with value: 0.2970120310783386 and parameters: {'hidden_dim': 217, 'n_layers': 5, 'dropout': 0.2879779166204042, 'input_chunk_length': 62, 'learning_rate': 0.00020319356538618373, 'batch_size': 32}. Best is trial 1 with value: 0.11272724717855453.
GPU available: True (cuda), used: True
TPU available: False, using: 0 TPU cores
HPU available: False, using: 0 HPUs
LOCAL_RANK: 0 - CUDA_VISIBLE_DEVICES: [0,1]
SLURM auto-requeueing enabled. Setting signal handlers.
Monitored metric train_loss did not improve in the last 117 records. Best score: 0.049. Signaling Trainer to stop.
GPU available: True (cuda), used: True
TPU available: False, using: 0 TPU cores
HPU available: False, using: 0 HPUs
LOCAL_RANK: 0 - CUDA_VISIBLE_DEVICES: [0,1]
SLURM auto-requeueing enabled. Setting signal handlers.
[I 2024-11-11 19:41:53,471] Trial 61 finished with value: 0.28906553983688354 and parameters: {'hidden_dim': 338, 'n_layers': 3, 'dropout': 0.05324872501055476, 'input_chunk_length': 39, 'learning_rate': 0.00013842463505405294, 'batch_size': 32}. Best is trial 1 with value: 0.11272724717855453.
GPU available: True (cuda), used: True
TPU available: False, using: 0 TPU cores
HPU available: False, using: 0 HPUs
LOCAL_RANK: 0 - CUDA_VISIBLE_DEVICES: [0,1]
SLURM auto-requeueing enabled. Setting signal handlers.
Monitored metric train_loss did not improve in the last 118 records. Best score: 0.049. Signaling Trainer to stop.
GPU available: True (cuda), used: True
TPU available: False, using: 0 TPU cores
HPU available: False, using: 0 HPUs
LOCAL_RANK: 0 - CUDA_VISIBLE_DEVICES: [0,1]
SLURM auto-requeueing enabled. Setting signal handlers.
[I 2024-11-11 19:42:17,250] Trial 62 finished with value: 0.2792275846004486 and parameters: {'hidden_dim': 291, 'n_layers': 2, 'dropout': 0.05427033930442615, 'input_chunk_length': 52, 'learning_rate': 0.00047512470366983567, 'batch_size': 32}. Best is trial 1 with value: 0.11272724717855453.
GPU available: True (cuda), used: True
TPU available: False, using: 0 TPU cores
HPU available: False, using: 0 HPUs
LOCAL_RANK: 0 - CUDA_VISIBLE_DEVICES: [0,1]
SLURM auto-requeueing enabled. Setting signal handlers.
Monitored metric train_loss did not improve in the last 119 records. Best score: 0.049. Signaling Trainer to stop.
GPU available: True (cuda), used: True
TPU available: False, using: 0 TPU cores
HPU available: False, using: 0 HPUs
LOCAL_RANK: 0 - CUDA_VISIBLE_DEVICES: [0,1]
SLURM auto-requeueing enabled. Setting signal handlers.
[I 2024-11-11 19:42:40,535] Trial 63 finished with value: 0.3027287423610687 and parameters: {'hidden_dim': 264, 'n_layers': 3, 'dropout': 0.10149308381914601, 'input_chunk_length': 45, 'learning_rate': 0.0012631326749760008, 'batch_size': 32}. Best is trial 1 with value: 0.11272724717855453.
GPU available: True (cuda), used: True
TPU available: False, using: 0 TPU cores
HPU available: False, using: 0 HPUs
LOCAL_RANK: 0 - CUDA_VISIBLE_DEVICES: [0,1]
SLURM auto-requeueing enabled. Setting signal handlers.
Monitored metric train_loss did not improve in the last 120 records. Best score: 0.049. Signaling Trainer to stop.
GPU available: True (cuda), used: True
TPU available: False, using: 0 TPU cores
HPU available: False, using: 0 HPUs
LOCAL_RANK: 0 - CUDA_VISIBLE_DEVICES: [0,1]
SLURM auto-requeueing enabled. Setting signal handlers.
[I 2024-11-11 19:43:02,391] Trial 64 finished with value: 0.2986540198326111 and parameters: {'hidden_dim': 157, 'n_layers': 3, 'dropout': 0.4994035035033141, 'input_chunk_length': 22, 'learning_rate': 0.0003170213533742474, 'batch_size': 32}. Best is trial 1 with value: 0.11272724717855453.
GPU available: True (cuda), used: True
TPU available: False, using: 0 TPU cores
HPU available: False, using: 0 HPUs
LOCAL_RANK: 0 - CUDA_VISIBLE_DEVICES: [0,1]
SLURM auto-requeueing enabled. Setting signal handlers.
Monitored metric train_loss did not improve in the last 121 records. Best score: 0.049. Signaling Trainer to stop.
GPU available: True (cuda), used: True
TPU available: False, using: 0 TPU cores
HPU available: False, using: 0 HPUs
LOCAL_RANK: 0 - CUDA_VISIBLE_DEVICES: [0,1]
SLURM auto-requeueing enabled. Setting signal handlers.
[I 2024-11-11 19:43:24,801] Trial 65 finished with value: 0.278868705034256 and parameters: {'hidden_dim': 320, 'n_layers': 4, 'dropout': 0.02572261479359584, 'input_chunk_length': 15, 'learning_rate': 0.00010535113477319178, 'batch_size': 32}. Best is trial 1 with value: 0.11272724717855453.
GPU available: True (cuda), used: True
TPU available: False, using: 0 TPU cores
HPU available: False, using: 0 HPUs
LOCAL_RANK: 0 - CUDA_VISIBLE_DEVICES: [0,1]
SLURM auto-requeueing enabled. Setting signal handlers.
Monitored metric train_loss did not improve in the last 122 records. Best score: 0.049. Signaling Trainer to stop.
GPU available: True (cuda), used: True
TPU available: False, using: 0 TPU cores
HPU available: False, using: 0 HPUs
LOCAL_RANK: 0 - CUDA_VISIBLE_DEVICES: [0,1]
SLURM auto-requeueing enabled. Setting signal handlers.
[I 2024-11-11 19:43:47,719] Trial 66 finished with value: 0.30323484539985657 and parameters: {'hidden_dim': 348, 'n_layers': 6, 'dropout': 0.2123133211141381, 'input_chunk_length': 10, 'learning_rate': 6.922835005427968e-05, 'batch_size': 32}. Best is trial 1 with value: 0.11272724717855453.
GPU available: True (cuda), used: True
TPU available: False, using: 0 TPU cores
HPU available: False, using: 0 HPUs
LOCAL_RANK: 0 - CUDA_VISIBLE_DEVICES: [0,1]
SLURM auto-requeueing enabled. Setting signal handlers.
Monitored metric train_loss did not improve in the last 123 records. Best score: 0.049. Signaling Trainer to stop.
GPU available: True (cuda), used: True
TPU available: False, using: 0 TPU cores
HPU available: False, using: 0 HPUs
LOCAL_RANK: 0 - CUDA_VISIBLE_DEVICES: [0,1]
SLURM auto-requeueing enabled. Setting signal handlers.
[I 2024-11-11 19:44:15,735] Trial 67 finished with value: 0.2966634929180145 and parameters: {'hidden_dim': 189, 'n_layers': 2, 'dropout': 0.11553732606675565, 'input_chunk_length': 114, 'learning_rate': 0.00023094828458004234, 'batch_size': 32}. Best is trial 1 with value: 0.11272724717855453.
GPU available: True (cuda), used: True
TPU available: False, using: 0 TPU cores
HPU available: False, using: 0 HPUs
LOCAL_RANK: 0 - CUDA_VISIBLE_DEVICES: [0,1]
SLURM auto-requeueing enabled. Setting signal handlers.
Monitored metric train_loss did not improve in the last 124 records. Best score: 0.049. Signaling Trainer to stop.
GPU available: True (cuda), used: True
TPU available: False, using: 0 TPU cores
HPU available: False, using: 0 HPUs
LOCAL_RANK: 0 - CUDA_VISIBLE_DEVICES: [0,1]
SLURM auto-requeueing enabled. Setting signal handlers.
[I 2024-11-11 19:44:45,978] Trial 68 finished with value: 0.3042753338813782 and parameters: {'hidden_dim': 417, 'n_layers': 3, 'dropout': 0.34770758519620704, 'input_chunk_length': 78, 'learning_rate': 0.0007223757066920762, 'batch_size': 64}. Best is trial 1 with value: 0.11272724717855453.
GPU available: True (cuda), used: True
TPU available: False, using: 0 TPU cores
HPU available: False, using: 0 HPUs
LOCAL_RANK: 0 - CUDA_VISIBLE_DEVICES: [0,1]
SLURM auto-requeueing enabled. Setting signal handlers.
Monitored metric train_loss did not improve in the last 125 records. Best score: 0.049. Signaling Trainer to stop.
GPU available: True (cuda), used: True
TPU available: False, using: 0 TPU cores
HPU available: False, using: 0 HPUs
LOCAL_RANK: 0 - CUDA_VISIBLE_DEVICES: [0,1]
SLURM auto-requeueing enabled. Setting signal handlers.
[I 2024-11-11 19:45:14,952] Trial 69 finished with value: 0.2817978858947754 and parameters: {'hidden_dim': 380, 'n_layers': 5, 'dropout': 0.31141130118713667, 'input_chunk_length': 62, 'learning_rate': 0.00015757292969652593, 'batch_size': 32}. Best is trial 1 with value: 0.11272724717855453.
GPU available: True (cuda), used: True
TPU available: False, using: 0 TPU cores
HPU available: False, using: 0 HPUs
LOCAL_RANK: 0 - CUDA_VISIBLE_DEVICES: [0,1]
SLURM auto-requeueing enabled. Setting signal handlers.
Monitored metric train_loss did not improve in the last 126 records. Best score: 0.049. Signaling Trainer to stop.
GPU available: True (cuda), used: True
TPU available: False, using: 0 TPU cores
HPU available: False, using: 0 HPUs
LOCAL_RANK: 0 - CUDA_VISIBLE_DEVICES: [0,1]
SLURM auto-requeueing enabled. Setting signal handlers.
[I 2024-11-11 19:45:34,249] Trial 70 finished with value: 0.29106977581977844 and parameters: {'hidden_dim': 236, 'n_layers': 4, 'dropout': 0.1456848734751048, 'input_chunk_length': 29, 'learning_rate': 0.0016572152185105199, 'batch_size': 64}. Best is trial 1 with value: 0.11272724717855453.
GPU available: True (cuda), used: True
TPU available: False, using: 0 TPU cores
HPU available: False, using: 0 HPUs
LOCAL_RANK: 0 - CUDA_VISIBLE_DEVICES: [0,1]
SLURM auto-requeueing enabled. Setting signal handlers.
Monitored metric train_loss did not improve in the last 127 records. Best score: 0.049. Signaling Trainer to stop.
GPU available: True (cuda), used: True
TPU available: False, using: 0 TPU cores
HPU available: False, using: 0 HPUs
LOCAL_RANK: 0 - CUDA_VISIBLE_DEVICES: [0,1]
SLURM auto-requeueing enabled. Setting signal handlers.
[I 2024-11-11 19:46:00,697] Trial 71 finished with value: 0.2933042049407959 and parameters: {'hidden_dim': 284, 'n_layers': 4, 'dropout': 0.21778957679042657, 'input_chunk_length': 70, 'learning_rate': 0.00034292416377292137, 'batch_size': 32}. Best is trial 1 with value: 0.11272724717855453.
GPU available: True (cuda), used: True
TPU available: False, using: 0 TPU cores
HPU available: False, using: 0 HPUs
LOCAL_RANK: 0 - CUDA_VISIBLE_DEVICES: [0,1]
SLURM auto-requeueing enabled. Setting signal handlers.
Monitored metric train_loss did not improve in the last 128 records. Best score: 0.049. Signaling Trainer to stop.
GPU available: True (cuda), used: True
TPU available: False, using: 0 TPU cores
HPU available: False, using: 0 HPUs
LOCAL_RANK: 0 - CUDA_VISIBLE_DEVICES: [0,1]
SLURM auto-requeueing enabled. Setting signal handlers.
[I 2024-11-11 19:46:25,391] Trial 72 finished with value: 0.31578466296195984 and parameters: {'hidden_dim': 275, 'n_layers': 4, 'dropout': 0.17582130805896845, 'input_chunk_length': 50, 'learning_rate': 0.000466703950752864, 'batch_size': 32}. Best is trial 1 with value: 0.11272724717855453.
GPU available: True (cuda), used: True
TPU available: False, using: 0 TPU cores
HPU available: False, using: 0 HPUs
LOCAL_RANK: 0 - CUDA_VISIBLE_DEVICES: [0,1]
SLURM auto-requeueing enabled. Setting signal handlers.
Monitored metric train_loss did not improve in the last 129 records. Best score: 0.049. Signaling Trainer to stop.
GPU available: True (cuda), used: True
TPU available: False, using: 0 TPU cores
HPU available: False, using: 0 HPUs
LOCAL_RANK: 0 - CUDA_VISIBLE_DEVICES: [0,1]
SLURM auto-requeueing enabled. Setting signal handlers.
[I 2024-11-11 19:46:50,735] Trial 73 finished with value: 0.31127819418907166 and parameters: {'hidden_dim': 303, 'n_layers': 3, 'dropout': 0.2428904518539629, 'input_chunk_length': 57, 'learning_rate': 0.0009089588690154277, 'batch_size': 32}. Best is trial 1 with value: 0.11272724717855453.
GPU available: True (cuda), used: True
TPU available: False, using: 0 TPU cores
HPU available: False, using: 0 HPUs
LOCAL_RANK: 0 - CUDA_VISIBLE_DEVICES: [0,1]
SLURM auto-requeueing enabled. Setting signal handlers.
Monitored metric train_loss did not improve in the last 130 records. Best score: 0.049. Signaling Trainer to stop.
GPU available: True (cuda), used: True
TPU available: False, using: 0 TPU cores
HPU available: False, using: 0 HPUs
LOCAL_RANK: 0 - CUDA_VISIBLE_DEVICES: [0,1]
SLURM auto-requeueing enabled. Setting signal handlers.
[I 2024-11-11 19:47:15,226] Trial 74 finished with value: 0.3060573935508728 and parameters: {'hidden_dim': 319, 'n_layers': 4, 'dropout': 0.15886847418695535, 'input_chunk_length': 44, 'learning_rate': 0.00024881822055672673, 'batch_size': 32}. Best is trial 1 with value: 0.11272724717855453.
GPU available: True (cuda), used: True
TPU available: False, using: 0 TPU cores
HPU available: False, using: 0 HPUs
LOCAL_RANK: 0 - CUDA_VISIBLE_DEVICES: [0,1]
SLURM auto-requeueing enabled. Setting signal handlers.
Monitored metric train_loss did not improve in the last 131 records. Best score: 0.049. Signaling Trainer to stop.
GPU available: True (cuda), used: True
TPU available: False, using: 0 TPU cores
HPU available: False, using: 0 HPUs
LOCAL_RANK: 0 - CUDA_VISIBLE_DEVICES: [0,1]
SLURM auto-requeueing enabled. Setting signal handlers.
[I 2024-11-11 19:47:46,530] Trial 75 finished with value: 0.29657411575317383 and parameters: {'hidden_dim': 266, 'n_layers': 6, 'dropout': 0.26732226570815415, 'input_chunk_length': 85, 'learning_rate': 0.0011447490540757133, 'batch_size': 32}. Best is trial 1 with value: 0.11272724717855453.
GPU available: True (cuda), used: True
TPU available: False, using: 0 TPU cores
HPU available: False, using: 0 HPUs
LOCAL_RANK: 0 - CUDA_VISIBLE_DEVICES: [0,1]
SLURM auto-requeueing enabled. Setting signal handlers.
Monitored metric train_loss did not improve in the last 132 records. Best score: 0.049. Signaling Trainer to stop.
GPU available: True (cuda), used: True
TPU available: False, using: 0 TPU cores
HPU available: False, using: 0 HPUs
LOCAL_RANK: 0 - CUDA_VISIBLE_DEVICES: [0,1]
SLURM auto-requeueing enabled. Setting signal handlers.
