[I 2024-11-03 17:27:55,579] Trial 270 finished with value: 0.4730142652988434 and parameters: {'hidden_dim': 414, 'n_layers': 5, 'dropout': 0.33480666635842143, 'input_chunk_length': 16, 'learning_rate': 0.0004113637423223597, 'batch_size': 32}. Best is trial 1 with value: 0.10052365064620972.
GPU available: True (cuda), used: True
TPU available: False, using: 0 TPU cores
HPU available: False, using: 0 HPUs
LOCAL_RANK: 0 - CUDA_VISIBLE_DEVICES: [0,1,2,3]
SLURM auto-requeueing enabled. Setting signal handlers.
Monitored metric train_loss did not improve in the last 329 records. Best score: 0.042. Signaling Trainer to stop.
GPU available: True (cuda), used: True
TPU available: False, using: 0 TPU cores
HPU available: False, using: 0 HPUs
LOCAL_RANK: 0 - CUDA_VISIBLE_DEVICES: [0,1,2,3]
SLURM auto-requeueing enabled. Setting signal handlers.
[I 2024-11-03 17:28:11,136] Trial 271 finished with value: 0.33476635813713074 and parameters: {'hidden_dim': 264, 'n_layers': 4, 'dropout': 0.12244060560944625, 'input_chunk_length': 20, 'learning_rate': 0.0013245267790228297, 'batch_size': 32}. Best is trial 1 with value: 0.10052365064620972.
GPU available: True (cuda), used: True
TPU available: False, using: 0 TPU cores
HPU available: False, using: 0 HPUs
LOCAL_RANK: 0 - CUDA_VISIBLE_DEVICES: [0,1,2,3]
SLURM auto-requeueing enabled. Setting signal handlers.
Monitored metric train_loss did not improve in the last 330 records. Best score: 0.042. Signaling Trainer to stop.
GPU available: True (cuda), used: True
TPU available: False, using: 0 TPU cores
HPU available: False, using: 0 HPUs
LOCAL_RANK: 0 - CUDA_VISIBLE_DEVICES: [0,1,2,3]
SLURM auto-requeueing enabled. Setting signal handlers.
[I 2024-11-03 17:28:26,736] Trial 272 finished with value: 0.3535754382610321 and parameters: {'hidden_dim': 97, 'n_layers': 6, 'dropout': 0.07508190996538622, 'input_chunk_length': 133, 'learning_rate': 0.006188662306788516, 'batch_size': 32}. Best is trial 1 with value: 0.10052365064620972.
GPU available: True (cuda), used: True
TPU available: False, using: 0 TPU cores
HPU available: False, using: 0 HPUs
LOCAL_RANK: 0 - CUDA_VISIBLE_DEVICES: [0,1,2,3]
SLURM auto-requeueing enabled. Setting signal handlers.
Monitored metric train_loss did not improve in the last 331 records. Best score: 0.042. Signaling Trainer to stop.
GPU available: True (cuda), used: True
TPU available: False, using: 0 TPU cores
HPU available: False, using: 0 HPUs
LOCAL_RANK: 0 - CUDA_VISIBLE_DEVICES: [0,1,2,3]
SLURM auto-requeueing enabled. Setting signal handlers.
[I 2024-11-03 17:28:40,161] Trial 273 finished with value: 0.3802180588245392 and parameters: {'hidden_dim': 106, 'n_layers': 4, 'dropout': 0.3524756928688467, 'input_chunk_length': 26, 'learning_rate': 0.0031915573555981514, 'batch_size': 64}. Best is trial 1 with value: 0.10052365064620972.
GPU available: True (cuda), used: True
TPU available: False, using: 0 TPU cores
HPU available: False, using: 0 HPUs
LOCAL_RANK: 0 - CUDA_VISIBLE_DEVICES: [0,1,2,3]
SLURM auto-requeueing enabled. Setting signal handlers.
Monitored metric train_loss did not improve in the last 332 records. Best score: 0.042. Signaling Trainer to stop.
GPU available: True (cuda), used: True
TPU available: False, using: 0 TPU cores
HPU available: False, using: 0 HPUs
LOCAL_RANK: 0 - CUDA_VISIBLE_DEVICES: [0,1,2,3]
SLURM auto-requeueing enabled. Setting signal handlers.
[I 2024-11-03 17:28:54,774] Trial 274 finished with value: 0.4514625668525696 and parameters: {'hidden_dim': 79, 'n_layers': 5, 'dropout': 0.39391319014864895, 'input_chunk_length': 13, 'learning_rate': 2.284404645639529e-05, 'batch_size': 32}. Best is trial 1 with value: 0.10052365064620972.
GPU available: True (cuda), used: True
TPU available: False, using: 0 TPU cores
HPU available: False, using: 0 HPUs
LOCAL_RANK: 0 - CUDA_VISIBLE_DEVICES: [0,1,2,3]
SLURM auto-requeueing enabled. Setting signal handlers.
Monitored metric train_loss did not improve in the last 333 records. Best score: 0.042. Signaling Trainer to stop.
GPU available: True (cuda), used: True
TPU available: False, using: 0 TPU cores
HPU available: False, using: 0 HPUs
LOCAL_RANK: 0 - CUDA_VISIBLE_DEVICES: [0,1,2,3]
SLURM auto-requeueing enabled. Setting signal handlers.
[I 2024-11-03 17:29:11,345] Trial 275 finished with value: 2.6085333824157715 and parameters: {'hidden_dim': 510, 'n_layers': 6, 'dropout': 0.377625974665294, 'input_chunk_length': 18, 'learning_rate': 0.008208724320203836, 'batch_size': 32}. Best is trial 1 with value: 0.10052365064620972.
GPU available: True (cuda), used: True
TPU available: False, using: 0 TPU cores
HPU available: False, using: 0 HPUs
LOCAL_RANK: 0 - CUDA_VISIBLE_DEVICES: [0,1,2,3]
SLURM auto-requeueing enabled. Setting signal handlers.
Monitored metric train_loss did not improve in the last 334 records. Best score: 0.042. Signaling Trainer to stop.
GPU available: True (cuda), used: True
TPU available: False, using: 0 TPU cores
HPU available: False, using: 0 HPUs
LOCAL_RANK: 0 - CUDA_VISIBLE_DEVICES: [0,1,2,3]
SLURM auto-requeueing enabled. Setting signal handlers.
[I 2024-11-03 17:29:26,893] Trial 276 finished with value: 0.391290545463562 and parameters: {'hidden_dim': 87, 'n_layers': 5, 'dropout': 0.36730237253484266, 'input_chunk_length': 150, 'learning_rate': 0.0017735901506809322, 'batch_size': 32}. Best is trial 1 with value: 0.10052365064620972.
GPU available: True (cuda), used: True
TPU available: False, using: 0 TPU cores
HPU available: False, using: 0 HPUs
LOCAL_RANK: 0 - CUDA_VISIBLE_DEVICES: [0,1,2,3]
SLURM auto-requeueing enabled. Setting signal handlers.
Monitored metric train_loss did not improve in the last 335 records. Best score: 0.042. Signaling Trainer to stop.
GPU available: True (cuda), used: True
TPU available: False, using: 0 TPU cores
HPU available: False, using: 0 HPUs
LOCAL_RANK: 0 - CUDA_VISIBLE_DEVICES: [0,1,2,3]
SLURM auto-requeueing enabled. Setting signal handlers.
[I 2024-11-03 17:29:41,383] Trial 277 finished with value: 0.5064125657081604 and parameters: {'hidden_dim': 68, 'n_layers': 4, 'dropout': 0.021514558869675404, 'input_chunk_length': 64, 'learning_rate': 0.005516458816203205, 'batch_size': 32}. Best is trial 1 with value: 0.10052365064620972.
GPU available: True (cuda), used: True
TPU available: False, using: 0 TPU cores
HPU available: False, using: 0 HPUs
LOCAL_RANK: 0 - CUDA_VISIBLE_DEVICES: [0,1,2,3]
SLURM auto-requeueing enabled. Setting signal handlers.
Monitored metric train_loss did not improve in the last 336 records. Best score: 0.042. Signaling Trainer to stop.
GPU available: True (cuda), used: True
TPU available: False, using: 0 TPU cores
HPU available: False, using: 0 HPUs
LOCAL_RANK: 0 - CUDA_VISIBLE_DEVICES: [0,1,2,3]
SLURM auto-requeueing enabled. Setting signal handlers.
[I 2024-11-03 17:29:56,166] Trial 278 finished with value: 0.3198602795600891 and parameters: {'hidden_dim': 134, 'n_layers': 5, 'dropout': 0.09473284258468354, 'input_chunk_length': 24, 'learning_rate': 0.0015109556144795738, 'batch_size': 32}. Best is trial 1 with value: 0.10052365064620972.
GPU available: True (cuda), used: True
TPU available: False, using: 0 TPU cores
HPU available: False, using: 0 HPUs
LOCAL_RANK: 0 - CUDA_VISIBLE_DEVICES: [0,1,2,3]
SLURM auto-requeueing enabled. Setting signal handlers.
Monitored metric train_loss did not improve in the last 337 records. Best score: 0.042. Signaling Trainer to stop.
GPU available: True (cuda), used: True
TPU available: False, using: 0 TPU cores
HPU available: False, using: 0 HPUs
LOCAL_RANK: 0 - CUDA_VISIBLE_DEVICES: [0,1,2,3]
SLURM auto-requeueing enabled. Setting signal handlers.
[I 2024-11-03 17:30:17,394] Trial 279 finished with value: 0.35409414768218994 and parameters: {'hidden_dim': 455, 'n_layers': 4, 'dropout': 0.1480256874606633, 'input_chunk_length': 85, 'learning_rate': 0.0011109030252103524, 'batch_size': 32}. Best is trial 1 with value: 0.10052365064620972.
GPU available: True (cuda), used: True
TPU available: False, using: 0 TPU cores
HPU available: False, using: 0 HPUs
LOCAL_RANK: 0 - CUDA_VISIBLE_DEVICES: [0,1,2,3]
SLURM auto-requeueing enabled. Setting signal handlers.
Monitored metric train_loss did not improve in the last 338 records. Best score: 0.042. Signaling Trainer to stop.
GPU available: True (cuda), used: True
TPU available: False, using: 0 TPU cores
HPU available: False, using: 0 HPUs
LOCAL_RANK: 0 - CUDA_VISIBLE_DEVICES: [0,1,2,3]
SLURM auto-requeueing enabled. Setting signal handlers.
[I 2024-11-03 17:30:33,167] Trial 280 finished with value: 1.566537857055664 and parameters: {'hidden_dim': 289, 'n_layers': 6, 'dropout': 0.4043972557261704, 'input_chunk_length': 15, 'learning_rate': 0.009443299693611481, 'batch_size': 32}. Best is trial 1 with value: 0.10052365064620972.
GPU available: True (cuda), used: True
TPU available: False, using: 0 TPU cores
HPU available: False, using: 0 HPUs
LOCAL_RANK: 0 - CUDA_VISIBLE_DEVICES: [0,1,2,3]
SLURM auto-requeueing enabled. Setting signal handlers.
Monitored metric train_loss did not improve in the last 339 records. Best score: 0.042. Signaling Trainer to stop.
GPU available: True (cuda), used: True
TPU available: False, using: 0 TPU cores
HPU available: False, using: 0 HPUs
LOCAL_RANK: 0 - CUDA_VISIBLE_DEVICES: [0,1,2,3]
SLURM auto-requeueing enabled. Setting signal handlers.
[I 2024-11-03 17:30:47,654] Trial 281 finished with value: 0.3441917896270752 and parameters: {'hidden_dim': 120, 'n_layers': 5, 'dropout': 0.3932688198090728, 'input_chunk_length': 20, 'learning_rate': 0.0009390875406114017, 'batch_size': 32}. Best is trial 1 with value: 0.10052365064620972.
GPU available: True (cuda), used: True
TPU available: False, using: 0 TPU cores
HPU available: False, using: 0 HPUs
LOCAL_RANK: 0 - CUDA_VISIBLE_DEVICES: [0,1,2,3]
SLURM auto-requeueing enabled. Setting signal handlers.
Monitored metric train_loss did not improve in the last 340 records. Best score: 0.042. Signaling Trainer to stop.
GPU available: True (cuda), used: True
TPU available: False, using: 0 TPU cores
HPU available: False, using: 0 HPUs
LOCAL_RANK: 0 - CUDA_VISIBLE_DEVICES: [0,1,2,3]
SLURM auto-requeueing enabled. Setting signal handlers.
[I 2024-11-03 17:31:02,919] Trial 282 finished with value: 0.40881216526031494 and parameters: {'hidden_dim': 77, 'n_layers': 4, 'dropout': 0.3845679568074318, 'input_chunk_length': 147, 'learning_rate': 0.00048244131858591667, 'batch_size': 32}. Best is trial 1 with value: 0.10052365064620972.
GPU available: True (cuda), used: True
TPU available: False, using: 0 TPU cores
HPU available: False, using: 0 HPUs
LOCAL_RANK: 0 - CUDA_VISIBLE_DEVICES: [0,1,2,3]
SLURM auto-requeueing enabled. Setting signal handlers.
Monitored metric train_loss did not improve in the last 341 records. Best score: 0.042. Signaling Trainer to stop.
GPU available: True (cuda), used: True
TPU available: False, using: 0 TPU cores
HPU available: False, using: 0 HPUs
LOCAL_RANK: 0 - CUDA_VISIBLE_DEVICES: [0,1,2,3]
SLURM auto-requeueing enabled. Setting signal handlers.
[I 2024-11-03 17:31:17,835] Trial 283 finished with value: 0.3122989535331726 and parameters: {'hidden_dim': 90, 'n_layers': 5, 'dropout': 0.34750720436755345, 'input_chunk_length': 10, 'learning_rate': 0.0036248358641736466, 'batch_size': 32}. Best is trial 1 with value: 0.10052365064620972.
GPU available: True (cuda), used: True
TPU available: False, using: 0 TPU cores
HPU available: False, using: 0 HPUs
LOCAL_RANK: 0 - CUDA_VISIBLE_DEVICES: [0,1,2,3]
SLURM auto-requeueing enabled. Setting signal handlers.
Monitored metric train_loss did not improve in the last 342 records. Best score: 0.042. Signaling Trainer to stop.
GPU available: True (cuda), used: True
TPU available: False, using: 0 TPU cores
HPU available: False, using: 0 HPUs
LOCAL_RANK: 0 - CUDA_VISIBLE_DEVICES: [0,1,2,3]
SLURM auto-requeueing enabled. Setting signal handlers.
[I 2024-11-03 17:31:32,320] Trial 284 finished with value: 0.38518834114074707 and parameters: {'hidden_dim': 92, 'n_layers': 5, 'dropout': 0.3467169045696414, 'input_chunk_length': 10, 'learning_rate': 0.0034929050218760384, 'batch_size': 32}. Best is trial 1 with value: 0.10052365064620972.
GPU available: True (cuda), used: True
TPU available: False, using: 0 TPU cores
HPU available: False, using: 0 HPUs
LOCAL_RANK: 0 - CUDA_VISIBLE_DEVICES: [0,1,2,3]
SLURM auto-requeueing enabled. Setting signal handlers.
Monitored metric train_loss did not improve in the last 343 records. Best score: 0.042. Signaling Trainer to stop.
GPU available: True (cuda), used: True
TPU available: False, using: 0 TPU cores
HPU available: False, using: 0 HPUs
LOCAL_RANK: 0 - CUDA_VISIBLE_DEVICES: [0,1,2,3]
SLURM auto-requeueing enabled. Setting signal handlers.
[I 2024-11-03 17:31:45,641] Trial 285 finished with value: 0.4187603294849396 and parameters: {'hidden_dim': 101, 'n_layers': 3, 'dropout': 0.24178486303007574, 'input_chunk_length': 10, 'learning_rate': 0.0038654768422631907, 'batch_size': 64}. Best is trial 1 with value: 0.10052365064620972.
GPU available: True (cuda), used: True
TPU available: False, using: 0 TPU cores
HPU available: False, using: 0 HPUs
LOCAL_RANK: 0 - CUDA_VISIBLE_DEVICES: [0,1,2,3]
SLURM auto-requeueing enabled. Setting signal handlers.
Monitored metric train_loss did not improve in the last 344 records. Best score: 0.042. Signaling Trainer to stop.
GPU available: True (cuda), used: True
TPU available: False, using: 0 TPU cores
HPU available: False, using: 0 HPUs
LOCAL_RANK: 0 - CUDA_VISIBLE_DEVICES: [0,1,2,3]
SLURM auto-requeueing enabled. Setting signal handlers.
[I 2024-11-03 17:32:00,661] Trial 286 finished with value: 0.3431616425514221 and parameters: {'hidden_dim': 85, 'n_layers': 4, 'dropout': 0.34270504852720873, 'input_chunk_length': 77, 'learning_rate': 0.002648494854329897, 'batch_size': 32}. Best is trial 1 with value: 0.10052365064620972.
GPU available: True (cuda), used: True
TPU available: False, using: 0 TPU cores
HPU available: False, using: 0 HPUs
LOCAL_RANK: 0 - CUDA_VISIBLE_DEVICES: [0,1,2,3]
SLURM auto-requeueing enabled. Setting signal handlers.
Monitored metric train_loss did not improve in the last 345 records. Best score: 0.042. Signaling Trainer to stop.
GPU available: True (cuda), used: True
TPU available: False, using: 0 TPU cores
HPU available: False, using: 0 HPUs
LOCAL_RANK: 0 - CUDA_VISIBLE_DEVICES: [0,1,2,3]
SLURM auto-requeueing enabled. Setting signal handlers.
[I 2024-11-03 17:32:15,240] Trial 287 finished with value: 0.35572418570518494 and parameters: {'hidden_dim': 108, 'n_layers': 5, 'dropout': 0.35568768921562677, 'input_chunk_length': 14, 'learning_rate': 0.004015888912771221, 'batch_size': 32}. Best is trial 1 with value: 0.10052365064620972.
GPU available: True (cuda), used: True
TPU available: False, using: 0 TPU cores
HPU available: False, using: 0 HPUs
LOCAL_RANK: 0 - CUDA_VISIBLE_DEVICES: [0,1,2,3]
SLURM auto-requeueing enabled. Setting signal handlers.
Monitored metric train_loss did not improve in the last 346 records. Best score: 0.042. Signaling Trainer to stop.
GPU available: True (cuda), used: True
TPU available: False, using: 0 TPU cores
HPU available: False, using: 0 HPUs
LOCAL_RANK: 0 - CUDA_VISIBLE_DEVICES: [0,1,2,3]
SLURM auto-requeueing enabled. Setting signal handlers.
[I 2024-11-03 17:32:30,072] Trial 288 finished with value: 0.323360800743103 and parameters: {'hidden_dim': 70, 'n_layers': 6, 'dropout': 0.37274042965944887, 'input_chunk_length': 14, 'learning_rate': 0.003250223132769944, 'batch_size': 32}. Best is trial 1 with value: 0.10052365064620972.
GPU available: True (cuda), used: True
TPU available: False, using: 0 TPU cores
HPU available: False, using: 0 HPUs
LOCAL_RANK: 0 - CUDA_VISIBLE_DEVICES: [0,1,2,3]
SLURM auto-requeueing enabled. Setting signal handlers.
Monitored metric train_loss did not improve in the last 347 records. Best score: 0.042. Signaling Trainer to stop.
GPU available: True (cuda), used: True
TPU available: False, using: 0 TPU cores
HPU available: False, using: 0 HPUs
LOCAL_RANK: 0 - CUDA_VISIBLE_DEVICES: [0,1,2,3]
SLURM auto-requeueing enabled. Setting signal handlers.
[I 2024-11-03 17:32:44,525] Trial 289 finished with value: 0.48254868388175964 and parameters: {'hidden_dim': 80, 'n_layers': 4, 'dropout': 0.32890442835053235, 'input_chunk_length': 17, 'learning_rate': 0.005107801428293112, 'batch_size': 32}. Best is trial 1 with value: 0.10052365064620972.
GPU available: True (cuda), used: True
TPU available: False, using: 0 TPU cores
HPU available: False, using: 0 HPUs
LOCAL_RANK: 0 - CUDA_VISIBLE_DEVICES: [0,1,2,3]
SLURM auto-requeueing enabled. Setting signal handlers.
Monitored metric train_loss did not improve in the last 348 records. Best score: 0.042. Signaling Trainer to stop.
GPU available: True (cuda), used: True
TPU available: False, using: 0 TPU cores
HPU available: False, using: 0 HPUs
LOCAL_RANK: 0 - CUDA_VISIBLE_DEVICES: [0,1,2,3]
SLURM auto-requeueing enabled. Setting signal handlers.
[I 2024-11-03 17:33:00,335] Trial 290 finished with value: 0.438678115606308 and parameters: {'hidden_dim': 123, 'n_layers': 5, 'dropout': 0.11158428691516295, 'input_chunk_length': 123, 'learning_rate': 1.6844279542156126e-05, 'batch_size': 32}. Best is trial 1 with value: 0.10052365064620972.
GPU available: True (cuda), used: True
TPU available: False, using: 0 TPU cores
HPU available: False, using: 0 HPUs
LOCAL_RANK: 0 - CUDA_VISIBLE_DEVICES: [0,1,2,3]
SLURM auto-requeueing enabled. Setting signal handlers.
Monitored metric train_loss did not improve in the last 349 records. Best score: 0.042. Signaling Trainer to stop.
GPU available: True (cuda), used: True
TPU available: False, using: 0 TPU cores
HPU available: False, using: 0 HPUs
LOCAL_RANK: 0 - CUDA_VISIBLE_DEVICES: [0,1,2,3]
SLURM auto-requeueing enabled. Setting signal handlers.
[I 2024-11-03 17:33:15,040] Trial 291 finished with value: 0.3128200173377991 and parameters: {'hidden_dim': 93, 'n_layers': 6, 'dropout': 0.06355767293405513, 'input_chunk_length': 12, 'learning_rate': 0.0022358405689460255, 'batch_size': 32}. Best is trial 1 with value: 0.10052365064620972.
GPU available: True (cuda), used: True
TPU available: False, using: 0 TPU cores
HPU available: False, using: 0 HPUs
LOCAL_RANK: 0 - CUDA_VISIBLE_DEVICES: [0,1,2,3]
SLURM auto-requeueing enabled. Setting signal handlers.
Monitored metric train_loss did not improve in the last 350 records. Best score: 0.042. Signaling Trainer to stop.
GPU available: True (cuda), used: True
TPU available: False, using: 0 TPU cores
HPU available: False, using: 0 HPUs
LOCAL_RANK: 0 - CUDA_VISIBLE_DEVICES: [0,1,2,3]
SLURM auto-requeueing enabled. Setting signal handlers.
[I 2024-11-03 17:33:29,828] Trial 292 finished with value: 0.3517813980579376 and parameters: {'hidden_dim': 71, 'n_layers': 5, 'dropout': 0.40744309145083074, 'input_chunk_length': 41, 'learning_rate': 0.006491377979755399, 'batch_size': 32}. Best is trial 1 with value: 0.10052365064620972.
GPU available: True (cuda), used: True
TPU available: False, using: 0 TPU cores
HPU available: False, using: 0 HPUs
LOCAL_RANK: 0 - CUDA_VISIBLE_DEVICES: [0,1,2,3]
SLURM auto-requeueing enabled. Setting signal handlers.
Monitored metric train_loss did not improve in the last 351 records. Best score: 0.042. Signaling Trainer to stop.
GPU available: True (cuda), used: True
TPU available: False, using: 0 TPU cores
HPU available: False, using: 0 HPUs
LOCAL_RANK: 0 - CUDA_VISIBLE_DEVICES: [0,1,2,3]
SLURM auto-requeueing enabled. Setting signal handlers.
[I 2024-11-03 17:33:45,284] Trial 293 finished with value: 0.30965080857276917 and parameters: {'hidden_dim': 101, 'n_layers': 4, 'dropout': 0.1365130789532759, 'input_chunk_length': 144, 'learning_rate': 0.0003432169939231186, 'batch_size': 32}. Best is trial 1 with value: 0.10052365064620972.
GPU available: True (cuda), used: True
TPU available: False, using: 0 TPU cores
HPU available: False, using: 0 HPUs
LOCAL_RANK: 0 - CUDA_VISIBLE_DEVICES: [0,1,2,3]
SLURM auto-requeueing enabled. Setting signal handlers.
Monitored metric train_loss did not improve in the last 352 records. Best score: 0.042. Signaling Trainer to stop.
GPU available: True (cuda), used: True
TPU available: False, using: 0 TPU cores
HPU available: False, using: 0 HPUs
LOCAL_RANK: 0 - CUDA_VISIBLE_DEVICES: [0,1,2,3]
SLURM auto-requeueing enabled. Setting signal handlers.
[I 2024-11-03 17:34:00,183] Trial 294 finished with value: 0.3752431571483612 and parameters: {'hidden_dim': 87, 'n_layers': 4, 'dropout': 0.3814726520789772, 'input_chunk_length': 12, 'learning_rate': 0.00035525215552009265, 'batch_size': 32}. Best is trial 1 with value: 0.10052365064620972.
GPU available: True (cuda), used: True
TPU available: False, using: 0 TPU cores
HPU available: False, using: 0 HPUs
LOCAL_RANK: 0 - CUDA_VISIBLE_DEVICES: [0,1,2,3]
SLURM auto-requeueing enabled. Setting signal handlers.
Monitored metric train_loss did not improve in the last 353 records. Best score: 0.042. Signaling Trainer to stop.
GPU available: True (cuda), used: True
TPU available: False, using: 0 TPU cores
HPU available: False, using: 0 HPUs
LOCAL_RANK: 0 - CUDA_VISIBLE_DEVICES: [0,1,2,3]
SLURM auto-requeueing enabled. Setting signal handlers.
