[I 2024-11-11 14:25:38,255] Trial 180 finished with value: 0.23391591012477875 and parameters: {'hidden_dim': 179, 'n_layers': 1, 'dropout': 0.1409706563206001, 'input_chunk_length': 107, 'learning_rate': 0.0008341094298301162, 'batch_size': 32}. Best is trial 1 with value: 0.1182749941945076.
GPU available: True (cuda), used: True
TPU available: False, using: 0 TPU cores
HPU available: False, using: 0 HPUs
LOCAL_RANK: 0 - CUDA_VISIBLE_DEVICES: [0]
SLURM auto-requeueing enabled. Setting signal handlers.
Monitored metric train_loss did not improve in the last 236 records. Best score: 0.037. Signaling Trainer to stop.
GPU available: True (cuda), used: True
TPU available: False, using: 0 TPU cores
HPU available: False, using: 0 HPUs
LOCAL_RANK: 0 - CUDA_VISIBLE_DEVICES: [0]
SLURM auto-requeueing enabled. Setting signal handlers.
[I 2024-11-11 14:26:01,325] Trial 181 finished with value: 0.2441621869802475 and parameters: {'hidden_dim': 180, 'n_layers': 1, 'dropout': 0.1408247039140833, 'input_chunk_length': 105, 'learning_rate': 0.0012302061142356387, 'batch_size': 32}. Best is trial 1 with value: 0.1182749941945076.
GPU available: True (cuda), used: True
TPU available: False, using: 0 TPU cores
HPU available: False, using: 0 HPUs
LOCAL_RANK: 0 - CUDA_VISIBLE_DEVICES: [0]
SLURM auto-requeueing enabled. Setting signal handlers.
Monitored metric train_loss did not improve in the last 237 records. Best score: 0.037. Signaling Trainer to stop.
GPU available: True (cuda), used: True
TPU available: False, using: 0 TPU cores
HPU available: False, using: 0 HPUs
LOCAL_RANK: 0 - CUDA_VISIBLE_DEVICES: [0]
SLURM auto-requeueing enabled. Setting signal handlers.
[I 2024-11-11 14:26:25,451] Trial 182 finished with value: 0.30089864134788513 and parameters: {'hidden_dim': 174, 'n_layers': 1, 'dropout': 0.15059780425527133, 'input_chunk_length': 114, 'learning_rate': 0.0010380333492634188, 'batch_size': 32}. Best is trial 1 with value: 0.1182749941945076.
GPU available: True (cuda), used: True
TPU available: False, using: 0 TPU cores
HPU available: False, using: 0 HPUs
LOCAL_RANK: 0 - CUDA_VISIBLE_DEVICES: [0]
SLURM auto-requeueing enabled. Setting signal handlers.
Monitored metric train_loss did not improve in the last 238 records. Best score: 0.037. Signaling Trainer to stop.
GPU available: True (cuda), used: True
TPU available: False, using: 0 TPU cores
HPU available: False, using: 0 HPUs
LOCAL_RANK: 0 - CUDA_VISIBLE_DEVICES: [0]
SLURM auto-requeueing enabled. Setting signal handlers.
[I 2024-11-11 14:26:48,203] Trial 183 finished with value: 0.18740500509738922 and parameters: {'hidden_dim': 159, 'n_layers': 1, 'dropout': 0.112879305547752, 'input_chunk_length': 107, 'learning_rate': 0.0008083896803793196, 'batch_size': 32}. Best is trial 1 with value: 0.1182749941945076.
GPU available: True (cuda), used: True
TPU available: False, using: 0 TPU cores
HPU available: False, using: 0 HPUs
LOCAL_RANK: 0 - CUDA_VISIBLE_DEVICES: [0]
SLURM auto-requeueing enabled. Setting signal handlers.
Monitored metric train_loss did not improve in the last 239 records. Best score: 0.037. Signaling Trainer to stop.
GPU available: True (cuda), used: True
TPU available: False, using: 0 TPU cores
HPU available: False, using: 0 HPUs
LOCAL_RANK: 0 - CUDA_VISIBLE_DEVICES: [0]
SLURM auto-requeueing enabled. Setting signal handlers.
[I 2024-11-11 14:27:10,499] Trial 184 finished with value: 0.2582942545413971 and parameters: {'hidden_dim': 164, 'n_layers': 1, 'dropout': 0.11126421968383748, 'input_chunk_length': 106, 'learning_rate': 0.00082257067649216, 'batch_size': 32}. Best is trial 1 with value: 0.1182749941945076.
GPU available: True (cuda), used: True
TPU available: False, using: 0 TPU cores
HPU available: False, using: 0 HPUs
LOCAL_RANK: 0 - CUDA_VISIBLE_DEVICES: [0]
SLURM auto-requeueing enabled. Setting signal handlers.
Monitored metric train_loss did not improve in the last 240 records. Best score: 0.037. Signaling Trainer to stop.
GPU available: True (cuda), used: True
TPU available: False, using: 0 TPU cores
HPU available: False, using: 0 HPUs
LOCAL_RANK: 0 - CUDA_VISIBLE_DEVICES: [0]
SLURM auto-requeueing enabled. Setting signal handlers.
[I 2024-11-11 14:27:32,765] Trial 185 finished with value: 0.35999661684036255 and parameters: {'hidden_dim': 145, 'n_layers': 1, 'dropout': 0.11953885211395122, 'input_chunk_length': 108, 'learning_rate': 0.0008930140461613773, 'batch_size': 32}. Best is trial 1 with value: 0.1182749941945076.
GPU available: True (cuda), used: True
TPU available: False, using: 0 TPU cores
HPU available: False, using: 0 HPUs
LOCAL_RANK: 0 - CUDA_VISIBLE_DEVICES: [0]
SLURM auto-requeueing enabled. Setting signal handlers.
Monitored metric train_loss did not improve in the last 241 records. Best score: 0.037. Signaling Trainer to stop.
GPU available: True (cuda), used: True
TPU available: False, using: 0 TPU cores
HPU available: False, using: 0 HPUs
LOCAL_RANK: 0 - CUDA_VISIBLE_DEVICES: [0]
SLURM auto-requeueing enabled. Setting signal handlers.
[I 2024-11-11 14:27:55,307] Trial 186 finished with value: 0.2436107099056244 and parameters: {'hidden_dim': 159, 'n_layers': 1, 'dropout': 0.08879999826490832, 'input_chunk_length': 103, 'learning_rate': 0.001269008056197609, 'batch_size': 32}. Best is trial 1 with value: 0.1182749941945076.
GPU available: True (cuda), used: True
TPU available: False, using: 0 TPU cores
HPU available: False, using: 0 HPUs
LOCAL_RANK: 0 - CUDA_VISIBLE_DEVICES: [0]
SLURM auto-requeueing enabled. Setting signal handlers.
Monitored metric train_loss did not improve in the last 242 records. Best score: 0.037. Signaling Trainer to stop.
GPU available: True (cuda), used: True
TPU available: False, using: 0 TPU cores
HPU available: False, using: 0 HPUs
LOCAL_RANK: 0 - CUDA_VISIBLE_DEVICES: [0]
SLURM auto-requeueing enabled. Setting signal handlers.
[I 2024-11-11 14:28:17,876] Trial 187 finished with value: 0.2871380150318146 and parameters: {'hidden_dim': 147, 'n_layers': 1, 'dropout': 0.14145285035707786, 'input_chunk_length': 110, 'learning_rate': 0.0007515272409862808, 'batch_size': 32}. Best is trial 1 with value: 0.1182749941945076.
GPU available: True (cuda), used: True
TPU available: False, using: 0 TPU cores
HPU available: False, using: 0 HPUs
LOCAL_RANK: 0 - CUDA_VISIBLE_DEVICES: [0]
SLURM auto-requeueing enabled. Setting signal handlers.
Monitored metric train_loss did not improve in the last 243 records. Best score: 0.037. Signaling Trainer to stop.
GPU available: True (cuda), used: True
TPU available: False, using: 0 TPU cores
HPU available: False, using: 0 HPUs
LOCAL_RANK: 0 - CUDA_VISIBLE_DEVICES: [0]
SLURM auto-requeueing enabled. Setting signal handlers.
[I 2024-11-11 14:28:40,489] Trial 188 finished with value: 0.2905951738357544 and parameters: {'hidden_dim': 171, 'n_layers': 1, 'dropout': 0.11176380973790871, 'input_chunk_length': 100, 'learning_rate': 0.0016323430019717271, 'batch_size': 32}. Best is trial 1 with value: 0.1182749941945076.
GPU available: True (cuda), used: True
TPU available: False, using: 0 TPU cores
HPU available: False, using: 0 HPUs
LOCAL_RANK: 0 - CUDA_VISIBLE_DEVICES: [0]
SLURM auto-requeueing enabled. Setting signal handlers.
Monitored metric train_loss did not improve in the last 244 records. Best score: 0.037. Signaling Trainer to stop.
GPU available: True (cuda), used: True
TPU available: False, using: 0 TPU cores
HPU available: False, using: 0 HPUs
LOCAL_RANK: 0 - CUDA_VISIBLE_DEVICES: [0]
SLURM auto-requeueing enabled. Setting signal handlers.
[I 2024-11-11 14:29:05,258] Trial 189 finished with value: 0.20174692571163177 and parameters: {'hidden_dim': 194, 'n_layers': 1, 'dropout': 0.20698450149157477, 'input_chunk_length': 106, 'learning_rate': 0.001038645475225699, 'batch_size': 32}. Best is trial 1 with value: 0.1182749941945076.
GPU available: True (cuda), used: True
TPU available: False, using: 0 TPU cores
HPU available: False, using: 0 HPUs
LOCAL_RANK: 0 - CUDA_VISIBLE_DEVICES: [0]
SLURM auto-requeueing enabled. Setting signal handlers.
Monitored metric train_loss did not improve in the last 245 records. Best score: 0.037. Signaling Trainer to stop.
GPU available: True (cuda), used: True
TPU available: False, using: 0 TPU cores
HPU available: False, using: 0 HPUs
LOCAL_RANK: 0 - CUDA_VISIBLE_DEVICES: [0]
SLURM auto-requeueing enabled. Setting signal handlers.
[I 2024-11-11 14:29:25,916] Trial 190 finished with value: 0.2998597025871277 and parameters: {'hidden_dim': 100, 'n_layers': 1, 'dropout': 0.19438583625999029, 'input_chunk_length': 105, 'learning_rate': 0.0010979794119506273, 'batch_size': 32}. Best is trial 1 with value: 0.1182749941945076.
GPU available: True (cuda), used: True
TPU available: False, using: 0 TPU cores
HPU available: False, using: 0 HPUs
LOCAL_RANK: 0 - CUDA_VISIBLE_DEVICES: [0]
SLURM auto-requeueing enabled. Setting signal handlers.
Monitored metric train_loss did not improve in the last 246 records. Best score: 0.037. Signaling Trainer to stop.
GPU available: True (cuda), used: True
TPU available: False, using: 0 TPU cores
HPU available: False, using: 0 HPUs
LOCAL_RANK: 0 - CUDA_VISIBLE_DEVICES: [0]
SLURM auto-requeueing enabled. Setting signal handlers.
[I 2024-11-11 14:29:50,356] Trial 191 finished with value: 0.22264082729816437 and parameters: {'hidden_dim': 179, 'n_layers': 1, 'dropout': 0.1624805343382693, 'input_chunk_length': 112, 'learning_rate': 0.000952001128105318, 'batch_size': 32}. Best is trial 1 with value: 0.1182749941945076.
GPU available: True (cuda), used: True
TPU available: False, using: 0 TPU cores
HPU available: False, using: 0 HPUs
LOCAL_RANK: 0 - CUDA_VISIBLE_DEVICES: [0]
SLURM auto-requeueing enabled. Setting signal handlers.
Monitored metric train_loss did not improve in the last 247 records. Best score: 0.037. Signaling Trainer to stop.
GPU available: True (cuda), used: True
TPU available: False, using: 0 TPU cores
HPU available: False, using: 0 HPUs
LOCAL_RANK: 0 - CUDA_VISIBLE_DEVICES: [0]
SLURM auto-requeueing enabled. Setting signal handlers.
[I 2024-11-11 14:30:14,745] Trial 192 finished with value: 0.31183481216430664 and parameters: {'hidden_dim': 174, 'n_layers': 1, 'dropout': 0.1799344457938118, 'input_chunk_length': 115, 'learning_rate': 0.0009623673776153109, 'batch_size': 32}. Best is trial 1 with value: 0.1182749941945076.
GPU available: True (cuda), used: True
TPU available: False, using: 0 TPU cores
HPU available: False, using: 0 HPUs
LOCAL_RANK: 0 - CUDA_VISIBLE_DEVICES: [0]
SLURM auto-requeueing enabled. Setting signal handlers.
Monitored metric train_loss did not improve in the last 248 records. Best score: 0.037. Signaling Trainer to stop.
GPU available: True (cuda), used: True
TPU available: False, using: 0 TPU cores
HPU available: False, using: 0 HPUs
LOCAL_RANK: 0 - CUDA_VISIBLE_DEVICES: [0]
SLURM auto-requeueing enabled. Setting signal handlers.
[I 2024-11-11 14:30:38,957] Trial 193 finished with value: 0.30616459250450134 and parameters: {'hidden_dim': 192, 'n_layers': 1, 'dropout': 0.16578693511799894, 'input_chunk_length': 112, 'learning_rate': 0.0011632604629278902, 'batch_size': 32}. Best is trial 1 with value: 0.1182749941945076.
GPU available: True (cuda), used: True
TPU available: False, using: 0 TPU cores
HPU available: False, using: 0 HPUs
LOCAL_RANK: 0 - CUDA_VISIBLE_DEVICES: [0]
SLURM auto-requeueing enabled. Setting signal handlers.
Monitored metric train_loss did not improve in the last 249 records. Best score: 0.037. Signaling Trainer to stop.
GPU available: True (cuda), used: True
TPU available: False, using: 0 TPU cores
HPU available: False, using: 0 HPUs
LOCAL_RANK: 0 - CUDA_VISIBLE_DEVICES: [0]
SLURM auto-requeueing enabled. Setting signal handlers.
[I 2024-11-11 14:31:01,594] Trial 194 finished with value: 0.2787472605705261 and parameters: {'hidden_dim': 159, 'n_layers': 1, 'dropout': 0.12648318564599856, 'input_chunk_length': 108, 'learning_rate': 0.0013766894361280915, 'batch_size': 32}. Best is trial 1 with value: 0.1182749941945076.
GPU available: True (cuda), used: True
TPU available: False, using: 0 TPU cores
HPU available: False, using: 0 HPUs
LOCAL_RANK: 0 - CUDA_VISIBLE_DEVICES: [0]
SLURM auto-requeueing enabled. Setting signal handlers.
Monitored metric train_loss did not improve in the last 250 records. Best score: 0.037. Signaling Trainer to stop.
GPU available: True (cuda), used: True
TPU available: False, using: 0 TPU cores
HPU available: False, using: 0 HPUs
LOCAL_RANK: 0 - CUDA_VISIBLE_DEVICES: [0]
SLURM auto-requeueing enabled. Setting signal handlers.
[I 2024-11-11 14:31:34,020] Trial 195 finished with value: 0.3205157518386841 and parameters: {'hidden_dim': 184, 'n_layers': 6, 'dropout': 0.20966798181738125, 'input_chunk_length': 103, 'learning_rate': 0.0008836915470855388, 'batch_size': 32}. Best is trial 1 with value: 0.1182749941945076.
GPU available: True (cuda), used: True
TPU available: False, using: 0 TPU cores
HPU available: False, using: 0 HPUs
LOCAL_RANK: 0 - CUDA_VISIBLE_DEVICES: [0]
SLURM auto-requeueing enabled. Setting signal handlers.
Monitored metric train_loss did not improve in the last 251 records. Best score: 0.037. Signaling Trainer to stop.
GPU available: True (cuda), used: True
TPU available: False, using: 0 TPU cores
HPU available: False, using: 0 HPUs
LOCAL_RANK: 0 - CUDA_VISIBLE_DEVICES: [0]
SLURM auto-requeueing enabled. Setting signal handlers.
[I 2024-11-11 14:31:55,295] Trial 196 finished with value: 0.3030155301094055 and parameters: {'hidden_dim': 115, 'n_layers': 1, 'dropout': 0.16172256385120343, 'input_chunk_length': 106, 'learning_rate': 0.002337224656087144, 'batch_size': 32}. Best is trial 1 with value: 0.1182749941945076.
GPU available: True (cuda), used: True
TPU available: False, using: 0 TPU cores
HPU available: False, using: 0 HPUs
LOCAL_RANK: 0 - CUDA_VISIBLE_DEVICES: [0]
SLURM auto-requeueing enabled. Setting signal handlers.
Monitored metric train_loss did not improve in the last 252 records. Best score: 0.037. Signaling Trainer to stop.
GPU available: True (cuda), used: True
TPU available: False, using: 0 TPU cores
HPU available: False, using: 0 HPUs
LOCAL_RANK: 0 - CUDA_VISIBLE_DEVICES: [0]
SLURM auto-requeueing enabled. Setting signal handlers.
[I 2024-11-11 14:32:23,013] Trial 197 finished with value: 0.17292387783527374 and parameters: {'hidden_dim': 310, 'n_layers': 1, 'dropout': 0.17508874346021672, 'input_chunk_length': 98, 'learning_rate': 0.0010223641837318173, 'batch_size': 32}. Best is trial 1 with value: 0.1182749941945076.
GPU available: True (cuda), used: True
TPU available: False, using: 0 TPU cores
HPU available: False, using: 0 HPUs
LOCAL_RANK: 0 - CUDA_VISIBLE_DEVICES: [0]
SLURM auto-requeueing enabled. Setting signal handlers.
Monitored metric train_loss did not improve in the last 253 records. Best score: 0.037. Signaling Trainer to stop.
GPU available: True (cuda), used: True
TPU available: False, using: 0 TPU cores
HPU available: False, using: 0 HPUs
LOCAL_RANK: 0 - CUDA_VISIBLE_DEVICES: [0]
SLURM auto-requeueing enabled. Setting signal handlers.
[I 2024-11-11 14:32:50,462] Trial 198 finished with value: 0.17010754346847534 and parameters: {'hidden_dim': 294, 'n_layers': 1, 'dropout': 0.18174608984312512, 'input_chunk_length': 97, 'learning_rate': 0.0010282685780818794, 'batch_size': 32}. Best is trial 1 with value: 0.1182749941945076.
GPU available: True (cuda), used: True
TPU available: False, using: 0 TPU cores
HPU available: False, using: 0 HPUs
LOCAL_RANK: 0 - CUDA_VISIBLE_DEVICES: [0]
SLURM auto-requeueing enabled. Setting signal handlers.
Monitored metric train_loss did not improve in the last 254 records. Best score: 0.037. Signaling Trainer to stop.
GPU available: True (cuda), used: True
TPU available: False, using: 0 TPU cores
HPU available: False, using: 0 HPUs
LOCAL_RANK: 0 - CUDA_VISIBLE_DEVICES: [0]
SLURM auto-requeueing enabled. Setting signal handlers.
[I 2024-11-11 14:33:16,966] Trial 199 finished with value: 0.2517551779747009 and parameters: {'hidden_dim': 274, 'n_layers': 1, 'dropout': 0.17745080842453378, 'input_chunk_length': 96, 'learning_rate': 0.0014232846436699445, 'batch_size': 32}. Best is trial 1 with value: 0.1182749941945076.
GPU available: True (cuda), used: True
TPU available: False, using: 0 TPU cores
HPU available: False, using: 0 HPUs
LOCAL_RANK: 0 - CUDA_VISIBLE_DEVICES: [0]
SLURM auto-requeueing enabled. Setting signal handlers.
Monitored metric train_loss did not improve in the last 255 records. Best score: 0.037. Signaling Trainer to stop.
GPU available: True (cuda), used: True
TPU available: False, using: 0 TPU cores
HPU available: False, using: 0 HPUs
LOCAL_RANK: 0 - CUDA_VISIBLE_DEVICES: [0]
SLURM auto-requeueing enabled. Setting signal handlers.
[I 2024-11-11 14:33:44,787] Trial 200 finished with value: 0.3018551468849182 and parameters: {'hidden_dim': 306, 'n_layers': 1, 'dropout': 0.18648777072998568, 'input_chunk_length': 99, 'learning_rate': 0.00106898913674029, 'batch_size': 32}. Best is trial 1 with value: 0.1182749941945076.
GPU available: True (cuda), used: True
TPU available: False, using: 0 TPU cores
HPU available: False, using: 0 HPUs
LOCAL_RANK: 0 - CUDA_VISIBLE_DEVICES: [0]
SLURM auto-requeueing enabled. Setting signal handlers.
Monitored metric train_loss did not improve in the last 256 records. Best score: 0.037. Signaling Trainer to stop.
GPU available: True (cuda), used: True
TPU available: False, using: 0 TPU cores
HPU available: False, using: 0 HPUs
LOCAL_RANK: 0 - CUDA_VISIBLE_DEVICES: [0]
SLURM auto-requeueing enabled. Setting signal handlers.
[I 2024-11-11 14:34:12,791] Trial 201 finished with value: 0.298636257648468 and parameters: {'hidden_dim': 294, 'n_layers': 1, 'dropout': 0.20099448548391458, 'input_chunk_length': 101, 'learning_rate': 0.001203950232057494, 'batch_size': 32}. Best is trial 1 with value: 0.1182749941945076.
GPU available: True (cuda), used: True
TPU available: False, using: 0 TPU cores
HPU available: False, using: 0 HPUs
LOCAL_RANK: 0 - CUDA_VISIBLE_DEVICES: [0]
SLURM auto-requeueing enabled. Setting signal handlers.
Monitored metric train_loss did not improve in the last 257 records. Best score: 0.037. Signaling Trainer to stop.
GPU available: True (cuda), used: True
TPU available: False, using: 0 TPU cores
HPU available: False, using: 0 HPUs
LOCAL_RANK: 0 - CUDA_VISIBLE_DEVICES: [0]
SLURM auto-requeueing enabled. Setting signal handlers.
[I 2024-11-11 14:34:36,208] Trial 202 finished with value: 0.30980759859085083 and parameters: {'hidden_dim': 319, 'n_layers': 1, 'dropout': 0.167048209419084, 'input_chunk_length': 62, 'learning_rate': 0.0009666494510376283, 'batch_size': 32}. Best is trial 1 with value: 0.1182749941945076.
GPU available: True (cuda), used: True
TPU available: False, using: 0 TPU cores
HPU available: False, using: 0 HPUs
LOCAL_RANK: 0 - CUDA_VISIBLE_DEVICES: [0]
SLURM auto-requeueing enabled. Setting signal handlers.
Monitored metric train_loss did not improve in the last 258 records. Best score: 0.037. Signaling Trainer to stop.
GPU available: True (cuda), used: True
TPU available: False, using: 0 TPU cores
HPU available: False, using: 0 HPUs
LOCAL_RANK: 0 - CUDA_VISIBLE_DEVICES: [0]
SLURM auto-requeueing enabled. Setting signal handlers.
[I 2024-11-11 14:35:03,183] Trial 203 finished with value: 0.24940522015094757 and parameters: {'hidden_dim': 285, 'n_layers': 1, 'dropout': 0.22771878983723537, 'input_chunk_length': 97, 'learning_rate': 0.0006730340890860962, 'batch_size': 32}. Best is trial 1 with value: 0.1182749941945076.
GPU available: True (cuda), used: True
TPU available: False, using: 0 TPU cores
HPU available: False, using: 0 HPUs
LOCAL_RANK: 0 - CUDA_VISIBLE_DEVICES: [0]
SLURM auto-requeueing enabled. Setting signal handlers.
Monitored metric train_loss did not improve in the last 259 records. Best score: 0.037. Signaling Trainer to stop.
GPU available: True (cuda), used: True
TPU available: False, using: 0 TPU cores
HPU available: False, using: 0 HPUs
LOCAL_RANK: 0 - CUDA_VISIBLE_DEVICES: [0]
SLURM auto-requeueing enabled. Setting signal handlers.
[I 2024-11-11 14:35:32,746] Trial 204 finished with value: 0.7233224511146545 and parameters: {'hidden_dim': 335, 'n_layers': 1, 'dropout': 0.1034288674814476, 'input_chunk_length': 102, 'learning_rate': 0.007802235888679131, 'batch_size': 32}. Best is trial 1 with value: 0.1182749941945076.
GPU available: True (cuda), used: True
TPU available: False, using: 0 TPU cores
HPU available: False, using: 0 HPUs
LOCAL_RANK: 0 - CUDA_VISIBLE_DEVICES: [0]
SLURM auto-requeueing enabled. Setting signal handlers.
Monitored metric train_loss did not improve in the last 260 records. Best score: 0.037. Signaling Trainer to stop.
GPU available: True (cuda), used: True
TPU available: False, using: 0 TPU cores
HPU available: False, using: 0 HPUs
LOCAL_RANK: 0 - CUDA_VISIBLE_DEVICES: [0]
SLURM auto-requeueing enabled. Setting signal handlers.
[I 2024-11-11 14:36:00,479] Trial 205 finished with value: 0.27938130497932434 and parameters: {'hidden_dim': 305, 'n_layers': 1, 'dropout': 0.17429003092938597, 'input_chunk_length': 98, 'learning_rate': 0.001572034289708068, 'batch_size': 32}. Best is trial 1 with value: 0.1182749941945076.
GPU available: True (cuda), used: True
TPU available: False, using: 0 TPU cores
HPU available: False, using: 0 HPUs
LOCAL_RANK: 0 - CUDA_VISIBLE_DEVICES: [0]
SLURM auto-requeueing enabled. Setting signal handlers.
Monitored metric train_loss did not improve in the last 261 records. Best score: 0.037. Signaling Trainer to stop.
GPU available: True (cuda), used: True
TPU available: False, using: 0 TPU cores
HPU available: False, using: 0 HPUs
LOCAL_RANK: 0 - CUDA_VISIBLE_DEVICES: [0]
SLURM auto-requeueing enabled. Setting signal handlers.
