[I 2024-11-11 23:00:45,256] Trial 258 finished with value: 0.3027080297470093 and parameters: {'hidden_dim': 353, 'n_layers': 1, 'dropout': 0.18594646581009894, 'input_chunk_length': 86, 'learning_rate': 0.0008666460581948905, 'batch_size': 32}. Best is trial 143 with value: 0.16185998916625977.
GPU available: True (cuda), used: True
TPU available: False, using: 0 TPU cores
HPU available: False, using: 0 HPUs
LOCAL_RANK: 0 - CUDA_VISIBLE_DEVICES: [0,1]
SLURM auto-requeueing enabled. Setting signal handlers.
Monitored metric train_loss did not improve in the last 315 records. Best score: 0.041. Signaling Trainer to stop.
GPU available: True (cuda), used: True
TPU available: False, using: 0 TPU cores
HPU available: False, using: 0 HPUs
LOCAL_RANK: 0 - CUDA_VISIBLE_DEVICES: [0,1]
SLURM auto-requeueing enabled. Setting signal handlers.
[I 2024-11-11 23:01:11,778] Trial 259 finished with value: 0.2602454125881195 and parameters: {'hidden_dim': 405, 'n_layers': 1, 'dropout': 0.1957864700918671, 'input_chunk_length': 72, 'learning_rate': 0.0005436054506530438, 'batch_size': 32}. Best is trial 143 with value: 0.16185998916625977.
GPU available: True (cuda), used: True
TPU available: False, using: 0 TPU cores
HPU available: False, using: 0 HPUs
LOCAL_RANK: 0 - CUDA_VISIBLE_DEVICES: [0,1]
SLURM auto-requeueing enabled. Setting signal handlers.
Monitored metric train_loss did not improve in the last 316 records. Best score: 0.041. Signaling Trainer to stop.
GPU available: True (cuda), used: True
TPU available: False, using: 0 TPU cores
HPU available: False, using: 0 HPUs
LOCAL_RANK: 0 - CUDA_VISIBLE_DEVICES: [0,1]
SLURM auto-requeueing enabled. Setting signal handlers.
[I 2024-11-11 23:01:37,691] Trial 260 finished with value: 0.3023926913738251 and parameters: {'hidden_dim': 288, 'n_layers': 1, 'dropout': 0.34763482040703486, 'input_chunk_length': 95, 'learning_rate': 0.0007505545364166561, 'batch_size': 32}. Best is trial 143 with value: 0.16185998916625977.
GPU available: True (cuda), used: True
TPU available: False, using: 0 TPU cores
HPU available: False, using: 0 HPUs
LOCAL_RANK: 0 - CUDA_VISIBLE_DEVICES: [0,1]
SLURM auto-requeueing enabled. Setting signal handlers.
Monitored metric train_loss did not improve in the last 317 records. Best score: 0.041. Signaling Trainer to stop.
GPU available: True (cuda), used: True
TPU available: False, using: 0 TPU cores
HPU available: False, using: 0 HPUs
LOCAL_RANK: 0 - CUDA_VISIBLE_DEVICES: [0,1]
SLURM auto-requeueing enabled. Setting signal handlers.
[I 2024-11-11 23:01:58,488] Trial 261 finished with value: 0.28317558765411377 and parameters: {'hidden_dim': 338, 'n_layers': 1, 'dropout': 0.21868130830533483, 'input_chunk_length': 30, 'learning_rate': 0.0006452217535885505, 'batch_size': 32}. Best is trial 143 with value: 0.16185998916625977.
GPU available: True (cuda), used: True
TPU available: False, using: 0 TPU cores
HPU available: False, using: 0 HPUs
LOCAL_RANK: 0 - CUDA_VISIBLE_DEVICES: [0,1]
SLURM auto-requeueing enabled. Setting signal handlers.
Monitored metric train_loss did not improve in the last 318 records. Best score: 0.041. Signaling Trainer to stop.
GPU available: True (cuda), used: True
TPU available: False, using: 0 TPU cores
HPU available: False, using: 0 HPUs
LOCAL_RANK: 0 - CUDA_VISIBLE_DEVICES: [0,1]
SLURM auto-requeueing enabled. Setting signal handlers.
[I 2024-11-11 23:02:20,069] Trial 262 finished with value: 0.2732333242893219 and parameters: {'hidden_dim': 173, 'n_layers': 1, 'dropout': 0.2522738474075846, 'input_chunk_length': 84, 'learning_rate': 0.0009716474943695278, 'batch_size': 32}. Best is trial 143 with value: 0.16185998916625977.
GPU available: True (cuda), used: True
TPU available: False, using: 0 TPU cores
HPU available: False, using: 0 HPUs
LOCAL_RANK: 0 - CUDA_VISIBLE_DEVICES: [0,1]
SLURM auto-requeueing enabled. Setting signal handlers.
Monitored metric train_loss did not improve in the last 319 records. Best score: 0.041. Signaling Trainer to stop.
GPU available: True (cuda), used: True
TPU available: False, using: 0 TPU cores
HPU available: False, using: 0 HPUs
LOCAL_RANK: 0 - CUDA_VISIBLE_DEVICES: [0,1]
SLURM auto-requeueing enabled. Setting signal handlers.
[I 2024-11-11 23:02:42,449] Trial 263 finished with value: 0.29070326685905457 and parameters: {'hidden_dim': 191, 'n_layers': 1, 'dropout': 0.3654744235986782, 'input_chunk_length': 89, 'learning_rate': 0.0005168691440389253, 'batch_size': 32}. Best is trial 143 with value: 0.16185998916625977.
GPU available: True (cuda), used: True
TPU available: False, using: 0 TPU cores
HPU available: False, using: 0 HPUs
LOCAL_RANK: 0 - CUDA_VISIBLE_DEVICES: [0,1]
SLURM auto-requeueing enabled. Setting signal handlers.
Monitored metric train_loss did not improve in the last 320 records. Best score: 0.041. Signaling Trainer to stop.
GPU available: True (cuda), used: True
TPU available: False, using: 0 TPU cores
HPU available: False, using: 0 HPUs
LOCAL_RANK: 0 - CUDA_VISIBLE_DEVICES: [0,1]
SLURM auto-requeueing enabled. Setting signal handlers.
[I 2024-11-11 23:03:02,823] Trial 264 finished with value: 0.2831205725669861 and parameters: {'hidden_dim': 136, 'n_layers': 1, 'dropout': 0.2049588013665198, 'input_chunk_length': 78, 'learning_rate': 0.0007976955872734954, 'batch_size': 32}. Best is trial 143 with value: 0.16185998916625977.
GPU available: True (cuda), used: True
TPU available: False, using: 0 TPU cores
HPU available: False, using: 0 HPUs
LOCAL_RANK: 0 - CUDA_VISIBLE_DEVICES: [0,1]
SLURM auto-requeueing enabled. Setting signal handlers.
Monitored metric train_loss did not improve in the last 321 records. Best score: 0.041. Signaling Trainer to stop.
GPU available: True (cuda), used: True
TPU available: False, using: 0 TPU cores
HPU available: False, using: 0 HPUs
LOCAL_RANK: 0 - CUDA_VISIBLE_DEVICES: [0,1]
SLURM auto-requeueing enabled. Setting signal handlers.
[I 2024-11-11 23:03:33,586] Trial 265 finished with value: 0.42692017555236816 and parameters: {'hidden_dim': 319, 'n_layers': 1, 'dropout': 0.42716205290482584, 'input_chunk_length': 125, 'learning_rate': 0.007113156261661994, 'batch_size': 64}. Best is trial 143 with value: 0.16185998916625977.
GPU available: True (cuda), used: True
TPU available: False, using: 0 TPU cores
HPU available: False, using: 0 HPUs
LOCAL_RANK: 0 - CUDA_VISIBLE_DEVICES: [0,1]
SLURM auto-requeueing enabled. Setting signal handlers.
Monitored metric train_loss did not improve in the last 322 records. Best score: 0.041. Signaling Trainer to stop.
GPU available: True (cuda), used: True
TPU available: False, using: 0 TPU cores
HPU available: False, using: 0 HPUs
LOCAL_RANK: 0 - CUDA_VISIBLE_DEVICES: [0,1]
SLURM auto-requeueing enabled. Setting signal handlers.
[I 2024-11-11 23:04:22,255] Trial 266 finished with value: 0.323671817779541 and parameters: {'hidden_dim': 385, 'n_layers': 6, 'dropout': 0.18531190868483297, 'input_chunk_length': 129, 'learning_rate': 0.00045136664030633733, 'batch_size': 32}. Best is trial 143 with value: 0.16185998916625977.
GPU available: True (cuda), used: True
TPU available: False, using: 0 TPU cores
HPU available: False, using: 0 HPUs
LOCAL_RANK: 0 - CUDA_VISIBLE_DEVICES: [0,1]
SLURM auto-requeueing enabled. Setting signal handlers.
Monitored metric train_loss did not improve in the last 323 records. Best score: 0.041. Signaling Trainer to stop.
GPU available: True (cuda), used: True
TPU available: False, using: 0 TPU cores
HPU available: False, using: 0 HPUs
LOCAL_RANK: 0 - CUDA_VISIBLE_DEVICES: [0,1]
SLURM auto-requeueing enabled. Setting signal handlers.
[I 2024-11-11 23:04:50,497] Trial 267 finished with value: 0.32235831022262573 and parameters: {'hidden_dim': 426, 'n_layers': 1, 'dropout': 0.2333010381917851, 'input_chunk_length': 81, 'learning_rate': 0.0006601811656484992, 'batch_size': 32}. Best is trial 143 with value: 0.16185998916625977.
GPU available: True (cuda), used: True
TPU available: False, using: 0 TPU cores
HPU available: False, using: 0 HPUs
LOCAL_RANK: 0 - CUDA_VISIBLE_DEVICES: [0,1]
SLURM auto-requeueing enabled. Setting signal handlers.
Monitored metric train_loss did not improve in the last 324 records. Best score: 0.041. Signaling Trainer to stop.
GPU available: True (cuda), used: True
TPU available: False, using: 0 TPU cores
HPU available: False, using: 0 HPUs
LOCAL_RANK: 0 - CUDA_VISIBLE_DEVICES: [0,1]
SLURM auto-requeueing enabled. Setting signal handlers.
[I 2024-11-11 23:05:14,018] Trial 268 finished with value: 0.22976523637771606 and parameters: {'hidden_dim': 202, 'n_layers': 1, 'dropout': 0.22245307539861622, 'input_chunk_length': 97, 'learning_rate': 0.0005919862947830384, 'batch_size': 32}. Best is trial 143 with value: 0.16185998916625977.
GPU available: True (cuda), used: True
TPU available: False, using: 0 TPU cores
HPU available: False, using: 0 HPUs
LOCAL_RANK: 0 - CUDA_VISIBLE_DEVICES: [0,1]
SLURM auto-requeueing enabled. Setting signal handlers.
Monitored metric train_loss did not improve in the last 325 records. Best score: 0.041. Signaling Trainer to stop.
GPU available: True (cuda), used: True
TPU available: False, using: 0 TPU cores
HPU available: False, using: 0 HPUs
LOCAL_RANK: 0 - CUDA_VISIBLE_DEVICES: [0,1]
SLURM auto-requeueing enabled. Setting signal handlers.
[I 2024-11-11 23:05:34,368] Trial 269 finished with value: 0.2933214604854584 and parameters: {'hidden_dim': 101, 'n_layers': 1, 'dropout': 0.1940402868375679, 'input_chunk_length': 92, 'learning_rate': 0.0003956762820867241, 'batch_size': 32}. Best is trial 143 with value: 0.16185998916625977.
GPU available: True (cuda), used: True
TPU available: False, using: 0 TPU cores
HPU available: False, using: 0 HPUs
LOCAL_RANK: 0 - CUDA_VISIBLE_DEVICES: [0,1]
SLURM auto-requeueing enabled. Setting signal handlers.
Monitored metric train_loss did not improve in the last 326 records. Best score: 0.041. Signaling Trainer to stop.
GPU available: True (cuda), used: True
TPU available: False, using: 0 TPU cores
HPU available: False, using: 0 HPUs
LOCAL_RANK: 0 - CUDA_VISIBLE_DEVICES: [0,1]
SLURM auto-requeueing enabled. Setting signal handlers.
[I 2024-11-11 23:06:01,992] Trial 270 finished with value: 0.19008085131645203 and parameters: {'hidden_dim': 361, 'n_layers': 1, 'dropout': 0.21227012866883418, 'input_chunk_length': 86, 'learning_rate': 0.0007202406544668811, 'batch_size': 32}. Best is trial 143 with value: 0.16185998916625977.
GPU available: True (cuda), used: True
TPU available: False, using: 0 TPU cores
HPU available: False, using: 0 HPUs
LOCAL_RANK: 0 - CUDA_VISIBLE_DEVICES: [0,1]
SLURM auto-requeueing enabled. Setting signal handlers.
Monitored metric train_loss did not improve in the last 327 records. Best score: 0.041. Signaling Trainer to stop.
GPU available: True (cuda), used: True
TPU available: False, using: 0 TPU cores
HPU available: False, using: 0 HPUs
LOCAL_RANK: 0 - CUDA_VISIBLE_DEVICES: [0,1]
SLURM auto-requeueing enabled. Setting signal handlers.
[I 2024-11-11 23:06:29,520] Trial 271 finished with value: 0.2905649244785309 and parameters: {'hidden_dim': 362, 'n_layers': 1, 'dropout': 0.17492409573967982, 'input_chunk_length': 85, 'learning_rate': 5.3350350501107944e-05, 'batch_size': 32}. Best is trial 143 with value: 0.16185998916625977.
GPU available: True (cuda), used: True
TPU available: False, using: 0 TPU cores
HPU available: False, using: 0 HPUs
LOCAL_RANK: 0 - CUDA_VISIBLE_DEVICES: [0,1]
SLURM auto-requeueing enabled. Setting signal handlers.
Monitored metric train_loss did not improve in the last 328 records. Best score: 0.041. Signaling Trainer to stop.
GPU available: True (cuda), used: True
TPU available: False, using: 0 TPU cores
HPU available: False, using: 0 HPUs
LOCAL_RANK: 0 - CUDA_VISIBLE_DEVICES: [0,1]
SLURM auto-requeueing enabled. Setting signal handlers.
[I 2024-11-11 23:06:54,696] Trial 272 finished with value: 0.23183898627758026 and parameters: {'hidden_dim': 282, 'n_layers': 1, 'dropout': 0.3371328588592147, 'input_chunk_length': 86, 'learning_rate': 0.0009295904493989627, 'batch_size': 32}. Best is trial 143 with value: 0.16185998916625977.
GPU available: True (cuda), used: True
TPU available: False, using: 0 TPU cores
HPU available: False, using: 0 HPUs
LOCAL_RANK: 0 - CUDA_VISIBLE_DEVICES: [0,1]
SLURM auto-requeueing enabled. Setting signal handlers.
Monitored metric train_loss did not improve in the last 329 records. Best score: 0.041. Signaling Trainer to stop.
GPU available: True (cuda), used: True
TPU available: False, using: 0 TPU cores
HPU available: False, using: 0 HPUs
LOCAL_RANK: 0 - CUDA_VISIBLE_DEVICES: [0,1]
SLURM auto-requeueing enabled. Setting signal handlers.
[I 2024-11-11 23:07:27,803] Trial 273 finished with value: 0.3096575438976288 and parameters: {'hidden_dim': 377, 'n_layers': 5, 'dropout': 0.20809715641878412, 'input_chunk_length': 89, 'learning_rate': 0.000718717946610091, 'batch_size': 64}. Best is trial 143 with value: 0.16185998916625977.
GPU available: True (cuda), used: True
TPU available: False, using: 0 TPU cores
HPU available: False, using: 0 HPUs
LOCAL_RANK: 0 - CUDA_VISIBLE_DEVICES: [0,1]
SLURM auto-requeueing enabled. Setting signal handlers.
Monitored metric train_loss did not improve in the last 330 records. Best score: 0.041. Signaling Trainer to stop.
GPU available: True (cuda), used: True
TPU available: False, using: 0 TPU cores
HPU available: False, using: 0 HPUs
LOCAL_RANK: 0 - CUDA_VISIBLE_DEVICES: [0,1]
SLURM auto-requeueing enabled. Setting signal handlers.
[I 2024-11-11 23:07:53,619] Trial 274 finished with value: 0.32823044061660767 and parameters: {'hidden_dim': 332, 'n_layers': 1, 'dropout': 0.19769404874290739, 'input_chunk_length': 83, 'learning_rate': 0.0013948722787333189, 'batch_size': 32}. Best is trial 143 with value: 0.16185998916625977.
GPU available: True (cuda), used: True
TPU available: False, using: 0 TPU cores
HPU available: False, using: 0 HPUs
LOCAL_RANK: 0 - CUDA_VISIBLE_DEVICES: [0,1]
SLURM auto-requeueing enabled. Setting signal handlers.
Monitored metric train_loss did not improve in the last 331 records. Best score: 0.041. Signaling Trainer to stop.
GPU available: True (cuda), used: True
TPU available: False, using: 0 TPU cores
HPU available: False, using: 0 HPUs
LOCAL_RANK: 0 - CUDA_VISIBLE_DEVICES: [0,1]
SLURM auto-requeueing enabled. Setting signal handlers.
[I 2024-11-11 23:08:22,029] Trial 275 finished with value: 0.2503683865070343 and parameters: {'hidden_dim': 358, 'n_layers': 1, 'dropout': 0.08903808646445069, 'input_chunk_length': 92, 'learning_rate': 0.0008211191079018715, 'batch_size': 32}. Best is trial 143 with value: 0.16185998916625977.
GPU available: True (cuda), used: True
TPU available: False, using: 0 TPU cores
HPU available: False, using: 0 HPUs
LOCAL_RANK: 0 - CUDA_VISIBLE_DEVICES: [0,1]
SLURM auto-requeueing enabled. Setting signal handlers.
Monitored metric train_loss did not improve in the last 332 records. Best score: 0.041. Signaling Trainer to stop.
GPU available: True (cuda), used: True
TPU available: False, using: 0 TPU cores
HPU available: False, using: 0 HPUs
LOCAL_RANK: 0 - CUDA_VISIBLE_DEVICES: [0,1]
SLURM auto-requeueing enabled. Setting signal handlers.
[I 2024-11-11 23:08:47,696] Trial 276 finished with value: 0.2912873327732086 and parameters: {'hidden_dim': 308, 'n_layers': 1, 'dropout': 0.16517514090327495, 'input_chunk_length': 88, 'learning_rate': 0.00030050010488911626, 'batch_size': 32}. Best is trial 143 with value: 0.16185998916625977.
GPU available: True (cuda), used: True
TPU available: False, using: 0 TPU cores
HPU available: False, using: 0 HPUs
LOCAL_RANK: 0 - CUDA_VISIBLE_DEVICES: [0,1]
SLURM auto-requeueing enabled. Setting signal handlers.
Monitored metric train_loss did not improve in the last 333 records. Best score: 0.041. Signaling Trainer to stop.
GPU available: True (cuda), used: True
TPU available: False, using: 0 TPU cores
HPU available: False, using: 0 HPUs
LOCAL_RANK: 0 - CUDA_VISIBLE_DEVICES: [0,1]
SLURM auto-requeueing enabled. Setting signal handlers.
[I 2024-11-11 23:09:23,691] Trial 277 finished with value: 0.3068319857120514 and parameters: {'hidden_dim': 370, 'n_layers': 1, 'dropout': 0.30670069163712455, 'input_chunk_length': 135, 'learning_rate': 0.0005423657697517965, 'batch_size': 32}. Best is trial 143 with value: 0.16185998916625977.
GPU available: True (cuda), used: True
TPU available: False, using: 0 TPU cores
HPU available: False, using: 0 HPUs
LOCAL_RANK: 0 - CUDA_VISIBLE_DEVICES: [0,1]
SLURM auto-requeueing enabled. Setting signal handlers.
Monitored metric train_loss did not improve in the last 334 records. Best score: 0.041. Signaling Trainer to stop.
GPU available: True (cuda), used: True
TPU available: False, using: 0 TPU cores
HPU available: False, using: 0 HPUs
LOCAL_RANK: 0 - CUDA_VISIBLE_DEVICES: [0,1]
SLURM auto-requeueing enabled. Setting signal handlers.
[I 2024-11-11 23:09:49,613] Trial 278 finished with value: 0.2484336644411087 and parameters: {'hidden_dim': 322, 'n_layers': 1, 'dropout': 0.24138537325089843, 'input_chunk_length': 83, 'learning_rate': 0.0010265132851637485, 'batch_size': 32}. Best is trial 143 with value: 0.16185998916625977.
GPU available: True (cuda), used: True
TPU available: False, using: 0 TPU cores
HPU available: False, using: 0 HPUs
LOCAL_RANK: 0 - CUDA_VISIBLE_DEVICES: [0,1]
SLURM auto-requeueing enabled. Setting signal handlers.
Monitored metric train_loss did not improve in the last 335 records. Best score: 0.041. Signaling Trainer to stop.
GPU available: True (cuda), used: True
TPU available: False, using: 0 TPU cores
HPU available: False, using: 0 HPUs
LOCAL_RANK: 0 - CUDA_VISIBLE_DEVICES: [0,1]
SLURM auto-requeueing enabled. Setting signal handlers.
[I 2024-11-11 23:10:13,109] Trial 279 finished with value: 0.2440088391304016 and parameters: {'hidden_dim': 345, 'n_layers': 1, 'dropout': 0.21200627508397588, 'input_chunk_length': 59, 'learning_rate': 0.0007188146829139026, 'batch_size': 32}. Best is trial 143 with value: 0.16185998916625977.
GPU available: True (cuda), used: True
TPU available: False, using: 0 TPU cores
HPU available: False, using: 0 HPUs
LOCAL_RANK: 0 - CUDA_VISIBLE_DEVICES: [0,1]
SLURM auto-requeueing enabled. Setting signal handlers.
Monitored metric train_loss did not improve in the last 336 records. Best score: 0.041. Signaling Trainer to stop.
GPU available: True (cuda), used: True
TPU available: False, using: 0 TPU cores
HPU available: False, using: 0 HPUs
LOCAL_RANK: 0 - CUDA_VISIBLE_DEVICES: [0,1]
SLURM auto-requeueing enabled. Setting signal handlers.
[I 2024-11-11 23:10:42,719] Trial 280 finished with value: 0.3192744851112366 and parameters: {'hidden_dim': 512, 'n_layers': 1, 'dropout': 0.17846729759938182, 'input_chunk_length': 79, 'learning_rate': 0.00047606315127984237, 'batch_size': 32}. Best is trial 143 with value: 0.16185998916625977.
GPU available: True (cuda), used: True
TPU available: False, using: 0 TPU cores
HPU available: False, using: 0 HPUs
LOCAL_RANK: 0 - CUDA_VISIBLE_DEVICES: [0,1]
SLURM auto-requeueing enabled. Setting signal handlers.
Monitored metric train_loss did not improve in the last 337 records. Best score: 0.041. Signaling Trainer to stop.
GPU available: True (cuda), used: True
TPU available: False, using: 0 TPU cores
HPU available: False, using: 0 HPUs
LOCAL_RANK: 0 - CUDA_VISIBLE_DEVICES: [0,1]
SLURM auto-requeueing enabled. Setting signal handlers.
[I 2024-11-11 23:11:08,621] Trial 281 finished with value: 0.2924255132675171 and parameters: {'hidden_dim': 336, 'n_layers': 1, 'dropout': 0.20074483800642318, 'input_chunk_length': 86, 'learning_rate': 0.0008390431094141357, 'batch_size': 64}. Best is trial 143 with value: 0.16185998916625977.
GPU available: True (cuda), used: True
TPU available: False, using: 0 TPU cores
HPU available: False, using: 0 HPUs
LOCAL_RANK: 0 - CUDA_VISIBLE_DEVICES: [0,1]
SLURM auto-requeueing enabled. Setting signal handlers.
Monitored metric train_loss did not improve in the last 338 records. Best score: 0.041. Signaling Trainer to stop.
GPU available: True (cuda), used: True
TPU available: False, using: 0 TPU cores
HPU available: False, using: 0 HPUs
LOCAL_RANK: 0 - CUDA_VISIBLE_DEVICES: [0,1]
SLURM auto-requeueing enabled. Setting signal handlers.
[I 2024-11-11 23:11:34,335] Trial 282 finished with value: 0.30568647384643555 and parameters: {'hidden_dim': 300, 'n_layers': 2, 'dropout': 0.22370084066353077, 'input_chunk_length': 81, 'learning_rate': 0.0005981280049154515, 'batch_size': 32}. Best is trial 143 with value: 0.16185998916625977.
GPU available: True (cuda), used: True
TPU available: False, using: 0 TPU cores
HPU available: False, using: 0 HPUs
LOCAL_RANK: 0 - CUDA_VISIBLE_DEVICES: [0,1]
SLURM auto-requeueing enabled. Setting signal handlers.
Monitored metric train_loss did not improve in the last 339 records. Best score: 0.041. Signaling Trainer to stop.
GPU available: True (cuda), used: True
TPU available: False, using: 0 TPU cores
HPU available: False, using: 0 HPUs
LOCAL_RANK: 0 - CUDA_VISIBLE_DEVICES: [0,1]
SLURM auto-requeueing enabled. Setting signal handlers.
[I 2024-11-11 23:11:59,745] Trial 283 finished with value: 0.2743511199951172 and parameters: {'hidden_dim': 352, 'n_layers': 1, 'dropout': 0.18914536723780723, 'input_chunk_length': 77, 'learning_rate': 0.00011817031686866129, 'batch_size': 32}. Best is trial 143 with value: 0.16185998916625977.
GPU available: True (cuda), used: True
TPU available: False, using: 0 TPU cores
HPU available: False, using: 0 HPUs
LOCAL_RANK: 0 - CUDA_VISIBLE_DEVICES: [0,1]
SLURM auto-requeueing enabled. Setting signal handlers.
Monitored metric train_loss did not improve in the last 340 records. Best score: 0.041. Signaling Trainer to stop.
GPU available: True (cuda), used: True
TPU available: False, using: 0 TPU cores
HPU available: False, using: 0 HPUs
LOCAL_RANK: 0 - CUDA_VISIBLE_DEVICES: [0,1]
SLURM auto-requeueing enabled. Setting signal handlers.
