[I 2024-11-04 19:33:51,178] Trial 347 finished with value: 0.42525219917297363 and parameters: {'hidden_dim': 179, 'n_layers': 1, 'dropout': 0.06036623183128882, 'input_chunk_length': 85, 'learning_rate': 0.0001435233461420541, 'batch_size': 32}. Best is trial 97 with value: 0.2797769606113434.
GPU available: True (cuda), used: True
TPU available: False, using: 0 TPU cores
HPU available: False, using: 0 HPUs
LOCAL_RANK: 0 - CUDA_VISIBLE_DEVICES: [0,1,2,3]
SLURM auto-requeueing enabled. Setting signal handlers.
Monitored metric train_loss did not improve in the last 407 records. Best score: 0.105. Signaling Trainer to stop.
GPU available: True (cuda), used: True
TPU available: False, using: 0 TPU cores
HPU available: False, using: 0 HPUs
LOCAL_RANK: 0 - CUDA_VISIBLE_DEVICES: [0,1,2,3]
SLURM auto-requeueing enabled. Setting signal handlers.
[I 2024-11-04 19:34:06,790] Trial 348 finished with value: 0.30333834886550903 and parameters: {'hidden_dim': 332, 'n_layers': 2, 'dropout': 0.00027974181439985063, 'input_chunk_length': 71, 'learning_rate': 0.0005930379026802369, 'batch_size': 32}. Best is trial 97 with value: 0.2797769606113434.
GPU available: True (cuda), used: True
TPU available: False, using: 0 TPU cores
HPU available: False, using: 0 HPUs
LOCAL_RANK: 0 - CUDA_VISIBLE_DEVICES: [0,1,2,3]
SLURM auto-requeueing enabled. Setting signal handlers.
Monitored metric train_loss did not improve in the last 408 records. Best score: 0.105. Signaling Trainer to stop.
GPU available: True (cuda), used: True
TPU available: False, using: 0 TPU cores
HPU available: False, using: 0 HPUs
LOCAL_RANK: 0 - CUDA_VISIBLE_DEVICES: [0,1,2,3]
SLURM auto-requeueing enabled. Setting signal handlers.
[I 2024-11-04 19:34:22,529] Trial 349 finished with value: 0.35382476449012756 and parameters: {'hidden_dim': 329, 'n_layers': 2, 'dropout': 0.0012825695035745825, 'input_chunk_length': 73, 'learning_rate': 0.0005550021518200133, 'batch_size': 32}. Best is trial 97 with value: 0.2797769606113434.
GPU available: True (cuda), used: True
TPU available: False, using: 0 TPU cores
HPU available: False, using: 0 HPUs
LOCAL_RANK: 0 - CUDA_VISIBLE_DEVICES: [0,1,2,3]
SLURM auto-requeueing enabled. Setting signal handlers.
Monitored metric train_loss did not improve in the last 409 records. Best score: 0.105. Signaling Trainer to stop.
GPU available: True (cuda), used: True
TPU available: False, using: 0 TPU cores
HPU available: False, using: 0 HPUs
LOCAL_RANK: 0 - CUDA_VISIBLE_DEVICES: [0,1,2,3]
SLURM auto-requeueing enabled. Setting signal handlers.
[I 2024-11-04 19:34:39,316] Trial 350 finished with value: 0.5249155759811401 and parameters: {'hidden_dim': 363, 'n_layers': 3, 'dropout': 0.0004401075326354847, 'input_chunk_length': 76, 'learning_rate': 0.0006517524626089426, 'batch_size': 32}. Best is trial 97 with value: 0.2797769606113434.
GPU available: True (cuda), used: True
TPU available: False, using: 0 TPU cores
HPU available: False, using: 0 HPUs
LOCAL_RANK: 0 - CUDA_VISIBLE_DEVICES: [0,1,2,3]
SLURM auto-requeueing enabled. Setting signal handlers.
Monitored metric train_loss did not improve in the last 410 records. Best score: 0.105. Signaling Trainer to stop.
GPU available: True (cuda), used: True
TPU available: False, using: 0 TPU cores
HPU available: False, using: 0 HPUs
LOCAL_RANK: 0 - CUDA_VISIBLE_DEVICES: [0,1,2,3]
SLURM auto-requeueing enabled. Setting signal handlers.
[I 2024-11-04 19:34:54,269] Trial 351 finished with value: 0.4222729504108429 and parameters: {'hidden_dim': 340, 'n_layers': 1, 'dropout': 0.3182240411519611, 'input_chunk_length': 71, 'learning_rate': 0.0008036494316422157, 'batch_size': 32}. Best is trial 97 with value: 0.2797769606113434.
GPU available: True (cuda), used: True
TPU available: False, using: 0 TPU cores
HPU available: False, using: 0 HPUs
LOCAL_RANK: 0 - CUDA_VISIBLE_DEVICES: [0,1,2,3]
SLURM auto-requeueing enabled. Setting signal handlers.
Monitored metric train_loss did not improve in the last 411 records. Best score: 0.105. Signaling Trainer to stop.
GPU available: True (cuda), used: True
TPU available: False, using: 0 TPU cores
HPU available: False, using: 0 HPUs
LOCAL_RANK: 0 - CUDA_VISIBLE_DEVICES: [0,1,2,3]
SLURM auto-requeueing enabled. Setting signal handlers.
[I 2024-11-04 19:35:09,699] Trial 352 finished with value: 0.3198273479938507 and parameters: {'hidden_dim': 349, 'n_layers': 1, 'dropout': 0.014803164939804743, 'input_chunk_length': 69, 'learning_rate': 0.0006040219666774946, 'batch_size': 32}. Best is trial 97 with value: 0.2797769606113434.
GPU available: True (cuda), used: True
TPU available: False, using: 0 TPU cores
HPU available: False, using: 0 HPUs
LOCAL_RANK: 0 - CUDA_VISIBLE_DEVICES: [0,1,2,3]
SLURM auto-requeueing enabled. Setting signal handlers.
Monitored metric train_loss did not improve in the last 412 records. Best score: 0.105. Signaling Trainer to stop.
GPU available: True (cuda), used: True
TPU available: False, using: 0 TPU cores
HPU available: False, using: 0 HPUs
LOCAL_RANK: 0 - CUDA_VISIBLE_DEVICES: [0,1,2,3]
SLURM auto-requeueing enabled. Setting signal handlers.
[I 2024-11-04 19:35:25,093] Trial 353 finished with value: 0.39810800552368164 and parameters: {'hidden_dim': 337, 'n_layers': 2, 'dropout': 0.00866799767384956, 'input_chunk_length': 65, 'learning_rate': 0.000499344811389337, 'batch_size': 32}. Best is trial 97 with value: 0.2797769606113434.
GPU available: True (cuda), used: True
TPU available: False, using: 0 TPU cores
HPU available: False, using: 0 HPUs
LOCAL_RANK: 0 - CUDA_VISIBLE_DEVICES: [0,1,2,3]
SLURM auto-requeueing enabled. Setting signal handlers.
Monitored metric train_loss did not improve in the last 413 records. Best score: 0.105. Signaling Trainer to stop.
GPU available: True (cuda), used: True
TPU available: False, using: 0 TPU cores
HPU available: False, using: 0 HPUs
LOCAL_RANK: 0 - CUDA_VISIBLE_DEVICES: [0,1,2,3]
SLURM auto-requeueing enabled. Setting signal handlers.
[I 2024-11-04 19:35:39,373] Trial 354 finished with value: 0.3803180456161499 and parameters: {'hidden_dim': 256, 'n_layers': 1, 'dropout': 0.025517501791075023, 'input_chunk_length': 73, 'learning_rate': 0.0005620456087860794, 'batch_size': 32}. Best is trial 97 with value: 0.2797769606113434.
GPU available: True (cuda), used: True
TPU available: False, using: 0 TPU cores
HPU available: False, using: 0 HPUs
LOCAL_RANK: 0 - CUDA_VISIBLE_DEVICES: [0,1,2,3]
SLURM auto-requeueing enabled. Setting signal handlers.
Monitored metric train_loss did not improve in the last 414 records. Best score: 0.105. Signaling Trainer to stop.
GPU available: True (cuda), used: True
TPU available: False, using: 0 TPU cores
HPU available: False, using: 0 HPUs
LOCAL_RANK: 0 - CUDA_VISIBLE_DEVICES: [0,1,2,3]
SLURM auto-requeueing enabled. Setting signal handlers.
[I 2024-11-04 19:35:52,948] Trial 355 finished with value: 0.3603383004665375 and parameters: {'hidden_dim': 172, 'n_layers': 2, 'dropout': 0.33271027481893156, 'input_chunk_length': 61, 'learning_rate': 0.0007057945471133152, 'batch_size': 32}. Best is trial 97 with value: 0.2797769606113434.
GPU available: True (cuda), used: True
TPU available: False, using: 0 TPU cores
HPU available: False, using: 0 HPUs
LOCAL_RANK: 0 - CUDA_VISIBLE_DEVICES: [0,1,2,3]
SLURM auto-requeueing enabled. Setting signal handlers.
Monitored metric train_loss did not improve in the last 415 records. Best score: 0.105. Signaling Trainer to stop.
GPU available: True (cuda), used: True
TPU available: False, using: 0 TPU cores
HPU available: False, using: 0 HPUs
LOCAL_RANK: 0 - CUDA_VISIBLE_DEVICES: [0,1,2,3]
SLURM auto-requeueing enabled. Setting signal handlers.
[I 2024-11-04 19:36:09,507] Trial 356 finished with value: 0.812863290309906 and parameters: {'hidden_dim': 508, 'n_layers': 1, 'dropout': 5.299291275505448e-05, 'input_chunk_length': 79, 'learning_rate': 0.0020068488188017455, 'batch_size': 32}. Best is trial 97 with value: 0.2797769606113434.
GPU available: True (cuda), used: True
TPU available: False, using: 0 TPU cores
HPU available: False, using: 0 HPUs
LOCAL_RANK: 0 - CUDA_VISIBLE_DEVICES: [0,1,2,3]
SLURM auto-requeueing enabled. Setting signal handlers.
Monitored metric train_loss did not improve in the last 416 records. Best score: 0.105. Signaling Trainer to stop.
GPU available: True (cuda), used: True
TPU available: False, using: 0 TPU cores
HPU available: False, using: 0 HPUs
LOCAL_RANK: 0 - CUDA_VISIBLE_DEVICES: [0,1,2,3]
SLURM auto-requeueing enabled. Setting signal handlers.
[I 2024-11-04 19:36:22,898] Trial 357 finished with value: 0.35107627511024475 and parameters: {'hidden_dim': 188, 'n_layers': 1, 'dropout': 0.01593461123642563, 'input_chunk_length': 67, 'learning_rate': 0.001046492689650789, 'batch_size': 32}. Best is trial 97 with value: 0.2797769606113434.
GPU available: True (cuda), used: True
TPU available: False, using: 0 TPU cores
HPU available: False, using: 0 HPUs
LOCAL_RANK: 0 - CUDA_VISIBLE_DEVICES: [0,1,2,3]
SLURM auto-requeueing enabled. Setting signal handlers.
Monitored metric train_loss did not improve in the last 417 records. Best score: 0.105. Signaling Trainer to stop.
GPU available: True (cuda), used: True
TPU available: False, using: 0 TPU cores
HPU available: False, using: 0 HPUs
LOCAL_RANK: 0 - CUDA_VISIBLE_DEVICES: [0,1,2,3]
SLURM auto-requeueing enabled. Setting signal handlers.
[I 2024-11-04 19:36:36,287] Trial 358 finished with value: 0.36013147234916687 and parameters: {'hidden_dim': 208, 'n_layers': 2, 'dropout': 0.02894161880392717, 'input_chunk_length': 24, 'learning_rate': 0.0004734437538464507, 'batch_size': 32}. Best is trial 97 with value: 0.2797769606113434.
GPU available: True (cuda), used: True
TPU available: False, using: 0 TPU cores
HPU available: False, using: 0 HPUs
LOCAL_RANK: 0 - CUDA_VISIBLE_DEVICES: [0,1,2,3]
SLURM auto-requeueing enabled. Setting signal handlers.
Monitored metric train_loss did not improve in the last 418 records. Best score: 0.105. Signaling Trainer to stop.
GPU available: True (cuda), used: True
TPU available: False, using: 0 TPU cores
HPU available: False, using: 0 HPUs
LOCAL_RANK: 0 - CUDA_VISIBLE_DEVICES: [0,1,2,3]
SLURM auto-requeueing enabled. Setting signal handlers.
[I 2024-11-04 19:36:50,839] Trial 359 finished with value: 0.41809362173080444 and parameters: {'hidden_dim': 160, 'n_layers': 5, 'dropout': 0.040341941419659064, 'input_chunk_length': 56, 'learning_rate': 0.0003253756801308474, 'batch_size': 64}. Best is trial 97 with value: 0.2797769606113434.
GPU available: True (cuda), used: True
TPU available: False, using: 0 TPU cores
HPU available: False, using: 0 HPUs
LOCAL_RANK: 0 - CUDA_VISIBLE_DEVICES: [0,1,2,3]
SLURM auto-requeueing enabled. Setting signal handlers.
Monitored metric train_loss did not improve in the last 419 records. Best score: 0.105. Signaling Trainer to stop.
GPU available: True (cuda), used: True
TPU available: False, using: 0 TPU cores
HPU available: False, using: 0 HPUs
LOCAL_RANK: 0 - CUDA_VISIBLE_DEVICES: [0,1,2,3]
SLURM auto-requeueing enabled. Setting signal handlers.
[I 2024-11-04 19:37:04,004] Trial 360 finished with value: 0.38545462489128113 and parameters: {'hidden_dim': 144, 'n_layers': 1, 'dropout': 0.010231544945434597, 'input_chunk_length': 69, 'learning_rate': 9.44791000842732e-05, 'batch_size': 32}. Best is trial 97 with value: 0.2797769606113434.
GPU available: True (cuda), used: True
TPU available: False, using: 0 TPU cores
HPU available: False, using: 0 HPUs
LOCAL_RANK: 0 - CUDA_VISIBLE_DEVICES: [0,1,2,3]
SLURM auto-requeueing enabled. Setting signal handlers.
Monitored metric train_loss did not improve in the last 420 records. Best score: 0.105. Signaling Trainer to stop.
GPU available: True (cuda), used: True
TPU available: False, using: 0 TPU cores
HPU available: False, using: 0 HPUs
LOCAL_RANK: 0 - CUDA_VISIBLE_DEVICES: [0,1,2,3]
SLURM auto-requeueing enabled. Setting signal handlers.
[I 2024-11-04 19:37:18,680] Trial 361 finished with value: 0.36384356021881104 and parameters: {'hidden_dim': 275, 'n_layers': 1, 'dropout': 0.02062155233066538, 'input_chunk_length': 75, 'learning_rate': 0.0004301916315289025, 'batch_size': 32}. Best is trial 97 with value: 0.2797769606113434.
GPU available: True (cuda), used: True
TPU available: False, using: 0 TPU cores
HPU available: False, using: 0 HPUs
LOCAL_RANK: 0 - CUDA_VISIBLE_DEVICES: [0,1,2,3]
SLURM auto-requeueing enabled. Setting signal handlers.
Monitored metric train_loss did not improve in the last 421 records. Best score: 0.105. Signaling Trainer to stop.
GPU available: True (cuda), used: True
TPU available: False, using: 0 TPU cores
HPU available: False, using: 0 HPUs
LOCAL_RANK: 0 - CUDA_VISIBLE_DEVICES: [0,1,2,3]
SLURM auto-requeueing enabled. Setting signal handlers.
[I 2024-11-04 19:37:36,261] Trial 362 finished with value: 0.35311681032180786 and parameters: {'hidden_dim': 248, 'n_layers': 2, 'dropout': 0.009187428784704584, 'input_chunk_length': 145, 'learning_rate': 0.00026750700138484374, 'batch_size': 32}. Best is trial 97 with value: 0.2797769606113434.
GPU available: True (cuda), used: True
TPU available: False, using: 0 TPU cores
HPU available: False, using: 0 HPUs
LOCAL_RANK: 0 - CUDA_VISIBLE_DEVICES: [0,1,2,3]
SLURM auto-requeueing enabled. Setting signal handlers.
Monitored metric train_loss did not improve in the last 422 records. Best score: 0.105. Signaling Trainer to stop.
GPU available: True (cuda), used: True
TPU available: False, using: 0 TPU cores
HPU available: False, using: 0 HPUs
LOCAL_RANK: 0 - CUDA_VISIBLE_DEVICES: [0,1,2,3]
SLURM auto-requeueing enabled. Setting signal handlers.
[I 2024-11-04 19:37:49,887] Trial 363 finished with value: 0.41373276710510254 and parameters: {'hidden_dim': 169, 'n_layers': 1, 'dropout': 0.1760128658895721, 'input_chunk_length': 65, 'learning_rate': 6.68028304244086e-05, 'batch_size': 32}. Best is trial 97 with value: 0.2797769606113434.
GPU available: True (cuda), used: True
TPU available: False, using: 0 TPU cores
HPU available: False, using: 0 HPUs
LOCAL_RANK: 0 - CUDA_VISIBLE_DEVICES: [0,1,2,3]
SLURM auto-requeueing enabled. Setting signal handlers.
Monitored metric train_loss did not improve in the last 423 records. Best score: 0.105. Signaling Trainer to stop.
GPU available: True (cuda), used: True
TPU available: False, using: 0 TPU cores
HPU available: False, using: 0 HPUs
LOCAL_RANK: 0 - CUDA_VISIBLE_DEVICES: [0,1,2,3]
SLURM auto-requeueing enabled. Setting signal handlers.
[I 2024-11-04 19:38:03,001] Trial 364 finished with value: 0.3074731230735779 and parameters: {'hidden_dim': 224, 'n_layers': 1, 'dropout': 0.04593287140574396, 'input_chunk_length': 18, 'learning_rate': 0.000305704163399928, 'batch_size': 32}. Best is trial 97 with value: 0.2797769606113434.
GPU available: True (cuda), used: True
TPU available: False, using: 0 TPU cores
HPU available: False, using: 0 HPUs
LOCAL_RANK: 0 - CUDA_VISIBLE_DEVICES: [0,1,2,3]
SLURM auto-requeueing enabled. Setting signal handlers.
Monitored metric train_loss did not improve in the last 424 records. Best score: 0.105. Signaling Trainer to stop.
GPU available: True (cuda), used: True
TPU available: False, using: 0 TPU cores
HPU available: False, using: 0 HPUs
LOCAL_RANK: 0 - CUDA_VISIBLE_DEVICES: [0,1,2,3]
SLURM auto-requeueing enabled. Setting signal handlers.
[I 2024-11-04 19:38:17,398] Trial 365 finished with value: 0.35108745098114014 and parameters: {'hidden_dim': 237, 'n_layers': 1, 'dropout': 0.03563029182728611, 'input_chunk_length': 72, 'learning_rate': 0.00030242705202243727, 'batch_size': 32}. Best is trial 97 with value: 0.2797769606113434.
GPU available: True (cuda), used: True
TPU available: False, using: 0 TPU cores
HPU available: False, using: 0 HPUs
LOCAL_RANK: 0 - CUDA_VISIBLE_DEVICES: [0,1,2,3]
SLURM auto-requeueing enabled. Setting signal handlers.
Monitored metric train_loss did not improve in the last 425 records. Best score: 0.105. Signaling Trainer to stop.
GPU available: True (cuda), used: True
TPU available: False, using: 0 TPU cores
HPU available: False, using: 0 HPUs
LOCAL_RANK: 0 - CUDA_VISIBLE_DEVICES: [0,1,2,3]
SLURM auto-requeueing enabled. Setting signal handlers.
[I 2024-11-04 19:38:30,969] Trial 366 finished with value: 0.3280339241027832 and parameters: {'hidden_dim': 199, 'n_layers': 3, 'dropout': 0.023557042055319836, 'input_chunk_length': 12, 'learning_rate': 0.0002449113207157567, 'batch_size': 32}. Best is trial 97 with value: 0.2797769606113434.
GPU available: True (cuda), used: True
TPU available: False, using: 0 TPU cores
HPU available: False, using: 0 HPUs
LOCAL_RANK: 0 - CUDA_VISIBLE_DEVICES: [0,1,2,3]
SLURM auto-requeueing enabled. Setting signal handlers.
Monitored metric train_loss did not improve in the last 426 records. Best score: 0.105. Signaling Trainer to stop.
GPU available: True (cuda), used: True
TPU available: False, using: 0 TPU cores
HPU available: False, using: 0 HPUs
LOCAL_RANK: 0 - CUDA_VISIBLE_DEVICES: [0,1,2,3]
SLURM auto-requeueing enabled. Setting signal handlers.
[I 2024-11-04 19:38:44,797] Trial 367 finished with value: 0.3484326899051666 and parameters: {'hidden_dim': 207, 'n_layers': 2, 'dropout': 0.05024933197294877, 'input_chunk_length': 23, 'learning_rate': 0.00035216576683645673, 'batch_size': 32}. Best is trial 97 with value: 0.2797769606113434.
GPU available: True (cuda), used: True
TPU available: False, using: 0 TPU cores
HPU available: False, using: 0 HPUs
LOCAL_RANK: 0 - CUDA_VISIBLE_DEVICES: [0,1,2,3]
SLURM auto-requeueing enabled. Setting signal handlers.
Monitored metric train_loss did not improve in the last 427 records. Best score: 0.105. Signaling Trainer to stop.
GPU available: True (cuda), used: True
TPU available: False, using: 0 TPU cores
HPU available: False, using: 0 HPUs
LOCAL_RANK: 0 - CUDA_VISIBLE_DEVICES: [0,1,2,3]
SLURM auto-requeueing enabled. Setting signal handlers.
[I 2024-11-04 19:38:58,064] Trial 368 finished with value: 0.33558106422424316 and parameters: {'hidden_dim': 186, 'n_layers': 2, 'dropout': 0.014479188690431376, 'input_chunk_length': 12, 'learning_rate': 0.000299281231477686, 'batch_size': 32}. Best is trial 97 with value: 0.2797769606113434.
GPU available: True (cuda), used: True
TPU available: False, using: 0 TPU cores
HPU available: False, using: 0 HPUs
LOCAL_RANK: 0 - CUDA_VISIBLE_DEVICES: [0,1,2,3]
SLURM auto-requeueing enabled. Setting signal handlers.
Monitored metric train_loss did not improve in the last 428 records. Best score: 0.105. Signaling Trainer to stop.
GPU available: True (cuda), used: True
TPU available: False, using: 0 TPU cores
HPU available: False, using: 0 HPUs
LOCAL_RANK: 0 - CUDA_VISIBLE_DEVICES: [0,1,2,3]
SLURM auto-requeueing enabled. Setting signal handlers.
[I 2024-11-04 19:39:11,365] Trial 369 finished with value: 0.28959953784942627 and parameters: {'hidden_dim': 225, 'n_layers': 1, 'dropout': 0.028202427526206886, 'input_chunk_length': 15, 'learning_rate': 0.00039997444578463603, 'batch_size': 32}. Best is trial 97 with value: 0.2797769606113434.
GPU available: True (cuda), used: True
TPU available: False, using: 0 TPU cores
HPU available: False, using: 0 HPUs
LOCAL_RANK: 0 - CUDA_VISIBLE_DEVICES: [0,1,2,3]
SLURM auto-requeueing enabled. Setting signal handlers.
Monitored metric train_loss did not improve in the last 429 records. Best score: 0.105. Signaling Trainer to stop.
GPU available: True (cuda), used: True
TPU available: False, using: 0 TPU cores
HPU available: False, using: 0 HPUs
LOCAL_RANK: 0 - CUDA_VISIBLE_DEVICES: [0,1,2,3]
SLURM auto-requeueing enabled. Setting signal handlers.
[I 2024-11-04 19:39:24,684] Trial 370 finished with value: 0.37449878454208374 and parameters: {'hidden_dim': 227, 'n_layers': 1, 'dropout': 0.0325821825002191, 'input_chunk_length': 13, 'learning_rate': 0.0004008769754397178, 'batch_size': 32}. Best is trial 97 with value: 0.2797769606113434.
GPU available: True (cuda), used: True
TPU available: False, using: 0 TPU cores
HPU available: False, using: 0 HPUs
LOCAL_RANK: 0 - CUDA_VISIBLE_DEVICES: [0,1,2,3]
SLURM auto-requeueing enabled. Setting signal handlers.
Monitored metric train_loss did not improve in the last 430 records. Best score: 0.105. Signaling Trainer to stop.
GPU available: True (cuda), used: True
TPU available: False, using: 0 TPU cores
HPU available: False, using: 0 HPUs
LOCAL_RANK: 0 - CUDA_VISIBLE_DEVICES: [0,1,2,3]
SLURM auto-requeueing enabled. Setting signal handlers.
[I 2024-11-04 19:39:38,346] Trial 371 finished with value: 0.3255133330821991 and parameters: {'hidden_dim': 243, 'n_layers': 2, 'dropout': 0.04576011307818885, 'input_chunk_length': 16, 'learning_rate': 0.0003442478619264706, 'batch_size': 32}. Best is trial 97 with value: 0.2797769606113434.
GPU available: True (cuda), used: True
TPU available: False, using: 0 TPU cores
HPU available: False, using: 0 HPUs
LOCAL_RANK: 0 - CUDA_VISIBLE_DEVICES: [0,1,2,3]
SLURM auto-requeueing enabled. Setting signal handlers.
Monitored metric train_loss did not improve in the last 431 records. Best score: 0.105. Signaling Trainer to stop.
GPU available: True (cuda), used: True
TPU available: False, using: 0 TPU cores
HPU available: False, using: 0 HPUs
LOCAL_RANK: 0 - CUDA_VISIBLE_DEVICES: [0,1,2,3]
SLURM auto-requeueing enabled. Setting signal handlers.
