[I 2024-11-11 15:06:15,897] Trial 284 finished with value: 0.2182781845331192 and parameters: {'hidden_dim': 179, 'n_layers': 1, 'dropout': 0.18109036699868722, 'input_chunk_length': 104, 'learning_rate': 0.0008909484442829075, 'batch_size': 32}. Best is trial 1 with value: 0.1182749941945076.
GPU available: True (cuda), used: True
TPU available: False, using: 0 TPU cores
HPU available: False, using: 0 HPUs
LOCAL_RANK: 0 - CUDA_VISIBLE_DEVICES: [0]
SLURM auto-requeueing enabled. Setting signal handlers.
Monitored metric train_loss did not improve in the last 340 records. Best score: 0.037. Signaling Trainer to stop.
GPU available: True (cuda), used: True
TPU available: False, using: 0 TPU cores
HPU available: False, using: 0 HPUs
LOCAL_RANK: 0 - CUDA_VISIBLE_DEVICES: [0]
SLURM auto-requeueing enabled. Setting signal handlers.
[I 2024-11-11 15:06:38,124] Trial 285 finished with value: 0.15652300417423248 and parameters: {'hidden_dim': 164, 'n_layers': 1, 'dropout': 0.09437546513643913, 'input_chunk_length': 100, 'learning_rate': 0.0011426546952113866, 'batch_size': 32}. Best is trial 1 with value: 0.1182749941945076.
GPU available: True (cuda), used: True
TPU available: False, using: 0 TPU cores
HPU available: False, using: 0 HPUs
LOCAL_RANK: 0 - CUDA_VISIBLE_DEVICES: [0]
SLURM auto-requeueing enabled. Setting signal handlers.
Monitored metric train_loss did not improve in the last 341 records. Best score: 0.037. Signaling Trainer to stop.
GPU available: True (cuda), used: True
TPU available: False, using: 0 TPU cores
HPU available: False, using: 0 HPUs
LOCAL_RANK: 0 - CUDA_VISIBLE_DEVICES: [0]
SLURM auto-requeueing enabled. Setting signal handlers.
[I 2024-11-11 15:07:01,551] Trial 286 finished with value: 0.30473387241363525 and parameters: {'hidden_dim': 170, 'n_layers': 1, 'dropout': 0.08965836913046549, 'input_chunk_length': 110, 'learning_rate': 0.001065924460615333, 'batch_size': 32}. Best is trial 1 with value: 0.1182749941945076.
GPU available: True (cuda), used: True
TPU available: False, using: 0 TPU cores
HPU available: False, using: 0 HPUs
LOCAL_RANK: 0 - CUDA_VISIBLE_DEVICES: [0]
SLURM auto-requeueing enabled. Setting signal handlers.
Monitored metric train_loss did not improve in the last 342 records. Best score: 0.037. Signaling Trainer to stop.
GPU available: True (cuda), used: True
TPU available: False, using: 0 TPU cores
HPU available: False, using: 0 HPUs
LOCAL_RANK: 0 - CUDA_VISIBLE_DEVICES: [0]
SLURM auto-requeueing enabled. Setting signal handlers.
[I 2024-11-11 15:07:25,528] Trial 287 finished with value: 0.36462873220443726 and parameters: {'hidden_dim': 193, 'n_layers': 1, 'dropout': 0.23527187857600845, 'input_chunk_length': 100, 'learning_rate': 0.003956592845742025, 'batch_size': 32}. Best is trial 1 with value: 0.1182749941945076.
GPU available: True (cuda), used: True
TPU available: False, using: 0 TPU cores
HPU available: False, using: 0 HPUs
LOCAL_RANK: 0 - CUDA_VISIBLE_DEVICES: [0]
SLURM auto-requeueing enabled. Setting signal handlers.
Monitored metric train_loss did not improve in the last 343 records. Best score: 0.037. Signaling Trainer to stop.
GPU available: True (cuda), used: True
TPU available: False, using: 0 TPU cores
HPU available: False, using: 0 HPUs
LOCAL_RANK: 0 - CUDA_VISIBLE_DEVICES: [0]
SLURM auto-requeueing enabled. Setting signal handlers.
[I 2024-11-11 15:07:48,838] Trial 288 finished with value: 0.16651903092861176 and parameters: {'hidden_dim': 166, 'n_layers': 1, 'dropout': 0.0931324661601497, 'input_chunk_length': 106, 'learning_rate': 0.0011321062442850003, 'batch_size': 64}. Best is trial 1 with value: 0.1182749941945076.
GPU available: True (cuda), used: True
TPU available: False, using: 0 TPU cores
HPU available: False, using: 0 HPUs
LOCAL_RANK: 0 - CUDA_VISIBLE_DEVICES: [0]
SLURM auto-requeueing enabled. Setting signal handlers.
Monitored metric train_loss did not improve in the last 344 records. Best score: 0.037. Signaling Trainer to stop.
GPU available: True (cuda), used: True
TPU available: False, using: 0 TPU cores
HPU available: False, using: 0 HPUs
LOCAL_RANK: 0 - CUDA_VISIBLE_DEVICES: [0]
SLURM auto-requeueing enabled. Setting signal handlers.
[I 2024-11-11 15:08:12,173] Trial 289 finished with value: 0.3200165927410126 and parameters: {'hidden_dim': 162, 'n_layers': 1, 'dropout': 0.061007702050440406, 'input_chunk_length': 105, 'learning_rate': 0.0011503312910128873, 'batch_size': 64}. Best is trial 1 with value: 0.1182749941945076.
GPU available: True (cuda), used: True
TPU available: False, using: 0 TPU cores
HPU available: False, using: 0 HPUs
LOCAL_RANK: 0 - CUDA_VISIBLE_DEVICES: [0]
SLURM auto-requeueing enabled. Setting signal handlers.
Monitored metric train_loss did not improve in the last 345 records. Best score: 0.037. Signaling Trainer to stop.
GPU available: True (cuda), used: True
TPU available: False, using: 0 TPU cores
HPU available: False, using: 0 HPUs
LOCAL_RANK: 0 - CUDA_VISIBLE_DEVICES: [0]
SLURM auto-requeueing enabled. Setting signal handlers.
[I 2024-11-11 15:08:36,350] Trial 290 finished with value: 0.28431403636932373 and parameters: {'hidden_dim': 158, 'n_layers': 1, 'dropout': 0.08628989788948489, 'input_chunk_length': 108, 'learning_rate': 0.0011969544105271059, 'batch_size': 64}. Best is trial 1 with value: 0.1182749941945076.
GPU available: True (cuda), used: True
TPU available: False, using: 0 TPU cores
HPU available: False, using: 0 HPUs
LOCAL_RANK: 0 - CUDA_VISIBLE_DEVICES: [0]
SLURM auto-requeueing enabled. Setting signal handlers.
Monitored metric train_loss did not improve in the last 346 records. Best score: 0.037. Signaling Trainer to stop.
GPU available: True (cuda), used: True
TPU available: False, using: 0 TPU cores
HPU available: False, using: 0 HPUs
LOCAL_RANK: 0 - CUDA_VISIBLE_DEVICES: [0]
SLURM auto-requeueing enabled. Setting signal handlers.
[I 2024-11-11 15:08:56,286] Trial 291 finished with value: 0.31183120608329773 and parameters: {'hidden_dim': 167, 'n_layers': 1, 'dropout': 0.09810567538550513, 'input_chunk_length': 70, 'learning_rate': 0.0009526521734620385, 'batch_size': 64}. Best is trial 1 with value: 0.1182749941945076.
GPU available: True (cuda), used: True
TPU available: False, using: 0 TPU cores
HPU available: False, using: 0 HPUs
LOCAL_RANK: 0 - CUDA_VISIBLE_DEVICES: [0]
SLURM auto-requeueing enabled. Setting signal handlers.
Monitored metric train_loss did not improve in the last 347 records. Best score: 0.037. Signaling Trainer to stop.
GPU available: True (cuda), used: True
TPU available: False, using: 0 TPU cores
HPU available: False, using: 0 HPUs
LOCAL_RANK: 0 - CUDA_VISIBLE_DEVICES: [0]
SLURM auto-requeueing enabled. Setting signal handlers.
[I 2024-11-11 15:09:27,468] Trial 292 finished with value: 0.33662787079811096 and parameters: {'hidden_dim': 327, 'n_layers': 1, 'dropout': 0.07189725721966447, 'input_chunk_length': 112, 'learning_rate': 0.001369050740991856, 'batch_size': 64}. Best is trial 1 with value: 0.1182749941945076.
GPU available: True (cuda), used: True
TPU available: False, using: 0 TPU cores
HPU available: False, using: 0 HPUs
LOCAL_RANK: 0 - CUDA_VISIBLE_DEVICES: [0]
SLURM auto-requeueing enabled. Setting signal handlers.
Monitored metric train_loss did not improve in the last 348 records. Best score: 0.037. Signaling Trainer to stop.
GPU available: True (cuda), used: True
TPU available: False, using: 0 TPU cores
HPU available: False, using: 0 HPUs
LOCAL_RANK: 0 - CUDA_VISIBLE_DEVICES: [0]
SLURM auto-requeueing enabled. Setting signal handlers.
[I 2024-11-11 15:09:54,195] Trial 293 finished with value: 0.2954496443271637 and parameters: {'hidden_dim': 182, 'n_layers': 1, 'dropout': 0.09813156494384669, 'input_chunk_length': 103, 'learning_rate': 0.00014661418898098767, 'batch_size': 64}. Best is trial 1 with value: 0.1182749941945076.
GPU available: True (cuda), used: True
TPU available: False, using: 0 TPU cores
HPU available: False, using: 0 HPUs
LOCAL_RANK: 0 - CUDA_VISIBLE_DEVICES: [0]
SLURM auto-requeueing enabled. Setting signal handlers.
Monitored metric train_loss did not improve in the last 349 records. Best score: 0.037. Signaling Trainer to stop.
GPU available: True (cuda), used: True
TPU available: False, using: 0 TPU cores
HPU available: False, using: 0 HPUs
LOCAL_RANK: 0 - CUDA_VISIBLE_DEVICES: [0]
SLURM auto-requeueing enabled. Setting signal handlers.
[I 2024-11-11 15:10:16,994] Trial 294 finished with value: 0.33181384205818176 and parameters: {'hidden_dim': 152, 'n_layers': 1, 'dropout': 0.08203532945809405, 'input_chunk_length': 103, 'learning_rate': 0.00021823644367481088, 'batch_size': 64}. Best is trial 1 with value: 0.1182749941945076.
GPU available: True (cuda), used: True
TPU available: False, using: 0 TPU cores
HPU available: False, using: 0 HPUs
LOCAL_RANK: 0 - CUDA_VISIBLE_DEVICES: [0]
SLURM auto-requeueing enabled. Setting signal handlers.
Monitored metric train_loss did not improve in the last 350 records. Best score: 0.037. Signaling Trainer to stop.
GPU available: True (cuda), used: True
TPU available: False, using: 0 TPU cores
HPU available: False, using: 0 HPUs
LOCAL_RANK: 0 - CUDA_VISIBLE_DEVICES: [0]
SLURM auto-requeueing enabled. Setting signal handlers.
[I 2024-11-11 15:10:40,672] Trial 295 finished with value: 0.3062329888343811 and parameters: {'hidden_dim': 171, 'n_layers': 1, 'dropout': 0.1651661960367517, 'input_chunk_length': 106, 'learning_rate': 0.0015025608473988588, 'batch_size': 64}. Best is trial 1 with value: 0.1182749941945076.
GPU available: True (cuda), used: True
TPU available: False, using: 0 TPU cores
HPU available: False, using: 0 HPUs
LOCAL_RANK: 0 - CUDA_VISIBLE_DEVICES: [0]
SLURM auto-requeueing enabled. Setting signal handlers.
Monitored metric train_loss did not improve in the last 351 records. Best score: 0.037. Signaling Trainer to stop.
GPU available: True (cuda), used: True
TPU available: False, using: 0 TPU cores
HPU available: False, using: 0 HPUs
LOCAL_RANK: 0 - CUDA_VISIBLE_DEVICES: [0]
SLURM auto-requeueing enabled. Setting signal handlers.
[I 2024-11-11 15:11:15,050] Trial 296 finished with value: 0.2866620421409607 and parameters: {'hidden_dim': 310, 'n_layers': 1, 'dropout': 0.2188956306860196, 'input_chunk_length': 108, 'learning_rate': 0.0011039156144000443, 'batch_size': 32}. Best is trial 1 with value: 0.1182749941945076.
GPU available: True (cuda), used: True
TPU available: False, using: 0 TPU cores
HPU available: False, using: 0 HPUs
LOCAL_RANK: 0 - CUDA_VISIBLE_DEVICES: [0]
SLURM auto-requeueing enabled. Setting signal handlers.
Monitored metric train_loss did not improve in the last 352 records. Best score: 0.037. Signaling Trainer to stop.
GPU available: True (cuda), used: True
TPU available: False, using: 0 TPU cores
HPU available: False, using: 0 HPUs
LOCAL_RANK: 0 - CUDA_VISIBLE_DEVICES: [0]
SLURM auto-requeueing enabled. Setting signal handlers.
[I 2024-11-11 15:11:36,235] Trial 297 finished with value: 0.2417791187763214 and parameters: {'hidden_dim': 205, 'n_layers': 1, 'dropout': 0.10824640718055406, 'input_chunk_length': 43, 'learning_rate': 0.0008819214610376779, 'batch_size': 32}. Best is trial 1 with value: 0.1182749941945076.
GPU available: True (cuda), used: True
TPU available: False, using: 0 TPU cores
HPU available: False, using: 0 HPUs
LOCAL_RANK: 0 - CUDA_VISIBLE_DEVICES: [0]
SLURM auto-requeueing enabled. Setting signal handlers.
Monitored metric train_loss did not improve in the last 353 records. Best score: 0.037. Signaling Trainer to stop.
GPU available: True (cuda), used: True
TPU available: False, using: 0 TPU cores
HPU available: False, using: 0 HPUs
LOCAL_RANK: 0 - CUDA_VISIBLE_DEVICES: [0]
SLURM auto-requeueing enabled. Setting signal handlers.
[I 2024-11-11 15:11:58,947] Trial 298 finished with value: 0.3124261498451233 and parameters: {'hidden_dim': 162, 'n_layers': 1, 'dropout': 0.08596305994376859, 'input_chunk_length': 101, 'learning_rate': 4.75182474741571e-05, 'batch_size': 64}. Best is trial 1 with value: 0.1182749941945076.
GPU available: True (cuda), used: True
TPU available: False, using: 0 TPU cores
HPU available: False, using: 0 HPUs
LOCAL_RANK: 0 - CUDA_VISIBLE_DEVICES: [0]
SLURM auto-requeueing enabled. Setting signal handlers.
Monitored metric train_loss did not improve in the last 354 records. Best score: 0.037. Signaling Trainer to stop.
GPU available: True (cuda), used: True
TPU available: False, using: 0 TPU cores
HPU available: False, using: 0 HPUs
LOCAL_RANK: 0 - CUDA_VISIBLE_DEVICES: [0]
SLURM auto-requeueing enabled. Setting signal handlers.
[I 2024-11-11 15:12:22,993] Trial 299 finished with value: 0.28014686703681946 and parameters: {'hidden_dim': 181, 'n_layers': 1, 'dropout': 0.10062361557451764, 'input_chunk_length': 106, 'learning_rate': 0.0012280873691569375, 'batch_size': 32}. Best is trial 1 with value: 0.1182749941945076.
GPU available: True (cuda), used: True
TPU available: False, using: 0 TPU cores
HPU available: False, using: 0 HPUs
LOCAL_RANK: 0 - CUDA_VISIBLE_DEVICES: [0]

   | Name                              | Type                             | Params | Mode 
------------------------------------------------------------------------------------------------
0  | train_metrics                     | MetricCollection                 | 0      | train
1  | val_metrics                       | MetricCollection                 | 0      | train
2  | input_embeddings                  | _MultiEmbedding                  | 0      | train
3  | static_covariates_vsn             | _VariableSelectionNetwork        | 0      | train
4  | encoder_vsn                       | _VariableSelectionNetwork        | 43.2 K | train
5  | decoder_vsn                       | _VariableSelectionNetwork        | 40.9 K | train
6  | static_context_grn                | _GatedResidualNetwork            | 19.5 K | train
7  | static_context_hidden_encoder_grn | _GatedResidualNetwork            | 19.5 K | train
8  | static_context_cell_encoder_grn   | _GatedResidualNetwork            | 19.5 K | train
9  | static_context_enrichment         | _GatedResidualNetwork            | 19.5 K | train
10 | lstm_encoder                      | LSTM                             | 38.6 K | train
11 | lstm_decoder                      | LSTM                             | 38.6 K | train
12 | post_lstm_gan                     | _GateAddNorm                     | 9.8 K  | train
13 | static_enrichment_grn             | _GatedResidualNetwork            | 24.2 K | train
14 | multihead_attn                    | _InterpretableMultiHeadAttention | 11.9 K | train
15 | post_attn_gan                     | _GateAddNorm                     | 9.8 K  | train
16 | feed_forward_block                | _GatedResidualNetwork            | 19.5 K | train
17 | pre_output_gan                    | _GateAddNorm                     | 9.8 K  | train
18 | output_layer                      | Linear                           | 1.2 K  | train
------------------------------------------------------------------------------------------------
325 K     Trainable params
0         Non-trainable params
325 K     Total params
1.300     Total estimated model params size (MB)
738       Modules in train mode
0         Modules in eval mode
SLURM auto-requeueing enabled. Setting signal handlers.
`Trainer.fit` stopped: `max_epochs=15` reached.
GPU available: True (cuda), used: True
TPU available: False, using: 0 TPU cores
HPU available: False, using: 0 HPUs
LOCAL_RANK: 0 - CUDA_VISIBLE_DEVICES: [0]
SLURM auto-requeueing enabled. Setting signal handlers.
