[I 2024-11-05 06:37:46,011] Trial 247 finished with value: 0.3022702634334564 and parameters: {'hidden_dim': 133, 'n_layers': 4, 'dropout': 0.07454722737286522, 'input_chunk_length': 77, 'learning_rate': 0.0008499171833177969, 'batch_size': 32}. Best is trial 1 with value: 0.09405231475830078.
GPU available: True (cuda), used: True
TPU available: False, using: 0 TPU cores
HPU available: False, using: 0 HPUs
LOCAL_RANK: 0 - CUDA_VISIBLE_DEVICES: [0,1,2,3]
SLURM auto-requeueing enabled. Setting signal handlers.
Monitored metric train_loss did not improve in the last 304 records. Best score: 0.020. Signaling Trainer to stop.
GPU available: True (cuda), used: True
TPU available: False, using: 0 TPU cores
HPU available: False, using: 0 HPUs
LOCAL_RANK: 0 - CUDA_VISIBLE_DEVICES: [0,1,2,3]
SLURM auto-requeueing enabled. Setting signal handlers.
[I 2024-11-05 06:38:01,114] Trial 248 finished with value: 0.32285276055336 and parameters: {'hidden_dim': 108, 'n_layers': 4, 'dropout': 0.3641243077426995, 'input_chunk_length': 71, 'learning_rate': 0.0006762346436235507, 'batch_size': 64}. Best is trial 1 with value: 0.09405231475830078.
GPU available: True (cuda), used: True
TPU available: False, using: 0 TPU cores
HPU available: False, using: 0 HPUs
LOCAL_RANK: 0 - CUDA_VISIBLE_DEVICES: [0,1,2,3]
SLURM auto-requeueing enabled. Setting signal handlers.
Monitored metric train_loss did not improve in the last 305 records. Best score: 0.020. Signaling Trainer to stop.
GPU available: True (cuda), used: True
TPU available: False, using: 0 TPU cores
HPU available: False, using: 0 HPUs
LOCAL_RANK: 0 - CUDA_VISIBLE_DEVICES: [0,1,2,3]
SLURM auto-requeueing enabled. Setting signal handlers.
[I 2024-11-05 06:38:17,773] Trial 249 finished with value: 0.3341512978076935 and parameters: {'hidden_dim': 116, 'n_layers': 4, 'dropout': 0.16288619840274357, 'input_chunk_length': 73, 'learning_rate': 0.0005530425749993293, 'batch_size': 32}. Best is trial 1 with value: 0.09405231475830078.
GPU available: True (cuda), used: True
TPU available: False, using: 0 TPU cores
HPU available: False, using: 0 HPUs
LOCAL_RANK: 0 - CUDA_VISIBLE_DEVICES: [0,1,2,3]
SLURM auto-requeueing enabled. Setting signal handlers.
Monitored metric train_loss did not improve in the last 306 records. Best score: 0.020. Signaling Trainer to stop.
GPU available: True (cuda), used: True
TPU available: False, using: 0 TPU cores
HPU available: False, using: 0 HPUs
LOCAL_RANK: 0 - CUDA_VISIBLE_DEVICES: [0,1,2,3]
SLURM auto-requeueing enabled. Setting signal handlers.
[I 2024-11-05 06:38:36,692] Trial 250 finished with value: 0.38080695271492004 and parameters: {'hidden_dim': 145, 'n_layers': 4, 'dropout': 0.3300099452317992, 'input_chunk_length': 80, 'learning_rate': 0.007096390713789803, 'batch_size': 32}. Best is trial 1 with value: 0.09405231475830078.
GPU available: True (cuda), used: True
TPU available: False, using: 0 TPU cores
HPU available: False, using: 0 HPUs
LOCAL_RANK: 0 - CUDA_VISIBLE_DEVICES: [0,1,2,3]
SLURM auto-requeueing enabled. Setting signal handlers.
Monitored metric train_loss did not improve in the last 307 records. Best score: 0.020. Signaling Trainer to stop.
GPU available: True (cuda), used: True
TPU available: False, using: 0 TPU cores
HPU available: False, using: 0 HPUs
LOCAL_RANK: 0 - CUDA_VISIBLE_DEVICES: [0,1,2,3]
SLURM auto-requeueing enabled. Setting signal handlers.
[I 2024-11-05 06:38:53,799] Trial 251 finished with value: 0.3209342062473297 and parameters: {'hidden_dim': 122, 'n_layers': 4, 'dropout': 0.41003570886068197, 'input_chunk_length': 67, 'learning_rate': 0.000770944456930322, 'batch_size': 32}. Best is trial 1 with value: 0.09405231475830078.
GPU available: True (cuda), used: True
TPU available: False, using: 0 TPU cores
HPU available: False, using: 0 HPUs
LOCAL_RANK: 0 - CUDA_VISIBLE_DEVICES: [0,1,2,3]
SLURM auto-requeueing enabled. Setting signal handlers.
Monitored metric train_loss did not improve in the last 308 records. Best score: 0.020. Signaling Trainer to stop.
GPU available: True (cuda), used: True
TPU available: False, using: 0 TPU cores
HPU available: False, using: 0 HPUs
LOCAL_RANK: 0 - CUDA_VISIBLE_DEVICES: [0,1,2,3]
SLURM auto-requeueing enabled. Setting signal handlers.
[I 2024-11-05 06:39:13,795] Trial 252 finished with value: 0.37589070200920105 and parameters: {'hidden_dim': 138, 'n_layers': 6, 'dropout': 0.20498386233756988, 'input_chunk_length': 77, 'learning_rate': 0.0052560375032082345, 'batch_size': 32}. Best is trial 1 with value: 0.09405231475830078.
GPU available: True (cuda), used: True
TPU available: False, using: 0 TPU cores
HPU available: False, using: 0 HPUs
LOCAL_RANK: 0 - CUDA_VISIBLE_DEVICES: [0,1,2,3]
SLURM auto-requeueing enabled. Setting signal handlers.
Monitored metric train_loss did not improve in the last 309 records. Best score: 0.020. Signaling Trainer to stop.
GPU available: True (cuda), used: True
TPU available: False, using: 0 TPU cores
HPU available: False, using: 0 HPUs
LOCAL_RANK: 0 - CUDA_VISIBLE_DEVICES: [0,1,2,3]
SLURM auto-requeueing enabled. Setting signal handlers.
[I 2024-11-05 06:39:32,077] Trial 253 finished with value: 0.31112566590309143 and parameters: {'hidden_dim': 162, 'n_layers': 4, 'dropout': 0.05351209933625185, 'input_chunk_length': 53, 'learning_rate': 0.0006228137278130652, 'batch_size': 32}. Best is trial 1 with value: 0.09405231475830078.
GPU available: True (cuda), used: True
TPU available: False, using: 0 TPU cores
HPU available: False, using: 0 HPUs
LOCAL_RANK: 0 - CUDA_VISIBLE_DEVICES: [0,1,2,3]
SLURM auto-requeueing enabled. Setting signal handlers.
Monitored metric train_loss did not improve in the last 310 records. Best score: 0.020. Signaling Trainer to stop.
GPU available: True (cuda), used: True
TPU available: False, using: 0 TPU cores
HPU available: False, using: 0 HPUs
LOCAL_RANK: 0 - CUDA_VISIBLE_DEVICES: [0,1,2,3]
SLURM auto-requeueing enabled. Setting signal handlers.
[I 2024-11-05 06:39:50,366] Trial 254 finished with value: 0.24167098104953766 and parameters: {'hidden_dim': 150, 'n_layers': 1, 'dropout': 0.24229517693440036, 'input_chunk_length': 103, 'learning_rate': 0.0030412926756455123, 'batch_size': 32}. Best is trial 1 with value: 0.09405231475830078.
GPU available: True (cuda), used: True
TPU available: False, using: 0 TPU cores
HPU available: False, using: 0 HPUs
LOCAL_RANK: 0 - CUDA_VISIBLE_DEVICES: [0,1,2,3]
SLURM auto-requeueing enabled. Setting signal handlers.
Monitored metric train_loss did not improve in the last 311 records. Best score: 0.020. Signaling Trainer to stop.
GPU available: True (cuda), used: True
TPU available: False, using: 0 TPU cores
HPU available: False, using: 0 HPUs
LOCAL_RANK: 0 - CUDA_VISIBLE_DEVICES: [0,1,2,3]
SLURM auto-requeueing enabled. Setting signal handlers.
[I 2024-11-05 06:40:08,305] Trial 255 finished with value: 0.35797929763793945 and parameters: {'hidden_dim': 153, 'n_layers': 1, 'dropout': 0.239501882179879, 'input_chunk_length': 102, 'learning_rate': 5.481635520299342e-05, 'batch_size': 32}. Best is trial 1 with value: 0.09405231475830078.
GPU available: True (cuda), used: True
TPU available: False, using: 0 TPU cores
HPU available: False, using: 0 HPUs
LOCAL_RANK: 0 - CUDA_VISIBLE_DEVICES: [0,1,2,3]
SLURM auto-requeueing enabled. Setting signal handlers.
Monitored metric train_loss did not improve in the last 312 records. Best score: 0.020. Signaling Trainer to stop.
GPU available: True (cuda), used: True
TPU available: False, using: 0 TPU cores
HPU available: False, using: 0 HPUs
LOCAL_RANK: 0 - CUDA_VISIBLE_DEVICES: [0,1,2,3]
SLURM auto-requeueing enabled. Setting signal handlers.
[I 2024-11-05 06:40:29,271] Trial 256 finished with value: 0.4719279706478119 and parameters: {'hidden_dim': 292, 'n_layers': 3, 'dropout': 0.22764889684490683, 'input_chunk_length': 98, 'learning_rate': 0.004065001427520248, 'batch_size': 64}. Best is trial 1 with value: 0.09405231475830078.
GPU available: True (cuda), used: True
TPU available: False, using: 0 TPU cores
HPU available: False, using: 0 HPUs
LOCAL_RANK: 0 - CUDA_VISIBLE_DEVICES: [0,1,2,3]
SLURM auto-requeueing enabled. Setting signal handlers.
Monitored metric train_loss did not improve in the last 313 records. Best score: 0.020. Signaling Trainer to stop.
GPU available: True (cuda), used: True
TPU available: False, using: 0 TPU cores
HPU available: False, using: 0 HPUs
LOCAL_RANK: 0 - CUDA_VISIBLE_DEVICES: [0,1,2,3]
SLURM auto-requeueing enabled. Setting signal handlers.
[I 2024-11-05 06:40:52,913] Trial 257 finished with value: 0.32492125034332275 and parameters: {'hidden_dim': 173, 'n_layers': 5, 'dropout': 0.271942472741846, 'input_chunk_length': 103, 'learning_rate': 0.002683373589894671, 'batch_size': 32}. Best is trial 1 with value: 0.09405231475830078.
GPU available: True (cuda), used: True
TPU available: False, using: 0 TPU cores
HPU available: False, using: 0 HPUs
LOCAL_RANK: 0 - CUDA_VISIBLE_DEVICES: [0,1,2,3]
SLURM auto-requeueing enabled. Setting signal handlers.
Monitored metric train_loss did not improve in the last 314 records. Best score: 0.020. Signaling Trainer to stop.
GPU available: True (cuda), used: True
TPU available: False, using: 0 TPU cores
HPU available: False, using: 0 HPUs
LOCAL_RANK: 0 - CUDA_VISIBLE_DEVICES: [0,1,2,3]
SLURM auto-requeueing enabled. Setting signal handlers.
[I 2024-11-05 06:41:09,894] Trial 258 finished with value: 0.313848078250885 and parameters: {'hidden_dim': 158, 'n_layers': 1, 'dropout': 0.23572695605736196, 'input_chunk_length': 69, 'learning_rate': 0.0023104802789575608, 'batch_size': 32}. Best is trial 1 with value: 0.09405231475830078.
GPU available: True (cuda), used: True
TPU available: False, using: 0 TPU cores
HPU available: False, using: 0 HPUs
LOCAL_RANK: 0 - CUDA_VISIBLE_DEVICES: [0,1,2,3]
SLURM auto-requeueing enabled. Setting signal handlers.
Monitored metric train_loss did not improve in the last 315 records. Best score: 0.020. Signaling Trainer to stop.
GPU available: True (cuda), used: True
TPU available: False, using: 0 TPU cores
HPU available: False, using: 0 HPUs
LOCAL_RANK: 0 - CUDA_VISIBLE_DEVICES: [0,1,2,3]
SLURM auto-requeueing enabled. Setting signal handlers.
[I 2024-11-05 06:41:28,581] Trial 259 finished with value: 0.3380603790283203 and parameters: {'hidden_dim': 151, 'n_layers': 1, 'dropout': 0.14299250693143944, 'input_chunk_length': 119, 'learning_rate': 0.0031024166347227056, 'batch_size': 32}. Best is trial 1 with value: 0.09405231475830078.
GPU available: True (cuda), used: True
TPU available: False, using: 0 TPU cores
HPU available: False, using: 0 HPUs
LOCAL_RANK: 0 - CUDA_VISIBLE_DEVICES: [0,1,2,3]
SLURM auto-requeueing enabled. Setting signal handlers.
Monitored metric train_loss did not improve in the last 316 records. Best score: 0.020. Signaling Trainer to stop.
GPU available: True (cuda), used: True
TPU available: False, using: 0 TPU cores
HPU available: False, using: 0 HPUs
LOCAL_RANK: 0 - CUDA_VISIBLE_DEVICES: [0,1,2,3]
SLURM auto-requeueing enabled. Setting signal handlers.
[I 2024-11-05 06:41:46,287] Trial 260 finished with value: 0.3243984282016754 and parameters: {'hidden_dim': 245, 'n_layers': 1, 'dropout': 0.09211351198100778, 'input_chunk_length': 64, 'learning_rate': 0.0035280903494109487, 'batch_size': 32}. Best is trial 1 with value: 0.09405231475830078.
GPU available: True (cuda), used: True
TPU available: False, using: 0 TPU cores
HPU available: False, using: 0 HPUs
LOCAL_RANK: 0 - CUDA_VISIBLE_DEVICES: [0,1,2,3]
SLURM auto-requeueing enabled. Setting signal handlers.
Monitored metric train_loss did not improve in the last 317 records. Best score: 0.020. Signaling Trainer to stop.
GPU available: True (cuda), used: True
TPU available: False, using: 0 TPU cores
HPU available: False, using: 0 HPUs
LOCAL_RANK: 0 - CUDA_VISIBLE_DEVICES: [0,1,2,3]
SLURM auto-requeueing enabled. Setting signal handlers.
[I 2024-11-05 06:42:08,991] Trial 261 finished with value: 0.36954614520072937 and parameters: {'hidden_dim': 194, 'n_layers': 3, 'dropout': 0.2957687675069164, 'input_chunk_length': 124, 'learning_rate': 0.0025877506047774345, 'batch_size': 32}. Best is trial 1 with value: 0.09405231475830078.
GPU available: True (cuda), used: True
TPU available: False, using: 0 TPU cores
HPU available: False, using: 0 HPUs
LOCAL_RANK: 0 - CUDA_VISIBLE_DEVICES: [0,1,2,3]
SLURM auto-requeueing enabled. Setting signal handlers.
Monitored metric train_loss did not improve in the last 318 records. Best score: 0.020. Signaling Trainer to stop.
GPU available: True (cuda), used: True
TPU available: False, using: 0 TPU cores
HPU available: False, using: 0 HPUs
LOCAL_RANK: 0 - CUDA_VISIBLE_DEVICES: [0,1,2,3]
SLURM auto-requeueing enabled. Setting signal handlers.
[I 2024-11-05 06:42:27,763] Trial 262 finished with value: 0.2685297727584839 and parameters: {'hidden_dim': 178, 'n_layers': 1, 'dropout': 0.27868224276614745, 'input_chunk_length': 107, 'learning_rate': 0.002027959141677918, 'batch_size': 32}. Best is trial 1 with value: 0.09405231475830078.
GPU available: True (cuda), used: True
TPU available: False, using: 0 TPU cores
HPU available: False, using: 0 HPUs
LOCAL_RANK: 0 - CUDA_VISIBLE_DEVICES: [0,1,2,3]
SLURM auto-requeueing enabled. Setting signal handlers.
Monitored metric train_loss did not improve in the last 319 records. Best score: 0.020. Signaling Trainer to stop.
GPU available: True (cuda), used: True
TPU available: False, using: 0 TPU cores
HPU available: False, using: 0 HPUs
LOCAL_RANK: 0 - CUDA_VISIBLE_DEVICES: [0,1,2,3]
SLURM auto-requeueing enabled. Setting signal handlers.
[I 2024-11-05 06:42:46,840] Trial 263 finished with value: 0.23049038648605347 and parameters: {'hidden_dim': 182, 'n_layers': 1, 'dropout': 0.24860233587022595, 'input_chunk_length': 110, 'learning_rate': 0.0017484388547440214, 'batch_size': 32}. Best is trial 1 with value: 0.09405231475830078.
GPU available: True (cuda), used: True
TPU available: False, using: 0 TPU cores
HPU available: False, using: 0 HPUs
LOCAL_RANK: 0 - CUDA_VISIBLE_DEVICES: [0,1,2,3]
SLURM auto-requeueing enabled. Setting signal handlers.
Monitored metric train_loss did not improve in the last 320 records. Best score: 0.020. Signaling Trainer to stop.
GPU available: True (cuda), used: True
TPU available: False, using: 0 TPU cores
HPU available: False, using: 0 HPUs
LOCAL_RANK: 0 - CUDA_VISIBLE_DEVICES: [0,1,2,3]
SLURM auto-requeueing enabled. Setting signal handlers.
[I 2024-11-05 06:43:05,521] Trial 264 finished with value: 0.26197007298469543 and parameters: {'hidden_dim': 182, 'n_layers': 1, 'dropout': 0.24806594960272588, 'input_chunk_length': 104, 'learning_rate': 0.0031536754241382556, 'batch_size': 32}. Best is trial 1 with value: 0.09405231475830078.
GPU available: True (cuda), used: True
TPU available: False, using: 0 TPU cores
HPU available: False, using: 0 HPUs
LOCAL_RANK: 0 - CUDA_VISIBLE_DEVICES: [0,1,2,3]
SLURM auto-requeueing enabled. Setting signal handlers.
Monitored metric train_loss did not improve in the last 321 records. Best score: 0.020. Signaling Trainer to stop.
GPU available: True (cuda), used: True
TPU available: False, using: 0 TPU cores
HPU available: False, using: 0 HPUs
LOCAL_RANK: 0 - CUDA_VISIBLE_DEVICES: [0,1,2,3]
SLURM auto-requeueing enabled. Setting signal handlers.
[I 2024-11-05 06:43:24,499] Trial 265 finished with value: 0.23552586138248444 and parameters: {'hidden_dim': 182, 'n_layers': 1, 'dropout': 0.2511048323608143, 'input_chunk_length': 105, 'learning_rate': 0.001991190080042149, 'batch_size': 32}. Best is trial 1 with value: 0.09405231475830078.
GPU available: True (cuda), used: True
TPU available: False, using: 0 TPU cores
HPU available: False, using: 0 HPUs
LOCAL_RANK: 0 - CUDA_VISIBLE_DEVICES: [0,1,2,3]
SLURM auto-requeueing enabled. Setting signal handlers.
Monitored metric train_loss did not improve in the last 322 records. Best score: 0.020. Signaling Trainer to stop.
GPU available: True (cuda), used: True
TPU available: False, using: 0 TPU cores
HPU available: False, using: 0 HPUs
LOCAL_RANK: 0 - CUDA_VISIBLE_DEVICES: [0,1,2,3]
SLURM auto-requeueing enabled. Setting signal handlers.
[I 2024-11-05 06:43:43,007] Trial 266 finished with value: 0.40078991651535034 and parameters: {'hidden_dim': 181, 'n_layers': 1, 'dropout': 0.2511683538249179, 'input_chunk_length': 108, 'learning_rate': 0.0019405646023399786, 'batch_size': 64}. Best is trial 1 with value: 0.09405231475830078.
GPU available: True (cuda), used: True
TPU available: False, using: 0 TPU cores
HPU available: False, using: 0 HPUs
LOCAL_RANK: 0 - CUDA_VISIBLE_DEVICES: [0,1,2,3]
SLURM auto-requeueing enabled. Setting signal handlers.
Monitored metric train_loss did not improve in the last 323 records. Best score: 0.020. Signaling Trainer to stop.
GPU available: True (cuda), used: True
TPU available: False, using: 0 TPU cores
HPU available: False, using: 0 HPUs
LOCAL_RANK: 0 - CUDA_VISIBLE_DEVICES: [0,1,2,3]
SLURM auto-requeueing enabled. Setting signal handlers.
[I 2024-11-05 06:44:01,890] Trial 267 finished with value: 0.24763242900371552 and parameters: {'hidden_dim': 179, 'n_layers': 1, 'dropout': 0.2632967514922153, 'input_chunk_length': 105, 'learning_rate': 0.0013709723454825393, 'batch_size': 32}. Best is trial 1 with value: 0.09405231475830078.
GPU available: True (cuda), used: True
TPU available: False, using: 0 TPU cores
HPU available: False, using: 0 HPUs
LOCAL_RANK: 0 - CUDA_VISIBLE_DEVICES: [0,1,2,3]
SLURM auto-requeueing enabled. Setting signal handlers.
Monitored metric train_loss did not improve in the last 324 records. Best score: 0.020. Signaling Trainer to stop.
GPU available: True (cuda), used: True
TPU available: False, using: 0 TPU cores
HPU available: False, using: 0 HPUs
LOCAL_RANK: 0 - CUDA_VISIBLE_DEVICES: [0,1,2,3]
SLURM auto-requeueing enabled. Setting signal handlers.
[I 2024-11-05 06:44:20,637] Trial 268 finished with value: 0.3044950067996979 and parameters: {'hidden_dim': 181, 'n_layers': 1, 'dropout': 0.2632534425781818, 'input_chunk_length': 101, 'learning_rate': 0.0014992485135153066, 'batch_size': 32}. Best is trial 1 with value: 0.09405231475830078.
GPU available: True (cuda), used: True
TPU available: False, using: 0 TPU cores
HPU available: False, using: 0 HPUs
LOCAL_RANK: 0 - CUDA_VISIBLE_DEVICES: [0,1,2,3]
SLURM auto-requeueing enabled. Setting signal handlers.
Monitored metric train_loss did not improve in the last 325 records. Best score: 0.020. Signaling Trainer to stop.
GPU available: True (cuda), used: True
TPU available: False, using: 0 TPU cores
HPU available: False, using: 0 HPUs
LOCAL_RANK: 0 - CUDA_VISIBLE_DEVICES: [0,1,2,3]
SLURM auto-requeueing enabled. Setting signal handlers.
[I 2024-11-05 06:44:39,137] Trial 269 finished with value: 0.2944735288619995 and parameters: {'hidden_dim': 188, 'n_layers': 1, 'dropout': 0.24341815073638684, 'input_chunk_length': 104, 'learning_rate': 0.0017514751679481163, 'batch_size': 32}. Best is trial 1 with value: 0.09405231475830078.
GPU available: True (cuda), used: True
TPU available: False, using: 0 TPU cores
HPU available: False, using: 0 HPUs
LOCAL_RANK: 0 - CUDA_VISIBLE_DEVICES: [0,1,2,3]
SLURM auto-requeueing enabled. Setting signal handlers.
Monitored metric train_loss did not improve in the last 326 records. Best score: 0.020. Signaling Trainer to stop.
GPU available: True (cuda), used: True
TPU available: False, using: 0 TPU cores
HPU available: False, using: 0 HPUs
LOCAL_RANK: 0 - CUDA_VISIBLE_DEVICES: [0,1,2,3]
SLURM auto-requeueing enabled. Setting signal handlers.
[I 2024-11-05 06:44:57,675] Trial 270 finished with value: 0.2846585810184479 and parameters: {'hidden_dim': 171, 'n_layers': 1, 'dropout': 0.2544859584202401, 'input_chunk_length': 105, 'learning_rate': 0.0022308273997846554, 'batch_size': 32}. Best is trial 1 with value: 0.09405231475830078.
GPU available: True (cuda), used: True
TPU available: False, using: 0 TPU cores
HPU available: False, using: 0 HPUs
LOCAL_RANK: 0 - CUDA_VISIBLE_DEVICES: [0,1,2,3]
SLURM auto-requeueing enabled. Setting signal handlers.
Monitored metric train_loss did not improve in the last 327 records. Best score: 0.020. Signaling Trainer to stop.
GPU available: True (cuda), used: True
TPU available: False, using: 0 TPU cores
HPU available: False, using: 0 HPUs
LOCAL_RANK: 0 - CUDA_VISIBLE_DEVICES: [0,1,2,3]
SLURM auto-requeueing enabled. Setting signal handlers.
[I 2024-11-05 06:45:16,264] Trial 271 finished with value: 0.3068048655986786 and parameters: {'hidden_dim': 174, 'n_layers': 1, 'dropout': 0.2630864252373215, 'input_chunk_length': 106, 'learning_rate': 0.002051746558649969, 'batch_size': 32}. Best is trial 1 with value: 0.09405231475830078.
GPU available: True (cuda), used: True
TPU available: False, using: 0 TPU cores
HPU available: False, using: 0 HPUs
LOCAL_RANK: 0 - CUDA_VISIBLE_DEVICES: [0,1,2,3]
SLURM auto-requeueing enabled. Setting signal handlers.
Monitored metric train_loss did not improve in the last 328 records. Best score: 0.020. Signaling Trainer to stop.
GPU available: True (cuda), used: True
TPU available: False, using: 0 TPU cores
HPU available: False, using: 0 HPUs
LOCAL_RANK: 0 - CUDA_VISIBLE_DEVICES: [0,1,2,3]
SLURM auto-requeueing enabled. Setting signal handlers.
