[I 2024-11-04 16:53:22,430] Trial 295 finished with value: 0.31536146998405457 and parameters: {'hidden_dim': 415, 'n_layers': 1, 'dropout': 0.1769715558135491, 'input_chunk_length': 61, 'learning_rate': 0.0004001479948353859, 'batch_size': 32}. Best is trial 1 with value: 0.09709455817937851.
GPU available: True (cuda), used: True
TPU available: False, using: 0 TPU cores
HPU available: False, using: 0 HPUs
LOCAL_RANK: 0 - CUDA_VISIBLE_DEVICES: [0,1,2,3]
SLURM auto-requeueing enabled. Setting signal handlers.
Monitored metric train_loss did not improve in the last 353 records. Best score: 0.050. Signaling Trainer to stop.
GPU available: True (cuda), used: True
TPU available: False, using: 0 TPU cores
HPU available: False, using: 0 HPUs
LOCAL_RANK: 0 - CUDA_VISIBLE_DEVICES: [0,1,2,3]
SLURM auto-requeueing enabled. Setting signal handlers.
[I 2024-11-04 16:53:37,732] Trial 296 finished with value: 0.3607049584388733 and parameters: {'hidden_dim': 415, 'n_layers': 1, 'dropout': 0.17749267266427957, 'input_chunk_length': 60, 'learning_rate': 0.0003787896959750513, 'batch_size': 32}. Best is trial 1 with value: 0.09709455817937851.
GPU available: True (cuda), used: True
TPU available: False, using: 0 TPU cores
HPU available: False, using: 0 HPUs
LOCAL_RANK: 0 - CUDA_VISIBLE_DEVICES: [0,1,2,3]
SLURM auto-requeueing enabled. Setting signal handlers.
Monitored metric train_loss did not improve in the last 354 records. Best score: 0.050. Signaling Trainer to stop.
GPU available: True (cuda), used: True
TPU available: False, using: 0 TPU cores
HPU available: False, using: 0 HPUs
LOCAL_RANK: 0 - CUDA_VISIBLE_DEVICES: [0,1,2,3]
SLURM auto-requeueing enabled. Setting signal handlers.
[I 2024-11-04 16:53:52,646] Trial 297 finished with value: 0.4808551073074341 and parameters: {'hidden_dim': 419, 'n_layers': 1, 'dropout': 0.16737516939180422, 'input_chunk_length': 62, 'learning_rate': 0.0004483464597685953, 'batch_size': 64}. Best is trial 1 with value: 0.09709455817937851.
GPU available: True (cuda), used: True
TPU available: False, using: 0 TPU cores
HPU available: False, using: 0 HPUs
LOCAL_RANK: 0 - CUDA_VISIBLE_DEVICES: [0,1,2,3]
SLURM auto-requeueing enabled. Setting signal handlers.
Monitored metric train_loss did not improve in the last 355 records. Best score: 0.050. Signaling Trainer to stop.
GPU available: True (cuda), used: True
TPU available: False, using: 0 TPU cores
HPU available: False, using: 0 HPUs
LOCAL_RANK: 0 - CUDA_VISIBLE_DEVICES: [0,1,2,3]
SLURM auto-requeueing enabled. Setting signal handlers.
[I 2024-11-04 16:54:07,933] Trial 298 finished with value: 0.34186431765556335 and parameters: {'hidden_dim': 412, 'n_layers': 1, 'dropout': 0.19066239568037147, 'input_chunk_length': 58, 'learning_rate': 0.00041494191224296346, 'batch_size': 32}. Best is trial 1 with value: 0.09709455817937851.
GPU available: True (cuda), used: True
TPU available: False, using: 0 TPU cores
HPU available: False, using: 0 HPUs
LOCAL_RANK: 0 - CUDA_VISIBLE_DEVICES: [0,1,2,3]
SLURM auto-requeueing enabled. Setting signal handlers.
Monitored metric train_loss did not improve in the last 356 records. Best score: 0.050. Signaling Trainer to stop.
GPU available: True (cuda), used: True
TPU available: False, using: 0 TPU cores
HPU available: False, using: 0 HPUs
LOCAL_RANK: 0 - CUDA_VISIBLE_DEVICES: [0,1,2,3]
SLURM auto-requeueing enabled. Setting signal handlers.
[I 2024-11-04 16:54:23,543] Trial 299 finished with value: 0.3837656080722809 and parameters: {'hidden_dim': 428, 'n_layers': 1, 'dropout': 0.17646164154953997, 'input_chunk_length': 66, 'learning_rate': 0.0002988203010264875, 'batch_size': 32}. Best is trial 1 with value: 0.09709455817937851.
GPU available: True (cuda), used: True
TPU available: False, using: 0 TPU cores
HPU available: False, using: 0 HPUs
LOCAL_RANK: 0 - CUDA_VISIBLE_DEVICES: [0,1,2,3]
SLURM auto-requeueing enabled. Setting signal handlers.
Monitored metric train_loss did not improve in the last 357 records. Best score: 0.050. Signaling Trainer to stop.
GPU available: True (cuda), used: True
TPU available: False, using: 0 TPU cores
HPU available: False, using: 0 HPUs
LOCAL_RANK: 0 - CUDA_VISIBLE_DEVICES: [0,1,2,3]
SLURM auto-requeueing enabled. Setting signal handlers.
[I 2024-11-04 16:54:39,348] Trial 300 finished with value: 0.4187968671321869 and parameters: {'hidden_dim': 441, 'n_layers': 1, 'dropout': 0.20581535821565416, 'input_chunk_length': 64, 'learning_rate': 0.00036343278199543755, 'batch_size': 32}. Best is trial 1 with value: 0.09709455817937851.
GPU available: True (cuda), used: True
TPU available: False, using: 0 TPU cores
HPU available: False, using: 0 HPUs
LOCAL_RANK: 0 - CUDA_VISIBLE_DEVICES: [0,1,2,3]
SLURM auto-requeueing enabled. Setting signal handlers.
Monitored metric train_loss did not improve in the last 358 records. Best score: 0.050. Signaling Trainer to stop.
GPU available: True (cuda), used: True
TPU available: False, using: 0 TPU cores
HPU available: False, using: 0 HPUs
LOCAL_RANK: 0 - CUDA_VISIBLE_DEVICES: [0,1,2,3]
SLURM auto-requeueing enabled. Setting signal handlers.
[I 2024-11-04 16:54:54,239] Trial 301 finished with value: 0.2920207977294922 and parameters: {'hidden_dim': 410, 'n_layers': 1, 'dropout': 0.16237106342624785, 'input_chunk_length': 51, 'learning_rate': 0.0005080162689910464, 'batch_size': 32}. Best is trial 1 with value: 0.09709455817937851.
GPU available: True (cuda), used: True
TPU available: False, using: 0 TPU cores
HPU available: False, using: 0 HPUs
LOCAL_RANK: 0 - CUDA_VISIBLE_DEVICES: [0,1,2,3]
SLURM auto-requeueing enabled. Setting signal handlers.
Monitored metric train_loss did not improve in the last 359 records. Best score: 0.050. Signaling Trainer to stop.
GPU available: True (cuda), used: True
TPU available: False, using: 0 TPU cores
HPU available: False, using: 0 HPUs
LOCAL_RANK: 0 - CUDA_VISIBLE_DEVICES: [0,1,2,3]
SLURM auto-requeueing enabled. Setting signal handlers.
[I 2024-11-04 16:55:09,455] Trial 302 finished with value: 0.4467178285121918 and parameters: {'hidden_dim': 406, 'n_layers': 1, 'dropout': 0.16318332057081156, 'input_chunk_length': 51, 'learning_rate': 0.0004785408875504057, 'batch_size': 32}. Best is trial 1 with value: 0.09709455817937851.
GPU available: True (cuda), used: True
TPU available: False, using: 0 TPU cores
HPU available: False, using: 0 HPUs
LOCAL_RANK: 0 - CUDA_VISIBLE_DEVICES: [0,1,2,3]
SLURM auto-requeueing enabled. Setting signal handlers.
Monitored metric train_loss did not improve in the last 360 records. Best score: 0.050. Signaling Trainer to stop.
GPU available: True (cuda), used: True
TPU available: False, using: 0 TPU cores
HPU available: False, using: 0 HPUs
LOCAL_RANK: 0 - CUDA_VISIBLE_DEVICES: [0,1,2,3]
SLURM auto-requeueing enabled. Setting signal handlers.
[I 2024-11-04 16:55:24,107] Trial 303 finished with value: 0.3695337772369385 and parameters: {'hidden_dim': 414, 'n_layers': 1, 'dropout': 0.17523036540858633, 'input_chunk_length': 43, 'learning_rate': 4.7423692242545536e-05, 'batch_size': 32}. Best is trial 1 with value: 0.09709455817937851.
GPU available: True (cuda), used: True
TPU available: False, using: 0 TPU cores
HPU available: False, using: 0 HPUs
LOCAL_RANK: 0 - CUDA_VISIBLE_DEVICES: [0,1,2,3]
SLURM auto-requeueing enabled. Setting signal handlers.
Monitored metric train_loss did not improve in the last 361 records. Best score: 0.050. Signaling Trainer to stop.
GPU available: True (cuda), used: True
TPU available: False, using: 0 TPU cores
HPU available: False, using: 0 HPUs
LOCAL_RANK: 0 - CUDA_VISIBLE_DEVICES: [0,1,2,3]
SLURM auto-requeueing enabled. Setting signal handlers.
[I 2024-11-04 16:55:38,859] Trial 304 finished with value: 0.4766111373901367 and parameters: {'hidden_dim': 406, 'n_layers': 1, 'dropout': 0.18743468777009398, 'input_chunk_length': 46, 'learning_rate': 0.0004402427078523413, 'batch_size': 32}. Best is trial 1 with value: 0.09709455817937851.
GPU available: True (cuda), used: True
TPU available: False, using: 0 TPU cores
HPU available: False, using: 0 HPUs
LOCAL_RANK: 0 - CUDA_VISIBLE_DEVICES: [0,1,2,3]
SLURM auto-requeueing enabled. Setting signal handlers.
Monitored metric train_loss did not improve in the last 362 records. Best score: 0.050. Signaling Trainer to stop.
GPU available: True (cuda), used: True
TPU available: False, using: 0 TPU cores
HPU available: False, using: 0 HPUs
LOCAL_RANK: 0 - CUDA_VISIBLE_DEVICES: [0,1,2,3]
SLURM auto-requeueing enabled. Setting signal handlers.
[I 2024-11-04 16:55:53,778] Trial 305 finished with value: 0.3394732177257538 and parameters: {'hidden_dim': 428, 'n_layers': 1, 'dropout': 0.16337726211937895, 'input_chunk_length': 54, 'learning_rate': 0.0005288587621214377, 'batch_size': 32}. Best is trial 1 with value: 0.09709455817937851.
GPU available: True (cuda), used: True
TPU available: False, using: 0 TPU cores
HPU available: False, using: 0 HPUs
LOCAL_RANK: 0 - CUDA_VISIBLE_DEVICES: [0,1,2,3]
SLURM auto-requeueing enabled. Setting signal handlers.
Monitored metric train_loss did not improve in the last 363 records. Best score: 0.050. Signaling Trainer to stop.
GPU available: True (cuda), used: True
TPU available: False, using: 0 TPU cores
HPU available: False, using: 0 HPUs
LOCAL_RANK: 0 - CUDA_VISIBLE_DEVICES: [0,1,2,3]
SLURM auto-requeueing enabled. Setting signal handlers.
[I 2024-11-04 16:56:08,439] Trial 306 finished with value: 0.3989575207233429 and parameters: {'hidden_dim': 401, 'n_layers': 1, 'dropout': 0.15316276623679986, 'input_chunk_length': 50, 'learning_rate': 0.00040576093096511784, 'batch_size': 64}. Best is trial 1 with value: 0.09709455817937851.
GPU available: True (cuda), used: True
TPU available: False, using: 0 TPU cores
HPU available: False, using: 0 HPUs
LOCAL_RANK: 0 - CUDA_VISIBLE_DEVICES: [0,1,2,3]
SLURM auto-requeueing enabled. Setting signal handlers.
Monitored metric train_loss did not improve in the last 364 records. Best score: 0.050. Signaling Trainer to stop.
GPU available: True (cuda), used: True
TPU available: False, using: 0 TPU cores
HPU available: False, using: 0 HPUs
LOCAL_RANK: 0 - CUDA_VISIBLE_DEVICES: [0,1,2,3]
SLURM auto-requeueing enabled. Setting signal handlers.
[I 2024-11-04 16:56:25,854] Trial 307 finished with value: 0.3542874753475189 and parameters: {'hidden_dim': 424, 'n_layers': 1, 'dropout': 0.49986051447515367, 'input_chunk_length': 111, 'learning_rate': 0.00034321186646611577, 'batch_size': 32}. Best is trial 1 with value: 0.09709455817937851.
GPU available: True (cuda), used: True
TPU available: False, using: 0 TPU cores
HPU available: False, using: 0 HPUs
LOCAL_RANK: 0 - CUDA_VISIBLE_DEVICES: [0,1,2,3]
SLURM auto-requeueing enabled. Setting signal handlers.
Monitored metric train_loss did not improve in the last 365 records. Best score: 0.050. Signaling Trainer to stop.
GPU available: True (cuda), used: True
TPU available: False, using: 0 TPU cores
HPU available: False, using: 0 HPUs
LOCAL_RANK: 0 - CUDA_VISIBLE_DEVICES: [0,1,2,3]
SLURM auto-requeueing enabled. Setting signal handlers.
[I 2024-11-04 16:56:40,938] Trial 308 finished with value: 0.3217582702636719 and parameters: {'hidden_dim': 414, 'n_layers': 1, 'dropout': 0.19992016562440149, 'input_chunk_length': 53, 'learning_rate': 0.0005282397677455193, 'batch_size': 32}. Best is trial 1 with value: 0.09709455817937851.
GPU available: True (cuda), used: True
TPU available: False, using: 0 TPU cores
HPU available: False, using: 0 HPUs
LOCAL_RANK: 0 - CUDA_VISIBLE_DEVICES: [0,1,2,3]
SLURM auto-requeueing enabled. Setting signal handlers.
Monitored metric train_loss did not improve in the last 366 records. Best score: 0.050. Signaling Trainer to stop.
GPU available: True (cuda), used: True
TPU available: False, using: 0 TPU cores
HPU available: False, using: 0 HPUs
LOCAL_RANK: 0 - CUDA_VISIBLE_DEVICES: [0,1,2,3]
SLURM auto-requeueing enabled. Setting signal handlers.
[I 2024-11-04 16:56:54,756] Trial 309 finished with value: 0.36684903502464294 and parameters: {'hidden_dim': 54, 'n_layers': 1, 'dropout': 0.170531375068028, 'input_chunk_length': 115, 'learning_rate': 0.0002774961801491326, 'batch_size': 32}. Best is trial 1 with value: 0.09709455817937851.
GPU available: True (cuda), used: True
TPU available: False, using: 0 TPU cores
HPU available: False, using: 0 HPUs
LOCAL_RANK: 0 - CUDA_VISIBLE_DEVICES: [0,1,2,3]
SLURM auto-requeueing enabled. Setting signal handlers.
Monitored metric train_loss did not improve in the last 367 records. Best score: 0.050. Signaling Trainer to stop.
GPU available: True (cuda), used: True
TPU available: False, using: 0 TPU cores
HPU available: False, using: 0 HPUs
LOCAL_RANK: 0 - CUDA_VISIBLE_DEVICES: [0,1,2,3]
SLURM auto-requeueing enabled. Setting signal handlers.
[I 2024-11-04 16:57:11,595] Trial 310 finished with value: 0.3411202132701874 and parameters: {'hidden_dim': 311, 'n_layers': 1, 'dropout': 0.18636509245015465, 'input_chunk_length': 105, 'learning_rate': 0.00048187131430353554, 'batch_size': 32}. Best is trial 1 with value: 0.09709455817937851.
GPU available: True (cuda), used: True
TPU available: False, using: 0 TPU cores
HPU available: False, using: 0 HPUs
LOCAL_RANK: 0 - CUDA_VISIBLE_DEVICES: [0,1,2,3]
SLURM auto-requeueing enabled. Setting signal handlers.
Monitored metric train_loss did not improve in the last 368 records. Best score: 0.050. Signaling Trainer to stop.
GPU available: True (cuda), used: True
TPU available: False, using: 0 TPU cores
HPU available: False, using: 0 HPUs
LOCAL_RANK: 0 - CUDA_VISIBLE_DEVICES: [0,1,2,3]
SLURM auto-requeueing enabled. Setting signal handlers.
[I 2024-11-04 16:57:25,620] Trial 311 finished with value: 0.363533616065979 and parameters: {'hidden_dim': 396, 'n_layers': 1, 'dropout': 0.15558139445956412, 'input_chunk_length': 39, 'learning_rate': 0.0005467860206222965, 'batch_size': 32}. Best is trial 1 with value: 0.09709455817937851.
GPU available: True (cuda), used: True
TPU available: False, using: 0 TPU cores
HPU available: False, using: 0 HPUs
LOCAL_RANK: 0 - CUDA_VISIBLE_DEVICES: [0,1,2,3]
SLURM auto-requeueing enabled. Setting signal handlers.
Monitored metric train_loss did not improve in the last 369 records. Best score: 0.050. Signaling Trainer to stop.
GPU available: True (cuda), used: True
TPU available: False, using: 0 TPU cores
HPU available: False, using: 0 HPUs
LOCAL_RANK: 0 - CUDA_VISIBLE_DEVICES: [0,1,2,3]
SLURM auto-requeueing enabled. Setting signal handlers.
[I 2024-11-04 16:57:40,043] Trial 312 finished with value: 0.30916640162467957 and parameters: {'hidden_dim': 447, 'n_layers': 1, 'dropout': 0.2175905549507103, 'input_chunk_length': 31, 'learning_rate': 0.0004051981987104606, 'batch_size': 32}. Best is trial 1 with value: 0.09709455817937851.
GPU available: True (cuda), used: True
TPU available: False, using: 0 TPU cores
HPU available: False, using: 0 HPUs
LOCAL_RANK: 0 - CUDA_VISIBLE_DEVICES: [0,1,2,3]
SLURM auto-requeueing enabled. Setting signal handlers.
Monitored metric train_loss did not improve in the last 370 records. Best score: 0.050. Signaling Trainer to stop.
GPU available: True (cuda), used: True
TPU available: False, using: 0 TPU cores
HPU available: False, using: 0 HPUs
LOCAL_RANK: 0 - CUDA_VISIBLE_DEVICES: [0,1,2,3]
SLURM auto-requeueing enabled. Setting signal handlers.
[I 2024-11-04 16:57:55,427] Trial 313 finished with value: 0.4559585154056549 and parameters: {'hidden_dim': 458, 'n_layers': 5, 'dropout': 0.22032398557596466, 'input_chunk_length': 23, 'learning_rate': 0.0003949449148010175, 'batch_size': 32}. Best is trial 1 with value: 0.09709455817937851.
GPU available: True (cuda), used: True
TPU available: False, using: 0 TPU cores
HPU available: False, using: 0 HPUs
LOCAL_RANK: 0 - CUDA_VISIBLE_DEVICES: [0,1,2,3]
SLURM auto-requeueing enabled. Setting signal handlers.
Monitored metric train_loss did not improve in the last 371 records. Best score: 0.050. Signaling Trainer to stop.
GPU available: True (cuda), used: True
TPU available: False, using: 0 TPU cores
HPU available: False, using: 0 HPUs
LOCAL_RANK: 0 - CUDA_VISIBLE_DEVICES: [0,1,2,3]
SLURM auto-requeueing enabled. Setting signal handlers.
[I 2024-11-04 16:58:08,604] Trial 314 finished with value: 0.36355942487716675 and parameters: {'hidden_dim': 445, 'n_layers': 1, 'dropout': 0.2142036375570935, 'input_chunk_length': 18, 'learning_rate': 0.00032517959221026107, 'batch_size': 64}. Best is trial 1 with value: 0.09709455817937851.
GPU available: True (cuda), used: True
TPU available: False, using: 0 TPU cores
HPU available: False, using: 0 HPUs
LOCAL_RANK: 0 - CUDA_VISIBLE_DEVICES: [0,1,2,3]
SLURM auto-requeueing enabled. Setting signal handlers.
Monitored metric train_loss did not improve in the last 372 records. Best score: 0.050. Signaling Trainer to stop.
GPU available: True (cuda), used: True
TPU available: False, using: 0 TPU cores
HPU available: False, using: 0 HPUs
LOCAL_RANK: 0 - CUDA_VISIBLE_DEVICES: [0,1,2,3]
SLURM auto-requeueing enabled. Setting signal handlers.
[I 2024-11-04 16:58:23,170] Trial 315 finished with value: 0.3483191430568695 and parameters: {'hidden_dim': 430, 'n_layers': 1, 'dropout': 0.23057369789020876, 'input_chunk_length': 38, 'learning_rate': 0.0004132867635451198, 'batch_size': 32}. Best is trial 1 with value: 0.09709455817937851.
GPU available: True (cuda), used: True
TPU available: False, using: 0 TPU cores
HPU available: False, using: 0 HPUs
LOCAL_RANK: 0 - CUDA_VISIBLE_DEVICES: [0,1,2,3]
SLURM auto-requeueing enabled. Setting signal handlers.
Monitored metric train_loss did not improve in the last 373 records. Best score: 0.050. Signaling Trainer to stop.
GPU available: True (cuda), used: True
TPU available: False, using: 0 TPU cores
HPU available: False, using: 0 HPUs
LOCAL_RANK: 0 - CUDA_VISIBLE_DEVICES: [0,1,2,3]
SLURM auto-requeueing enabled. Setting signal handlers.
[I 2024-11-04 16:58:38,561] Trial 316 finished with value: 0.3239538073539734 and parameters: {'hidden_dim': 446, 'n_layers': 5, 'dropout': 0.1992797758897406, 'input_chunk_length': 27, 'learning_rate': 0.00047660263304393017, 'batch_size': 32}. Best is trial 1 with value: 0.09709455817937851.
GPU available: True (cuda), used: True
TPU available: False, using: 0 TPU cores
HPU available: False, using: 0 HPUs
LOCAL_RANK: 0 - CUDA_VISIBLE_DEVICES: [0,1,2,3]
SLURM auto-requeueing enabled. Setting signal handlers.
Monitored metric train_loss did not improve in the last 374 records. Best score: 0.050. Signaling Trainer to stop.
GPU available: True (cuda), used: True
TPU available: False, using: 0 TPU cores
HPU available: False, using: 0 HPUs
LOCAL_RANK: 0 - CUDA_VISIBLE_DEVICES: [0,1,2,3]
SLURM auto-requeueing enabled. Setting signal handlers.
[I 2024-11-04 16:58:52,663] Trial 317 finished with value: 0.37086349725723267 and parameters: {'hidden_dim': 149, 'n_layers': 1, 'dropout': 0.37051970716345295, 'input_chunk_length': 76, 'learning_rate': 0.0003647335064574456, 'batch_size': 32}. Best is trial 1 with value: 0.09709455817937851.
GPU available: True (cuda), used: True
TPU available: False, using: 0 TPU cores
HPU available: False, using: 0 HPUs
LOCAL_RANK: 0 - CUDA_VISIBLE_DEVICES: [0,1,2,3]
SLURM auto-requeueing enabled. Setting signal handlers.
Monitored metric train_loss did not improve in the last 375 records. Best score: 0.050. Signaling Trainer to stop.
GPU available: True (cuda), used: True
TPU available: False, using: 0 TPU cores
HPU available: False, using: 0 HPUs
LOCAL_RANK: 0 - CUDA_VISIBLE_DEVICES: [0,1,2,3]
SLURM auto-requeueing enabled. Setting signal handlers.
[I 2024-11-04 16:59:08,983] Trial 318 finished with value: 0.4742053151130676 and parameters: {'hidden_dim': 437, 'n_layers': 1, 'dropout': 0.19462318516063032, 'input_chunk_length': 44, 'learning_rate': 0.0006123866698373948, 'batch_size': 32}. Best is trial 1 with value: 0.09709455817937851.
GPU available: True (cuda), used: True
TPU available: False, using: 0 TPU cores
HPU available: False, using: 0 HPUs
LOCAL_RANK: 0 - CUDA_VISIBLE_DEVICES: [0,1,2,3]
SLURM auto-requeueing enabled. Setting signal handlers.
Monitored metric train_loss did not improve in the last 376 records. Best score: 0.050. Signaling Trainer to stop.
GPU available: True (cuda), used: True
TPU available: False, using: 0 TPU cores
HPU available: False, using: 0 HPUs
LOCAL_RANK: 0 - CUDA_VISIBLE_DEVICES: [0,1,2,3]
SLURM auto-requeueing enabled. Setting signal handlers.
[I 2024-11-04 16:59:23,460] Trial 319 finished with value: 0.31931108236312866 and parameters: {'hidden_dim': 472, 'n_layers': 1, 'dropout': 0.20756679520088966, 'input_chunk_length': 31, 'learning_rate': 0.0004477894441426224, 'batch_size': 32}. Best is trial 1 with value: 0.09709455817937851.
GPU available: True (cuda), used: True
TPU available: False, using: 0 TPU cores
HPU available: False, using: 0 HPUs
LOCAL_RANK: 0 - CUDA_VISIBLE_DEVICES: [0,1,2,3]
SLURM auto-requeueing enabled. Setting signal handlers.
Monitored metric train_loss did not improve in the last 377 records. Best score: 0.050. Signaling Trainer to stop.
GPU available: True (cuda), used: True
TPU available: False, using: 0 TPU cores
HPU available: False, using: 0 HPUs
LOCAL_RANK: 0 - CUDA_VISIBLE_DEVICES: [0,1,2,3]
SLURM auto-requeueing enabled. Setting signal handlers.
