[I 2024-11-04 18:45:14,518] Trial 147 finished with value: 0.3142436742782593 and parameters: {'hidden_dim': 272, 'n_layers': 6, 'dropout': 0.010083239765022711, 'input_chunk_length': 48, 'learning_rate': 0.0003559073264410277, 'batch_size': 32}. Best is trial 97 with value: 0.2797769606113434.
GPU available: True (cuda), used: True
TPU available: False, using: 0 TPU cores
HPU available: False, using: 0 HPUs
LOCAL_RANK: 0 - CUDA_VISIBLE_DEVICES: [0,1,2,3]
SLURM auto-requeueing enabled. Setting signal handlers.
Monitored metric train_loss did not improve in the last 207 records. Best score: 0.105. Signaling Trainer to stop.
GPU available: True (cuda), used: True
TPU available: False, using: 0 TPU cores
HPU available: False, using: 0 HPUs
LOCAL_RANK: 0 - CUDA_VISIBLE_DEVICES: [0,1,2,3]
SLURM auto-requeueing enabled. Setting signal handlers.
[I 2024-11-04 18:45:30,558] Trial 148 finished with value: 0.34112173318862915 and parameters: {'hidden_dim': 254, 'n_layers': 6, 'dropout': 0.010693473304400729, 'input_chunk_length': 47, 'learning_rate': 9.873497659449461e-05, 'batch_size': 32}. Best is trial 97 with value: 0.2797769606113434.
GPU available: True (cuda), used: True
TPU available: False, using: 0 TPU cores
HPU available: False, using: 0 HPUs
LOCAL_RANK: 0 - CUDA_VISIBLE_DEVICES: [0,1,2,3]
SLURM auto-requeueing enabled. Setting signal handlers.
Monitored metric train_loss did not improve in the last 208 records. Best score: 0.105. Signaling Trainer to stop.
GPU available: True (cuda), used: True
TPU available: False, using: 0 TPU cores
HPU available: False, using: 0 HPUs
LOCAL_RANK: 0 - CUDA_VISIBLE_DEVICES: [0,1,2,3]
SLURM auto-requeueing enabled. Setting signal handlers.
[I 2024-11-04 18:45:46,993] Trial 149 finished with value: 0.3280545473098755 and parameters: {'hidden_dim': 182, 'n_layers': 6, 'dropout': 0.04056420175662635, 'input_chunk_length': 44, 'learning_rate': 0.00030431656220721633, 'batch_size': 32}. Best is trial 97 with value: 0.2797769606113434.
GPU available: True (cuda), used: True
TPU available: False, using: 0 TPU cores
HPU available: False, using: 0 HPUs
LOCAL_RANK: 0 - CUDA_VISIBLE_DEVICES: [0,1,2,3]
SLURM auto-requeueing enabled. Setting signal handlers.
Monitored metric train_loss did not improve in the last 209 records. Best score: 0.105. Signaling Trainer to stop.
GPU available: True (cuda), used: True
TPU available: False, using: 0 TPU cores
HPU available: False, using: 0 HPUs
LOCAL_RANK: 0 - CUDA_VISIBLE_DEVICES: [0,1,2,3]
SLURM auto-requeueing enabled. Setting signal handlers.
[I 2024-11-04 18:46:03,372] Trial 150 finished with value: 0.3756033182144165 and parameters: {'hidden_dim': 270, 'n_layers': 6, 'dropout': 0.025662357439451985, 'input_chunk_length': 51, 'learning_rate': 6.868729150396137e-05, 'batch_size': 32}. Best is trial 97 with value: 0.2797769606113434.
GPU available: True (cuda), used: True
TPU available: False, using: 0 TPU cores
HPU available: False, using: 0 HPUs
LOCAL_RANK: 0 - CUDA_VISIBLE_DEVICES: [0,1,2,3]
SLURM auto-requeueing enabled. Setting signal handlers.
Monitored metric train_loss did not improve in the last 210 records. Best score: 0.105. Signaling Trainer to stop.
GPU available: True (cuda), used: True
TPU available: False, using: 0 TPU cores
HPU available: False, using: 0 HPUs
LOCAL_RANK: 0 - CUDA_VISIBLE_DEVICES: [0,1,2,3]
SLURM auto-requeueing enabled. Setting signal handlers.
[I 2024-11-04 18:46:19,214] Trial 151 finished with value: 0.32406747341156006 and parameters: {'hidden_dim': 203, 'n_layers': 6, 'dropout': 0.006322905024955954, 'input_chunk_length': 40, 'learning_rate': 0.0003647462395816634, 'batch_size': 32}. Best is trial 97 with value: 0.2797769606113434.
GPU available: True (cuda), used: True
TPU available: False, using: 0 TPU cores
HPU available: False, using: 0 HPUs
LOCAL_RANK: 0 - CUDA_VISIBLE_DEVICES: [0,1,2,3]
SLURM auto-requeueing enabled. Setting signal handlers.
Monitored metric train_loss did not improve in the last 211 records. Best score: 0.105. Signaling Trainer to stop.
GPU available: True (cuda), used: True
TPU available: False, using: 0 TPU cores
HPU available: False, using: 0 HPUs
LOCAL_RANK: 0 - CUDA_VISIBLE_DEVICES: [0,1,2,3]
SLURM auto-requeueing enabled. Setting signal handlers.
[I 2024-11-04 18:46:33,318] Trial 152 finished with value: 0.33331117033958435 and parameters: {'hidden_dim': 53, 'n_layers': 6, 'dropout': 0.03213072303112931, 'input_chunk_length': 49, 'learning_rate': 0.00040607377700511456, 'batch_size': 32}. Best is trial 97 with value: 0.2797769606113434.
GPU available: True (cuda), used: True
TPU available: False, using: 0 TPU cores
HPU available: False, using: 0 HPUs
LOCAL_RANK: 0 - CUDA_VISIBLE_DEVICES: [0,1,2,3]
SLURM auto-requeueing enabled. Setting signal handlers.
Monitored metric train_loss did not improve in the last 212 records. Best score: 0.105. Signaling Trainer to stop.
GPU available: True (cuda), used: True
TPU available: False, using: 0 TPU cores
HPU available: False, using: 0 HPUs
LOCAL_RANK: 0 - CUDA_VISIBLE_DEVICES: [0,1,2,3]
SLURM auto-requeueing enabled. Setting signal handlers.
[I 2024-11-04 18:46:49,450] Trial 153 finished with value: 0.3417830169200897 and parameters: {'hidden_dim': 308, 'n_layers': 6, 'dropout': 0.04834646672851471, 'input_chunk_length': 45, 'learning_rate': 0.00033035881781043965, 'batch_size': 32}. Best is trial 97 with value: 0.2797769606113434.
GPU available: True (cuda), used: True
TPU available: False, using: 0 TPU cores
HPU available: False, using: 0 HPUs
LOCAL_RANK: 0 - CUDA_VISIBLE_DEVICES: [0,1,2,3]
SLURM auto-requeueing enabled. Setting signal handlers.
Monitored metric train_loss did not improve in the last 213 records. Best score: 0.105. Signaling Trainer to stop.
GPU available: True (cuda), used: True
TPU available: False, using: 0 TPU cores
HPU available: False, using: 0 HPUs
LOCAL_RANK: 0 - CUDA_VISIBLE_DEVICES: [0,1,2,3]
SLURM auto-requeueing enabled. Setting signal handlers.
[I 2024-11-04 18:47:06,127] Trial 154 finished with value: 0.35557717084884644 and parameters: {'hidden_dim': 168, 'n_layers': 6, 'dropout': 0.015648653638543873, 'input_chunk_length': 55, 'learning_rate': 0.00046760116197176965, 'batch_size': 32}. Best is trial 97 with value: 0.2797769606113434.
GPU available: True (cuda), used: True
TPU available: False, using: 0 TPU cores
HPU available: False, using: 0 HPUs
LOCAL_RANK: 0 - CUDA_VISIBLE_DEVICES: [0,1,2,3]
SLURM auto-requeueing enabled. Setting signal handlers.
Monitored metric train_loss did not improve in the last 214 records. Best score: 0.105. Signaling Trainer to stop.
GPU available: True (cuda), used: True
TPU available: False, using: 0 TPU cores
HPU available: False, using: 0 HPUs
LOCAL_RANK: 0 - CUDA_VISIBLE_DEVICES: [0,1,2,3]
SLURM auto-requeueing enabled. Setting signal handlers.
[I 2024-11-04 18:47:22,139] Trial 155 finished with value: 0.3539266586303711 and parameters: {'hidden_dim': 318, 'n_layers': 6, 'dropout': 0.1503635167021833, 'input_chunk_length': 38, 'learning_rate': 0.000390365282552924, 'batch_size': 32}. Best is trial 97 with value: 0.2797769606113434.
GPU available: True (cuda), used: True
TPU available: False, using: 0 TPU cores
HPU available: False, using: 0 HPUs
LOCAL_RANK: 0 - CUDA_VISIBLE_DEVICES: [0,1,2,3]
SLURM auto-requeueing enabled. Setting signal handlers.
Monitored metric train_loss did not improve in the last 215 records. Best score: 0.105. Signaling Trainer to stop.
GPU available: True (cuda), used: True
TPU available: False, using: 0 TPU cores
HPU available: False, using: 0 HPUs
LOCAL_RANK: 0 - CUDA_VISIBLE_DEVICES: [0,1,2,3]
SLURM auto-requeueing enabled. Setting signal handlers.
[I 2024-11-04 18:47:38,079] Trial 156 finished with value: 0.37987637519836426 and parameters: {'hidden_dim': 291, 'n_layers': 6, 'dropout': 0.023678324684969772, 'input_chunk_length': 42, 'learning_rate': 0.0005288307849693936, 'batch_size': 32}. Best is trial 97 with value: 0.2797769606113434.
GPU available: True (cuda), used: True
TPU available: False, using: 0 TPU cores
HPU available: False, using: 0 HPUs
LOCAL_RANK: 0 - CUDA_VISIBLE_DEVICES: [0,1,2,3]
SLURM auto-requeueing enabled. Setting signal handlers.
Monitored metric train_loss did not improve in the last 216 records. Best score: 0.105. Signaling Trainer to stop.
GPU available: True (cuda), used: True
TPU available: False, using: 0 TPU cores
HPU available: False, using: 0 HPUs
LOCAL_RANK: 0 - CUDA_VISIBLE_DEVICES: [0,1,2,3]
SLURM auto-requeueing enabled. Setting signal handlers.
[I 2024-11-04 18:47:53,917] Trial 157 finished with value: 0.3577796220779419 and parameters: {'hidden_dim': 276, 'n_layers': 6, 'dropout': 0.17119365088697538, 'input_chunk_length': 47, 'learning_rate': 0.00024524606379977375, 'batch_size': 32}. Best is trial 97 with value: 0.2797769606113434.
GPU available: True (cuda), used: True
TPU available: False, using: 0 TPU cores
HPU available: False, using: 0 HPUs
LOCAL_RANK: 0 - CUDA_VISIBLE_DEVICES: [0,1,2,3]
SLURM auto-requeueing enabled. Setting signal handlers.
Monitored metric train_loss did not improve in the last 217 records. Best score: 0.105. Signaling Trainer to stop.
GPU available: True (cuda), used: True
TPU available: False, using: 0 TPU cores
HPU available: False, using: 0 HPUs
LOCAL_RANK: 0 - CUDA_VISIBLE_DEVICES: [0,1,2,3]
SLURM auto-requeueing enabled. Setting signal handlers.
[I 2024-11-04 18:48:08,184] Trial 158 finished with value: 0.3772605359554291 and parameters: {'hidden_dim': 227, 'n_layers': 1, 'dropout': 0.0008950838559959925, 'input_chunk_length': 25, 'learning_rate': 0.0002810730148246073, 'batch_size': 32}. Best is trial 97 with value: 0.2797769606113434.
GPU available: True (cuda), used: True
TPU available: False, using: 0 TPU cores
HPU available: False, using: 0 HPUs
LOCAL_RANK: 0 - CUDA_VISIBLE_DEVICES: [0,1,2,3]
SLURM auto-requeueing enabled. Setting signal handlers.
Monitored metric train_loss did not improve in the last 218 records. Best score: 0.105. Signaling Trainer to stop.
GPU available: True (cuda), used: True
TPU available: False, using: 0 TPU cores
HPU available: False, using: 0 HPUs
LOCAL_RANK: 0 - CUDA_VISIBLE_DEVICES: [0,1,2,3]
SLURM auto-requeueing enabled. Setting signal handlers.
[I 2024-11-04 18:48:24,192] Trial 159 finished with value: 0.32879894971847534 and parameters: {'hidden_dim': 303, 'n_layers': 6, 'dropout': 0.2929821703588958, 'input_chunk_length': 35, 'learning_rate': 0.00033915579749568424, 'batch_size': 32}. Best is trial 97 with value: 0.2797769606113434.
GPU available: True (cuda), used: True
TPU available: False, using: 0 TPU cores
HPU available: False, using: 0 HPUs
LOCAL_RANK: 0 - CUDA_VISIBLE_DEVICES: [0,1,2,3]
SLURM auto-requeueing enabled. Setting signal handlers.
Monitored metric train_loss did not improve in the last 219 records. Best score: 0.105. Signaling Trainer to stop.
GPU available: True (cuda), used: True
TPU available: False, using: 0 TPU cores
HPU available: False, using: 0 HPUs
LOCAL_RANK: 0 - CUDA_VISIBLE_DEVICES: [0,1,2,3]
SLURM auto-requeueing enabled. Setting signal handlers.
[I 2024-11-04 18:48:38,992] Trial 160 finished with value: 0.44664284586906433 and parameters: {'hidden_dim': 266, 'n_layers': 1, 'dropout': 0.08325551221429521, 'input_chunk_length': 60, 'learning_rate': 0.0005980970363267263, 'batch_size': 32}. Best is trial 97 with value: 0.2797769606113434.
GPU available: True (cuda), used: True
TPU available: False, using: 0 TPU cores
HPU available: False, using: 0 HPUs
LOCAL_RANK: 0 - CUDA_VISIBLE_DEVICES: [0,1,2,3]
SLURM auto-requeueing enabled. Setting signal handlers.
Monitored metric train_loss did not improve in the last 220 records. Best score: 0.105. Signaling Trainer to stop.
GPU available: True (cuda), used: True
TPU available: False, using: 0 TPU cores
HPU available: False, using: 0 HPUs
LOCAL_RANK: 0 - CUDA_VISIBLE_DEVICES: [0,1,2,3]
SLURM auto-requeueing enabled. Setting signal handlers.
[I 2024-11-04 18:48:53,354] Trial 161 finished with value: 0.3316947817802429 and parameters: {'hidden_dim': 325, 'n_layers': 1, 'dropout': 0.03904678370098636, 'input_chunk_length': 53, 'learning_rate': 0.0002141066738826587, 'batch_size': 32}. Best is trial 97 with value: 0.2797769606113434.
GPU available: True (cuda), used: True
TPU available: False, using: 0 TPU cores
HPU available: False, using: 0 HPUs
LOCAL_RANK: 0 - CUDA_VISIBLE_DEVICES: [0,1,2,3]
SLURM auto-requeueing enabled. Setting signal handlers.
Monitored metric train_loss did not improve in the last 221 records. Best score: 0.105. Signaling Trainer to stop.
GPU available: True (cuda), used: True
TPU available: False, using: 0 TPU cores
HPU available: False, using: 0 HPUs
LOCAL_RANK: 0 - CUDA_VISIBLE_DEVICES: [0,1,2,3]
SLURM auto-requeueing enabled. Setting signal handlers.
[I 2024-11-04 18:49:07,579] Trial 162 finished with value: 0.3430124819278717 and parameters: {'hidden_dim': 151, 'n_layers': 3, 'dropout': 0.00921508843720097, 'input_chunk_length': 55, 'learning_rate': 0.00042160935921693027, 'batch_size': 32}. Best is trial 97 with value: 0.2797769606113434.
GPU available: True (cuda), used: True
TPU available: False, using: 0 TPU cores
HPU available: False, using: 0 HPUs
LOCAL_RANK: 0 - CUDA_VISIBLE_DEVICES: [0,1,2,3]
SLURM auto-requeueing enabled. Setting signal handlers.
Monitored metric train_loss did not improve in the last 222 records. Best score: 0.105. Signaling Trainer to stop.
GPU available: True (cuda), used: True
TPU available: False, using: 0 TPU cores
HPU available: False, using: 0 HPUs
LOCAL_RANK: 0 - CUDA_VISIBLE_DEVICES: [0,1,2,3]
SLURM auto-requeueing enabled. Setting signal handlers.
[I 2024-11-04 18:49:21,638] Trial 163 finished with value: 0.3881789445877075 and parameters: {'hidden_dim': 287, 'n_layers': 1, 'dropout': 0.02089506928085711, 'input_chunk_length': 49, 'learning_rate': 0.00037053322440146555, 'batch_size': 32}. Best is trial 97 with value: 0.2797769606113434.
GPU available: True (cuda), used: True
TPU available: False, using: 0 TPU cores
HPU available: False, using: 0 HPUs
LOCAL_RANK: 0 - CUDA_VISIBLE_DEVICES: [0,1,2,3]
SLURM auto-requeueing enabled. Setting signal handlers.
Monitored metric train_loss did not improve in the last 223 records. Best score: 0.105. Signaling Trainer to stop.
GPU available: True (cuda), used: True
TPU available: False, using: 0 TPU cores
HPU available: False, using: 0 HPUs
LOCAL_RANK: 0 - CUDA_VISIBLE_DEVICES: [0,1,2,3]
SLURM auto-requeueing enabled. Setting signal handlers.
[I 2024-11-04 18:49:35,286] Trial 164 finished with value: 0.3217034637928009 and parameters: {'hidden_dim': 173, 'n_layers': 1, 'dropout': 0.05392701033154471, 'input_chunk_length': 64, 'learning_rate': 0.0003027514785928696, 'batch_size': 32}. Best is trial 97 with value: 0.2797769606113434.
GPU available: True (cuda), used: True
TPU available: False, using: 0 TPU cores
HPU available: False, using: 0 HPUs
LOCAL_RANK: 0 - CUDA_VISIBLE_DEVICES: [0,1,2,3]
SLURM auto-requeueing enabled. Setting signal handlers.
Monitored metric train_loss did not improve in the last 224 records. Best score: 0.105. Signaling Trainer to stop.
GPU available: True (cuda), used: True
TPU available: False, using: 0 TPU cores
HPU available: False, using: 0 HPUs
LOCAL_RANK: 0 - CUDA_VISIBLE_DEVICES: [0,1,2,3]
SLURM auto-requeueing enabled. Setting signal handlers.
[I 2024-11-04 18:49:48,765] Trial 165 finished with value: 0.34842216968536377 and parameters: {'hidden_dim': 108, 'n_layers': 5, 'dropout': 0.029984080061406144, 'input_chunk_length': 58, 'learning_rate': 0.00011233300216238046, 'batch_size': 32}. Best is trial 97 with value: 0.2797769606113434.
GPU available: True (cuda), used: True
TPU available: False, using: 0 TPU cores
HPU available: False, using: 0 HPUs
LOCAL_RANK: 0 - CUDA_VISIBLE_DEVICES: [0,1,2,3]
SLURM auto-requeueing enabled. Setting signal handlers.
Monitored metric train_loss did not improve in the last 225 records. Best score: 0.105. Signaling Trainer to stop.
GPU available: True (cuda), used: True
TPU available: False, using: 0 TPU cores
HPU available: False, using: 0 HPUs
LOCAL_RANK: 0 - CUDA_VISIBLE_DEVICES: [0,1,2,3]
SLURM auto-requeueing enabled. Setting signal handlers.
[I 2024-11-04 18:50:02,630] Trial 166 finished with value: 0.3136805593967438 and parameters: {'hidden_dim': 124, 'n_layers': 6, 'dropout': 0.010452436467740207, 'input_chunk_length': 82, 'learning_rate': 0.0002619346013089531, 'batch_size': 32}. Best is trial 97 with value: 0.2797769606113434.
GPU available: True (cuda), used: True
TPU available: False, using: 0 TPU cores
HPU available: False, using: 0 HPUs
LOCAL_RANK: 0 - CUDA_VISIBLE_DEVICES: [0,1,2,3]
SLURM auto-requeueing enabled. Setting signal handlers.
Monitored metric train_loss did not improve in the last 226 records. Best score: 0.105. Signaling Trainer to stop.
GPU available: True (cuda), used: True
TPU available: False, using: 0 TPU cores
HPU available: False, using: 0 HPUs
LOCAL_RANK: 0 - CUDA_VISIBLE_DEVICES: [0,1,2,3]
SLURM auto-requeueing enabled. Setting signal handlers.
[I 2024-11-04 18:50:16,256] Trial 167 finished with value: 0.35111674666404724 and parameters: {'hidden_dim': 73, 'n_layers': 6, 'dropout': 5.912967433917976e-06, 'input_chunk_length': 75, 'learning_rate': 0.00046533823099493844, 'batch_size': 32}. Best is trial 97 with value: 0.2797769606113434.
GPU available: True (cuda), used: True
TPU available: False, using: 0 TPU cores
HPU available: False, using: 0 HPUs
LOCAL_RANK: 0 - CUDA_VISIBLE_DEVICES: [0,1,2,3]
SLURM auto-requeueing enabled. Setting signal handlers.
Monitored metric train_loss did not improve in the last 227 records. Best score: 0.105. Signaling Trainer to stop.
GPU available: True (cuda), used: True
TPU available: False, using: 0 TPU cores
HPU available: False, using: 0 HPUs
LOCAL_RANK: 0 - CUDA_VISIBLE_DEVICES: [0,1,2,3]
SLURM auto-requeueing enabled. Setting signal handlers.
[I 2024-11-04 18:50:29,500] Trial 168 finished with value: 0.32653093338012695 and parameters: {'hidden_dim': 128, 'n_layers': 6, 'dropout': 0.013088892156531935, 'input_chunk_length': 84, 'learning_rate': 0.00026096963808624693, 'batch_size': 64}. Best is trial 97 with value: 0.2797769606113434.
GPU available: True (cuda), used: True
TPU available: False, using: 0 TPU cores
HPU available: False, using: 0 HPUs
LOCAL_RANK: 0 - CUDA_VISIBLE_DEVICES: [0,1,2,3]
SLURM auto-requeueing enabled. Setting signal handlers.
Monitored metric train_loss did not improve in the last 228 records. Best score: 0.105. Signaling Trainer to stop.
GPU available: True (cuda), used: True
TPU available: False, using: 0 TPU cores
HPU available: False, using: 0 HPUs
LOCAL_RANK: 0 - CUDA_VISIBLE_DEVICES: [0,1,2,3]
SLURM auto-requeueing enabled. Setting signal handlers.
[I 2024-11-04 18:50:43,256] Trial 169 finished with value: 0.30017781257629395 and parameters: {'hidden_dim': 90, 'n_layers': 6, 'dropout': 0.042958358052396735, 'input_chunk_length': 82, 'learning_rate': 0.00039188690584014235, 'batch_size': 32}. Best is trial 97 with value: 0.2797769606113434.
GPU available: True (cuda), used: True
TPU available: False, using: 0 TPU cores
HPU available: False, using: 0 HPUs
LOCAL_RANK: 0 - CUDA_VISIBLE_DEVICES: [0,1,2,3]
SLURM auto-requeueing enabled. Setting signal handlers.
Monitored metric train_loss did not improve in the last 229 records. Best score: 0.105. Signaling Trainer to stop.
GPU available: True (cuda), used: True
TPU available: False, using: 0 TPU cores
HPU available: False, using: 0 HPUs
LOCAL_RANK: 0 - CUDA_VISIBLE_DEVICES: [0,1,2,3]
SLURM auto-requeueing enabled. Setting signal handlers.
[I 2024-11-04 18:50:56,956] Trial 170 finished with value: 0.36908382177352905 and parameters: {'hidden_dim': 88, 'n_layers': 6, 'dropout': 0.043487475055688424, 'input_chunk_length': 85, 'learning_rate': 0.00033444596391107634, 'batch_size': 32}. Best is trial 97 with value: 0.2797769606113434.
GPU available: True (cuda), used: True
TPU available: False, using: 0 TPU cores
HPU available: False, using: 0 HPUs
LOCAL_RANK: 0 - CUDA_VISIBLE_DEVICES: [0,1,2,3]
SLURM auto-requeueing enabled. Setting signal handlers.
Monitored metric train_loss did not improve in the last 230 records. Best score: 0.105. Signaling Trainer to stop.
GPU available: True (cuda), used: True
TPU available: False, using: 0 TPU cores
HPU available: False, using: 0 HPUs
LOCAL_RANK: 0 - CUDA_VISIBLE_DEVICES: [0,1,2,3]
SLURM auto-requeueing enabled. Setting signal handlers.
[I 2024-11-04 18:51:10,689] Trial 171 finished with value: 0.3320463299751282 and parameters: {'hidden_dim': 94, 'n_layers': 6, 'dropout': 0.060716306580888176, 'input_chunk_length': 79, 'learning_rate': 0.0004017005885978367, 'batch_size': 32}. Best is trial 97 with value: 0.2797769606113434.
GPU available: True (cuda), used: True
TPU available: False, using: 0 TPU cores
HPU available: False, using: 0 HPUs
LOCAL_RANK: 0 - CUDA_VISIBLE_DEVICES: [0,1,2,3]
SLURM auto-requeueing enabled. Setting signal handlers.
Monitored metric train_loss did not improve in the last 231 records. Best score: 0.105. Signaling Trainer to stop.
GPU available: True (cuda), used: True
TPU available: False, using: 0 TPU cores
HPU available: False, using: 0 HPUs
LOCAL_RANK: 0 - CUDA_VISIBLE_DEVICES: [0,1,2,3]
SLURM auto-requeueing enabled. Setting signal handlers.
