GpuFreq=control_disabled
[I 2024-11-04 17:57:35,796] A new study created in memory with name: no-name-5f49fb97-8b61-41bb-80b7-ad1c49a9c261
/pfs/data5/home/tu/tu_tu/tu_zxoul27/micromamba/envs/power/lib/python3.12/site-packages/torch/random.py:167: UserWarning: CUDA reports that you have 4 available devices, and you have used fork_rng without explicitly specifying which devices are being used. For safety, we initialize *every* CUDA device by default, which can be quite slow if you have a lot of CUDAs. If you know that you are only making use of a few CUDA devices, set the environment variable CUDA_VISIBLE_DEVICES or the 'devices' keyword argument of fork_rng with the set of devices you are actually using. For example, if you are using CPU only, set device.upper()_VISIBLE_DEVICES= or devices=[]; if you are using device 0 only, set CUDA_VISIBLE_DEVICES=0 or devices=[0].  To initialize all devices and suppress this warning, set the 'devices' keyword argument to `range(torch.cuda.device_count())`.
  warnings.warn(message)
GPU available: True (cuda), used: True
TPU available: False, using: 0 TPU cores
HPU available: False, using: 0 HPUs
Initializing distributed: GLOBAL_RANK: 0, MEMBER: 1/1
----------------------------------------------------------------------------------------------------
distributed_backend=nccl
All distributed processes registered. Starting with 1 processes
----------------------------------------------------------------------------------------------------

LOCAL_RANK: 0 - CUDA_VISIBLE_DEVICES: [0,1,2,3]
SLURM auto-requeueing enabled. Setting signal handlers.
Metric train_loss improved. New best score: 0.806
Metric train_loss improved by 0.186 >= min_delta = 0.0. New best score: 0.621
Metric train_loss improved by 0.105 >= min_delta = 0.0. New best score: 0.515
Metric train_loss improved by 0.101 >= min_delta = 0.0. New best score: 0.414
Metric train_loss improved by 0.040 >= min_delta = 0.0. New best score: 0.374
Metric train_loss improved by 0.049 >= min_delta = 0.0. New best score: 0.325
Metric train_loss improved by 0.017 >= min_delta = 0.0. New best score: 0.308
Metric train_loss improved by 0.025 >= min_delta = 0.0. New best score: 0.283
Metric train_loss improved by 0.011 >= min_delta = 0.0. New best score: 0.273
Metric train_loss improved by 0.038 >= min_delta = 0.0. New best score: 0.235
Metric train_loss improved by 0.019 >= min_delta = 0.0. New best score: 0.216
Metric train_loss improved by 0.017 >= min_delta = 0.0. New best score: 0.199
Metric train_loss improved by 0.005 >= min_delta = 0.0. New best score: 0.194
Metric train_loss improved by 0.029 >= min_delta = 0.0. New best score: 0.165
Metric train_loss improved by 0.017 >= min_delta = 0.0. New best score: 0.148
Metric train_loss improved by 0.007 >= min_delta = 0.0. New best score: 0.140
Metric train_loss improved by 0.036 >= min_delta = 0.0. New best score: 0.105
`Trainer.fit` stopped: `max_epochs=80` reached.
GPU available: True (cuda), used: True
TPU available: False, using: 0 TPU cores
HPU available: False, using: 0 HPUs
LOCAL_RANK: 0 - CUDA_VISIBLE_DEVICES: [0,1,2,3]
SLURM auto-requeueing enabled. Setting signal handlers.
[I 2024-11-04 18:05:42,815] Trial 0 finished with value: 0.3367280662059784 and parameters: {'hidden_dim': 335, 'n_layers': 3, 'dropout': 0.22034961611023096, 'input_chunk_length': 138, 'learning_rate': 4.816086330073376e-05, 'batch_size': 64}. Best is trial 0 with value: 0.3367280662059784.
GPU available: True (cuda), used: True
TPU available: False, using: 0 TPU cores
HPU available: False, using: 0 HPUs
LOCAL_RANK: 0 - CUDA_VISIBLE_DEVICES: [0,1,2,3]
SLURM auto-requeueing enabled. Setting signal handlers.
Monitored metric train_loss did not improve in the last 60 records. Best score: 0.105. Signaling Trainer to stop.
GPU available: True (cuda), used: True
TPU available: False, using: 0 TPU cores
HPU available: False, using: 0 HPUs
LOCAL_RANK: 0 - CUDA_VISIBLE_DEVICES: [0,1,2,3]
SLURM auto-requeueing enabled. Setting signal handlers.
[I 2024-11-04 18:07:24,279] Trial 1 finished with value: 0.40334832668304443 and parameters: {'hidden_dim': 262, 'n_layers': 3, 'dropout': 0.42839094042695863, 'input_chunk_length': 94, 'learning_rate': 0.002633630610292165, 'batch_size': 64}. Best is trial 0 with value: 0.3367280662059784.
GPU available: True (cuda), used: True
TPU available: False, using: 0 TPU cores
HPU available: False, using: 0 HPUs
LOCAL_RANK: 0 - CUDA_VISIBLE_DEVICES: [0,1,2,3]
SLURM auto-requeueing enabled. Setting signal handlers.
Monitored metric train_loss did not improve in the last 61 records. Best score: 0.105. Signaling Trainer to stop.
GPU available: True (cuda), used: True
TPU available: False, using: 0 TPU cores
HPU available: False, using: 0 HPUs
LOCAL_RANK: 0 - CUDA_VISIBLE_DEVICES: [0,1,2,3]
SLURM auto-requeueing enabled. Setting signal handlers.
[I 2024-11-04 18:07:41,622] Trial 2 finished with value: 1.1322828531265259 and parameters: {'hidden_dim': 462, 'n_layers': 4, 'dropout': 0.14182699978881697, 'input_chunk_length': 59, 'learning_rate': 0.00545652843726028, 'batch_size': 64}. Best is trial 0 with value: 0.3367280662059784.
GPU available: True (cuda), used: True
TPU available: False, using: 0 TPU cores
HPU available: False, using: 0 HPUs
LOCAL_RANK: 0 - CUDA_VISIBLE_DEVICES: [0,1,2,3]
SLURM auto-requeueing enabled. Setting signal handlers.
Monitored metric train_loss did not improve in the last 62 records. Best score: 0.105. Signaling Trainer to stop.
GPU available: True (cuda), used: True
TPU available: False, using: 0 TPU cores
HPU available: False, using: 0 HPUs
LOCAL_RANK: 0 - CUDA_VISIBLE_DEVICES: [0,1,2,3]
SLURM auto-requeueing enabled. Setting signal handlers.
[I 2024-11-04 18:07:59,098] Trial 3 finished with value: 1.1303378343582153 and parameters: {'hidden_dim': 332, 'n_layers': 1, 'dropout': 0.328105860793398, 'input_chunk_length': 135, 'learning_rate': 0.008457370124547791, 'batch_size': 64}. Best is trial 0 with value: 0.3367280662059784.
GPU available: True (cuda), used: True
TPU available: False, using: 0 TPU cores
HPU available: False, using: 0 HPUs
LOCAL_RANK: 0 - CUDA_VISIBLE_DEVICES: [0,1,2,3]
SLURM auto-requeueing enabled. Setting signal handlers.
Monitored metric train_loss did not improve in the last 63 records. Best score: 0.105. Signaling Trainer to stop.
GPU available: True (cuda), used: True
TPU available: False, using: 0 TPU cores
HPU available: False, using: 0 HPUs
LOCAL_RANK: 0 - CUDA_VISIBLE_DEVICES: [0,1,2,3]
SLURM auto-requeueing enabled. Setting signal handlers.
[I 2024-11-04 18:08:13,914] Trial 4 finished with value: 0.441893607378006 and parameters: {'hidden_dim': 440, 'n_layers': 3, 'dropout': 0.22088627925316717, 'input_chunk_length': 13, 'learning_rate': 1.7059659906885478e-05, 'batch_size': 32}. Best is trial 0 with value: 0.3367280662059784.
GPU available: True (cuda), used: True
TPU available: False, using: 0 TPU cores
HPU available: False, using: 0 HPUs
LOCAL_RANK: 0 - CUDA_VISIBLE_DEVICES: [0,1,2,3]
SLURM auto-requeueing enabled. Setting signal handlers.
Monitored metric train_loss did not improve in the last 64 records. Best score: 0.105. Signaling Trainer to stop.
GPU available: True (cuda), used: True
TPU available: False, using: 0 TPU cores
HPU available: False, using: 0 HPUs
LOCAL_RANK: 0 - CUDA_VISIBLE_DEVICES: [0,1,2,3]
SLURM auto-requeueing enabled. Setting signal handlers.
[I 2024-11-04 18:08:28,355] Trial 5 finished with value: 0.4039364457130432 and parameters: {'hidden_dim': 84, 'n_layers': 6, 'dropout': 0.31164533122679094, 'input_chunk_length': 96, 'learning_rate': 3.3775235647931494e-05, 'batch_size': 32}. Best is trial 0 with value: 0.3367280662059784.
GPU available: True (cuda), used: True
TPU available: False, using: 0 TPU cores
HPU available: False, using: 0 HPUs
LOCAL_RANK: 0 - CUDA_VISIBLE_DEVICES: [0,1,2,3]
SLURM auto-requeueing enabled. Setting signal handlers.
Monitored metric train_loss did not improve in the last 65 records. Best score: 0.105. Signaling Trainer to stop.
GPU available: True (cuda), used: True
TPU available: False, using: 0 TPU cores
HPU available: False, using: 0 HPUs
LOCAL_RANK: 0 - CUDA_VISIBLE_DEVICES: [0,1,2,3]
SLURM auto-requeueing enabled. Setting signal handlers.
[I 2024-11-04 18:08:42,186] Trial 6 finished with value: 0.391356498003006 and parameters: {'hidden_dim': 114, 'n_layers': 5, 'dropout': 0.13552153823031254, 'input_chunk_length': 91, 'learning_rate': 0.002882538977502342, 'batch_size': 64}. Best is trial 0 with value: 0.3367280662059784.
GPU available: True (cuda), used: True
TPU available: False, using: 0 TPU cores
HPU available: False, using: 0 HPUs
LOCAL_RANK: 0 - CUDA_VISIBLE_DEVICES: [0,1,2,3]
SLURM auto-requeueing enabled. Setting signal handlers.
Monitored metric train_loss did not improve in the last 66 records. Best score: 0.105. Signaling Trainer to stop.
GPU available: True (cuda), used: True
TPU available: False, using: 0 TPU cores
HPU available: False, using: 0 HPUs
LOCAL_RANK: 0 - CUDA_VISIBLE_DEVICES: [0,1,2,3]
SLURM auto-requeueing enabled. Setting signal handlers.
[I 2024-11-04 18:09:08,818] Trial 7 finished with value: 0.4650559723377228 and parameters: {'hidden_dim': 473, 'n_layers': 6, 'dropout': 0.08096217168887054, 'input_chunk_length': 118, 'learning_rate': 0.0003289796177076474, 'batch_size': 64}. Best is trial 0 with value: 0.3367280662059784.
GPU available: True (cuda), used: True
TPU available: False, using: 0 TPU cores
HPU available: False, using: 0 HPUs
LOCAL_RANK: 0 - CUDA_VISIBLE_DEVICES: [0,1,2,3]
SLURM auto-requeueing enabled. Setting signal handlers.
Monitored metric train_loss did not improve in the last 67 records. Best score: 0.105. Signaling Trainer to stop.
GPU available: True (cuda), used: True
TPU available: False, using: 0 TPU cores
HPU available: False, using: 0 HPUs
LOCAL_RANK: 0 - CUDA_VISIBLE_DEVICES: [0,1,2,3]
SLURM auto-requeueing enabled. Setting signal handlers.
[I 2024-11-04 18:09:23,680] Trial 8 finished with value: 0.46149155497550964 and parameters: {'hidden_dim': 179, 'n_layers': 6, 'dropout': 0.16229842695798435, 'input_chunk_length': 33, 'learning_rate': 2.58460699074761e-05, 'batch_size': 64}. Best is trial 0 with value: 0.3367280662059784.
GPU available: True (cuda), used: True
TPU available: False, using: 0 TPU cores
HPU available: False, using: 0 HPUs
LOCAL_RANK: 0 - CUDA_VISIBLE_DEVICES: [0,1,2,3]
SLURM auto-requeueing enabled. Setting signal handlers.
Monitored metric train_loss did not improve in the last 68 records. Best score: 0.105. Signaling Trainer to stop.
GPU available: True (cuda), used: True
TPU available: False, using: 0 TPU cores
HPU available: False, using: 0 HPUs
LOCAL_RANK: 0 - CUDA_VISIBLE_DEVICES: [0,1,2,3]
SLURM auto-requeueing enabled. Setting signal handlers.
[I 2024-11-04 18:09:44,132] Trial 9 finished with value: 0.47463327646255493 and parameters: {'hidden_dim': 422, 'n_layers': 2, 'dropout': 0.4673174381433278, 'input_chunk_length': 150, 'learning_rate': 0.0006099993903385081, 'batch_size': 64}. Best is trial 0 with value: 0.3367280662059784.
GPU available: True (cuda), used: True
TPU available: False, using: 0 TPU cores
HPU available: False, using: 0 HPUs
LOCAL_RANK: 0 - CUDA_VISIBLE_DEVICES: [0,1,2,3]
SLURM auto-requeueing enabled. Setting signal handlers.
Monitored metric train_loss did not improve in the last 69 records. Best score: 0.105. Signaling Trainer to stop.
GPU available: True (cuda), used: True
TPU available: False, using: 0 TPU cores
HPU available: False, using: 0 HPUs
LOCAL_RANK: 0 - CUDA_VISIBLE_DEVICES: [0,1,2,3]
SLURM auto-requeueing enabled. Setting signal handlers.
[I 2024-11-04 18:09:59,411] Trial 10 finished with value: 0.3043237030506134 and parameters: {'hidden_dim': 319, 'n_layers': 1, 'dropout': 0.024547580662198865, 'input_chunk_length': 66, 'learning_rate': 9.71275009184311e-05, 'batch_size': 32}. Best is trial 10 with value: 0.3043237030506134.
GPU available: True (cuda), used: True
TPU available: False, using: 0 TPU cores
HPU available: False, using: 0 HPUs
LOCAL_RANK: 0 - CUDA_VISIBLE_DEVICES: [0,1,2,3]
SLURM auto-requeueing enabled. Setting signal handlers.
Monitored metric train_loss did not improve in the last 70 records. Best score: 0.105. Signaling Trainer to stop.
GPU available: True (cuda), used: True
TPU available: False, using: 0 TPU cores
HPU available: False, using: 0 HPUs
LOCAL_RANK: 0 - CUDA_VISIBLE_DEVICES: [0,1,2,3]
SLURM auto-requeueing enabled. Setting signal handlers.
[I 2024-11-04 18:10:14,600] Trial 11 finished with value: 0.3332494795322418 and parameters: {'hidden_dim': 325, 'n_layers': 1, 'dropout': 0.0038492362911884334, 'input_chunk_length': 61, 'learning_rate': 6.417152460007236e-05, 'batch_size': 32}. Best is trial 10 with value: 0.3043237030506134.
GPU available: True (cuda), used: True
TPU available: False, using: 0 TPU cores
HPU available: False, using: 0 HPUs
LOCAL_RANK: 0 - CUDA_VISIBLE_DEVICES: [0,1,2,3]
SLURM auto-requeueing enabled. Setting signal handlers.
Monitored metric train_loss did not improve in the last 71 records. Best score: 0.105. Signaling Trainer to stop.
GPU available: True (cuda), used: True
TPU available: False, using: 0 TPU cores
HPU available: False, using: 0 HPUs
LOCAL_RANK: 0 - CUDA_VISIBLE_DEVICES: [0,1,2,3]
SLURM auto-requeueing enabled. Setting signal handlers.
[I 2024-11-04 18:10:29,308] Trial 12 finished with value: 0.28503358364105225 and parameters: {'hidden_dim': 252, 'n_layers': 1, 'dropout': 0.0010188781452924785, 'input_chunk_length': 58, 'learning_rate': 9.765270004125349e-05, 'batch_size': 32}. Best is trial 12 with value: 0.28503358364105225.
GPU available: True (cuda), used: True
TPU available: False, using: 0 TPU cores
HPU available: False, using: 0 HPUs
LOCAL_RANK: 0 - CUDA_VISIBLE_DEVICES: [0,1,2,3]
SLURM auto-requeueing enabled. Setting signal handlers.
Monitored metric train_loss did not improve in the last 72 records. Best score: 0.105. Signaling Trainer to stop.
GPU available: True (cuda), used: True
TPU available: False, using: 0 TPU cores
HPU available: False, using: 0 HPUs
LOCAL_RANK: 0 - CUDA_VISIBLE_DEVICES: [0,1,2,3]
SLURM auto-requeueing enabled. Setting signal handlers.
[I 2024-11-04 18:10:43,951] Trial 13 finished with value: 0.35027945041656494 and parameters: {'hidden_dim': 226, 'n_layers': 1, 'dropout': 0.021790295393961014, 'input_chunk_length': 60, 'learning_rate': 0.00015006370335628609, 'batch_size': 32}. Best is trial 12 with value: 0.28503358364105225.
GPU available: True (cuda), used: True
TPU available: False, using: 0 TPU cores
HPU available: False, using: 0 HPUs
LOCAL_RANK: 0 - CUDA_VISIBLE_DEVICES: [0,1,2,3]
SLURM auto-requeueing enabled. Setting signal handlers.
Monitored metric train_loss did not improve in the last 73 records. Best score: 0.105. Signaling Trainer to stop.
GPU available: True (cuda), used: True
TPU available: False, using: 0 TPU cores
HPU available: False, using: 0 HPUs
LOCAL_RANK: 0 - CUDA_VISIBLE_DEVICES: [0,1,2,3]
SLURM auto-requeueing enabled. Setting signal handlers.
[I 2024-11-04 18:10:58,046] Trial 14 finished with value: 0.3502371907234192 and parameters: {'hidden_dim': 182, 'n_layers': 2, 'dropout': 0.07519039778956618, 'input_chunk_length': 41, 'learning_rate': 0.00012924416977399262, 'batch_size': 32}. Best is trial 12 with value: 0.28503358364105225.
GPU available: True (cuda), used: True
TPU available: False, using: 0 TPU cores
HPU available: False, using: 0 HPUs
LOCAL_RANK: 0 - CUDA_VISIBLE_DEVICES: [0,1,2,3]
SLURM auto-requeueing enabled. Setting signal handlers.
Monitored metric train_loss did not improve in the last 74 records. Best score: 0.105. Signaling Trainer to stop.
GPU available: True (cuda), used: True
TPU available: False, using: 0 TPU cores
HPU available: False, using: 0 HPUs
LOCAL_RANK: 0 - CUDA_VISIBLE_DEVICES: [0,1,2,3]
SLURM auto-requeueing enabled. Setting signal handlers.
[I 2024-11-04 18:11:14,417] Trial 15 finished with value: 0.41810089349746704 and parameters: {'hidden_dim': 384, 'n_layers': 2, 'dropout': 0.06174745726653109, 'input_chunk_length': 71, 'learning_rate': 0.0007848855028427541, 'batch_size': 32}. Best is trial 12 with value: 0.28503358364105225.
GPU available: True (cuda), used: True
TPU available: False, using: 0 TPU cores
HPU available: False, using: 0 HPUs
LOCAL_RANK: 0 - CUDA_VISIBLE_DEVICES: [0,1,2,3]
SLURM auto-requeueing enabled. Setting signal handlers.
Monitored metric train_loss did not improve in the last 75 records. Best score: 0.105. Signaling Trainer to stop.
GPU available: True (cuda), used: True
TPU available: False, using: 0 TPU cores
HPU available: False, using: 0 HPUs
LOCAL_RANK: 0 - CUDA_VISIBLE_DEVICES: [0,1,2,3]
SLURM auto-requeueing enabled. Setting signal handlers.
[I 2024-11-04 18:11:29,064] Trial 16 finished with value: 0.38414931297302246 and parameters: {'hidden_dim': 275, 'n_layers': 1, 'dropout': 0.023878330174501992, 'input_chunk_length': 36, 'learning_rate': 0.00011824842497017447, 'batch_size': 32}. Best is trial 12 with value: 0.28503358364105225.
GPU available: True (cuda), used: True
TPU available: False, using: 0 TPU cores
HPU available: False, using: 0 HPUs
LOCAL_RANK: 0 - CUDA_VISIBLE_DEVICES: [0,1,2,3]
SLURM auto-requeueing enabled. Setting signal handlers.
Monitored metric train_loss did not improve in the last 76 records. Best score: 0.105. Signaling Trainer to stop.
GPU available: True (cuda), used: True
TPU available: False, using: 0 TPU cores
HPU available: False, using: 0 HPUs
LOCAL_RANK: 0 - CUDA_VISIBLE_DEVICES: [0,1,2,3]
SLURM auto-requeueing enabled. Setting signal handlers.
[I 2024-11-04 18:11:44,390] Trial 17 finished with value: 0.336540162563324 and parameters: {'hidden_dim': 200, 'n_layers': 2, 'dropout': 0.1042355238095329, 'input_chunk_length': 79, 'learning_rate': 0.00027296452259412124, 'batch_size': 32}. Best is trial 12 with value: 0.28503358364105225.
GPU available: True (cuda), used: True
TPU available: False, using: 0 TPU cores
HPU available: False, using: 0 HPUs
LOCAL_RANK: 0 - CUDA_VISIBLE_DEVICES: [0,1,2,3]
SLURM auto-requeueing enabled. Setting signal handlers.
Monitored metric train_loss did not improve in the last 77 records. Best score: 0.105. Signaling Trainer to stop.
GPU available: True (cuda), used: True
TPU available: False, using: 0 TPU cores
HPU available: False, using: 0 HPUs
LOCAL_RANK: 0 - CUDA_VISIBLE_DEVICES: [0,1,2,3]
SLURM auto-requeueing enabled. Setting signal handlers.
[I 2024-11-04 18:11:59,109] Trial 18 finished with value: 0.41937801241874695 and parameters: {'hidden_dim': 126, 'n_layers': 4, 'dropout': 0.2770866671442384, 'input_chunk_length': 112, 'learning_rate': 1.4971932822162766e-05, 'batch_size': 32}. Best is trial 12 with value: 0.28503358364105225.
GPU available: True (cuda), used: True
TPU available: False, using: 0 TPU cores
HPU available: False, using: 0 HPUs
LOCAL_RANK: 0 - CUDA_VISIBLE_DEVICES: [0,1,2,3]
SLURM auto-requeueing enabled. Setting signal handlers.
Monitored metric train_loss did not improve in the last 78 records. Best score: 0.105. Signaling Trainer to stop.
GPU available: True (cuda), used: True
TPU available: False, using: 0 TPU cores
HPU available: False, using: 0 HPUs
LOCAL_RANK: 0 - CUDA_VISIBLE_DEVICES: [0,1,2,3]
SLURM auto-requeueing enabled. Setting signal handlers.
[I 2024-11-04 18:12:13,436] Trial 19 finished with value: 0.35796651244163513 and parameters: {'hidden_dim': 385, 'n_layers': 1, 'dropout': 0.1875801963258525, 'input_chunk_length': 20, 'learning_rate': 6.974337684072666e-05, 'batch_size': 32}. Best is trial 12 with value: 0.28503358364105225.
GPU available: True (cuda), used: True
TPU available: False, using: 0 TPU cores
HPU available: False, using: 0 HPUs
LOCAL_RANK: 0 - CUDA_VISIBLE_DEVICES: [0,1,2,3]
SLURM auto-requeueing enabled. Setting signal handlers.
Monitored metric train_loss did not improve in the last 79 records. Best score: 0.105. Signaling Trainer to stop.
GPU available: True (cuda), used: True
TPU available: False, using: 0 TPU cores
HPU available: False, using: 0 HPUs
LOCAL_RANK: 0 - CUDA_VISIBLE_DEVICES: [0,1,2,3]
SLURM auto-requeueing enabled. Setting signal handlers.
[I 2024-11-04 18:12:29,910] Trial 20 finished with value: 0.4075472056865692 and parameters: {'hidden_dim': 510, 'n_layers': 2, 'dropout': 0.3718564722823168, 'input_chunk_length': 50, 'learning_rate': 0.0008858184554273285, 'batch_size': 32}. Best is trial 12 with value: 0.28503358364105225.
GPU available: True (cuda), used: True
TPU available: False, using: 0 TPU cores
HPU available: False, using: 0 HPUs
LOCAL_RANK: 0 - CUDA_VISIBLE_DEVICES: [0,1,2,3]
SLURM auto-requeueing enabled. Setting signal handlers.
Monitored metric train_loss did not improve in the last 80 records. Best score: 0.105. Signaling Trainer to stop.
GPU available: True (cuda), used: True
TPU available: False, using: 0 TPU cores
HPU available: False, using: 0 HPUs
LOCAL_RANK: 0 - CUDA_VISIBLE_DEVICES: [0,1,2,3]
SLURM auto-requeueing enabled. Setting signal handlers.
[I 2024-11-04 18:12:45,590] Trial 21 finished with value: 0.3079855442047119 and parameters: {'hidden_dim': 323, 'n_layers': 1, 'dropout': 0.012861668465841967, 'input_chunk_length': 72, 'learning_rate': 7.2725508889003e-05, 'batch_size': 32}. Best is trial 12 with value: 0.28503358364105225.
GPU available: True (cuda), used: True
TPU available: False, using: 0 TPU cores
HPU available: False, using: 0 HPUs
LOCAL_RANK: 0 - CUDA_VISIBLE_DEVICES: [0,1,2,3]
SLURM auto-requeueing enabled. Setting signal handlers.
Monitored metric train_loss did not improve in the last 81 records. Best score: 0.105. Signaling Trainer to stop.
GPU available: True (cuda), used: True
TPU available: False, using: 0 TPU cores
HPU available: False, using: 0 HPUs
LOCAL_RANK: 0 - CUDA_VISIBLE_DEVICES: [0,1,2,3]
SLURM auto-requeueing enabled. Setting signal handlers.
