[I 2024-11-04 18:26:01,761] Trial 72 finished with value: 0.3334493339061737 and parameters: {'hidden_dim': 135, 'n_layers': 3, 'dropout': 0.04052680584697138, 'input_chunk_length': 69, 'learning_rate': 0.00014012941016235621, 'batch_size': 32}. Best is trial 12 with value: 0.28503358364105225.
GPU available: True (cuda), used: True
TPU available: False, using: 0 TPU cores
HPU available: False, using: 0 HPUs
LOCAL_RANK: 0 - CUDA_VISIBLE_DEVICES: [0,1,2,3]
SLURM auto-requeueing enabled. Setting signal handlers.
Monitored metric train_loss did not improve in the last 132 records. Best score: 0.105. Signaling Trainer to stop.
GPU available: True (cuda), used: True
TPU available: False, using: 0 TPU cores
HPU available: False, using: 0 HPUs
LOCAL_RANK: 0 - CUDA_VISIBLE_DEVICES: [0,1,2,3]
SLURM auto-requeueing enabled. Setting signal handlers.
[I 2024-11-04 18:26:15,596] Trial 73 finished with value: 0.3116738796234131 and parameters: {'hidden_dim': 106, 'n_layers': 4, 'dropout': 0.012952469429936643, 'input_chunk_length': 38, 'learning_rate': 0.00047735644059381974, 'batch_size': 32}. Best is trial 12 with value: 0.28503358364105225.
GPU available: True (cuda), used: True
TPU available: False, using: 0 TPU cores
HPU available: False, using: 0 HPUs
LOCAL_RANK: 0 - CUDA_VISIBLE_DEVICES: [0,1,2,3]
SLURM auto-requeueing enabled. Setting signal handlers.
Monitored metric train_loss did not improve in the last 133 records. Best score: 0.105. Signaling Trainer to stop.
GPU available: True (cuda), used: True
TPU available: False, using: 0 TPU cores
HPU available: False, using: 0 HPUs
LOCAL_RANK: 0 - CUDA_VISIBLE_DEVICES: [0,1,2,3]
SLURM auto-requeueing enabled. Setting signal handlers.
[I 2024-11-04 18:26:29,418] Trial 74 finished with value: 0.344472736120224 and parameters: {'hidden_dim': 98, 'n_layers': 4, 'dropout': 0.013285401626443006, 'input_chunk_length': 37, 'learning_rate': 0.0004644289935141459, 'batch_size': 32}. Best is trial 12 with value: 0.28503358364105225.
GPU available: True (cuda), used: True
TPU available: False, using: 0 TPU cores
HPU available: False, using: 0 HPUs
LOCAL_RANK: 0 - CUDA_VISIBLE_DEVICES: [0,1,2,3]
SLURM auto-requeueing enabled. Setting signal handlers.
Monitored metric train_loss did not improve in the last 134 records. Best score: 0.105. Signaling Trainer to stop.
GPU available: True (cuda), used: True
TPU available: False, using: 0 TPU cores
HPU available: False, using: 0 HPUs
LOCAL_RANK: 0 - CUDA_VISIBLE_DEVICES: [0,1,2,3]
SLURM auto-requeueing enabled. Setting signal handlers.
[I 2024-11-04 18:26:43,516] Trial 75 finished with value: 0.3264818787574768 and parameters: {'hidden_dim': 110, 'n_layers': 4, 'dropout': 0.00011652973853815238, 'input_chunk_length': 93, 'learning_rate': 0.0007399910366616674, 'batch_size': 32}. Best is trial 12 with value: 0.28503358364105225.
GPU available: True (cuda), used: True
TPU available: False, using: 0 TPU cores
HPU available: False, using: 0 HPUs
LOCAL_RANK: 0 - CUDA_VISIBLE_DEVICES: [0,1,2,3]
SLURM auto-requeueing enabled. Setting signal handlers.
Monitored metric train_loss did not improve in the last 135 records. Best score: 0.105. Signaling Trainer to stop.
GPU available: True (cuda), used: True
TPU available: False, using: 0 TPU cores
HPU available: False, using: 0 HPUs
LOCAL_RANK: 0 - CUDA_VISIBLE_DEVICES: [0,1,2,3]
SLURM auto-requeueing enabled. Setting signal handlers.
[I 2024-11-04 18:26:57,605] Trial 76 finished with value: 0.3446136713027954 and parameters: {'hidden_dim': 65, 'n_layers': 5, 'dropout': 0.05806939930852495, 'input_chunk_length': 30, 'learning_rate': 0.0003131788067765522, 'batch_size': 32}. Best is trial 12 with value: 0.28503358364105225.
GPU available: True (cuda), used: True
TPU available: False, using: 0 TPU cores
HPU available: False, using: 0 HPUs
LOCAL_RANK: 0 - CUDA_VISIBLE_DEVICES: [0,1,2,3]
SLURM auto-requeueing enabled. Setting signal handlers.
Monitored metric train_loss did not improve in the last 136 records. Best score: 0.105. Signaling Trainer to stop.
GPU available: True (cuda), used: True
TPU available: False, using: 0 TPU cores
HPU available: False, using: 0 HPUs
LOCAL_RANK: 0 - CUDA_VISIBLE_DEVICES: [0,1,2,3]
SLURM auto-requeueing enabled. Setting signal handlers.
[I 2024-11-04 18:27:11,202] Trial 77 finished with value: 0.3518924415111542 and parameters: {'hidden_dim': 82, 'n_layers': 1, 'dropout': 0.027665480119791808, 'input_chunk_length': 18, 'learning_rate': 0.0006072878205221064, 'batch_size': 32}. Best is trial 12 with value: 0.28503358364105225.
GPU available: True (cuda), used: True
TPU available: False, using: 0 TPU cores
HPU available: False, using: 0 HPUs
LOCAL_RANK: 0 - CUDA_VISIBLE_DEVICES: [0,1,2,3]
SLURM auto-requeueing enabled. Setting signal handlers.
Monitored metric train_loss did not improve in the last 137 records. Best score: 0.105. Signaling Trainer to stop.
GPU available: True (cuda), used: True
TPU available: False, using: 0 TPU cores
HPU available: False, using: 0 HPUs
LOCAL_RANK: 0 - CUDA_VISIBLE_DEVICES: [0,1,2,3]
SLURM auto-requeueing enabled. Setting signal handlers.
[I 2024-11-04 18:27:27,070] Trial 78 finished with value: 0.2847216725349426 and parameters: {'hidden_dim': 293, 'n_layers': 6, 'dropout': 0.07732483555189035, 'input_chunk_length': 46, 'learning_rate': 0.00041813687441760315, 'batch_size': 32}. Best is trial 78 with value: 0.2847216725349426.
GPU available: True (cuda), used: True
TPU available: False, using: 0 TPU cores
HPU available: False, using: 0 HPUs
LOCAL_RANK: 0 - CUDA_VISIBLE_DEVICES: [0,1,2,3]
SLURM auto-requeueing enabled. Setting signal handlers.
Monitored metric train_loss did not improve in the last 138 records. Best score: 0.105. Signaling Trainer to stop.
GPU available: True (cuda), used: True
TPU available: False, using: 0 TPU cores
HPU available: False, using: 0 HPUs
LOCAL_RANK: 0 - CUDA_VISIBLE_DEVICES: [0,1,2,3]
SLURM auto-requeueing enabled. Setting signal handlers.
[I 2024-11-04 18:27:42,261] Trial 79 finished with value: 0.3678903877735138 and parameters: {'hidden_dim': 271, 'n_layers': 5, 'dropout': 0.08556318852727497, 'input_chunk_length': 40, 'learning_rate': 0.0010357401913698144, 'batch_size': 32}. Best is trial 78 with value: 0.2847216725349426.
GPU available: True (cuda), used: True
TPU available: False, using: 0 TPU cores
HPU available: False, using: 0 HPUs
LOCAL_RANK: 0 - CUDA_VISIBLE_DEVICES: [0,1,2,3]
SLURM auto-requeueing enabled. Setting signal handlers.
Monitored metric train_loss did not improve in the last 139 records. Best score: 0.105. Signaling Trainer to stop.
GPU available: True (cuda), used: True
TPU available: False, using: 0 TPU cores
HPU available: False, using: 0 HPUs
LOCAL_RANK: 0 - CUDA_VISIBLE_DEVICES: [0,1,2,3]
SLURM auto-requeueing enabled. Setting signal handlers.
[I 2024-11-04 18:27:58,310] Trial 80 finished with value: 0.31720128655433655 and parameters: {'hidden_dim': 292, 'n_layers': 6, 'dropout': 0.06954927593100144, 'input_chunk_length': 47, 'learning_rate': 0.00040609198573774493, 'batch_size': 32}. Best is trial 78 with value: 0.2847216725349426.
GPU available: True (cuda), used: True
TPU available: False, using: 0 TPU cores
HPU available: False, using: 0 HPUs
LOCAL_RANK: 0 - CUDA_VISIBLE_DEVICES: [0,1,2,3]
SLURM auto-requeueing enabled. Setting signal handlers.
Monitored metric train_loss did not improve in the last 140 records. Best score: 0.105. Signaling Trainer to stop.
GPU available: True (cuda), used: True
TPU available: False, using: 0 TPU cores
HPU available: False, using: 0 HPUs
LOCAL_RANK: 0 - CUDA_VISIBLE_DEVICES: [0,1,2,3]
SLURM auto-requeueing enabled. Setting signal handlers.
[I 2024-11-04 18:28:14,334] Trial 81 finished with value: 0.32792383432388306 and parameters: {'hidden_dim': 322, 'n_layers': 6, 'dropout': 0.07424218805933092, 'input_chunk_length': 46, 'learning_rate': 0.0004350389327035066, 'batch_size': 32}. Best is trial 78 with value: 0.2847216725349426.
GPU available: True (cuda), used: True
TPU available: False, using: 0 TPU cores
HPU available: False, using: 0 HPUs
LOCAL_RANK: 0 - CUDA_VISIBLE_DEVICES: [0,1,2,3]
SLURM auto-requeueing enabled. Setting signal handlers.
Monitored metric train_loss did not improve in the last 141 records. Best score: 0.105. Signaling Trainer to stop.
GPU available: True (cuda), used: True
TPU available: False, using: 0 TPU cores
HPU available: False, using: 0 HPUs
LOCAL_RANK: 0 - CUDA_VISIBLE_DEVICES: [0,1,2,3]
SLURM auto-requeueing enabled. Setting signal handlers.
[I 2024-11-04 18:28:30,277] Trial 82 finished with value: 0.3597695827484131 and parameters: {'hidden_dim': 288, 'n_layers': 6, 'dropout': 0.049629313038384665, 'input_chunk_length': 50, 'learning_rate': 0.0003488871021867051, 'batch_size': 32}. Best is trial 78 with value: 0.2847216725349426.
GPU available: True (cuda), used: True
TPU available: False, using: 0 TPU cores
HPU available: False, using: 0 HPUs
LOCAL_RANK: 0 - CUDA_VISIBLE_DEVICES: [0,1,2,3]
SLURM auto-requeueing enabled. Setting signal handlers.
Monitored metric train_loss did not improve in the last 142 records. Best score: 0.105. Signaling Trainer to stop.
GPU available: True (cuda), used: True
TPU available: False, using: 0 TPU cores
HPU available: False, using: 0 HPUs
LOCAL_RANK: 0 - CUDA_VISIBLE_DEVICES: [0,1,2,3]
SLURM auto-requeueing enabled. Setting signal handlers.
[I 2024-11-04 18:28:45,866] Trial 83 finished with value: 0.3315432369709015 and parameters: {'hidden_dim': 251, 'n_layers': 6, 'dropout': 0.014630204577038133, 'input_chunk_length': 33, 'learning_rate': 0.0005442390936913542, 'batch_size': 32}. Best is trial 78 with value: 0.2847216725349426.
GPU available: True (cuda), used: True
TPU available: False, using: 0 TPU cores
HPU available: False, using: 0 HPUs
LOCAL_RANK: 0 - CUDA_VISIBLE_DEVICES: [0,1,2,3]
SLURM auto-requeueing enabled. Setting signal handlers.
Monitored metric train_loss did not improve in the last 143 records. Best score: 0.105. Signaling Trainer to stop.
GPU available: True (cuda), used: True
TPU available: False, using: 0 TPU cores
HPU available: False, using: 0 HPUs
LOCAL_RANK: 0 - CUDA_VISIBLE_DEVICES: [0,1,2,3]
SLURM auto-requeueing enabled. Setting signal handlers.
[I 2024-11-04 18:29:02,070] Trial 84 finished with value: 0.3149794936180115 and parameters: {'hidden_dim': 303, 'n_layers': 6, 'dropout': 0.11084483018255359, 'input_chunk_length': 48, 'learning_rate': 0.00040380492921543947, 'batch_size': 32}. Best is trial 78 with value: 0.2847216725349426.
GPU available: True (cuda), used: True
TPU available: False, using: 0 TPU cores
HPU available: False, using: 0 HPUs
LOCAL_RANK: 0 - CUDA_VISIBLE_DEVICES: [0,1,2,3]
SLURM auto-requeueing enabled. Setting signal handlers.
Monitored metric train_loss did not improve in the last 144 records. Best score: 0.105. Signaling Trainer to stop.
GPU available: True (cuda), used: True
TPU available: False, using: 0 TPU cores
HPU available: False, using: 0 HPUs
LOCAL_RANK: 0 - CUDA_VISIBLE_DEVICES: [0,1,2,3]
SLURM auto-requeueing enabled. Setting signal handlers.
[I 2024-11-04 18:29:17,927] Trial 85 finished with value: 0.31055232882499695 and parameters: {'hidden_dim': 311, 'n_layers': 6, 'dropout': 0.21251803777500453, 'input_chunk_length': 44, 'learning_rate': 0.0002360017642951211, 'batch_size': 32}. Best is trial 78 with value: 0.2847216725349426.
GPU available: True (cuda), used: True
TPU available: False, using: 0 TPU cores
HPU available: False, using: 0 HPUs
LOCAL_RANK: 0 - CUDA_VISIBLE_DEVICES: [0,1,2,3]
SLURM auto-requeueing enabled. Setting signal handlers.
Monitored metric train_loss did not improve in the last 145 records. Best score: 0.105. Signaling Trainer to stop.
GPU available: True (cuda), used: True
TPU available: False, using: 0 TPU cores
HPU available: False, using: 0 HPUs
LOCAL_RANK: 0 - CUDA_VISIBLE_DEVICES: [0,1,2,3]
SLURM auto-requeueing enabled. Setting signal handlers.
[I 2024-11-04 18:29:33,175] Trial 86 finished with value: 0.331455796957016 and parameters: {'hidden_dim': 317, 'n_layers': 6, 'dropout': 0.21071943899643858, 'input_chunk_length': 26, 'learning_rate': 0.0002438110594749813, 'batch_size': 32}. Best is trial 78 with value: 0.2847216725349426.
GPU available: True (cuda), used: True
TPU available: False, using: 0 TPU cores
HPU available: False, using: 0 HPUs
LOCAL_RANK: 0 - CUDA_VISIBLE_DEVICES: [0,1,2,3]
SLURM auto-requeueing enabled. Setting signal handlers.
Monitored metric train_loss did not improve in the last 146 records. Best score: 0.105. Signaling Trainer to stop.
GPU available: True (cuda), used: True
TPU available: False, using: 0 TPU cores
HPU available: False, using: 0 HPUs
LOCAL_RANK: 0 - CUDA_VISIBLE_DEVICES: [0,1,2,3]
SLURM auto-requeueing enabled. Setting signal handlers.
[I 2024-11-04 18:29:48,086] Trial 87 finished with value: 0.46386805176734924 and parameters: {'hidden_dim': 265, 'n_layers': 6, 'dropout': 0.2904124522929327, 'input_chunk_length': 38, 'learning_rate': 0.0014551626357082411, 'batch_size': 64}. Best is trial 78 with value: 0.2847216725349426.
GPU available: True (cuda), used: True
TPU available: False, using: 0 TPU cores
HPU available: False, using: 0 HPUs
LOCAL_RANK: 0 - CUDA_VISIBLE_DEVICES: [0,1,2,3]
SLURM auto-requeueing enabled. Setting signal handlers.
Monitored metric train_loss did not improve in the last 147 records. Best score: 0.105. Signaling Trainer to stop.
GPU available: True (cuda), used: True
TPU available: False, using: 0 TPU cores
HPU available: False, using: 0 HPUs
LOCAL_RANK: 0 - CUDA_VISIBLE_DEVICES: [0,1,2,3]
SLURM auto-requeueing enabled. Setting signal handlers.
[I 2024-11-04 18:30:03,967] Trial 88 finished with value: 0.42084482312202454 and parameters: {'hidden_dim': 353, 'n_layers': 5, 'dropout': 0.16998708937362828, 'input_chunk_length': 45, 'learning_rate': 0.0006600916563502379, 'batch_size': 32}. Best is trial 78 with value: 0.2847216725349426.
GPU available: True (cuda), used: True
TPU available: False, using: 0 TPU cores
HPU available: False, using: 0 HPUs
LOCAL_RANK: 0 - CUDA_VISIBLE_DEVICES: [0,1,2,3]
SLURM auto-requeueing enabled. Setting signal handlers.
Monitored metric train_loss did not improve in the last 148 records. Best score: 0.105. Signaling Trainer to stop.
GPU available: True (cuda), used: True
TPU available: False, using: 0 TPU cores
HPU available: False, using: 0 HPUs
LOCAL_RANK: 0 - CUDA_VISIBLE_DEVICES: [0,1,2,3]
SLURM auto-requeueing enabled. Setting signal handlers.
[I 2024-11-04 18:30:29,790] Trial 89 finished with value: 0.33089274168014526 and parameters: {'hidden_dim': 309, 'n_layers': 6, 'dropout': 0.14146229545775274, 'input_chunk_length': 143, 'learning_rate': 0.0009113565799724604, 'batch_size': 32}. Best is trial 78 with value: 0.2847216725349426.
GPU available: True (cuda), used: True
TPU available: False, using: 0 TPU cores
HPU available: False, using: 0 HPUs
LOCAL_RANK: 0 - CUDA_VISIBLE_DEVICES: [0,1,2,3]
SLURM auto-requeueing enabled. Setting signal handlers.
Monitored metric train_loss did not improve in the last 149 records. Best score: 0.105. Signaling Trainer to stop.
GPU available: True (cuda), used: True
TPU available: False, using: 0 TPU cores
HPU available: False, using: 0 HPUs
LOCAL_RANK: 0 - CUDA_VISIBLE_DEVICES: [0,1,2,3]
SLURM auto-requeueing enabled. Setting signal handlers.
[I 2024-11-04 18:30:46,146] Trial 90 finished with value: 0.47551512718200684 and parameters: {'hidden_dim': 336, 'n_layers': 5, 'dropout': 0.24612637900914766, 'input_chunk_length': 52, 'learning_rate': 5.203835459682756e-05, 'batch_size': 32}. Best is trial 78 with value: 0.2847216725349426.
GPU available: True (cuda), used: True
TPU available: False, using: 0 TPU cores
HPU available: False, using: 0 HPUs
LOCAL_RANK: 0 - CUDA_VISIBLE_DEVICES: [0,1,2,3]
SLURM auto-requeueing enabled. Setting signal handlers.
Monitored metric train_loss did not improve in the last 150 records. Best score: 0.105. Signaling Trainer to stop.
GPU available: True (cuda), used: True
TPU available: False, using: 0 TPU cores
HPU available: False, using: 0 HPUs
LOCAL_RANK: 0 - CUDA_VISIBLE_DEVICES: [0,1,2,3]
SLURM auto-requeueing enabled. Setting signal handlers.
[I 2024-11-04 18:31:02,166] Trial 91 finished with value: 0.3254820704460144 and parameters: {'hidden_dim': 332, 'n_layers': 6, 'dropout': 0.12817791691555291, 'input_chunk_length': 43, 'learning_rate': 0.00019645249876183756, 'batch_size': 32}. Best is trial 78 with value: 0.2847216725349426.
GPU available: True (cuda), used: True
TPU available: False, using: 0 TPU cores
HPU available: False, using: 0 HPUs
LOCAL_RANK: 0 - CUDA_VISIBLE_DEVICES: [0,1,2,3]
SLURM auto-requeueing enabled. Setting signal handlers.
Monitored metric train_loss did not improve in the last 151 records. Best score: 0.105. Signaling Trainer to stop.
GPU available: True (cuda), used: True
TPU available: False, using: 0 TPU cores
HPU available: False, using: 0 HPUs
LOCAL_RANK: 0 - CUDA_VISIBLE_DEVICES: [0,1,2,3]
SLURM auto-requeueing enabled. Setting signal handlers.
[I 2024-11-04 18:31:19,712] Trial 92 finished with value: 0.40030696988105774 and parameters: {'hidden_dim': 302, 'n_layers': 6, 'dropout': 0.3677482601255293, 'input_chunk_length': 65, 'learning_rate': 0.00011509911399834858, 'batch_size': 32}. Best is trial 78 with value: 0.2847216725349426.
GPU available: True (cuda), used: True
TPU available: False, using: 0 TPU cores
HPU available: False, using: 0 HPUs
LOCAL_RANK: 0 - CUDA_VISIBLE_DEVICES: [0,1,2,3]
SLURM auto-requeueing enabled. Setting signal handlers.
Monitored metric train_loss did not improve in the last 152 records. Best score: 0.105. Signaling Trainer to stop.
GPU available: True (cuda), used: True
TPU available: False, using: 0 TPU cores
HPU available: False, using: 0 HPUs
LOCAL_RANK: 0 - CUDA_VISIBLE_DEVICES: [0,1,2,3]
SLURM auto-requeueing enabled. Setting signal handlers.
[I 2024-11-04 18:31:37,493] Trial 93 finished with value: 0.3592641353607178 and parameters: {'hidden_dim': 368, 'n_layers': 6, 'dropout': 0.10997490610455074, 'input_chunk_length': 56, 'learning_rate': 0.00030629429067553765, 'batch_size': 32}. Best is trial 78 with value: 0.2847216725349426.
GPU available: True (cuda), used: True
TPU available: False, using: 0 TPU cores
HPU available: False, using: 0 HPUs
LOCAL_RANK: 0 - CUDA_VISIBLE_DEVICES: [0,1,2,3]
SLURM auto-requeueing enabled. Setting signal handlers.
Monitored metric train_loss did not improve in the last 153 records. Best score: 0.105. Signaling Trainer to stop.
GPU available: True (cuda), used: True
TPU available: False, using: 0 TPU cores
HPU available: False, using: 0 HPUs
LOCAL_RANK: 0 - CUDA_VISIBLE_DEVICES: [0,1,2,3]
SLURM auto-requeueing enabled. Setting signal handlers.
[I 2024-11-04 18:31:52,501] Trial 94 finished with value: 0.34325817227363586 and parameters: {'hidden_dim': 134, 'n_layers': 5, 'dropout': 0.03191832311619499, 'input_chunk_length': 60, 'learning_rate': 0.0004911265849458943, 'batch_size': 32}. Best is trial 78 with value: 0.2847216725349426.
GPU available: True (cuda), used: True
TPU available: False, using: 0 TPU cores
HPU available: False, using: 0 HPUs
LOCAL_RANK: 0 - CUDA_VISIBLE_DEVICES: [0,1,2,3]
SLURM auto-requeueing enabled. Setting signal handlers.
Monitored metric train_loss did not improve in the last 154 records. Best score: 0.105. Signaling Trainer to stop.
GPU available: True (cuda), used: True
TPU available: False, using: 0 TPU cores
HPU available: False, using: 0 HPUs
LOCAL_RANK: 0 - CUDA_VISIBLE_DEVICES: [0,1,2,3]
SLURM auto-requeueing enabled. Setting signal handlers.
[I 2024-11-04 18:32:07,950] Trial 95 finished with value: 0.34248727560043335 and parameters: {'hidden_dim': 216, 'n_layers': 6, 'dropout': 0.009659707137881704, 'input_chunk_length': 32, 'learning_rate': 0.0001604557199241207, 'batch_size': 32}. Best is trial 78 with value: 0.2847216725349426.
GPU available: True (cuda), used: True
TPU available: False, using: 0 TPU cores
HPU available: False, using: 0 HPUs
LOCAL_RANK: 0 - CUDA_VISIBLE_DEVICES: [0,1,2,3]
SLURM auto-requeueing enabled. Setting signal handlers.
Monitored metric train_loss did not improve in the last 155 records. Best score: 0.105. Signaling Trainer to stop.
GPU available: True (cuda), used: True
TPU available: False, using: 0 TPU cores
HPU available: False, using: 0 HPUs
LOCAL_RANK: 0 - CUDA_VISIBLE_DEVICES: [0,1,2,3]
SLURM auto-requeueing enabled. Setting signal handlers.
[I 2024-11-04 18:32:23,604] Trial 96 finished with value: 0.322101354598999 and parameters: {'hidden_dim': 300, 'n_layers': 4, 'dropout': 0.15529390990579717, 'input_chunk_length': 53, 'learning_rate': 0.00022405358415201774, 'batch_size': 32}. Best is trial 78 with value: 0.2847216725349426.
GPU available: True (cuda), used: True
TPU available: False, using: 0 TPU cores
HPU available: False, using: 0 HPUs
LOCAL_RANK: 0 - CUDA_VISIBLE_DEVICES: [0,1,2,3]
SLURM auto-requeueing enabled. Setting signal handlers.
Monitored metric train_loss did not improve in the last 156 records. Best score: 0.105. Signaling Trainer to stop.
GPU available: True (cuda), used: True
TPU available: False, using: 0 TPU cores
HPU available: False, using: 0 HPUs
LOCAL_RANK: 0 - CUDA_VISIBLE_DEVICES: [0,1,2,3]
SLURM auto-requeueing enabled. Setting signal handlers.
