[I 2024-11-11 12:23:18,666] Trial 127 finished with value: 0.3148062825202942 and parameters: {'hidden_dim': 475, 'n_layers': 3, 'dropout': 0.27832347539058705, 'input_chunk_length': 75, 'learning_rate': 0.0005340998695741615, 'batch_size': 64}. Best is trial 17 with value: 0.18230657279491425.
GPU available: True (cuda), used: True
TPU available: False, using: 0 TPU cores
HPU available: False, using: 0 HPUs
LOCAL_RANK: 0 - CUDA_VISIBLE_DEVICES: [0,1]
SLURM auto-requeueing enabled. Setting signal handlers.
Monitored metric train_loss did not improve in the last 183 records. Best score: 0.085. Signaling Trainer to stop.
GPU available: True (cuda), used: True
TPU available: False, using: 0 TPU cores
HPU available: False, using: 0 HPUs
LOCAL_RANK: 0 - CUDA_VISIBLE_DEVICES: [0,1]
SLURM auto-requeueing enabled. Setting signal handlers.
[I 2024-11-11 12:23:46,737] Trial 128 finished with value: 0.2945978343486786 and parameters: {'hidden_dim': 300, 'n_layers': 3, 'dropout': 0.35396546875401447, 'input_chunk_length': 89, 'learning_rate': 0.00012352537434194243, 'batch_size': 32}. Best is trial 17 with value: 0.18230657279491425.
GPU available: True (cuda), used: True
TPU available: False, using: 0 TPU cores
HPU available: False, using: 0 HPUs
LOCAL_RANK: 0 - CUDA_VISIBLE_DEVICES: [0,1]
SLURM auto-requeueing enabled. Setting signal handlers.
Monitored metric train_loss did not improve in the last 184 records. Best score: 0.085. Signaling Trainer to stop.
GPU available: True (cuda), used: True
TPU available: False, using: 0 TPU cores
HPU available: False, using: 0 HPUs
LOCAL_RANK: 0 - CUDA_VISIBLE_DEVICES: [0,1]
SLURM auto-requeueing enabled. Setting signal handlers.
[I 2024-11-11 12:24:09,733] Trial 129 finished with value: 0.31395062804222107 and parameters: {'hidden_dim': 429, 'n_layers': 1, 'dropout': 0.011428993586074444, 'input_chunk_length': 52, 'learning_rate': 0.00021573681760408606, 'batch_size': 32}. Best is trial 17 with value: 0.18230657279491425.
GPU available: True (cuda), used: True
TPU available: False, using: 0 TPU cores
HPU available: False, using: 0 HPUs
LOCAL_RANK: 0 - CUDA_VISIBLE_DEVICES: [0,1]
SLURM auto-requeueing enabled. Setting signal handlers.
Monitored metric train_loss did not improve in the last 185 records. Best score: 0.085. Signaling Trainer to stop.
GPU available: True (cuda), used: True
TPU available: False, using: 0 TPU cores
HPU available: False, using: 0 HPUs
LOCAL_RANK: 0 - CUDA_VISIBLE_DEVICES: [0,1]
SLURM auto-requeueing enabled. Setting signal handlers.
[I 2024-11-11 12:24:44,481] Trial 130 finished with value: 0.2875235974788666 and parameters: {'hidden_dim': 468, 'n_layers': 4, 'dropout': 0.3035131895818146, 'input_chunk_length': 86, 'learning_rate': 0.00036618220498082555, 'batch_size': 32}. Best is trial 17 with value: 0.18230657279491425.
GPU available: True (cuda), used: True
TPU available: False, using: 0 TPU cores
HPU available: False, using: 0 HPUs
LOCAL_RANK: 0 - CUDA_VISIBLE_DEVICES: [0,1]
SLURM auto-requeueing enabled. Setting signal handlers.
Monitored metric train_loss did not improve in the last 186 records. Best score: 0.085. Signaling Trainer to stop.
GPU available: True (cuda), used: True
TPU available: False, using: 0 TPU cores
HPU available: False, using: 0 HPUs
LOCAL_RANK: 0 - CUDA_VISIBLE_DEVICES: [0,1]
SLURM auto-requeueing enabled. Setting signal handlers.
[I 2024-11-11 12:25:20,466] Trial 131 finished with value: 0.2825804352760315 and parameters: {'hidden_dim': 480, 'n_layers': 4, 'dropout': 0.2822276624281213, 'input_chunk_length': 91, 'learning_rate': 0.0008627093958823621, 'batch_size': 32}. Best is trial 17 with value: 0.18230657279491425.
GPU available: True (cuda), used: True
TPU available: False, using: 0 TPU cores
HPU available: False, using: 0 HPUs
LOCAL_RANK: 0 - CUDA_VISIBLE_DEVICES: [0,1]
SLURM auto-requeueing enabled. Setting signal handlers.
Monitored metric train_loss did not improve in the last 187 records. Best score: 0.085. Signaling Trainer to stop.
GPU available: True (cuda), used: True
TPU available: False, using: 0 TPU cores
HPU available: False, using: 0 HPUs
LOCAL_RANK: 0 - CUDA_VISIBLE_DEVICES: [0,1]
SLURM auto-requeueing enabled. Setting signal handlers.
[I 2024-11-11 12:25:59,958] Trial 132 finished with value: 0.29860734939575195 and parameters: {'hidden_dim': 487, 'n_layers': 4, 'dropout': 0.2513276827349382, 'input_chunk_length': 96, 'learning_rate': 0.0004906935132778515, 'batch_size': 32}. Best is trial 17 with value: 0.18230657279491425.
GPU available: True (cuda), used: True
TPU available: False, using: 0 TPU cores
HPU available: False, using: 0 HPUs
LOCAL_RANK: 0 - CUDA_VISIBLE_DEVICES: [0,1]
SLURM auto-requeueing enabled. Setting signal handlers.
Monitored metric train_loss did not improve in the last 188 records. Best score: 0.085. Signaling Trainer to stop.
GPU available: True (cuda), used: True
TPU available: False, using: 0 TPU cores
HPU available: False, using: 0 HPUs
LOCAL_RANK: 0 - CUDA_VISIBLE_DEVICES: [0,1]
SLURM auto-requeueing enabled. Setting signal handlers.
[I 2024-11-11 12:26:41,485] Trial 133 finished with value: 0.29836180806159973 and parameters: {'hidden_dim': 506, 'n_layers': 4, 'dropout': 0.2715377737170853, 'input_chunk_length': 102, 'learning_rate': 0.000292411252206479, 'batch_size': 32}. Best is trial 17 with value: 0.18230657279491425.
GPU available: True (cuda), used: True
TPU available: False, using: 0 TPU cores
HPU available: False, using: 0 HPUs
LOCAL_RANK: 0 - CUDA_VISIBLE_DEVICES: [0,1]
SLURM auto-requeueing enabled. Setting signal handlers.
Monitored metric train_loss did not improve in the last 189 records. Best score: 0.085. Signaling Trainer to stop.
GPU available: True (cuda), used: True
TPU available: False, using: 0 TPU cores
HPU available: False, using: 0 HPUs
LOCAL_RANK: 0 - CUDA_VISIBLE_DEVICES: [0,1]
SLURM auto-requeueing enabled. Setting signal handlers.
[I 2024-11-11 12:27:14,977] Trial 134 finished with value: 0.35641735792160034 and parameters: {'hidden_dim': 460, 'n_layers': 4, 'dropout': 0.23758470874708448, 'input_chunk_length': 81, 'learning_rate': 0.00041476609287650863, 'batch_size': 32}. Best is trial 17 with value: 0.18230657279491425.
GPU available: True (cuda), used: True
TPU available: False, using: 0 TPU cores
HPU available: False, using: 0 HPUs
LOCAL_RANK: 0 - CUDA_VISIBLE_DEVICES: [0,1]
SLURM auto-requeueing enabled. Setting signal handlers.
Monitored metric train_loss did not improve in the last 190 records. Best score: 0.085. Signaling Trainer to stop.
GPU available: True (cuda), used: True
TPU available: False, using: 0 TPU cores
HPU available: False, using: 0 HPUs
LOCAL_RANK: 0 - CUDA_VISIBLE_DEVICES: [0,1]
SLURM auto-requeueing enabled. Setting signal handlers.
[I 2024-11-11 12:27:37,295] Trial 135 finished with value: 0.2953677773475647 and parameters: {'hidden_dim': 446, 'n_layers': 4, 'dropout': 0.28887199525018087, 'input_chunk_length': 30, 'learning_rate': 0.0006265353725776529, 'batch_size': 32}. Best is trial 17 with value: 0.18230657279491425.
GPU available: True (cuda), used: True
TPU available: False, using: 0 TPU cores
HPU available: False, using: 0 HPUs
LOCAL_RANK: 0 - CUDA_VISIBLE_DEVICES: [0,1]
SLURM auto-requeueing enabled. Setting signal handlers.
Monitored metric train_loss did not improve in the last 191 records. Best score: 0.085. Signaling Trainer to stop.
GPU available: True (cuda), used: True
TPU available: False, using: 0 TPU cores
HPU available: False, using: 0 HPUs
LOCAL_RANK: 0 - CUDA_VISIBLE_DEVICES: [0,1]
SLURM auto-requeueing enabled. Setting signal handlers.
[I 2024-11-11 12:28:01,352] Trial 136 finished with value: 0.2740899622440338 and parameters: {'hidden_dim': 197, 'n_layers': 3, 'dropout': 0.3118023977485775, 'input_chunk_length': 90, 'learning_rate': 0.0004794813570700988, 'batch_size': 64}. Best is trial 17 with value: 0.18230657279491425.
GPU available: True (cuda), used: True
TPU available: False, using: 0 TPU cores
HPU available: False, using: 0 HPUs
LOCAL_RANK: 0 - CUDA_VISIBLE_DEVICES: [0,1]
SLURM auto-requeueing enabled. Setting signal handlers.
Monitored metric train_loss did not improve in the last 192 records. Best score: 0.085. Signaling Trainer to stop.
GPU available: True (cuda), used: True
TPU available: False, using: 0 TPU cores
HPU available: False, using: 0 HPUs
LOCAL_RANK: 0 - CUDA_VISIBLE_DEVICES: [0,1]
SLURM auto-requeueing enabled. Setting signal handlers.
[I 2024-11-11 12:28:30,139] Trial 137 finished with value: 0.32789960503578186 and parameters: {'hidden_dim': 200, 'n_layers': 3, 'dropout': 0.31507344355136824, 'input_chunk_length': 131, 'learning_rate': 0.002308418149758983, 'batch_size': 64}. Best is trial 17 with value: 0.18230657279491425.
GPU available: True (cuda), used: True
TPU available: False, using: 0 TPU cores
HPU available: False, using: 0 HPUs
LOCAL_RANK: 0 - CUDA_VISIBLE_DEVICES: [0,1]
SLURM auto-requeueing enabled. Setting signal handlers.
Monitored metric train_loss did not improve in the last 193 records. Best score: 0.085. Signaling Trainer to stop.
GPU available: True (cuda), used: True
TPU available: False, using: 0 TPU cores
HPU available: False, using: 0 HPUs
LOCAL_RANK: 0 - CUDA_VISIBLE_DEVICES: [0,1]
SLURM auto-requeueing enabled. Setting signal handlers.
[I 2024-11-11 12:28:52,188] Trial 138 finished with value: 0.2882722020149231 and parameters: {'hidden_dim': 185, 'n_layers': 3, 'dropout': 0.3430207449696888, 'input_chunk_length': 73, 'learning_rate': 0.00032297626786056147, 'batch_size': 64}. Best is trial 17 with value: 0.18230657279491425.
GPU available: True (cuda), used: True
TPU available: False, using: 0 TPU cores
HPU available: False, using: 0 HPUs
LOCAL_RANK: 0 - CUDA_VISIBLE_DEVICES: [0,1]
SLURM auto-requeueing enabled. Setting signal handlers.
Monitored metric train_loss did not improve in the last 194 records. Best score: 0.085. Signaling Trainer to stop.
GPU available: True (cuda), used: True
TPU available: False, using: 0 TPU cores
HPU available: False, using: 0 HPUs
LOCAL_RANK: 0 - CUDA_VISIBLE_DEVICES: [0,1]
SLURM auto-requeueing enabled. Setting signal handlers.
[I 2024-11-11 12:29:27,747] Trial 139 finished with value: 0.3189217150211334 and parameters: {'hidden_dim': 398, 'n_layers': 3, 'dropout': 0.33088733268409554, 'input_chunk_length': 118, 'learning_rate': 0.0002523030721276345, 'batch_size': 64}. Best is trial 17 with value: 0.18230657279491425.
GPU available: True (cuda), used: True
TPU available: False, using: 0 TPU cores
HPU available: False, using: 0 HPUs
LOCAL_RANK: 0 - CUDA_VISIBLE_DEVICES: [0,1]
SLURM auto-requeueing enabled. Setting signal handlers.
Monitored metric train_loss did not improve in the last 195 records. Best score: 0.085. Signaling Trainer to stop.
GPU available: True (cuda), used: True
TPU available: False, using: 0 TPU cores
HPU available: False, using: 0 HPUs
LOCAL_RANK: 0 - CUDA_VISIBLE_DEVICES: [0,1]
SLURM auto-requeueing enabled. Setting signal handlers.
[I 2024-11-11 12:29:49,606] Trial 140 finished with value: 0.32001784443855286 and parameters: {'hidden_dim': 223, 'n_layers': 3, 'dropout': 0.3004699916537323, 'input_chunk_length': 64, 'learning_rate': 0.0007159649918092861, 'batch_size': 64}. Best is trial 17 with value: 0.18230657279491425.
GPU available: True (cuda), used: True
TPU available: False, using: 0 TPU cores
HPU available: False, using: 0 HPUs
LOCAL_RANK: 0 - CUDA_VISIBLE_DEVICES: [0,1]
SLURM auto-requeueing enabled. Setting signal handlers.
Monitored metric train_loss did not improve in the last 196 records. Best score: 0.085. Signaling Trainer to stop.
GPU available: True (cuda), used: True
TPU available: False, using: 0 TPU cores
HPU available: False, using: 0 HPUs
LOCAL_RANK: 0 - CUDA_VISIBLE_DEVICES: [0,1]
SLURM auto-requeueing enabled. Setting signal handlers.
[I 2024-11-11 12:30:11,876] Trial 141 finished with value: 0.32428067922592163 and parameters: {'hidden_dim': 151, 'n_layers': 3, 'dropout': 0.26468771983244077, 'input_chunk_length': 90, 'learning_rate': 0.00046035365202626343, 'batch_size': 64}. Best is trial 17 with value: 0.18230657279491425.
GPU available: True (cuda), used: True
TPU available: False, using: 0 TPU cores
HPU available: False, using: 0 HPUs
LOCAL_RANK: 0 - CUDA_VISIBLE_DEVICES: [0,1]
SLURM auto-requeueing enabled. Setting signal handlers.
Monitored metric train_loss did not improve in the last 197 records. Best score: 0.085. Signaling Trainer to stop.
GPU available: True (cuda), used: True
TPU available: False, using: 0 TPU cores
HPU available: False, using: 0 HPUs
LOCAL_RANK: 0 - CUDA_VISIBLE_DEVICES: [0,1]
SLURM auto-requeueing enabled. Setting signal handlers.
[I 2024-11-11 12:30:43,692] Trial 142 finished with value: 0.2867661416530609 and parameters: {'hidden_dim': 416, 'n_layers': 3, 'dropout': 0.320541643412508, 'input_chunk_length': 93, 'learning_rate': 0.0005286263503462285, 'batch_size': 32}. Best is trial 17 with value: 0.18230657279491425.
GPU available: True (cuda), used: True
TPU available: False, using: 0 TPU cores
HPU available: False, using: 0 HPUs
LOCAL_RANK: 0 - CUDA_VISIBLE_DEVICES: [0,1]
SLURM auto-requeueing enabled. Setting signal handlers.
Monitored metric train_loss did not improve in the last 198 records. Best score: 0.085. Signaling Trainer to stop.
GPU available: True (cuda), used: True
TPU available: False, using: 0 TPU cores
HPU available: False, using: 0 HPUs
LOCAL_RANK: 0 - CUDA_VISIBLE_DEVICES: [0,1]
SLURM auto-requeueing enabled. Setting signal handlers.
[I 2024-11-11 12:31:09,833] Trial 143 finished with value: 0.31089121103286743 and parameters: {'hidden_dim': 173, 'n_layers': 5, 'dropout': 0.0002619819942873625, 'input_chunk_length': 86, 'learning_rate': 0.0004003781911063542, 'batch_size': 64}. Best is trial 17 with value: 0.18230657279491425.
GPU available: True (cuda), used: True
TPU available: False, using: 0 TPU cores
HPU available: False, using: 0 HPUs
LOCAL_RANK: 0 - CUDA_VISIBLE_DEVICES: [0,1]
SLURM auto-requeueing enabled. Setting signal handlers.
Monitored metric train_loss did not improve in the last 199 records. Best score: 0.085. Signaling Trainer to stop.
GPU available: True (cuda), used: True
TPU available: False, using: 0 TPU cores
HPU available: False, using: 0 HPUs
LOCAL_RANK: 0 - CUDA_VISIBLE_DEVICES: [0,1]
SLURM auto-requeueing enabled. Setting signal handlers.
[I 2024-11-11 12:31:38,367] Trial 144 finished with value: 0.309742271900177 and parameters: {'hidden_dim': 435, 'n_layers': 3, 'dropout': 0.02508409276326136, 'input_chunk_length': 69, 'learning_rate': 0.00034255393409470257, 'batch_size': 32}. Best is trial 17 with value: 0.18230657279491425.
GPU available: True (cuda), used: True
TPU available: False, using: 0 TPU cores
HPU available: False, using: 0 HPUs
LOCAL_RANK: 0 - CUDA_VISIBLE_DEVICES: [0,1]
SLURM auto-requeueing enabled. Setting signal handlers.
Monitored metric train_loss did not improve in the last 200 records. Best score: 0.085. Signaling Trainer to stop.
GPU available: True (cuda), used: True
TPU available: False, using: 0 TPU cores
HPU available: False, using: 0 HPUs
LOCAL_RANK: 0 - CUDA_VISIBLE_DEVICES: [0,1]
SLURM auto-requeueing enabled. Setting signal handlers.
[I 2024-11-11 12:32:11,521] Trial 145 finished with value: 0.30249932408332825 and parameters: {'hidden_dim': 469, 'n_layers': 3, 'dropout': 0.2913258182051917, 'input_chunk_length': 84, 'learning_rate': 0.0002747155352737648, 'batch_size': 32}. Best is trial 17 with value: 0.18230657279491425.
GPU available: True (cuda), used: True
TPU available: False, using: 0 TPU cores
HPU available: False, using: 0 HPUs
LOCAL_RANK: 0 - CUDA_VISIBLE_DEVICES: [0,1]
SLURM auto-requeueing enabled. Setting signal handlers.
Monitored metric train_loss did not improve in the last 201 records. Best score: 0.085. Signaling Trainer to stop.
GPU available: True (cuda), used: True
TPU available: False, using: 0 TPU cores
HPU available: False, using: 0 HPUs
LOCAL_RANK: 0 - CUDA_VISIBLE_DEVICES: [0,1]
SLURM auto-requeueing enabled. Setting signal handlers.
[I 2024-11-11 12:32:40,615] Trial 146 finished with value: 0.28890153765678406 and parameters: {'hidden_dim': 426, 'n_layers': 1, 'dropout': 0.05081276836066508, 'input_chunk_length': 94, 'learning_rate': 0.00048210190037813297, 'batch_size': 64}. Best is trial 17 with value: 0.18230657279491425.
GPU available: True (cuda), used: True
TPU available: False, using: 0 TPU cores
HPU available: False, using: 0 HPUs
LOCAL_RANK: 0 - CUDA_VISIBLE_DEVICES: [0,1]
SLURM auto-requeueing enabled. Setting signal handlers.
Monitored metric train_loss did not improve in the last 202 records. Best score: 0.085. Signaling Trainer to stop.
GPU available: True (cuda), used: True
TPU available: False, using: 0 TPU cores
HPU available: False, using: 0 HPUs
LOCAL_RANK: 0 - CUDA_VISIBLE_DEVICES: [0,1]
SLURM auto-requeueing enabled. Setting signal handlers.
[I 2024-11-11 12:33:01,477] Trial 147 finished with value: 0.30512169003486633 and parameters: {'hidden_dim': 195, 'n_layers': 2, 'dropout': 0.3068380655974438, 'input_chunk_length': 60, 'learning_rate': 0.00019220983616926576, 'batch_size': 32}. Best is trial 17 with value: 0.18230657279491425.
GPU available: True (cuda), used: True
TPU available: False, using: 0 TPU cores
HPU available: False, using: 0 HPUs
LOCAL_RANK: 0 - CUDA_VISIBLE_DEVICES: [0,1]
SLURM auto-requeueing enabled. Setting signal handlers.
Monitored metric train_loss did not improve in the last 203 records. Best score: 0.085. Signaling Trainer to stop.
GPU available: True (cuda), used: True
TPU available: False, using: 0 TPU cores
HPU available: False, using: 0 HPUs
LOCAL_RANK: 0 - CUDA_VISIBLE_DEVICES: [0,1]
SLURM auto-requeueing enabled. Setting signal handlers.
[I 2024-11-11 12:33:41,958] Trial 148 finished with value: 0.3249724507331848 and parameters: {'hidden_dim': 441, 'n_layers': 5, 'dropout': 0.37696004157921015, 'input_chunk_length': 99, 'learning_rate': 0.000641391845019281, 'batch_size': 32}. Best is trial 17 with value: 0.18230657279491425.
GPU available: True (cuda), used: True
TPU available: False, using: 0 TPU cores
HPU available: False, using: 0 HPUs
LOCAL_RANK: 0 - CUDA_VISIBLE_DEVICES: [0,1]
SLURM auto-requeueing enabled. Setting signal handlers.
Monitored metric train_loss did not improve in the last 204 records. Best score: 0.085. Signaling Trainer to stop.
GPU available: True (cuda), used: True
TPU available: False, using: 0 TPU cores
HPU available: False, using: 0 HPUs
LOCAL_RANK: 0 - CUDA_VISIBLE_DEVICES: [0,1]
SLURM auto-requeueing enabled. Setting signal handlers.
[I 2024-11-11 12:34:07,158] Trial 149 finished with value: 0.3150385618209839 and parameters: {'hidden_dim': 213, 'n_layers': 3, 'dropout': 0.3639485942465071, 'input_chunk_length': 89, 'learning_rate': 0.0002265960432821018, 'batch_size': 32}. Best is trial 17 with value: 0.18230657279491425.
GPU available: True (cuda), used: True
TPU available: False, using: 0 TPU cores
HPU available: False, using: 0 HPUs
LOCAL_RANK: 0 - CUDA_VISIBLE_DEVICES: [0,1]
SLURM auto-requeueing enabled. Setting signal handlers.
Monitored metric train_loss did not improve in the last 205 records. Best score: 0.085. Signaling Trainer to stop.
GPU available: True (cuda), used: True
TPU available: False, using: 0 TPU cores
HPU available: False, using: 0 HPUs
LOCAL_RANK: 0 - CUDA_VISIBLE_DEVICES: [0,1]
SLURM auto-requeueing enabled. Setting signal handlers.
[I 2024-11-11 12:34:36,685] Trial 150 finished with value: 0.28412961959838867 and parameters: {'hidden_dim': 390, 'n_layers': 4, 'dropout': 0.08787247114432772, 'input_chunk_length': 81, 'learning_rate': 0.0003739670811938305, 'batch_size': 64}. Best is trial 17 with value: 0.18230657279491425.
GPU available: True (cuda), used: True
TPU available: False, using: 0 TPU cores
HPU available: False, using: 0 HPUs
LOCAL_RANK: 0 - CUDA_VISIBLE_DEVICES: [0,1]
SLURM auto-requeueing enabled. Setting signal handlers.
Monitored metric train_loss did not improve in the last 206 records. Best score: 0.085. Signaling Trainer to stop.
GPU available: True (cuda), used: True
TPU available: False, using: 0 TPU cores
HPU available: False, using: 0 HPUs
LOCAL_RANK: 0 - CUDA_VISIBLE_DEVICES: [0,1]
SLURM auto-requeueing enabled. Setting signal handlers.
[I 2024-11-11 12:35:05,424] Trial 151 finished with value: 0.28545573353767395 and parameters: {'hidden_dim': 309, 'n_layers': 5, 'dropout': 0.03299859348082934, 'input_chunk_length': 77, 'learning_rate': 0.00040139815949481527, 'batch_size': 32}. Best is trial 17 with value: 0.18230657279491425.
GPU available: True (cuda), used: True
TPU available: False, using: 0 TPU cores
HPU available: False, using: 0 HPUs
LOCAL_RANK: 0 - CUDA_VISIBLE_DEVICES: [0,1]
SLURM auto-requeueing enabled. Setting signal handlers.
Monitored metric train_loss did not improve in the last 207 records. Best score: 0.085. Signaling Trainer to stop.
GPU available: True (cuda), used: True
TPU available: False, using: 0 TPU cores
HPU available: False, using: 0 HPUs
LOCAL_RANK: 0 - CUDA_VISIBLE_DEVICES: [0,1]
SLURM auto-requeueing enabled. Setting signal handlers.
[I 2024-11-11 12:35:46,836] Trial 152 finished with value: 0.30059176683425903 and parameters: {'hidden_dim': 285, 'n_layers': 6, 'dropout': 0.04270102183683003, 'input_chunk_length': 134, 'learning_rate': 0.00030558774284441566, 'batch_size': 32}. Best is trial 17 with value: 0.18230657279491425.
GPU available: True (cuda), used: True
TPU available: False, using: 0 TPU cores
HPU available: False, using: 0 HPUs
LOCAL_RANK: 0 - CUDA_VISIBLE_DEVICES: [0,1]
SLURM auto-requeueing enabled. Setting signal handlers.
Monitored metric train_loss did not improve in the last 208 records. Best score: 0.085. Signaling Trainer to stop.
GPU available: True (cuda), used: True
TPU available: False, using: 0 TPU cores
HPU available: False, using: 0 HPUs
LOCAL_RANK: 0 - CUDA_VISIBLE_DEVICES: [0,1]
SLURM auto-requeueing enabled. Setting signal handlers.
