[I 2024-11-11 14:36:22,324] Trial 206 finished with value: 0.27542635798454285 and parameters: {'hidden_dim': 139, 'n_layers': 1, 'dropout': 0.20660289903416798, 'input_chunk_length': 104, 'learning_rate': 0.0007917577360929337, 'batch_size': 32}. Best is trial 1 with value: 0.1182749941945076.
GPU available: True (cuda), used: True
TPU available: False, using: 0 TPU cores
HPU available: False, using: 0 HPUs
LOCAL_RANK: 0 - CUDA_VISIBLE_DEVICES: [0]
SLURM auto-requeueing enabled. Setting signal handlers.
Monitored metric train_loss did not improve in the last 262 records. Best score: 0.037. Signaling Trainer to stop.
GPU available: True (cuda), used: True
TPU available: False, using: 0 TPU cores
HPU available: False, using: 0 HPUs
LOCAL_RANK: 0 - CUDA_VISIBLE_DEVICES: [0]
SLURM auto-requeueing enabled. Setting signal handlers.
[I 2024-11-11 14:36:50,939] Trial 207 finished with value: 0.2907475531101227 and parameters: {'hidden_dim': 350, 'n_layers': 1, 'dropout': 0.15696892288998965, 'input_chunk_length': 94, 'learning_rate': 0.001065382738613714, 'batch_size': 32}. Best is trial 1 with value: 0.1182749941945076.
GPU available: True (cuda), used: True
TPU available: False, using: 0 TPU cores
HPU available: False, using: 0 HPUs
LOCAL_RANK: 0 - CUDA_VISIBLE_DEVICES: [0]
SLURM auto-requeueing enabled. Setting signal handlers.
Monitored metric train_loss did not improve in the last 263 records. Best score: 0.037. Signaling Trainer to stop.
GPU available: True (cuda), used: True
TPU available: False, using: 0 TPU cores
HPU available: False, using: 0 HPUs
LOCAL_RANK: 0 - CUDA_VISIBLE_DEVICES: [0]
SLURM auto-requeueing enabled. Setting signal handlers.
[I 2024-11-11 14:37:12,932] Trial 208 finished with value: 0.3006635904312134 and parameters: {'hidden_dim': 154, 'n_layers': 1, 'dropout': 0.24712014631120577, 'input_chunk_length': 101, 'learning_rate': 0.0017915293473147868, 'batch_size': 32}. Best is trial 1 with value: 0.1182749941945076.
GPU available: True (cuda), used: True
TPU available: False, using: 0 TPU cores
HPU available: False, using: 0 HPUs
LOCAL_RANK: 0 - CUDA_VISIBLE_DEVICES: [0]
SLURM auto-requeueing enabled. Setting signal handlers.
Monitored metric train_loss did not improve in the last 264 records. Best score: 0.037. Signaling Trainer to stop.
GPU available: True (cuda), used: True
TPU available: False, using: 0 TPU cores
HPU available: False, using: 0 HPUs
LOCAL_RANK: 0 - CUDA_VISIBLE_DEVICES: [0]
SLURM auto-requeueing enabled. Setting signal handlers.
[I 2024-11-11 14:37:32,334] Trial 209 finished with value: 0.2915840744972229 and parameters: {'hidden_dim': 74, 'n_layers': 1, 'dropout': 0.18748873424244983, 'input_chunk_length': 109, 'learning_rate': 0.0009454357974366381, 'batch_size': 64}. Best is trial 1 with value: 0.1182749941945076.
GPU available: True (cuda), used: True
TPU available: False, using: 0 TPU cores
HPU available: False, using: 0 HPUs
LOCAL_RANK: 0 - CUDA_VISIBLE_DEVICES: [0]
SLURM auto-requeueing enabled. Setting signal handlers.
Monitored metric train_loss did not improve in the last 265 records. Best score: 0.037. Signaling Trainer to stop.
GPU available: True (cuda), used: True
TPU available: False, using: 0 TPU cores
HPU available: False, using: 0 HPUs
LOCAL_RANK: 0 - CUDA_VISIBLE_DEVICES: [0]
SLURM auto-requeueing enabled. Setting signal handlers.
[I 2024-11-11 14:37:59,929] Trial 210 finished with value: 0.249640554189682 and parameters: {'hidden_dim': 316, 'n_layers': 1, 'dropout': 0.09319635679340767, 'input_chunk_length': 98, 'learning_rate': 0.0006529596794161037, 'batch_size': 32}. Best is trial 1 with value: 0.1182749941945076.
GPU available: True (cuda), used: True
TPU available: False, using: 0 TPU cores
HPU available: False, using: 0 HPUs
LOCAL_RANK: 0 - CUDA_VISIBLE_DEVICES: [0]
SLURM auto-requeueing enabled. Setting signal handlers.
Monitored metric train_loss did not improve in the last 266 records. Best score: 0.037. Signaling Trainer to stop.
GPU available: True (cuda), used: True
TPU available: False, using: 0 TPU cores
HPU available: False, using: 0 HPUs
LOCAL_RANK: 0 - CUDA_VISIBLE_DEVICES: [0]
SLURM auto-requeueing enabled. Setting signal handlers.
[I 2024-11-11 14:38:29,194] Trial 211 finished with value: 0.3060630261898041 and parameters: {'hidden_dim': 290, 'n_layers': 1, 'dropout': 0.14012423324315093, 'input_chunk_length': 113, 'learning_rate': 0.0007996815491496898, 'batch_size': 32}. Best is trial 1 with value: 0.1182749941945076.
GPU available: True (cuda), used: True
TPU available: False, using: 0 TPU cores
HPU available: False, using: 0 HPUs
LOCAL_RANK: 0 - CUDA_VISIBLE_DEVICES: [0]
SLURM auto-requeueing enabled. Setting signal handlers.
Monitored metric train_loss did not improve in the last 267 records. Best score: 0.037. Signaling Trainer to stop.
GPU available: True (cuda), used: True
TPU available: False, using: 0 TPU cores
HPU available: False, using: 0 HPUs
LOCAL_RANK: 0 - CUDA_VISIBLE_DEVICES: [0]
SLURM auto-requeueing enabled. Setting signal handlers.
[I 2024-11-11 14:38:52,324] Trial 212 finished with value: 0.30099835991859436 and parameters: {'hidden_dim': 170, 'n_layers': 1, 'dropout': 0.0002455397626697775, 'input_chunk_length': 107, 'learning_rate': 0.0012908849848035611, 'batch_size': 32}. Best is trial 1 with value: 0.1182749941945076.
GPU available: True (cuda), used: True
TPU available: False, using: 0 TPU cores
HPU available: False, using: 0 HPUs
LOCAL_RANK: 0 - CUDA_VISIBLE_DEVICES: [0]
SLURM auto-requeueing enabled. Setting signal handlers.
Monitored metric train_loss did not improve in the last 268 records. Best score: 0.037. Signaling Trainer to stop.
GPU available: True (cuda), used: True
TPU available: False, using: 0 TPU cores
HPU available: False, using: 0 HPUs
LOCAL_RANK: 0 - CUDA_VISIBLE_DEVICES: [0]
SLURM auto-requeueing enabled. Setting signal handlers.
[I 2024-11-11 14:39:13,058] Trial 213 finished with value: 0.27849724888801575 and parameters: {'hidden_dim': 57, 'n_layers': 1, 'dropout': 0.14955331927007665, 'input_chunk_length': 105, 'learning_rate': 0.0008547589347931188, 'batch_size': 32}. Best is trial 1 with value: 0.1182749941945076.
GPU available: True (cuda), used: True
TPU available: False, using: 0 TPU cores
HPU available: False, using: 0 HPUs
LOCAL_RANK: 0 - CUDA_VISIBLE_DEVICES: [0]
SLURM auto-requeueing enabled. Setting signal handlers.
Monitored metric train_loss did not improve in the last 269 records. Best score: 0.037. Signaling Trainer to stop.
GPU available: True (cuda), used: True
TPU available: False, using: 0 TPU cores
HPU available: False, using: 0 HPUs
LOCAL_RANK: 0 - CUDA_VISIBLE_DEVICES: [0]
SLURM auto-requeueing enabled. Setting signal handlers.
[I 2024-11-11 14:39:37,199] Trial 214 finished with value: 0.16667751967906952 and parameters: {'hidden_dim': 182, 'n_layers': 1, 'dropout': 0.11434415140902485, 'input_chunk_length': 109, 'learning_rate': 0.0010053075857040783, 'batch_size': 32}. Best is trial 1 with value: 0.1182749941945076.
GPU available: True (cuda), used: True
TPU available: False, using: 0 TPU cores
HPU available: False, using: 0 HPUs
LOCAL_RANK: 0 - CUDA_VISIBLE_DEVICES: [0]
SLURM auto-requeueing enabled. Setting signal handlers.
Monitored metric train_loss did not improve in the last 270 records. Best score: 0.037. Signaling Trainer to stop.
GPU available: True (cuda), used: True
TPU available: False, using: 0 TPU cores
HPU available: False, using: 0 HPUs
LOCAL_RANK: 0 - CUDA_VISIBLE_DEVICES: [0]
SLURM auto-requeueing enabled. Setting signal handlers.
[I 2024-11-11 14:40:02,514] Trial 215 finished with value: 0.2982999086380005 and parameters: {'hidden_dim': 197, 'n_layers': 1, 'dropout': 0.11421142829147442, 'input_chunk_length': 110, 'learning_rate': 0.00113269763103552, 'batch_size': 32}. Best is trial 1 with value: 0.1182749941945076.
GPU available: True (cuda), used: True
TPU available: False, using: 0 TPU cores
HPU available: False, using: 0 HPUs
LOCAL_RANK: 0 - CUDA_VISIBLE_DEVICES: [0]
SLURM auto-requeueing enabled. Setting signal handlers.
Monitored metric train_loss did not improve in the last 271 records. Best score: 0.037. Signaling Trainer to stop.
GPU available: True (cuda), used: True
TPU available: False, using: 0 TPU cores
HPU available: False, using: 0 HPUs
LOCAL_RANK: 0 - CUDA_VISIBLE_DEVICES: [0]
SLURM auto-requeueing enabled. Setting signal handlers.
[I 2024-11-11 14:40:23,972] Trial 216 finished with value: 0.29247453808784485 and parameters: {'hidden_dim': 123, 'n_layers': 1, 'dropout': 0.07750356824609879, 'input_chunk_length': 101, 'learning_rate': 0.0010130216084762733, 'batch_size': 32}. Best is trial 1 with value: 0.1182749941945076.
GPU available: True (cuda), used: True
TPU available: False, using: 0 TPU cores
HPU available: False, using: 0 HPUs
LOCAL_RANK: 0 - CUDA_VISIBLE_DEVICES: [0]
SLURM auto-requeueing enabled. Setting signal handlers.
Monitored metric train_loss did not improve in the last 272 records. Best score: 0.037. Signaling Trainer to stop.
GPU available: True (cuda), used: True
TPU available: False, using: 0 TPU cores
HPU available: False, using: 0 HPUs
LOCAL_RANK: 0 - CUDA_VISIBLE_DEVICES: [0]
SLURM auto-requeueing enabled. Setting signal handlers.
[I 2024-11-11 14:40:46,033] Trial 217 finished with value: 0.16015087068080902 and parameters: {'hidden_dim': 166, 'n_layers': 1, 'dropout': 0.1290068654055188, 'input_chunk_length': 96, 'learning_rate': 0.001423948934968641, 'batch_size': 32}. Best is trial 1 with value: 0.1182749941945076.
GPU available: True (cuda), used: True
TPU available: False, using: 0 TPU cores
HPU available: False, using: 0 HPUs
LOCAL_RANK: 0 - CUDA_VISIBLE_DEVICES: [0]
SLURM auto-requeueing enabled. Setting signal handlers.
Monitored metric train_loss did not improve in the last 273 records. Best score: 0.037. Signaling Trainer to stop.
GPU available: True (cuda), used: True
TPU available: False, using: 0 TPU cores
HPU available: False, using: 0 HPUs
LOCAL_RANK: 0 - CUDA_VISIBLE_DEVICES: [0]
SLURM auto-requeueing enabled. Setting signal handlers.
[I 2024-11-11 14:41:08,085] Trial 218 finished with value: 0.3256937265396118 and parameters: {'hidden_dim': 163, 'n_layers': 1, 'dropout': 0.12771272318510068, 'input_chunk_length': 97, 'learning_rate': 0.001529719483178716, 'batch_size': 32}. Best is trial 1 with value: 0.1182749941945076.
GPU available: True (cuda), used: True
TPU available: False, using: 0 TPU cores
HPU available: False, using: 0 HPUs
LOCAL_RANK: 0 - CUDA_VISIBLE_DEVICES: [0]
SLURM auto-requeueing enabled. Setting signal handlers.
Monitored metric train_loss did not improve in the last 274 records. Best score: 0.037. Signaling Trainer to stop.
GPU available: True (cuda), used: True
TPU available: False, using: 0 TPU cores
HPU available: False, using: 0 HPUs
LOCAL_RANK: 0 - CUDA_VISIBLE_DEVICES: [0]
SLURM auto-requeueing enabled. Setting signal handlers.
[I 2024-11-11 14:41:29,892] Trial 219 finished with value: 0.20561014115810394 and parameters: {'hidden_dim': 146, 'n_layers': 1, 'dropout': 0.12159921310018867, 'input_chunk_length': 93, 'learning_rate': 0.001968315997859575, 'batch_size': 32}. Best is trial 1 with value: 0.1182749941945076.
GPU available: True (cuda), used: True
TPU available: False, using: 0 TPU cores
HPU available: False, using: 0 HPUs
LOCAL_RANK: 0 - CUDA_VISIBLE_DEVICES: [0]
SLURM auto-requeueing enabled. Setting signal handlers.
Monitored metric train_loss did not improve in the last 275 records. Best score: 0.037. Signaling Trainer to stop.
GPU available: True (cuda), used: True
TPU available: False, using: 0 TPU cores
HPU available: False, using: 0 HPUs
LOCAL_RANK: 0 - CUDA_VISIBLE_DEVICES: [0]
SLURM auto-requeueing enabled. Setting signal handlers.
[I 2024-11-11 14:41:49,842] Trial 220 finished with value: 0.3035326600074768 and parameters: {'hidden_dim': 148, 'n_layers': 1, 'dropout': 0.11883090654637929, 'input_chunk_length': 47, 'learning_rate': 0.0016673450326877889, 'batch_size': 32}. Best is trial 1 with value: 0.1182749941945076.
GPU available: True (cuda), used: True
TPU available: False, using: 0 TPU cores
HPU available: False, using: 0 HPUs
LOCAL_RANK: 0 - CUDA_VISIBLE_DEVICES: [0]
SLURM auto-requeueing enabled. Setting signal handlers.
Monitored metric train_loss did not improve in the last 276 records. Best score: 0.037. Signaling Trainer to stop.
GPU available: True (cuda), used: True
TPU available: False, using: 0 TPU cores
HPU available: False, using: 0 HPUs
LOCAL_RANK: 0 - CUDA_VISIBLE_DEVICES: [0]
SLURM auto-requeueing enabled. Setting signal handlers.
[I 2024-11-11 14:42:11,228] Trial 221 finished with value: 0.3082257807254791 and parameters: {'hidden_dim': 135, 'n_layers': 1, 'dropout': 0.10311949068782919, 'input_chunk_length': 92, 'learning_rate': 0.0013548261125862517, 'batch_size': 32}. Best is trial 1 with value: 0.1182749941945076.
GPU available: True (cuda), used: True
TPU available: False, using: 0 TPU cores
HPU available: False, using: 0 HPUs
LOCAL_RANK: 0 - CUDA_VISIBLE_DEVICES: [0]
SLURM auto-requeueing enabled. Setting signal handlers.
Monitored metric train_loss did not improve in the last 277 records. Best score: 0.037. Signaling Trainer to stop.
GPU available: True (cuda), used: True
TPU available: False, using: 0 TPU cores
HPU available: False, using: 0 HPUs
LOCAL_RANK: 0 - CUDA_VISIBLE_DEVICES: [0]
SLURM auto-requeueing enabled. Setting signal handlers.
[I 2024-11-11 14:42:33,323] Trial 222 finished with value: 0.2954857349395752 and parameters: {'hidden_dim': 162, 'n_layers': 1, 'dropout': 0.128665486118475, 'input_chunk_length': 95, 'learning_rate': 0.0019435391485907241, 'batch_size': 32}. Best is trial 1 with value: 0.1182749941945076.
GPU available: True (cuda), used: True
TPU available: False, using: 0 TPU cores
HPU available: False, using: 0 HPUs
LOCAL_RANK: 0 - CUDA_VISIBLE_DEVICES: [0]
SLURM auto-requeueing enabled. Setting signal handlers.
Monitored metric train_loss did not improve in the last 278 records. Best score: 0.037. Signaling Trainer to stop.
GPU available: True (cuda), used: True
TPU available: False, using: 0 TPU cores
HPU available: False, using: 0 HPUs
LOCAL_RANK: 0 - CUDA_VISIBLE_DEVICES: [0]
SLURM auto-requeueing enabled. Setting signal handlers.
[I 2024-11-11 14:42:55,778] Trial 223 finished with value: 0.3197575509548187 and parameters: {'hidden_dim': 174, 'n_layers': 1, 'dropout': 0.11899074491745285, 'input_chunk_length': 99, 'learning_rate': 0.0019930220161433945, 'batch_size': 32}. Best is trial 1 with value: 0.1182749941945076.
GPU available: True (cuda), used: True
TPU available: False, using: 0 TPU cores
HPU available: False, using: 0 HPUs
LOCAL_RANK: 0 - CUDA_VISIBLE_DEVICES: [0]
SLURM auto-requeueing enabled. Setting signal handlers.
Monitored metric train_loss did not improve in the last 279 records. Best score: 0.037. Signaling Trainer to stop.
GPU available: True (cuda), used: True
TPU available: False, using: 0 TPU cores
HPU available: False, using: 0 HPUs
LOCAL_RANK: 0 - CUDA_VISIBLE_DEVICES: [0]
SLURM auto-requeueing enabled. Setting signal handlers.
[I 2024-11-11 14:43:19,051] Trial 224 finished with value: 0.1580868363380432 and parameters: {'hidden_dim': 182, 'n_layers': 1, 'dropout': 0.10747879080026308, 'input_chunk_length': 103, 'learning_rate': 0.00125615011221755, 'batch_size': 32}. Best is trial 1 with value: 0.1182749941945076.
GPU available: True (cuda), used: True
TPU available: False, using: 0 TPU cores
HPU available: False, using: 0 HPUs
LOCAL_RANK: 0 - CUDA_VISIBLE_DEVICES: [0]
SLURM auto-requeueing enabled. Setting signal handlers.
Monitored metric train_loss did not improve in the last 280 records. Best score: 0.037. Signaling Trainer to stop.
GPU available: True (cuda), used: True
TPU available: False, using: 0 TPU cores
HPU available: False, using: 0 HPUs
LOCAL_RANK: 0 - CUDA_VISIBLE_DEVICES: [0]
SLURM auto-requeueing enabled. Setting signal handlers.
[I 2024-11-11 14:43:41,473] Trial 225 finished with value: 0.3182612359523773 and parameters: {'hidden_dim': 147, 'n_layers': 1, 'dropout': 0.10123010682902067, 'input_chunk_length': 103, 'learning_rate': 0.0012303466639986746, 'batch_size': 32}. Best is trial 1 with value: 0.1182749941945076.
GPU available: True (cuda), used: True
TPU available: False, using: 0 TPU cores
HPU available: False, using: 0 HPUs
LOCAL_RANK: 0 - CUDA_VISIBLE_DEVICES: [0]
SLURM auto-requeueing enabled. Setting signal handlers.
Monitored metric train_loss did not improve in the last 281 records. Best score: 0.037. Signaling Trainer to stop.
GPU available: True (cuda), used: True
TPU available: False, using: 0 TPU cores
HPU available: False, using: 0 HPUs
LOCAL_RANK: 0 - CUDA_VISIBLE_DEVICES: [0]
SLURM auto-requeueing enabled. Setting signal handlers.
[I 2024-11-11 14:44:03,426] Trial 226 finished with value: 0.3213373124599457 and parameters: {'hidden_dim': 165, 'n_layers': 1, 'dropout': 0.10584396702540952, 'input_chunk_length': 94, 'learning_rate': 0.0014218097054951944, 'batch_size': 32}. Best is trial 1 with value: 0.1182749941945076.
GPU available: True (cuda), used: True
TPU available: False, using: 0 TPU cores
HPU available: False, using: 0 HPUs
LOCAL_RANK: 0 - CUDA_VISIBLE_DEVICES: [0]
SLURM auto-requeueing enabled. Setting signal handlers.
Monitored metric train_loss did not improve in the last 282 records. Best score: 0.037. Signaling Trainer to stop.
GPU available: True (cuda), used: True
TPU available: False, using: 0 TPU cores
HPU available: False, using: 0 HPUs
LOCAL_RANK: 0 - CUDA_VISIBLE_DEVICES: [0]
SLURM auto-requeueing enabled. Setting signal handlers.
[I 2024-11-11 14:44:25,914] Trial 227 finished with value: 0.28594422340393066 and parameters: {'hidden_dim': 189, 'n_layers': 1, 'dropout': 0.11248445982596825, 'input_chunk_length': 90, 'learning_rate': 0.0016491783172659512, 'batch_size': 32}. Best is trial 1 with value: 0.1182749941945076.
GPU available: True (cuda), used: True
TPU available: False, using: 0 TPU cores
HPU available: False, using: 0 HPUs
LOCAL_RANK: 0 - CUDA_VISIBLE_DEVICES: [0]
SLURM auto-requeueing enabled. Setting signal handlers.
Monitored metric train_loss did not improve in the last 283 records. Best score: 0.037. Signaling Trainer to stop.
GPU available: True (cuda), used: True
TPU available: False, using: 0 TPU cores
HPU available: False, using: 0 HPUs
LOCAL_RANK: 0 - CUDA_VISIBLE_DEVICES: [0]
SLURM auto-requeueing enabled. Setting signal handlers.
[I 2024-11-11 14:44:48,079] Trial 228 finished with value: 0.30271968245506287 and parameters: {'hidden_dim': 154, 'n_layers': 1, 'dropout': 0.13413534980394676, 'input_chunk_length': 100, 'learning_rate': 0.002403614469632162, 'batch_size': 32}. Best is trial 1 with value: 0.1182749941945076.
GPU available: True (cuda), used: True
TPU available: False, using: 0 TPU cores
HPU available: False, using: 0 HPUs
LOCAL_RANK: 0 - CUDA_VISIBLE_DEVICES: [0]
SLURM auto-requeueing enabled. Setting signal handlers.
Monitored metric train_loss did not improve in the last 284 records. Best score: 0.037. Signaling Trainer to stop.
GPU available: True (cuda), used: True
TPU available: False, using: 0 TPU cores
HPU available: False, using: 0 HPUs
LOCAL_RANK: 0 - CUDA_VISIBLE_DEVICES: [0]
SLURM auto-requeueing enabled. Setting signal handlers.
[I 2024-11-11 14:45:09,856] Trial 229 finished with value: 0.3068455457687378 and parameters: {'hidden_dim': 133, 'n_layers': 1, 'dropout': 0.12426603513149531, 'input_chunk_length': 105, 'learning_rate': 0.0011913924729716095, 'batch_size': 32}. Best is trial 1 with value: 0.1182749941945076.
GPU available: True (cuda), used: True
TPU available: False, using: 0 TPU cores
HPU available: False, using: 0 HPUs
LOCAL_RANK: 0 - CUDA_VISIBLE_DEVICES: [0]
SLURM auto-requeueing enabled. Setting signal handlers.
Monitored metric train_loss did not improve in the last 285 records. Best score: 0.037. Signaling Trainer to stop.
GPU available: True (cuda), used: True
TPU available: False, using: 0 TPU cores
HPU available: False, using: 0 HPUs
LOCAL_RANK: 0 - CUDA_VISIBLE_DEVICES: [0]
SLURM auto-requeueing enabled. Setting signal handlers.
[I 2024-11-11 14:45:37,230] Trial 230 finished with value: 0.33905765414237976 and parameters: {'hidden_dim': 299, 'n_layers': 1, 'dropout': 0.08259174811967267, 'input_chunk_length': 96, 'learning_rate': 0.001463422940294963, 'batch_size': 32}. Best is trial 1 with value: 0.1182749941945076.
GPU available: True (cuda), used: True
TPU available: False, using: 0 TPU cores
HPU available: False, using: 0 HPUs
LOCAL_RANK: 0 - CUDA_VISIBLE_DEVICES: [0]
SLURM auto-requeueing enabled. Setting signal handlers.
Monitored metric train_loss did not improve in the last 286 records. Best score: 0.037. Signaling Trainer to stop.
GPU available: True (cuda), used: True
TPU available: False, using: 0 TPU cores
HPU available: False, using: 0 HPUs
LOCAL_RANK: 0 - CUDA_VISIBLE_DEVICES: [0]
SLURM auto-requeueing enabled. Setting signal handlers.
[I 2024-11-11 14:46:00,790] Trial 231 finished with value: 0.2297944724559784 and parameters: {'hidden_dim': 183, 'n_layers': 1, 'dropout': 0.06243454961507528, 'input_chunk_length': 102, 'learning_rate': 0.0010351988572236326, 'batch_size': 32}. Best is trial 1 with value: 0.1182749941945076.
GPU available: True (cuda), used: True
TPU available: False, using: 0 TPU cores
HPU available: False, using: 0 HPUs
LOCAL_RANK: 0 - CUDA_VISIBLE_DEVICES: [0]
SLURM auto-requeueing enabled. Setting signal handlers.
Monitored metric train_loss did not improve in the last 287 records. Best score: 0.037. Signaling Trainer to stop.
GPU available: True (cuda), used: True
TPU available: False, using: 0 TPU cores
HPU available: False, using: 0 HPUs
LOCAL_RANK: 0 - CUDA_VISIBLE_DEVICES: [0]
SLURM auto-requeueing enabled. Setting signal handlers.
