[I 2024-11-11 22:15:00,692] Trial 154 finished with value: 0.2330569475889206 and parameters: {'hidden_dim': 372, 'n_layers': 1, 'dropout': 0.23473451645427942, 'input_chunk_length': 86, 'learning_rate': 0.00042383127372427393, 'batch_size': 32}. Best is trial 143 with value: 0.16185998916625977.
GPU available: True (cuda), used: True
TPU available: False, using: 0 TPU cores
HPU available: False, using: 0 HPUs
LOCAL_RANK: 0 - CUDA_VISIBLE_DEVICES: [0,1]
SLURM auto-requeueing enabled. Setting signal handlers.
Monitored metric train_loss did not improve in the last 211 records. Best score: 0.041. Signaling Trainer to stop.
GPU available: True (cuda), used: True
TPU available: False, using: 0 TPU cores
HPU available: False, using: 0 HPUs
LOCAL_RANK: 0 - CUDA_VISIBLE_DEVICES: [0,1]
SLURM auto-requeueing enabled. Setting signal handlers.
[I 2024-11-11 22:15:26,290] Trial 155 finished with value: 0.17907589673995972 and parameters: {'hidden_dim': 329, 'n_layers': 1, 'dropout': 0.21923544587084765, 'input_chunk_length': 76, 'learning_rate': 0.0007346679909782009, 'batch_size': 32}. Best is trial 143 with value: 0.16185998916625977.
GPU available: True (cuda), used: True
TPU available: False, using: 0 TPU cores
HPU available: False, using: 0 HPUs
LOCAL_RANK: 0 - CUDA_VISIBLE_DEVICES: [0,1]
SLURM auto-requeueing enabled. Setting signal handlers.
Monitored metric train_loss did not improve in the last 212 records. Best score: 0.041. Signaling Trainer to stop.
GPU available: True (cuda), used: True
TPU available: False, using: 0 TPU cores
HPU available: False, using: 0 HPUs
LOCAL_RANK: 0 - CUDA_VISIBLE_DEVICES: [0,1]
SLURM auto-requeueing enabled. Setting signal handlers.
[I 2024-11-11 22:15:50,694] Trial 156 finished with value: 0.2974850535392761 and parameters: {'hidden_dim': 330, 'n_layers': 1, 'dropout': 0.1970265613935724, 'input_chunk_length': 67, 'learning_rate': 0.00026198597938040783, 'batch_size': 32}. Best is trial 143 with value: 0.16185998916625977.
GPU available: True (cuda), used: True
TPU available: False, using: 0 TPU cores
HPU available: False, using: 0 HPUs
LOCAL_RANK: 0 - CUDA_VISIBLE_DEVICES: [0,1]
SLURM auto-requeueing enabled. Setting signal handlers.
Monitored metric train_loss did not improve in the last 213 records. Best score: 0.041. Signaling Trainer to stop.
GPU available: True (cuda), used: True
TPU available: False, using: 0 TPU cores
HPU available: False, using: 0 HPUs
LOCAL_RANK: 0 - CUDA_VISIBLE_DEVICES: [0,1]
SLURM auto-requeueing enabled. Setting signal handlers.
[I 2024-11-11 22:16:15,448] Trial 157 finished with value: 0.2889573574066162 and parameters: {'hidden_dim': 307, 'n_layers': 1, 'dropout': 0.2187389454273331, 'input_chunk_length': 74, 'learning_rate': 0.0005041963747601371, 'batch_size': 32}. Best is trial 143 with value: 0.16185998916625977.
GPU available: True (cuda), used: True
TPU available: False, using: 0 TPU cores
HPU available: False, using: 0 HPUs
LOCAL_RANK: 0 - CUDA_VISIBLE_DEVICES: [0,1]
SLURM auto-requeueing enabled. Setting signal handlers.
Monitored metric train_loss did not improve in the last 214 records. Best score: 0.041. Signaling Trainer to stop.
GPU available: True (cuda), used: True
TPU available: False, using: 0 TPU cores
HPU available: False, using: 0 HPUs
LOCAL_RANK: 0 - CUDA_VISIBLE_DEVICES: [0,1]
SLURM auto-requeueing enabled. Setting signal handlers.
[I 2024-11-11 22:16:36,909] Trial 158 finished with value: 0.2034333050251007 and parameters: {'hidden_dim': 172, 'n_layers': 1, 'dropout': 0.19271352609163986, 'input_chunk_length': 77, 'learning_rate': 0.0006933924110305439, 'batch_size': 32}. Best is trial 143 with value: 0.16185998916625977.
GPU available: True (cuda), used: True
TPU available: False, using: 0 TPU cores
HPU available: False, using: 0 HPUs
LOCAL_RANK: 0 - CUDA_VISIBLE_DEVICES: [0,1]
SLURM auto-requeueing enabled. Setting signal handlers.
Monitored metric train_loss did not improve in the last 215 records. Best score: 0.041. Signaling Trainer to stop.
GPU available: True (cuda), used: True
TPU available: False, using: 0 TPU cores
HPU available: False, using: 0 HPUs
LOCAL_RANK: 0 - CUDA_VISIBLE_DEVICES: [0,1]
SLURM auto-requeueing enabled. Setting signal handlers.
[I 2024-11-11 22:17:02,446] Trial 159 finished with value: 0.3004763424396515 and parameters: {'hidden_dim': 344, 'n_layers': 1, 'dropout': 0.16438705038640483, 'input_chunk_length': 76, 'learning_rate': 0.000720642648222284, 'batch_size': 32}. Best is trial 143 with value: 0.16185998916625977.
GPU available: True (cuda), used: True
TPU available: False, using: 0 TPU cores
HPU available: False, using: 0 HPUs
LOCAL_RANK: 0 - CUDA_VISIBLE_DEVICES: [0,1]
SLURM auto-requeueing enabled. Setting signal handlers.
Monitored metric train_loss did not improve in the last 216 records. Best score: 0.041. Signaling Trainer to stop.
GPU available: True (cuda), used: True
TPU available: False, using: 0 TPU cores
HPU available: False, using: 0 HPUs
LOCAL_RANK: 0 - CUDA_VISIBLE_DEVICES: [0,1]
SLURM auto-requeueing enabled. Setting signal handlers.
[I 2024-11-11 22:17:28,919] Trial 160 finished with value: 0.2173173576593399 and parameters: {'hidden_dim': 360, 'n_layers': 1, 'dropout': 0.1859024098515817, 'input_chunk_length': 80, 'learning_rate': 0.0005771021947411273, 'batch_size': 32}. Best is trial 143 with value: 0.16185998916625977.
GPU available: True (cuda), used: True
TPU available: False, using: 0 TPU cores
HPU available: False, using: 0 HPUs
LOCAL_RANK: 0 - CUDA_VISIBLE_DEVICES: [0,1]
SLURM auto-requeueing enabled. Setting signal handlers.
Monitored metric train_loss did not improve in the last 217 records. Best score: 0.041. Signaling Trainer to stop.
GPU available: True (cuda), used: True
TPU available: False, using: 0 TPU cores
HPU available: False, using: 0 HPUs
LOCAL_RANK: 0 - CUDA_VISIBLE_DEVICES: [0,1]
SLURM auto-requeueing enabled. Setting signal handlers.
[I 2024-11-11 22:17:50,863] Trial 161 finished with value: 0.18923789262771606 and parameters: {'hidden_dim': 182, 'n_layers': 1, 'dropout': 0.17998072459719405, 'input_chunk_length': 80, 'learning_rate': 0.0005847519583546013, 'batch_size': 32}. Best is trial 143 with value: 0.16185998916625977.
GPU available: True (cuda), used: True
TPU available: False, using: 0 TPU cores
HPU available: False, using: 0 HPUs
LOCAL_RANK: 0 - CUDA_VISIBLE_DEVICES: [0,1]
SLURM auto-requeueing enabled. Setting signal handlers.
Monitored metric train_loss did not improve in the last 218 records. Best score: 0.041. Signaling Trainer to stop.
GPU available: True (cuda), used: True
TPU available: False, using: 0 TPU cores
HPU available: False, using: 0 HPUs
LOCAL_RANK: 0 - CUDA_VISIBLE_DEVICES: [0,1]
SLURM auto-requeueing enabled. Setting signal handlers.
[I 2024-11-11 22:18:12,050] Trial 162 finished with value: 0.31698161363601685 and parameters: {'hidden_dim': 150, 'n_layers': 1, 'dropout': 0.18103466031720267, 'input_chunk_length': 80, 'learning_rate': 0.0005956565648323838, 'batch_size': 32}. Best is trial 143 with value: 0.16185998916625977.
GPU available: True (cuda), used: True
TPU available: False, using: 0 TPU cores
HPU available: False, using: 0 HPUs
LOCAL_RANK: 0 - CUDA_VISIBLE_DEVICES: [0,1]
SLURM auto-requeueing enabled. Setting signal handlers.
Monitored metric train_loss did not improve in the last 219 records. Best score: 0.041. Signaling Trainer to stop.
GPU available: True (cuda), used: True
TPU available: False, using: 0 TPU cores
HPU available: False, using: 0 HPUs
LOCAL_RANK: 0 - CUDA_VISIBLE_DEVICES: [0,1]
SLURM auto-requeueing enabled. Setting signal handlers.
[I 2024-11-11 22:18:33,479] Trial 163 finished with value: 0.25449323654174805 and parameters: {'hidden_dim': 178, 'n_layers': 1, 'dropout': 0.18790241866523671, 'input_chunk_length': 71, 'learning_rate': 0.0004434606759504609, 'batch_size': 32}. Best is trial 143 with value: 0.16185998916625977.
GPU available: True (cuda), used: True
TPU available: False, using: 0 TPU cores
HPU available: False, using: 0 HPUs
LOCAL_RANK: 0 - CUDA_VISIBLE_DEVICES: [0,1]
SLURM auto-requeueing enabled. Setting signal handlers.
Monitored metric train_loss did not improve in the last 220 records. Best score: 0.041. Signaling Trainer to stop.
GPU available: True (cuda), used: True
TPU available: False, using: 0 TPU cores
HPU available: False, using: 0 HPUs
LOCAL_RANK: 0 - CUDA_VISIBLE_DEVICES: [0,1]
SLURM auto-requeueing enabled. Setting signal handlers.
[I 2024-11-11 22:18:55,085] Trial 164 finished with value: 0.2920970916748047 and parameters: {'hidden_dim': 180, 'n_layers': 1, 'dropout': 0.1428539852213701, 'input_chunk_length': 77, 'learning_rate': 0.0005314930940035398, 'batch_size': 32}. Best is trial 143 with value: 0.16185998916625977.
GPU available: True (cuda), used: True
TPU available: False, using: 0 TPU cores
HPU available: False, using: 0 HPUs
LOCAL_RANK: 0 - CUDA_VISIBLE_DEVICES: [0,1]
SLURM auto-requeueing enabled. Setting signal handlers.
Monitored metric train_loss did not improve in the last 221 records. Best score: 0.041. Signaling Trainer to stop.
GPU available: True (cuda), used: True
TPU available: False, using: 0 TPU cores
HPU available: False, using: 0 HPUs
LOCAL_RANK: 0 - CUDA_VISIBLE_DEVICES: [0,1]
SLURM auto-requeueing enabled. Setting signal handlers.
[I 2024-11-11 22:19:17,219] Trial 165 finished with value: 0.28985798358917236 and parameters: {'hidden_dim': 186, 'n_layers': 1, 'dropout': 0.2067441879590506, 'input_chunk_length': 83, 'learning_rate': 0.0006773603503803708, 'batch_size': 32}. Best is trial 143 with value: 0.16185998916625977.
GPU available: True (cuda), used: True
TPU available: False, using: 0 TPU cores
HPU available: False, using: 0 HPUs
LOCAL_RANK: 0 - CUDA_VISIBLE_DEVICES: [0,1]
SLURM auto-requeueing enabled. Setting signal handlers.
Monitored metric train_loss did not improve in the last 222 records. Best score: 0.041. Signaling Trainer to stop.
GPU available: True (cuda), used: True
TPU available: False, using: 0 TPU cores
HPU available: False, using: 0 HPUs
LOCAL_RANK: 0 - CUDA_VISIBLE_DEVICES: [0,1]
SLURM auto-requeueing enabled. Setting signal handlers.
[I 2024-11-11 22:19:37,766] Trial 166 finished with value: 0.2950473129749298 and parameters: {'hidden_dim': 120, 'n_layers': 1, 'dropout': 0.15996264686073522, 'input_chunk_length': 87, 'learning_rate': 0.0003839663377578376, 'batch_size': 32}. Best is trial 143 with value: 0.16185998916625977.
GPU available: True (cuda), used: True
TPU available: False, using: 0 TPU cores
HPU available: False, using: 0 HPUs
LOCAL_RANK: 0 - CUDA_VISIBLE_DEVICES: [0,1]
SLURM auto-requeueing enabled. Setting signal handlers.
Monitored metric train_loss did not improve in the last 223 records. Best score: 0.041. Signaling Trainer to stop.
GPU available: True (cuda), used: True
TPU available: False, using: 0 TPU cores
HPU available: False, using: 0 HPUs
LOCAL_RANK: 0 - CUDA_VISIBLE_DEVICES: [0,1]
SLURM auto-requeueing enabled. Setting signal handlers.
[I 2024-11-11 22:19:58,935] Trial 167 finished with value: 0.2303047478199005 and parameters: {'hidden_dim': 160, 'n_layers': 1, 'dropout': 0.20061541690474402, 'input_chunk_length': 79, 'learning_rate': 0.000576440974697969, 'batch_size': 32}. Best is trial 143 with value: 0.16185998916625977.
GPU available: True (cuda), used: True
TPU available: False, using: 0 TPU cores
HPU available: False, using: 0 HPUs
LOCAL_RANK: 0 - CUDA_VISIBLE_DEVICES: [0,1]
SLURM auto-requeueing enabled. Setting signal handlers.
Monitored metric train_loss did not improve in the last 224 records. Best score: 0.041. Signaling Trainer to stop.
GPU available: True (cuda), used: True
TPU available: False, using: 0 TPU cores
HPU available: False, using: 0 HPUs
LOCAL_RANK: 0 - CUDA_VISIBLE_DEVICES: [0,1]
SLURM auto-requeueing enabled. Setting signal handlers.
[I 2024-11-11 22:20:20,706] Trial 168 finished with value: 0.29951924085617065 and parameters: {'hidden_dim': 191, 'n_layers': 1, 'dropout': 0.19127468839749887, 'input_chunk_length': 74, 'learning_rate': 0.0004430950246984112, 'batch_size': 32}. Best is trial 143 with value: 0.16185998916625977.
GPU available: True (cuda), used: True
TPU available: False, using: 0 TPU cores
HPU available: False, using: 0 HPUs
LOCAL_RANK: 0 - CUDA_VISIBLE_DEVICES: [0,1]
SLURM auto-requeueing enabled. Setting signal handlers.
Monitored metric train_loss did not improve in the last 225 records. Best score: 0.041. Signaling Trainer to stop.
GPU available: True (cuda), used: True
TPU available: False, using: 0 TPU cores
HPU available: False, using: 0 HPUs
LOCAL_RANK: 0 - CUDA_VISIBLE_DEVICES: [0,1]
SLURM auto-requeueing enabled. Setting signal handlers.
[I 2024-11-11 22:20:47,534] Trial 169 finished with value: 0.28671181201934814 and parameters: {'hidden_dim': 354, 'n_layers': 1, 'dropout': 0.17762308460339515, 'input_chunk_length': 82, 'learning_rate': 0.0005139460054386283, 'batch_size': 32}. Best is trial 143 with value: 0.16185998916625977.
GPU available: True (cuda), used: True
TPU available: False, using: 0 TPU cores
HPU available: False, using: 0 HPUs
LOCAL_RANK: 0 - CUDA_VISIBLE_DEVICES: [0,1]
SLURM auto-requeueing enabled. Setting signal handlers.
Monitored metric train_loss did not improve in the last 226 records. Best score: 0.041. Signaling Trainer to stop.
GPU available: True (cuda), used: True
TPU available: False, using: 0 TPU cores
HPU available: False, using: 0 HPUs
LOCAL_RANK: 0 - CUDA_VISIBLE_DEVICES: [0,1]
SLURM auto-requeueing enabled. Setting signal handlers.
[I 2024-11-11 22:21:09,534] Trial 170 finished with value: 0.2895454168319702 and parameters: {'hidden_dim': 171, 'n_layers': 1, 'dropout': 0.1513377091426768, 'input_chunk_length': 85, 'learning_rate': 0.000662838479040277, 'batch_size': 32}. Best is trial 143 with value: 0.16185998916625977.
GPU available: True (cuda), used: True
TPU available: False, using: 0 TPU cores
HPU available: False, using: 0 HPUs
LOCAL_RANK: 0 - CUDA_VISIBLE_DEVICES: [0,1]
SLURM auto-requeueing enabled. Setting signal handlers.
Monitored metric train_loss did not improve in the last 227 records. Best score: 0.041. Signaling Trainer to stop.
GPU available: True (cuda), used: True
TPU available: False, using: 0 TPU cores
HPU available: False, using: 0 HPUs
LOCAL_RANK: 0 - CUDA_VISIBLE_DEVICES: [0,1]
SLURM auto-requeueing enabled. Setting signal handlers.
[I 2024-11-11 22:21:32,734] Trial 171 finished with value: 0.33540356159210205 and parameters: {'hidden_dim': 200, 'n_layers': 1, 'dropout': 0.22271132652659625, 'input_chunk_length': 94, 'learning_rate': 0.0008411566271817682, 'batch_size': 32}. Best is trial 143 with value: 0.16185998916625977.
GPU available: True (cuda), used: True
TPU available: False, using: 0 TPU cores
HPU available: False, using: 0 HPUs
LOCAL_RANK: 0 - CUDA_VISIBLE_DEVICES: [0,1]
SLURM auto-requeueing enabled. Setting signal handlers.
Monitored metric train_loss did not improve in the last 228 records. Best score: 0.041. Signaling Trainer to stop.
GPU available: True (cuda), used: True
TPU available: False, using: 0 TPU cores
HPU available: False, using: 0 HPUs
LOCAL_RANK: 0 - CUDA_VISIBLE_DEVICES: [0,1]
SLURM auto-requeueing enabled. Setting signal handlers.
[I 2024-11-11 22:22:00,232] Trial 172 finished with value: 0.2467406690120697 and parameters: {'hidden_dim': 360, 'n_layers': 1, 'dropout': 0.2377353045589427, 'input_chunk_length': 88, 'learning_rate': 0.0007595478477832916, 'batch_size': 32}. Best is trial 143 with value: 0.16185998916625977.
GPU available: True (cuda), used: True
TPU available: False, using: 0 TPU cores
HPU available: False, using: 0 HPUs
LOCAL_RANK: 0 - CUDA_VISIBLE_DEVICES: [0,1]
SLURM auto-requeueing enabled. Setting signal handlers.
Monitored metric train_loss did not improve in the last 229 records. Best score: 0.041. Signaling Trainer to stop.
GPU available: True (cuda), used: True
TPU available: False, using: 0 TPU cores
HPU available: False, using: 0 HPUs
LOCAL_RANK: 0 - CUDA_VISIBLE_DEVICES: [0,1]
SLURM auto-requeueing enabled. Setting signal handlers.
[I 2024-11-11 22:22:21,110] Trial 173 finished with value: 0.18228788673877716 and parameters: {'hidden_dim': 172, 'n_layers': 1, 'dropout': 0.20999331834865428, 'input_chunk_length': 78, 'learning_rate': 0.0009387154575313663, 'batch_size': 32}. Best is trial 143 with value: 0.16185998916625977.
GPU available: True (cuda), used: True
TPU available: False, using: 0 TPU cores
HPU available: False, using: 0 HPUs
LOCAL_RANK: 0 - CUDA_VISIBLE_DEVICES: [0,1]
SLURM auto-requeueing enabled. Setting signal handlers.
Monitored metric train_loss did not improve in the last 230 records. Best score: 0.041. Signaling Trainer to stop.
GPU available: True (cuda), used: True
TPU available: False, using: 0 TPU cores
HPU available: False, using: 0 HPUs
LOCAL_RANK: 0 - CUDA_VISIBLE_DEVICES: [0,1]
SLURM auto-requeueing enabled. Setting signal handlers.
[I 2024-11-11 22:22:41,086] Trial 174 finished with value: 0.29374855756759644 and parameters: {'hidden_dim': 135, 'n_layers': 1, 'dropout': 0.21020480937097574, 'input_chunk_length': 78, 'learning_rate': 0.0009464712431336168, 'batch_size': 32}. Best is trial 143 with value: 0.16185998916625977.
GPU available: True (cuda), used: True
TPU available: False, using: 0 TPU cores
HPU available: False, using: 0 HPUs
LOCAL_RANK: 0 - CUDA_VISIBLE_DEVICES: [0,1]
SLURM auto-requeueing enabled. Setting signal handlers.
Monitored metric train_loss did not improve in the last 231 records. Best score: 0.041. Signaling Trainer to stop.
GPU available: True (cuda), used: True
TPU available: False, using: 0 TPU cores
HPU available: False, using: 0 HPUs
LOCAL_RANK: 0 - CUDA_VISIBLE_DEVICES: [0,1]
SLURM auto-requeueing enabled. Setting signal handlers.
[I 2024-11-11 22:23:01,466] Trial 175 finished with value: 0.31067344546318054 and parameters: {'hidden_dim': 167, 'n_layers': 1, 'dropout': 0.19126962425606836, 'input_chunk_length': 75, 'learning_rate': 0.0006176512412882728, 'batch_size': 32}. Best is trial 143 with value: 0.16185998916625977.
GPU available: True (cuda), used: True
TPU available: False, using: 0 TPU cores
HPU available: False, using: 0 HPUs
LOCAL_RANK: 0 - CUDA_VISIBLE_DEVICES: [0,1]
SLURM auto-requeueing enabled. Setting signal handlers.
Monitored metric train_loss did not improve in the last 232 records. Best score: 0.041. Signaling Trainer to stop.
GPU available: True (cuda), used: True
TPU available: False, using: 0 TPU cores
HPU available: False, using: 0 HPUs
LOCAL_RANK: 0 - CUDA_VISIBLE_DEVICES: [0,1]
SLURM auto-requeueing enabled. Setting signal handlers.
[I 2024-11-11 22:23:22,137] Trial 176 finished with value: 0.27465716004371643 and parameters: {'hidden_dim': 144, 'n_layers': 1, 'dropout': 0.2082194248491591, 'input_chunk_length': 70, 'learning_rate': 0.0007283164333475525, 'batch_size': 32}. Best is trial 143 with value: 0.16185998916625977.
GPU available: True (cuda), used: True
TPU available: False, using: 0 TPU cores
HPU available: False, using: 0 HPUs
LOCAL_RANK: 0 - CUDA_VISIBLE_DEVICES: [0,1]
SLURM auto-requeueing enabled. Setting signal handlers.
Monitored metric train_loss did not improve in the last 233 records. Best score: 0.041. Signaling Trainer to stop.
GPU available: True (cuda), used: True
TPU available: False, using: 0 TPU cores
HPU available: False, using: 0 HPUs
LOCAL_RANK: 0 - CUDA_VISIBLE_DEVICES: [0,1]
SLURM auto-requeueing enabled. Setting signal handlers.
[I 2024-11-11 22:23:45,177] Trial 177 finished with value: 0.2781960964202881 and parameters: {'hidden_dim': 210, 'n_layers': 1, 'dropout': 0.18070077347105218, 'input_chunk_length': 81, 'learning_rate': 0.0005335989916630437, 'batch_size': 32}. Best is trial 143 with value: 0.16185998916625977.
GPU available: True (cuda), used: True
TPU available: False, using: 0 TPU cores
HPU available: False, using: 0 HPUs
LOCAL_RANK: 0 - CUDA_VISIBLE_DEVICES: [0,1]
SLURM auto-requeueing enabled. Setting signal handlers.
Monitored metric train_loss did not improve in the last 234 records. Best score: 0.041. Signaling Trainer to stop.
GPU available: True (cuda), used: True
TPU available: False, using: 0 TPU cores
HPU available: False, using: 0 HPUs
LOCAL_RANK: 0 - CUDA_VISIBLE_DEVICES: [0,1]
SLURM auto-requeueing enabled. Setting signal handlers.
[I 2024-11-11 22:24:06,848] Trial 178 finished with value: 0.31961601972579956 and parameters: {'hidden_dim': 173, 'n_layers': 1, 'dropout': 0.2504214716256348, 'input_chunk_length': 84, 'learning_rate': 0.007008351675331343, 'batch_size': 32}. Best is trial 143 with value: 0.16185998916625977.
GPU available: True (cuda), used: True
TPU available: False, using: 0 TPU cores
HPU available: False, using: 0 HPUs
LOCAL_RANK: 0 - CUDA_VISIBLE_DEVICES: [0,1]
SLURM auto-requeueing enabled. Setting signal handlers.
Monitored metric train_loss did not improve in the last 235 records. Best score: 0.041. Signaling Trainer to stop.
GPU available: True (cuda), used: True
TPU available: False, using: 0 TPU cores
HPU available: False, using: 0 HPUs
LOCAL_RANK: 0 - CUDA_VISIBLE_DEVICES: [0,1]
SLURM auto-requeueing enabled. Setting signal handlers.
[I 2024-11-11 22:24:33,152] Trial 179 finished with value: 0.33325672149658203 and parameters: {'hidden_dim': 333, 'n_layers': 1, 'dropout': 0.12234005097811965, 'input_chunk_length': 79, 'learning_rate': 0.00048722380515954587, 'batch_size': 32}. Best is trial 143 with value: 0.16185998916625977.
GPU available: True (cuda), used: True
TPU available: False, using: 0 TPU cores
HPU available: False, using: 0 HPUs
LOCAL_RANK: 0 - CUDA_VISIBLE_DEVICES: [0,1]
SLURM auto-requeueing enabled. Setting signal handlers.
Monitored metric train_loss did not improve in the last 236 records. Best score: 0.041. Signaling Trainer to stop.
GPU available: True (cuda), used: True
TPU available: False, using: 0 TPU cores
HPU available: False, using: 0 HPUs
LOCAL_RANK: 0 - CUDA_VISIBLE_DEVICES: [0,1]
SLURM auto-requeueing enabled. Setting signal handlers.
