[I 2024-11-05 06:29:34,763] Trial 222 finished with value: 0.3253748416900635 and parameters: {'hidden_dim': 202, 'n_layers': 2, 'dropout': 0.053960130580818846, 'input_chunk_length': 42, 'learning_rate': 0.0006197374972142246, 'batch_size': 32}. Best is trial 1 with value: 0.09405231475830078.
GPU available: True (cuda), used: True
TPU available: False, using: 0 TPU cores
HPU available: False, using: 0 HPUs
LOCAL_RANK: 0 - CUDA_VISIBLE_DEVICES: [0,1,2,3]
SLURM auto-requeueing enabled. Setting signal handlers.
Monitored metric train_loss did not improve in the last 279 records. Best score: 0.020. Signaling Trainer to stop.
GPU available: True (cuda), used: True
TPU available: False, using: 0 TPU cores
HPU available: False, using: 0 HPUs
LOCAL_RANK: 0 - CUDA_VISIBLE_DEVICES: [0,1,2,3]
SLURM auto-requeueing enabled. Setting signal handlers.
[I 2024-11-05 06:29:52,721] Trial 223 finished with value: 0.2814359962940216 and parameters: {'hidden_dim': 234, 'n_layers': 2, 'dropout': 0.045424997842158366, 'input_chunk_length': 48, 'learning_rate': 0.0009178505213512344, 'batch_size': 32}. Best is trial 1 with value: 0.09405231475830078.
GPU available: True (cuda), used: True
TPU available: False, using: 0 TPU cores
HPU available: False, using: 0 HPUs
LOCAL_RANK: 0 - CUDA_VISIBLE_DEVICES: [0,1,2,3]
SLURM auto-requeueing enabled. Setting signal handlers.
Monitored metric train_loss did not improve in the last 280 records. Best score: 0.020. Signaling Trainer to stop.
GPU available: True (cuda), used: True
TPU available: False, using: 0 TPU cores
HPU available: False, using: 0 HPUs
LOCAL_RANK: 0 - CUDA_VISIBLE_DEVICES: [0,1,2,3]
SLURM auto-requeueing enabled. Setting signal handlers.
[I 2024-11-05 06:30:10,338] Trial 224 finished with value: 0.3070140480995178 and parameters: {'hidden_dim': 243, 'n_layers': 2, 'dropout': 0.047968972157196456, 'input_chunk_length': 48, 'learning_rate': 0.0009343944747416801, 'batch_size': 32}. Best is trial 1 with value: 0.09405231475830078.
GPU available: True (cuda), used: True
TPU available: False, using: 0 TPU cores
HPU available: False, using: 0 HPUs
LOCAL_RANK: 0 - CUDA_VISIBLE_DEVICES: [0,1,2,3]
SLURM auto-requeueing enabled. Setting signal handlers.
Monitored metric train_loss did not improve in the last 281 records. Best score: 0.020. Signaling Trainer to stop.
GPU available: True (cuda), used: True
TPU available: False, using: 0 TPU cores
HPU available: False, using: 0 HPUs
LOCAL_RANK: 0 - CUDA_VISIBLE_DEVICES: [0,1,2,3]
SLURM auto-requeueing enabled. Setting signal handlers.
[I 2024-11-05 06:30:29,225] Trial 225 finished with value: 0.33377429842948914 and parameters: {'hidden_dim': 404, 'n_layers': 2, 'dropout': 0.028218065679375445, 'input_chunk_length': 52, 'learning_rate': 0.0008086522182800404, 'batch_size': 32}. Best is trial 1 with value: 0.09405231475830078.
GPU available: True (cuda), used: True
TPU available: False, using: 0 TPU cores
HPU available: False, using: 0 HPUs
LOCAL_RANK: 0 - CUDA_VISIBLE_DEVICES: [0,1,2,3]
SLURM auto-requeueing enabled. Setting signal handlers.
Monitored metric train_loss did not improve in the last 282 records. Best score: 0.020. Signaling Trainer to stop.
GPU available: True (cuda), used: True
TPU available: False, using: 0 TPU cores
HPU available: False, using: 0 HPUs
LOCAL_RANK: 0 - CUDA_VISIBLE_DEVICES: [0,1,2,3]
SLURM auto-requeueing enabled. Setting signal handlers.
[I 2024-11-05 06:30:48,453] Trial 226 finished with value: 0.4865090250968933 and parameters: {'hidden_dim': 237, 'n_layers': 2, 'dropout': 0.07241658581341937, 'input_chunk_length': 74, 'learning_rate': 0.0022197459697718934, 'batch_size': 32}. Best is trial 1 with value: 0.09405231475830078.
GPU available: True (cuda), used: True
TPU available: False, using: 0 TPU cores
HPU available: False, using: 0 HPUs
LOCAL_RANK: 0 - CUDA_VISIBLE_DEVICES: [0,1,2,3]
SLURM auto-requeueing enabled. Setting signal handlers.
Monitored metric train_loss did not improve in the last 283 records. Best score: 0.020. Signaling Trainer to stop.
GPU available: True (cuda), used: True
TPU available: False, using: 0 TPU cores
HPU available: False, using: 0 HPUs
LOCAL_RANK: 0 - CUDA_VISIBLE_DEVICES: [0,1,2,3]
SLURM auto-requeueing enabled. Setting signal handlers.
[I 2024-11-05 06:31:06,776] Trial 227 finished with value: 0.474170982837677 and parameters: {'hidden_dim': 173, 'n_layers': 4, 'dropout': 0.10739013297820811, 'input_chunk_length': 50, 'learning_rate': 0.006333322046273095, 'batch_size': 32}. Best is trial 1 with value: 0.09405231475830078.
GPU available: True (cuda), used: True
TPU available: False, using: 0 TPU cores
HPU available: False, using: 0 HPUs
LOCAL_RANK: 0 - CUDA_VISIBLE_DEVICES: [0,1,2,3]
SLURM auto-requeueing enabled. Setting signal handlers.
Monitored metric train_loss did not improve in the last 284 records. Best score: 0.020. Signaling Trainer to stop.
GPU available: True (cuda), used: True
TPU available: False, using: 0 TPU cores
HPU available: False, using: 0 HPUs
LOCAL_RANK: 0 - CUDA_VISIBLE_DEVICES: [0,1,2,3]
SLURM auto-requeueing enabled. Setting signal handlers.
[I 2024-11-05 06:31:27,098] Trial 228 finished with value: 0.3111346960067749 and parameters: {'hidden_dim': 229, 'n_layers': 6, 'dropout': 0.08583868363500649, 'input_chunk_length': 61, 'learning_rate': 0.0006721073786717204, 'batch_size': 32}. Best is trial 1 with value: 0.09405231475830078.
GPU available: True (cuda), used: True
TPU available: False, using: 0 TPU cores
HPU available: False, using: 0 HPUs
LOCAL_RANK: 0 - CUDA_VISIBLE_DEVICES: [0,1,2,3]
SLURM auto-requeueing enabled. Setting signal handlers.
Monitored metric train_loss did not improve in the last 285 records. Best score: 0.020. Signaling Trainer to stop.
GPU available: True (cuda), used: True
TPU available: False, using: 0 TPU cores
HPU available: False, using: 0 HPUs
LOCAL_RANK: 0 - CUDA_VISIBLE_DEVICES: [0,1,2,3]
SLURM auto-requeueing enabled. Setting signal handlers.
[I 2024-11-05 06:31:49,622] Trial 229 finished with value: 0.25523459911346436 and parameters: {'hidden_dim': 183, 'n_layers': 4, 'dropout': 0.3336381692747058, 'input_chunk_length': 98, 'learning_rate': 0.004527075738040382, 'batch_size': 32}. Best is trial 1 with value: 0.09405231475830078.
GPU available: True (cuda), used: True
TPU available: False, using: 0 TPU cores
HPU available: False, using: 0 HPUs
LOCAL_RANK: 0 - CUDA_VISIBLE_DEVICES: [0,1,2,3]
SLURM auto-requeueing enabled. Setting signal handlers.
Monitored metric train_loss did not improve in the last 286 records. Best score: 0.020. Signaling Trainer to stop.
GPU available: True (cuda), used: True
TPU available: False, using: 0 TPU cores
HPU available: False, using: 0 HPUs
LOCAL_RANK: 0 - CUDA_VISIBLE_DEVICES: [0,1,2,3]
SLURM auto-requeueing enabled. Setting signal handlers.
[I 2024-11-05 06:32:07,012] Trial 230 finished with value: 0.43698176741600037 and parameters: {'hidden_dim': 195, 'n_layers': 4, 'dropout': 0.05130965692777008, 'input_chunk_length': 54, 'learning_rate': 0.0027719992439324483, 'batch_size': 64}. Best is trial 1 with value: 0.09405231475830078.
GPU available: True (cuda), used: True
TPU available: False, using: 0 TPU cores
HPU available: False, using: 0 HPUs
LOCAL_RANK: 0 - CUDA_VISIBLE_DEVICES: [0,1,2,3]
SLURM auto-requeueing enabled. Setting signal handlers.
Monitored metric train_loss did not improve in the last 287 records. Best score: 0.020. Signaling Trainer to stop.
GPU available: True (cuda), used: True
TPU available: False, using: 0 TPU cores
HPU available: False, using: 0 HPUs
LOCAL_RANK: 0 - CUDA_VISIBLE_DEVICES: [0,1,2,3]
SLURM auto-requeueing enabled. Setting signal handlers.
[I 2024-11-05 06:32:29,665] Trial 231 finished with value: 0.3084683418273926 and parameters: {'hidden_dim': 182, 'n_layers': 4, 'dropout': 0.35221453648423917, 'input_chunk_length': 101, 'learning_rate': 0.004178895086104551, 'batch_size': 32}. Best is trial 1 with value: 0.09405231475830078.
GPU available: True (cuda), used: True
TPU available: False, using: 0 TPU cores
HPU available: False, using: 0 HPUs
LOCAL_RANK: 0 - CUDA_VISIBLE_DEVICES: [0,1,2,3]
SLURM auto-requeueing enabled. Setting signal handlers.
Monitored metric train_loss did not improve in the last 288 records. Best score: 0.020. Signaling Trainer to stop.
GPU available: True (cuda), used: True
TPU available: False, using: 0 TPU cores
HPU available: False, using: 0 HPUs
LOCAL_RANK: 0 - CUDA_VISIBLE_DEVICES: [0,1,2,3]
SLURM auto-requeueing enabled. Setting signal handlers.
[I 2024-11-05 06:32:50,158] Trial 232 finished with value: 0.32196396589279175 and parameters: {'hidden_dim': 155, 'n_layers': 4, 'dropout': 0.130016859040812, 'input_chunk_length': 98, 'learning_rate': 0.005930144447019148, 'batch_size': 32}. Best is trial 1 with value: 0.09405231475830078.
GPU available: True (cuda), used: True
TPU available: False, using: 0 TPU cores
HPU available: False, using: 0 HPUs
LOCAL_RANK: 0 - CUDA_VISIBLE_DEVICES: [0,1,2,3]
SLURM auto-requeueing enabled. Setting signal handlers.
Monitored metric train_loss did not improve in the last 289 records. Best score: 0.020. Signaling Trainer to stop.
GPU available: True (cuda), used: True
TPU available: False, using: 0 TPU cores
HPU available: False, using: 0 HPUs
LOCAL_RANK: 0 - CUDA_VISIBLE_DEVICES: [0,1,2,3]
SLURM auto-requeueing enabled. Setting signal handlers.
[I 2024-11-05 06:33:12,108] Trial 233 finished with value: 0.3506106734275818 and parameters: {'hidden_dim': 173, 'n_layers': 4, 'dropout': 0.34313454143661104, 'input_chunk_length': 92, 'learning_rate': 0.004796154135211973, 'batch_size': 32}. Best is trial 1 with value: 0.09405231475830078.
GPU available: True (cuda), used: True
TPU available: False, using: 0 TPU cores
HPU available: False, using: 0 HPUs
LOCAL_RANK: 0 - CUDA_VISIBLE_DEVICES: [0,1,2,3]
SLURM auto-requeueing enabled. Setting signal handlers.
Monitored metric train_loss did not improve in the last 290 records. Best score: 0.020. Signaling Trainer to stop.
GPU available: True (cuda), used: True
TPU available: False, using: 0 TPU cores
HPU available: False, using: 0 HPUs
LOCAL_RANK: 0 - CUDA_VISIBLE_DEVICES: [0,1,2,3]
SLURM auto-requeueing enabled. Setting signal handlers.
[I 2024-11-05 06:33:35,150] Trial 234 finished with value: 0.33601441979408264 and parameters: {'hidden_dim': 250, 'n_layers': 4, 'dropout': 0.31539480497229105, 'input_chunk_length': 103, 'learning_rate': 0.0033983400964388904, 'batch_size': 32}. Best is trial 1 with value: 0.09405231475830078.
GPU available: True (cuda), used: True
TPU available: False, using: 0 TPU cores
HPU available: False, using: 0 HPUs
LOCAL_RANK: 0 - CUDA_VISIBLE_DEVICES: [0,1,2,3]
SLURM auto-requeueing enabled. Setting signal handlers.
Monitored metric train_loss did not improve in the last 291 records. Best score: 0.020. Signaling Trainer to stop.
GPU available: True (cuda), used: True
TPU available: False, using: 0 TPU cores
HPU available: False, using: 0 HPUs
LOCAL_RANK: 0 - CUDA_VISIBLE_DEVICES: [0,1,2,3]
SLURM auto-requeueing enabled. Setting signal handlers.
[I 2024-11-05 06:33:57,155] Trial 235 finished with value: 0.3319273591041565 and parameters: {'hidden_dim': 215, 'n_layers': 3, 'dropout': 0.3288321988909226, 'input_chunk_length': 107, 'learning_rate': 0.0005593561750424561, 'batch_size': 32}. Best is trial 1 with value: 0.09405231475830078.
GPU available: True (cuda), used: True
TPU available: False, using: 0 TPU cores
HPU available: False, using: 0 HPUs
LOCAL_RANK: 0 - CUDA_VISIBLE_DEVICES: [0,1,2,3]
SLURM auto-requeueing enabled. Setting signal handlers.
Monitored metric train_loss did not improve in the last 292 records. Best score: 0.020. Signaling Trainer to stop.
GPU available: True (cuda), used: True
TPU available: False, using: 0 TPU cores
HPU available: False, using: 0 HPUs
LOCAL_RANK: 0 - CUDA_VISIBLE_DEVICES: [0,1,2,3]
SLURM auto-requeueing enabled. Setting signal handlers.
[I 2024-11-05 06:34:20,202] Trial 236 finished with value: 0.30520740151405334 and parameters: {'hidden_dim': 182, 'n_layers': 4, 'dropout': 0.37949756980832033, 'input_chunk_length': 106, 'learning_rate': 0.0007423758853465875, 'batch_size': 32}. Best is trial 1 with value: 0.09405231475830078.
GPU available: True (cuda), used: True
TPU available: False, using: 0 TPU cores
HPU available: False, using: 0 HPUs
LOCAL_RANK: 0 - CUDA_VISIBLE_DEVICES: [0,1,2,3]
SLURM auto-requeueing enabled. Setting signal handlers.
Monitored metric train_loss did not improve in the last 293 records. Best score: 0.020. Signaling Trainer to stop.
GPU available: True (cuda), used: True
TPU available: False, using: 0 TPU cores
HPU available: False, using: 0 HPUs
LOCAL_RANK: 0 - CUDA_VISIBLE_DEVICES: [0,1,2,3]
SLURM auto-requeueing enabled. Setting signal handlers.
[I 2024-11-05 06:34:43,793] Trial 237 finished with value: 0.31926560401916504 and parameters: {'hidden_dim': 164, 'n_layers': 6, 'dropout': 0.03526468347829756, 'input_chunk_length': 95, 'learning_rate': 0.004507288321621042, 'batch_size': 32}. Best is trial 1 with value: 0.09405231475830078.
GPU available: True (cuda), used: True
TPU available: False, using: 0 TPU cores
HPU available: False, using: 0 HPUs
LOCAL_RANK: 0 - CUDA_VISIBLE_DEVICES: [0,1,2,3]
SLURM auto-requeueing enabled. Setting signal handlers.
Monitored metric train_loss did not improve in the last 294 records. Best score: 0.020. Signaling Trainer to stop.
GPU available: True (cuda), used: True
TPU available: False, using: 0 TPU cores
HPU available: False, using: 0 HPUs
LOCAL_RANK: 0 - CUDA_VISIBLE_DEVICES: [0,1,2,3]
SLURM auto-requeueing enabled. Setting signal handlers.
[I 2024-11-05 06:35:01,677] Trial 238 finished with value: 0.3071088194847107 and parameters: {'hidden_dim': 234, 'n_layers': 3, 'dropout': 0.023200532959280935, 'input_chunk_length': 44, 'learning_rate': 0.0004781686256532378, 'batch_size': 32}. Best is trial 1 with value: 0.09405231475830078.
GPU available: True (cuda), used: True
TPU available: False, using: 0 TPU cores
HPU available: False, using: 0 HPUs
LOCAL_RANK: 0 - CUDA_VISIBLE_DEVICES: [0,1,2,3]
SLURM auto-requeueing enabled. Setting signal handlers.
Monitored metric train_loss did not improve in the last 295 records. Best score: 0.020. Signaling Trainer to stop.
GPU available: True (cuda), used: True
TPU available: False, using: 0 TPU cores
HPU available: False, using: 0 HPUs
LOCAL_RANK: 0 - CUDA_VISIBLE_DEVICES: [0,1,2,3]
SLURM auto-requeueing enabled. Setting signal handlers.
[I 2024-11-05 06:35:23,564] Trial 239 finished with value: 0.4295077621936798 and parameters: {'hidden_dim': 263, 'n_layers': 4, 'dropout': 0.05992902877428466, 'input_chunk_length': 88, 'learning_rate': 0.00948414640155454, 'batch_size': 32}. Best is trial 1 with value: 0.09405231475830078.
GPU available: True (cuda), used: True
TPU available: False, using: 0 TPU cores
HPU available: False, using: 0 HPUs
LOCAL_RANK: 0 - CUDA_VISIBLE_DEVICES: [0,1,2,3]
SLURM auto-requeueing enabled. Setting signal handlers.
Monitored metric train_loss did not improve in the last 296 records. Best score: 0.020. Signaling Trainer to stop.
GPU available: True (cuda), used: True
TPU available: False, using: 0 TPU cores
HPU available: False, using: 0 HPUs
LOCAL_RANK: 0 - CUDA_VISIBLE_DEVICES: [0,1,2,3]
SLURM auto-requeueing enabled. Setting signal handlers.
[I 2024-11-05 06:35:42,411] Trial 240 finished with value: 0.2971099615097046 and parameters: {'hidden_dim': 190, 'n_layers': 2, 'dropout': 0.1172416654601947, 'input_chunk_length': 82, 'learning_rate': 0.0005860370797260927, 'batch_size': 32}. Best is trial 1 with value: 0.09405231475830078.
GPU available: True (cuda), used: True
TPU available: False, using: 0 TPU cores
HPU available: False, using: 0 HPUs
LOCAL_RANK: 0 - CUDA_VISIBLE_DEVICES: [0,1,2,3]
SLURM auto-requeueing enabled. Setting signal handlers.
Monitored metric train_loss did not improve in the last 297 records. Best score: 0.020. Signaling Trainer to stop.
GPU available: True (cuda), used: True
TPU available: False, using: 0 TPU cores
HPU available: False, using: 0 HPUs
LOCAL_RANK: 0 - CUDA_VISIBLE_DEVICES: [0,1,2,3]
SLURM auto-requeueing enabled. Setting signal handlers.
[I 2024-11-05 06:36:00,199] Trial 241 finished with value: 0.300449401140213 and parameters: {'hidden_dim': 222, 'n_layers': 2, 'dropout': 0.04206722068010355, 'input_chunk_length': 50, 'learning_rate': 0.0010152255475386653, 'batch_size': 32}. Best is trial 1 with value: 0.09405231475830078.
GPU available: True (cuda), used: True
TPU available: False, using: 0 TPU cores
HPU available: False, using: 0 HPUs
LOCAL_RANK: 0 - CUDA_VISIBLE_DEVICES: [0,1,2,3]
SLURM auto-requeueing enabled. Setting signal handlers.
Monitored metric train_loss did not improve in the last 298 records. Best score: 0.020. Signaling Trainer to stop.
GPU available: True (cuda), used: True
TPU available: False, using: 0 TPU cores
HPU available: False, using: 0 HPUs
LOCAL_RANK: 0 - CUDA_VISIBLE_DEVICES: [0,1,2,3]
SLURM auto-requeueing enabled. Setting signal handlers.
[I 2024-11-05 06:36:17,719] Trial 242 finished with value: 0.3180469572544098 and parameters: {'hidden_dim': 215, 'n_layers': 2, 'dropout': 0.0399823499707253, 'input_chunk_length': 46, 'learning_rate': 0.0009099873873096864, 'batch_size': 32}. Best is trial 1 with value: 0.09405231475830078.
GPU available: True (cuda), used: True
TPU available: False, using: 0 TPU cores
HPU available: False, using: 0 HPUs
LOCAL_RANK: 0 - CUDA_VISIBLE_DEVICES: [0,1,2,3]
SLURM auto-requeueing enabled. Setting signal handlers.
Monitored metric train_loss did not improve in the last 299 records. Best score: 0.020. Signaling Trainer to stop.
GPU available: True (cuda), used: True
TPU available: False, using: 0 TPU cores
HPU available: False, using: 0 HPUs
LOCAL_RANK: 0 - CUDA_VISIBLE_DEVICES: [0,1,2,3]
SLURM auto-requeueing enabled. Setting signal handlers.
[I 2024-11-05 06:36:34,917] Trial 243 finished with value: 0.35108667612075806 and parameters: {'hidden_dim': 208, 'n_layers': 2, 'dropout': 0.028625758695199132, 'input_chunk_length': 40, 'learning_rate': 0.001218934193046877, 'batch_size': 32}. Best is trial 1 with value: 0.09405231475830078.
GPU available: True (cuda), used: True
TPU available: False, using: 0 TPU cores
HPU available: False, using: 0 HPUs
LOCAL_RANK: 0 - CUDA_VISIBLE_DEVICES: [0,1,2,3]
SLURM auto-requeueing enabled. Setting signal handlers.
Monitored metric train_loss did not improve in the last 300 records. Best score: 0.020. Signaling Trainer to stop.
GPU available: True (cuda), used: True
TPU available: False, using: 0 TPU cores
HPU available: False, using: 0 HPUs
LOCAL_RANK: 0 - CUDA_VISIBLE_DEVICES: [0,1,2,3]
SLURM auto-requeueing enabled. Setting signal handlers.
[I 2024-11-05 06:36:52,817] Trial 244 finished with value: 0.30295121669769287 and parameters: {'hidden_dim': 240, 'n_layers': 2, 'dropout': 0.011545934771699733, 'input_chunk_length': 57, 'learning_rate': 0.0006862878290093869, 'batch_size': 32}. Best is trial 1 with value: 0.09405231475830078.
GPU available: True (cuda), used: True
TPU available: False, using: 0 TPU cores
HPU available: False, using: 0 HPUs
LOCAL_RANK: 0 - CUDA_VISIBLE_DEVICES: [0,1,2,3]
SLURM auto-requeueing enabled. Setting signal handlers.
Monitored metric train_loss did not improve in the last 301 records. Best score: 0.020. Signaling Trainer to stop.
GPU available: True (cuda), used: True
TPU available: False, using: 0 TPU cores
HPU available: False, using: 0 HPUs
LOCAL_RANK: 0 - CUDA_VISIBLE_DEVICES: [0,1,2,3]
SLURM auto-requeueing enabled. Setting signal handlers.
[I 2024-11-05 06:37:10,575] Trial 245 finished with value: 0.3598531484603882 and parameters: {'hidden_dim': 227, 'n_layers': 2, 'dropout': 0.18760432968978868, 'input_chunk_length': 48, 'learning_rate': 0.0016319549465871196, 'batch_size': 32}. Best is trial 1 with value: 0.09405231475830078.
GPU available: True (cuda), used: True
TPU available: False, using: 0 TPU cores
HPU available: False, using: 0 HPUs
LOCAL_RANK: 0 - CUDA_VISIBLE_DEVICES: [0,1,2,3]
SLURM auto-requeueing enabled. Setting signal handlers.
Monitored metric train_loss did not improve in the last 302 records. Best score: 0.020. Signaling Trainer to stop.
GPU available: True (cuda), used: True
TPU available: False, using: 0 TPU cores
HPU available: False, using: 0 HPUs
LOCAL_RANK: 0 - CUDA_VISIBLE_DEVICES: [0,1,2,3]
SLURM auto-requeueing enabled. Setting signal handlers.
[I 2024-11-05 06:37:27,504] Trial 246 finished with value: 0.2799972891807556 and parameters: {'hidden_dim': 122, 'n_layers': 4, 'dropout': 0.241293465951148, 'input_chunk_length': 71, 'learning_rate': 0.0008276140660147481, 'batch_size': 32}. Best is trial 1 with value: 0.09405231475830078.
GPU available: True (cuda), used: True
TPU available: False, using: 0 TPU cores
HPU available: False, using: 0 HPUs
LOCAL_RANK: 0 - CUDA_VISIBLE_DEVICES: [0,1,2,3]
SLURM auto-requeueing enabled. Setting signal handlers.
Monitored metric train_loss did not improve in the last 303 records. Best score: 0.020. Signaling Trainer to stop.
GPU available: True (cuda), used: True
TPU available: False, using: 0 TPU cores
HPU available: False, using: 0 HPUs
LOCAL_RANK: 0 - CUDA_VISIBLE_DEVICES: [0,1,2,3]
SLURM auto-requeueing enabled. Setting signal handlers.
