[I 2024-11-11 22:48:43,622] Trial 232 finished with value: 0.30959388613700867 and parameters: {'hidden_dim': 350, 'n_layers': 5, 'dropout': 0.216191797381141, 'input_chunk_length': 124, 'learning_rate': 0.0007315954144185438, 'batch_size': 32}. Best is trial 143 with value: 0.16185998916625977.
GPU available: True (cuda), used: True
TPU available: False, using: 0 TPU cores
HPU available: False, using: 0 HPUs
LOCAL_RANK: 0 - CUDA_VISIBLE_DEVICES: [0,1]
SLURM auto-requeueing enabled. Setting signal handlers.
Monitored metric train_loss did not improve in the last 289 records. Best score: 0.041. Signaling Trainer to stop.
GPU available: True (cuda), used: True
TPU available: False, using: 0 TPU cores
HPU available: False, using: 0 HPUs
LOCAL_RANK: 0 - CUDA_VISIBLE_DEVICES: [0,1]
SLURM auto-requeueing enabled. Setting signal handlers.
[I 2024-11-11 22:49:16,029] Trial 233 finished with value: 0.29918548464775085 and parameters: {'hidden_dim': 339, 'n_layers': 5, 'dropout': 0.2351658246099413, 'input_chunk_length': 85, 'learning_rate': 0.0006369993371202328, 'batch_size': 32}. Best is trial 143 with value: 0.16185998916625977.
GPU available: True (cuda), used: True
TPU available: False, using: 0 TPU cores
HPU available: False, using: 0 HPUs
LOCAL_RANK: 0 - CUDA_VISIBLE_DEVICES: [0,1]
SLURM auto-requeueing enabled. Setting signal handlers.
Monitored metric train_loss did not improve in the last 290 records. Best score: 0.041. Signaling Trainer to stop.
GPU available: True (cuda), used: True
TPU available: False, using: 0 TPU cores
HPU available: False, using: 0 HPUs
LOCAL_RANK: 0 - CUDA_VISIBLE_DEVICES: [0,1]
SLURM auto-requeueing enabled. Setting signal handlers.
[I 2024-11-11 22:49:51,096] Trial 234 finished with value: 0.29873567819595337 and parameters: {'hidden_dim': 385, 'n_layers': 1, 'dropout': 0.2721188695542345, 'input_chunk_length': 127, 'learning_rate': 0.0005170776428441975, 'batch_size': 32}. Best is trial 143 with value: 0.16185998916625977.
GPU available: True (cuda), used: True
TPU available: False, using: 0 TPU cores
HPU available: False, using: 0 HPUs
LOCAL_RANK: 0 - CUDA_VISIBLE_DEVICES: [0,1]
SLURM auto-requeueing enabled. Setting signal handlers.
Monitored metric train_loss did not improve in the last 291 records. Best score: 0.041. Signaling Trainer to stop.
GPU available: True (cuda), used: True
TPU available: False, using: 0 TPU cores
HPU available: False, using: 0 HPUs
LOCAL_RANK: 0 - CUDA_VISIBLE_DEVICES: [0,1]
SLURM auto-requeueing enabled. Setting signal handlers.
[I 2024-11-11 22:50:15,860] Trial 235 finished with value: 0.2095870077610016 and parameters: {'hidden_dim': 316, 'n_layers': 1, 'dropout': 0.1848003471926949, 'input_chunk_length': 78, 'learning_rate': 0.0008476721598728581, 'batch_size': 32}. Best is trial 143 with value: 0.16185998916625977.
GPU available: True (cuda), used: True
TPU available: False, using: 0 TPU cores
HPU available: False, using: 0 HPUs
LOCAL_RANK: 0 - CUDA_VISIBLE_DEVICES: [0,1]
SLURM auto-requeueing enabled. Setting signal handlers.
Monitored metric train_loss did not improve in the last 292 records. Best score: 0.041. Signaling Trainer to stop.
GPU available: True (cuda), used: True
TPU available: False, using: 0 TPU cores
HPU available: False, using: 0 HPUs
LOCAL_RANK: 0 - CUDA_VISIBLE_DEVICES: [0,1]
SLURM auto-requeueing enabled. Setting signal handlers.
[I 2024-11-11 22:50:40,563] Trial 236 finished with value: 0.2388676404953003 and parameters: {'hidden_dim': 315, 'n_layers': 1, 'dropout': 0.17547162190991508, 'input_chunk_length': 73, 'learning_rate': 0.0010034937910556366, 'batch_size': 32}. Best is trial 143 with value: 0.16185998916625977.
GPU available: True (cuda), used: True
TPU available: False, using: 0 TPU cores
HPU available: False, using: 0 HPUs
LOCAL_RANK: 0 - CUDA_VISIBLE_DEVICES: [0,1]
SLURM auto-requeueing enabled. Setting signal handlers.
Monitored metric train_loss did not improve in the last 293 records. Best score: 0.041. Signaling Trainer to stop.
GPU available: True (cuda), used: True
TPU available: False, using: 0 TPU cores
HPU available: False, using: 0 HPUs
LOCAL_RANK: 0 - CUDA_VISIBLE_DEVICES: [0,1]
SLURM auto-requeueing enabled. Setting signal handlers.
[I 2024-11-11 22:51:06,007] Trial 237 finished with value: 0.3376975953578949 and parameters: {'hidden_dim': 327, 'n_layers': 1, 'dropout': 0.183089592924285, 'input_chunk_length': 78, 'learning_rate': 0.0008473369465550067, 'batch_size': 32}. Best is trial 143 with value: 0.16185998916625977.
GPU available: True (cuda), used: True
TPU available: False, using: 0 TPU cores
HPU available: False, using: 0 HPUs
LOCAL_RANK: 0 - CUDA_VISIBLE_DEVICES: [0,1]
SLURM auto-requeueing enabled. Setting signal handlers.
Monitored metric train_loss did not improve in the last 294 records. Best score: 0.041. Signaling Trainer to stop.
GPU available: True (cuda), used: True
TPU available: False, using: 0 TPU cores
HPU available: False, using: 0 HPUs
LOCAL_RANK: 0 - CUDA_VISIBLE_DEVICES: [0,1]
SLURM auto-requeueing enabled. Setting signal handlers.
[I 2024-11-11 22:51:38,913] Trial 238 finished with value: 0.3153907060623169 and parameters: {'hidden_dim': 319, 'n_layers': 1, 'dropout': 0.20218930862660744, 'input_chunk_length': 132, 'learning_rate': 0.001200343054024222, 'batch_size': 32}. Best is trial 143 with value: 0.16185998916625977.
GPU available: True (cuda), used: True
TPU available: False, using: 0 TPU cores
HPU available: False, using: 0 HPUs
LOCAL_RANK: 0 - CUDA_VISIBLE_DEVICES: [0,1]
SLURM auto-requeueing enabled. Setting signal handlers.
Monitored metric train_loss did not improve in the last 295 records. Best score: 0.041. Signaling Trainer to stop.
GPU available: True (cuda), used: True
TPU available: False, using: 0 TPU cores
HPU available: False, using: 0 HPUs
LOCAL_RANK: 0 - CUDA_VISIBLE_DEVICES: [0,1]
SLURM auto-requeueing enabled. Setting signal handlers.
[I 2024-11-11 22:52:03,472] Trial 239 finished with value: 0.28847840428352356 and parameters: {'hidden_dim': 308, 'n_layers': 1, 'dropout': 0.30959002121782675, 'input_chunk_length': 76, 'learning_rate': 0.0004042397063705952, 'batch_size': 32}. Best is trial 143 with value: 0.16185998916625977.
GPU available: True (cuda), used: True
TPU available: False, using: 0 TPU cores
HPU available: False, using: 0 HPUs
LOCAL_RANK: 0 - CUDA_VISIBLE_DEVICES: [0,1]
SLURM auto-requeueing enabled. Setting signal handlers.
Monitored metric train_loss did not improve in the last 296 records. Best score: 0.041. Signaling Trainer to stop.
GPU available: True (cuda), used: True
TPU available: False, using: 0 TPU cores
HPU available: False, using: 0 HPUs
LOCAL_RANK: 0 - CUDA_VISIBLE_DEVICES: [0,1]
SLURM auto-requeueing enabled. Setting signal handlers.
[I 2024-11-11 22:52:29,334] Trial 240 finished with value: 0.3086971044540405 and parameters: {'hidden_dim': 330, 'n_layers': 1, 'dropout': 0.4600136372493763, 'input_chunk_length': 80, 'learning_rate': 0.0007878058766613998, 'batch_size': 32}. Best is trial 143 with value: 0.16185998916625977.
GPU available: True (cuda), used: True
TPU available: False, using: 0 TPU cores
HPU available: False, using: 0 HPUs
LOCAL_RANK: 0 - CUDA_VISIBLE_DEVICES: [0,1]
SLURM auto-requeueing enabled. Setting signal handlers.
Monitored metric train_loss did not improve in the last 297 records. Best score: 0.041. Signaling Trainer to stop.
GPU available: True (cuda), used: True
TPU available: False, using: 0 TPU cores
HPU available: False, using: 0 HPUs
LOCAL_RANK: 0 - CUDA_VISIBLE_DEVICES: [0,1]
SLURM auto-requeueing enabled. Setting signal handlers.
[I 2024-11-11 22:52:55,296] Trial 241 finished with value: 0.26975777745246887 and parameters: {'hidden_dim': 344, 'n_layers': 1, 'dropout': 0.18714427094450237, 'input_chunk_length': 82, 'learning_rate': 0.0006551925782091974, 'batch_size': 32}. Best is trial 143 with value: 0.16185998916625977.
GPU available: True (cuda), used: True
TPU available: False, using: 0 TPU cores
HPU available: False, using: 0 HPUs
LOCAL_RANK: 0 - CUDA_VISIBLE_DEVICES: [0,1]
SLURM auto-requeueing enabled. Setting signal handlers.
Monitored metric train_loss did not improve in the last 298 records. Best score: 0.041. Signaling Trainer to stop.
GPU available: True (cuda), used: True
TPU available: False, using: 0 TPU cores
HPU available: False, using: 0 HPUs
LOCAL_RANK: 0 - CUDA_VISIBLE_DEVICES: [0,1]
SLURM auto-requeueing enabled. Setting signal handlers.
[I 2024-11-11 22:53:22,846] Trial 242 finished with value: 0.2172170877456665 and parameters: {'hidden_dim': 371, 'n_layers': 1, 'dropout': 0.20615900115464073, 'input_chunk_length': 87, 'learning_rate': 0.0007214210764572037, 'batch_size': 32}. Best is trial 143 with value: 0.16185998916625977.
GPU available: True (cuda), used: True
TPU available: False, using: 0 TPU cores
HPU available: False, using: 0 HPUs
LOCAL_RANK: 0 - CUDA_VISIBLE_DEVICES: [0,1]
SLURM auto-requeueing enabled. Setting signal handlers.
Monitored metric train_loss did not improve in the last 299 records. Best score: 0.041. Signaling Trainer to stop.
GPU available: True (cuda), used: True
TPU available: False, using: 0 TPU cores
HPU available: False, using: 0 HPUs
LOCAL_RANK: 0 - CUDA_VISIBLE_DEVICES: [0,1]
SLURM auto-requeueing enabled. Setting signal handlers.
[I 2024-11-11 22:53:50,640] Trial 243 finished with value: 0.20426911115646362 and parameters: {'hidden_dim': 374, 'n_layers': 1, 'dropout': 0.19741268147065455, 'input_chunk_length': 91, 'learning_rate': 0.0009266635303713946, 'batch_size': 32}. Best is trial 143 with value: 0.16185998916625977.
GPU available: True (cuda), used: True
TPU available: False, using: 0 TPU cores
HPU available: False, using: 0 HPUs
LOCAL_RANK: 0 - CUDA_VISIBLE_DEVICES: [0,1]
SLURM auto-requeueing enabled. Setting signal handlers.
Monitored metric train_loss did not improve in the last 300 records. Best score: 0.041. Signaling Trainer to stop.
GPU available: True (cuda), used: True
TPU available: False, using: 0 TPU cores
HPU available: False, using: 0 HPUs
LOCAL_RANK: 0 - CUDA_VISIBLE_DEVICES: [0,1]
SLURM auto-requeueing enabled. Setting signal handlers.
[I 2024-11-11 22:54:19,334] Trial 244 finished with value: 0.2770830988883972 and parameters: {'hidden_dim': 369, 'n_layers': 1, 'dropout': 0.20054184479282738, 'input_chunk_length': 94, 'learning_rate': 0.0005444539149795051, 'batch_size': 32}. Best is trial 143 with value: 0.16185998916625977.
GPU available: True (cuda), used: True
TPU available: False, using: 0 TPU cores
HPU available: False, using: 0 HPUs
LOCAL_RANK: 0 - CUDA_VISIBLE_DEVICES: [0,1]
SLURM auto-requeueing enabled. Setting signal handlers.
Monitored metric train_loss did not improve in the last 301 records. Best score: 0.041. Signaling Trainer to stop.
GPU available: True (cuda), used: True
TPU available: False, using: 0 TPU cores
HPU available: False, using: 0 HPUs
LOCAL_RANK: 0 - CUDA_VISIBLE_DEVICES: [0,1]
SLURM auto-requeueing enabled. Setting signal handlers.
[I 2024-11-11 22:54:48,740] Trial 245 finished with value: 0.20610055327415466 and parameters: {'hidden_dim': 387, 'n_layers': 1, 'dropout': 0.2078775559338174, 'input_chunk_length': 91, 'learning_rate': 0.00074277516022999, 'batch_size': 32}. Best is trial 143 with value: 0.16185998916625977.
GPU available: True (cuda), used: True
TPU available: False, using: 0 TPU cores
HPU available: False, using: 0 HPUs
LOCAL_RANK: 0 - CUDA_VISIBLE_DEVICES: [0,1]
SLURM auto-requeueing enabled. Setting signal handlers.
Monitored metric train_loss did not improve in the last 302 records. Best score: 0.041. Signaling Trainer to stop.
GPU available: True (cuda), used: True
TPU available: False, using: 0 TPU cores
HPU available: False, using: 0 HPUs
LOCAL_RANK: 0 - CUDA_VISIBLE_DEVICES: [0,1]
SLURM auto-requeueing enabled. Setting signal handlers.
[I 2024-11-11 22:55:16,495] Trial 246 finished with value: 0.31614094972610474 and parameters: {'hidden_dim': 380, 'n_layers': 1, 'dropout': 0.19486986757347158, 'input_chunk_length': 89, 'learning_rate': 0.0005935820603493587, 'batch_size': 32}. Best is trial 143 with value: 0.16185998916625977.
GPU available: True (cuda), used: True
TPU available: False, using: 0 TPU cores
HPU available: False, using: 0 HPUs
LOCAL_RANK: 0 - CUDA_VISIBLE_DEVICES: [0,1]
SLURM auto-requeueing enabled. Setting signal handlers.
Monitored metric train_loss did not improve in the last 303 records. Best score: 0.041. Signaling Trainer to stop.
GPU available: True (cuda), used: True
TPU available: False, using: 0 TPU cores
HPU available: False, using: 0 HPUs
LOCAL_RANK: 0 - CUDA_VISIBLE_DEVICES: [0,1]
SLURM auto-requeueing enabled. Setting signal handlers.
[I 2024-11-11 22:55:44,578] Trial 247 finished with value: 0.34166717529296875 and parameters: {'hidden_dim': 396, 'n_layers': 1, 'dropout': 0.3930975723489195, 'input_chunk_length': 87, 'learning_rate': 0.000686601762276332, 'batch_size': 32}. Best is trial 143 with value: 0.16185998916625977.
GPU available: True (cuda), used: True
TPU available: False, using: 0 TPU cores
HPU available: False, using: 0 HPUs
LOCAL_RANK: 0 - CUDA_VISIBLE_DEVICES: [0,1]
SLURM auto-requeueing enabled. Setting signal handlers.
Monitored metric train_loss did not improve in the last 304 records. Best score: 0.041. Signaling Trainer to stop.
GPU available: True (cuda), used: True
TPU available: False, using: 0 TPU cores
HPU available: False, using: 0 HPUs
LOCAL_RANK: 0 - CUDA_VISIBLE_DEVICES: [0,1]
SLURM auto-requeueing enabled. Setting signal handlers.
[I 2024-11-11 22:56:06,764] Trial 248 finished with value: 0.25811517238616943 and parameters: {'hidden_dim': 180, 'n_layers': 1, 'dropout': 0.18789804274350355, 'input_chunk_length': 91, 'learning_rate': 0.0009069539440624423, 'batch_size': 32}. Best is trial 143 with value: 0.16185998916625977.
GPU available: True (cuda), used: True
TPU available: False, using: 0 TPU cores
HPU available: False, using: 0 HPUs
LOCAL_RANK: 0 - CUDA_VISIBLE_DEVICES: [0,1]
SLURM auto-requeueing enabled. Setting signal handlers.
Monitored metric train_loss did not improve in the last 305 records. Best score: 0.041. Signaling Trainer to stop.
GPU available: True (cuda), used: True
TPU available: False, using: 0 TPU cores
HPU available: False, using: 0 HPUs
LOCAL_RANK: 0 - CUDA_VISIBLE_DEVICES: [0,1]
SLURM auto-requeueing enabled. Setting signal handlers.
[I 2024-11-11 22:56:32,895] Trial 249 finished with value: 0.27631181478500366 and parameters: {'hidden_dim': 376, 'n_layers': 1, 'dropout': 0.1802655061974849, 'input_chunk_length': 74, 'learning_rate': 0.0004719208084559816, 'batch_size': 64}. Best is trial 143 with value: 0.16185998916625977.
GPU available: True (cuda), used: True
TPU available: False, using: 0 TPU cores
HPU available: False, using: 0 HPUs
LOCAL_RANK: 0 - CUDA_VISIBLE_DEVICES: [0,1]
SLURM auto-requeueing enabled. Setting signal handlers.
Monitored metric train_loss did not improve in the last 306 records. Best score: 0.041. Signaling Trainer to stop.
GPU available: True (cuda), used: True
TPU available: False, using: 0 TPU cores
HPU available: False, using: 0 HPUs
LOCAL_RANK: 0 - CUDA_VISIBLE_DEVICES: [0,1]
SLURM auto-requeueing enabled. Setting signal handlers.
[I 2024-11-11 22:57:05,353] Trial 250 finished with value: 0.3313092291355133 and parameters: {'hidden_dim': 334, 'n_layers': 1, 'dropout': 0.20269977100037403, 'input_chunk_length': 77, 'learning_rate': 0.0007598261270087476, 'batch_size': 32}. Best is trial 143 with value: 0.16185998916625977.
GPU available: True (cuda), used: True
TPU available: False, using: 0 TPU cores
HPU available: False, using: 0 HPUs
LOCAL_RANK: 0 - CUDA_VISIBLE_DEVICES: [0,1]
SLURM auto-requeueing enabled. Setting signal handlers.
Monitored metric train_loss did not improve in the last 307 records. Best score: 0.041. Signaling Trainer to stop.
GPU available: True (cuda), used: True
TPU available: False, using: 0 TPU cores
HPU available: False, using: 0 HPUs
LOCAL_RANK: 0 - CUDA_VISIBLE_DEVICES: [0,1]
SLURM auto-requeueing enabled. Setting signal handlers.
[I 2024-11-11 22:57:40,297] Trial 251 finished with value: 0.28600791096687317 and parameters: {'hidden_dim': 355, 'n_layers': 1, 'dropout': 0.21001488878233707, 'input_chunk_length': 83, 'learning_rate': 0.0005741794221403097, 'batch_size': 32}. Best is trial 143 with value: 0.16185998916625977.
GPU available: True (cuda), used: True
TPU available: False, using: 0 TPU cores
HPU available: False, using: 0 HPUs
LOCAL_RANK: 0 - CUDA_VISIBLE_DEVICES: [0,1]
SLURM auto-requeueing enabled. Setting signal handlers.
Monitored metric train_loss did not improve in the last 308 records. Best score: 0.041. Signaling Trainer to stop.
GPU available: True (cuda), used: True
TPU available: False, using: 0 TPU cores
HPU available: False, using: 0 HPUs
LOCAL_RANK: 0 - CUDA_VISIBLE_DEVICES: [0,1]
SLURM auto-requeueing enabled. Setting signal handlers.
[I 2024-11-11 22:58:09,444] Trial 252 finished with value: 0.28465601801872253 and parameters: {'hidden_dim': 391, 'n_layers': 1, 'dropout': 0.28117146182306507, 'input_chunk_length': 87, 'learning_rate': 0.00047172123226778035, 'batch_size': 32}. Best is trial 143 with value: 0.16185998916625977.
GPU available: True (cuda), used: True
TPU available: False, using: 0 TPU cores
HPU available: False, using: 0 HPUs
LOCAL_RANK: 0 - CUDA_VISIBLE_DEVICES: [0,1]
SLURM auto-requeueing enabled. Setting signal handlers.
Monitored metric train_loss did not improve in the last 309 records. Best score: 0.041. Signaling Trainer to stop.
GPU available: True (cuda), used: True
TPU available: False, using: 0 TPU cores
HPU available: False, using: 0 HPUs
LOCAL_RANK: 0 - CUDA_VISIBLE_DEVICES: [0,1]
SLURM auto-requeueing enabled. Setting signal handlers.
[I 2024-11-11 22:58:30,192] Trial 253 finished with value: 0.2308446168899536 and parameters: {'hidden_dim': 160, 'n_layers': 1, 'dropout': 0.1665381422382344, 'input_chunk_length': 80, 'learning_rate': 0.000707254820733141, 'batch_size': 32}. Best is trial 143 with value: 0.16185998916625977.
GPU available: True (cuda), used: True
TPU available: False, using: 0 TPU cores
HPU available: False, using: 0 HPUs
LOCAL_RANK: 0 - CUDA_VISIBLE_DEVICES: [0,1]
SLURM auto-requeueing enabled. Setting signal handlers.
Monitored metric train_loss did not improve in the last 310 records. Best score: 0.041. Signaling Trainer to stop.
GPU available: True (cuda), used: True
TPU available: False, using: 0 TPU cores
HPU available: False, using: 0 HPUs
LOCAL_RANK: 0 - CUDA_VISIBLE_DEVICES: [0,1]
SLURM auto-requeueing enabled. Setting signal handlers.
[I 2024-11-11 22:58:56,554] Trial 254 finished with value: 0.2562257647514343 and parameters: {'hidden_dim': 298, 'n_layers': 1, 'dropout': 0.19557356862387174, 'input_chunk_length': 90, 'learning_rate': 0.0010813498556090223, 'batch_size': 32}. Best is trial 143 with value: 0.16185998916625977.
GPU available: True (cuda), used: True
TPU available: False, using: 0 TPU cores
HPU available: False, using: 0 HPUs
LOCAL_RANK: 0 - CUDA_VISIBLE_DEVICES: [0,1]
SLURM auto-requeueing enabled. Setting signal handlers.
Monitored metric train_loss did not improve in the last 311 records. Best score: 0.041. Signaling Trainer to stop.
GPU available: True (cuda), used: True
TPU available: False, using: 0 TPU cores
HPU available: False, using: 0 HPUs
LOCAL_RANK: 0 - CUDA_VISIBLE_DEVICES: [0,1]
SLURM auto-requeueing enabled. Setting signal handlers.
[I 2024-11-11 22:59:22,285] Trial 255 finished with value: 0.40152767300605774 and parameters: {'hidden_dim': 325, 'n_layers': 1, 'dropout': 0.20761115617231835, 'input_chunk_length': 81, 'learning_rate': 0.004434244098027609, 'batch_size': 32}. Best is trial 143 with value: 0.16185998916625977.
GPU available: True (cuda), used: True
TPU available: False, using: 0 TPU cores
HPU available: False, using: 0 HPUs
LOCAL_RANK: 0 - CUDA_VISIBLE_DEVICES: [0,1]
SLURM auto-requeueing enabled. Setting signal handlers.
Monitored metric train_loss did not improve in the last 312 records. Best score: 0.041. Signaling Trainer to stop.
GPU available: True (cuda), used: True
TPU available: False, using: 0 TPU cores
HPU available: False, using: 0 HPUs
LOCAL_RANK: 0 - CUDA_VISIBLE_DEVICES: [0,1]
SLURM auto-requeueing enabled. Setting signal handlers.
[I 2024-11-11 22:59:47,022] Trial 256 finished with value: 0.2660806179046631 and parameters: {'hidden_dim': 311, 'n_layers': 1, 'dropout': 0.17501739214339154, 'input_chunk_length': 75, 'learning_rate': 0.00034528539684379494, 'batch_size': 32}. Best is trial 143 with value: 0.16185998916625977.
GPU available: True (cuda), used: True
TPU available: False, using: 0 TPU cores
HPU available: False, using: 0 HPUs
LOCAL_RANK: 0 - CUDA_VISIBLE_DEVICES: [0,1]
SLURM auto-requeueing enabled. Setting signal handlers.
Monitored metric train_loss did not improve in the last 313 records. Best score: 0.041. Signaling Trainer to stop.
GPU available: True (cuda), used: True
TPU available: False, using: 0 TPU cores
HPU available: False, using: 0 HPUs
LOCAL_RANK: 0 - CUDA_VISIBLE_DEVICES: [0,1]
SLURM auto-requeueing enabled. Setting signal handlers.
[I 2024-11-11 23:00:18,023] Trial 257 finished with value: 0.28419429063796997 and parameters: {'hidden_dim': 373, 'n_layers': 5, 'dropout': 0.21000570719026368, 'input_chunk_length': 78, 'learning_rate': 0.0006090379482314722, 'batch_size': 64}. Best is trial 143 with value: 0.16185998916625977.
GPU available: True (cuda), used: True
TPU available: False, using: 0 TPU cores
HPU available: False, using: 0 HPUs
LOCAL_RANK: 0 - CUDA_VISIBLE_DEVICES: [0,1]
SLURM auto-requeueing enabled. Setting signal handlers.
Monitored metric train_loss did not improve in the last 314 records. Best score: 0.041. Signaling Trainer to stop.
GPU available: True (cuda), used: True
TPU available: False, using: 0 TPU cores
HPU available: False, using: 0 HPUs
LOCAL_RANK: 0 - CUDA_VISIBLE_DEVICES: [0,1]
SLURM auto-requeueing enabled. Setting signal handlers.
