[I 2024-11-05 06:53:18,063] Trial 297 finished with value: 0.3210223913192749 and parameters: {'hidden_dim': 197, 'n_layers': 1, 'dropout': 0.2562003726962399, 'input_chunk_length': 107, 'learning_rate': 0.001280189853384298, 'batch_size': 32}. Best is trial 1 with value: 0.09405231475830078.
GPU available: True (cuda), used: True
TPU available: False, using: 0 TPU cores
HPU available: False, using: 0 HPUs
LOCAL_RANK: 0 - CUDA_VISIBLE_DEVICES: [0,1,2,3]
SLURM auto-requeueing enabled. Setting signal handlers.
Monitored metric train_loss did not improve in the last 354 records. Best score: 0.020. Signaling Trainer to stop.
GPU available: True (cuda), used: True
TPU available: False, using: 0 TPU cores
HPU available: False, using: 0 HPUs
LOCAL_RANK: 0 - CUDA_VISIBLE_DEVICES: [0,1,2,3]
SLURM auto-requeueing enabled. Setting signal handlers.
[I 2024-11-05 06:53:35,717] Trial 298 finished with value: 0.3071630597114563 and parameters: {'hidden_dim': 168, 'n_layers': 1, 'dropout': 0.2725409077340539, 'input_chunk_length': 97, 'learning_rate': 0.0023985262507728923, 'batch_size': 32}. Best is trial 1 with value: 0.09405231475830078.
GPU available: True (cuda), used: True
TPU available: False, using: 0 TPU cores
HPU available: False, using: 0 HPUs
LOCAL_RANK: 0 - CUDA_VISIBLE_DEVICES: [0,1,2,3]
SLURM auto-requeueing enabled. Setting signal handlers.
Monitored metric train_loss did not improve in the last 355 records. Best score: 0.020. Signaling Trainer to stop.
GPU available: True (cuda), used: True
TPU available: False, using: 0 TPU cores
HPU available: False, using: 0 HPUs
LOCAL_RANK: 0 - CUDA_VISIBLE_DEVICES: [0,1,2,3]
SLURM auto-requeueing enabled. Setting signal handlers.
[I 2024-11-05 06:53:57,027] Trial 299 finished with value: 0.42275869846343994 and parameters: {'hidden_dim': 324, 'n_layers': 1, 'dropout': 0.24139774568962538, 'input_chunk_length': 105, 'learning_rate': 0.0026970084044235284, 'batch_size': 32}. Best is trial 1 with value: 0.09405231475830078.
GPU available: True (cuda), used: True
TPU available: False, using: 0 TPU cores
HPU available: False, using: 0 HPUs
LOCAL_RANK: 0 - CUDA_VISIBLE_DEVICES: [0,1,2,3]

   | Name                              | Type                             | Params | Mode 
------------------------------------------------------------------------------------------------
0  | train_metrics                     | MetricCollection                 | 0      | train
1  | val_metrics                       | MetricCollection                 | 0      | train
2  | input_embeddings                  | _MultiEmbedding                  | 0      | train
3  | static_covariates_vsn             | _VariableSelectionNetwork        | 0      | train
4  | encoder_vsn                       | _VariableSelectionNetwork        | 107 K  | train
5  | decoder_vsn                       | _VariableSelectionNetwork        | 102 K  | train
6  | static_context_grn                | _GatedResidualNetwork            | 156 K  | train
7  | static_context_hidden_encoder_grn | _GatedResidualNetwork            | 156 K  | train
8  | static_context_cell_encoder_grn   | _GatedResidualNetwork            | 156 K  | train
9  | static_context_enrichment         | _GatedResidualNetwork            | 156 K  | train
10 | lstm_encoder                      | LSTM                             | 1.2 M  | train
11 | lstm_decoder                      | LSTM                             | 1.2 M  | train
12 | post_lstm_gan                     | _GateAddNorm                     | 78.4 K | train
13 | static_enrichment_grn             | _GatedResidualNetwork            | 195 K  | train
14 | multihead_attn                    | _InterpretableMultiHeadAttention | 97.0 K | train
15 | post_attn_gan                     | _GateAddNorm                     | 78.4 K | train
16 | feed_forward_block                | _GatedResidualNetwork            | 156 K  | train
17 | pre_output_gan                    | _GateAddNorm                     | 78.4 K | train
18 | output_layer                      | Linear                           | 3.4 K  | train
------------------------------------------------------------------------------------------------
4.0 M     Trainable params
0         Non-trainable params
4.0 M     Total params
16.076    Total estimated model params size (MB)
738       Modules in train mode
0         Modules in eval mode
SLURM auto-requeueing enabled. Setting signal handlers.
`Trainer.fit` stopped: `max_epochs=30` reached.
GPU available: True (cuda), used: True
TPU available: False, using: 0 TPU cores
HPU available: False, using: 0 HPUs
LOCAL_RANK: 0 - CUDA_VISIBLE_DEVICES: [0,1,2,3]
SLURM auto-requeueing enabled. Setting signal handlers.
