[I 2024-11-11 21:08:16,388] Trial 284 finished with value: 0.3177506923675537 and parameters: {'hidden_dim': 162, 'n_layers': 3, 'dropout': 0.33972750151334996, 'input_chunk_length': 58, 'learning_rate': 0.0010896625451950299, 'batch_size': 32}. Best is trial 1 with value: 0.11272724717855453.
GPU available: True (cuda), used: True
TPU available: False, using: 0 TPU cores
HPU available: False, using: 0 HPUs
LOCAL_RANK: 0 - CUDA_VISIBLE_DEVICES: [0,1]
SLURM auto-requeueing enabled. Setting signal handlers.
Monitored metric train_loss did not improve in the last 341 records. Best score: 0.049. Signaling Trainer to stop.
GPU available: True (cuda), used: True
TPU available: False, using: 0 TPU cores
HPU available: False, using: 0 HPUs
LOCAL_RANK: 0 - CUDA_VISIBLE_DEVICES: [0,1]
SLURM auto-requeueing enabled. Setting signal handlers.
[I 2024-11-11 21:08:37,455] Trial 285 finished with value: 0.2900584042072296 and parameters: {'hidden_dim': 99, 'n_layers': 1, 'dropout': 0.25162492820587934, 'input_chunk_length': 61, 'learning_rate': 0.001277545550950463, 'batch_size': 32}. Best is trial 1 with value: 0.11272724717855453.
GPU available: True (cuda), used: True
TPU available: False, using: 0 TPU cores
HPU available: False, using: 0 HPUs
LOCAL_RANK: 0 - CUDA_VISIBLE_DEVICES: [0,1]
SLURM auto-requeueing enabled. Setting signal handlers.
Monitored metric train_loss did not improve in the last 342 records. Best score: 0.049. Signaling Trainer to stop.
GPU available: True (cuda), used: True
TPU available: False, using: 0 TPU cores
HPU available: False, using: 0 HPUs
LOCAL_RANK: 0 - CUDA_VISIBLE_DEVICES: [0,1]
SLURM auto-requeueing enabled. Setting signal handlers.
[I 2024-11-11 21:08:59,645] Trial 286 finished with value: 0.1788296103477478 and parameters: {'hidden_dim': 182, 'n_layers': 1, 'dropout': 0.14581869273190928, 'input_chunk_length': 70, 'learning_rate': 0.0007837708071097978, 'batch_size': 32}. Best is trial 1 with value: 0.11272724717855453.
GPU available: True (cuda), used: True
TPU available: False, using: 0 TPU cores
HPU available: False, using: 0 HPUs
LOCAL_RANK: 0 - CUDA_VISIBLE_DEVICES: [0,1]
SLURM auto-requeueing enabled. Setting signal handlers.
Monitored metric train_loss did not improve in the last 343 records. Best score: 0.049. Signaling Trainer to stop.
GPU available: True (cuda), used: True
TPU available: False, using: 0 TPU cores
HPU available: False, using: 0 HPUs
LOCAL_RANK: 0 - CUDA_VISIBLE_DEVICES: [0,1]
SLURM auto-requeueing enabled. Setting signal handlers.
[I 2024-11-11 21:09:21,987] Trial 287 finished with value: 0.2874975800514221 and parameters: {'hidden_dim': 183, 'n_layers': 1, 'dropout': 0.1532035109743077, 'input_chunk_length': 71, 'learning_rate': 0.0006421303647047689, 'batch_size': 32}. Best is trial 1 with value: 0.11272724717855453.
GPU available: True (cuda), used: True
TPU available: False, using: 0 TPU cores
HPU available: False, using: 0 HPUs
LOCAL_RANK: 0 - CUDA_VISIBLE_DEVICES: [0,1]
SLURM auto-requeueing enabled. Setting signal handlers.
Monitored metric train_loss did not improve in the last 344 records. Best score: 0.049. Signaling Trainer to stop.
GPU available: True (cuda), used: True
TPU available: False, using: 0 TPU cores
HPU available: False, using: 0 HPUs
LOCAL_RANK: 0 - CUDA_VISIBLE_DEVICES: [0,1]
SLURM auto-requeueing enabled. Setting signal handlers.
[I 2024-11-11 21:09:44,721] Trial 288 finished with value: 0.2978075444698334 and parameters: {'hidden_dim': 196, 'n_layers': 1, 'dropout': 0.1405191992670692, 'input_chunk_length': 65, 'learning_rate': 0.0007753179982839296, 'batch_size': 32}. Best is trial 1 with value: 0.11272724717855453.
GPU available: True (cuda), used: True
TPU available: False, using: 0 TPU cores
HPU available: False, using: 0 HPUs
LOCAL_RANK: 0 - CUDA_VISIBLE_DEVICES: [0,1]
SLURM auto-requeueing enabled. Setting signal handlers.
Monitored metric train_loss did not improve in the last 345 records. Best score: 0.049. Signaling Trainer to stop.
GPU available: True (cuda), used: True
TPU available: False, using: 0 TPU cores
HPU available: False, using: 0 HPUs
LOCAL_RANK: 0 - CUDA_VISIBLE_DEVICES: [0,1]
SLURM auto-requeueing enabled. Setting signal handlers.
[I 2024-11-11 21:10:09,542] Trial 289 finished with value: 0.2955579161643982 and parameters: {'hidden_dim': 298, 'n_layers': 1, 'dropout': 0.12861765554153695, 'input_chunk_length': 75, 'learning_rate': 0.0009031700516203311, 'batch_size': 64}. Best is trial 1 with value: 0.11272724717855453.
GPU available: True (cuda), used: True
TPU available: False, using: 0 TPU cores
HPU available: False, using: 0 HPUs
LOCAL_RANK: 0 - CUDA_VISIBLE_DEVICES: [0,1]
SLURM auto-requeueing enabled. Setting signal handlers.
Monitored metric train_loss did not improve in the last 346 records. Best score: 0.049. Signaling Trainer to stop.
GPU available: True (cuda), used: True
TPU available: False, using: 0 TPU cores
HPU available: False, using: 0 HPUs
LOCAL_RANK: 0 - CUDA_VISIBLE_DEVICES: [0,1]
SLURM auto-requeueing enabled. Setting signal handlers.
[I 2024-11-11 21:10:33,587] Trial 290 finished with value: 0.2970465123653412 and parameters: {'hidden_dim': 273, 'n_layers': 1, 'dropout': 0.14467018917839547, 'input_chunk_length': 68, 'learning_rate': 0.0007780089326220895, 'batch_size': 32}. Best is trial 1 with value: 0.11272724717855453.
GPU available: True (cuda), used: True
TPU available: False, using: 0 TPU cores
HPU available: False, using: 0 HPUs
LOCAL_RANK: 0 - CUDA_VISIBLE_DEVICES: [0,1]
SLURM auto-requeueing enabled. Setting signal handlers.
Monitored metric train_loss did not improve in the last 347 records. Best score: 0.049. Signaling Trainer to stop.
GPU available: True (cuda), used: True
TPU available: False, using: 0 TPU cores
HPU available: False, using: 0 HPUs
LOCAL_RANK: 0 - CUDA_VISIBLE_DEVICES: [0,1]
SLURM auto-requeueing enabled. Setting signal handlers.
[I 2024-11-11 21:10:59,976] Trial 291 finished with value: 0.15633970499038696 and parameters: {'hidden_dim': 173, 'n_layers': 1, 'dropout': 0.10723974640868608, 'input_chunk_length': 98, 'learning_rate': 0.0005567420514164185, 'batch_size': 32}. Best is trial 1 with value: 0.11272724717855453.
GPU available: True (cuda), used: True
TPU available: False, using: 0 TPU cores
HPU available: False, using: 0 HPUs
LOCAL_RANK: 0 - CUDA_VISIBLE_DEVICES: [0,1]
SLURM auto-requeueing enabled. Setting signal handlers.
Monitored metric train_loss did not improve in the last 348 records. Best score: 0.049. Signaling Trainer to stop.
GPU available: True (cuda), used: True
TPU available: False, using: 0 TPU cores
HPU available: False, using: 0 HPUs
LOCAL_RANK: 0 - CUDA_VISIBLE_DEVICES: [0,1]
SLURM auto-requeueing enabled. Setting signal handlers.
[I 2024-11-11 21:11:26,358] Trial 292 finished with value: 0.2179826945066452 and parameters: {'hidden_dim': 177, 'n_layers': 1, 'dropout': 0.10979567145594929, 'input_chunk_length': 85, 'learning_rate': 0.0006315045839235536, 'batch_size': 32}. Best is trial 1 with value: 0.11272724717855453.
GPU available: True (cuda), used: True
TPU available: False, using: 0 TPU cores
HPU available: False, using: 0 HPUs
LOCAL_RANK: 0 - CUDA_VISIBLE_DEVICES: [0,1]
SLURM auto-requeueing enabled. Setting signal handlers.
Monitored metric train_loss did not improve in the last 349 records. Best score: 0.049. Signaling Trainer to stop.
GPU available: True (cuda), used: True
TPU available: False, using: 0 TPU cores
HPU available: False, using: 0 HPUs
LOCAL_RANK: 0 - CUDA_VISIBLE_DEVICES: [0,1]
SLURM auto-requeueing enabled. Setting signal handlers.
[I 2024-11-11 21:11:49,814] Trial 293 finished with value: 0.2058100700378418 and parameters: {'hidden_dim': 178, 'n_layers': 1, 'dropout': 0.09828404817849828, 'input_chunk_length': 87, 'learning_rate': 0.0005226036640263217, 'batch_size': 32}. Best is trial 1 with value: 0.11272724717855453.
GPU available: True (cuda), used: True
TPU available: False, using: 0 TPU cores
HPU available: False, using: 0 HPUs
LOCAL_RANK: 0 - CUDA_VISIBLE_DEVICES: [0,1]
SLURM auto-requeueing enabled. Setting signal handlers.
Monitored metric train_loss did not improve in the last 350 records. Best score: 0.049. Signaling Trainer to stop.
GPU available: True (cuda), used: True
TPU available: False, using: 0 TPU cores
HPU available: False, using: 0 HPUs
LOCAL_RANK: 0 - CUDA_VISIBLE_DEVICES: [0,1]
SLURM auto-requeueing enabled. Setting signal handlers.
[I 2024-11-11 21:12:15,694] Trial 294 finished with value: 0.30298930406570435 and parameters: {'hidden_dim': 186, 'n_layers': 1, 'dropout': 0.10452345602450344, 'input_chunk_length': 86, 'learning_rate': 0.0005291397226016211, 'batch_size': 32}. Best is trial 1 with value: 0.11272724717855453.
GPU available: True (cuda), used: True
TPU available: False, using: 0 TPU cores
HPU available: False, using: 0 HPUs
LOCAL_RANK: 0 - CUDA_VISIBLE_DEVICES: [0,1]
SLURM auto-requeueing enabled. Setting signal handlers.
Monitored metric train_loss did not improve in the last 351 records. Best score: 0.049. Signaling Trainer to stop.
GPU available: True (cuda), used: True
TPU available: False, using: 0 TPU cores
HPU available: False, using: 0 HPUs
LOCAL_RANK: 0 - CUDA_VISIBLE_DEVICES: [0,1]
SLURM auto-requeueing enabled. Setting signal handlers.
[I 2024-11-11 21:12:38,457] Trial 295 finished with value: 0.29319489002227783 and parameters: {'hidden_dim': 173, 'n_layers': 1, 'dropout': 0.11032595286654906, 'input_chunk_length': 88, 'learning_rate': 0.0005405648890807982, 'batch_size': 32}. Best is trial 1 with value: 0.11272724717855453.
GPU available: True (cuda), used: True
TPU available: False, using: 0 TPU cores
HPU available: False, using: 0 HPUs
LOCAL_RANK: 0 - CUDA_VISIBLE_DEVICES: [0,1]
SLURM auto-requeueing enabled. Setting signal handlers.
Monitored metric train_loss did not improve in the last 352 records. Best score: 0.049. Signaling Trainer to stop.
GPU available: True (cuda), used: True
TPU available: False, using: 0 TPU cores
HPU available: False, using: 0 HPUs
LOCAL_RANK: 0 - CUDA_VISIBLE_DEVICES: [0,1]
SLURM auto-requeueing enabled. Setting signal handlers.
[I 2024-11-11 21:13:02,996] Trial 296 finished with value: 0.3111538589000702 and parameters: {'hidden_dim': 191, 'n_layers': 1, 'dropout': 0.09835192847303646, 'input_chunk_length': 97, 'learning_rate': 0.00041924701092293593, 'batch_size': 64}. Best is trial 1 with value: 0.11272724717855453.
GPU available: True (cuda), used: True
TPU available: False, using: 0 TPU cores
HPU available: False, using: 0 HPUs
LOCAL_RANK: 0 - CUDA_VISIBLE_DEVICES: [0,1]
SLURM auto-requeueing enabled. Setting signal handlers.
Monitored metric train_loss did not improve in the last 353 records. Best score: 0.049. Signaling Trainer to stop.
GPU available: True (cuda), used: True
TPU available: False, using: 0 TPU cores
HPU available: False, using: 0 HPUs
LOCAL_RANK: 0 - CUDA_VISIBLE_DEVICES: [0,1]
SLURM auto-requeueing enabled. Setting signal handlers.
[I 2024-11-11 21:13:26,295] Trial 297 finished with value: 0.29151228070259094 and parameters: {'hidden_dim': 178, 'n_layers': 1, 'dropout': 0.117589619433007, 'input_chunk_length': 92, 'learning_rate': 0.00045656140232623707, 'batch_size': 32}. Best is trial 1 with value: 0.11272724717855453.
GPU available: True (cuda), used: True
TPU available: False, using: 0 TPU cores
HPU available: False, using: 0 HPUs
LOCAL_RANK: 0 - CUDA_VISIBLE_DEVICES: [0,1]
SLURM auto-requeueing enabled. Setting signal handlers.
Monitored metric train_loss did not improve in the last 354 records. Best score: 0.049. Signaling Trainer to stop.
GPU available: True (cuda), used: True
TPU available: False, using: 0 TPU cores
HPU available: False, using: 0 HPUs
LOCAL_RANK: 0 - CUDA_VISIBLE_DEVICES: [0,1]
SLURM auto-requeueing enabled. Setting signal handlers.
[I 2024-11-11 21:13:50,023] Trial 298 finished with value: 0.27710458636283875 and parameters: {'hidden_dim': 204, 'n_layers': 1, 'dropout': 0.10218705858640587, 'input_chunk_length': 84, 'learning_rate': 0.0005896481513246061, 'batch_size': 32}. Best is trial 1 with value: 0.11272724717855453.
GPU available: True (cuda), used: True
TPU available: False, using: 0 TPU cores
HPU available: False, using: 0 HPUs
LOCAL_RANK: 0 - CUDA_VISIBLE_DEVICES: [0,1]
SLURM auto-requeueing enabled. Setting signal handlers.
Monitored metric train_loss did not improve in the last 355 records. Best score: 0.049. Signaling Trainer to stop.
GPU available: True (cuda), used: True
TPU available: False, using: 0 TPU cores
HPU available: False, using: 0 HPUs
LOCAL_RANK: 0 - CUDA_VISIBLE_DEVICES: [0,1]
SLURM auto-requeueing enabled. Setting signal handlers.
[I 2024-11-11 21:14:12,839] Trial 299 finished with value: 0.201795756816864 and parameters: {'hidden_dim': 182, 'n_layers': 1, 'dropout': 0.09483730790733065, 'input_chunk_length': 83, 'learning_rate': 0.0006081564738249504, 'batch_size': 32}. Best is trial 1 with value: 0.11272724717855453.
GPU available: True (cuda), used: True
TPU available: False, using: 0 TPU cores
HPU available: False, using: 0 HPUs
LOCAL_RANK: 0 - CUDA_VISIBLE_DEVICES: [0,1]

   | Name                              | Type                             | Params | Mode 
------------------------------------------------------------------------------------------------
0  | train_metrics                     | MetricCollection                 | 0      | train
1  | val_metrics                       | MetricCollection                 | 0      | train
2  | input_embeddings                  | _MultiEmbedding                  | 0      | train
3  | static_covariates_vsn             | _VariableSelectionNetwork        | 0      | train
4  | encoder_vsn                       | _VariableSelectionNetwork        | 178 K  | train
5  | decoder_vsn                       | _VariableSelectionNetwork        | 169 K  | train
6  | static_context_grn                | _GatedResidualNetwork            | 456 K  | train
7  | static_context_hidden_encoder_grn | _GatedResidualNetwork            | 456 K  | train
8  | static_context_cell_encoder_grn   | _GatedResidualNetwork            | 456 K  | train
9  | static_context_enrichment         | _GatedResidualNetwork            | 456 K  | train
10 | lstm_encoder                      | LSTM                             | 911 K  | train
11 | lstm_decoder                      | LSTM                             | 911 K  | train
12 | post_lstm_gan                     | _GateAddNorm                     | 228 K  | train
13 | static_enrichment_grn             | _GatedResidualNetwork            | 569 K  | train
14 | multihead_attn                    | _InterpretableMultiHeadAttention | 283 K  | train
15 | post_attn_gan                     | _GateAddNorm                     | 228 K  | train
16 | feed_forward_block                | _GatedResidualNetwork            | 456 K  | train
17 | pre_output_gan                    | _GateAddNorm                     | 228 K  | train
18 | output_layer                      | Linear                           | 5.7 K  | train
------------------------------------------------------------------------------------------------
6.0 M     Trainable params
0         Non-trainable params
6.0 M     Total params
23.985    Total estimated model params size (MB)
738       Modules in train mode
0         Modules in eval mode
SLURM auto-requeueing enabled. Setting signal handlers.
`Trainer.fit` stopped: `max_epochs=15` reached.
GPU available: True (cuda), used: True
TPU available: False, using: 0 TPU cores
HPU available: False, using: 0 HPUs
LOCAL_RANK: 0 - CUDA_VISIBLE_DEVICES: [0,1]
SLURM auto-requeueing enabled. Setting signal handlers.
