GpuFreq=control_disabled
[I 2024-11-11 11:06:38,371] A new study created in memory with name: no-name-ad87c396-0067-44bf-92b6-2d5f20cc10b7
/pfs/data5/home/tu/tu_tu/tu_zxoul27/micromamba/envs/power/lib/python3.12/site-packages/torch/random.py:167: UserWarning: CUDA reports that you have 2 available devices, and you have used fork_rng without explicitly specifying which devices are being used. For safety, we initialize *every* CUDA device by default, which can be quite slow if you have a lot of CUDAs. If you know that you are only making use of a few CUDA devices, set the environment variable CUDA_VISIBLE_DEVICES or the 'devices' keyword argument of fork_rng with the set of devices you are actually using. For example, if you are using CPU only, set device.upper()_VISIBLE_DEVICES= or devices=[]; if you are using device 0 only, set CUDA_VISIBLE_DEVICES=0 or devices=[0].  To initialize all devices and suppress this warning, set the 'devices' keyword argument to `range(torch.cuda.device_count())`.
  warnings.warn(message)
GPU available: True (cuda), used: True
TPU available: False, using: 0 TPU cores
HPU available: False, using: 0 HPUs
LOCAL_RANK: 0 - CUDA_VISIBLE_DEVICES: [0,1]
SLURM auto-requeueing enabled. Setting signal handlers.
Metric train_loss improved. New best score: 0.360
Metric train_loss improved by 0.052 >= min_delta = 0.0. New best score: 0.307
Metric train_loss improved by 0.069 >= min_delta = 0.0. New best score: 0.239
Metric train_loss improved by 0.015 >= min_delta = 0.0. New best score: 0.223
Metric train_loss improved by 0.013 >= min_delta = 0.0. New best score: 0.210
Metric train_loss improved by 0.077 >= min_delta = 0.0. New best score: 0.133
Metric train_loss improved by 0.004 >= min_delta = 0.0. New best score: 0.128
`Trainer.fit` stopped: `max_epochs=15` reached.
GPU available: True (cuda), used: True
TPU available: False, using: 0 TPU cores
HPU available: False, using: 0 HPUs
LOCAL_RANK: 0 - CUDA_VISIBLE_DEVICES: [0,1]
SLURM auto-requeueing enabled. Setting signal handlers.
[I 2024-11-11 11:08:24,057] Trial 0 finished with value: 0.2679454982280731 and parameters: {'hidden_dim': 100, 'n_layers': 1, 'dropout': 0.05092512542616251, 'input_chunk_length': 86, 'learning_rate': 8.151513777373123e-05, 'batch_size': 64}. Best is trial 0 with value: 0.2679454982280731.
GPU available: True (cuda), used: True
TPU available: False, using: 0 TPU cores
HPU available: False, using: 0 HPUs
LOCAL_RANK: 0 - CUDA_VISIBLE_DEVICES: [0,1]
SLURM auto-requeueing enabled. Setting signal handlers.
Metric train_loss improved by 0.023 >= min_delta = 0.0. New best score: 0.106
Metric train_loss improved by 0.021 >= min_delta = 0.0. New best score: 0.085
`Trainer.fit` stopped: `max_epochs=15` reached.
GPU available: True (cuda), used: True
TPU available: False, using: 0 TPU cores
HPU available: False, using: 0 HPUs
LOCAL_RANK: 0 - CUDA_VISIBLE_DEVICES: [0,1]
SLURM auto-requeueing enabled. Setting signal handlers.
[I 2024-11-11 11:14:23,642] Trial 1 finished with value: 0.19128413498401642 and parameters: {'hidden_dim': 418, 'n_layers': 5, 'dropout': 0.12983332448636148, 'input_chunk_length': 111, 'learning_rate': 0.0002677913745928505, 'batch_size': 64}. Best is trial 1 with value: 0.19128413498401642.
GPU available: True (cuda), used: True
TPU available: False, using: 0 TPU cores
HPU available: False, using: 0 HPUs
LOCAL_RANK: 0 - CUDA_VISIBLE_DEVICES: [0,1]
SLURM auto-requeueing enabled. Setting signal handlers.
`Trainer.fit` stopped: `max_epochs=15` reached.
GPU available: True (cuda), used: True
TPU available: False, using: 0 TPU cores
HPU available: False, using: 0 HPUs
LOCAL_RANK: 0 - CUDA_VISIBLE_DEVICES: [0,1]
SLURM auto-requeueing enabled. Setting signal handlers.
[I 2024-11-11 11:17:00,755] Trial 2 finished with value: 0.2992140054702759 and parameters: {'hidden_dim': 93, 'n_layers': 6, 'dropout': 0.24725871545597228, 'input_chunk_length': 120, 'learning_rate': 2.4277384239577017e-05, 'batch_size': 32}. Best is trial 1 with value: 0.19128413498401642.
GPU available: True (cuda), used: True
TPU available: False, using: 0 TPU cores
HPU available: False, using: 0 HPUs
LOCAL_RANK: 0 - CUDA_VISIBLE_DEVICES: [0,1]
SLURM auto-requeueing enabled. Setting signal handlers.
`Trainer.fit` stopped: `max_epochs=15` reached.
GPU available: True (cuda), used: True
TPU available: False, using: 0 TPU cores
HPU available: False, using: 0 HPUs
LOCAL_RANK: 0 - CUDA_VISIBLE_DEVICES: [0,1]
SLURM auto-requeueing enabled. Setting signal handlers.
[I 2024-11-11 11:24:08,105] Trial 3 finished with value: 0.2915817201137543 and parameters: {'hidden_dim': 512, 'n_layers': 2, 'dropout': 0.454248132924563, 'input_chunk_length': 133, 'learning_rate': 2.557190124009171e-05, 'batch_size': 64}. Best is trial 1 with value: 0.19128413498401642.
GPU available: True (cuda), used: True
TPU available: False, using: 0 TPU cores
HPU available: False, using: 0 HPUs
LOCAL_RANK: 0 - CUDA_VISIBLE_DEVICES: [0,1]
SLURM auto-requeueing enabled. Setting signal handlers.
`Trainer.fit` stopped: `max_epochs=15` reached.
GPU available: True (cuda), used: True
TPU available: False, using: 0 TPU cores
HPU available: False, using: 0 HPUs
LOCAL_RANK: 0 - CUDA_VISIBLE_DEVICES: [0,1]
SLURM auto-requeueing enabled. Setting signal handlers.
[I 2024-11-11 11:26:40,235] Trial 4 finished with value: 0.2597988545894623 and parameters: {'hidden_dim': 252, 'n_layers': 1, 'dropout': 0.26154966998781715, 'input_chunk_length': 59, 'learning_rate': 1.3893722492639403e-05, 'batch_size': 32}. Best is trial 1 with value: 0.19128413498401642.
GPU available: True (cuda), used: True
TPU available: False, using: 0 TPU cores
HPU available: False, using: 0 HPUs
LOCAL_RANK: 0 - CUDA_VISIBLE_DEVICES: [0,1]
SLURM auto-requeueing enabled. Setting signal handlers.
Monitored metric train_loss did not improve in the last 60 records. Best score: 0.085. Signaling Trainer to stop.
GPU available: True (cuda), used: True
TPU available: False, using: 0 TPU cores
HPU available: False, using: 0 HPUs
LOCAL_RANK: 0 - CUDA_VISIBLE_DEVICES: [0,1]
SLURM auto-requeueing enabled. Setting signal handlers.
[I 2024-11-11 11:28:38,240] Trial 5 finished with value: 0.3213392496109009 and parameters: {'hidden_dim': 255, 'n_layers': 2, 'dropout': 0.38760451720690636, 'input_chunk_length': 109, 'learning_rate': 1.3959251319395158e-05, 'batch_size': 64}. Best is trial 1 with value: 0.19128413498401642.
GPU available: True (cuda), used: True
TPU available: False, using: 0 TPU cores
HPU available: False, using: 0 HPUs
LOCAL_RANK: 0 - CUDA_VISIBLE_DEVICES: [0,1]
SLURM auto-requeueing enabled. Setting signal handlers.
Monitored metric train_loss did not improve in the last 61 records. Best score: 0.085. Signaling Trainer to stop.
GPU available: True (cuda), used: True
TPU available: False, using: 0 TPU cores
HPU available: False, using: 0 HPUs
LOCAL_RANK: 0 - CUDA_VISIBLE_DEVICES: [0,1]
SLURM auto-requeueing enabled. Setting signal handlers.
[I 2024-11-11 11:28:59,233] Trial 6 finished with value: 0.30650392174720764 and parameters: {'hidden_dim': 75, 'n_layers': 6, 'dropout': 0.03722789130953308, 'input_chunk_length': 134, 'learning_rate': 0.0020749439863992905, 'batch_size': 64}. Best is trial 1 with value: 0.19128413498401642.
GPU available: True (cuda), used: True
TPU available: False, using: 0 TPU cores
HPU available: False, using: 0 HPUs
LOCAL_RANK: 0 - CUDA_VISIBLE_DEVICES: [0,1]
SLURM auto-requeueing enabled. Setting signal handlers.
Monitored metric train_loss did not improve in the last 62 records. Best score: 0.085. Signaling Trainer to stop.
GPU available: True (cuda), used: True
TPU available: False, using: 0 TPU cores
HPU available: False, using: 0 HPUs
LOCAL_RANK: 0 - CUDA_VISIBLE_DEVICES: [0,1]
SLURM auto-requeueing enabled. Setting signal handlers.
[I 2024-11-11 11:29:19,484] Trial 7 finished with value: 0.41394686698913574 and parameters: {'hidden_dim': 110, 'n_layers': 3, 'dropout': 0.10373172829117855, 'input_chunk_length': 96, 'learning_rate': 2.0866006329672016e-05, 'batch_size': 32}. Best is trial 1 with value: 0.19128413498401642.
GPU available: True (cuda), used: True
TPU available: False, using: 0 TPU cores
HPU available: False, using: 0 HPUs
LOCAL_RANK: 0 - CUDA_VISIBLE_DEVICES: [0,1]
SLURM auto-requeueing enabled. Setting signal handlers.
Monitored metric train_loss did not improve in the last 63 records. Best score: 0.085. Signaling Trainer to stop.
GPU available: True (cuda), used: True
TPU available: False, using: 0 TPU cores
HPU available: False, using: 0 HPUs
LOCAL_RANK: 0 - CUDA_VISIBLE_DEVICES: [0,1]
SLURM auto-requeueing enabled. Setting signal handlers.
[I 2024-11-11 11:29:39,543] Trial 8 finished with value: 0.3027805685997009 and parameters: {'hidden_dim': 393, 'n_layers': 3, 'dropout': 0.32316785325592323, 'input_chunk_length': 21, 'learning_rate': 5.043385997476441e-05, 'batch_size': 32}. Best is trial 1 with value: 0.19128413498401642.
GPU available: True (cuda), used: True
TPU available: False, using: 0 TPU cores
HPU available: False, using: 0 HPUs
LOCAL_RANK: 0 - CUDA_VISIBLE_DEVICES: [0,1]
SLURM auto-requeueing enabled. Setting signal handlers.
Monitored metric train_loss did not improve in the last 64 records. Best score: 0.085. Signaling Trainer to stop.
GPU available: True (cuda), used: True
TPU available: False, using: 0 TPU cores
HPU available: False, using: 0 HPUs
LOCAL_RANK: 0 - CUDA_VISIBLE_DEVICES: [0,1]
SLURM auto-requeueing enabled. Setting signal handlers.
[I 2024-11-11 11:30:13,369] Trial 9 finished with value: 0.3865789771080017 and parameters: {'hidden_dim': 505, 'n_layers': 1, 'dropout': 0.1780756298129635, 'input_chunk_length': 107, 'learning_rate': 1.005365498505654e-05, 'batch_size': 64}. Best is trial 1 with value: 0.19128413498401642.
GPU available: True (cuda), used: True
TPU available: False, using: 0 TPU cores
HPU available: False, using: 0 HPUs
LOCAL_RANK: 0 - CUDA_VISIBLE_DEVICES: [0,1]
SLURM auto-requeueing enabled. Setting signal handlers.
Monitored metric train_loss did not improve in the last 65 records. Best score: 0.085. Signaling Trainer to stop.
GPU available: True (cuda), used: True
TPU available: False, using: 0 TPU cores
HPU available: False, using: 0 HPUs
LOCAL_RANK: 0 - CUDA_VISIBLE_DEVICES: [0,1]
SLURM auto-requeueing enabled. Setting signal handlers.
[I 2024-11-11 11:30:37,902] Trial 10 finished with value: 0.307876318693161 and parameters: {'hidden_dim': 372, 'n_layers': 5, 'dropout': 0.15463812808507826, 'input_chunk_length': 56, 'learning_rate': 0.0006566593577557859, 'batch_size': 64}. Best is trial 1 with value: 0.19128413498401642.
GPU available: True (cuda), used: True
TPU available: False, using: 0 TPU cores
HPU available: False, using: 0 HPUs
LOCAL_RANK: 0 - CUDA_VISIBLE_DEVICES: [0,1]
SLURM auto-requeueing enabled. Setting signal handlers.
Monitored metric train_loss did not improve in the last 66 records. Best score: 0.085. Signaling Trainer to stop.
GPU available: True (cuda), used: True
TPU available: False, using: 0 TPU cores
HPU available: False, using: 0 HPUs
LOCAL_RANK: 0 - CUDA_VISIBLE_DEVICES: [0,1]
SLURM auto-requeueing enabled. Setting signal handlers.
[I 2024-11-11 11:31:00,334] Trial 11 finished with value: 0.37103718519210815 and parameters: {'hidden_dim': 234, 'n_layers': 4, 'dropout': 0.25628005826307965, 'input_chunk_length': 54, 'learning_rate': 0.009487029637910205, 'batch_size': 32}. Best is trial 1 with value: 0.19128413498401642.
GPU available: True (cuda), used: True
TPU available: False, using: 0 TPU cores
HPU available: False, using: 0 HPUs
LOCAL_RANK: 0 - CUDA_VISIBLE_DEVICES: [0,1]
SLURM auto-requeueing enabled. Setting signal handlers.
Monitored metric train_loss did not improve in the last 67 records. Best score: 0.085. Signaling Trainer to stop.
GPU available: True (cuda), used: True
TPU available: False, using: 0 TPU cores
HPU available: False, using: 0 HPUs
LOCAL_RANK: 0 - CUDA_VISIBLE_DEVICES: [0,1]
SLURM auto-requeueing enabled. Setting signal handlers.
[I 2024-11-11 11:31:27,830] Trial 12 finished with value: 0.2960040271282196 and parameters: {'hidden_dim': 346, 'n_layers': 5, 'dropout': 0.22744272544994398, 'input_chunk_length': 65, 'learning_rate': 0.0002460805067985147, 'batch_size': 32}. Best is trial 1 with value: 0.19128413498401642.
GPU available: True (cuda), used: True
TPU available: False, using: 0 TPU cores
HPU available: False, using: 0 HPUs
LOCAL_RANK: 0 - CUDA_VISIBLE_DEVICES: [0,1]
SLURM auto-requeueing enabled. Setting signal handlers.
Monitored metric train_loss did not improve in the last 68 records. Best score: 0.085. Signaling Trainer to stop.
GPU available: True (cuda), used: True
TPU available: False, using: 0 TPU cores
HPU available: False, using: 0 HPUs
LOCAL_RANK: 0 - CUDA_VISIBLE_DEVICES: [0,1]
SLURM auto-requeueing enabled. Setting signal handlers.
[I 2024-11-11 11:31:47,995] Trial 13 finished with value: 0.26464053988456726 and parameters: {'hidden_dim': 187, 'n_layers': 4, 'dropout': 0.31190354738839077, 'input_chunk_length': 27, 'learning_rate': 0.00018175901954686272, 'batch_size': 32}. Best is trial 1 with value: 0.19128413498401642.
GPU available: True (cuda), used: True
TPU available: False, using: 0 TPU cores
HPU available: False, using: 0 HPUs
LOCAL_RANK: 0 - CUDA_VISIBLE_DEVICES: [0,1]
SLURM auto-requeueing enabled. Setting signal handlers.
Monitored metric train_loss did not improve in the last 69 records. Best score: 0.085. Signaling Trainer to stop.
GPU available: True (cuda), used: True
TPU available: False, using: 0 TPU cores
HPU available: False, using: 0 HPUs
LOCAL_RANK: 0 - CUDA_VISIBLE_DEVICES: [0,1]
SLURM auto-requeueing enabled. Setting signal handlers.
[I 2024-11-11 11:32:19,262] Trial 14 finished with value: 0.32240450382232666 and parameters: {'hidden_dim': 436, 'n_layers': 5, 'dropout': 0.12689819856144216, 'input_chunk_length': 75, 'learning_rate': 0.0007512413023207677, 'batch_size': 64}. Best is trial 1 with value: 0.19128413498401642.
GPU available: True (cuda), used: True
TPU available: False, using: 0 TPU cores
HPU available: False, using: 0 HPUs
LOCAL_RANK: 0 - CUDA_VISIBLE_DEVICES: [0,1]
SLURM auto-requeueing enabled. Setting signal handlers.
Monitored metric train_loss did not improve in the last 70 records. Best score: 0.085. Signaling Trainer to stop.
GPU available: True (cuda), used: True
TPU available: False, using: 0 TPU cores
HPU available: False, using: 0 HPUs
LOCAL_RANK: 0 - CUDA_VISIBLE_DEVICES: [0,1]
SLURM auto-requeueing enabled. Setting signal handlers.
[I 2024-11-11 11:32:40,043] Trial 15 finished with value: 0.3125518560409546 and parameters: {'hidden_dim': 317, 'n_layers': 2, 'dropout': 0.19543349819793404, 'input_chunk_length': 41, 'learning_rate': 0.0032097219972319476, 'batch_size': 32}. Best is trial 1 with value: 0.19128413498401642.
GPU available: True (cuda), used: True
TPU available: False, using: 0 TPU cores
HPU available: False, using: 0 HPUs
LOCAL_RANK: 0 - CUDA_VISIBLE_DEVICES: [0,1]
SLURM auto-requeueing enabled. Setting signal handlers.
Monitored metric train_loss did not improve in the last 71 records. Best score: 0.085. Signaling Trainer to stop.
GPU available: True (cuda), used: True
TPU available: False, using: 0 TPU cores
HPU available: False, using: 0 HPUs
LOCAL_RANK: 0 - CUDA_VISIBLE_DEVICES: [0,1]
SLURM auto-requeueing enabled. Setting signal handlers.
[I 2024-11-11 11:33:14,453] Trial 16 finished with value: 0.3175709545612335 and parameters: {'hidden_dim': 169, 'n_layers': 4, 'dropout': 0.30459459139940503, 'input_chunk_length': 148, 'learning_rate': 7.17750888322142e-05, 'batch_size': 32}. Best is trial 1 with value: 0.19128413498401642.
GPU available: True (cuda), used: True
TPU available: False, using: 0 TPU cores
HPU available: False, using: 0 HPUs
LOCAL_RANK: 0 - CUDA_VISIBLE_DEVICES: [0,1]
SLURM auto-requeueing enabled. Setting signal handlers.
Monitored metric train_loss did not improve in the last 72 records. Best score: 0.085. Signaling Trainer to stop.
GPU available: True (cuda), used: True
TPU available: False, using: 0 TPU cores
HPU available: False, using: 0 HPUs
LOCAL_RANK: 0 - CUDA_VISIBLE_DEVICES: [0,1]
SLURM auto-requeueing enabled. Setting signal handlers.
[I 2024-11-11 11:33:46,238] Trial 17 finished with value: 0.18230657279491425 and parameters: {'hidden_dim': 441, 'n_layers': 3, 'dropout': 0.0008710871075366389, 'input_chunk_length': 88, 'learning_rate': 0.0001391883488110524, 'batch_size': 64}. Best is trial 17 with value: 0.18230657279491425.
GPU available: True (cuda), used: True
TPU available: False, using: 0 TPU cores
HPU available: False, using: 0 HPUs
LOCAL_RANK: 0 - CUDA_VISIBLE_DEVICES: [0,1]
SLURM auto-requeueing enabled. Setting signal handlers.
Monitored metric train_loss did not improve in the last 73 records. Best score: 0.085. Signaling Trainer to stop.
GPU available: True (cuda), used: True
TPU available: False, using: 0 TPU cores
HPU available: False, using: 0 HPUs
LOCAL_RANK: 0 - CUDA_VISIBLE_DEVICES: [0,1]
SLURM auto-requeueing enabled. Setting signal handlers.
[I 2024-11-11 11:34:17,256] Trial 18 finished with value: 0.28568923473358154 and parameters: {'hidden_dim': 434, 'n_layers': 3, 'dropout': 0.08219590924880976, 'input_chunk_length': 88, 'learning_rate': 0.00045005132938367494, 'batch_size': 64}. Best is trial 17 with value: 0.18230657279491425.
GPU available: True (cuda), used: True
TPU available: False, using: 0 TPU cores
HPU available: False, using: 0 HPUs
LOCAL_RANK: 0 - CUDA_VISIBLE_DEVICES: [0,1]
SLURM auto-requeueing enabled. Setting signal handlers.
Monitored metric train_loss did not improve in the last 74 records. Best score: 0.085. Signaling Trainer to stop.
GPU available: True (cuda), used: True
TPU available: False, using: 0 TPU cores
HPU available: False, using: 0 HPUs
LOCAL_RANK: 0 - CUDA_VISIBLE_DEVICES: [0,1]
SLURM auto-requeueing enabled. Setting signal handlers.
[I 2024-11-11 11:34:57,893] Trial 19 finished with value: 0.3153783679008484 and parameters: {'hidden_dim': 445, 'n_layers': 5, 'dropout': 0.0022170742124200398, 'input_chunk_length': 108, 'learning_rate': 0.00016858278600855365, 'batch_size': 64}. Best is trial 17 with value: 0.18230657279491425.
GPU available: True (cuda), used: True
TPU available: False, using: 0 TPU cores
HPU available: False, using: 0 HPUs
LOCAL_RANK: 0 - CUDA_VISIBLE_DEVICES: [0,1]
SLURM auto-requeueing enabled. Setting signal handlers.
Monitored metric train_loss did not improve in the last 75 records. Best score: 0.085. Signaling Trainer to stop.
GPU available: True (cuda), used: True
TPU available: False, using: 0 TPU cores
HPU available: False, using: 0 HPUs
LOCAL_RANK: 0 - CUDA_VISIBLE_DEVICES: [0,1]
SLURM auto-requeueing enabled. Setting signal handlers.
[I 2024-11-11 11:35:26,022] Trial 20 finished with value: 0.33919861912727356 and parameters: {'hidden_dim': 318, 'n_layers': 6, 'dropout': 0.0067009865527901166, 'input_chunk_length': 75, 'learning_rate': 0.0010886103608595723, 'batch_size': 64}. Best is trial 17 with value: 0.18230657279491425.
GPU available: True (cuda), used: True
TPU available: False, using: 0 TPU cores
HPU available: False, using: 0 HPUs
LOCAL_RANK: 0 - CUDA_VISIBLE_DEVICES: [0,1]
SLURM auto-requeueing enabled. Setting signal handlers.
Monitored metric train_loss did not improve in the last 76 records. Best score: 0.085. Signaling Trainer to stop.
GPU available: True (cuda), used: True
TPU available: False, using: 0 TPU cores
HPU available: False, using: 0 HPUs
LOCAL_RANK: 0 - CUDA_VISIBLE_DEVICES: [0,1]
SLURM auto-requeueing enabled. Setting signal handlers.
[I 2024-11-11 11:35:43,896] Trial 21 finished with value: 0.31200259923934937 and parameters: {'hidden_dim': 284, 'n_layers': 1, 'dropout': 0.1337210990478786, 'input_chunk_length': 43, 'learning_rate': 0.00012791414699184794, 'batch_size': 64}. Best is trial 17 with value: 0.18230657279491425.
GPU available: True (cuda), used: True
TPU available: False, using: 0 TPU cores
HPU available: False, using: 0 HPUs
LOCAL_RANK: 0 - CUDA_VISIBLE_DEVICES: [0,1]
SLURM auto-requeueing enabled. Setting signal handlers.
Monitored metric train_loss did not improve in the last 77 records. Best score: 0.085. Signaling Trainer to stop.
GPU available: True (cuda), used: True
TPU available: False, using: 0 TPU cores
HPU available: False, using: 0 HPUs
LOCAL_RANK: 0 - CUDA_VISIBLE_DEVICES: [0,1]
SLURM auto-requeueing enabled. Setting signal handlers.
[I 2024-11-11 11:36:16,064] Trial 22 finished with value: 0.33324578404426575 and parameters: {'hidden_dim': 467, 'n_layers': 2, 'dropout': 0.07707722499909386, 'input_chunk_length': 96, 'learning_rate': 5.0420096801763045e-05, 'batch_size': 64}. Best is trial 17 with value: 0.18230657279491425.
GPU available: True (cuda), used: True
TPU available: False, using: 0 TPU cores
HPU available: False, using: 0 HPUs
LOCAL_RANK: 0 - CUDA_VISIBLE_DEVICES: [0,1]
SLURM auto-requeueing enabled. Setting signal handlers.
Monitored metric train_loss did not improve in the last 78 records. Best score: 0.085. Signaling Trainer to stop.
GPU available: True (cuda), used: True
TPU available: False, using: 0 TPU cores
HPU available: False, using: 0 HPUs
LOCAL_RANK: 0 - CUDA_VISIBLE_DEVICES: [0,1]
SLURM auto-requeueing enabled. Setting signal handlers.
