[I 2024-11-04 18:57:51,419] Trial 197 finished with value: 0.5316973924636841 and parameters: {'hidden_dim': 161, 'n_layers': 1, 'dropout': 0.0039960557064410845, 'input_chunk_length': 61, 'learning_rate': 1.0266880467154303e-05, 'batch_size': 32}. Best is trial 97 with value: 0.2797769606113434.
GPU available: True (cuda), used: True
TPU available: False, using: 0 TPU cores
HPU available: False, using: 0 HPUs
LOCAL_RANK: 0 - CUDA_VISIBLE_DEVICES: [0,1,2,3]
SLURM auto-requeueing enabled. Setting signal handlers.
Monitored metric train_loss did not improve in the last 257 records. Best score: 0.105. Signaling Trainer to stop.
GPU available: True (cuda), used: True
TPU available: False, using: 0 TPU cores
HPU available: False, using: 0 HPUs
LOCAL_RANK: 0 - CUDA_VISIBLE_DEVICES: [0,1,2,3]
SLURM auto-requeueing enabled. Setting signal handlers.
[I 2024-11-04 18:58:05,167] Trial 198 finished with value: 0.3864109516143799 and parameters: {'hidden_dim': 194, 'n_layers': 1, 'dropout': 0.015522089003381248, 'input_chunk_length': 58, 'learning_rate': 6.351141039893796e-05, 'batch_size': 64}. Best is trial 97 with value: 0.2797769606113434.
GPU available: True (cuda), used: True
TPU available: False, using: 0 TPU cores
HPU available: False, using: 0 HPUs
LOCAL_RANK: 0 - CUDA_VISIBLE_DEVICES: [0,1,2,3]
SLURM auto-requeueing enabled. Setting signal handlers.
Monitored metric train_loss did not improve in the last 258 records. Best score: 0.105. Signaling Trainer to stop.
GPU available: True (cuda), used: True
TPU available: False, using: 0 TPU cores
HPU available: False, using: 0 HPUs
LOCAL_RANK: 0 - CUDA_VISIBLE_DEVICES: [0,1,2,3]
SLURM auto-requeueing enabled. Setting signal handlers.
[I 2024-11-04 18:58:22,774] Trial 199 finished with value: 0.3205406665802002 and parameters: {'hidden_dim': 170, 'n_layers': 6, 'dropout': 0.1848942104764896, 'input_chunk_length': 55, 'learning_rate': 0.00017697312075805566, 'batch_size': 32}. Best is trial 97 with value: 0.2797769606113434.
GPU available: True (cuda), used: True
TPU available: False, using: 0 TPU cores
HPU available: False, using: 0 HPUs
LOCAL_RANK: 0 - CUDA_VISIBLE_DEVICES: [0,1,2,3]
SLURM auto-requeueing enabled. Setting signal handlers.
Monitored metric train_loss did not improve in the last 259 records. Best score: 0.105. Signaling Trainer to stop.
GPU available: True (cuda), used: True
TPU available: False, using: 0 TPU cores
HPU available: False, using: 0 HPUs
LOCAL_RANK: 0 - CUDA_VISIBLE_DEVICES: [0,1,2,3]
SLURM auto-requeueing enabled. Setting signal handlers.
[I 2024-11-04 18:58:37,706] Trial 200 finished with value: 0.2998783588409424 and parameters: {'hidden_dim': 202, 'n_layers': 1, 'dropout': 0.0020451290879086037, 'input_chunk_length': 51, 'learning_rate': 0.00031480878845794924, 'batch_size': 32}. Best is trial 97 with value: 0.2797769606113434.
GPU available: True (cuda), used: True
TPU available: False, using: 0 TPU cores
HPU available: False, using: 0 HPUs
LOCAL_RANK: 0 - CUDA_VISIBLE_DEVICES: [0,1,2,3]
SLURM auto-requeueing enabled. Setting signal handlers.
Monitored metric train_loss did not improve in the last 260 records. Best score: 0.105. Signaling Trainer to stop.
GPU available: True (cuda), used: True
TPU available: False, using: 0 TPU cores
HPU available: False, using: 0 HPUs
LOCAL_RANK: 0 - CUDA_VISIBLE_DEVICES: [0,1,2,3]
SLURM auto-requeueing enabled. Setting signal handlers.
[I 2024-11-04 18:58:51,981] Trial 201 finished with value: 0.3322560489177704 and parameters: {'hidden_dim': 158, 'n_layers': 1, 'dropout': 0.007523165807045699, 'input_chunk_length': 51, 'learning_rate': 0.0003446161073453842, 'batch_size': 32}. Best is trial 97 with value: 0.2797769606113434.
GPU available: True (cuda), used: True
TPU available: False, using: 0 TPU cores
HPU available: False, using: 0 HPUs
LOCAL_RANK: 0 - CUDA_VISIBLE_DEVICES: [0,1,2,3]
SLURM auto-requeueing enabled. Setting signal handlers.
Monitored metric train_loss did not improve in the last 261 records. Best score: 0.105. Signaling Trainer to stop.
GPU available: True (cuda), used: True
TPU available: False, using: 0 TPU cores
HPU available: False, using: 0 HPUs
LOCAL_RANK: 0 - CUDA_VISIBLE_DEVICES: [0,1,2,3]
SLURM auto-requeueing enabled. Setting signal handlers.
[I 2024-11-04 18:59:05,754] Trial 202 finished with value: 0.3391551375389099 and parameters: {'hidden_dim': 186, 'n_layers': 1, 'dropout': 0.0015637814037251629, 'input_chunk_length': 47, 'learning_rate': 0.00021364249780697584, 'batch_size': 32}. Best is trial 97 with value: 0.2797769606113434.
GPU available: True (cuda), used: True
TPU available: False, using: 0 TPU cores
HPU available: False, using: 0 HPUs
LOCAL_RANK: 0 - CUDA_VISIBLE_DEVICES: [0,1,2,3]
SLURM auto-requeueing enabled. Setting signal handlers.
Monitored metric train_loss did not improve in the last 262 records. Best score: 0.105. Signaling Trainer to stop.
GPU available: True (cuda), used: True
TPU available: False, using: 0 TPU cores
HPU available: False, using: 0 HPUs
LOCAL_RANK: 0 - CUDA_VISIBLE_DEVICES: [0,1,2,3]
SLURM auto-requeueing enabled. Setting signal handlers.
[I 2024-11-04 18:59:20,052] Trial 203 finished with value: 0.3889407217502594 and parameters: {'hidden_dim': 211, 'n_layers': 1, 'dropout': 0.019907543821646764, 'input_chunk_length': 56, 'learning_rate': 0.00027854106014458684, 'batch_size': 32}. Best is trial 97 with value: 0.2797769606113434.
GPU available: True (cuda), used: True
TPU available: False, using: 0 TPU cores
HPU available: False, using: 0 HPUs
LOCAL_RANK: 0 - CUDA_VISIBLE_DEVICES: [0,1,2,3]
SLURM auto-requeueing enabled. Setting signal handlers.
Monitored metric train_loss did not improve in the last 263 records. Best score: 0.105. Signaling Trainer to stop.
GPU available: True (cuda), used: True
TPU available: False, using: 0 TPU cores
HPU available: False, using: 0 HPUs
LOCAL_RANK: 0 - CUDA_VISIBLE_DEVICES: [0,1,2,3]
SLURM auto-requeueing enabled. Setting signal handlers.
[I 2024-11-04 18:59:34,754] Trial 204 finished with value: 0.34668245911598206 and parameters: {'hidden_dim': 181, 'n_layers': 1, 'dropout': 0.03030761738643397, 'input_chunk_length': 51, 'learning_rate': 0.00031725326503043405, 'batch_size': 32}. Best is trial 97 with value: 0.2797769606113434.
GPU available: True (cuda), used: True
TPU available: False, using: 0 TPU cores
HPU available: False, using: 0 HPUs
LOCAL_RANK: 0 - CUDA_VISIBLE_DEVICES: [0,1,2,3]
SLURM auto-requeueing enabled. Setting signal handlers.
Monitored metric train_loss did not improve in the last 264 records. Best score: 0.105. Signaling Trainer to stop.
GPU available: True (cuda), used: True
TPU available: False, using: 0 TPU cores
HPU available: False, using: 0 HPUs
LOCAL_RANK: 0 - CUDA_VISIBLE_DEVICES: [0,1,2,3]
SLURM auto-requeueing enabled. Setting signal handlers.
[I 2024-11-04 18:59:48,785] Trial 205 finished with value: 0.341966837644577 and parameters: {'hidden_dim': 142, 'n_layers': 1, 'dropout': 0.011573943927746012, 'input_chunk_length': 45, 'learning_rate': 0.0005186650220076906, 'batch_size': 32}. Best is trial 97 with value: 0.2797769606113434.
GPU available: True (cuda), used: True
TPU available: False, using: 0 TPU cores
HPU available: False, using: 0 HPUs
LOCAL_RANK: 0 - CUDA_VISIBLE_DEVICES: [0,1,2,3]
SLURM auto-requeueing enabled. Setting signal handlers.
Monitored metric train_loss did not improve in the last 265 records. Best score: 0.105. Signaling Trainer to stop.
GPU available: True (cuda), used: True
TPU available: False, using: 0 TPU cores
HPU available: False, using: 0 HPUs
LOCAL_RANK: 0 - CUDA_VISIBLE_DEVICES: [0,1,2,3]
SLURM auto-requeueing enabled. Setting signal handlers.
[I 2024-11-04 19:00:04,236] Trial 206 finished with value: 0.3209328055381775 and parameters: {'hidden_dim': 131, 'n_layers': 6, 'dropout': 0.01892353550965177, 'input_chunk_length': 53, 'learning_rate': 0.00031039600131926403, 'batch_size': 32}. Best is trial 97 with value: 0.2797769606113434.
GPU available: True (cuda), used: True
TPU available: False, using: 0 TPU cores
HPU available: False, using: 0 HPUs
LOCAL_RANK: 0 - CUDA_VISIBLE_DEVICES: [0,1,2,3]
SLURM auto-requeueing enabled. Setting signal handlers.
Monitored metric train_loss did not improve in the last 266 records. Best score: 0.105. Signaling Trainer to stop.
GPU available: True (cuda), used: True
TPU available: False, using: 0 TPU cores
HPU available: False, using: 0 HPUs
LOCAL_RANK: 0 - CUDA_VISIBLE_DEVICES: [0,1,2,3]
SLURM auto-requeueing enabled. Setting signal handlers.
[I 2024-11-04 19:00:19,649] Trial 207 finished with value: 0.3182932436466217 and parameters: {'hidden_dim': 167, 'n_layers': 1, 'dropout': 0.027363056236658446, 'input_chunk_length': 133, 'learning_rate': 0.0002602106689103829, 'batch_size': 32}. Best is trial 97 with value: 0.2797769606113434.
GPU available: True (cuda), used: True
TPU available: False, using: 0 TPU cores
HPU available: False, using: 0 HPUs
LOCAL_RANK: 0 - CUDA_VISIBLE_DEVICES: [0,1,2,3]
SLURM auto-requeueing enabled. Setting signal handlers.
Monitored metric train_loss did not improve in the last 267 records. Best score: 0.105. Signaling Trainer to stop.
GPU available: True (cuda), used: True
TPU available: False, using: 0 TPU cores
HPU available: False, using: 0 HPUs
LOCAL_RANK: 0 - CUDA_VISIBLE_DEVICES: [0,1,2,3]
SLURM auto-requeueing enabled. Setting signal handlers.
[I 2024-11-04 19:00:34,469] Trial 208 finished with value: 0.3387221097946167 and parameters: {'hidden_dim': 150, 'n_layers': 4, 'dropout': 0.00911158116240268, 'input_chunk_length': 64, 'learning_rate': 9.042897925084339e-05, 'batch_size': 32}. Best is trial 97 with value: 0.2797769606113434.
GPU available: True (cuda), used: True
TPU available: False, using: 0 TPU cores
HPU available: False, using: 0 HPUs
LOCAL_RANK: 0 - CUDA_VISIBLE_DEVICES: [0,1,2,3]
SLURM auto-requeueing enabled. Setting signal handlers.
Monitored metric train_loss did not improve in the last 268 records. Best score: 0.105. Signaling Trainer to stop.
GPU available: True (cuda), used: True
TPU available: False, using: 0 TPU cores
HPU available: False, using: 0 HPUs
LOCAL_RANK: 0 - CUDA_VISIBLE_DEVICES: [0,1,2,3]
SLURM auto-requeueing enabled. Setting signal handlers.
[I 2024-11-04 19:00:47,440] Trial 209 finished with value: 0.4600253999233246 and parameters: {'hidden_dim': 180, 'n_layers': 1, 'dropout': 0.001426227199266548, 'input_chunk_length': 58, 'learning_rate': 0.002026011339756995, 'batch_size': 32}. Best is trial 97 with value: 0.2797769606113434.
GPU available: True (cuda), used: True
TPU available: False, using: 0 TPU cores
HPU available: False, using: 0 HPUs
LOCAL_RANK: 0 - CUDA_VISIBLE_DEVICES: [0,1,2,3]
SLURM auto-requeueing enabled. Setting signal handlers.
Monitored metric train_loss did not improve in the last 269 records. Best score: 0.105. Signaling Trainer to stop.
GPU available: True (cuda), used: True
TPU available: False, using: 0 TPU cores
HPU available: False, using: 0 HPUs
LOCAL_RANK: 0 - CUDA_VISIBLE_DEVICES: [0,1,2,3]
SLURM auto-requeueing enabled. Setting signal handlers.
[I 2024-11-04 19:01:03,699] Trial 210 finished with value: 0.34621602296829224 and parameters: {'hidden_dim': 322, 'n_layers': 6, 'dropout': 0.03726276994975464, 'input_chunk_length': 49, 'learning_rate': 0.0003667657865454451, 'batch_size': 32}. Best is trial 97 with value: 0.2797769606113434.
GPU available: True (cuda), used: True
TPU available: False, using: 0 TPU cores
HPU available: False, using: 0 HPUs
LOCAL_RANK: 0 - CUDA_VISIBLE_DEVICES: [0,1,2,3]
SLURM auto-requeueing enabled. Setting signal handlers.
Monitored metric train_loss did not improve in the last 270 records. Best score: 0.105. Signaling Trainer to stop.
GPU available: True (cuda), used: True
TPU available: False, using: 0 TPU cores
HPU available: False, using: 0 HPUs
LOCAL_RANK: 0 - CUDA_VISIBLE_DEVICES: [0,1,2,3]
SLURM auto-requeueing enabled. Setting signal handlers.
[I 2024-11-04 19:01:17,026] Trial 211 finished with value: 0.3270818293094635 and parameters: {'hidden_dim': 202, 'n_layers': 1, 'dropout': 9.704580665067619e-05, 'input_chunk_length': 43, 'learning_rate': 0.0004057259591289834, 'batch_size': 32}. Best is trial 97 with value: 0.2797769606113434.
GPU available: True (cuda), used: True
TPU available: False, using: 0 TPU cores
HPU available: False, using: 0 HPUs
LOCAL_RANK: 0 - CUDA_VISIBLE_DEVICES: [0,1,2,3]
SLURM auto-requeueing enabled. Setting signal handlers.
Monitored metric train_loss did not improve in the last 271 records. Best score: 0.105. Signaling Trainer to stop.
GPU available: True (cuda), used: True
TPU available: False, using: 0 TPU cores
HPU available: False, using: 0 HPUs
LOCAL_RANK: 0 - CUDA_VISIBLE_DEVICES: [0,1,2,3]
SLURM auto-requeueing enabled. Setting signal handlers.
[I 2024-11-04 19:01:30,676] Trial 212 finished with value: 0.31738483905792236 and parameters: {'hidden_dim': 282, 'n_layers': 1, 'dropout': 0.019607227636816715, 'input_chunk_length': 45, 'learning_rate': 0.0004485984504828831, 'batch_size': 32}. Best is trial 97 with value: 0.2797769606113434.
GPU available: True (cuda), used: True
TPU available: False, using: 0 TPU cores
HPU available: False, using: 0 HPUs
LOCAL_RANK: 0 - CUDA_VISIBLE_DEVICES: [0,1,2,3]
SLURM auto-requeueing enabled. Setting signal handlers.
Monitored metric train_loss did not improve in the last 272 records. Best score: 0.105. Signaling Trainer to stop.
GPU available: True (cuda), used: True
TPU available: False, using: 0 TPU cores
HPU available: False, using: 0 HPUs
LOCAL_RANK: 0 - CUDA_VISIBLE_DEVICES: [0,1,2,3]
SLURM auto-requeueing enabled. Setting signal handlers.
[I 2024-11-04 19:01:45,338] Trial 213 finished with value: 0.3480079174041748 and parameters: {'hidden_dim': 296, 'n_layers': 1, 'dropout': 0.04763531280838654, 'input_chunk_length': 80, 'learning_rate': 0.0003381519112198586, 'batch_size': 32}. Best is trial 97 with value: 0.2797769606113434.
GPU available: True (cuda), used: True
TPU available: False, using: 0 TPU cores
HPU available: False, using: 0 HPUs
LOCAL_RANK: 0 - CUDA_VISIBLE_DEVICES: [0,1,2,3]
SLURM auto-requeueing enabled. Setting signal handlers.
Monitored metric train_loss did not improve in the last 273 records. Best score: 0.105. Signaling Trainer to stop.
GPU available: True (cuda), used: True
TPU available: False, using: 0 TPU cores
HPU available: False, using: 0 HPUs
LOCAL_RANK: 0 - CUDA_VISIBLE_DEVICES: [0,1,2,3]
SLURM auto-requeueing enabled. Setting signal handlers.
[I 2024-11-04 19:01:59,904] Trial 214 finished with value: 0.4788447320461273 and parameters: {'hidden_dim': 311, 'n_layers': 1, 'dropout': 0.09734185504607053, 'input_chunk_length': 71, 'learning_rate': 0.00039353196326945, 'batch_size': 32}. Best is trial 97 with value: 0.2797769606113434.
GPU available: True (cuda), used: True
TPU available: False, using: 0 TPU cores
HPU available: False, using: 0 HPUs
LOCAL_RANK: 0 - CUDA_VISIBLE_DEVICES: [0,1,2,3]
SLURM auto-requeueing enabled. Setting signal handlers.
Monitored metric train_loss did not improve in the last 274 records. Best score: 0.105. Signaling Trainer to stop.
GPU available: True (cuda), used: True
TPU available: False, using: 0 TPU cores
HPU available: False, using: 0 HPUs
LOCAL_RANK: 0 - CUDA_VISIBLE_DEVICES: [0,1,2,3]
SLURM auto-requeueing enabled. Setting signal handlers.
[I 2024-11-04 19:02:15,154] Trial 215 finished with value: 0.33734604716300964 and parameters: {'hidden_dim': 268, 'n_layers': 1, 'dropout': 0.0804383925210631, 'input_chunk_length': 96, 'learning_rate': 0.00027025355572460585, 'batch_size': 32}. Best is trial 97 with value: 0.2797769606113434.
GPU available: True (cuda), used: True
TPU available: False, using: 0 TPU cores
HPU available: False, using: 0 HPUs
LOCAL_RANK: 0 - CUDA_VISIBLE_DEVICES: [0,1,2,3]
SLURM auto-requeueing enabled. Setting signal handlers.
Monitored metric train_loss did not improve in the last 275 records. Best score: 0.105. Signaling Trainer to stop.
GPU available: True (cuda), used: True
TPU available: False, using: 0 TPU cores
HPU available: False, using: 0 HPUs
LOCAL_RANK: 0 - CUDA_VISIBLE_DEVICES: [0,1,2,3]
SLURM auto-requeueing enabled. Setting signal handlers.
[I 2024-11-04 19:02:28,740] Trial 216 finished with value: 0.4248749315738678 and parameters: {'hidden_dim': 297, 'n_layers': 1, 'dropout': 0.02679840158116442, 'input_chunk_length': 48, 'learning_rate': 0.0005343095668870982, 'batch_size': 32}. Best is trial 97 with value: 0.2797769606113434.
GPU available: True (cuda), used: True
TPU available: False, using: 0 TPU cores
HPU available: False, using: 0 HPUs
LOCAL_RANK: 0 - CUDA_VISIBLE_DEVICES: [0,1,2,3]
SLURM auto-requeueing enabled. Setting signal handlers.
Monitored metric train_loss did not improve in the last 276 records. Best score: 0.105. Signaling Trainer to stop.
GPU available: True (cuda), used: True
TPU available: False, using: 0 TPU cores
HPU available: False, using: 0 HPUs
LOCAL_RANK: 0 - CUDA_VISIBLE_DEVICES: [0,1,2,3]
SLURM auto-requeueing enabled. Setting signal handlers.
[I 2024-11-04 19:02:42,749] Trial 217 finished with value: 0.32595378160476685 and parameters: {'hidden_dim': 316, 'n_layers': 1, 'dropout': 0.013935836827725014, 'input_chunk_length': 60, 'learning_rate': 0.00047037212428827617, 'batch_size': 32}. Best is trial 97 with value: 0.2797769606113434.
GPU available: True (cuda), used: True
TPU available: False, using: 0 TPU cores
HPU available: False, using: 0 HPUs
LOCAL_RANK: 0 - CUDA_VISIBLE_DEVICES: [0,1,2,3]
SLURM auto-requeueing enabled. Setting signal handlers.
Monitored metric train_loss did not improve in the last 277 records. Best score: 0.105. Signaling Trainer to stop.
GPU available: True (cuda), used: True
TPU available: False, using: 0 TPU cores
HPU available: False, using: 0 HPUs
LOCAL_RANK: 0 - CUDA_VISIBLE_DEVICES: [0,1,2,3]
SLURM auto-requeueing enabled. Setting signal handlers.
[I 2024-11-04 19:03:01,156] Trial 218 finished with value: 0.3022509217262268 and parameters: {'hidden_dim': 174, 'n_layers': 6, 'dropout': 0.05824358550178209, 'input_chunk_length': 83, 'learning_rate': 0.001052674985636763, 'batch_size': 32}. Best is trial 97 with value: 0.2797769606113434.
GPU available: True (cuda), used: True
TPU available: False, using: 0 TPU cores
HPU available: False, using: 0 HPUs
LOCAL_RANK: 0 - CUDA_VISIBLE_DEVICES: [0,1,2,3]
SLURM auto-requeueing enabled. Setting signal handlers.
Monitored metric train_loss did not improve in the last 278 records. Best score: 0.105. Signaling Trainer to stop.
GPU available: True (cuda), used: True
TPU available: False, using: 0 TPU cores
HPU available: False, using: 0 HPUs
LOCAL_RANK: 0 - CUDA_VISIBLE_DEVICES: [0,1,2,3]
SLURM auto-requeueing enabled. Setting signal handlers.
[I 2024-11-04 19:03:19,909] Trial 219 finished with value: 0.36638444662094116 and parameters: {'hidden_dim': 176, 'n_layers': 6, 'dropout': 0.05919370505821899, 'input_chunk_length': 84, 'learning_rate': 0.0015093611960440814, 'batch_size': 32}. Best is trial 97 with value: 0.2797769606113434.
GPU available: True (cuda), used: True
TPU available: False, using: 0 TPU cores
HPU available: False, using: 0 HPUs
LOCAL_RANK: 0 - CUDA_VISIBLE_DEVICES: [0,1,2,3]
SLURM auto-requeueing enabled. Setting signal handlers.
Monitored metric train_loss did not improve in the last 279 records. Best score: 0.105. Signaling Trainer to stop.
GPU available: True (cuda), used: True
TPU available: False, using: 0 TPU cores
HPU available: False, using: 0 HPUs
LOCAL_RANK: 0 - CUDA_VISIBLE_DEVICES: [0,1,2,3]
SLURM auto-requeueing enabled. Setting signal handlers.
[I 2024-11-04 19:03:37,152] Trial 220 finished with value: 0.32271063327789307 and parameters: {'hidden_dim': 155, 'n_layers': 6, 'dropout': 0.06941809716515822, 'input_chunk_length': 88, 'learning_rate': 0.001130516064478643, 'batch_size': 32}. Best is trial 97 with value: 0.2797769606113434.
GPU available: True (cuda), used: True
TPU available: False, using: 0 TPU cores
HPU available: False, using: 0 HPUs
LOCAL_RANK: 0 - CUDA_VISIBLE_DEVICES: [0,1,2,3]
SLURM auto-requeueing enabled. Setting signal handlers.
Monitored metric train_loss did not improve in the last 280 records. Best score: 0.105. Signaling Trainer to stop.
GPU available: True (cuda), used: True
TPU available: False, using: 0 TPU cores
HPU available: False, using: 0 HPUs
LOCAL_RANK: 0 - CUDA_VISIBLE_DEVICES: [0,1,2,3]
SLURM auto-requeueing enabled. Setting signal handlers.
[I 2024-11-04 19:03:55,619] Trial 221 finished with value: 0.34938332438468933 and parameters: {'hidden_dim': 189, 'n_layers': 6, 'dropout': 0.04401961694091557, 'input_chunk_length': 76, 'learning_rate': 0.0009021646537381939, 'batch_size': 32}. Best is trial 97 with value: 0.2797769606113434.
GPU available: True (cuda), used: True
TPU available: False, using: 0 TPU cores
HPU available: False, using: 0 HPUs
LOCAL_RANK: 0 - CUDA_VISIBLE_DEVICES: [0,1,2,3]
SLURM auto-requeueing enabled. Setting signal handlers.
Monitored metric train_loss did not improve in the last 281 records. Best score: 0.105. Signaling Trainer to stop.
GPU available: True (cuda), used: True
TPU available: False, using: 0 TPU cores
HPU available: False, using: 0 HPUs
LOCAL_RANK: 0 - CUDA_VISIBLE_DEVICES: [0,1,2,3]
SLURM auto-requeueing enabled. Setting signal handlers.
