[I 2024-11-11 21:51:29,531] Trial 102 finished with value: 0.27756738662719727 and parameters: {'hidden_dim': 358, 'n_layers': 1, 'dropout': 0.09795505681807555, 'input_chunk_length': 91, 'learning_rate': 0.0003802059906808728, 'batch_size': 32}. Best is trial 4 with value: 0.1814582198858261.
GPU available: True (cuda), used: True
TPU available: False, using: 0 TPU cores
HPU available: False, using: 0 HPUs
LOCAL_RANK: 0 - CUDA_VISIBLE_DEVICES: [0,1]
SLURM auto-requeueing enabled. Setting signal handlers.
Monitored metric train_loss did not improve in the last 159 records. Best score: 0.041. Signaling Trainer to stop.
GPU available: True (cuda), used: True
TPU available: False, using: 0 TPU cores
HPU available: False, using: 0 HPUs
LOCAL_RANK: 0 - CUDA_VISIBLE_DEVICES: [0,1]
SLURM auto-requeueing enabled. Setting signal handlers.
[I 2024-11-11 21:51:53,911] Trial 103 finished with value: 0.30647721886634827 and parameters: {'hidden_dim': 57, 'n_layers': 1, 'dropout': 0.1881375578694546, 'input_chunk_length': 99, 'learning_rate': 0.0006190348846268893, 'batch_size': 32}. Best is trial 4 with value: 0.1814582198858261.
GPU available: True (cuda), used: True
TPU available: False, using: 0 TPU cores
HPU available: False, using: 0 HPUs
LOCAL_RANK: 0 - CUDA_VISIBLE_DEVICES: [0,1]
SLURM auto-requeueing enabled. Setting signal handlers.
Monitored metric train_loss did not improve in the last 160 records. Best score: 0.041. Signaling Trainer to stop.
GPU available: True (cuda), used: True
TPU available: False, using: 0 TPU cores
HPU available: False, using: 0 HPUs
LOCAL_RANK: 0 - CUDA_VISIBLE_DEVICES: [0,1]
SLURM auto-requeueing enabled. Setting signal handlers.
[I 2024-11-11 21:52:19,838] Trial 104 finished with value: 0.4851802885532379 and parameters: {'hidden_dim': 309, 'n_layers': 1, 'dropout': 0.12651634379083077, 'input_chunk_length': 85, 'learning_rate': 0.005814197393692098, 'batch_size': 32}. Best is trial 4 with value: 0.1814582198858261.
GPU available: True (cuda), used: True
TPU available: False, using: 0 TPU cores
HPU available: False, using: 0 HPUs
LOCAL_RANK: 0 - CUDA_VISIBLE_DEVICES: [0,1]
SLURM auto-requeueing enabled. Setting signal handlers.
Monitored metric train_loss did not improve in the last 161 records. Best score: 0.041. Signaling Trainer to stop.
GPU available: True (cuda), used: True
TPU available: False, using: 0 TPU cores
HPU available: False, using: 0 HPUs
LOCAL_RANK: 0 - CUDA_VISIBLE_DEVICES: [0,1]
SLURM auto-requeueing enabled. Setting signal handlers.
[I 2024-11-11 21:52:49,514] Trial 105 finished with value: 0.457094669342041 and parameters: {'hidden_dim': 420, 'n_layers': 1, 'dropout': 0.14792799296202835, 'input_chunk_length': 93, 'learning_rate': 0.0010964333041081102, 'batch_size': 32}. Best is trial 4 with value: 0.1814582198858261.
GPU available: True (cuda), used: True
TPU available: False, using: 0 TPU cores
HPU available: False, using: 0 HPUs
LOCAL_RANK: 0 - CUDA_VISIBLE_DEVICES: [0,1]
SLURM auto-requeueing enabled. Setting signal handlers.
Monitored metric train_loss did not improve in the last 162 records. Best score: 0.041. Signaling Trainer to stop.
GPU available: True (cuda), used: True
TPU available: False, using: 0 TPU cores
HPU available: False, using: 0 HPUs
LOCAL_RANK: 0 - CUDA_VISIBLE_DEVICES: [0,1]
SLURM auto-requeueing enabled. Setting signal handlers.
[I 2024-11-11 21:53:21,376] Trial 106 finished with value: 0.3167762756347656 and parameters: {'hidden_dim': 397, 'n_layers': 1, 'dropout': 0.04777266865509917, 'input_chunk_length': 102, 'learning_rate': 0.000831698996752089, 'batch_size': 32}. Best is trial 4 with value: 0.1814582198858261.
GPU available: True (cuda), used: True
TPU available: False, using: 0 TPU cores
HPU available: False, using: 0 HPUs
LOCAL_RANK: 0 - CUDA_VISIBLE_DEVICES: [0,1]
SLURM auto-requeueing enabled. Setting signal handlers.
Monitored metric train_loss did not improve in the last 163 records. Best score: 0.041. Signaling Trainer to stop.
GPU available: True (cuda), used: True
TPU available: False, using: 0 TPU cores
HPU available: False, using: 0 HPUs
LOCAL_RANK: 0 - CUDA_VISIBLE_DEVICES: [0,1]
SLURM auto-requeueing enabled. Setting signal handlers.
[I 2024-11-11 21:53:40,875] Trial 107 finished with value: 0.4262171685695648 and parameters: {'hidden_dim': 232, 'n_layers': 3, 'dropout': 0.018818037147292372, 'input_chunk_length': 46, 'learning_rate': 0.002259632729386273, 'batch_size': 64}. Best is trial 4 with value: 0.1814582198858261.
GPU available: True (cuda), used: True
TPU available: False, using: 0 TPU cores
HPU available: False, using: 0 HPUs
LOCAL_RANK: 0 - CUDA_VISIBLE_DEVICES: [0,1]
SLURM auto-requeueing enabled. Setting signal handlers.
Monitored metric train_loss did not improve in the last 164 records. Best score: 0.041. Signaling Trainer to stop.
GPU available: True (cuda), used: True
TPU available: False, using: 0 TPU cores
HPU available: False, using: 0 HPUs
LOCAL_RANK: 0 - CUDA_VISIBLE_DEVICES: [0,1]
SLURM auto-requeueing enabled. Setting signal handlers.
[I 2024-11-11 21:54:25,767] Trial 108 finished with value: 0.31378602981567383 and parameters: {'hidden_dim': 474, 'n_layers': 4, 'dropout': 0.05983202003330247, 'input_chunk_length': 121, 'learning_rate': 1.4587888495968203e-05, 'batch_size': 32}. Best is trial 4 with value: 0.1814582198858261.
GPU available: True (cuda), used: True
TPU available: False, using: 0 TPU cores
HPU available: False, using: 0 HPUs
LOCAL_RANK: 0 - CUDA_VISIBLE_DEVICES: [0,1]
SLURM auto-requeueing enabled. Setting signal handlers.
Monitored metric train_loss did not improve in the last 165 records. Best score: 0.041. Signaling Trainer to stop.
GPU available: True (cuda), used: True
TPU available: False, using: 0 TPU cores
HPU available: False, using: 0 HPUs
LOCAL_RANK: 0 - CUDA_VISIBLE_DEVICES: [0,1]
SLURM auto-requeueing enabled. Setting signal handlers.
[I 2024-11-11 21:54:59,571] Trial 109 finished with value: 0.33144453167915344 and parameters: {'hidden_dim': 364, 'n_layers': 2, 'dropout': 0.040258119963990216, 'input_chunk_length': 116, 'learning_rate': 4.343228428140743e-05, 'batch_size': 32}. Best is trial 4 with value: 0.1814582198858261.
GPU available: True (cuda), used: True
TPU available: False, using: 0 TPU cores
HPU available: False, using: 0 HPUs
LOCAL_RANK: 0 - CUDA_VISIBLE_DEVICES: [0,1]
SLURM auto-requeueing enabled. Setting signal handlers.
Monitored metric train_loss did not improve in the last 166 records. Best score: 0.041. Signaling Trainer to stop.
GPU available: True (cuda), used: True
TPU available: False, using: 0 TPU cores
HPU available: False, using: 0 HPUs
LOCAL_RANK: 0 - CUDA_VISIBLE_DEVICES: [0,1]
SLURM auto-requeueing enabled. Setting signal handlers.
[I 2024-11-11 21:55:31,951] Trial 110 finished with value: 0.29064932465553284 and parameters: {'hidden_dim': 324, 'n_layers': 1, 'dropout': 0.318140633509118, 'input_chunk_length': 135, 'learning_rate': 0.0005488857457993237, 'batch_size': 64}. Best is trial 4 with value: 0.1814582198858261.
GPU available: True (cuda), used: True
TPU available: False, using: 0 TPU cores
HPU available: False, using: 0 HPUs
LOCAL_RANK: 0 - CUDA_VISIBLE_DEVICES: [0,1]
SLURM auto-requeueing enabled. Setting signal handlers.
Monitored metric train_loss did not improve in the last 167 records. Best score: 0.041. Signaling Trainer to stop.
GPU available: True (cuda), used: True
TPU available: False, using: 0 TPU cores
HPU available: False, using: 0 HPUs
LOCAL_RANK: 0 - CUDA_VISIBLE_DEVICES: [0,1]
SLURM auto-requeueing enabled. Setting signal handlers.
[I 2024-11-11 21:55:52,705] Trial 111 finished with value: 0.3566696345806122 and parameters: {'hidden_dim': 383, 'n_layers': 1, 'dropout': 0.4886181400847422, 'input_chunk_length': 10, 'learning_rate': 0.0018666107153768516, 'batch_size': 64}. Best is trial 4 with value: 0.1814582198858261.
GPU available: True (cuda), used: True
TPU available: False, using: 0 TPU cores
HPU available: False, using: 0 HPUs
LOCAL_RANK: 0 - CUDA_VISIBLE_DEVICES: [0,1]
SLURM auto-requeueing enabled. Setting signal handlers.
Monitored metric train_loss did not improve in the last 168 records. Best score: 0.041. Signaling Trainer to stop.
GPU available: True (cuda), used: True
TPU available: False, using: 0 TPU cores
HPU available: False, using: 0 HPUs
LOCAL_RANK: 0 - CUDA_VISIBLE_DEVICES: [0,1]
SLURM auto-requeueing enabled. Setting signal handlers.
[I 2024-11-11 21:56:12,197] Trial 112 finished with value: 0.361947238445282 and parameters: {'hidden_dim': 347, 'n_layers': 1, 'dropout': 0.15369686427773382, 'input_chunk_length': 36, 'learning_rate': 0.0036150247186443694, 'batch_size': 64}. Best is trial 4 with value: 0.1814582198858261.
GPU available: True (cuda), used: True
TPU available: False, using: 0 TPU cores
HPU available: False, using: 0 HPUs
LOCAL_RANK: 0 - CUDA_VISIBLE_DEVICES: [0,1]
SLURM auto-requeueing enabled. Setting signal handlers.
Monitored metric train_loss did not improve in the last 169 records. Best score: 0.041. Signaling Trainer to stop.
GPU available: True (cuda), used: True
TPU available: False, using: 0 TPU cores
HPU available: False, using: 0 HPUs
LOCAL_RANK: 0 - CUDA_VISIBLE_DEVICES: [0,1]
SLURM auto-requeueing enabled. Setting signal handlers.
[I 2024-11-11 21:56:29,460] Trial 113 finished with value: 0.3802843391895294 and parameters: {'hidden_dim': 396, 'n_layers': 1, 'dropout': 0.48706714622763503, 'input_chunk_length': 17, 'learning_rate': 0.0021709560368761995, 'batch_size': 64}. Best is trial 4 with value: 0.1814582198858261.
GPU available: True (cuda), used: True
TPU available: False, using: 0 TPU cores
HPU available: False, using: 0 HPUs
LOCAL_RANK: 0 - CUDA_VISIBLE_DEVICES: [0,1]
SLURM auto-requeueing enabled. Setting signal handlers.
Monitored metric train_loss did not improve in the last 170 records. Best score: 0.041. Signaling Trainer to stop.
GPU available: True (cuda), used: True
TPU available: False, using: 0 TPU cores
HPU available: False, using: 0 HPUs
LOCAL_RANK: 0 - CUDA_VISIBLE_DEVICES: [0,1]
SLURM auto-requeueing enabled. Setting signal handlers.
[I 2024-11-11 21:56:46,753] Trial 114 finished with value: 0.38925883173942566 and parameters: {'hidden_dim': 488, 'n_layers': 1, 'dropout': 0.4343602738029295, 'input_chunk_length': 15, 'learning_rate': 0.0015451782944318425, 'batch_size': 64}. Best is trial 4 with value: 0.1814582198858261.
GPU available: True (cuda), used: True
TPU available: False, using: 0 TPU cores
HPU available: False, using: 0 HPUs
LOCAL_RANK: 0 - CUDA_VISIBLE_DEVICES: [0,1]
SLURM auto-requeueing enabled. Setting signal handlers.
Monitored metric train_loss did not improve in the last 171 records. Best score: 0.041. Signaling Trainer to stop.
GPU available: True (cuda), used: True
TPU available: False, using: 0 TPU cores
HPU available: False, using: 0 HPUs
LOCAL_RANK: 0 - CUDA_VISIBLE_DEVICES: [0,1]
SLURM auto-requeueing enabled. Setting signal handlers.
[I 2024-11-11 21:57:18,502] Trial 115 finished with value: 0.30972400307655334 and parameters: {'hidden_dim': 373, 'n_layers': 1, 'dropout': 0.47174282081763735, 'input_chunk_length': 112, 'learning_rate': 0.0008994791246387912, 'batch_size': 64}. Best is trial 4 with value: 0.1814582198858261.
GPU available: True (cuda), used: True
TPU available: False, using: 0 TPU cores
HPU available: False, using: 0 HPUs
LOCAL_RANK: 0 - CUDA_VISIBLE_DEVICES: [0,1]
SLURM auto-requeueing enabled. Setting signal handlers.
Monitored metric train_loss did not improve in the last 172 records. Best score: 0.041. Signaling Trainer to stop.
GPU available: True (cuda), used: True
TPU available: False, using: 0 TPU cores
HPU available: False, using: 0 HPUs
LOCAL_RANK: 0 - CUDA_VISIBLE_DEVICES: [0,1]
SLURM auto-requeueing enabled. Setting signal handlers.
[I 2024-11-11 21:57:35,753] Trial 116 finished with value: 0.32580381631851196 and parameters: {'hidden_dim': 276, 'n_layers': 1, 'dropout': 0.10261102692104546, 'input_chunk_length': 26, 'learning_rate': 0.0014331961538850712, 'batch_size': 64}. Best is trial 4 with value: 0.1814582198858261.
GPU available: True (cuda), used: True
TPU available: False, using: 0 TPU cores
HPU available: False, using: 0 HPUs
LOCAL_RANK: 0 - CUDA_VISIBLE_DEVICES: [0,1]
SLURM auto-requeueing enabled. Setting signal handlers.
Monitored metric train_loss did not improve in the last 173 records. Best score: 0.041. Signaling Trainer to stop.
GPU available: True (cuda), used: True
TPU available: False, using: 0 TPU cores
HPU available: False, using: 0 HPUs
LOCAL_RANK: 0 - CUDA_VISIBLE_DEVICES: [0,1]
SLURM auto-requeueing enabled. Setting signal handlers.
[I 2024-11-11 21:58:11,088] Trial 117 finished with value: 0.3121567368507385 and parameters: {'hidden_dim': 440, 'n_layers': 3, 'dropout': 0.45319975381481925, 'input_chunk_length': 99, 'learning_rate': 0.0007070005755585556, 'batch_size': 32}. Best is trial 4 with value: 0.1814582198858261.
GPU available: True (cuda), used: True
TPU available: False, using: 0 TPU cores
HPU available: False, using: 0 HPUs
LOCAL_RANK: 0 - CUDA_VISIBLE_DEVICES: [0,1]
SLURM auto-requeueing enabled. Setting signal handlers.
Monitored metric train_loss did not improve in the last 174 records. Best score: 0.041. Signaling Trainer to stop.
GPU available: True (cuda), used: True
TPU available: False, using: 0 TPU cores
HPU available: False, using: 0 HPUs
LOCAL_RANK: 0 - CUDA_VISIBLE_DEVICES: [0,1]
SLURM auto-requeueing enabled. Setting signal handlers.
[I 2024-11-11 21:58:36,846] Trial 118 finished with value: 0.3766559064388275 and parameters: {'hidden_dim': 407, 'n_layers': 1, 'dropout': 0.24709265986507645, 'input_chunk_length': 65, 'learning_rate': 0.0025285848370360455, 'batch_size': 32}. Best is trial 4 with value: 0.1814582198858261.
GPU available: True (cuda), used: True
TPU available: False, using: 0 TPU cores
HPU available: False, using: 0 HPUs
LOCAL_RANK: 0 - CUDA_VISIBLE_DEVICES: [0,1]
SLURM auto-requeueing enabled. Setting signal handlers.
Monitored metric train_loss did not improve in the last 175 records. Best score: 0.041. Signaling Trainer to stop.
GPU available: True (cuda), used: True
TPU available: False, using: 0 TPU cores
HPU available: False, using: 0 HPUs
LOCAL_RANK: 0 - CUDA_VISIBLE_DEVICES: [0,1]
SLURM auto-requeueing enabled. Setting signal handlers.
[I 2024-11-11 21:59:15,348] Trial 119 finished with value: 0.31653788685798645 and parameters: {'hidden_dim': 336, 'n_layers': 4, 'dropout': 0.0783032273124436, 'input_chunk_length': 138, 'learning_rate': 0.001173390561229728, 'batch_size': 64}. Best is trial 4 with value: 0.1814582198858261.
GPU available: True (cuda), used: True
TPU available: False, using: 0 TPU cores
HPU available: False, using: 0 HPUs
LOCAL_RANK: 0 - CUDA_VISIBLE_DEVICES: [0,1]
SLURM auto-requeueing enabled. Setting signal handlers.
Monitored metric train_loss did not improve in the last 176 records. Best score: 0.041. Signaling Trainer to stop.
GPU available: True (cuda), used: True
TPU available: False, using: 0 TPU cores
HPU available: False, using: 0 HPUs
LOCAL_RANK: 0 - CUDA_VISIBLE_DEVICES: [0,1]
SLURM auto-requeueing enabled. Setting signal handlers.
[I 2024-11-11 21:59:46,337] Trial 120 finished with value: 0.32259052991867065 and parameters: {'hidden_dim': 507, 'n_layers': 2, 'dropout': 0.007497870616020251, 'input_chunk_length': 73, 'learning_rate': 0.00046026289137304587, 'batch_size': 32}. Best is trial 4 with value: 0.1814582198858261.
GPU available: True (cuda), used: True
TPU available: False, using: 0 TPU cores
HPU available: False, using: 0 HPUs
LOCAL_RANK: 0 - CUDA_VISIBLE_DEVICES: [0,1]
SLURM auto-requeueing enabled. Setting signal handlers.
Monitored metric train_loss did not improve in the last 177 records. Best score: 0.041. Signaling Trainer to stop.
GPU available: True (cuda), used: True
TPU available: False, using: 0 TPU cores
HPU available: False, using: 0 HPUs
LOCAL_RANK: 0 - CUDA_VISIBLE_DEVICES: [0,1]
SLURM auto-requeueing enabled. Setting signal handlers.
[I 2024-11-11 22:00:10,102] Trial 121 finished with value: 0.42439010739326477 and parameters: {'hidden_dim': 303, 'n_layers': 4, 'dropout': 0.2960738417742088, 'input_chunk_length': 52, 'learning_rate': 1.322279609262696e-05, 'batch_size': 32}. Best is trial 4 with value: 0.1814582198858261.
GPU available: True (cuda), used: True
TPU available: False, using: 0 TPU cores
HPU available: False, using: 0 HPUs
LOCAL_RANK: 0 - CUDA_VISIBLE_DEVICES: [0,1]
SLURM auto-requeueing enabled. Setting signal handlers.
Monitored metric train_loss did not improve in the last 178 records. Best score: 0.041. Signaling Trainer to stop.
GPU available: True (cuda), used: True
TPU available: False, using: 0 TPU cores
HPU available: False, using: 0 HPUs
LOCAL_RANK: 0 - CUDA_VISIBLE_DEVICES: [0,1]
SLURM auto-requeueing enabled. Setting signal handlers.
[I 2024-11-11 22:00:33,919] Trial 122 finished with value: 0.32346826791763306 and parameters: {'hidden_dim': 359, 'n_layers': 4, 'dropout': 0.25852261351950384, 'input_chunk_length': 41, 'learning_rate': 1.6685426596751637e-05, 'batch_size': 32}. Best is trial 4 with value: 0.1814582198858261.
GPU available: True (cuda), used: True
TPU available: False, using: 0 TPU cores
HPU available: False, using: 0 HPUs
LOCAL_RANK: 0 - CUDA_VISIBLE_DEVICES: [0,1]
SLURM auto-requeueing enabled. Setting signal handlers.
Monitored metric train_loss did not improve in the last 179 records. Best score: 0.041. Signaling Trainer to stop.
GPU available: True (cuda), used: True
TPU available: False, using: 0 TPU cores
HPU available: False, using: 0 HPUs
LOCAL_RANK: 0 - CUDA_VISIBLE_DEVICES: [0,1]
SLURM auto-requeueing enabled. Setting signal handlers.
[I 2024-11-11 22:01:13,503] Trial 123 finished with value: 0.32398393750190735 and parameters: {'hidden_dim': 291, 'n_layers': 4, 'dropout': 0.2739389164520756, 'input_chunk_length': 143, 'learning_rate': 2.3804419729777486e-05, 'batch_size': 32}. Best is trial 4 with value: 0.1814582198858261.
GPU available: True (cuda), used: True
TPU available: False, using: 0 TPU cores
HPU available: False, using: 0 HPUs
LOCAL_RANK: 0 - CUDA_VISIBLE_DEVICES: [0,1]
SLURM auto-requeueing enabled. Setting signal handlers.
Monitored metric train_loss did not improve in the last 180 records. Best score: 0.041. Signaling Trainer to stop.
GPU available: True (cuda), used: True
TPU available: False, using: 0 TPU cores
HPU available: False, using: 0 HPUs
LOCAL_RANK: 0 - CUDA_VISIBLE_DEVICES: [0,1]
SLURM auto-requeueing enabled. Setting signal handlers.
[I 2024-11-11 22:01:40,161] Trial 124 finished with value: 0.29803454875946045 and parameters: {'hidden_dim': 321, 'n_layers': 5, 'dropout': 0.24121198229437885, 'input_chunk_length': 62, 'learning_rate': 7.715831071588378e-05, 'batch_size': 32}. Best is trial 4 with value: 0.1814582198858261.
GPU available: True (cuda), used: True
TPU available: False, using: 0 TPU cores
HPU available: False, using: 0 HPUs
LOCAL_RANK: 0 - CUDA_VISIBLE_DEVICES: [0,1]
SLURM auto-requeueing enabled. Setting signal handlers.
Monitored metric train_loss did not improve in the last 181 records. Best score: 0.041. Signaling Trainer to stop.
GPU available: True (cuda), used: True
TPU available: False, using: 0 TPU cores
HPU available: False, using: 0 HPUs
LOCAL_RANK: 0 - CUDA_VISIBLE_DEVICES: [0,1]
SLURM auto-requeueing enabled. Setting signal handlers.
[I 2024-11-11 22:02:03,110] Trial 125 finished with value: 0.3038012981414795 and parameters: {'hidden_dim': 388, 'n_layers': 1, 'dropout': 0.3525582768872098, 'input_chunk_length': 49, 'learning_rate': 0.00013945111909253576, 'batch_size': 32}. Best is trial 4 with value: 0.1814582198858261.
GPU available: True (cuda), used: True
TPU available: False, using: 0 TPU cores
HPU available: False, using: 0 HPUs
LOCAL_RANK: 0 - CUDA_VISIBLE_DEVICES: [0,1]
SLURM auto-requeueing enabled. Setting signal handlers.
Monitored metric train_loss did not improve in the last 182 records. Best score: 0.041. Signaling Trainer to stop.
GPU available: True (cuda), used: True
TPU available: False, using: 0 TPU cores
HPU available: False, using: 0 HPUs
LOCAL_RANK: 0 - CUDA_VISIBLE_DEVICES: [0,1]
SLURM auto-requeueing enabled. Setting signal handlers.
[I 2024-11-11 22:02:29,291] Trial 126 finished with value: 0.4810250401496887 and parameters: {'hidden_dim': 346, 'n_layers': 4, 'dropout': 0.48205832340153076, 'input_chunk_length': 68, 'learning_rate': 1.1422496752389918e-05, 'batch_size': 64}. Best is trial 4 with value: 0.1814582198858261.
GPU available: True (cuda), used: True
TPU available: False, using: 0 TPU cores
HPU available: False, using: 0 HPUs
LOCAL_RANK: 0 - CUDA_VISIBLE_DEVICES: [0,1]
SLURM auto-requeueing enabled. Setting signal handlers.
Monitored metric train_loss did not improve in the last 183 records. Best score: 0.041. Signaling Trainer to stop.
GPU available: True (cuda), used: True
TPU available: False, using: 0 TPU cores
HPU available: False, using: 0 HPUs
LOCAL_RANK: 0 - CUDA_VISIBLE_DEVICES: [0,1]
SLURM auto-requeueing enabled. Setting signal handlers.
[I 2024-11-11 22:02:50,519] Trial 127 finished with value: 0.29261013865470886 and parameters: {'hidden_dim': 203, 'n_layers': 1, 'dropout': 0.02282706429511938, 'input_chunk_length': 56, 'learning_rate': 0.0003526248166822894, 'batch_size': 32}. Best is trial 4 with value: 0.1814582198858261.
GPU available: True (cuda), used: True
TPU available: False, using: 0 TPU cores
HPU available: False, using: 0 HPUs
LOCAL_RANK: 0 - CUDA_VISIBLE_DEVICES: [0,1]
SLURM auto-requeueing enabled. Setting signal handlers.
Monitored metric train_loss did not improve in the last 184 records. Best score: 0.041. Signaling Trainer to stop.
GPU available: True (cuda), used: True
TPU available: False, using: 0 TPU cores
HPU available: False, using: 0 HPUs
LOCAL_RANK: 0 - CUDA_VISIBLE_DEVICES: [0,1]
SLURM auto-requeueing enabled. Setting signal handlers.
