[I 2024-11-04 20:12:28,562] Trial 497 finished with value: 0.38719192147254944 and parameters: {'hidden_dim': 238, 'n_layers': 6, 'dropout': 0.48070016416620465, 'input_chunk_length': 49, 'learning_rate': 0.00041446646497698275, 'batch_size': 32}. Best is trial 97 with value: 0.2797769606113434.
GPU available: True (cuda), used: True
TPU available: False, using: 0 TPU cores
HPU available: False, using: 0 HPUs
LOCAL_RANK: 0 - CUDA_VISIBLE_DEVICES: [0,1,2,3]
SLURM auto-requeueing enabled. Setting signal handlers.
Monitored metric train_loss did not improve in the last 557 records. Best score: 0.105. Signaling Trainer to stop.
GPU available: True (cuda), used: True
TPU available: False, using: 0 TPU cores
HPU available: False, using: 0 HPUs
LOCAL_RANK: 0 - CUDA_VISIBLE_DEVICES: [0,1,2,3]
SLURM auto-requeueing enabled. Setting signal handlers.
[I 2024-11-04 20:12:45,048] Trial 498 finished with value: 0.3390631079673767 and parameters: {'hidden_dim': 249, 'n_layers': 6, 'dropout': 0.042562674800218005, 'input_chunk_length': 66, 'learning_rate': 0.0002174695284561759, 'batch_size': 32}. Best is trial 97 with value: 0.2797769606113434.
GPU available: True (cuda), used: True
TPU available: False, using: 0 TPU cores
HPU available: False, using: 0 HPUs
LOCAL_RANK: 0 - CUDA_VISIBLE_DEVICES: [0,1,2,3]
SLURM auto-requeueing enabled. Setting signal handlers.
Monitored metric train_loss did not improve in the last 558 records. Best score: 0.105. Signaling Trainer to stop.
GPU available: True (cuda), used: True
TPU available: False, using: 0 TPU cores
HPU available: False, using: 0 HPUs
LOCAL_RANK: 0 - CUDA_VISIBLE_DEVICES: [0,1,2,3]
SLURM auto-requeueing enabled. Setting signal handlers.
[I 2024-11-04 20:13:01,105] Trial 499 finished with value: 0.3368223309516907 and parameters: {'hidden_dim': 226, 'n_layers': 6, 'dropout': 0.08531258700922062, 'input_chunk_length': 62, 'learning_rate': 0.00011895847188609722, 'batch_size': 32}. Best is trial 97 with value: 0.2797769606113434.
GPU available: True (cuda), used: True
TPU available: False, using: 0 TPU cores
HPU available: False, using: 0 HPUs
LOCAL_RANK: 0 - CUDA_VISIBLE_DEVICES: [0,1,2,3]

   | Name                              | Type                             | Params | Mode 
------------------------------------------------------------------------------------------------
0  | train_metrics                     | MetricCollection                 | 0      | train
1  | val_metrics                       | MetricCollection                 | 0      | train
2  | input_embeddings                  | _MultiEmbedding                  | 0      | train
3  | static_covariates_vsn             | _VariableSelectionNetwork        | 0      | train
4  | encoder_vsn                       | _VariableSelectionNetwork        | 168 K  | train
5  | decoder_vsn                       | _VariableSelectionNetwork        | 159 K  | train
6  | static_context_grn                | _GatedResidualNetwork            | 403 K  | train
7  | static_context_hidden_encoder_grn | _GatedResidualNetwork            | 403 K  | train
8  | static_context_cell_encoder_grn   | _GatedResidualNetwork            | 403 K  | train
9  | static_context_enrichment         | _GatedResidualNetwork            | 403 K  | train
10 | lstm_encoder                      | LSTM                             | 806 K  | train
11 | lstm_decoder                      | LSTM                             | 806 K  | train
12 | post_lstm_gan                     | _GateAddNorm                     | 202 K  | train
13 | static_enrichment_grn             | _GatedResidualNetwork            | 504 K  | train
14 | multihead_attn                    | _InterpretableMultiHeadAttention | 251 K  | train
15 | post_attn_gan                     | _GateAddNorm                     | 202 K  | train
16 | feed_forward_block                | _GatedResidualNetwork            | 403 K  | train
17 | pre_output_gan                    | _GateAddNorm                     | 202 K  | train
18 | output_layer                      | Linear                           | 5.4 K  | train
------------------------------------------------------------------------------------------------
5.3 M     Trainable params
0         Non-trainable params
5.3 M     Total params
21.310    Total estimated model params size (MB)
738       Modules in train mode
0         Modules in eval mode
SLURM auto-requeueing enabled. Setting signal handlers.
`Trainer.fit` stopped: `max_epochs=80` reached.
GPU available: True (cuda), used: True
TPU available: False, using: 0 TPU cores
HPU available: False, using: 0 HPUs
LOCAL_RANK: 0 - CUDA_VISIBLE_DEVICES: [0,1,2,3]
SLURM auto-requeueing enabled. Setting signal handlers.
