[I 2024-11-04 19:52:26,843] Trial 422 finished with value: 0.3265247046947479 and parameters: {'hidden_dim': 253, 'n_layers': 6, 'dropout': 0.007586507776948106, 'input_chunk_length': 58, 'learning_rate': 0.00013267325328127232, 'batch_size': 32}. Best is trial 97 with value: 0.2797769606113434.
GPU available: True (cuda), used: True
TPU available: False, using: 0 TPU cores
HPU available: False, using: 0 HPUs
LOCAL_RANK: 0 - CUDA_VISIBLE_DEVICES: [0,1,2,3]
SLURM auto-requeueing enabled. Setting signal handlers.
Monitored metric train_loss did not improve in the last 482 records. Best score: 0.105. Signaling Trainer to stop.
GPU available: True (cuda), used: True
TPU available: False, using: 0 TPU cores
HPU available: False, using: 0 HPUs
LOCAL_RANK: 0 - CUDA_VISIBLE_DEVICES: [0,1,2,3]
SLURM auto-requeueing enabled. Setting signal handlers.
[I 2024-11-04 19:52:42,938] Trial 423 finished with value: 0.6834381818771362 and parameters: {'hidden_dim': 240, 'n_layers': 6, 'dropout': 0.0008466747263393481, 'input_chunk_length': 60, 'learning_rate': 0.006719968478740789, 'batch_size': 32}. Best is trial 97 with value: 0.2797769606113434.
GPU available: True (cuda), used: True
TPU available: False, using: 0 TPU cores
HPU available: False, using: 0 HPUs
LOCAL_RANK: 0 - CUDA_VISIBLE_DEVICES: [0,1,2,3]
SLURM auto-requeueing enabled. Setting signal handlers.
Monitored metric train_loss did not improve in the last 483 records. Best score: 0.105. Signaling Trainer to stop.
GPU available: True (cuda), used: True
TPU available: False, using: 0 TPU cores
HPU available: False, using: 0 HPUs
LOCAL_RANK: 0 - CUDA_VISIBLE_DEVICES: [0,1,2,3]
SLURM auto-requeueing enabled. Setting signal handlers.
[I 2024-11-04 19:53:03,553] Trial 424 finished with value: 0.3498847186565399 and parameters: {'hidden_dim': 254, 'n_layers': 6, 'dropout': 0.015689508610325954, 'input_chunk_length': 108, 'learning_rate': 9.746700996987228e-05, 'batch_size': 32}. Best is trial 97 with value: 0.2797769606113434.
GPU available: True (cuda), used: True
TPU available: False, using: 0 TPU cores
HPU available: False, using: 0 HPUs
LOCAL_RANK: 0 - CUDA_VISIBLE_DEVICES: [0,1,2,3]
SLURM auto-requeueing enabled. Setting signal handlers.
Monitored metric train_loss did not improve in the last 484 records. Best score: 0.105. Signaling Trainer to stop.
GPU available: True (cuda), used: True
TPU available: False, using: 0 TPU cores
HPU available: False, using: 0 HPUs
LOCAL_RANK: 0 - CUDA_VISIBLE_DEVICES: [0,1,2,3]
SLURM auto-requeueing enabled. Setting signal handlers.
[I 2024-11-04 19:53:20,259] Trial 425 finished with value: 0.3723709285259247 and parameters: {'hidden_dim': 262, 'n_layers': 6, 'dropout': 0.05421916478535295, 'input_chunk_length': 55, 'learning_rate': 0.00012789226233079598, 'batch_size': 32}. Best is trial 97 with value: 0.2797769606113434.
GPU available: True (cuda), used: True
TPU available: False, using: 0 TPU cores
HPU available: False, using: 0 HPUs
LOCAL_RANK: 0 - CUDA_VISIBLE_DEVICES: [0,1,2,3]
SLURM auto-requeueing enabled. Setting signal handlers.
Monitored metric train_loss did not improve in the last 485 records. Best score: 0.105. Signaling Trainer to stop.
GPU available: True (cuda), used: True
TPU available: False, using: 0 TPU cores
HPU available: False, using: 0 HPUs
LOCAL_RANK: 0 - CUDA_VISIBLE_DEVICES: [0,1,2,3]
SLURM auto-requeueing enabled. Setting signal handlers.
[I 2024-11-04 19:53:36,579] Trial 426 finished with value: 0.31566646695137024 and parameters: {'hidden_dim': 272, 'n_layers': 6, 'dropout': 0.031569621750575066, 'input_chunk_length': 61, 'learning_rate': 0.000232349580182398, 'batch_size': 32}. Best is trial 97 with value: 0.2797769606113434.
GPU available: True (cuda), used: True
TPU available: False, using: 0 TPU cores
HPU available: False, using: 0 HPUs
LOCAL_RANK: 0 - CUDA_VISIBLE_DEVICES: [0,1,2,3]
SLURM auto-requeueing enabled. Setting signal handlers.
Monitored metric train_loss did not improve in the last 486 records. Best score: 0.105. Signaling Trainer to stop.
GPU available: True (cuda), used: True
TPU available: False, using: 0 TPU cores
HPU available: False, using: 0 HPUs
LOCAL_RANK: 0 - CUDA_VISIBLE_DEVICES: [0,1,2,3]
SLURM auto-requeueing enabled. Setting signal handlers.
[I 2024-11-04 19:53:51,829] Trial 427 finished with value: 0.37585151195526123 and parameters: {'hidden_dim': 260, 'n_layers': 6, 'dropout': 0.016911569030504264, 'input_chunk_length': 52, 'learning_rate': 0.0001161271006580733, 'batch_size': 32}. Best is trial 97 with value: 0.2797769606113434.
GPU available: True (cuda), used: True
TPU available: False, using: 0 TPU cores
HPU available: False, using: 0 HPUs
LOCAL_RANK: 0 - CUDA_VISIBLE_DEVICES: [0,1,2,3]
SLURM auto-requeueing enabled. Setting signal handlers.
Monitored metric train_loss did not improve in the last 487 records. Best score: 0.105. Signaling Trainer to stop.
GPU available: True (cuda), used: True
TPU available: False, using: 0 TPU cores
HPU available: False, using: 0 HPUs
LOCAL_RANK: 0 - CUDA_VISIBLE_DEVICES: [0,1,2,3]
SLURM auto-requeueing enabled. Setting signal handlers.
[I 2024-11-04 19:54:08,279] Trial 428 finished with value: 0.30092576146125793 and parameters: {'hidden_dim': 247, 'n_layers': 6, 'dropout': 0.008709189145486409, 'input_chunk_length': 62, 'learning_rate': 0.00019522844610280003, 'batch_size': 32}. Best is trial 97 with value: 0.2797769606113434.
GPU available: True (cuda), used: True
TPU available: False, using: 0 TPU cores
HPU available: False, using: 0 HPUs
LOCAL_RANK: 0 - CUDA_VISIBLE_DEVICES: [0,1,2,3]
SLURM auto-requeueing enabled. Setting signal handlers.
Monitored metric train_loss did not improve in the last 488 records. Best score: 0.105. Signaling Trainer to stop.
GPU available: True (cuda), used: True
TPU available: False, using: 0 TPU cores
HPU available: False, using: 0 HPUs
LOCAL_RANK: 0 - CUDA_VISIBLE_DEVICES: [0,1,2,3]
SLURM auto-requeueing enabled. Setting signal handlers.
[I 2024-11-04 19:54:24,216] Trial 429 finished with value: 0.3958825170993805 and parameters: {'hidden_dim': 246, 'n_layers': 6, 'dropout': 0.33434551263760387, 'input_chunk_length': 59, 'learning_rate': 0.00020672581808890982, 'batch_size': 32}. Best is trial 97 with value: 0.2797769606113434.
GPU available: True (cuda), used: True
TPU available: False, using: 0 TPU cores
HPU available: False, using: 0 HPUs
LOCAL_RANK: 0 - CUDA_VISIBLE_DEVICES: [0,1,2,3]
SLURM auto-requeueing enabled. Setting signal handlers.
Monitored metric train_loss did not improve in the last 489 records. Best score: 0.105. Signaling Trainer to stop.
GPU available: True (cuda), used: True
TPU available: False, using: 0 TPU cores
HPU available: False, using: 0 HPUs
LOCAL_RANK: 0 - CUDA_VISIBLE_DEVICES: [0,1,2,3]
SLURM auto-requeueing enabled. Setting signal handlers.
[I 2024-11-04 19:54:40,400] Trial 430 finished with value: 0.39220181107521057 and parameters: {'hidden_dim': 246, 'n_layers': 6, 'dropout': 0.3067394010182157, 'input_chunk_length': 62, 'learning_rate': 0.0001786038954930993, 'batch_size': 32}. Best is trial 97 with value: 0.2797769606113434.
GPU available: True (cuda), used: True
TPU available: False, using: 0 TPU cores
HPU available: False, using: 0 HPUs
LOCAL_RANK: 0 - CUDA_VISIBLE_DEVICES: [0,1,2,3]
SLURM auto-requeueing enabled. Setting signal handlers.
Monitored metric train_loss did not improve in the last 490 records. Best score: 0.105. Signaling Trainer to stop.
GPU available: True (cuda), used: True
TPU available: False, using: 0 TPU cores
HPU available: False, using: 0 HPUs
LOCAL_RANK: 0 - CUDA_VISIBLE_DEVICES: [0,1,2,3]
SLURM auto-requeueing enabled. Setting signal handlers.
[I 2024-11-04 19:54:56,173] Trial 431 finished with value: 0.3613935112953186 and parameters: {'hidden_dim': 239, 'n_layers': 6, 'dropout': 0.008632665766364525, 'input_chunk_length': 57, 'learning_rate': 0.0002475250676576439, 'batch_size': 32}. Best is trial 97 with value: 0.2797769606113434.
GPU available: True (cuda), used: True
TPU available: False, using: 0 TPU cores
HPU available: False, using: 0 HPUs
LOCAL_RANK: 0 - CUDA_VISIBLE_DEVICES: [0,1,2,3]
SLURM auto-requeueing enabled. Setting signal handlers.
Monitored metric train_loss did not improve in the last 491 records. Best score: 0.105. Signaling Trainer to stop.
GPU available: True (cuda), used: True
TPU available: False, using: 0 TPU cores
HPU available: False, using: 0 HPUs
LOCAL_RANK: 0 - CUDA_VISIBLE_DEVICES: [0,1,2,3]
SLURM auto-requeueing enabled. Setting signal handlers.
[I 2024-11-04 19:55:11,762] Trial 432 finished with value: 0.33683210611343384 and parameters: {'hidden_dim': 254, 'n_layers': 6, 'dropout': 0.001968686644210768, 'input_chunk_length': 49, 'learning_rate': 0.00019524870381110442, 'batch_size': 32}. Best is trial 97 with value: 0.2797769606113434.
GPU available: True (cuda), used: True
TPU available: False, using: 0 TPU cores
HPU available: False, using: 0 HPUs
LOCAL_RANK: 0 - CUDA_VISIBLE_DEVICES: [0,1,2,3]
SLURM auto-requeueing enabled. Setting signal handlers.
Monitored metric train_loss did not improve in the last 492 records. Best score: 0.105. Signaling Trainer to stop.
GPU available: True (cuda), used: True
TPU available: False, using: 0 TPU cores
HPU available: False, using: 0 HPUs
LOCAL_RANK: 0 - CUDA_VISIBLE_DEVICES: [0,1,2,3]
SLURM auto-requeueing enabled. Setting signal handlers.
[I 2024-11-04 19:55:27,463] Trial 433 finished with value: 0.3496166467666626 and parameters: {'hidden_dim': 266, 'n_layers': 6, 'dropout': 0.014445143731533421, 'input_chunk_length': 54, 'learning_rate': 0.0002332063827503868, 'batch_size': 32}. Best is trial 97 with value: 0.2797769606113434.
GPU available: True (cuda), used: True
TPU available: False, using: 0 TPU cores
HPU available: False, using: 0 HPUs
LOCAL_RANK: 0 - CUDA_VISIBLE_DEVICES: [0,1,2,3]
SLURM auto-requeueing enabled. Setting signal handlers.
Monitored metric train_loss did not improve in the last 493 records. Best score: 0.105. Signaling Trainer to stop.
GPU available: True (cuda), used: True
TPU available: False, using: 0 TPU cores
HPU available: False, using: 0 HPUs
LOCAL_RANK: 0 - CUDA_VISIBLE_DEVICES: [0,1,2,3]
SLURM auto-requeueing enabled. Setting signal handlers.
[I 2024-11-04 19:55:43,547] Trial 434 finished with value: 0.4162692129611969 and parameters: {'hidden_dim': 230, 'n_layers': 6, 'dropout': 0.49577200748978334, 'input_chunk_length': 62, 'learning_rate': 0.00016408490881140715, 'batch_size': 32}. Best is trial 97 with value: 0.2797769606113434.
GPU available: True (cuda), used: True
TPU available: False, using: 0 TPU cores
HPU available: False, using: 0 HPUs
LOCAL_RANK: 0 - CUDA_VISIBLE_DEVICES: [0,1,2,3]
SLURM auto-requeueing enabled. Setting signal handlers.
Monitored metric train_loss did not improve in the last 494 records. Best score: 0.105. Signaling Trainer to stop.
GPU available: True (cuda), used: True
TPU available: False, using: 0 TPU cores
HPU available: False, using: 0 HPUs
LOCAL_RANK: 0 - CUDA_VISIBLE_DEVICES: [0,1,2,3]
SLURM auto-requeueing enabled. Setting signal handlers.
[I 2024-11-04 19:55:59,722] Trial 435 finished with value: 0.37067097425460815 and parameters: {'hidden_dim': 276, 'n_layers': 6, 'dropout': 0.4350786648614523, 'input_chunk_length': 59, 'learning_rate': 0.00020446048462897492, 'batch_size': 32}. Best is trial 97 with value: 0.2797769606113434.
GPU available: True (cuda), used: True
TPU available: False, using: 0 TPU cores
HPU available: False, using: 0 HPUs
LOCAL_RANK: 0 - CUDA_VISIBLE_DEVICES: [0,1,2,3]
SLURM auto-requeueing enabled. Setting signal handlers.
Monitored metric train_loss did not improve in the last 495 records. Best score: 0.105. Signaling Trainer to stop.
GPU available: True (cuda), used: True
TPU available: False, using: 0 TPU cores
HPU available: False, using: 0 HPUs
LOCAL_RANK: 0 - CUDA_VISIBLE_DEVICES: [0,1,2,3]
SLURM auto-requeueing enabled. Setting signal handlers.
[I 2024-11-04 19:56:15,470] Trial 436 finished with value: 0.34549951553344727 and parameters: {'hidden_dim': 242, 'n_layers': 6, 'dropout': 7.582029550894033e-05, 'input_chunk_length': 56, 'learning_rate': 0.0002589133018104507, 'batch_size': 32}. Best is trial 97 with value: 0.2797769606113434.
GPU available: True (cuda), used: True
TPU available: False, using: 0 TPU cores
HPU available: False, using: 0 HPUs
LOCAL_RANK: 0 - CUDA_VISIBLE_DEVICES: [0,1,2,3]
SLURM auto-requeueing enabled. Setting signal handlers.
Monitored metric train_loss did not improve in the last 496 records. Best score: 0.105. Signaling Trainer to stop.
GPU available: True (cuda), used: True
TPU available: False, using: 0 TPU cores
HPU available: False, using: 0 HPUs
LOCAL_RANK: 0 - CUDA_VISIBLE_DEVICES: [0,1,2,3]
SLURM auto-requeueing enabled. Setting signal handlers.
[I 2024-11-04 19:56:30,894] Trial 437 finished with value: 0.32703685760498047 and parameters: {'hidden_dim': 250, 'n_layers': 6, 'dropout': 0.024046861475937542, 'input_chunk_length': 51, 'learning_rate': 0.00017986702088553463, 'batch_size': 32}. Best is trial 97 with value: 0.2797769606113434.
GPU available: True (cuda), used: True
TPU available: False, using: 0 TPU cores
HPU available: False, using: 0 HPUs
LOCAL_RANK: 0 - CUDA_VISIBLE_DEVICES: [0,1,2,3]
SLURM auto-requeueing enabled. Setting signal handlers.
Monitored metric train_loss did not improve in the last 497 records. Best score: 0.105. Signaling Trainer to stop.
GPU available: True (cuda), used: True
TPU available: False, using: 0 TPU cores
HPU available: False, using: 0 HPUs
LOCAL_RANK: 0 - CUDA_VISIBLE_DEVICES: [0,1,2,3]
SLURM auto-requeueing enabled. Setting signal handlers.
[I 2024-11-04 19:56:46,179] Trial 438 finished with value: 0.3603684604167938 and parameters: {'hidden_dim': 214, 'n_layers': 6, 'dropout': 0.06467200009458765, 'input_chunk_length': 54, 'learning_rate': 0.00022499511605139928, 'batch_size': 32}. Best is trial 97 with value: 0.2797769606113434.
GPU available: True (cuda), used: True
TPU available: False, using: 0 TPU cores
HPU available: False, using: 0 HPUs
LOCAL_RANK: 0 - CUDA_VISIBLE_DEVICES: [0,1,2,3]
SLURM auto-requeueing enabled. Setting signal handlers.
Monitored metric train_loss did not improve in the last 498 records. Best score: 0.105. Signaling Trainer to stop.
GPU available: True (cuda), used: True
TPU available: False, using: 0 TPU cores
HPU available: False, using: 0 HPUs
LOCAL_RANK: 0 - CUDA_VISIBLE_DEVICES: [0,1,2,3]
SLURM auto-requeueing enabled. Setting signal handlers.
[I 2024-11-04 19:57:02,816] Trial 439 finished with value: 0.4017879068851471 and parameters: {'hidden_dim': 263, 'n_layers': 6, 'dropout': 0.00935237760425519, 'input_chunk_length': 63, 'learning_rate': 0.00024690302558333686, 'batch_size': 32}. Best is trial 97 with value: 0.2797769606113434.
GPU available: True (cuda), used: True
TPU available: False, using: 0 TPU cores
HPU available: False, using: 0 HPUs
LOCAL_RANK: 0 - CUDA_VISIBLE_DEVICES: [0,1,2,3]
SLURM auto-requeueing enabled. Setting signal handlers.
Monitored metric train_loss did not improve in the last 499 records. Best score: 0.105. Signaling Trainer to stop.
GPU available: True (cuda), used: True
TPU available: False, using: 0 TPU cores
HPU available: False, using: 0 HPUs
LOCAL_RANK: 0 - CUDA_VISIBLE_DEVICES: [0,1,2,3]
SLURM auto-requeueing enabled. Setting signal handlers.
[I 2024-11-04 19:57:18,767] Trial 440 finished with value: 0.41104522347450256 and parameters: {'hidden_dim': 231, 'n_layers': 6, 'dropout': 0.03313439036593225, 'input_chunk_length': 59, 'learning_rate': 0.00014632718124700056, 'batch_size': 32}. Best is trial 97 with value: 0.2797769606113434.
GPU available: True (cuda), used: True
TPU available: False, using: 0 TPU cores
HPU available: False, using: 0 HPUs
LOCAL_RANK: 0 - CUDA_VISIBLE_DEVICES: [0,1,2,3]
SLURM auto-requeueing enabled. Setting signal handlers.
Monitored metric train_loss did not improve in the last 500 records. Best score: 0.105. Signaling Trainer to stop.
GPU available: True (cuda), used: True
TPU available: False, using: 0 TPU cores
HPU available: False, using: 0 HPUs
LOCAL_RANK: 0 - CUDA_VISIBLE_DEVICES: [0,1,2,3]
SLURM auto-requeueing enabled. Setting signal handlers.
[I 2024-11-04 19:57:34,408] Trial 441 finished with value: 0.3293147087097168 and parameters: {'hidden_dim': 253, 'n_layers': 6, 'dropout': 0.01786864653205792, 'input_chunk_length': 53, 'learning_rate': 0.0002801756605511511, 'batch_size': 32}. Best is trial 97 with value: 0.2797769606113434.
GPU available: True (cuda), used: True
TPU available: False, using: 0 TPU cores
HPU available: False, using: 0 HPUs
LOCAL_RANK: 0 - CUDA_VISIBLE_DEVICES: [0,1,2,3]
SLURM auto-requeueing enabled. Setting signal handlers.
Monitored metric train_loss did not improve in the last 501 records. Best score: 0.105. Signaling Trainer to stop.
GPU available: True (cuda), used: True
TPU available: False, using: 0 TPU cores
HPU available: False, using: 0 HPUs
LOCAL_RANK: 0 - CUDA_VISIBLE_DEVICES: [0,1,2,3]
SLURM auto-requeueing enabled. Setting signal handlers.
[I 2024-11-04 19:57:48,674] Trial 442 finished with value: 0.3119537830352783 and parameters: {'hidden_dim': 280, 'n_layers': 3, 'dropout': 0.00038995040846204264, 'input_chunk_length': 49, 'learning_rate': 0.00021522441705107843, 'batch_size': 32}. Best is trial 97 with value: 0.2797769606113434.
GPU available: True (cuda), used: True
TPU available: False, using: 0 TPU cores
HPU available: False, using: 0 HPUs
LOCAL_RANK: 0 - CUDA_VISIBLE_DEVICES: [0,1,2,3]
SLURM auto-requeueing enabled. Setting signal handlers.
Monitored metric train_loss did not improve in the last 502 records. Best score: 0.105. Signaling Trainer to stop.
GPU available: True (cuda), used: True
TPU available: False, using: 0 TPU cores
HPU available: False, using: 0 HPUs
LOCAL_RANK: 0 - CUDA_VISIBLE_DEVICES: [0,1,2,3]
SLURM auto-requeueing enabled. Setting signal handlers.
[I 2024-11-04 19:58:03,811] Trial 443 finished with value: 0.3669188916683197 and parameters: {'hidden_dim': 268, 'n_layers': 5, 'dropout': 0.04251223409862961, 'input_chunk_length': 57, 'learning_rate': 0.00016496837101251393, 'batch_size': 64}. Best is trial 97 with value: 0.2797769606113434.
GPU available: True (cuda), used: True
TPU available: False, using: 0 TPU cores
HPU available: False, using: 0 HPUs
LOCAL_RANK: 0 - CUDA_VISIBLE_DEVICES: [0,1,2,3]
SLURM auto-requeueing enabled. Setting signal handlers.
Monitored metric train_loss did not improve in the last 503 records. Best score: 0.105. Signaling Trainer to stop.
GPU available: True (cuda), used: True
TPU available: False, using: 0 TPU cores
HPU available: False, using: 0 HPUs
LOCAL_RANK: 0 - CUDA_VISIBLE_DEVICES: [0,1,2,3]
SLURM auto-requeueing enabled. Setting signal handlers.
[I 2024-11-04 19:58:21,589] Trial 444 finished with value: 0.36524268984794617 and parameters: {'hidden_dim': 244, 'n_layers': 6, 'dropout': 0.022587073525499102, 'input_chunk_length': 83, 'learning_rate': 0.0003129924011545838, 'batch_size': 32}. Best is trial 97 with value: 0.2797769606113434.
GPU available: True (cuda), used: True
TPU available: False, using: 0 TPU cores
HPU available: False, using: 0 HPUs
LOCAL_RANK: 0 - CUDA_VISIBLE_DEVICES: [0,1,2,3]
SLURM auto-requeueing enabled. Setting signal handlers.
Monitored metric train_loss did not improve in the last 504 records. Best score: 0.105. Signaling Trainer to stop.
GPU available: True (cuda), used: True
TPU available: False, using: 0 TPU cores
HPU available: False, using: 0 HPUs
LOCAL_RANK: 0 - CUDA_VISIBLE_DEVICES: [0,1,2,3]
SLURM auto-requeueing enabled. Setting signal handlers.
[I 2024-11-04 19:58:37,739] Trial 445 finished with value: 0.33355459570884705 and parameters: {'hidden_dim': 259, 'n_layers': 6, 'dropout': 0.3744312321241744, 'input_chunk_length': 60, 'learning_rate': 0.0001394589203557668, 'batch_size': 32}. Best is trial 97 with value: 0.2797769606113434.
GPU available: True (cuda), used: True
TPU available: False, using: 0 TPU cores
HPU available: False, using: 0 HPUs
LOCAL_RANK: 0 - CUDA_VISIBLE_DEVICES: [0,1,2,3]
SLURM auto-requeueing enabled. Setting signal handlers.
Monitored metric train_loss did not improve in the last 505 records. Best score: 0.105. Signaling Trainer to stop.
GPU available: True (cuda), used: True
TPU available: False, using: 0 TPU cores
HPU available: False, using: 0 HPUs
LOCAL_RANK: 0 - CUDA_VISIBLE_DEVICES: [0,1,2,3]
SLURM auto-requeueing enabled. Setting signal handlers.
[I 2024-11-04 19:58:53,618] Trial 446 finished with value: 0.32461676001548767 and parameters: {'hidden_dim': 224, 'n_layers': 6, 'dropout': 0.010763644041663738, 'input_chunk_length': 62, 'learning_rate': 0.00027151838972486826, 'batch_size': 32}. Best is trial 97 with value: 0.2797769606113434.
GPU available: True (cuda), used: True
TPU available: False, using: 0 TPU cores
HPU available: False, using: 0 HPUs
LOCAL_RANK: 0 - CUDA_VISIBLE_DEVICES: [0,1,2,3]
SLURM auto-requeueing enabled. Setting signal handlers.
Monitored metric train_loss did not improve in the last 506 records. Best score: 0.105. Signaling Trainer to stop.
GPU available: True (cuda), used: True
TPU available: False, using: 0 TPU cores
HPU available: False, using: 0 HPUs
LOCAL_RANK: 0 - CUDA_VISIBLE_DEVICES: [0,1,2,3]
SLURM auto-requeueing enabled. Setting signal handlers.
