GpuFreq=control_disabled
[I 2024-11-04 15:06:01,579] A new study created in memory with name: no-name-f477bd81-c9ea-4a39-a821-89f3074a5747
/pfs/data5/home/tu/tu_tu/tu_zxoul27/micromamba/envs/power/lib/python3.12/site-packages/torch/random.py:167: UserWarning: CUDA reports that you have 4 available devices, and you have used fork_rng without explicitly specifying which devices are being used. For safety, we initialize *every* CUDA device by default, which can be quite slow if you have a lot of CUDAs. If you know that you are only making use of a few CUDA devices, set the environment variable CUDA_VISIBLE_DEVICES or the 'devices' keyword argument of fork_rng with the set of devices you are actually using. For example, if you are using CPU only, set device.upper()_VISIBLE_DEVICES= or devices=[]; if you are using device 0 only, set CUDA_VISIBLE_DEVICES=0 or devices=[0].  To initialize all devices and suppress this warning, set the 'devices' keyword argument to `range(torch.cuda.device_count())`.
  warnings.warn(message)
GPU available: True (cuda), used: True
TPU available: False, using: 0 TPU cores
HPU available: False, using: 0 HPUs
Initializing distributed: GLOBAL_RANK: 0, MEMBER: 1/1
----------------------------------------------------------------------------------------------------
distributed_backend=nccl
All distributed processes registered. Starting with 1 processes
----------------------------------------------------------------------------------------------------

LOCAL_RANK: 0 - CUDA_VISIBLE_DEVICES: [0,1,2,3]
SLURM auto-requeueing enabled. Setting signal handlers.
Metric train_loss improved. New best score: 2.261
Metric train_loss improved by 0.730 >= min_delta = 0.0. New best score: 1.531
Metric train_loss improved by 0.298 >= min_delta = 0.0. New best score: 1.233
Metric train_loss improved by 0.095 >= min_delta = 0.0. New best score: 1.138
Metric train_loss improved by 0.174 >= min_delta = 0.0. New best score: 0.964
Metric train_loss improved by 0.059 >= min_delta = 0.0. New best score: 0.905
Metric train_loss improved by 0.134 >= min_delta = 0.0. New best score: 0.770
Metric train_loss improved by 0.066 >= min_delta = 0.0. New best score: 0.705
Metric train_loss improved by 0.056 >= min_delta = 0.0. New best score: 0.649
Metric train_loss improved by 0.047 >= min_delta = 0.0. New best score: 0.602
Metric train_loss improved by 0.098 >= min_delta = 0.0. New best score: 0.503
Metric train_loss improved by 0.037 >= min_delta = 0.0. New best score: 0.467
Metric train_loss improved by 0.044 >= min_delta = 0.0. New best score: 0.422
Metric train_loss improved by 0.028 >= min_delta = 0.0. New best score: 0.394
Metric train_loss improved by 0.040 >= min_delta = 0.0. New best score: 0.354
Metric train_loss improved by 0.023 >= min_delta = 0.0. New best score: 0.331
Metric train_loss improved by 0.029 >= min_delta = 0.0. New best score: 0.302
Metric train_loss improved by 0.005 >= min_delta = 0.0. New best score: 0.297
Metric train_loss improved by 0.000 >= min_delta = 0.0. New best score: 0.297
Metric train_loss improved by 0.042 >= min_delta = 0.0. New best score: 0.255
Metric train_loss improved by 0.027 >= min_delta = 0.0. New best score: 0.228
Metric train_loss improved by 0.014 >= min_delta = 0.0. New best score: 0.213
`Trainer.fit` stopped: `max_epochs=80` reached.
GPU available: True (cuda), used: True
TPU available: False, using: 0 TPU cores
HPU available: False, using: 0 HPUs
LOCAL_RANK: 0 - CUDA_VISIBLE_DEVICES: [0,1,2,3]
SLURM auto-requeueing enabled. Setting signal handlers.
[I 2024-11-04 15:13:08,928] Trial 0 finished with value: 0.30465590953826904 and parameters: {'hidden_dim': 226, 'n_layers': 1, 'dropout': 0.49400991794168664, 'input_chunk_length': 147, 'learning_rate': 2.2031398022280143e-05, 'batch_size': 64}. Best is trial 0 with value: 0.30465590953826904.
GPU available: True (cuda), used: True
TPU available: False, using: 0 TPU cores
HPU available: False, using: 0 HPUs
LOCAL_RANK: 0 - CUDA_VISIBLE_DEVICES: [0,1,2,3]
SLURM auto-requeueing enabled. Setting signal handlers.
Metric train_loss improved by 0.000 >= min_delta = 0.0. New best score: 0.213
Metric train_loss improved by 0.002 >= min_delta = 0.0. New best score: 0.211
Metric train_loss improved by 0.034 >= min_delta = 0.0. New best score: 0.177
Metric train_loss improved by 0.018 >= min_delta = 0.0. New best score: 0.159
Metric train_loss improved by 0.017 >= min_delta = 0.0. New best score: 0.142
Metric train_loss improved by 0.017 >= min_delta = 0.0. New best score: 0.125
Metric train_loss improved by 0.008 >= min_delta = 0.0. New best score: 0.117
Metric train_loss improved by 0.006 >= min_delta = 0.0. New best score: 0.111
Metric train_loss improved by 0.020 >= min_delta = 0.0. New best score: 0.090
`Trainer.fit` stopped: `max_epochs=80` reached.
GPU available: True (cuda), used: True
TPU available: False, using: 0 TPU cores
HPU available: False, using: 0 HPUs
LOCAL_RANK: 0 - CUDA_VISIBLE_DEVICES: [0,1,2,3]
SLURM auto-requeueing enabled. Setting signal handlers.
[I 2024-11-04 15:20:52,857] Trial 1 finished with value: 0.09709455817937851 and parameters: {'hidden_dim': 457, 'n_layers': 5, 'dropout': 0.06226223712281326, 'input_chunk_length': 93, 'learning_rate': 0.0019085514876213793, 'batch_size': 64}. Best is trial 1 with value: 0.09709455817937851.
GPU available: True (cuda), used: True
TPU available: False, using: 0 TPU cores
HPU available: False, using: 0 HPUs
LOCAL_RANK: 0 - CUDA_VISIBLE_DEVICES: [0,1,2,3]
SLURM auto-requeueing enabled. Setting signal handlers.
Metric train_loss improved by 0.006 >= min_delta = 0.0. New best score: 0.084
Metric train_loss improved by 0.008 >= min_delta = 0.0. New best score: 0.076
Metric train_loss improved by 0.019 >= min_delta = 0.0. New best score: 0.057
Metric train_loss improved by 0.007 >= min_delta = 0.0. New best score: 0.050
`Trainer.fit` stopped: `max_epochs=80` reached.
GPU available: True (cuda), used: True
TPU available: False, using: 0 TPU cores
HPU available: False, using: 0 HPUs
LOCAL_RANK: 0 - CUDA_VISIBLE_DEVICES: [0,1,2,3]
SLURM auto-requeueing enabled. Setting signal handlers.
[I 2024-11-04 15:25:03,320] Trial 2 finished with value: 0.10468769073486328 and parameters: {'hidden_dim': 250, 'n_layers': 5, 'dropout': 0.19554691724273165, 'input_chunk_length': 18, 'learning_rate': 0.005184552372940834, 'batch_size': 32}. Best is trial 1 with value: 0.09709455817937851.
GPU available: True (cuda), used: True
TPU available: False, using: 0 TPU cores
HPU available: False, using: 0 HPUs
LOCAL_RANK: 0 - CUDA_VISIBLE_DEVICES: [0,1,2,3]
SLURM auto-requeueing enabled. Setting signal handlers.
Monitored metric train_loss did not improve in the last 60 records. Best score: 0.050. Signaling Trainer to stop.
GPU available: True (cuda), used: True
TPU available: False, using: 0 TPU cores
HPU available: False, using: 0 HPUs
LOCAL_RANK: 0 - CUDA_VISIBLE_DEVICES: [0,1,2,3]
SLURM auto-requeueing enabled. Setting signal handlers.
[I 2024-11-04 15:26:58,167] Trial 3 finished with value: 0.2981417775154114 and parameters: {'hidden_dim': 112, 'n_layers': 1, 'dropout': 0.39776749207004897, 'input_chunk_length': 96, 'learning_rate': 9.068023829783273e-05, 'batch_size': 32}. Best is trial 1 with value: 0.09709455817937851.
GPU available: True (cuda), used: True
TPU available: False, using: 0 TPU cores
HPU available: False, using: 0 HPUs
LOCAL_RANK: 0 - CUDA_VISIBLE_DEVICES: [0,1,2,3]
SLURM auto-requeueing enabled. Setting signal handlers.
Monitored metric train_loss did not improve in the last 61 records. Best score: 0.050. Signaling Trainer to stop.
GPU available: True (cuda), used: True
TPU available: False, using: 0 TPU cores
HPU available: False, using: 0 HPUs
LOCAL_RANK: 0 - CUDA_VISIBLE_DEVICES: [0,1,2,3]
SLURM auto-requeueing enabled. Setting signal handlers.
[I 2024-11-04 15:27:14,668] Trial 4 finished with value: 0.6481077075004578 and parameters: {'hidden_dim': 102, 'n_layers': 2, 'dropout': 0.4137447728341813, 'input_chunk_length': 131, 'learning_rate': 1.898477505092824e-05, 'batch_size': 64}. Best is trial 1 with value: 0.09709455817937851.
GPU available: True (cuda), used: True
TPU available: False, using: 0 TPU cores
HPU available: False, using: 0 HPUs
LOCAL_RANK: 0 - CUDA_VISIBLE_DEVICES: [0,1,2,3]
SLURM auto-requeueing enabled. Setting signal handlers.
Monitored metric train_loss did not improve in the last 62 records. Best score: 0.050. Signaling Trainer to stop.
GPU available: True (cuda), used: True
TPU available: False, using: 0 TPU cores
HPU available: False, using: 0 HPUs
LOCAL_RANK: 0 - CUDA_VISIBLE_DEVICES: [0,1,2,3]
SLURM auto-requeueing enabled. Setting signal handlers.
[I 2024-11-04 15:27:34,951] Trial 5 finished with value: 0.3727884590625763 and parameters: {'hidden_dim': 238, 'n_layers': 5, 'dropout': 0.28336192012961214, 'input_chunk_length': 107, 'learning_rate': 2.061245415745101e-05, 'batch_size': 64}. Best is trial 1 with value: 0.09709455817937851.
GPU available: True (cuda), used: True
TPU available: False, using: 0 TPU cores
HPU available: False, using: 0 HPUs
LOCAL_RANK: 0 - CUDA_VISIBLE_DEVICES: [0,1,2,3]
SLURM auto-requeueing enabled. Setting signal handlers.
Monitored metric train_loss did not improve in the last 63 records. Best score: 0.050. Signaling Trainer to stop.
GPU available: True (cuda), used: True
TPU available: False, using: 0 TPU cores
HPU available: False, using: 0 HPUs
LOCAL_RANK: 0 - CUDA_VISIBLE_DEVICES: [0,1,2,3]
SLURM auto-requeueing enabled. Setting signal handlers.
[I 2024-11-04 15:27:55,454] Trial 6 finished with value: 0.446923166513443 and parameters: {'hidden_dim': 253, 'n_layers': 5, 'dropout': 0.413183883592165, 'input_chunk_length': 89, 'learning_rate': 2.8285677224474535e-05, 'batch_size': 32}. Best is trial 1 with value: 0.09709455817937851.
GPU available: True (cuda), used: True
TPU available: False, using: 0 TPU cores
HPU available: False, using: 0 HPUs
LOCAL_RANK: 0 - CUDA_VISIBLE_DEVICES: [0,1,2,3]
SLURM auto-requeueing enabled. Setting signal handlers.
Monitored metric train_loss did not improve in the last 64 records. Best score: 0.050. Signaling Trainer to stop.
GPU available: True (cuda), used: True
TPU available: False, using: 0 TPU cores
HPU available: False, using: 0 HPUs
LOCAL_RANK: 0 - CUDA_VISIBLE_DEVICES: [0,1,2,3]
SLURM auto-requeueing enabled. Setting signal handlers.
[I 2024-11-04 15:28:16,586] Trial 7 finished with value: 0.5047000050544739 and parameters: {'hidden_dim': 411, 'n_layers': 1, 'dropout': 0.4732176512039678, 'input_chunk_length': 140, 'learning_rate': 1.2887580911241204e-05, 'batch_size': 32}. Best is trial 1 with value: 0.09709455817937851.
GPU available: True (cuda), used: True
TPU available: False, using: 0 TPU cores
HPU available: False, using: 0 HPUs
LOCAL_RANK: 0 - CUDA_VISIBLE_DEVICES: [0,1,2,3]
SLURM auto-requeueing enabled. Setting signal handlers.
Monitored metric train_loss did not improve in the last 65 records. Best score: 0.050. Signaling Trainer to stop.
GPU available: True (cuda), used: True
TPU available: False, using: 0 TPU cores
HPU available: False, using: 0 HPUs
LOCAL_RANK: 0 - CUDA_VISIBLE_DEVICES: [0,1,2,3]
SLURM auto-requeueing enabled. Setting signal handlers.
[I 2024-11-04 15:28:37,962] Trial 8 finished with value: 0.33863309025764465 and parameters: {'hidden_dim': 209, 'n_layers': 3, 'dropout': 0.17977812241499957, 'input_chunk_length': 149, 'learning_rate': 0.0012730468485626463, 'batch_size': 32}. Best is trial 1 with value: 0.09709455817937851.
GPU available: True (cuda), used: True
TPU available: False, using: 0 TPU cores
HPU available: False, using: 0 HPUs
LOCAL_RANK: 0 - CUDA_VISIBLE_DEVICES: [0,1,2,3]
SLURM auto-requeueing enabled. Setting signal handlers.
Monitored metric train_loss did not improve in the last 66 records. Best score: 0.050. Signaling Trainer to stop.
GPU available: True (cuda), used: True
TPU available: False, using: 0 TPU cores
HPU available: False, using: 0 HPUs
LOCAL_RANK: 0 - CUDA_VISIBLE_DEVICES: [0,1,2,3]
SLURM auto-requeueing enabled. Setting signal handlers.
[I 2024-11-04 15:28:54,063] Trial 9 finished with value: 0.4585202634334564 and parameters: {'hidden_dim': 183, 'n_layers': 2, 'dropout': 0.4733219322731435, 'input_chunk_length': 46, 'learning_rate': 0.00015058191155878833, 'batch_size': 32}. Best is trial 1 with value: 0.09709455817937851.
GPU available: True (cuda), used: True
TPU available: False, using: 0 TPU cores
HPU available: False, using: 0 HPUs
LOCAL_RANK: 0 - CUDA_VISIBLE_DEVICES: [0,1,2,3]
SLURM auto-requeueing enabled. Setting signal handlers.
Monitored metric train_loss did not improve in the last 67 records. Best score: 0.050. Signaling Trainer to stop.
GPU available: True (cuda), used: True
TPU available: False, using: 0 TPU cores
HPU available: False, using: 0 HPUs
LOCAL_RANK: 0 - CUDA_VISIBLE_DEVICES: [0,1,2,3]
SLURM auto-requeueing enabled. Setting signal handlers.
[I 2024-11-04 15:29:13,903] Trial 10 finished with value: 0.8810617327690125 and parameters: {'hidden_dim': 508, 'n_layers': 6, 'dropout': 5.726043923583862e-05, 'input_chunk_length': 52, 'learning_rate': 0.0013614228155257881, 'batch_size': 64}. Best is trial 1 with value: 0.09709455817937851.
GPU available: True (cuda), used: True
TPU available: False, using: 0 TPU cores
HPU available: False, using: 0 HPUs
LOCAL_RANK: 0 - CUDA_VISIBLE_DEVICES: [0,1,2,3]
SLURM auto-requeueing enabled. Setting signal handlers.
Monitored metric train_loss did not improve in the last 68 records. Best score: 0.050. Signaling Trainer to stop.
GPU available: True (cuda), used: True
TPU available: False, using: 0 TPU cores
HPU available: False, using: 0 HPUs
LOCAL_RANK: 0 - CUDA_VISIBLE_DEVICES: [0,1,2,3]
SLURM auto-requeueing enabled. Setting signal handlers.
[I 2024-11-04 15:29:29,143] Trial 11 finished with value: 2.0491414070129395 and parameters: {'hidden_dim': 352, 'n_layers': 5, 'dropout': 0.08288637480910621, 'input_chunk_length': 10, 'learning_rate': 0.00932248753976191, 'batch_size': 64}. Best is trial 1 with value: 0.09709455817937851.
GPU available: True (cuda), used: True
TPU available: False, using: 0 TPU cores
HPU available: False, using: 0 HPUs
LOCAL_RANK: 0 - CUDA_VISIBLE_DEVICES: [0,1,2,3]
SLURM auto-requeueing enabled. Setting signal handlers.
Monitored metric train_loss did not improve in the last 69 records. Best score: 0.050. Signaling Trainer to stop.
GPU available: True (cuda), used: True
TPU available: False, using: 0 TPU cores
HPU available: False, using: 0 HPUs
LOCAL_RANK: 0 - CUDA_VISIBLE_DEVICES: [0,1,2,3]
SLURM auto-requeueing enabled. Setting signal handlers.
[I 2024-11-04 15:29:47,368] Trial 12 finished with value: 1.6659907102584839 and parameters: {'hidden_dim': 336, 'n_layers': 4, 'dropout': 0.1812908260059058, 'input_chunk_length': 62, 'learning_rate': 0.00782332319928873, 'batch_size': 32}. Best is trial 1 with value: 0.09709455817937851.
GPU available: True (cuda), used: True
TPU available: False, using: 0 TPU cores
HPU available: False, using: 0 HPUs
LOCAL_RANK: 0 - CUDA_VISIBLE_DEVICES: [0,1,2,3]
SLURM auto-requeueing enabled. Setting signal handlers.
Monitored metric train_loss did not improve in the last 70 records. Best score: 0.050. Signaling Trainer to stop.
GPU available: True (cuda), used: True
TPU available: False, using: 0 TPU cores
HPU available: False, using: 0 HPUs
LOCAL_RANK: 0 - CUDA_VISIBLE_DEVICES: [0,1,2,3]
SLURM auto-requeueing enabled. Setting signal handlers.
[I 2024-11-04 15:30:03,791] Trial 13 finished with value: 0.737192690372467 and parameters: {'hidden_dim': 489, 'n_layers': 6, 'dropout': 0.0784329392322566, 'input_chunk_length': 17, 'learning_rate': 0.001884667246814251, 'batch_size': 64}. Best is trial 1 with value: 0.09709455817937851.
GPU available: True (cuda), used: True
TPU available: False, using: 0 TPU cores
HPU available: False, using: 0 HPUs
LOCAL_RANK: 0 - CUDA_VISIBLE_DEVICES: [0,1,2,3]
SLURM auto-requeueing enabled. Setting signal handlers.
Monitored metric train_loss did not improve in the last 71 records. Best score: 0.050. Signaling Trainer to stop.
GPU available: True (cuda), used: True
TPU available: False, using: 0 TPU cores
HPU available: False, using: 0 HPUs
LOCAL_RANK: 0 - CUDA_VISIBLE_DEVICES: [0,1,2,3]
SLURM auto-requeueing enabled. Setting signal handlers.
[I 2024-11-04 15:30:22,835] Trial 14 finished with value: 0.610496461391449 and parameters: {'hidden_dim': 333, 'n_layers': 4, 'dropout': 0.2621183559140791, 'input_chunk_length': 71, 'learning_rate': 0.003036699545948939, 'batch_size': 32}. Best is trial 1 with value: 0.09709455817937851.
GPU available: True (cuda), used: True
TPU available: False, using: 0 TPU cores
HPU available: False, using: 0 HPUs
LOCAL_RANK: 0 - CUDA_VISIBLE_DEVICES: [0,1,2,3]
SLURM auto-requeueing enabled. Setting signal handlers.
Monitored metric train_loss did not improve in the last 72 records. Best score: 0.050. Signaling Trainer to stop.
GPU available: True (cuda), used: True
TPU available: False, using: 0 TPU cores
HPU available: False, using: 0 HPUs
LOCAL_RANK: 0 - CUDA_VISIBLE_DEVICES: [0,1,2,3]
SLURM auto-requeueing enabled. Setting signal handlers.
[I 2024-11-04 15:30:39,845] Trial 15 finished with value: 0.4427744746208191 and parameters: {'hidden_dim': 430, 'n_layers': 5, 'dropout': 0.16849493544550442, 'input_chunk_length': 36, 'learning_rate': 0.0003058587983060094, 'batch_size': 64}. Best is trial 1 with value: 0.09709455817937851.
GPU available: True (cuda), used: True
TPU available: False, using: 0 TPU cores
HPU available: False, using: 0 HPUs
LOCAL_RANK: 0 - CUDA_VISIBLE_DEVICES: [0,1,2,3]
SLURM auto-requeueing enabled. Setting signal handlers.
Monitored metric train_loss did not improve in the last 73 records. Best score: 0.050. Signaling Trainer to stop.
GPU available: True (cuda), used: True
TPU available: False, using: 0 TPU cores
HPU available: False, using: 0 HPUs
LOCAL_RANK: 0 - CUDA_VISIBLE_DEVICES: [0,1,2,3]
SLURM auto-requeueing enabled. Setting signal handlers.
[I 2024-11-04 15:31:00,505] Trial 16 finished with value: 0.5585486888885498 and parameters: {'hidden_dim': 306, 'n_layers': 4, 'dropout': 0.024854866157189265, 'input_chunk_length': 116, 'learning_rate': 0.0036483519480614863, 'batch_size': 64}. Best is trial 1 with value: 0.09709455817937851.
GPU available: True (cuda), used: True
TPU available: False, using: 0 TPU cores
HPU available: False, using: 0 HPUs
LOCAL_RANK: 0 - CUDA_VISIBLE_DEVICES: [0,1,2,3]
SLURM auto-requeueing enabled. Setting signal handlers.
Monitored metric train_loss did not improve in the last 74 records. Best score: 0.050. Signaling Trainer to stop.
GPU available: True (cuda), used: True
TPU available: False, using: 0 TPU cores
HPU available: False, using: 0 HPUs
LOCAL_RANK: 0 - CUDA_VISIBLE_DEVICES: [0,1,2,3]
SLURM auto-requeueing enabled. Setting signal handlers.
[I 2024-11-04 15:31:20,919] Trial 17 finished with value: 0.3576425313949585 and parameters: {'hidden_dim': 161, 'n_layers': 6, 'dropout': 0.11890326062803959, 'input_chunk_length': 79, 'learning_rate': 0.0006409819556703478, 'batch_size': 32}. Best is trial 1 with value: 0.09709455817937851.
GPU available: True (cuda), used: True
TPU available: False, using: 0 TPU cores
HPU available: False, using: 0 HPUs
LOCAL_RANK: 0 - CUDA_VISIBLE_DEVICES: [0,1,2,3]
SLURM auto-requeueing enabled. Setting signal handlers.
Monitored metric train_loss did not improve in the last 75 records. Best score: 0.050. Signaling Trainer to stop.
GPU available: True (cuda), used: True
TPU available: False, using: 0 TPU cores
HPU available: False, using: 0 HPUs
LOCAL_RANK: 0 - CUDA_VISIBLE_DEVICES: [0,1,2,3]
SLURM auto-requeueing enabled. Setting signal handlers.
[I 2024-11-04 15:31:35,735] Trial 18 finished with value: 0.4007205665111542 and parameters: {'hidden_dim': 53, 'n_layers': 3, 'dropout': 0.32016346201790563, 'input_chunk_length': 29, 'learning_rate': 0.0045103865590387145, 'batch_size': 64}. Best is trial 1 with value: 0.09709455817937851.
GPU available: True (cuda), used: True
TPU available: False, using: 0 TPU cores
HPU available: False, using: 0 HPUs
LOCAL_RANK: 0 - CUDA_VISIBLE_DEVICES: [0,1,2,3]
SLURM auto-requeueing enabled. Setting signal handlers.
Monitored metric train_loss did not improve in the last 76 records. Best score: 0.050. Signaling Trainer to stop.
GPU available: True (cuda), used: True
TPU available: False, using: 0 TPU cores
HPU available: False, using: 0 HPUs
LOCAL_RANK: 0 - CUDA_VISIBLE_DEVICES: [0,1,2,3]
SLURM auto-requeueing enabled. Setting signal handlers.
[I 2024-11-04 15:32:00,462] Trial 19 finished with value: 0.305066853761673 and parameters: {'hidden_dim': 419, 'n_layers': 5, 'dropout': 0.22640346524440721, 'input_chunk_length': 109, 'learning_rate': 0.0006615356374395073, 'batch_size': 32}. Best is trial 1 with value: 0.09709455817937851.
GPU available: True (cuda), used: True
TPU available: False, using: 0 TPU cores
HPU available: False, using: 0 HPUs
LOCAL_RANK: 0 - CUDA_VISIBLE_DEVICES: [0,1,2,3]
SLURM auto-requeueing enabled. Setting signal handlers.
Monitored metric train_loss did not improve in the last 77 records. Best score: 0.050. Signaling Trainer to stop.
GPU available: True (cuda), used: True
TPU available: False, using: 0 TPU cores
HPU available: False, using: 0 HPUs
LOCAL_RANK: 0 - CUDA_VISIBLE_DEVICES: [0,1,2,3]
SLURM auto-requeueing enabled. Setting signal handlers.
