[I 2024-11-05 05:23:39,220] Trial 22 finished with value: 0.37221479415893555 and parameters: {'hidden_dim': 123, 'n_layers': 5, 'dropout': 0.06740984622633911, 'input_chunk_length': 98, 'learning_rate': 6.654906468500136e-05, 'batch_size': 64}. Best is trial 1 with value: 0.09405231475830078.
GPU available: True (cuda), used: True
TPU available: False, using: 0 TPU cores
HPU available: False, using: 0 HPUs
LOCAL_RANK: 0 - CUDA_VISIBLE_DEVICES: [0,1,2,3]
SLURM auto-requeueing enabled. Setting signal handlers.
Monitored metric train_loss did not improve in the last 79 records. Best score: 0.020. Signaling Trainer to stop.
GPU available: True (cuda), used: True
TPU available: False, using: 0 TPU cores
HPU available: False, using: 0 HPUs
LOCAL_RANK: 0 - CUDA_VISIBLE_DEVICES: [0,1,2,3]
SLURM auto-requeueing enabled. Setting signal handlers.
[I 2024-11-05 05:24:02,456] Trial 23 finished with value: 0.44466277956962585 and parameters: {'hidden_dim': 163, 'n_layers': 4, 'dropout': 0.05104732986533762, 'input_chunk_length': 123, 'learning_rate': 1.4294046757012005e-05, 'batch_size': 64}. Best is trial 1 with value: 0.09405231475830078.
GPU available: True (cuda), used: True
TPU available: False, using: 0 TPU cores
HPU available: False, using: 0 HPUs
LOCAL_RANK: 0 - CUDA_VISIBLE_DEVICES: [0,1,2,3]
SLURM auto-requeueing enabled. Setting signal handlers.
Monitored metric train_loss did not improve in the last 80 records. Best score: 0.020. Signaling Trainer to stop.
GPU available: True (cuda), used: True
TPU available: False, using: 0 TPU cores
HPU available: False, using: 0 HPUs
LOCAL_RANK: 0 - CUDA_VISIBLE_DEVICES: [0,1,2,3]
SLURM auto-requeueing enabled. Setting signal handlers.
[I 2024-11-05 05:24:26,236] Trial 24 finished with value: 0.31576621532440186 and parameters: {'hidden_dim': 277, 'n_layers': 3, 'dropout': 0.10868335480167093, 'input_chunk_length': 135, 'learning_rate': 0.00040428799570419073, 'batch_size': 64}. Best is trial 1 with value: 0.09405231475830078.
GPU available: True (cuda), used: True
TPU available: False, using: 0 TPU cores
HPU available: False, using: 0 HPUs
LOCAL_RANK: 0 - CUDA_VISIBLE_DEVICES: [0,1,2,3]
SLURM auto-requeueing enabled. Setting signal handlers.
Monitored metric train_loss did not improve in the last 81 records. Best score: 0.020. Signaling Trainer to stop.
GPU available: True (cuda), used: True
TPU available: False, using: 0 TPU cores
HPU available: False, using: 0 HPUs
LOCAL_RANK: 0 - CUDA_VISIBLE_DEVICES: [0,1,2,3]
SLURM auto-requeueing enabled. Setting signal handlers.
[I 2024-11-05 05:24:49,809] Trial 25 finished with value: 0.8255282044410706 and parameters: {'hidden_dim': 212, 'n_layers': 6, 'dropout': 0.029048652337070435, 'input_chunk_length': 110, 'learning_rate': 0.004639371327117633, 'batch_size': 64}. Best is trial 1 with value: 0.09405231475830078.
GPU available: True (cuda), used: True
TPU available: False, using: 0 TPU cores
HPU available: False, using: 0 HPUs
LOCAL_RANK: 0 - CUDA_VISIBLE_DEVICES: [0,1,2,3]
SLURM auto-requeueing enabled. Setting signal handlers.
Monitored metric train_loss did not improve in the last 82 records. Best score: 0.020. Signaling Trainer to stop.
GPU available: True (cuda), used: True
TPU available: False, using: 0 TPU cores
HPU available: False, using: 0 HPUs
LOCAL_RANK: 0 - CUDA_VISIBLE_DEVICES: [0,1,2,3]
SLURM auto-requeueing enabled. Setting signal handlers.
[I 2024-11-05 05:25:04,208] Trial 26 finished with value: 0.33662739396095276 and parameters: {'hidden_dim': 51, 'n_layers': 5, 'dropout': 0.1542873786582106, 'input_chunk_length': 50, 'learning_rate': 0.0015007074645868586, 'batch_size': 64}. Best is trial 1 with value: 0.09405231475830078.
GPU available: True (cuda), used: True
TPU available: False, using: 0 TPU cores
HPU available: False, using: 0 HPUs
LOCAL_RANK: 0 - CUDA_VISIBLE_DEVICES: [0,1,2,3]
SLURM auto-requeueing enabled. Setting signal handlers.
Monitored metric train_loss did not improve in the last 83 records. Best score: 0.020. Signaling Trainer to stop.
GPU available: True (cuda), used: True
TPU available: False, using: 0 TPU cores
HPU available: False, using: 0 HPUs
LOCAL_RANK: 0 - CUDA_VISIBLE_DEVICES: [0,1,2,3]
SLURM auto-requeueing enabled. Setting signal handlers.
[I 2024-11-05 05:25:23,667] Trial 27 finished with value: 0.30804356932640076 and parameters: {'hidden_dim': 277, 'n_layers': 2, 'dropout': 0.09563724096381987, 'input_chunk_length': 73, 'learning_rate': 0.00020260731340225095, 'batch_size': 32}. Best is trial 1 with value: 0.09405231475830078.
GPU available: True (cuda), used: True
TPU available: False, using: 0 TPU cores
HPU available: False, using: 0 HPUs
LOCAL_RANK: 0 - CUDA_VISIBLE_DEVICES: [0,1,2,3]
SLURM auto-requeueing enabled. Setting signal handlers.
Monitored metric train_loss did not improve in the last 84 records. Best score: 0.020. Signaling Trainer to stop.
GPU available: True (cuda), used: True
TPU available: False, using: 0 TPU cores
HPU available: False, using: 0 HPUs
LOCAL_RANK: 0 - CUDA_VISIBLE_DEVICES: [0,1,2,3]
SLURM auto-requeueing enabled. Setting signal handlers.
[I 2024-11-05 05:25:43,612] Trial 28 finished with value: 0.4766567647457123 and parameters: {'hidden_dim': 162, 'n_layers': 4, 'dropout': 0.1667728534777448, 'input_chunk_length': 91, 'learning_rate': 3.231425101690887e-05, 'batch_size': 64}. Best is trial 1 with value: 0.09405231475830078.
GPU available: True (cuda), used: True
TPU available: False, using: 0 TPU cores
HPU available: False, using: 0 HPUs
LOCAL_RANK: 0 - CUDA_VISIBLE_DEVICES: [0,1,2,3]
SLURM auto-requeueing enabled. Setting signal handlers.
Monitored metric train_loss did not improve in the last 85 records. Best score: 0.020. Signaling Trainer to stop.
GPU available: True (cuda), used: True
TPU available: False, using: 0 TPU cores
HPU available: False, using: 0 HPUs
LOCAL_RANK: 0 - CUDA_VISIBLE_DEVICES: [0,1,2,3]
SLURM auto-requeueing enabled. Setting signal handlers.
[I 2024-11-05 05:25:57,984] Trial 29 finished with value: 0.37621045112609863 and parameters: {'hidden_dim': 102, 'n_layers': 6, 'dropout': 0.23171836703921828, 'input_chunk_length': 27, 'learning_rate': 0.0028871302848850816, 'batch_size': 64}. Best is trial 1 with value: 0.09405231475830078.
GPU available: True (cuda), used: True
TPU available: False, using: 0 TPU cores
HPU available: False, using: 0 HPUs
LOCAL_RANK: 0 - CUDA_VISIBLE_DEVICES: [0,1,2,3]
SLURM auto-requeueing enabled. Setting signal handlers.
Monitored metric train_loss did not improve in the last 86 records. Best score: 0.020. Signaling Trainer to stop.
GPU available: True (cuda), used: True
TPU available: False, using: 0 TPU cores
HPU available: False, using: 0 HPUs
LOCAL_RANK: 0 - CUDA_VISIBLE_DEVICES: [0,1,2,3]
SLURM auto-requeueing enabled. Setting signal handlers.
[I 2024-11-05 05:26:21,622] Trial 30 finished with value: 0.38540852069854736 and parameters: {'hidden_dim': 310, 'n_layers': 3, 'dropout': 0.3050291777079319, 'input_chunk_length': 111, 'learning_rate': 0.0017860259482515325, 'batch_size': 32}. Best is trial 1 with value: 0.09405231475830078.
GPU available: True (cuda), used: True
TPU available: False, using: 0 TPU cores
HPU available: False, using: 0 HPUs
LOCAL_RANK: 0 - CUDA_VISIBLE_DEVICES: [0,1,2,3]
SLURM auto-requeueing enabled. Setting signal handlers.
Monitored metric train_loss did not improve in the last 87 records. Best score: 0.020. Signaling Trainer to stop.
GPU available: True (cuda), used: True
TPU available: False, using: 0 TPU cores
HPU available: False, using: 0 HPUs
LOCAL_RANK: 0 - CUDA_VISIBLE_DEVICES: [0,1,2,3]
SLURM auto-requeueing enabled. Setting signal handlers.
[I 2024-11-05 05:26:36,342] Trial 31 finished with value: 0.3032264709472656 and parameters: {'hidden_dim': 145, 'n_layers': 6, 'dropout': 0.2651858333620244, 'input_chunk_length': 18, 'learning_rate': 0.003127788399695638, 'batch_size': 64}. Best is trial 1 with value: 0.09405231475830078.
GPU available: True (cuda), used: True
TPU available: False, using: 0 TPU cores
HPU available: False, using: 0 HPUs
LOCAL_RANK: 0 - CUDA_VISIBLE_DEVICES: [0,1,2,3]
SLURM auto-requeueing enabled. Setting signal handlers.
Monitored metric train_loss did not improve in the last 88 records. Best score: 0.020. Signaling Trainer to stop.
GPU available: True (cuda), used: True
TPU available: False, using: 0 TPU cores
HPU available: False, using: 0 HPUs
LOCAL_RANK: 0 - CUDA_VISIBLE_DEVICES: [0,1,2,3]
SLURM auto-requeueing enabled. Setting signal handlers.
[I 2024-11-05 05:26:51,534] Trial 32 finished with value: 0.32541629672050476 and parameters: {'hidden_dim': 203, 'n_layers': 6, 'dropout': 0.2616396420534622, 'input_chunk_length': 19, 'learning_rate': 0.0009336181067899605, 'batch_size': 64}. Best is trial 1 with value: 0.09405231475830078.
GPU available: True (cuda), used: True
TPU available: False, using: 0 TPU cores
HPU available: False, using: 0 HPUs
LOCAL_RANK: 0 - CUDA_VISIBLE_DEVICES: [0,1,2,3]
SLURM auto-requeueing enabled. Setting signal handlers.
Monitored metric train_loss did not improve in the last 89 records. Best score: 0.020. Signaling Trainer to stop.
GPU available: True (cuda), used: True
TPU available: False, using: 0 TPU cores
HPU available: False, using: 0 HPUs
LOCAL_RANK: 0 - CUDA_VISIBLE_DEVICES: [0,1,2,3]
SLURM auto-requeueing enabled. Setting signal handlers.
[I 2024-11-05 05:27:08,119] Trial 33 finished with value: 0.9164701104164124 and parameters: {'hidden_dim': 250, 'n_layers': 5, 'dropout': 0.36508691731873333, 'input_chunk_length': 40, 'learning_rate': 0.006291801961553945, 'batch_size': 64}. Best is trial 1 with value: 0.09405231475830078.
GPU available: True (cuda), used: True
TPU available: False, using: 0 TPU cores
HPU available: False, using: 0 HPUs
LOCAL_RANK: 0 - CUDA_VISIBLE_DEVICES: [0,1,2,3]
SLURM auto-requeueing enabled. Setting signal handlers.
Monitored metric train_loss did not improve in the last 90 records. Best score: 0.020. Signaling Trainer to stop.
GPU available: True (cuda), used: True
TPU available: False, using: 0 TPU cores
HPU available: False, using: 0 HPUs
LOCAL_RANK: 0 - CUDA_VISIBLE_DEVICES: [0,1,2,3]
SLURM auto-requeueing enabled. Setting signal handlers.
[I 2024-11-05 05:27:22,643] Trial 34 finished with value: 0.43758007884025574 and parameters: {'hidden_dim': 105, 'n_layers': 6, 'dropout': 0.3379320551076131, 'input_chunk_length': 12, 'learning_rate': 0.0030495389658138656, 'batch_size': 64}. Best is trial 1 with value: 0.09405231475830078.
GPU available: True (cuda), used: True
TPU available: False, using: 0 TPU cores
HPU available: False, using: 0 HPUs
LOCAL_RANK: 0 - CUDA_VISIBLE_DEVICES: [0,1,2,3]
SLURM auto-requeueing enabled. Setting signal handlers.
Monitored metric train_loss did not improve in the last 91 records. Best score: 0.020. Signaling Trainer to stop.
GPU available: True (cuda), used: True
TPU available: False, using: 0 TPU cores
HPU available: False, using: 0 HPUs
LOCAL_RANK: 0 - CUDA_VISIBLE_DEVICES: [0,1,2,3]
SLURM auto-requeueing enabled. Setting signal handlers.
[I 2024-11-05 05:27:39,696] Trial 35 finished with value: 0.33402684330940247 and parameters: {'hidden_dim': 176, 'n_layers': 5, 'dropout': 0.23854345588895787, 'input_chunk_length': 48, 'learning_rate': 0.0012097224122671708, 'batch_size': 64}. Best is trial 1 with value: 0.09405231475830078.
GPU available: True (cuda), used: True
TPU available: False, using: 0 TPU cores
HPU available: False, using: 0 HPUs
LOCAL_RANK: 0 - CUDA_VISIBLE_DEVICES: [0,1,2,3]
SLURM auto-requeueing enabled. Setting signal handlers.
Monitored metric train_loss did not improve in the last 92 records. Best score: 0.020. Signaling Trainer to stop.
GPU available: True (cuda), used: True
TPU available: False, using: 0 TPU cores
HPU available: False, using: 0 HPUs
LOCAL_RANK: 0 - CUDA_VISIBLE_DEVICES: [0,1,2,3]
SLURM auto-requeueing enabled. Setting signal handlers.
[I 2024-11-05 05:28:03,000] Trial 36 finished with value: 0.2939116656780243 and parameters: {'hidden_dim': 143, 'n_layers': 6, 'dropout': 0.03668538912789942, 'input_chunk_length': 117, 'learning_rate': 0.0007044724886649335, 'batch_size': 32}. Best is trial 1 with value: 0.09405231475830078.
GPU available: True (cuda), used: True
TPU available: False, using: 0 TPU cores
HPU available: False, using: 0 HPUs
LOCAL_RANK: 0 - CUDA_VISIBLE_DEVICES: [0,1,2,3]
SLURM auto-requeueing enabled. Setting signal handlers.
Monitored metric train_loss did not improve in the last 93 records. Best score: 0.020. Signaling Trainer to stop.
GPU available: True (cuda), used: True
TPU available: False, using: 0 TPU cores
HPU available: False, using: 0 HPUs
LOCAL_RANK: 0 - CUDA_VISIBLE_DEVICES: [0,1,2,3]
SLURM auto-requeueing enabled. Setting signal handlers.
[I 2024-11-05 05:28:26,428] Trial 37 finished with value: 0.4781661629676819 and parameters: {'hidden_dim': 306, 'n_layers': 5, 'dropout': 0.49059878228142034, 'input_chunk_length': 96, 'learning_rate': 0.006203492589252255, 'batch_size': 64}. Best is trial 1 with value: 0.09405231475830078.
GPU available: True (cuda), used: True
TPU available: False, using: 0 TPU cores
HPU available: False, using: 0 HPUs
LOCAL_RANK: 0 - CUDA_VISIBLE_DEVICES: [0,1,2,3]
SLURM auto-requeueing enabled. Setting signal handlers.
Monitored metric train_loss did not improve in the last 94 records. Best score: 0.020. Signaling Trainer to stop.
GPU available: True (cuda), used: True
TPU available: False, using: 0 TPU cores
HPU available: False, using: 0 HPUs
LOCAL_RANK: 0 - CUDA_VISIBLE_DEVICES: [0,1,2,3]
SLURM auto-requeueing enabled. Setting signal handlers.
[I 2024-11-05 05:28:45,351] Trial 38 finished with value: 0.30581626296043396 and parameters: {'hidden_dim': 188, 'n_layers': 1, 'dropout': 0.29322307027014866, 'input_chunk_length': 106, 'learning_rate': 0.002033709109369557, 'batch_size': 32}. Best is trial 1 with value: 0.09405231475830078.
GPU available: True (cuda), used: True
TPU available: False, using: 0 TPU cores
HPU available: False, using: 0 HPUs
LOCAL_RANK: 0 - CUDA_VISIBLE_DEVICES: [0,1,2,3]
SLURM auto-requeueing enabled. Setting signal handlers.
Monitored metric train_loss did not improve in the last 95 records. Best score: 0.020. Signaling Trainer to stop.
GPU available: True (cuda), used: True
TPU available: False, using: 0 TPU cores
HPU available: False, using: 0 HPUs
LOCAL_RANK: 0 - CUDA_VISIBLE_DEVICES: [0,1,2,3]
SLURM auto-requeueing enabled. Setting signal handlers.
[I 2024-11-05 05:29:03,107] Trial 39 finished with value: 0.3268176019191742 and parameters: {'hidden_dim': 266, 'n_layers': 2, 'dropout': 0.39817356778924284, 'input_chunk_length': 64, 'learning_rate': 0.00013641334414310016, 'batch_size': 64}. Best is trial 1 with value: 0.09405231475830078.
GPU available: True (cuda), used: True
TPU available: False, using: 0 TPU cores
HPU available: False, using: 0 HPUs
LOCAL_RANK: 0 - CUDA_VISIBLE_DEVICES: [0,1,2,3]
SLURM auto-requeueing enabled. Setting signal handlers.
Monitored metric train_loss did not improve in the last 96 records. Best score: 0.020. Signaling Trainer to stop.
GPU available: True (cuda), used: True
TPU available: False, using: 0 TPU cores
HPU available: False, using: 0 HPUs
LOCAL_RANK: 0 - CUDA_VISIBLE_DEVICES: [0,1,2,3]
SLURM auto-requeueing enabled. Setting signal handlers.
[I 2024-11-05 05:29:27,672] Trial 40 finished with value: 0.3119038939476013 and parameters: {'hidden_dim': 380, 'n_layers': 5, 'dropout': 0.21861573858557004, 'input_chunk_length': 82, 'learning_rate': 0.0003173997704318509, 'batch_size': 32}. Best is trial 1 with value: 0.09405231475830078.
GPU available: True (cuda), used: True
TPU available: False, using: 0 TPU cores
HPU available: False, using: 0 HPUs
LOCAL_RANK: 0 - CUDA_VISIBLE_DEVICES: [0,1,2,3]
SLURM auto-requeueing enabled. Setting signal handlers.
Monitored metric train_loss did not improve in the last 97 records. Best score: 0.020. Signaling Trainer to stop.
GPU available: True (cuda), used: True
TPU available: False, using: 0 TPU cores
HPU available: False, using: 0 HPUs
LOCAL_RANK: 0 - CUDA_VISIBLE_DEVICES: [0,1,2,3]
SLURM auto-requeueing enabled. Setting signal handlers.
[I 2024-11-05 05:29:44,718] Trial 41 finished with value: 0.3164239227771759 and parameters: {'hidden_dim': 63, 'n_layers': 4, 'dropout': 0.07317164668811288, 'input_chunk_length': 91, 'learning_rate': 0.0021940698518306, 'batch_size': 32}. Best is trial 1 with value: 0.09405231475830078.
GPU available: True (cuda), used: True
TPU available: False, using: 0 TPU cores
HPU available: False, using: 0 HPUs
LOCAL_RANK: 0 - CUDA_VISIBLE_DEVICES: [0,1,2,3]
SLURM auto-requeueing enabled. Setting signal handlers.
Monitored metric train_loss did not improve in the last 98 records. Best score: 0.020. Signaling Trainer to stop.
GPU available: True (cuda), used: True
TPU available: False, using: 0 TPU cores
HPU available: False, using: 0 HPUs
LOCAL_RANK: 0 - CUDA_VISIBLE_DEVICES: [0,1,2,3]
SLURM auto-requeueing enabled. Setting signal handlers.
[I 2024-11-05 05:30:02,134] Trial 42 finished with value: 0.3710947036743164 and parameters: {'hidden_dim': 85, 'n_layers': 4, 'dropout': 0.017798770794034413, 'input_chunk_length': 116, 'learning_rate': 0.0040628722282405084, 'batch_size': 32}. Best is trial 1 with value: 0.09405231475830078.
GPU available: True (cuda), used: True
TPU available: False, using: 0 TPU cores
HPU available: False, using: 0 HPUs
LOCAL_RANK: 0 - CUDA_VISIBLE_DEVICES: [0,1,2,3]
SLURM auto-requeueing enabled. Setting signal handlers.
Monitored metric train_loss did not improve in the last 99 records. Best score: 0.020. Signaling Trainer to stop.
GPU available: True (cuda), used: True
TPU available: False, using: 0 TPU cores
HPU available: False, using: 0 HPUs
LOCAL_RANK: 0 - CUDA_VISIBLE_DEVICES: [0,1,2,3]
SLURM auto-requeueing enabled. Setting signal handlers.
[I 2024-11-05 05:30:19,024] Trial 43 finished with value: 0.3894234001636505 and parameters: {'hidden_dim': 89, 'n_layers': 3, 'dropout': 0.05821164709965793, 'input_chunk_length': 75, 'learning_rate': 0.0060985974536734424, 'batch_size': 32}. Best is trial 1 with value: 0.09405231475830078.
GPU available: True (cuda), used: True
TPU available: False, using: 0 TPU cores
HPU available: False, using: 0 HPUs
LOCAL_RANK: 0 - CUDA_VISIBLE_DEVICES: [0,1,2,3]
SLURM auto-requeueing enabled. Setting signal handlers.
Monitored metric train_loss did not improve in the last 100 records. Best score: 0.020. Signaling Trainer to stop.
GPU available: True (cuda), used: True
TPU available: False, using: 0 TPU cores
HPU available: False, using: 0 HPUs
LOCAL_RANK: 0 - CUDA_VISIBLE_DEVICES: [0,1,2,3]
SLURM auto-requeueing enabled. Setting signal handlers.
[I 2024-11-05 05:30:37,254] Trial 44 finished with value: 0.3803274631500244 and parameters: {'hidden_dim': 116, 'n_layers': 4, 'dropout': 0.13955125897126755, 'input_chunk_length': 130, 'learning_rate': 0.0013472969587515, 'batch_size': 32}. Best is trial 1 with value: 0.09405231475830078.
GPU available: True (cuda), used: True
TPU available: False, using: 0 TPU cores
HPU available: False, using: 0 HPUs
LOCAL_RANK: 0 - CUDA_VISIBLE_DEVICES: [0,1,2,3]
SLURM auto-requeueing enabled. Setting signal handlers.
Monitored metric train_loss did not improve in the last 101 records. Best score: 0.020. Signaling Trainer to stop.
GPU available: True (cuda), used: True
TPU available: False, using: 0 TPU cores
HPU available: False, using: 0 HPUs
LOCAL_RANK: 0 - CUDA_VISIBLE_DEVICES: [0,1,2,3]
SLURM auto-requeueing enabled. Setting signal handlers.
[I 2024-11-05 05:30:55,647] Trial 45 finished with value: 0.34592297673225403 and parameters: {'hidden_dim': 218, 'n_layers': 5, 'dropout': 0.18250635975962348, 'input_chunk_length': 29, 'learning_rate': 0.0022412900856260036, 'batch_size': 32}. Best is trial 1 with value: 0.09405231475830078.
GPU available: True (cuda), used: True
TPU available: False, using: 0 TPU cores
HPU available: False, using: 0 HPUs
LOCAL_RANK: 0 - CUDA_VISIBLE_DEVICES: [0,1,2,3]
SLURM auto-requeueing enabled. Setting signal handlers.
Monitored metric train_loss did not improve in the last 102 records. Best score: 0.020. Signaling Trainer to stop.
GPU available: True (cuda), used: True
TPU available: False, using: 0 TPU cores
HPU available: False, using: 0 HPUs
LOCAL_RANK: 0 - CUDA_VISIBLE_DEVICES: [0,1,2,3]
SLURM auto-requeueing enabled. Setting signal handlers.
[I 2024-11-05 05:31:14,023] Trial 46 finished with value: 0.4001268446445465 and parameters: {'hidden_dim': 145, 'n_layers': 2, 'dropout': 0.0855596342534755, 'input_chunk_length': 100, 'learning_rate': 0.003333627927312601, 'batch_size': 32}. Best is trial 1 with value: 0.09405231475830078.
GPU available: True (cuda), used: True
TPU available: False, using: 0 TPU cores
HPU available: False, using: 0 HPUs
LOCAL_RANK: 0 - CUDA_VISIBLE_DEVICES: [0,1,2,3]
SLURM auto-requeueing enabled. Setting signal handlers.
Monitored metric train_loss did not improve in the last 103 records. Best score: 0.020. Signaling Trainer to stop.
GPU available: True (cuda), used: True
TPU available: False, using: 0 TPU cores
HPU available: False, using: 0 HPUs
LOCAL_RANK: 0 - CUDA_VISIBLE_DEVICES: [0,1,2,3]
SLURM auto-requeueing enabled. Setting signal handlers.
