[I 2024-11-04 18:13:01,020] Trial 22 finished with value: 0.3216346800327301 and parameters: {'hidden_dim': 301, 'n_layers': 1, 'dropout': 0.03963344799121181, 'input_chunk_length': 70, 'learning_rate': 0.00028215493650718437, 'batch_size': 32}. Best is trial 12 with value: 0.28503358364105225.
GPU available: True (cuda), used: True
TPU available: False, using: 0 TPU cores
HPU available: False, using: 0 HPUs
LOCAL_RANK: 0 - CUDA_VISIBLE_DEVICES: [0,1,2,3]
SLURM auto-requeueing enabled. Setting signal handlers.
Monitored metric train_loss did not improve in the last 82 records. Best score: 0.105. Signaling Trainer to stop.
GPU available: True (cuda), used: True
TPU available: False, using: 0 TPU cores
HPU available: False, using: 0 HPUs
LOCAL_RANK: 0 - CUDA_VISIBLE_DEVICES: [0,1,2,3]
SLURM auto-requeueing enabled. Setting signal handlers.
[I 2024-11-04 18:13:17,229] Trial 23 finished with value: 0.3259846270084381 and parameters: {'hidden_dim': 234, 'n_layers': 2, 'dropout': 0.11259792748535921, 'input_chunk_length': 82, 'learning_rate': 8.987521335956331e-05, 'batch_size': 32}. Best is trial 12 with value: 0.28503358364105225.
GPU available: True (cuda), used: True
TPU available: False, using: 0 TPU cores
HPU available: False, using: 0 HPUs
LOCAL_RANK: 0 - CUDA_VISIBLE_DEVICES: [0,1,2,3]
SLURM auto-requeueing enabled. Setting signal handlers.
Monitored metric train_loss did not improve in the last 83 records. Best score: 0.105. Signaling Trainer to stop.
GPU available: True (cuda), used: True
TPU available: False, using: 0 TPU cores
HPU available: False, using: 0 HPUs
LOCAL_RANK: 0 - CUDA_VISIBLE_DEVICES: [0,1,2,3]
SLURM auto-requeueing enabled. Setting signal handlers.
[I 2024-11-04 18:13:32,101] Trial 24 finished with value: 0.38857728242874146 and parameters: {'hidden_dim': 374, 'n_layers': 1, 'dropout': 4.167892645508958e-07, 'input_chunk_length': 48, 'learning_rate': 3.5432131433863666e-05, 'batch_size': 32}. Best is trial 12 with value: 0.28503358364105225.
GPU available: True (cuda), used: True
TPU available: False, using: 0 TPU cores
HPU available: False, using: 0 HPUs
LOCAL_RANK: 0 - CUDA_VISIBLE_DEVICES: [0,1,2,3]
SLURM auto-requeueing enabled. Setting signal handlers.
Monitored metric train_loss did not improve in the last 84 records. Best score: 0.105. Signaling Trainer to stop.
GPU available: True (cuda), used: True
TPU available: False, using: 0 TPU cores
HPU available: False, using: 0 HPUs
LOCAL_RANK: 0 - CUDA_VISIBLE_DEVICES: [0,1,2,3]
SLURM auto-requeueing enabled. Setting signal handlers.
[I 2024-11-04 18:13:47,813] Trial 25 finished with value: 0.3296562135219574 and parameters: {'hidden_dim': 296, 'n_layers': 2, 'dropout': 0.05139722438979767, 'input_chunk_length': 72, 'learning_rate': 0.00017650790319437217, 'batch_size': 32}. Best is trial 12 with value: 0.28503358364105225.
GPU available: True (cuda), used: True
TPU available: False, using: 0 TPU cores
HPU available: False, using: 0 HPUs
LOCAL_RANK: 0 - CUDA_VISIBLE_DEVICES: [0,1,2,3]
SLURM auto-requeueing enabled. Setting signal handlers.
Monitored metric train_loss did not improve in the last 85 records. Best score: 0.105. Signaling Trainer to stop.
GPU available: True (cuda), used: True
TPU available: False, using: 0 TPU cores
HPU available: False, using: 0 HPUs
LOCAL_RANK: 0 - CUDA_VISIBLE_DEVICES: [0,1,2,3]
SLURM auto-requeueing enabled. Setting signal handlers.
[I 2024-11-04 18:14:05,200] Trial 26 finished with value: 0.351400762796402 and parameters: {'hidden_dim': 358, 'n_layers': 1, 'dropout': 0.10033250784527381, 'input_chunk_length': 106, 'learning_rate': 0.0004847180780276708, 'batch_size': 32}. Best is trial 12 with value: 0.28503358364105225.
GPU available: True (cuda), used: True
TPU available: False, using: 0 TPU cores
HPU available: False, using: 0 HPUs
LOCAL_RANK: 0 - CUDA_VISIBLE_DEVICES: [0,1,2,3]
SLURM auto-requeueing enabled. Setting signal handlers.
Monitored metric train_loss did not improve in the last 86 records. Best score: 0.105. Signaling Trainer to stop.
GPU available: True (cuda), used: True
TPU available: False, using: 0 TPU cores
HPU available: False, using: 0 HPUs
LOCAL_RANK: 0 - CUDA_VISIBLE_DEVICES: [0,1,2,3]
SLURM auto-requeueing enabled. Setting signal handlers.
[I 2024-11-04 18:14:20,103] Trial 27 finished with value: 0.5466784238815308 and parameters: {'hidden_dim': 235, 'n_layers': 3, 'dropout': 0.05355208663996209, 'input_chunk_length': 24, 'learning_rate': 1.1174852330127472e-05, 'batch_size': 32}. Best is trial 12 with value: 0.28503358364105225.
GPU available: True (cuda), used: True
TPU available: False, using: 0 TPU cores
HPU available: False, using: 0 HPUs
LOCAL_RANK: 0 - CUDA_VISIBLE_DEVICES: [0,1,2,3]
SLURM auto-requeueing enabled. Setting signal handlers.
Monitored metric train_loss did not improve in the last 87 records. Best score: 0.105. Signaling Trainer to stop.
GPU available: True (cuda), used: True
TPU available: False, using: 0 TPU cores
HPU available: False, using: 0 HPUs
LOCAL_RANK: 0 - CUDA_VISIBLE_DEVICES: [0,1,2,3]
SLURM auto-requeueing enabled. Setting signal handlers.
[I 2024-11-04 18:14:36,542] Trial 28 finished with value: 0.3977312445640564 and parameters: {'hidden_dim': 261, 'n_layers': 5, 'dropout': 0.17377391486239224, 'input_chunk_length': 55, 'learning_rate': 5.444941172466753e-05, 'batch_size': 32}. Best is trial 12 with value: 0.28503358364105225.
GPU available: True (cuda), used: True
TPU available: False, using: 0 TPU cores
HPU available: False, using: 0 HPUs
LOCAL_RANK: 0 - CUDA_VISIBLE_DEVICES: [0,1,2,3]
SLURM auto-requeueing enabled. Setting signal handlers.
Monitored metric train_loss did not improve in the last 88 records. Best score: 0.105. Signaling Trainer to stop.
GPU available: True (cuda), used: True
TPU available: False, using: 0 TPU cores
HPU available: False, using: 0 HPUs
LOCAL_RANK: 0 - CUDA_VISIBLE_DEVICES: [0,1,2,3]
SLURM auto-requeueing enabled. Setting signal handlers.
[I 2024-11-04 18:14:53,758] Trial 29 finished with value: 0.3312060534954071 and parameters: {'hidden_dim': 314, 'n_layers': 3, 'dropout': 0.0021262635790048755, 'input_chunk_length': 82, 'learning_rate': 0.00020815702487947881, 'batch_size': 32}. Best is trial 12 with value: 0.28503358364105225.
GPU available: True (cuda), used: True
TPU available: False, using: 0 TPU cores
HPU available: False, using: 0 HPUs
LOCAL_RANK: 0 - CUDA_VISIBLE_DEVICES: [0,1,2,3]
SLURM auto-requeueing enabled. Setting signal handlers.
Monitored metric train_loss did not improve in the last 89 records. Best score: 0.105. Signaling Trainer to stop.
GPU available: True (cuda), used: True
TPU available: False, using: 0 TPU cores
HPU available: False, using: 0 HPUs
LOCAL_RANK: 0 - CUDA_VISIBLE_DEVICES: [0,1,2,3]
SLURM auto-requeueing enabled. Setting signal handlers.
[I 2024-11-04 18:15:09,100] Trial 30 finished with value: 0.3458254337310791 and parameters: {'hidden_dim': 344, 'n_layers': 1, 'dropout': 0.19593923997008814, 'input_chunk_length': 66, 'learning_rate': 8.78439887126658e-05, 'batch_size': 32}. Best is trial 12 with value: 0.28503358364105225.
GPU available: True (cuda), used: True
TPU available: False, using: 0 TPU cores
HPU available: False, using: 0 HPUs
LOCAL_RANK: 0 - CUDA_VISIBLE_DEVICES: [0,1,2,3]
SLURM auto-requeueing enabled. Setting signal handlers.
Monitored metric train_loss did not improve in the last 90 records. Best score: 0.105. Signaling Trainer to stop.
GPU available: True (cuda), used: True
TPU available: False, using: 0 TPU cores
HPU available: False, using: 0 HPUs
LOCAL_RANK: 0 - CUDA_VISIBLE_DEVICES: [0,1,2,3]
SLURM auto-requeueing enabled. Setting signal handlers.
[I 2024-11-04 18:15:24,851] Trial 31 finished with value: 0.3441350758075714 and parameters: {'hidden_dim': 293, 'n_layers': 1, 'dropout': 0.03660469017638537, 'input_chunk_length': 73, 'learning_rate': 0.00028368265952214057, 'batch_size': 32}. Best is trial 12 with value: 0.28503358364105225.
GPU available: True (cuda), used: True
TPU available: False, using: 0 TPU cores
HPU available: False, using: 0 HPUs
LOCAL_RANK: 0 - CUDA_VISIBLE_DEVICES: [0,1,2,3]
SLURM auto-requeueing enabled. Setting signal handlers.
Monitored metric train_loss did not improve in the last 91 records. Best score: 0.105. Signaling Trainer to stop.
GPU available: True (cuda), used: True
TPU available: False, using: 0 TPU cores
HPU available: False, using: 0 HPUs
LOCAL_RANK: 0 - CUDA_VISIBLE_DEVICES: [0,1,2,3]
SLURM auto-requeueing enabled. Setting signal handlers.
[I 2024-11-04 18:15:39,042] Trial 32 finished with value: 0.36356985569000244 and parameters: {'hidden_dim': 260, 'n_layers': 1, 'dropout': 0.04091158574064347, 'input_chunk_length': 46, 'learning_rate': 0.0013157326271356906, 'batch_size': 32}. Best is trial 12 with value: 0.28503358364105225.
GPU available: True (cuda), used: True
TPU available: False, using: 0 TPU cores
HPU available: False, using: 0 HPUs
LOCAL_RANK: 0 - CUDA_VISIBLE_DEVICES: [0,1,2,3]
SLURM auto-requeueing enabled. Setting signal handlers.
Monitored metric train_loss did not improve in the last 92 records. Best score: 0.105. Signaling Trainer to stop.
GPU available: True (cuda), used: True
TPU available: False, using: 0 TPU cores
HPU available: False, using: 0 HPUs
LOCAL_RANK: 0 - CUDA_VISIBLE_DEVICES: [0,1,2,3]
SLURM auto-requeueing enabled. Setting signal handlers.
[I 2024-11-04 18:15:55,697] Trial 33 finished with value: 0.3103729784488678 and parameters: {'hidden_dim': 304, 'n_layers': 2, 'dropout': 0.09287023307190478, 'input_chunk_length': 90, 'learning_rate': 0.0003800625147985062, 'batch_size': 32}. Best is trial 12 with value: 0.28503358364105225.
GPU available: True (cuda), used: True
TPU available: False, using: 0 TPU cores
HPU available: False, using: 0 HPUs
LOCAL_RANK: 0 - CUDA_VISIBLE_DEVICES: [0,1,2,3]
SLURM auto-requeueing enabled. Setting signal handlers.
Monitored metric train_loss did not improve in the last 93 records. Best score: 0.105. Signaling Trainer to stop.
GPU available: True (cuda), used: True
TPU available: False, using: 0 TPU cores
HPU available: False, using: 0 HPUs
LOCAL_RANK: 0 - CUDA_VISIBLE_DEVICES: [0,1,2,3]
SLURM auto-requeueing enabled. Setting signal handlers.
[I 2024-11-04 18:16:13,141] Trial 34 finished with value: 0.336978554725647 and parameters: {'hidden_dim': 408, 'n_layers': 2, 'dropout': 0.08964731297749885, 'input_chunk_length': 89, 'learning_rate': 0.0004315866956348278, 'batch_size': 32}. Best is trial 12 with value: 0.28503358364105225.
GPU available: True (cuda), used: True
TPU available: False, using: 0 TPU cores
HPU available: False, using: 0 HPUs
LOCAL_RANK: 0 - CUDA_VISIBLE_DEVICES: [0,1,2,3]
SLURM auto-requeueing enabled. Setting signal handlers.
Monitored metric train_loss did not improve in the last 94 records. Best score: 0.105. Signaling Trainer to stop.
GPU available: True (cuda), used: True
TPU available: False, using: 0 TPU cores
HPU available: False, using: 0 HPUs
LOCAL_RANK: 0 - CUDA_VISIBLE_DEVICES: [0,1,2,3]
SLURM auto-requeueing enabled. Setting signal handlers.
[I 2024-11-04 18:16:31,727] Trial 35 finished with value: 0.4005785882472992 and parameters: {'hidden_dim': 343, 'n_layers': 3, 'dropout': 0.12974431110423773, 'input_chunk_length': 97, 'learning_rate': 4.2077423616567155e-05, 'batch_size': 32}. Best is trial 12 with value: 0.28503358364105225.
GPU available: True (cuda), used: True
TPU available: False, using: 0 TPU cores
HPU available: False, using: 0 HPUs
LOCAL_RANK: 0 - CUDA_VISIBLE_DEVICES: [0,1,2,3]
SLURM auto-requeueing enabled. Setting signal handlers.
Monitored metric train_loss did not improve in the last 95 records. Best score: 0.105. Signaling Trainer to stop.
GPU available: True (cuda), used: True
TPU available: False, using: 0 TPU cores
HPU available: False, using: 0 HPUs
LOCAL_RANK: 0 - CUDA_VISIBLE_DEVICES: [0,1,2,3]
SLURM auto-requeueing enabled. Setting signal handlers.
[I 2024-11-04 18:16:49,241] Trial 36 finished with value: 0.45131731033325195 and parameters: {'hidden_dim': 270, 'n_layers': 2, 'dropout': 0.07495806175636299, 'input_chunk_length': 124, 'learning_rate': 2.3864977998713522e-05, 'batch_size': 64}. Best is trial 12 with value: 0.28503358364105225.
GPU available: True (cuda), used: True
TPU available: False, using: 0 TPU cores
HPU available: False, using: 0 HPUs
LOCAL_RANK: 0 - CUDA_VISIBLE_DEVICES: [0,1,2,3]
SLURM auto-requeueing enabled. Setting signal handlers.
Monitored metric train_loss did not improve in the last 96 records. Best score: 0.105. Signaling Trainer to stop.
GPU available: True (cuda), used: True
TPU available: False, using: 0 TPU cores
HPU available: False, using: 0 HPUs
LOCAL_RANK: 0 - CUDA_VISIBLE_DEVICES: [0,1,2,3]
SLURM auto-requeueing enabled. Setting signal handlers.
[I 2024-11-04 18:17:06,139] Trial 37 finished with value: 0.3558650612831116 and parameters: {'hidden_dim': 321, 'n_layers': 1, 'dropout': 0.23549806023120853, 'input_chunk_length': 102, 'learning_rate': 0.0014656828311932317, 'batch_size': 32}. Best is trial 12 with value: 0.28503358364105225.
GPU available: True (cuda), used: True
TPU available: False, using: 0 TPU cores
HPU available: False, using: 0 HPUs
LOCAL_RANK: 0 - CUDA_VISIBLE_DEVICES: [0,1,2,3]
SLURM auto-requeueing enabled. Setting signal handlers.
Monitored metric train_loss did not improve in the last 97 records. Best score: 0.105. Signaling Trainer to stop.
GPU available: True (cuda), used: True
TPU available: False, using: 0 TPU cores
HPU available: False, using: 0 HPUs
LOCAL_RANK: 0 - CUDA_VISIBLE_DEVICES: [0,1,2,3]
SLURM auto-requeueing enabled. Setting signal handlers.
[I 2024-11-04 18:17:22,546] Trial 38 finished with value: 0.39692094922065735 and parameters: {'hidden_dim': 217, 'n_layers': 4, 'dropout': 0.1422046615343624, 'input_chunk_length': 81, 'learning_rate': 0.00010239530617525942, 'batch_size': 64}. Best is trial 12 with value: 0.28503358364105225.
GPU available: True (cuda), used: True
TPU available: False, using: 0 TPU cores
HPU available: False, using: 0 HPUs
LOCAL_RANK: 0 - CUDA_VISIBLE_DEVICES: [0,1,2,3]
SLURM auto-requeueing enabled. Setting signal handlers.
Monitored metric train_loss did not improve in the last 98 records. Best score: 0.105. Signaling Trainer to stop.
GPU available: True (cuda), used: True
TPU available: False, using: 0 TPU cores
HPU available: False, using: 0 HPUs
LOCAL_RANK: 0 - CUDA_VISIBLE_DEVICES: [0,1,2,3]
SLURM auto-requeueing enabled. Setting signal handlers.
[I 2024-11-04 18:17:37,004] Trial 39 finished with value: 0.31646648049354553 and parameters: {'hidden_dim': 155, 'n_layers': 2, 'dropout': 0.01602859755917249, 'input_chunk_length': 55, 'learning_rate': 0.0002014020839575912, 'batch_size': 32}. Best is trial 12 with value: 0.28503358364105225.
GPU available: True (cuda), used: True
TPU available: False, using: 0 TPU cores
HPU available: False, using: 0 HPUs
LOCAL_RANK: 0 - CUDA_VISIBLE_DEVICES: [0,1,2,3]
SLURM auto-requeueing enabled. Setting signal handlers.
Monitored metric train_loss did not improve in the last 99 records. Best score: 0.105. Signaling Trainer to stop.
GPU available: True (cuda), used: True
TPU available: False, using: 0 TPU cores
HPU available: False, using: 0 HPUs
LOCAL_RANK: 0 - CUDA_VISIBLE_DEVICES: [0,1,2,3]
SLURM auto-requeueing enabled. Setting signal handlers.
[I 2024-11-04 18:17:53,092] Trial 40 finished with value: 0.5082943439483643 and parameters: {'hidden_dim': 362, 'n_layers': 1, 'dropout': 0.3953692198436131, 'input_chunk_length': 89, 'learning_rate': 4.6536617536793785e-05, 'batch_size': 64}. Best is trial 12 with value: 0.28503358364105225.
GPU available: True (cuda), used: True
TPU available: False, using: 0 TPU cores
HPU available: False, using: 0 HPUs
LOCAL_RANK: 0 - CUDA_VISIBLE_DEVICES: [0,1,2,3]
SLURM auto-requeueing enabled. Setting signal handlers.
Monitored metric train_loss did not improve in the last 100 records. Best score: 0.105. Signaling Trainer to stop.
GPU available: True (cuda), used: True
TPU available: False, using: 0 TPU cores
HPU available: False, using: 0 HPUs
LOCAL_RANK: 0 - CUDA_VISIBLE_DEVICES: [0,1,2,3]
SLURM auto-requeueing enabled. Setting signal handlers.
[I 2024-11-04 18:18:07,049] Trial 41 finished with value: 0.4297657310962677 and parameters: {'hidden_dim': 148, 'n_layers': 2, 'dropout': 0.02014614322417127, 'input_chunk_length': 53, 'learning_rate': 0.0001871991575776569, 'batch_size': 32}. Best is trial 12 with value: 0.28503358364105225.
GPU available: True (cuda), used: True
TPU available: False, using: 0 TPU cores
HPU available: False, using: 0 HPUs
LOCAL_RANK: 0 - CUDA_VISIBLE_DEVICES: [0,1,2,3]
SLURM auto-requeueing enabled. Setting signal handlers.
Monitored metric train_loss did not improve in the last 101 records. Best score: 0.105. Signaling Trainer to stop.
GPU available: True (cuda), used: True
TPU available: False, using: 0 TPU cores
HPU available: False, using: 0 HPUs
LOCAL_RANK: 0 - CUDA_VISIBLE_DEVICES: [0,1,2,3]
SLURM auto-requeueing enabled. Setting signal handlers.
[I 2024-11-04 18:18:23,039] Trial 42 finished with value: 0.32838523387908936 and parameters: {'hidden_dim': 249, 'n_layers': 3, 'dropout': 0.06451961492845323, 'input_chunk_length': 64, 'learning_rate': 7.520153366379951e-05, 'batch_size': 32}. Best is trial 12 with value: 0.28503358364105225.
GPU available: True (cuda), used: True
TPU available: False, using: 0 TPU cores
HPU available: False, using: 0 HPUs
LOCAL_RANK: 0 - CUDA_VISIBLE_DEVICES: [0,1,2,3]
SLURM auto-requeueing enabled. Setting signal handlers.
Monitored metric train_loss did not improve in the last 102 records. Best score: 0.105. Signaling Trainer to stop.
GPU available: True (cuda), used: True
TPU available: False, using: 0 TPU cores
HPU available: False, using: 0 HPUs
LOCAL_RANK: 0 - CUDA_VISIBLE_DEVICES: [0,1,2,3]
SLURM auto-requeueing enabled. Setting signal handlers.
[I 2024-11-04 18:18:37,076] Trial 43 finished with value: 0.33481600880622864 and parameters: {'hidden_dim': 57, 'n_layers': 2, 'dropout': 0.028725279949350074, 'input_chunk_length': 59, 'learning_rate': 0.0003918331314023703, 'batch_size': 32}. Best is trial 12 with value: 0.28503358364105225.
GPU available: True (cuda), used: True
TPU available: False, using: 0 TPU cores
HPU available: False, using: 0 HPUs
LOCAL_RANK: 0 - CUDA_VISIBLE_DEVICES: [0,1,2,3]
SLURM auto-requeueing enabled. Setting signal handlers.
Monitored metric train_loss did not improve in the last 103 records. Best score: 0.105. Signaling Trainer to stop.
GPU available: True (cuda), used: True
TPU available: False, using: 0 TPU cores
HPU available: False, using: 0 HPUs
LOCAL_RANK: 0 - CUDA_VISIBLE_DEVICES: [0,1,2,3]
SLURM auto-requeueing enabled. Setting signal handlers.
[I 2024-11-04 18:18:51,041] Trial 44 finished with value: 0.3287578225135803 and parameters: {'hidden_dim': 102, 'n_layers': 1, 'dropout': 0.007860549927519377, 'input_chunk_length': 44, 'learning_rate': 0.0001334482287125727, 'batch_size': 32}. Best is trial 12 with value: 0.28503358364105225.
GPU available: True (cuda), used: True
TPU available: False, using: 0 TPU cores
HPU available: False, using: 0 HPUs
LOCAL_RANK: 0 - CUDA_VISIBLE_DEVICES: [0,1,2,3]
SLURM auto-requeueing enabled. Setting signal handlers.
Monitored metric train_loss did not improve in the last 104 records. Best score: 0.105. Signaling Trainer to stop.
GPU available: True (cuda), used: True
TPU available: False, using: 0 TPU cores
HPU available: False, using: 0 HPUs
LOCAL_RANK: 0 - CUDA_VISIBLE_DEVICES: [0,1,2,3]
SLURM auto-requeueing enabled. Setting signal handlers.
[I 2024-11-04 18:19:05,386] Trial 45 finished with value: 0.3907472491264343 and parameters: {'hidden_dim': 158, 'n_layers': 1, 'dropout': 0.054702045685494916, 'input_chunk_length': 77, 'learning_rate': 2.7077137268685746e-05, 'batch_size': 32}. Best is trial 12 with value: 0.28503358364105225.
GPU available: True (cuda), used: True
TPU available: False, using: 0 TPU cores
HPU available: False, using: 0 HPUs
LOCAL_RANK: 0 - CUDA_VISIBLE_DEVICES: [0,1,2,3]
SLURM auto-requeueing enabled. Setting signal handlers.
Monitored metric train_loss did not improve in the last 105 records. Best score: 0.105. Signaling Trainer to stop.
GPU available: True (cuda), used: True
TPU available: False, using: 0 TPU cores
HPU available: False, using: 0 HPUs
LOCAL_RANK: 0 - CUDA_VISIBLE_DEVICES: [0,1,2,3]
SLURM auto-requeueing enabled. Setting signal handlers.
[I 2024-11-04 18:19:21,383] Trial 46 finished with value: 0.3639577031135559 and parameters: {'hidden_dim': 209, 'n_layers': 3, 'dropout': 0.11966138031311599, 'input_chunk_length': 66, 'learning_rate': 0.00022839251110790454, 'batch_size': 32}. Best is trial 12 with value: 0.28503358364105225.
GPU available: True (cuda), used: True
TPU available: False, using: 0 TPU cores
HPU available: False, using: 0 HPUs
LOCAL_RANK: 0 - CUDA_VISIBLE_DEVICES: [0,1,2,3]
SLURM auto-requeueing enabled. Setting signal handlers.
Monitored metric train_loss did not improve in the last 106 records. Best score: 0.105. Signaling Trainer to stop.
GPU available: True (cuda), used: True
TPU available: False, using: 0 TPU cores
HPU available: False, using: 0 HPUs
LOCAL_RANK: 0 - CUDA_VISIBLE_DEVICES: [0,1,2,3]
SLURM auto-requeueing enabled. Setting signal handlers.
