[I 2024-11-04 16:45:33,602] Trial 270 finished with value: 0.3722514808177948 and parameters: {'hidden_dim': 444, 'n_layers': 6, 'dropout': 0.4985236081561699, 'input_chunk_length': 109, 'learning_rate': 0.0005878181844023309, 'batch_size': 32}. Best is trial 1 with value: 0.09709455817937851.
GPU available: True (cuda), used: True
TPU available: False, using: 0 TPU cores
HPU available: False, using: 0 HPUs
LOCAL_RANK: 0 - CUDA_VISIBLE_DEVICES: [0,1,2,3]
SLURM auto-requeueing enabled. Setting signal handlers.
Monitored metric train_loss did not improve in the last 328 records. Best score: 0.050. Signaling Trainer to stop.
GPU available: True (cuda), used: True
TPU available: False, using: 0 TPU cores
HPU available: False, using: 0 HPUs
LOCAL_RANK: 0 - CUDA_VISIBLE_DEVICES: [0,1,2,3]
SLURM auto-requeueing enabled. Setting signal handlers.
[I 2024-11-04 16:45:49,643] Trial 271 finished with value: 0.3843243718147278 and parameters: {'hidden_dim': 251, 'n_layers': 6, 'dropout': 0.4630235057240874, 'input_chunk_length': 50, 'learning_rate': 0.0007755587170202398, 'batch_size': 32}. Best is trial 1 with value: 0.09709455817937851.
GPU available: True (cuda), used: True
TPU available: False, using: 0 TPU cores
HPU available: False, using: 0 HPUs
LOCAL_RANK: 0 - CUDA_VISIBLE_DEVICES: [0,1,2,3]
SLURM auto-requeueing enabled. Setting signal handlers.
Monitored metric train_loss did not improve in the last 329 records. Best score: 0.050. Signaling Trainer to stop.
GPU available: True (cuda), used: True
TPU available: False, using: 0 TPU cores
HPU available: False, using: 0 HPUs
LOCAL_RANK: 0 - CUDA_VISIBLE_DEVICES: [0,1,2,3]
SLURM auto-requeueing enabled. Setting signal handlers.
[I 2024-11-04 16:46:13,533] Trial 272 finished with value: 0.5394525527954102 and parameters: {'hidden_dim': 460, 'n_layers': 6, 'dropout': 0.47626216594719967, 'input_chunk_length': 101, 'learning_rate': 0.0006561239062810311, 'batch_size': 64}. Best is trial 1 with value: 0.09709455817937851.
GPU available: True (cuda), used: True
TPU available: False, using: 0 TPU cores
HPU available: False, using: 0 HPUs
LOCAL_RANK: 0 - CUDA_VISIBLE_DEVICES: [0,1,2,3]
SLURM auto-requeueing enabled. Setting signal handlers.
Monitored metric train_loss did not improve in the last 330 records. Best score: 0.050. Signaling Trainer to stop.
GPU available: True (cuda), used: True
TPU available: False, using: 0 TPU cores
HPU available: False, using: 0 HPUs
LOCAL_RANK: 0 - CUDA_VISIBLE_DEVICES: [0,1,2,3]
SLURM auto-requeueing enabled. Setting signal handlers.
[I 2024-11-04 16:46:29,751] Trial 273 finished with value: 0.4879625141620636 and parameters: {'hidden_dim': 453, 'n_layers': 4, 'dropout': 0.44796186198762655, 'input_chunk_length': 43, 'learning_rate': 0.00047851945335985276, 'batch_size': 32}. Best is trial 1 with value: 0.09709455817937851.
GPU available: True (cuda), used: True
TPU available: False, using: 0 TPU cores
HPU available: False, using: 0 HPUs
LOCAL_RANK: 0 - CUDA_VISIBLE_DEVICES: [0,1,2,3]
SLURM auto-requeueing enabled. Setting signal handlers.
Monitored metric train_loss did not improve in the last 331 records. Best score: 0.050. Signaling Trainer to stop.
GPU available: True (cuda), used: True
TPU available: False, using: 0 TPU cores
HPU available: False, using: 0 HPUs
LOCAL_RANK: 0 - CUDA_VISIBLE_DEVICES: [0,1,2,3]
SLURM auto-requeueing enabled. Setting signal handlers.
[I 2024-11-04 16:46:54,877] Trial 274 finished with value: 0.5232287645339966 and parameters: {'hidden_dim': 339, 'n_layers': 6, 'dropout': 0.49118691832428385, 'input_chunk_length': 130, 'learning_rate': 0.00040740959763493445, 'batch_size': 32}. Best is trial 1 with value: 0.09709455817937851.
GPU available: True (cuda), used: True
TPU available: False, using: 0 TPU cores
HPU available: False, using: 0 HPUs
LOCAL_RANK: 0 - CUDA_VISIBLE_DEVICES: [0,1,2,3]
SLURM auto-requeueing enabled. Setting signal handlers.
Monitored metric train_loss did not improve in the last 332 records. Best score: 0.050. Signaling Trainer to stop.
GPU available: True (cuda), used: True
TPU available: False, using: 0 TPU cores
HPU available: False, using: 0 HPUs
LOCAL_RANK: 0 - CUDA_VISIBLE_DEVICES: [0,1,2,3]
SLURM auto-requeueing enabled. Setting signal handlers.
[I 2024-11-04 16:47:18,224] Trial 275 finished with value: 0.3564061224460602 and parameters: {'hidden_dim': 482, 'n_layers': 5, 'dropout': 0.17725089857936532, 'input_chunk_length': 95, 'learning_rate': 0.0005500737340344569, 'batch_size': 32}. Best is trial 1 with value: 0.09709455817937851.
GPU available: True (cuda), used: True
TPU available: False, using: 0 TPU cores
HPU available: False, using: 0 HPUs
LOCAL_RANK: 0 - CUDA_VISIBLE_DEVICES: [0,1,2,3]
SLURM auto-requeueing enabled. Setting signal handlers.
Monitored metric train_loss did not improve in the last 333 records. Best score: 0.050. Signaling Trainer to stop.
GPU available: True (cuda), used: True
TPU available: False, using: 0 TPU cores
HPU available: False, using: 0 HPUs
LOCAL_RANK: 0 - CUDA_VISIBLE_DEVICES: [0,1,2,3]
SLURM auto-requeueing enabled. Setting signal handlers.
[I 2024-11-04 16:47:35,796] Trial 276 finished with value: 0.35732316970825195 and parameters: {'hidden_dim': 384, 'n_layers': 2, 'dropout': 0.06980976109981477, 'input_chunk_length': 105, 'learning_rate': 0.0007200349874860502, 'batch_size': 32}. Best is trial 1 with value: 0.09709455817937851.
GPU available: True (cuda), used: True
TPU available: False, using: 0 TPU cores
HPU available: False, using: 0 HPUs
LOCAL_RANK: 0 - CUDA_VISIBLE_DEVICES: [0,1,2,3]
SLURM auto-requeueing enabled. Setting signal handlers.
Monitored metric train_loss did not improve in the last 334 records. Best score: 0.050. Signaling Trainer to stop.
GPU available: True (cuda), used: True
TPU available: False, using: 0 TPU cores
HPU available: False, using: 0 HPUs
LOCAL_RANK: 0 - CUDA_VISIBLE_DEVICES: [0,1,2,3]
SLURM auto-requeueing enabled. Setting signal handlers.
[I 2024-11-04 16:47:53,082] Trial 277 finished with value: 0.4020760655403137 and parameters: {'hidden_dim': 228, 'n_layers': 4, 'dropout': 0.16040842898638785, 'input_chunk_length': 97, 'learning_rate': 0.00044145721400997616, 'batch_size': 32}. Best is trial 1 with value: 0.09709455817937851.
GPU available: True (cuda), used: True
TPU available: False, using: 0 TPU cores
HPU available: False, using: 0 HPUs
LOCAL_RANK: 0 - CUDA_VISIBLE_DEVICES: [0,1,2,3]
SLURM auto-requeueing enabled. Setting signal handlers.
Monitored metric train_loss did not improve in the last 335 records. Best score: 0.050. Signaling Trainer to stop.
GPU available: True (cuda), used: True
TPU available: False, using: 0 TPU cores
HPU available: False, using: 0 HPUs
LOCAL_RANK: 0 - CUDA_VISIBLE_DEVICES: [0,1,2,3]
SLURM auto-requeueing enabled. Setting signal handlers.
[I 2024-11-04 16:48:15,954] Trial 278 finished with value: 0.32718637585639954 and parameters: {'hidden_dim': 422, 'n_layers': 5, 'dropout': 0.1916563933118477, 'input_chunk_length': 108, 'learning_rate': 0.00034731123870222796, 'batch_size': 32}. Best is trial 1 with value: 0.09709455817937851.
GPU available: True (cuda), used: True
TPU available: False, using: 0 TPU cores
HPU available: False, using: 0 HPUs
LOCAL_RANK: 0 - CUDA_VISIBLE_DEVICES: [0,1,2,3]
SLURM auto-requeueing enabled. Setting signal handlers.
Monitored metric train_loss did not improve in the last 336 records. Best score: 0.050. Signaling Trainer to stop.
GPU available: True (cuda), used: True
TPU available: False, using: 0 TPU cores
HPU available: False, using: 0 HPUs
LOCAL_RANK: 0 - CUDA_VISIBLE_DEVICES: [0,1,2,3]
SLURM auto-requeueing enabled. Setting signal handlers.
[I 2024-11-04 16:48:32,624] Trial 279 finished with value: 0.8179946541786194 and parameters: {'hidden_dim': 272, 'n_layers': 2, 'dropout': 0.05682676313223195, 'input_chunk_length': 100, 'learning_rate': 0.0038404490346710647, 'batch_size': 32}. Best is trial 1 with value: 0.09709455817937851.
GPU available: True (cuda), used: True
TPU available: False, using: 0 TPU cores
HPU available: False, using: 0 HPUs
LOCAL_RANK: 0 - CUDA_VISIBLE_DEVICES: [0,1,2,3]
SLURM auto-requeueing enabled. Setting signal handlers.
Monitored metric train_loss did not improve in the last 337 records. Best score: 0.050. Signaling Trainer to stop.
GPU available: True (cuda), used: True
TPU available: False, using: 0 TPU cores
HPU available: False, using: 0 HPUs
LOCAL_RANK: 0 - CUDA_VISIBLE_DEVICES: [0,1,2,3]
SLURM auto-requeueing enabled. Setting signal handlers.
[I 2024-11-04 16:48:51,548] Trial 280 finished with value: 0.3547995984554291 and parameters: {'hidden_dim': 218, 'n_layers': 4, 'dropout': 0.039730936748101096, 'input_chunk_length': 122, 'learning_rate': 0.0009657291936548056, 'batch_size': 32}. Best is trial 1 with value: 0.09709455817937851.
GPU available: True (cuda), used: True
TPU available: False, using: 0 TPU cores
HPU available: False, using: 0 HPUs
LOCAL_RANK: 0 - CUDA_VISIBLE_DEVICES: [0,1,2,3]
SLURM auto-requeueing enabled. Setting signal handlers.
Monitored metric train_loss did not improve in the last 338 records. Best score: 0.050. Signaling Trainer to stop.
GPU available: True (cuda), used: True
TPU available: False, using: 0 TPU cores
HPU available: False, using: 0 HPUs
LOCAL_RANK: 0 - CUDA_VISIBLE_DEVICES: [0,1,2,3]
SLURM auto-requeueing enabled. Setting signal handlers.
[I 2024-11-04 16:49:10,567] Trial 281 finished with value: 0.3803144693374634 and parameters: {'hidden_dim': 299, 'n_layers': 3, 'dropout': 0.465674193347792, 'input_chunk_length': 138, 'learning_rate': 0.0006006273843412673, 'batch_size': 64}. Best is trial 1 with value: 0.09709455817937851.
GPU available: True (cuda), used: True
TPU available: False, using: 0 TPU cores
HPU available: False, using: 0 HPUs
LOCAL_RANK: 0 - CUDA_VISIBLE_DEVICES: [0,1,2,3]
SLURM auto-requeueing enabled. Setting signal handlers.
Monitored metric train_loss did not improve in the last 339 records. Best score: 0.050. Signaling Trainer to stop.
GPU available: True (cuda), used: True
TPU available: False, using: 0 TPU cores
HPU available: False, using: 0 HPUs
LOCAL_RANK: 0 - CUDA_VISIBLE_DEVICES: [0,1,2,3]
SLURM auto-requeueing enabled. Setting signal handlers.
[I 2024-11-04 16:49:33,631] Trial 282 finished with value: 0.3562069535255432 and parameters: {'hidden_dim': 374, 'n_layers': 6, 'dropout': 0.3009893278893452, 'input_chunk_length': 103, 'learning_rate': 0.0005310064337026201, 'batch_size': 32}. Best is trial 1 with value: 0.09709455817937851.
GPU available: True (cuda), used: True
TPU available: False, using: 0 TPU cores
HPU available: False, using: 0 HPUs
LOCAL_RANK: 0 - CUDA_VISIBLE_DEVICES: [0,1,2,3]
SLURM auto-requeueing enabled. Setting signal handlers.
Monitored metric train_loss did not improve in the last 340 records. Best score: 0.050. Signaling Trainer to stop.
GPU available: True (cuda), used: True
TPU available: False, using: 0 TPU cores
HPU available: False, using: 0 HPUs
LOCAL_RANK: 0 - CUDA_VISIBLE_DEVICES: [0,1,2,3]
SLURM auto-requeueing enabled. Setting signal handlers.
[I 2024-11-04 16:49:53,374] Trial 283 finished with value: 0.3353036046028137 and parameters: {'hidden_dim': 211, 'n_layers': 5, 'dropout': 0.15034975262834432, 'input_chunk_length': 113, 'learning_rate': 0.0008093013205244829, 'batch_size': 32}. Best is trial 1 with value: 0.09709455817937851.
GPU available: True (cuda), used: True
TPU available: False, using: 0 TPU cores
HPU available: False, using: 0 HPUs
LOCAL_RANK: 0 - CUDA_VISIBLE_DEVICES: [0,1,2,3]
SLURM auto-requeueing enabled. Setting signal handlers.
Monitored metric train_loss did not improve in the last 341 records. Best score: 0.050. Signaling Trainer to stop.
GPU available: True (cuda), used: True
TPU available: False, using: 0 TPU cores
HPU available: False, using: 0 HPUs
LOCAL_RANK: 0 - CUDA_VISIBLE_DEVICES: [0,1,2,3]
SLURM auto-requeueing enabled. Setting signal handlers.
[I 2024-11-04 16:50:10,404] Trial 284 finished with value: 0.32734981179237366 and parameters: {'hidden_dim': 289, 'n_layers': 3, 'dropout': 0.4163605479262691, 'input_chunk_length': 91, 'learning_rate': 0.000706466890881939, 'batch_size': 32}. Best is trial 1 with value: 0.09709455817937851.
GPU available: True (cuda), used: True
TPU available: False, using: 0 TPU cores
HPU available: False, using: 0 HPUs
LOCAL_RANK: 0 - CUDA_VISIBLE_DEVICES: [0,1,2,3]
SLURM auto-requeueing enabled. Setting signal handlers.
Monitored metric train_loss did not improve in the last 342 records. Best score: 0.050. Signaling Trainer to stop.
GPU available: True (cuda), used: True
TPU available: False, using: 0 TPU cores
HPU available: False, using: 0 HPUs
LOCAL_RANK: 0 - CUDA_VISIBLE_DEVICES: [0,1,2,3]
SLURM auto-requeueing enabled. Setting signal handlers.
[I 2024-11-04 16:50:26,285] Trial 285 finished with value: 0.5149741172790527 and parameters: {'hidden_dim': 329, 'n_layers': 1, 'dropout': 0.4317747774392632, 'input_chunk_length': 86, 'learning_rate': 3.827856250014582e-05, 'batch_size': 32}. Best is trial 1 with value: 0.09709455817937851.
GPU available: True (cuda), used: True
TPU available: False, using: 0 TPU cores
HPU available: False, using: 0 HPUs
LOCAL_RANK: 0 - CUDA_VISIBLE_DEVICES: [0,1,2,3]
SLURM auto-requeueing enabled. Setting signal handlers.
Monitored metric train_loss did not improve in the last 343 records. Best score: 0.050. Signaling Trainer to stop.
GPU available: True (cuda), used: True
TPU available: False, using: 0 TPU cores
HPU available: False, using: 0 HPUs
LOCAL_RANK: 0 - CUDA_VISIBLE_DEVICES: [0,1,2,3]
SLURM auto-requeueing enabled. Setting signal handlers.
[I 2024-11-04 16:50:44,409] Trial 286 finished with value: 0.3321191668510437 and parameters: {'hidden_dim': 468, 'n_layers': 1, 'dropout': 0.16938380738252906, 'input_chunk_length': 117, 'learning_rate': 8.092199114377687e-05, 'batch_size': 32}. Best is trial 1 with value: 0.09709455817937851.
GPU available: True (cuda), used: True
TPU available: False, using: 0 TPU cores
HPU available: False, using: 0 HPUs
LOCAL_RANK: 0 - CUDA_VISIBLE_DEVICES: [0,1,2,3]
SLURM auto-requeueing enabled. Setting signal handlers.
Monitored metric train_loss did not improve in the last 344 records. Best score: 0.050. Signaling Trainer to stop.
GPU available: True (cuda), used: True
TPU available: False, using: 0 TPU cores
HPU available: False, using: 0 HPUs
LOCAL_RANK: 0 - CUDA_VISIBLE_DEVICES: [0,1,2,3]
SLURM auto-requeueing enabled. Setting signal handlers.
[I 2024-11-04 16:51:05,432] Trial 287 finished with value: 0.3783303499221802 and parameters: {'hidden_dim': 346, 'n_layers': 5, 'dropout': 0.4539680976354771, 'input_chunk_length': 106, 'learning_rate': 2.5732442917263196e-05, 'batch_size': 32}. Best is trial 1 with value: 0.09709455817937851.
GPU available: True (cuda), used: True
TPU available: False, using: 0 TPU cores
HPU available: False, using: 0 HPUs
LOCAL_RANK: 0 - CUDA_VISIBLE_DEVICES: [0,1,2,3]
SLURM auto-requeueing enabled. Setting signal handlers.
Monitored metric train_loss did not improve in the last 345 records. Best score: 0.050. Signaling Trainer to stop.
GPU available: True (cuda), used: True
TPU available: False, using: 0 TPU cores
HPU available: False, using: 0 HPUs
LOCAL_RANK: 0 - CUDA_VISIBLE_DEVICES: [0,1,2,3]
SLURM auto-requeueing enabled. Setting signal handlers.
[I 2024-11-04 16:51:20,009] Trial 288 finished with value: 0.47689610719680786 and parameters: {'hidden_dim': 387, 'n_layers': 1, 'dropout': 0.43885414922097193, 'input_chunk_length': 47, 'learning_rate': 2.038192302832703e-05, 'batch_size': 32}. Best is trial 1 with value: 0.09709455817937851.
GPU available: True (cuda), used: True
TPU available: False, using: 0 TPU cores
HPU available: False, using: 0 HPUs
LOCAL_RANK: 0 - CUDA_VISIBLE_DEVICES: [0,1,2,3]
SLURM auto-requeueing enabled. Setting signal handlers.
Monitored metric train_loss did not improve in the last 346 records. Best score: 0.050. Signaling Trainer to stop.
GPU available: True (cuda), used: True
TPU available: False, using: 0 TPU cores
HPU available: False, using: 0 HPUs
LOCAL_RANK: 0 - CUDA_VISIBLE_DEVICES: [0,1,2,3]
SLURM auto-requeueing enabled. Setting signal handlers.
[I 2024-11-04 16:51:36,163] Trial 289 finished with value: 0.46054601669311523 and parameters: {'hidden_dim': 450, 'n_layers': 1, 'dropout': 0.4004443233988822, 'input_chunk_length': 81, 'learning_rate': 0.00048182412982319717, 'batch_size': 64}. Best is trial 1 with value: 0.09709455817937851.
GPU available: True (cuda), used: True
TPU available: False, using: 0 TPU cores
HPU available: False, using: 0 HPUs
LOCAL_RANK: 0 - CUDA_VISIBLE_DEVICES: [0,1,2,3]
SLURM auto-requeueing enabled. Setting signal handlers.
Monitored metric train_loss did not improve in the last 347 records. Best score: 0.050. Signaling Trainer to stop.
GPU available: True (cuda), used: True
TPU available: False, using: 0 TPU cores
HPU available: False, using: 0 HPUs
LOCAL_RANK: 0 - CUDA_VISIBLE_DEVICES: [0,1,2,3]
SLURM auto-requeueing enabled. Setting signal handlers.
[I 2024-11-04 16:51:58,691] Trial 290 finished with value: 0.35891053080558777 and parameters: {'hidden_dim': 396, 'n_layers': 6, 'dropout': 0.15656938255402153, 'input_chunk_length': 97, 'learning_rate': 0.0006327802444348419, 'batch_size': 32}. Best is trial 1 with value: 0.09709455817937851.
GPU available: True (cuda), used: True
TPU available: False, using: 0 TPU cores
HPU available: False, using: 0 HPUs
LOCAL_RANK: 0 - CUDA_VISIBLE_DEVICES: [0,1,2,3]
SLURM auto-requeueing enabled. Setting signal handlers.
Monitored metric train_loss did not improve in the last 348 records. Best score: 0.050. Signaling Trainer to stop.
GPU available: True (cuda), used: True
TPU available: False, using: 0 TPU cores
HPU available: False, using: 0 HPUs
LOCAL_RANK: 0 - CUDA_VISIBLE_DEVICES: [0,1,2,3]
SLURM auto-requeueing enabled. Setting signal handlers.
[I 2024-11-04 16:52:18,778] Trial 291 finished with value: 1.7599480152130127 and parameters: {'hidden_dim': 368, 'n_layers': 4, 'dropout': 0.47444483279791877, 'input_chunk_length': 109, 'learning_rate': 0.007612045695266963, 'batch_size': 32}. Best is trial 1 with value: 0.09709455817937851.
GPU available: True (cuda), used: True
TPU available: False, using: 0 TPU cores
HPU available: False, using: 0 HPUs
LOCAL_RANK: 0 - CUDA_VISIBLE_DEVICES: [0,1,2,3]
SLURM auto-requeueing enabled. Setting signal handlers.
Monitored metric train_loss did not improve in the last 349 records. Best score: 0.050. Signaling Trainer to stop.
GPU available: True (cuda), used: True
TPU available: False, using: 0 TPU cores
HPU available: False, using: 0 HPUs
LOCAL_RANK: 0 - CUDA_VISIBLE_DEVICES: [0,1,2,3]
SLURM auto-requeueing enabled. Setting signal handlers.
[I 2024-11-04 16:52:35,671] Trial 292 finished with value: 0.2827986776828766 and parameters: {'hidden_dim': 417, 'n_layers': 1, 'dropout': 0.17941047619809378, 'input_chunk_length': 93, 'learning_rate': 0.00039294439657826594, 'batch_size': 32}. Best is trial 1 with value: 0.09709455817937851.
GPU available: True (cuda), used: True
TPU available: False, using: 0 TPU cores
HPU available: False, using: 0 HPUs
LOCAL_RANK: 0 - CUDA_VISIBLE_DEVICES: [0,1,2,3]
SLURM auto-requeueing enabled. Setting signal handlers.
Monitored metric train_loss did not improve in the last 350 records. Best score: 0.050. Signaling Trainer to stop.
GPU available: True (cuda), used: True
TPU available: False, using: 0 TPU cores
HPU available: False, using: 0 HPUs
LOCAL_RANK: 0 - CUDA_VISIBLE_DEVICES: [0,1,2,3]
SLURM auto-requeueing enabled. Setting signal handlers.
[I 2024-11-04 16:52:53,014] Trial 293 finished with value: 0.5090961456298828 and parameters: {'hidden_dim': 423, 'n_layers': 1, 'dropout': 0.18368642936806964, 'input_chunk_length': 102, 'learning_rate': 0.00036339796138261447, 'batch_size': 32}. Best is trial 1 with value: 0.09709455817937851.
GPU available: True (cuda), used: True
TPU available: False, using: 0 TPU cores
HPU available: False, using: 0 HPUs
LOCAL_RANK: 0 - CUDA_VISIBLE_DEVICES: [0,1,2,3]
SLURM auto-requeueing enabled. Setting signal handlers.
Monitored metric train_loss did not improve in the last 351 records. Best score: 0.050. Signaling Trainer to stop.
GPU available: True (cuda), used: True
TPU available: False, using: 0 TPU cores
HPU available: False, using: 0 HPUs
LOCAL_RANK: 0 - CUDA_VISIBLE_DEVICES: [0,1,2,3]
SLURM auto-requeueing enabled. Setting signal handlers.
[I 2024-11-04 16:53:07,117] Trial 294 finished with value: 0.36113277077674866 and parameters: {'hidden_dim': 434, 'n_layers': 1, 'dropout': 0.08860990285219375, 'input_chunk_length': 14, 'learning_rate': 0.00031933225827916344, 'batch_size': 32}. Best is trial 1 with value: 0.09709455817937851.
GPU available: True (cuda), used: True
TPU available: False, using: 0 TPU cores
HPU available: False, using: 0 HPUs
LOCAL_RANK: 0 - CUDA_VISIBLE_DEVICES: [0,1,2,3]
SLURM auto-requeueing enabled. Setting signal handlers.
Monitored metric train_loss did not improve in the last 352 records. Best score: 0.050. Signaling Trainer to stop.
GPU available: True (cuda), used: True
TPU available: False, using: 0 TPU cores
HPU available: False, using: 0 HPUs
LOCAL_RANK: 0 - CUDA_VISIBLE_DEVICES: [0,1,2,3]
SLURM auto-requeueing enabled. Setting signal handlers.
