[I 2024-11-05 05:48:10,363] Trial 97 finished with value: 0.3369697630405426 and parameters: {'hidden_dim': 50, 'n_layers': 4, 'dropout': 0.07681678505344842, 'input_chunk_length': 128, 'learning_rate': 9.891405409644867e-05, 'batch_size': 32}. Best is trial 1 with value: 0.09405231475830078.
GPU available: True (cuda), used: True
TPU available: False, using: 0 TPU cores
HPU available: False, using: 0 HPUs
LOCAL_RANK: 0 - CUDA_VISIBLE_DEVICES: [0,1,2,3]
SLURM auto-requeueing enabled. Setting signal handlers.
Monitored metric train_loss did not improve in the last 154 records. Best score: 0.020. Signaling Trainer to stop.
GPU available: True (cuda), used: True
TPU available: False, using: 0 TPU cores
HPU available: False, using: 0 HPUs
LOCAL_RANK: 0 - CUDA_VISIBLE_DEVICES: [0,1,2,3]
SLURM auto-requeueing enabled. Setting signal handlers.
[I 2024-11-05 05:48:33,142] Trial 98 finished with value: 0.30334708094596863 and parameters: {'hidden_dim': 142, 'n_layers': 6, 'dropout': 0.05584496429895412, 'input_chunk_length': 119, 'learning_rate': 0.0018441215420374987, 'batch_size': 64}. Best is trial 1 with value: 0.09405231475830078.
GPU available: True (cuda), used: True
TPU available: False, using: 0 TPU cores
HPU available: False, using: 0 HPUs
LOCAL_RANK: 0 - CUDA_VISIBLE_DEVICES: [0,1,2,3]
SLURM auto-requeueing enabled. Setting signal handlers.
Monitored metric train_loss did not improve in the last 155 records. Best score: 0.020. Signaling Trainer to stop.
GPU available: True (cuda), used: True
TPU available: False, using: 0 TPU cores
HPU available: False, using: 0 HPUs
LOCAL_RANK: 0 - CUDA_VISIBLE_DEVICES: [0,1,2,3]
SLURM auto-requeueing enabled. Setting signal handlers.
[I 2024-11-05 05:48:50,111] Trial 99 finished with value: 0.38430312275886536 and parameters: {'hidden_dim': 73, 'n_layers': 4, 'dropout': 0.24089011120649303, 'input_chunk_length': 99, 'learning_rate': 1.1345396240498743e-05, 'batch_size': 32}. Best is trial 1 with value: 0.09405231475830078.
GPU available: True (cuda), used: True
TPU available: False, using: 0 TPU cores
HPU available: False, using: 0 HPUs
LOCAL_RANK: 0 - CUDA_VISIBLE_DEVICES: [0,1,2,3]
SLURM auto-requeueing enabled. Setting signal handlers.
Monitored metric train_loss did not improve in the last 156 records. Best score: 0.020. Signaling Trainer to stop.
GPU available: True (cuda), used: True
TPU available: False, using: 0 TPU cores
HPU available: False, using: 0 HPUs
LOCAL_RANK: 0 - CUDA_VISIBLE_DEVICES: [0,1,2,3]
SLURM auto-requeueing enabled. Setting signal handlers.
[I 2024-11-05 05:49:10,336] Trial 100 finished with value: 0.2934377193450928 and parameters: {'hidden_dim': 216, 'n_layers': 5, 'dropout': 0.025308863527287815, 'input_chunk_length': 74, 'learning_rate': 0.000573742547588575, 'batch_size': 32}. Best is trial 1 with value: 0.09405231475830078.
GPU available: True (cuda), used: True
TPU available: False, using: 0 TPU cores
HPU available: False, using: 0 HPUs
LOCAL_RANK: 0 - CUDA_VISIBLE_DEVICES: [0,1,2,3]
SLURM auto-requeueing enabled. Setting signal handlers.
Monitored metric train_loss did not improve in the last 157 records. Best score: 0.020. Signaling Trainer to stop.
GPU available: True (cuda), used: True
TPU available: False, using: 0 TPU cores
HPU available: False, using: 0 HPUs
LOCAL_RANK: 0 - CUDA_VISIBLE_DEVICES: [0,1,2,3]
SLURM auto-requeueing enabled. Setting signal handlers.
[I 2024-11-05 05:49:31,184] Trial 101 finished with value: 0.3177040219306946 and parameters: {'hidden_dim': 209, 'n_layers': 5, 'dropout': 0.0227023277189738, 'input_chunk_length': 74, 'learning_rate': 0.000765344029336973, 'batch_size': 32}. Best is trial 1 with value: 0.09405231475830078.
GPU available: True (cuda), used: True
TPU available: False, using: 0 TPU cores
HPU available: False, using: 0 HPUs
LOCAL_RANK: 0 - CUDA_VISIBLE_DEVICES: [0,1,2,3]
SLURM auto-requeueing enabled. Setting signal handlers.
Monitored metric train_loss did not improve in the last 158 records. Best score: 0.020. Signaling Trainer to stop.
GPU available: True (cuda), used: True
TPU available: False, using: 0 TPU cores
HPU available: False, using: 0 HPUs
LOCAL_RANK: 0 - CUDA_VISIBLE_DEVICES: [0,1,2,3]
SLURM auto-requeueing enabled. Setting signal handlers.
[I 2024-11-05 05:49:53,441] Trial 102 finished with value: 0.3847656548023224 and parameters: {'hidden_dim': 219, 'n_layers': 6, 'dropout': 0.041769351060822184, 'input_chunk_length': 83, 'learning_rate': 0.0004246989300763219, 'batch_size': 32}. Best is trial 1 with value: 0.09405231475830078.
GPU available: True (cuda), used: True
TPU available: False, using: 0 TPU cores
HPU available: False, using: 0 HPUs
LOCAL_RANK: 0 - CUDA_VISIBLE_DEVICES: [0,1,2,3]
SLURM auto-requeueing enabled. Setting signal handlers.
Monitored metric train_loss did not improve in the last 159 records. Best score: 0.020. Signaling Trainer to stop.
GPU available: True (cuda), used: True
TPU available: False, using: 0 TPU cores
HPU available: False, using: 0 HPUs
LOCAL_RANK: 0 - CUDA_VISIBLE_DEVICES: [0,1,2,3]
SLURM auto-requeueing enabled. Setting signal handlers.
[I 2024-11-05 05:50:12,674] Trial 103 finished with value: 0.3083672523498535 and parameters: {'hidden_dim': 194, 'n_layers': 5, 'dropout': 0.06165950826729383, 'input_chunk_length': 63, 'learning_rate': 0.0005827254650444856, 'batch_size': 32}. Best is trial 1 with value: 0.09405231475830078.
GPU available: True (cuda), used: True
TPU available: False, using: 0 TPU cores
HPU available: False, using: 0 HPUs
LOCAL_RANK: 0 - CUDA_VISIBLE_DEVICES: [0,1,2,3]
SLURM auto-requeueing enabled. Setting signal handlers.
Monitored metric train_loss did not improve in the last 160 records. Best score: 0.020. Signaling Trainer to stop.
GPU available: True (cuda), used: True
TPU available: False, using: 0 TPU cores
HPU available: False, using: 0 HPUs
LOCAL_RANK: 0 - CUDA_VISIBLE_DEVICES: [0,1,2,3]
SLURM auto-requeueing enabled. Setting signal handlers.
[I 2024-11-05 05:50:39,762] Trial 104 finished with value: 0.3288026750087738 and parameters: {'hidden_dim': 301, 'n_layers': 6, 'dropout': 0.0019665208291096414, 'input_chunk_length': 103, 'learning_rate': 0.0012147989830332711, 'batch_size': 32}. Best is trial 1 with value: 0.09405231475830078.
GPU available: True (cuda), used: True
TPU available: False, using: 0 TPU cores
HPU available: False, using: 0 HPUs
LOCAL_RANK: 0 - CUDA_VISIBLE_DEVICES: [0,1,2,3]
SLURM auto-requeueing enabled. Setting signal handlers.
Monitored metric train_loss did not improve in the last 161 records. Best score: 0.020. Signaling Trainer to stop.
GPU available: True (cuda), used: True
TPU available: False, using: 0 TPU cores
HPU available: False, using: 0 HPUs
LOCAL_RANK: 0 - CUDA_VISIBLE_DEVICES: [0,1,2,3]
SLURM auto-requeueing enabled. Setting signal handlers.
[I 2024-11-05 05:50:58,243] Trial 105 finished with value: 0.32482126355171204 and parameters: {'hidden_dim': 158, 'n_layers': 5, 'dropout': 0.032294840026028455, 'input_chunk_length': 58, 'learning_rate': 0.004019818194746001, 'batch_size': 32}. Best is trial 1 with value: 0.09405231475830078.
GPU available: True (cuda), used: True
TPU available: False, using: 0 TPU cores
HPU available: False, using: 0 HPUs
LOCAL_RANK: 0 - CUDA_VISIBLE_DEVICES: [0,1,2,3]
SLURM auto-requeueing enabled. Setting signal handlers.
Monitored metric train_loss did not improve in the last 162 records. Best score: 0.020. Signaling Trainer to stop.
GPU available: True (cuda), used: True
TPU available: False, using: 0 TPU cores
HPU available: False, using: 0 HPUs
LOCAL_RANK: 0 - CUDA_VISIBLE_DEVICES: [0,1,2,3]
SLURM auto-requeueing enabled. Setting signal handlers.
[I 2024-11-05 05:51:15,003] Trial 106 finished with value: 0.3354003429412842 and parameters: {'hidden_dim': 114, 'n_layers': 4, 'dropout': 0.08352084359452157, 'input_chunk_length': 79, 'learning_rate': 0.00012058389731815555, 'batch_size': 32}. Best is trial 1 with value: 0.09405231475830078.
GPU available: True (cuda), used: True
TPU available: False, using: 0 TPU cores
HPU available: False, using: 0 HPUs
LOCAL_RANK: 0 - CUDA_VISIBLE_DEVICES: [0,1,2,3]
SLURM auto-requeueing enabled. Setting signal handlers.
Monitored metric train_loss did not improve in the last 163 records. Best score: 0.020. Signaling Trainer to stop.
GPU available: True (cuda), used: True
TPU available: False, using: 0 TPU cores
HPU available: False, using: 0 HPUs
LOCAL_RANK: 0 - CUDA_VISIBLE_DEVICES: [0,1,2,3]
SLURM auto-requeueing enabled. Setting signal handlers.
[I 2024-11-05 05:51:35,018] Trial 107 finished with value: 0.30843570828437805 and parameters: {'hidden_dim': 256, 'n_layers': 6, 'dropout': 0.10183551738984464, 'input_chunk_length': 72, 'learning_rate': 0.0008491117256774912, 'batch_size': 64}. Best is trial 1 with value: 0.09405231475830078.
GPU available: True (cuda), used: True
TPU available: False, using: 0 TPU cores
HPU available: False, using: 0 HPUs
LOCAL_RANK: 0 - CUDA_VISIBLE_DEVICES: [0,1,2,3]
SLURM auto-requeueing enabled. Setting signal handlers.
Monitored metric train_loss did not improve in the last 164 records. Best score: 0.020. Signaling Trainer to stop.
GPU available: True (cuda), used: True
TPU available: False, using: 0 TPU cores
HPU available: False, using: 0 HPUs
LOCAL_RANK: 0 - CUDA_VISIBLE_DEVICES: [0,1,2,3]
SLURM auto-requeueing enabled. Setting signal handlers.
[I 2024-11-05 05:51:54,213] Trial 108 finished with value: 0.3045259714126587 and parameters: {'hidden_dim': 287, 'n_layers': 3, 'dropout': 0.011269106500569084, 'input_chunk_length': 61, 'learning_rate': 0.0005439918085737974, 'batch_size': 32}. Best is trial 1 with value: 0.09405231475830078.
GPU available: True (cuda), used: True
TPU available: False, using: 0 TPU cores
HPU available: False, using: 0 HPUs
LOCAL_RANK: 0 - CUDA_VISIBLE_DEVICES: [0,1,2,3]
SLURM auto-requeueing enabled. Setting signal handlers.
Monitored metric train_loss did not improve in the last 165 records. Best score: 0.020. Signaling Trainer to stop.
GPU available: True (cuda), used: True
TPU available: False, using: 0 TPU cores
HPU available: False, using: 0 HPUs
LOCAL_RANK: 0 - CUDA_VISIBLE_DEVICES: [0,1,2,3]
SLURM auto-requeueing enabled. Setting signal handlers.
[I 2024-11-05 05:52:12,204] Trial 109 finished with value: 0.3081595301628113 and parameters: {'hidden_dim': 230, 'n_layers': 4, 'dropout': 0.04812622954913874, 'input_chunk_length': 40, 'learning_rate': 0.0023338709156006878, 'batch_size': 32}. Best is trial 1 with value: 0.09405231475830078.
GPU available: True (cuda), used: True
TPU available: False, using: 0 TPU cores
HPU available: False, using: 0 HPUs
LOCAL_RANK: 0 - CUDA_VISIBLE_DEVICES: [0,1,2,3]
SLURM auto-requeueing enabled. Setting signal handlers.
Monitored metric train_loss did not improve in the last 166 records. Best score: 0.020. Signaling Trainer to stop.
GPU available: True (cuda), used: True
TPU available: False, using: 0 TPU cores
HPU available: False, using: 0 HPUs
LOCAL_RANK: 0 - CUDA_VISIBLE_DEVICES: [0,1,2,3]
SLURM auto-requeueing enabled. Setting signal handlers.
[I 2024-11-05 05:52:31,316] Trial 110 finished with value: 0.3550185263156891 and parameters: {'hidden_dim': 180, 'n_layers': 5, 'dropout': 0.026959899801627347, 'input_chunk_length': 66, 'learning_rate': 0.00021182214280214055, 'batch_size': 64}. Best is trial 1 with value: 0.09405231475830078.
GPU available: True (cuda), used: True
TPU available: False, using: 0 TPU cores
HPU available: False, using: 0 HPUs
LOCAL_RANK: 0 - CUDA_VISIBLE_DEVICES: [0,1,2,3]
SLURM auto-requeueing enabled. Setting signal handlers.
Monitored metric train_loss did not improve in the last 167 records. Best score: 0.020. Signaling Trainer to stop.
GPU available: True (cuda), used: True
TPU available: False, using: 0 TPU cores
HPU available: False, using: 0 HPUs
LOCAL_RANK: 0 - CUDA_VISIBLE_DEVICES: [0,1,2,3]
SLURM auto-requeueing enabled. Setting signal handlers.
[I 2024-11-05 05:52:54,697] Trial 111 finished with value: 0.3069669008255005 and parameters: {'hidden_dim': 162, 'n_layers': 4, 'dropout': 0.0691346348242706, 'input_chunk_length': 120, 'learning_rate': 0.0020378782537808556, 'batch_size': 32}. Best is trial 1 with value: 0.09405231475830078.
GPU available: True (cuda), used: True
TPU available: False, using: 0 TPU cores
HPU available: False, using: 0 HPUs
LOCAL_RANK: 0 - CUDA_VISIBLE_DEVICES: [0,1,2,3]
SLURM auto-requeueing enabled. Setting signal handlers.
Monitored metric train_loss did not improve in the last 168 records. Best score: 0.020. Signaling Trainer to stop.
GPU available: True (cuda), used: True
TPU available: False, using: 0 TPU cores
HPU available: False, using: 0 HPUs
LOCAL_RANK: 0 - CUDA_VISIBLE_DEVICES: [0,1,2,3]
SLURM auto-requeueing enabled. Setting signal handlers.
[I 2024-11-05 05:53:12,555] Trial 112 finished with value: 0.3613780438899994 and parameters: {'hidden_dim': 200, 'n_layers': 4, 'dropout': 0.07158716606877633, 'input_chunk_length': 48, 'learning_rate': 0.0028350866352233016, 'batch_size': 32}. Best is trial 1 with value: 0.09405231475830078.
GPU available: True (cuda), used: True
TPU available: False, using: 0 TPU cores
HPU available: False, using: 0 HPUs
LOCAL_RANK: 0 - CUDA_VISIBLE_DEVICES: [0,1,2,3]
SLURM auto-requeueing enabled. Setting signal handlers.
Monitored metric train_loss did not improve in the last 169 records. Best score: 0.020. Signaling Trainer to stop.
GPU available: True (cuda), used: True
TPU available: False, using: 0 TPU cores
HPU available: False, using: 0 HPUs
LOCAL_RANK: 0 - CUDA_VISIBLE_DEVICES: [0,1,2,3]
SLURM auto-requeueing enabled. Setting signal handlers.
[I 2024-11-05 05:53:35,707] Trial 113 finished with value: 0.3709560036659241 and parameters: {'hidden_dim': 170, 'n_layers': 4, 'dropout': 0.0599555163790948, 'input_chunk_length': 115, 'learning_rate': 0.0020930523719896424, 'batch_size': 32}. Best is trial 1 with value: 0.09405231475830078.
GPU available: True (cuda), used: True
TPU available: False, using: 0 TPU cores
HPU available: False, using: 0 HPUs
LOCAL_RANK: 0 - CUDA_VISIBLE_DEVICES: [0,1,2,3]
SLURM auto-requeueing enabled. Setting signal handlers.
Monitored metric train_loss did not improve in the last 170 records. Best score: 0.020. Signaling Trainer to stop.
GPU available: True (cuda), used: True
TPU available: False, using: 0 TPU cores
HPU available: False, using: 0 HPUs
LOCAL_RANK: 0 - CUDA_VISIBLE_DEVICES: [0,1,2,3]
SLURM auto-requeueing enabled. Setting signal handlers.
[I 2024-11-05 05:53:59,032] Trial 114 finished with value: 0.2480139434337616 and parameters: {'hidden_dim': 166, 'n_layers': 4, 'dropout': 0.2968669121349993, 'input_chunk_length': 119, 'learning_rate': 0.0006765934368605448, 'batch_size': 32}. Best is trial 1 with value: 0.09405231475830078.
GPU available: True (cuda), used: True
TPU available: False, using: 0 TPU cores
HPU available: False, using: 0 HPUs
LOCAL_RANK: 0 - CUDA_VISIBLE_DEVICES: [0,1,2,3]
SLURM auto-requeueing enabled. Setting signal handlers.
Monitored metric train_loss did not improve in the last 171 records. Best score: 0.020. Signaling Trainer to stop.
GPU available: True (cuda), used: True
TPU available: False, using: 0 TPU cores
HPU available: False, using: 0 HPUs
LOCAL_RANK: 0 - CUDA_VISIBLE_DEVICES: [0,1,2,3]
SLURM auto-requeueing enabled. Setting signal handlers.
[I 2024-11-05 05:54:18,039] Trial 115 finished with value: 0.2997812032699585 and parameters: {'hidden_dim': 149, 'n_layers': 6, 'dropout': 0.2774162328297529, 'input_chunk_length': 56, 'learning_rate': 0.0006843610682155245, 'batch_size': 32}. Best is trial 1 with value: 0.09405231475830078.
GPU available: True (cuda), used: True
TPU available: False, using: 0 TPU cores
HPU available: False, using: 0 HPUs
LOCAL_RANK: 0 - CUDA_VISIBLE_DEVICES: [0,1,2,3]
SLURM auto-requeueing enabled. Setting signal handlers.
Monitored metric train_loss did not improve in the last 172 records. Best score: 0.020. Signaling Trainer to stop.
GPU available: True (cuda), used: True
TPU available: False, using: 0 TPU cores
HPU available: False, using: 0 HPUs
LOCAL_RANK: 0 - CUDA_VISIBLE_DEVICES: [0,1,2,3]
SLURM auto-requeueing enabled. Setting signal handlers.
[I 2024-11-05 05:54:44,268] Trial 116 finished with value: 0.3017289936542511 and parameters: {'hidden_dim': 186, 'n_layers': 4, 'dropout': 0.2943054722752424, 'input_chunk_length': 135, 'learning_rate': 0.0006183838064282804, 'batch_size': 32}. Best is trial 1 with value: 0.09405231475830078.
GPU available: True (cuda), used: True
TPU available: False, using: 0 TPU cores
HPU available: False, using: 0 HPUs
LOCAL_RANK: 0 - CUDA_VISIBLE_DEVICES: [0,1,2,3]
SLURM auto-requeueing enabled. Setting signal handlers.
Monitored metric train_loss did not improve in the last 173 records. Best score: 0.020. Signaling Trainer to stop.
GPU available: True (cuda), used: True
TPU available: False, using: 0 TPU cores
HPU available: False, using: 0 HPUs
LOCAL_RANK: 0 - CUDA_VISIBLE_DEVICES: [0,1,2,3]
SLURM auto-requeueing enabled. Setting signal handlers.
[I 2024-11-05 05:55:09,754] Trial 117 finished with value: 0.310892790555954 and parameters: {'hidden_dim': 241, 'n_layers': 4, 'dropout': 0.3182315841883933, 'input_chunk_length': 130, 'learning_rate': 0.0003623239049369516, 'batch_size': 32}. Best is trial 1 with value: 0.09405231475830078.
GPU available: True (cuda), used: True
TPU available: False, using: 0 TPU cores
HPU available: False, using: 0 HPUs
LOCAL_RANK: 0 - CUDA_VISIBLE_DEVICES: [0,1,2,3]
SLURM auto-requeueing enabled. Setting signal handlers.
Monitored metric train_loss did not improve in the last 174 records. Best score: 0.020. Signaling Trainer to stop.
GPU available: True (cuda), used: True
TPU available: False, using: 0 TPU cores
HPU available: False, using: 0 HPUs
LOCAL_RANK: 0 - CUDA_VISIBLE_DEVICES: [0,1,2,3]
SLURM auto-requeueing enabled. Setting signal handlers.
[I 2024-11-05 05:55:35,163] Trial 118 finished with value: 0.3983812630176544 and parameters: {'hidden_dim': 218, 'n_layers': 6, 'dropout': 0.2584729400836964, 'input_chunk_length': 106, 'learning_rate': 0.0010176190477224378, 'batch_size': 32}. Best is trial 1 with value: 0.09405231475830078.
GPU available: True (cuda), used: True
TPU available: False, using: 0 TPU cores
HPU available: False, using: 0 HPUs
LOCAL_RANK: 0 - CUDA_VISIBLE_DEVICES: [0,1,2,3]
SLURM auto-requeueing enabled. Setting signal handlers.
Monitored metric train_loss did not improve in the last 175 records. Best score: 0.020. Signaling Trainer to stop.
GPU available: True (cuda), used: True
TPU available: False, using: 0 TPU cores
HPU available: False, using: 0 HPUs
LOCAL_RANK: 0 - CUDA_VISIBLE_DEVICES: [0,1,2,3]
SLURM auto-requeueing enabled. Setting signal handlers.
[I 2024-11-05 05:55:52,869] Trial 119 finished with value: 0.29984116554260254 and parameters: {'hidden_dim': 136, 'n_layers': 3, 'dropout': 0.30402833814547825, 'input_chunk_length': 90, 'learning_rate': 0.0005092411244032811, 'batch_size': 64}. Best is trial 1 with value: 0.09405231475830078.
GPU available: True (cuda), used: True
TPU available: False, using: 0 TPU cores
HPU available: False, using: 0 HPUs
LOCAL_RANK: 0 - CUDA_VISIBLE_DEVICES: [0,1,2,3]
SLURM auto-requeueing enabled. Setting signal handlers.
Monitored metric train_loss did not improve in the last 176 records. Best score: 0.020. Signaling Trainer to stop.
GPU available: True (cuda), used: True
TPU available: False, using: 0 TPU cores
HPU available: False, using: 0 HPUs
LOCAL_RANK: 0 - CUDA_VISIBLE_DEVICES: [0,1,2,3]
SLURM auto-requeueing enabled. Setting signal handlers.
[I 2024-11-05 05:56:10,264] Trial 120 finished with value: 0.4393744468688965 and parameters: {'hidden_dim': 124, 'n_layers': 4, 'dropout': 0.2460719390014927, 'input_chunk_length': 97, 'learning_rate': 4.9628639305126124e-05, 'batch_size': 32}. Best is trial 1 with value: 0.09405231475830078.
GPU available: True (cuda), used: True
TPU available: False, using: 0 TPU cores
HPU available: False, using: 0 HPUs
LOCAL_RANK: 0 - CUDA_VISIBLE_DEVICES: [0,1,2,3]
SLURM auto-requeueing enabled. Setting signal handlers.
Monitored metric train_loss did not improve in the last 177 records. Best score: 0.020. Signaling Trainer to stop.
GPU available: True (cuda), used: True
TPU available: False, using: 0 TPU cores
HPU available: False, using: 0 HPUs
LOCAL_RANK: 0 - CUDA_VISIBLE_DEVICES: [0,1,2,3]
SLURM auto-requeueing enabled. Setting signal handlers.
[I 2024-11-05 05:56:33,958] Trial 121 finished with value: 0.31125473976135254 and parameters: {'hidden_dim': 168, 'n_layers': 4, 'dropout': 0.3482011183827687, 'input_chunk_length': 121, 'learning_rate': 0.0016318908351042754, 'batch_size': 32}. Best is trial 1 with value: 0.09405231475830078.
GPU available: True (cuda), used: True
TPU available: False, using: 0 TPU cores
HPU available: False, using: 0 HPUs
LOCAL_RANK: 0 - CUDA_VISIBLE_DEVICES: [0,1,2,3]
SLURM auto-requeueing enabled. Setting signal handlers.
Monitored metric train_loss did not improve in the last 178 records. Best score: 0.020. Signaling Trainer to stop.
GPU available: True (cuda), used: True
TPU available: False, using: 0 TPU cores
HPU available: False, using: 0 HPUs
LOCAL_RANK: 0 - CUDA_VISIBLE_DEVICES: [0,1,2,3]
SLURM auto-requeueing enabled. Setting signal handlers.
