[I 2024-11-11 14:16:08,983] Trial 154 finished with value: 0.30498480796813965 and parameters: {'hidden_dim': 88, 'n_layers': 1, 'dropout': 0.13488154651672113, 'input_chunk_length': 107, 'learning_rate': 0.0009597255190394158, 'batch_size': 32}. Best is trial 1 with value: 0.1182749941945076.
GPU available: True (cuda), used: True
TPU available: False, using: 0 TPU cores
HPU available: False, using: 0 HPUs
LOCAL_RANK: 0 - CUDA_VISIBLE_DEVICES: [0]
SLURM auto-requeueing enabled. Setting signal handlers.
Monitored metric train_loss did not improve in the last 210 records. Best score: 0.037. Signaling Trainer to stop.
GPU available: True (cuda), used: True
TPU available: False, using: 0 TPU cores
HPU available: False, using: 0 HPUs
LOCAL_RANK: 0 - CUDA_VISIBLE_DEVICES: [0]
SLURM auto-requeueing enabled. Setting signal handlers.
[I 2024-11-11 14:16:29,675] Trial 155 finished with value: 0.21912437677383423 and parameters: {'hidden_dim': 99, 'n_layers': 1, 'dropout': 0.12400693134119692, 'input_chunk_length': 97, 'learning_rate': 0.0015830612196879757, 'batch_size': 32}. Best is trial 1 with value: 0.1182749941945076.
GPU available: True (cuda), used: True
TPU available: False, using: 0 TPU cores
HPU available: False, using: 0 HPUs
LOCAL_RANK: 0 - CUDA_VISIBLE_DEVICES: [0]
SLURM auto-requeueing enabled. Setting signal handlers.
Monitored metric train_loss did not improve in the last 211 records. Best score: 0.037. Signaling Trainer to stop.
GPU available: True (cuda), used: True
TPU available: False, using: 0 TPU cores
HPU available: False, using: 0 HPUs
LOCAL_RANK: 0 - CUDA_VISIBLE_DEVICES: [0]
SLURM auto-requeueing enabled. Setting signal handlers.
[I 2024-11-11 14:16:50,949] Trial 156 finished with value: 0.21644337475299835 and parameters: {'hidden_dim': 126, 'n_layers': 1, 'dropout': 0.11465695931902116, 'input_chunk_length': 97, 'learning_rate': 0.0015561515913447527, 'batch_size': 32}. Best is trial 1 with value: 0.1182749941945076.
GPU available: True (cuda), used: True
TPU available: False, using: 0 TPU cores
HPU available: False, using: 0 HPUs
LOCAL_RANK: 0 - CUDA_VISIBLE_DEVICES: [0]
SLURM auto-requeueing enabled. Setting signal handlers.
Monitored metric train_loss did not improve in the last 212 records. Best score: 0.037. Signaling Trainer to stop.
GPU available: True (cuda), used: True
TPU available: False, using: 0 TPU cores
HPU available: False, using: 0 HPUs
LOCAL_RANK: 0 - CUDA_VISIBLE_DEVICES: [0]
SLURM auto-requeueing enabled. Setting signal handlers.
[I 2024-11-11 14:17:11,999] Trial 157 finished with value: 0.16922423243522644 and parameters: {'hidden_dim': 126, 'n_layers': 1, 'dropout': 0.10943494630909549, 'input_chunk_length': 97, 'learning_rate': 0.0012141460475707147, 'batch_size': 32}. Best is trial 1 with value: 0.1182749941945076.
GPU available: True (cuda), used: True
TPU available: False, using: 0 TPU cores
HPU available: False, using: 0 HPUs
LOCAL_RANK: 0 - CUDA_VISIBLE_DEVICES: [0]
SLURM auto-requeueing enabled. Setting signal handlers.
Monitored metric train_loss did not improve in the last 213 records. Best score: 0.037. Signaling Trainer to stop.
GPU available: True (cuda), used: True
TPU available: False, using: 0 TPU cores
HPU available: False, using: 0 HPUs
LOCAL_RANK: 0 - CUDA_VISIBLE_DEVICES: [0]
SLURM auto-requeueing enabled. Setting signal handlers.
[I 2024-11-11 14:17:32,527] Trial 158 finished with value: 0.30471473932266235 and parameters: {'hidden_dim': 104, 'n_layers': 1, 'dropout': 0.10896548440560117, 'input_chunk_length': 98, 'learning_rate': 0.0019303395877558807, 'batch_size': 32}. Best is trial 1 with value: 0.1182749941945076.
GPU available: True (cuda), used: True
TPU available: False, using: 0 TPU cores
HPU available: False, using: 0 HPUs
LOCAL_RANK: 0 - CUDA_VISIBLE_DEVICES: [0]
SLURM auto-requeueing enabled. Setting signal handlers.
Monitored metric train_loss did not improve in the last 214 records. Best score: 0.037. Signaling Trainer to stop.
GPU available: True (cuda), used: True
TPU available: False, using: 0 TPU cores
HPU available: False, using: 0 HPUs
LOCAL_RANK: 0 - CUDA_VISIBLE_DEVICES: [0]
SLURM auto-requeueing enabled. Setting signal handlers.
[I 2024-11-11 14:17:53,455] Trial 159 finished with value: 0.30713942646980286 and parameters: {'hidden_dim': 124, 'n_layers': 1, 'dropout': 0.12391955398224148, 'input_chunk_length': 94, 'learning_rate': 0.001604713041723771, 'batch_size': 32}. Best is trial 1 with value: 0.1182749941945076.
GPU available: True (cuda), used: True
TPU available: False, using: 0 TPU cores
HPU available: False, using: 0 HPUs
LOCAL_RANK: 0 - CUDA_VISIBLE_DEVICES: [0]
SLURM auto-requeueing enabled. Setting signal handlers.
Monitored metric train_loss did not improve in the last 215 records. Best score: 0.037. Signaling Trainer to stop.
GPU available: True (cuda), used: True
TPU available: False, using: 0 TPU cores
HPU available: False, using: 0 HPUs
LOCAL_RANK: 0 - CUDA_VISIBLE_DEVICES: [0]
SLURM auto-requeueing enabled. Setting signal handlers.
[I 2024-11-11 14:18:14,601] Trial 160 finished with value: 0.31334322690963745 and parameters: {'hidden_dim': 132, 'n_layers': 1, 'dropout': 0.10735120792728133, 'input_chunk_length': 97, 'learning_rate': 0.001268038953159731, 'batch_size': 32}. Best is trial 1 with value: 0.1182749941945076.
GPU available: True (cuda), used: True
TPU available: False, using: 0 TPU cores
HPU available: False, using: 0 HPUs
LOCAL_RANK: 0 - CUDA_VISIBLE_DEVICES: [0]
SLURM auto-requeueing enabled. Setting signal handlers.
Monitored metric train_loss did not improve in the last 216 records. Best score: 0.037. Signaling Trainer to stop.
GPU available: True (cuda), used: True
TPU available: False, using: 0 TPU cores
HPU available: False, using: 0 HPUs
LOCAL_RANK: 0 - CUDA_VISIBLE_DEVICES: [0]
SLURM auto-requeueing enabled. Setting signal handlers.
[I 2024-11-11 14:18:35,302] Trial 161 finished with value: 0.2620477080345154 and parameters: {'hidden_dim': 108, 'n_layers': 1, 'dropout': 0.12296928744977771, 'input_chunk_length': 101, 'learning_rate': 0.0022479088728405683, 'batch_size': 32}. Best is trial 1 with value: 0.1182749941945076.
GPU available: True (cuda), used: True
TPU available: False, using: 0 TPU cores
HPU available: False, using: 0 HPUs
LOCAL_RANK: 0 - CUDA_VISIBLE_DEVICES: [0]
SLURM auto-requeueing enabled. Setting signal handlers.
Monitored metric train_loss did not improve in the last 217 records. Best score: 0.037. Signaling Trainer to stop.
GPU available: True (cuda), used: True
TPU available: False, using: 0 TPU cores
HPU available: False, using: 0 HPUs
LOCAL_RANK: 0 - CUDA_VISIBLE_DEVICES: [0]
SLURM auto-requeueing enabled. Setting signal handlers.
[I 2024-11-11 14:18:56,750] Trial 162 finished with value: 0.19161151349544525 and parameters: {'hidden_dim': 140, 'n_layers': 1, 'dropout': 0.16509980880330627, 'input_chunk_length': 95, 'learning_rate': 0.0012326821632272738, 'batch_size': 32}. Best is trial 1 with value: 0.1182749941945076.
GPU available: True (cuda), used: True
TPU available: False, using: 0 TPU cores
HPU available: False, using: 0 HPUs
LOCAL_RANK: 0 - CUDA_VISIBLE_DEVICES: [0]
SLURM auto-requeueing enabled. Setting signal handlers.
Monitored metric train_loss did not improve in the last 218 records. Best score: 0.037. Signaling Trainer to stop.
GPU available: True (cuda), used: True
TPU available: False, using: 0 TPU cores
HPU available: False, using: 0 HPUs
LOCAL_RANK: 0 - CUDA_VISIBLE_DEVICES: [0]
SLURM auto-requeueing enabled. Setting signal handlers.
[I 2024-11-11 14:19:18,420] Trial 163 finished with value: 0.2924855053424835 and parameters: {'hidden_dim': 145, 'n_layers': 1, 'dropout': 0.17464912946837602, 'input_chunk_length': 95, 'learning_rate': 0.0014889047163108961, 'batch_size': 32}. Best is trial 1 with value: 0.1182749941945076.
GPU available: True (cuda), used: True
TPU available: False, using: 0 TPU cores
HPU available: False, using: 0 HPUs
LOCAL_RANK: 0 - CUDA_VISIBLE_DEVICES: [0]
SLURM auto-requeueing enabled. Setting signal handlers.
Monitored metric train_loss did not improve in the last 219 records. Best score: 0.037. Signaling Trainer to stop.
GPU available: True (cuda), used: True
TPU available: False, using: 0 TPU cores
HPU available: False, using: 0 HPUs
LOCAL_RANK: 0 - CUDA_VISIBLE_DEVICES: [0]
SLURM auto-requeueing enabled. Setting signal handlers.
[I 2024-11-11 14:19:39,686] Trial 164 finished with value: 0.2910082936286926 and parameters: {'hidden_dim': 123, 'n_layers': 1, 'dropout': 0.1553793331686753, 'input_chunk_length': 101, 'learning_rate': 0.0011743035090602853, 'batch_size': 32}. Best is trial 1 with value: 0.1182749941945076.
GPU available: True (cuda), used: True
TPU available: False, using: 0 TPU cores
HPU available: False, using: 0 HPUs
LOCAL_RANK: 0 - CUDA_VISIBLE_DEVICES: [0]
SLURM auto-requeueing enabled. Setting signal handlers.
Monitored metric train_loss did not improve in the last 220 records. Best score: 0.037. Signaling Trainer to stop.
GPU available: True (cuda), used: True
TPU available: False, using: 0 TPU cores
HPU available: False, using: 0 HPUs
LOCAL_RANK: 0 - CUDA_VISIBLE_DEVICES: [0]
SLURM auto-requeueing enabled. Setting signal handlers.
[I 2024-11-11 14:20:02,014] Trial 165 finished with value: 0.3092198967933655 and parameters: {'hidden_dim': 135, 'n_layers': 1, 'dropout': 0.18976279336733518, 'input_chunk_length': 112, 'learning_rate': 0.0017537018660214604, 'batch_size': 32}. Best is trial 1 with value: 0.1182749941945076.
GPU available: True (cuda), used: True
TPU available: False, using: 0 TPU cores
HPU available: False, using: 0 HPUs
LOCAL_RANK: 0 - CUDA_VISIBLE_DEVICES: [0]
SLURM auto-requeueing enabled. Setting signal handlers.
Monitored metric train_loss did not improve in the last 221 records. Best score: 0.037. Signaling Trainer to stop.
GPU available: True (cuda), used: True
TPU available: False, using: 0 TPU cores
HPU available: False, using: 0 HPUs
LOCAL_RANK: 0 - CUDA_VISIBLE_DEVICES: [0]
SLURM auto-requeueing enabled. Setting signal handlers.
[I 2024-11-11 14:20:24,067] Trial 166 finished with value: 0.2431243509054184 and parameters: {'hidden_dim': 142, 'n_layers': 1, 'dropout': 0.10033058423998982, 'input_chunk_length': 108, 'learning_rate': 0.001160809024357023, 'batch_size': 32}. Best is trial 1 with value: 0.1182749941945076.
GPU available: True (cuda), used: True
TPU available: False, using: 0 TPU cores
HPU available: False, using: 0 HPUs
LOCAL_RANK: 0 - CUDA_VISIBLE_DEVICES: [0]
SLURM auto-requeueing enabled. Setting signal handlers.
Monitored metric train_loss did not improve in the last 222 records. Best score: 0.037. Signaling Trainer to stop.
GPU available: True (cuda), used: True
TPU available: False, using: 0 TPU cores
HPU available: False, using: 0 HPUs
LOCAL_RANK: 0 - CUDA_VISIBLE_DEVICES: [0]
SLURM auto-requeueing enabled. Setting signal handlers.
[I 2024-11-11 14:20:45,913] Trial 167 finished with value: 0.3581143915653229 and parameters: {'hidden_dim': 151, 'n_layers': 1, 'dropout': 0.13044011620391244, 'input_chunk_length': 96, 'learning_rate': 0.0008634256742017191, 'batch_size': 32}. Best is trial 1 with value: 0.1182749941945076.
GPU available: True (cuda), used: True
TPU available: False, using: 0 TPU cores
HPU available: False, using: 0 HPUs
LOCAL_RANK: 0 - CUDA_VISIBLE_DEVICES: [0]
SLURM auto-requeueing enabled. Setting signal handlers.
Monitored metric train_loss did not improve in the last 223 records. Best score: 0.037. Signaling Trainer to stop.
GPU available: True (cuda), used: True
TPU available: False, using: 0 TPU cores
HPU available: False, using: 0 HPUs
LOCAL_RANK: 0 - CUDA_VISIBLE_DEVICES: [0]
SLURM auto-requeueing enabled. Setting signal handlers.
[I 2024-11-11 14:21:07,436] Trial 168 finished with value: 0.2852477729320526 and parameters: {'hidden_dim': 118, 'n_layers': 5, 'dropout': 0.1565794688952181, 'input_chunk_length': 93, 'learning_rate': 0.002722728785535614, 'batch_size': 32}. Best is trial 1 with value: 0.1182749941945076.
GPU available: True (cuda), used: True
TPU available: False, using: 0 TPU cores
HPU available: False, using: 0 HPUs
LOCAL_RANK: 0 - CUDA_VISIBLE_DEVICES: [0]
SLURM auto-requeueing enabled. Setting signal handlers.
Monitored metric train_loss did not improve in the last 224 records. Best score: 0.037. Signaling Trainer to stop.
GPU available: True (cuda), used: True
TPU available: False, using: 0 TPU cores
HPU available: False, using: 0 HPUs
LOCAL_RANK: 0 - CUDA_VISIBLE_DEVICES: [0]
SLURM auto-requeueing enabled. Setting signal handlers.
[I 2024-11-11 14:21:29,002] Trial 169 finished with value: 0.3022553026676178 and parameters: {'hidden_dim': 157, 'n_layers': 1, 'dropout': 0.10942089134408897, 'input_chunk_length': 90, 'learning_rate': 0.0011036331752071536, 'batch_size': 32}. Best is trial 1 with value: 0.1182749941945076.
GPU available: True (cuda), used: True
TPU available: False, using: 0 TPU cores
HPU available: False, using: 0 HPUs
LOCAL_RANK: 0 - CUDA_VISIBLE_DEVICES: [0]
SLURM auto-requeueing enabled. Setting signal handlers.
Monitored metric train_loss did not improve in the last 225 records. Best score: 0.037. Signaling Trainer to stop.
GPU available: True (cuda), used: True
TPU available: False, using: 0 TPU cores
HPU available: False, using: 0 HPUs
LOCAL_RANK: 0 - CUDA_VISIBLE_DEVICES: [0]
SLURM auto-requeueing enabled. Setting signal handlers.
[I 2024-11-11 14:21:50,486] Trial 170 finished with value: 0.21346867084503174 and parameters: {'hidden_dim': 131, 'n_layers': 1, 'dropout': 0.1430770637113079, 'input_chunk_length': 103, 'learning_rate': 0.000949092451706184, 'batch_size': 32}. Best is trial 1 with value: 0.1182749941945076.
GPU available: True (cuda), used: True
TPU available: False, using: 0 TPU cores
HPU available: False, using: 0 HPUs
LOCAL_RANK: 0 - CUDA_VISIBLE_DEVICES: [0]
SLURM auto-requeueing enabled. Setting signal handlers.
Monitored metric train_loss did not improve in the last 226 records. Best score: 0.037. Signaling Trainer to stop.
GPU available: True (cuda), used: True
TPU available: False, using: 0 TPU cores
HPU available: False, using: 0 HPUs
LOCAL_RANK: 0 - CUDA_VISIBLE_DEVICES: [0]
SLURM auto-requeueing enabled. Setting signal handlers.
[I 2024-11-11 14:22:12,298] Trial 171 finished with value: 0.29502415657043457 and parameters: {'hidden_dim': 130, 'n_layers': 1, 'dropout': 0.1458625835629023, 'input_chunk_length': 103, 'learning_rate': 0.0009815993661075402, 'batch_size': 32}. Best is trial 1 with value: 0.1182749941945076.
GPU available: True (cuda), used: True
TPU available: False, using: 0 TPU cores
HPU available: False, using: 0 HPUs
LOCAL_RANK: 0 - CUDA_VISIBLE_DEVICES: [0]
SLURM auto-requeueing enabled. Setting signal handlers.
Monitored metric train_loss did not improve in the last 227 records. Best score: 0.037. Signaling Trainer to stop.
GPU available: True (cuda), used: True
TPU available: False, using: 0 TPU cores
HPU available: False, using: 0 HPUs
LOCAL_RANK: 0 - CUDA_VISIBLE_DEVICES: [0]
SLURM auto-requeueing enabled. Setting signal handlers.
[I 2024-11-11 14:22:33,161] Trial 172 finished with value: 0.29141610860824585 and parameters: {'hidden_dim': 110, 'n_layers': 1, 'dropout': 0.1343717715259559, 'input_chunk_length': 98, 'learning_rate': 0.0013254999191511536, 'batch_size': 32}. Best is trial 1 with value: 0.1182749941945076.
GPU available: True (cuda), used: True
TPU available: False, using: 0 TPU cores
HPU available: False, using: 0 HPUs
LOCAL_RANK: 0 - CUDA_VISIBLE_DEVICES: [0]
SLURM auto-requeueing enabled. Setting signal handlers.
Monitored metric train_loss did not improve in the last 228 records. Best score: 0.037. Signaling Trainer to stop.
GPU available: True (cuda), used: True
TPU available: False, using: 0 TPU cores
HPU available: False, using: 0 HPUs
LOCAL_RANK: 0 - CUDA_VISIBLE_DEVICES: [0]
SLURM auto-requeueing enabled. Setting signal handlers.
[I 2024-11-11 14:22:54,506] Trial 173 finished with value: 0.24941633641719818 and parameters: {'hidden_dim': 128, 'n_layers': 1, 'dropout': 0.16700378628650214, 'input_chunk_length': 102, 'learning_rate': 0.0008712795030872478, 'batch_size': 32}. Best is trial 1 with value: 0.1182749941945076.
GPU available: True (cuda), used: True
TPU available: False, using: 0 TPU cores
HPU available: False, using: 0 HPUs
LOCAL_RANK: 0 - CUDA_VISIBLE_DEVICES: [0]
SLURM auto-requeueing enabled. Setting signal handlers.
Monitored metric train_loss did not improve in the last 229 records. Best score: 0.037. Signaling Trainer to stop.
GPU available: True (cuda), used: True
TPU available: False, using: 0 TPU cores
HPU available: False, using: 0 HPUs
LOCAL_RANK: 0 - CUDA_VISIBLE_DEVICES: [0]
SLURM auto-requeueing enabled. Setting signal handlers.
[I 2024-11-11 14:23:16,348] Trial 174 finished with value: 0.27808550000190735 and parameters: {'hidden_dim': 138, 'n_layers': 1, 'dropout': 0.11714797141904909, 'input_chunk_length': 99, 'learning_rate': 0.0015447883914757197, 'batch_size': 32}. Best is trial 1 with value: 0.1182749941945076.
GPU available: True (cuda), used: True
TPU available: False, using: 0 TPU cores
HPU available: False, using: 0 HPUs
LOCAL_RANK: 0 - CUDA_VISIBLE_DEVICES: [0]
SLURM auto-requeueing enabled. Setting signal handlers.
Monitored metric train_loss did not improve in the last 230 records. Best score: 0.037. Signaling Trainer to stop.
GPU available: True (cuda), used: True
TPU available: False, using: 0 TPU cores
HPU available: False, using: 0 HPUs
LOCAL_RANK: 0 - CUDA_VISIBLE_DEVICES: [0]
SLURM auto-requeueing enabled. Setting signal handlers.
[I 2024-11-11 14:23:40,146] Trial 175 finished with value: 0.19224496185779572 and parameters: {'hidden_dim': 183, 'n_layers': 1, 'dropout': 0.1402180163262396, 'input_chunk_length': 105, 'learning_rate': 0.0007729718465452452, 'batch_size': 32}. Best is trial 1 with value: 0.1182749941945076.
GPU available: True (cuda), used: True
TPU available: False, using: 0 TPU cores
HPU available: False, using: 0 HPUs
LOCAL_RANK: 0 - CUDA_VISIBLE_DEVICES: [0]
SLURM auto-requeueing enabled. Setting signal handlers.
Monitored metric train_loss did not improve in the last 231 records. Best score: 0.037. Signaling Trainer to stop.
GPU available: True (cuda), used: True
TPU available: False, using: 0 TPU cores
HPU available: False, using: 0 HPUs
LOCAL_RANK: 0 - CUDA_VISIBLE_DEVICES: [0]
SLURM auto-requeueing enabled. Setting signal handlers.
[I 2024-11-11 14:24:04,056] Trial 176 finished with value: 0.34662187099456787 and parameters: {'hidden_dim': 187, 'n_layers': 1, 'dropout': 0.12738882180657912, 'input_chunk_length': 105, 'learning_rate': 0.0009911697447151679, 'batch_size': 32}. Best is trial 1 with value: 0.1182749941945076.
GPU available: True (cuda), used: True
TPU available: False, using: 0 TPU cores
HPU available: False, using: 0 HPUs
LOCAL_RANK: 0 - CUDA_VISIBLE_DEVICES: [0]
SLURM auto-requeueing enabled. Setting signal handlers.
Monitored metric train_loss did not improve in the last 232 records. Best score: 0.037. Signaling Trainer to stop.
GPU available: True (cuda), used: True
TPU available: False, using: 0 TPU cores
HPU available: False, using: 0 HPUs
LOCAL_RANK: 0 - CUDA_VISIBLE_DEVICES: [0]
SLURM auto-requeueing enabled. Setting signal handlers.
[I 2024-11-11 14:24:27,056] Trial 177 finished with value: 0.16017434000968933 and parameters: {'hidden_dim': 166, 'n_layers': 1, 'dropout': 0.09384252170358622, 'input_chunk_length': 106, 'learning_rate': 0.0007625736920472161, 'batch_size': 32}. Best is trial 1 with value: 0.1182749941945076.
GPU available: True (cuda), used: True
TPU available: False, using: 0 TPU cores
HPU available: False, using: 0 HPUs
LOCAL_RANK: 0 - CUDA_VISIBLE_DEVICES: [0]
SLURM auto-requeueing enabled. Setting signal handlers.
Monitored metric train_loss did not improve in the last 233 records. Best score: 0.037. Signaling Trainer to stop.
GPU available: True (cuda), used: True
TPU available: False, using: 0 TPU cores
HPU available: False, using: 0 HPUs
LOCAL_RANK: 0 - CUDA_VISIBLE_DEVICES: [0]
SLURM auto-requeueing enabled. Setting signal handlers.
[I 2024-11-11 14:24:49,601] Trial 178 finished with value: 0.3374926745891571 and parameters: {'hidden_dim': 154, 'n_layers': 1, 'dropout': 0.09689243697813671, 'input_chunk_length': 109, 'learning_rate': 0.0031643510960078724, 'batch_size': 32}. Best is trial 1 with value: 0.1182749941945076.
GPU available: True (cuda), used: True
TPU available: False, using: 0 TPU cores
HPU available: False, using: 0 HPUs
LOCAL_RANK: 0 - CUDA_VISIBLE_DEVICES: [0]
SLURM auto-requeueing enabled. Setting signal handlers.
Monitored metric train_loss did not improve in the last 234 records. Best score: 0.037. Signaling Trainer to stop.
GPU available: True (cuda), used: True
TPU available: False, using: 0 TPU cores
HPU available: False, using: 0 HPUs
LOCAL_RANK: 0 - CUDA_VISIBLE_DEVICES: [0]
SLURM auto-requeueing enabled. Setting signal handlers.
[I 2024-11-11 14:25:14,259] Trial 179 finished with value: 0.31954681873321533 and parameters: {'hidden_dim': 186, 'n_layers': 1, 'dropout': 0.08397607458330014, 'input_chunk_length': 112, 'learning_rate': 0.001910311706876766, 'batch_size': 32}. Best is trial 1 with value: 0.1182749941945076.
GPU available: True (cuda), used: True
TPU available: False, using: 0 TPU cores
HPU available: False, using: 0 HPUs
LOCAL_RANK: 0 - CUDA_VISIBLE_DEVICES: [0]
SLURM auto-requeueing enabled. Setting signal handlers.
Monitored metric train_loss did not improve in the last 235 records. Best score: 0.037. Signaling Trainer to stop.
GPU available: True (cuda), used: True
TPU available: False, using: 0 TPU cores
HPU available: False, using: 0 HPUs
LOCAL_RANK: 0 - CUDA_VISIBLE_DEVICES: [0]
SLURM auto-requeueing enabled. Setting signal handlers.
