[I 2024-11-04 17:44:57,088] Trial 495 finished with value: 0.2895415425300598 and parameters: {'hidden_dim': 162, 'n_layers': 5, 'dropout': 0.009737657510075309, 'input_chunk_length': 16, 'learning_rate': 0.00027141337812965776, 'batch_size': 32}. Best is trial 1 with value: 0.09709455817937851.
GPU available: True (cuda), used: True
TPU available: False, using: 0 TPU cores
HPU available: False, using: 0 HPUs
LOCAL_RANK: 0 - CUDA_VISIBLE_DEVICES: [0,1,2,3]
SLURM auto-requeueing enabled. Setting signal handlers.
Monitored metric train_loss did not improve in the last 553 records. Best score: 0.050. Signaling Trainer to stop.
GPU available: True (cuda), used: True
TPU available: False, using: 0 TPU cores
HPU available: False, using: 0 HPUs
LOCAL_RANK: 0 - CUDA_VISIBLE_DEVICES: [0,1,2,3]
SLURM auto-requeueing enabled. Setting signal handlers.
[I 2024-11-04 17:45:10,969] Trial 496 finished with value: 0.3231259286403656 and parameters: {'hidden_dim': 157, 'n_layers': 5, 'dropout': 0.00015262986773620021, 'input_chunk_length': 16, 'learning_rate': 0.00025363273693646395, 'batch_size': 32}. Best is trial 1 with value: 0.09709455817937851.
GPU available: True (cuda), used: True
TPU available: False, using: 0 TPU cores
HPU available: False, using: 0 HPUs
LOCAL_RANK: 0 - CUDA_VISIBLE_DEVICES: [0,1,2,3]
SLURM auto-requeueing enabled. Setting signal handlers.
Monitored metric train_loss did not improve in the last 554 records. Best score: 0.050. Signaling Trainer to stop.
GPU available: True (cuda), used: True
TPU available: False, using: 0 TPU cores
HPU available: False, using: 0 HPUs
LOCAL_RANK: 0 - CUDA_VISIBLE_DEVICES: [0,1,2,3]
SLURM auto-requeueing enabled. Setting signal handlers.
[I 2024-11-04 17:45:24,928] Trial 497 finished with value: 0.34047195315361023 and parameters: {'hidden_dim': 149, 'n_layers': 5, 'dropout': 0.012428724079929234, 'input_chunk_length': 19, 'learning_rate': 0.0002810714613751079, 'batch_size': 32}. Best is trial 1 with value: 0.09709455817937851.
GPU available: True (cuda), used: True
TPU available: False, using: 0 TPU cores
HPU available: False, using: 0 HPUs
LOCAL_RANK: 0 - CUDA_VISIBLE_DEVICES: [0,1,2,3]
SLURM auto-requeueing enabled. Setting signal handlers.
Monitored metric train_loss did not improve in the last 555 records. Best score: 0.050. Signaling Trainer to stop.
GPU available: True (cuda), used: True
TPU available: False, using: 0 TPU cores
HPU available: False, using: 0 HPUs
LOCAL_RANK: 0 - CUDA_VISIBLE_DEVICES: [0,1,2,3]
SLURM auto-requeueing enabled. Setting signal handlers.
[I 2024-11-04 17:45:38,898] Trial 498 finished with value: 0.34148669242858887 and parameters: {'hidden_dim': 122, 'n_layers': 5, 'dropout': 0.028359770466016076, 'input_chunk_length': 13, 'learning_rate': 0.00022741683844765924, 'batch_size': 32}. Best is trial 1 with value: 0.09709455817937851.
GPU available: True (cuda), used: True
TPU available: False, using: 0 TPU cores
HPU available: False, using: 0 HPUs
LOCAL_RANK: 0 - CUDA_VISIBLE_DEVICES: [0,1,2,3]
SLURM auto-requeueing enabled. Setting signal handlers.
Monitored metric train_loss did not improve in the last 556 records. Best score: 0.050. Signaling Trainer to stop.
GPU available: True (cuda), used: True
TPU available: False, using: 0 TPU cores
HPU available: False, using: 0 HPUs
LOCAL_RANK: 0 - CUDA_VISIBLE_DEVICES: [0,1,2,3]
SLURM auto-requeueing enabled. Setting signal handlers.
[I 2024-11-04 17:45:52,577] Trial 499 finished with value: 0.3858409821987152 and parameters: {'hidden_dim': 131, 'n_layers': 5, 'dropout': 0.023076375347669032, 'input_chunk_length': 16, 'learning_rate': 0.00020327614427703686, 'batch_size': 32}. Best is trial 1 with value: 0.09709455817937851.
GPU available: True (cuda), used: True
TPU available: False, using: 0 TPU cores
HPU available: False, using: 0 HPUs
LOCAL_RANK: 0 - CUDA_VISIBLE_DEVICES: [0,1,2,3]

   | Name                              | Type                             | Params | Mode 
------------------------------------------------------------------------------------------------
0  | train_metrics                     | MetricCollection                 | 0      | train
1  | val_metrics                       | MetricCollection                 | 0      | train
2  | input_embeddings                  | _MultiEmbedding                  | 0      | train
3  | static_covariates_vsn             | _VariableSelectionNetwork        | 0      | train
4  | encoder_vsn                       | _VariableSelectionNetwork        | 238 K  | train
5  | decoder_vsn                       | _VariableSelectionNetwork        | 227 K  | train
6  | static_context_grn                | _GatedResidualNetwork            | 838 K  | train
7  | static_context_hidden_encoder_grn | _GatedResidualNetwork            | 838 K  | train
8  | static_context_cell_encoder_grn   | _GatedResidualNetwork            | 838 K  | train
9  | static_context_enrichment         | _GatedResidualNetwork            | 838 K  | train
10 | lstm_encoder                      | LSTM                             | 8.4 M  | train
11 | lstm_decoder                      | LSTM                             | 8.4 M  | train
12 | post_lstm_gan                     | _GateAddNorm                     | 419 K  | train
13 | static_enrichment_grn             | _GatedResidualNetwork            | 1.0 M  | train
14 | multihead_attn                    | _InterpretableMultiHeadAttention | 522 K  | train
15 | post_attn_gan                     | _GateAddNorm                     | 419 K  | train
16 | feed_forward_block                | _GatedResidualNetwork            | 838 K  | train
17 | pre_output_gan                    | _GateAddNorm                     | 419 K  | train
18 | output_layer                      | Linear                           | 7.8 K  | train
------------------------------------------------------------------------------------------------
24.2 M    Trainable params
0         Non-trainable params
24.2 M    Total params
96.944    Total estimated model params size (MB)
738       Modules in train mode
0         Modules in eval mode
SLURM auto-requeueing enabled. Setting signal handlers.
/pfs/data5/home/tu/tu_tu/tu_zxoul27/micromamba/envs/power/lib/python3.12/site-packages/pytorch_lightning/loops/fit_loop.py:298: The number of training batches (15) is smaller than the logging interval Trainer(log_every_n_steps=20). Set a lower value for log_every_n_steps if you want to see logs for the training epoch.
`Trainer.fit` stopped: `max_epochs=80` reached.
GPU available: True (cuda), used: True
TPU available: False, using: 0 TPU cores
HPU available: False, using: 0 HPUs
LOCAL_RANK: 0 - CUDA_VISIBLE_DEVICES: [0,1,2,3]
SLURM auto-requeueing enabled. Setting signal handlers.
