[I 2024-11-03 17:34:15,309] Trial 295 finished with value: 0.3513903021812439 and parameters: {'hidden_dim': 67, 'n_layers': 4, 'dropout': 0.07857143859123963, 'input_chunk_length': 139, 'learning_rate': 0.00030402453978450704, 'batch_size': 32}. Best is trial 1 with value: 0.10052365064620972.
GPU available: True (cuda), used: True
TPU available: False, using: 0 TPU cores
HPU available: False, using: 0 HPUs
LOCAL_RANK: 0 - CUDA_VISIBLE_DEVICES: [0,1,2,3]
SLURM auto-requeueing enabled. Setting signal handlers.
Monitored metric train_loss did not improve in the last 354 records. Best score: 0.042. Signaling Trainer to stop.
GPU available: True (cuda), used: True
TPU available: False, using: 0 TPU cores
HPU available: False, using: 0 HPUs
LOCAL_RANK: 0 - CUDA_VISIBLE_DEVICES: [0,1,2,3]
SLURM auto-requeueing enabled. Setting signal handlers.
[I 2024-11-03 17:34:41,101] Trial 296 finished with value: 0.5806574821472168 and parameters: {'hidden_dim': 467, 'n_layers': 4, 'dropout': 0.40024614249208523, 'input_chunk_length': 141, 'learning_rate': 0.0002728620574913651, 'batch_size': 64}. Best is trial 1 with value: 0.10052365064620972.
GPU available: True (cuda), used: True
TPU available: False, using: 0 TPU cores
HPU available: False, using: 0 HPUs
LOCAL_RANK: 0 - CUDA_VISIBLE_DEVICES: [0,1,2,3]
SLURM auto-requeueing enabled. Setting signal handlers.
Monitored metric train_loss did not improve in the last 355 records. Best score: 0.042. Signaling Trainer to stop.
GPU available: True (cuda), used: True
TPU available: False, using: 0 TPU cores
HPU available: False, using: 0 HPUs
LOCAL_RANK: 0 - CUDA_VISIBLE_DEVICES: [0,1,2,3]
SLURM auto-requeueing enabled. Setting signal handlers.
[I 2024-11-03 17:34:56,366] Trial 297 finished with value: 0.35417452454566956 and parameters: {'hidden_dim': 79, 'n_layers': 4, 'dropout': 0.2329997882469439, 'input_chunk_length': 144, 'learning_rate': 0.00040007970289322156, 'batch_size': 32}. Best is trial 1 with value: 0.10052365064620972.
GPU available: True (cuda), used: True
TPU available: False, using: 0 TPU cores
HPU available: False, using: 0 HPUs
LOCAL_RANK: 0 - CUDA_VISIBLE_DEVICES: [0,1,2,3]
SLURM auto-requeueing enabled. Setting signal handlers.
Monitored metric train_loss did not improve in the last 356 records. Best score: 0.042. Signaling Trainer to stop.
GPU available: True (cuda), used: True
TPU available: False, using: 0 TPU cores
HPU available: False, using: 0 HPUs
LOCAL_RANK: 0 - CUDA_VISIBLE_DEVICES: [0,1,2,3]
SLURM auto-requeueing enabled. Setting signal handlers.
[I 2024-11-03 17:35:11,221] Trial 298 finished with value: 0.3718594014644623 and parameters: {'hidden_dim': 148, 'n_layers': 4, 'dropout': 0.3604567921837648, 'input_chunk_length': 17, 'learning_rate': 0.00032311471375902947, 'batch_size': 32}. Best is trial 1 with value: 0.10052365064620972.
GPU available: True (cuda), used: True
TPU available: False, using: 0 TPU cores
HPU available: False, using: 0 HPUs
LOCAL_RANK: 0 - CUDA_VISIBLE_DEVICES: [0,1,2,3]
SLURM auto-requeueing enabled. Setting signal handlers.
Monitored metric train_loss did not improve in the last 357 records. Best score: 0.042. Signaling Trainer to stop.
GPU available: True (cuda), used: True
TPU available: False, using: 0 TPU cores
HPU available: False, using: 0 HPUs
LOCAL_RANK: 0 - CUDA_VISIBLE_DEVICES: [0,1,2,3]
SLURM auto-requeueing enabled. Setting signal handlers.
[I 2024-11-03 17:35:30,045] Trial 299 finished with value: 0.3110477030277252 and parameters: {'hidden_dim': 137, 'n_layers': 4, 'dropout': 0.133369921333336, 'input_chunk_length': 142, 'learning_rate': 0.0004580543301327572, 'batch_size': 32}. Best is trial 1 with value: 0.10052365064620972.
GPU available: True (cuda), used: True
TPU available: False, using: 0 TPU cores
HPU available: False, using: 0 HPUs
LOCAL_RANK: 0 - CUDA_VISIBLE_DEVICES: [0,1,2,3]

   | Name                              | Type                             | Params | Mode 
------------------------------------------------------------------------------------------------
0  | train_metrics                     | MetricCollection                 | 0      | train
1  | val_metrics                       | MetricCollection                 | 0      | train
2  | input_embeddings                  | _MultiEmbedding                  | 0      | train
3  | static_covariates_vsn             | _VariableSelectionNetwork        | 0      | train
4  | encoder_vsn                       | _VariableSelectionNetwork        | 84.0 K | train
5  | decoder_vsn                       | _VariableSelectionNetwork        | 79.8 K | train
6  | static_context_grn                | _GatedResidualNetwork            | 90.9 K | train
7  | static_context_hidden_encoder_grn | _GatedResidualNetwork            | 90.9 K | train
8  | static_context_cell_encoder_grn   | _GatedResidualNetwork            | 90.9 K | train
9  | static_context_enrichment         | _GatedResidualNetwork            | 90.9 K | train
10 | lstm_encoder                      | LSTM                             | 906 K  | train
11 | lstm_decoder                      | LSTM                             | 906 K  | train
12 | post_lstm_gan                     | _GateAddNorm                     | 45.6 K | train
13 | static_enrichment_grn             | _GatedResidualNetwork            | 113 K  | train
14 | multihead_attn                    | _InterpretableMultiHeadAttention | 55.8 K | train
15 | post_attn_gan                     | _GateAddNorm                     | 45.6 K | train
16 | feed_forward_block                | _GatedResidualNetwork            | 90.9 K | train
17 | pre_output_gan                    | _GateAddNorm                     | 45.6 K | train
18 | output_layer                      | Linear                           | 2.6 K  | train
------------------------------------------------------------------------------------------------
2.7 M     Trainable params
0         Non-trainable params
2.7 M     Total params
10.954    Total estimated model params size (MB)
738       Modules in train mode
0         Modules in eval mode
SLURM auto-requeueing enabled. Setting signal handlers.
`Trainer.fit` stopped: `max_epochs=75` reached.
GPU available: True (cuda), used: True
TPU available: False, using: 0 TPU cores
HPU available: False, using: 0 HPUs
LOCAL_RANK: 0 - CUDA_VISIBLE_DEVICES: [0,1,2,3]
SLURM auto-requeueing enabled. Setting signal handlers.
