[I 2024-11-11 14:06:10,806] Trial 128 finished with value: 0.28634634613990784 and parameters: {'hidden_dim': 221, 'n_layers': 1, 'dropout': 0.446676789033558, 'input_chunk_length': 92, 'learning_rate': 0.0011600436980270022, 'batch_size': 32}. Best is trial 1 with value: 0.1182749941945076.
GPU available: True (cuda), used: True
TPU available: False, using: 0 TPU cores
HPU available: False, using: 0 HPUs
LOCAL_RANK: 0 - CUDA_VISIBLE_DEVICES: [0]
SLURM auto-requeueing enabled. Setting signal handlers.
Monitored metric train_loss did not improve in the last 184 records. Best score: 0.037. Signaling Trainer to stop.
GPU available: True (cuda), used: True
TPU available: False, using: 0 TPU cores
HPU available: False, using: 0 HPUs
LOCAL_RANK: 0 - CUDA_VISIBLE_DEVICES: [0]
SLURM auto-requeueing enabled. Setting signal handlers.
[I 2024-11-11 14:06:32,913] Trial 129 finished with value: 0.28022709488868713 and parameters: {'hidden_dim': 204, 'n_layers': 1, 'dropout': 0.39036060677553064, 'input_chunk_length': 73, 'learning_rate': 0.0010123414576430757, 'batch_size': 32}. Best is trial 1 with value: 0.1182749941945076.
GPU available: True (cuda), used: True
TPU available: False, using: 0 TPU cores
HPU available: False, using: 0 HPUs
LOCAL_RANK: 0 - CUDA_VISIBLE_DEVICES: [0]
SLURM auto-requeueing enabled. Setting signal handlers.
Monitored metric train_loss did not improve in the last 185 records. Best score: 0.037. Signaling Trainer to stop.
GPU available: True (cuda), used: True
TPU available: False, using: 0 TPU cores
HPU available: False, using: 0 HPUs
LOCAL_RANK: 0 - CUDA_VISIBLE_DEVICES: [0]
SLURM auto-requeueing enabled. Setting signal handlers.
[I 2024-11-11 14:06:58,969] Trial 130 finished with value: 0.22147244215011597 and parameters: {'hidden_dim': 289, 'n_layers': 1, 'dropout': 0.42007289425076555, 'input_chunk_length': 89, 'learning_rate': 0.00040961157729811057, 'batch_size': 32}. Best is trial 1 with value: 0.1182749941945076.
GPU available: True (cuda), used: True
TPU available: False, using: 0 TPU cores
HPU available: False, using: 0 HPUs
LOCAL_RANK: 0 - CUDA_VISIBLE_DEVICES: [0]
SLURM auto-requeueing enabled. Setting signal handlers.
Monitored metric train_loss did not improve in the last 186 records. Best score: 0.037. Signaling Trainer to stop.
GPU available: True (cuda), used: True
TPU available: False, using: 0 TPU cores
HPU available: False, using: 0 HPUs
LOCAL_RANK: 0 - CUDA_VISIBLE_DEVICES: [0]
SLURM auto-requeueing enabled. Setting signal handlers.
[I 2024-11-11 14:07:25,245] Trial 131 finished with value: 0.28526732325553894 and parameters: {'hidden_dim': 298, 'n_layers': 1, 'dropout': 0.42547293673362796, 'input_chunk_length': 89, 'learning_rate': 0.00045793662196552416, 'batch_size': 32}. Best is trial 1 with value: 0.1182749941945076.
GPU available: True (cuda), used: True
TPU available: False, using: 0 TPU cores
HPU available: False, using: 0 HPUs
LOCAL_RANK: 0 - CUDA_VISIBLE_DEVICES: [0]
SLURM auto-requeueing enabled. Setting signal handlers.
Monitored metric train_loss did not improve in the last 187 records. Best score: 0.037. Signaling Trainer to stop.
GPU available: True (cuda), used: True
TPU available: False, using: 0 TPU cores
HPU available: False, using: 0 HPUs
LOCAL_RANK: 0 - CUDA_VISIBLE_DEVICES: [0]
SLURM auto-requeueing enabled. Setting signal handlers.
[I 2024-11-11 14:07:50,314] Trial 132 finished with value: 0.3015298843383789 and parameters: {'hidden_dim': 284, 'n_layers': 1, 'dropout': 0.4406419976814248, 'input_chunk_length': 85, 'learning_rate': 0.00033877904497828985, 'batch_size': 32}. Best is trial 1 with value: 0.1182749941945076.
GPU available: True (cuda), used: True
TPU available: False, using: 0 TPU cores
HPU available: False, using: 0 HPUs
LOCAL_RANK: 0 - CUDA_VISIBLE_DEVICES: [0]
SLURM auto-requeueing enabled. Setting signal handlers.
Monitored metric train_loss did not improve in the last 188 records. Best score: 0.037. Signaling Trainer to stop.
GPU available: True (cuda), used: True
TPU available: False, using: 0 TPU cores
HPU available: False, using: 0 HPUs
LOCAL_RANK: 0 - CUDA_VISIBLE_DEVICES: [0]
SLURM auto-requeueing enabled. Setting signal handlers.
[I 2024-11-11 14:08:17,231] Trial 133 finished with value: 0.30157914757728577 and parameters: {'hidden_dim': 265, 'n_layers': 1, 'dropout': 0.3979541706178121, 'input_chunk_length': 100, 'learning_rate': 0.0003912935841121337, 'batch_size': 32}. Best is trial 1 with value: 0.1182749941945076.
GPU available: True (cuda), used: True
TPU available: False, using: 0 TPU cores
HPU available: False, using: 0 HPUs
LOCAL_RANK: 0 - CUDA_VISIBLE_DEVICES: [0]
SLURM auto-requeueing enabled. Setting signal handlers.
Monitored metric train_loss did not improve in the last 189 records. Best score: 0.037. Signaling Trainer to stop.
GPU available: True (cuda), used: True
TPU available: False, using: 0 TPU cores
HPU available: False, using: 0 HPUs
LOCAL_RANK: 0 - CUDA_VISIBLE_DEVICES: [0]
SLURM auto-requeueing enabled. Setting signal handlers.
[I 2024-11-11 14:08:40,628] Trial 134 finished with value: 0.2795700132846832 and parameters: {'hidden_dim': 215, 'n_layers': 1, 'dropout': 0.4138362409313489, 'input_chunk_length': 81, 'learning_rate': 0.0006139695686332453, 'batch_size': 32}. Best is trial 1 with value: 0.1182749941945076.
GPU available: True (cuda), used: True
TPU available: False, using: 0 TPU cores
HPU available: False, using: 0 HPUs
LOCAL_RANK: 0 - CUDA_VISIBLE_DEVICES: [0]
SLURM auto-requeueing enabled. Setting signal handlers.
Monitored metric train_loss did not improve in the last 190 records. Best score: 0.037. Signaling Trainer to stop.
GPU available: True (cuda), used: True
TPU available: False, using: 0 TPU cores
HPU available: False, using: 0 HPUs
LOCAL_RANK: 0 - CUDA_VISIBLE_DEVICES: [0]
SLURM auto-requeueing enabled. Setting signal handlers.
[I 2024-11-11 14:09:06,494] Trial 135 finished with value: 0.3090159296989441 and parameters: {'hidden_dim': 300, 'n_layers': 1, 'dropout': 0.4574706637877275, 'input_chunk_length': 88, 'learning_rate': 0.0005007101955785407, 'batch_size': 32}. Best is trial 1 with value: 0.1182749941945076.
GPU available: True (cuda), used: True
TPU available: False, using: 0 TPU cores
HPU available: False, using: 0 HPUs
LOCAL_RANK: 0 - CUDA_VISIBLE_DEVICES: [0]
SLURM auto-requeueing enabled. Setting signal handlers.
Monitored metric train_loss did not improve in the last 191 records. Best score: 0.037. Signaling Trainer to stop.
GPU available: True (cuda), used: True
TPU available: False, using: 0 TPU cores
HPU available: False, using: 0 HPUs
LOCAL_RANK: 0 - CUDA_VISIBLE_DEVICES: [0]
SLURM auto-requeueing enabled. Setting signal handlers.
[I 2024-11-11 14:09:27,943] Trial 136 finished with value: 0.23846527934074402 and parameters: {'hidden_dim': 167, 'n_layers': 1, 'dropout': 0.42098957504978396, 'input_chunk_length': 78, 'learning_rate': 0.0007250844473556181, 'batch_size': 32}. Best is trial 1 with value: 0.1182749941945076.
GPU available: True (cuda), used: True
TPU available: False, using: 0 TPU cores
HPU available: False, using: 0 HPUs
LOCAL_RANK: 0 - CUDA_VISIBLE_DEVICES: [0]
SLURM auto-requeueing enabled. Setting signal handlers.
Monitored metric train_loss did not improve in the last 192 records. Best score: 0.037. Signaling Trainer to stop.
GPU available: True (cuda), used: True
TPU available: False, using: 0 TPU cores
HPU available: False, using: 0 HPUs
LOCAL_RANK: 0 - CUDA_VISIBLE_DEVICES: [0]
SLURM auto-requeueing enabled. Setting signal handlers.
[I 2024-11-11 14:09:53,079] Trial 137 finished with value: 0.23829248547554016 and parameters: {'hidden_dim': 231, 'n_layers': 1, 'dropout': 0.13320286327115216, 'input_chunk_length': 94, 'learning_rate': 0.0006863671246685152, 'batch_size': 32}. Best is trial 1 with value: 0.1182749941945076.
GPU available: True (cuda), used: True
TPU available: False, using: 0 TPU cores
HPU available: False, using: 0 HPUs
LOCAL_RANK: 0 - CUDA_VISIBLE_DEVICES: [0]
SLURM auto-requeueing enabled. Setting signal handlers.
Monitored metric train_loss did not improve in the last 193 records. Best score: 0.037. Signaling Trainer to stop.
GPU available: True (cuda), used: True
TPU available: False, using: 0 TPU cores
HPU available: False, using: 0 HPUs
LOCAL_RANK: 0 - CUDA_VISIBLE_DEVICES: [0]
SLURM auto-requeueing enabled. Setting signal handlers.
[I 2024-11-11 14:10:16,037] Trial 138 finished with value: 0.1963733732700348 and parameters: {'hidden_dim': 169, 'n_layers': 1, 'dropout': 0.13293079115622553, 'input_chunk_length': 103, 'learning_rate': 0.0007358786628595965, 'batch_size': 32}. Best is trial 1 with value: 0.1182749941945076.
GPU available: True (cuda), used: True
TPU available: False, using: 0 TPU cores
HPU available: False, using: 0 HPUs
LOCAL_RANK: 0 - CUDA_VISIBLE_DEVICES: [0]
SLURM auto-requeueing enabled. Setting signal handlers.
Monitored metric train_loss did not improve in the last 194 records. Best score: 0.037. Signaling Trainer to stop.
GPU available: True (cuda), used: True
TPU available: False, using: 0 TPU cores
HPU available: False, using: 0 HPUs
LOCAL_RANK: 0 - CUDA_VISIBLE_DEVICES: [0]
SLURM auto-requeueing enabled. Setting signal handlers.
[I 2024-11-11 14:10:38,494] Trial 139 finished with value: 0.17186005413532257 and parameters: {'hidden_dim': 166, 'n_layers': 1, 'dropout': 0.12012352802238468, 'input_chunk_length': 103, 'learning_rate': 0.0007472520082388265, 'batch_size': 32}. Best is trial 1 with value: 0.1182749941945076.
GPU available: True (cuda), used: True
TPU available: False, using: 0 TPU cores
HPU available: False, using: 0 HPUs
LOCAL_RANK: 0 - CUDA_VISIBLE_DEVICES: [0]
SLURM auto-requeueing enabled. Setting signal handlers.
Monitored metric train_loss did not improve in the last 195 records. Best score: 0.037. Signaling Trainer to stop.
GPU available: True (cuda), used: True
TPU available: False, using: 0 TPU cores
HPU available: False, using: 0 HPUs
LOCAL_RANK: 0 - CUDA_VISIBLE_DEVICES: [0]
SLURM auto-requeueing enabled. Setting signal handlers.
[I 2024-11-11 14:11:00,475] Trial 140 finished with value: 0.28993791341781616 and parameters: {'hidden_dim': 141, 'n_layers': 1, 'dropout': 0.11864653599197844, 'input_chunk_length': 107, 'learning_rate': 0.0007564583130741344, 'batch_size': 32}. Best is trial 1 with value: 0.1182749941945076.
GPU available: True (cuda), used: True
TPU available: False, using: 0 TPU cores
HPU available: False, using: 0 HPUs
LOCAL_RANK: 0 - CUDA_VISIBLE_DEVICES: [0]
SLURM auto-requeueing enabled. Setting signal handlers.
Monitored metric train_loss did not improve in the last 196 records. Best score: 0.037. Signaling Trainer to stop.
GPU available: True (cuda), used: True
TPU available: False, using: 0 TPU cores
HPU available: False, using: 0 HPUs
LOCAL_RANK: 0 - CUDA_VISIBLE_DEVICES: [0]
SLURM auto-requeueing enabled. Setting signal handlers.
[I 2024-11-11 14:11:23,741] Trial 141 finished with value: 0.2557373344898224 and parameters: {'hidden_dim': 167, 'n_layers': 1, 'dropout': 0.1325606160594052, 'input_chunk_length': 107, 'learning_rate': 0.0009078201895489412, 'batch_size': 32}. Best is trial 1 with value: 0.1182749941945076.
GPU available: True (cuda), used: True
TPU available: False, using: 0 TPU cores
HPU available: False, using: 0 HPUs
LOCAL_RANK: 0 - CUDA_VISIBLE_DEVICES: [0]
SLURM auto-requeueing enabled. Setting signal handlers.
Monitored metric train_loss did not improve in the last 197 records. Best score: 0.037. Signaling Trainer to stop.
GPU available: True (cuda), used: True
TPU available: False, using: 0 TPU cores
HPU available: False, using: 0 HPUs
LOCAL_RANK: 0 - CUDA_VISIBLE_DEVICES: [0]
SLURM auto-requeueing enabled. Setting signal handlers.
[I 2024-11-11 14:11:46,380] Trial 142 finished with value: 0.24843508005142212 and parameters: {'hidden_dim': 167, 'n_layers': 1, 'dropout': 0.14742752177628918, 'input_chunk_length': 104, 'learning_rate': 0.0014116432177584855, 'batch_size': 32}. Best is trial 1 with value: 0.1182749941945076.
GPU available: True (cuda), used: True
TPU available: False, using: 0 TPU cores
HPU available: False, using: 0 HPUs
LOCAL_RANK: 0 - CUDA_VISIBLE_DEVICES: [0]
SLURM auto-requeueing enabled. Setting signal handlers.
Monitored metric train_loss did not improve in the last 198 records. Best score: 0.037. Signaling Trainer to stop.
GPU available: True (cuda), used: True
TPU available: False, using: 0 TPU cores
HPU available: False, using: 0 HPUs
LOCAL_RANK: 0 - CUDA_VISIBLE_DEVICES: [0]
SLURM auto-requeueing enabled. Setting signal handlers.
[I 2024-11-11 14:12:08,275] Trial 143 finished with value: 0.2225484549999237 and parameters: {'hidden_dim': 143, 'n_layers': 1, 'dropout': 0.09888841903222081, 'input_chunk_length': 102, 'learning_rate': 0.0015101667686332845, 'batch_size': 32}. Best is trial 1 with value: 0.1182749941945076.
GPU available: True (cuda), used: True
TPU available: False, using: 0 TPU cores
HPU available: False, using: 0 HPUs
LOCAL_RANK: 0 - CUDA_VISIBLE_DEVICES: [0]
SLURM auto-requeueing enabled. Setting signal handlers.
Monitored metric train_loss did not improve in the last 199 records. Best score: 0.037. Signaling Trainer to stop.
GPU available: True (cuda), used: True
TPU available: False, using: 0 TPU cores
HPU available: False, using: 0 HPUs
LOCAL_RANK: 0 - CUDA_VISIBLE_DEVICES: [0]
SLURM auto-requeueing enabled. Setting signal handlers.
[I 2024-11-11 14:12:31,285] Trial 144 finished with value: 0.286154180765152 and parameters: {'hidden_dim': 171, 'n_layers': 1, 'dropout': 0.08829419575884649, 'input_chunk_length': 103, 'learning_rate': 0.0013662588253110911, 'batch_size': 32}. Best is trial 1 with value: 0.1182749941945076.
GPU available: True (cuda), used: True
TPU available: False, using: 0 TPU cores
HPU available: False, using: 0 HPUs
LOCAL_RANK: 0 - CUDA_VISIBLE_DEVICES: [0]
SLURM auto-requeueing enabled. Setting signal handlers.
Monitored metric train_loss did not improve in the last 200 records. Best score: 0.037. Signaling Trainer to stop.
GPU available: True (cuda), used: True
TPU available: False, using: 0 TPU cores
HPU available: False, using: 0 HPUs
LOCAL_RANK: 0 - CUDA_VISIBLE_DEVICES: [0]
SLURM auto-requeueing enabled. Setting signal handlers.
[I 2024-11-11 14:12:52,561] Trial 145 finished with value: 0.3237576484680176 and parameters: {'hidden_dim': 124, 'n_layers': 1, 'dropout': 0.07348452553331443, 'input_chunk_length': 115, 'learning_rate': 0.0014255417667787937, 'batch_size': 32}. Best is trial 1 with value: 0.1182749941945076.
GPU available: True (cuda), used: True
TPU available: False, using: 0 TPU cores
HPU available: False, using: 0 HPUs
LOCAL_RANK: 0 - CUDA_VISIBLE_DEVICES: [0]
SLURM auto-requeueing enabled. Setting signal handlers.
Monitored metric train_loss did not improve in the last 201 records. Best score: 0.037. Signaling Trainer to stop.
GPU available: True (cuda), used: True
TPU available: False, using: 0 TPU cores
HPU available: False, using: 0 HPUs
LOCAL_RANK: 0 - CUDA_VISIBLE_DEVICES: [0]
SLURM auto-requeueing enabled. Setting signal handlers.
[I 2024-11-11 14:13:14,778] Trial 146 finished with value: 0.27658554911613464 and parameters: {'hidden_dim': 148, 'n_layers': 1, 'dropout': 0.10062835259419328, 'input_chunk_length': 110, 'learning_rate': 0.0017910824173472104, 'batch_size': 32}. Best is trial 1 with value: 0.1182749941945076.
GPU available: True (cuda), used: True
TPU available: False, using: 0 TPU cores
HPU available: False, using: 0 HPUs
LOCAL_RANK: 0 - CUDA_VISIBLE_DEVICES: [0]
SLURM auto-requeueing enabled. Setting signal handlers.
Monitored metric train_loss did not improve in the last 202 records. Best score: 0.037. Signaling Trainer to stop.
GPU available: True (cuda), used: True
TPU available: False, using: 0 TPU cores
HPU available: False, using: 0 HPUs
LOCAL_RANK: 0 - CUDA_VISIBLE_DEVICES: [0]
SLURM auto-requeueing enabled. Setting signal handlers.
[I 2024-11-11 14:13:35,996] Trial 147 finished with value: 0.28879106044769287 and parameters: {'hidden_dim': 115, 'n_layers': 1, 'dropout': 0.14586379417236503, 'input_chunk_length': 99, 'learning_rate': 0.0010214245335765928, 'batch_size': 32}. Best is trial 1 with value: 0.1182749941945076.
GPU available: True (cuda), used: True
TPU available: False, using: 0 TPU cores
HPU available: False, using: 0 HPUs
LOCAL_RANK: 0 - CUDA_VISIBLE_DEVICES: [0]
SLURM auto-requeueing enabled. Setting signal handlers.
Monitored metric train_loss did not improve in the last 203 records. Best score: 0.037. Signaling Trainer to stop.
GPU available: True (cuda), used: True
TPU available: False, using: 0 TPU cores
HPU available: False, using: 0 HPUs
LOCAL_RANK: 0 - CUDA_VISIBLE_DEVICES: [0]
SLURM auto-requeueing enabled. Setting signal handlers.
[I 2024-11-11 14:13:56,530] Trial 148 finished with value: 0.26226112246513367 and parameters: {'hidden_dim': 66, 'n_layers': 1, 'dropout': 0.11961973620934585, 'input_chunk_length': 104, 'learning_rate': 0.0008460362510478796, 'batch_size': 32}. Best is trial 1 with value: 0.1182749941945076.
GPU available: True (cuda), used: True
TPU available: False, using: 0 TPU cores
HPU available: False, using: 0 HPUs
LOCAL_RANK: 0 - CUDA_VISIBLE_DEVICES: [0]
SLURM auto-requeueing enabled. Setting signal handlers.
Monitored metric train_loss did not improve in the last 204 records. Best score: 0.037. Signaling Trainer to stop.
GPU available: True (cuda), used: True
TPU available: False, using: 0 TPU cores
HPU available: False, using: 0 HPUs
LOCAL_RANK: 0 - CUDA_VISIBLE_DEVICES: [0]
SLURM auto-requeueing enabled. Setting signal handlers.
[I 2024-11-11 14:14:17,952] Trial 149 finished with value: 0.24988719820976257 and parameters: {'hidden_dim': 94, 'n_layers': 2, 'dropout': 0.07404926514700616, 'input_chunk_length': 119, 'learning_rate': 0.0006974134975086169, 'batch_size': 32}. Best is trial 1 with value: 0.1182749941945076.
GPU available: True (cuda), used: True
TPU available: False, using: 0 TPU cores
HPU available: False, using: 0 HPUs
LOCAL_RANK: 0 - CUDA_VISIBLE_DEVICES: [0]
SLURM auto-requeueing enabled. Setting signal handlers.
Monitored metric train_loss did not improve in the last 205 records. Best score: 0.037. Signaling Trainer to stop.
GPU available: True (cuda), used: True
TPU available: False, using: 0 TPU cores
HPU available: False, using: 0 HPUs
LOCAL_RANK: 0 - CUDA_VISIBLE_DEVICES: [0]
SLURM auto-requeueing enabled. Setting signal handlers.
[I 2024-11-11 14:14:40,243] Trial 150 finished with value: 0.25308799743652344 and parameters: {'hidden_dim': 158, 'n_layers': 1, 'dropout': 0.1567792407692455, 'input_chunk_length': 101, 'learning_rate': 0.001083096494922342, 'batch_size': 32}. Best is trial 1 with value: 0.1182749941945076.
GPU available: True (cuda), used: True
TPU available: False, using: 0 TPU cores
HPU available: False, using: 0 HPUs
LOCAL_RANK: 0 - CUDA_VISIBLE_DEVICES: [0]
SLURM auto-requeueing enabled. Setting signal handlers.
Monitored metric train_loss did not improve in the last 206 records. Best score: 0.037. Signaling Trainer to stop.
GPU available: True (cuda), used: True
TPU available: False, using: 0 TPU cores
HPU available: False, using: 0 HPUs
LOCAL_RANK: 0 - CUDA_VISIBLE_DEVICES: [0]
SLURM auto-requeueing enabled. Setting signal handlers.
[I 2024-11-11 14:15:01,006] Trial 151 finished with value: 0.29254892468452454 and parameters: {'hidden_dim': 72, 'n_layers': 1, 'dropout': 0.04961776167406731, 'input_chunk_length': 122, 'learning_rate': 0.0007105225490824692, 'batch_size': 32}. Best is trial 1 with value: 0.1182749941945076.
GPU available: True (cuda), used: True
TPU available: False, using: 0 TPU cores
HPU available: False, using: 0 HPUs
LOCAL_RANK: 0 - CUDA_VISIBLE_DEVICES: [0]
SLURM auto-requeueing enabled. Setting signal handlers.
Monitored metric train_loss did not improve in the last 207 records. Best score: 0.037. Signaling Trainer to stop.
GPU available: True (cuda), used: True
TPU available: False, using: 0 TPU cores
HPU available: False, using: 0 HPUs
LOCAL_RANK: 0 - CUDA_VISIBLE_DEVICES: [0]
SLURM auto-requeueing enabled. Setting signal handlers.
[I 2024-11-11 14:15:21,632] Trial 152 finished with value: 0.29100826382637024 and parameters: {'hidden_dim': 85, 'n_layers': 2, 'dropout': 0.06748346139329126, 'input_chunk_length': 95, 'learning_rate': 0.0007952891489145464, 'batch_size': 32}. Best is trial 1 with value: 0.1182749941945076.
GPU available: True (cuda), used: True
TPU available: False, using: 0 TPU cores
HPU available: False, using: 0 HPUs
LOCAL_RANK: 0 - CUDA_VISIBLE_DEVICES: [0]
SLURM auto-requeueing enabled. Setting signal handlers.
Monitored metric train_loss did not improve in the last 208 records. Best score: 0.037. Signaling Trainer to stop.
GPU available: True (cuda), used: True
TPU available: False, using: 0 TPU cores
HPU available: False, using: 0 HPUs
LOCAL_RANK: 0 - CUDA_VISIBLE_DEVICES: [0]
SLURM auto-requeueing enabled. Setting signal handlers.
[I 2024-11-11 14:15:48,562] Trial 153 finished with value: 0.3042539954185486 and parameters: {'hidden_dim': 180, 'n_layers': 2, 'dropout': 0.09604449469177273, 'input_chunk_length': 118, 'learning_rate': 0.0006663522292563668, 'batch_size': 32}. Best is trial 1 with value: 0.1182749941945076.
GPU available: True (cuda), used: True
TPU available: False, using: 0 TPU cores
HPU available: False, using: 0 HPUs
LOCAL_RANK: 0 - CUDA_VISIBLE_DEVICES: [0]
SLURM auto-requeueing enabled. Setting signal handlers.
Monitored metric train_loss did not improve in the last 209 records. Best score: 0.037. Signaling Trainer to stop.
GPU available: True (cuda), used: True
TPU available: False, using: 0 TPU cores
HPU available: False, using: 0 HPUs
LOCAL_RANK: 0 - CUDA_VISIBLE_DEVICES: [0]
SLURM auto-requeueing enabled. Setting signal handlers.
