GpuFreq=control_disabled
[I 2024-11-11 19:00:47,735] A new study created in memory with name: no-name-8b0effe3-c512-4e29-95ae-aa2f16e1c33d
/pfs/data5/home/tu/tu_tu/tu_zxoul27/micromamba/envs/power/lib/python3.12/site-packages/torch/random.py:167: UserWarning: CUDA reports that you have 2 available devices, and you have used fork_rng without explicitly specifying which devices are being used. For safety, we initialize *every* CUDA device by default, which can be quite slow if you have a lot of CUDAs. If you know that you are only making use of a few CUDA devices, set the environment variable CUDA_VISIBLE_DEVICES or the 'devices' keyword argument of fork_rng with the set of devices you are actually using. For example, if you are using CPU only, set device.upper()_VISIBLE_DEVICES= or devices=[]; if you are using device 0 only, set CUDA_VISIBLE_DEVICES=0 or devices=[0].  To initialize all devices and suppress this warning, set the 'devices' keyword argument to `range(torch.cuda.device_count())`.
  warnings.warn(message)
GPU available: True (cuda), used: True
TPU available: False, using: 0 TPU cores
HPU available: False, using: 0 HPUs
LOCAL_RANK: 0 - CUDA_VISIBLE_DEVICES: [0,1]
SLURM auto-requeueing enabled. Setting signal handlers.
Metric train_loss improved. New best score: 0.304
Metric train_loss improved by 0.133 >= min_delta = 0.0. New best score: 0.171
Metric train_loss improved by 0.047 >= min_delta = 0.0. New best score: 0.124
Metric train_loss improved by 0.027 >= min_delta = 0.0. New best score: 0.097
Metric train_loss improved by 0.003 >= min_delta = 0.0. New best score: 0.094
Metric train_loss improved by 0.046 >= min_delta = 0.0. New best score: 0.049
`Trainer.fit` stopped: `max_epochs=15` reached.
GPU available: True (cuda), used: True
TPU available: False, using: 0 TPU cores
HPU available: False, using: 0 HPUs
LOCAL_RANK: 0 - CUDA_VISIBLE_DEVICES: [0,1]
SLURM auto-requeueing enabled. Setting signal handlers.
[I 2024-11-11 19:03:59,317] Trial 0 finished with value: 0.13205768167972565 and parameters: {'hidden_dim': 179, 'n_layers': 6, 'dropout': 0.1363211285781526, 'input_chunk_length': 64, 'learning_rate': 0.000920636986025757, 'batch_size': 32}. Best is trial 0 with value: 0.13205768167972565.
GPU available: True (cuda), used: True
TPU available: False, using: 0 TPU cores
HPU available: False, using: 0 HPUs
LOCAL_RANK: 0 - CUDA_VISIBLE_DEVICES: [0,1]
SLURM auto-requeueing enabled. Setting signal handlers.
`Trainer.fit` stopped: `max_epochs=15` reached.
GPU available: True (cuda), used: True
TPU available: False, using: 0 TPU cores
HPU available: False, using: 0 HPUs
LOCAL_RANK: 0 - CUDA_VISIBLE_DEVICES: [0,1]
SLURM auto-requeueing enabled. Setting signal handlers.
[I 2024-11-11 19:09:49,014] Trial 1 finished with value: 0.11272724717855453 and parameters: {'hidden_dim': 337, 'n_layers': 1, 'dropout': 0.11882406084672392, 'input_chunk_length': 147, 'learning_rate': 0.00022097081354734832, 'batch_size': 64}. Best is trial 1 with value: 0.11272724717855453.
GPU available: True (cuda), used: True
TPU available: False, using: 0 TPU cores
HPU available: False, using: 0 HPUs
LOCAL_RANK: 0 - CUDA_VISIBLE_DEVICES: [0,1]
SLURM auto-requeueing enabled. Setting signal handlers.
`Trainer.fit` stopped: `max_epochs=15` reached.
GPU available: True (cuda), used: True
TPU available: False, using: 0 TPU cores
HPU available: False, using: 0 HPUs
LOCAL_RANK: 0 - CUDA_VISIBLE_DEVICES: [0,1]
SLURM auto-requeueing enabled. Setting signal handlers.
[I 2024-11-11 19:12:41,425] Trial 2 finished with value: 0.19438041746616364 and parameters: {'hidden_dim': 139, 'n_layers': 5, 'dropout': 0.3203358447749499, 'input_chunk_length': 90, 'learning_rate': 0.0001342128125822365, 'batch_size': 64}. Best is trial 1 with value: 0.11272724717855453.
GPU available: True (cuda), used: True
TPU available: False, using: 0 TPU cores
HPU available: False, using: 0 HPUs
LOCAL_RANK: 0 - CUDA_VISIBLE_DEVICES: [0,1]
SLURM auto-requeueing enabled. Setting signal handlers.
`Trainer.fit` stopped: `max_epochs=15` reached.
GPU available: True (cuda), used: True
TPU available: False, using: 0 TPU cores
HPU available: False, using: 0 HPUs
LOCAL_RANK: 0 - CUDA_VISIBLE_DEVICES: [0,1]
SLURM auto-requeueing enabled. Setting signal handlers.
[I 2024-11-11 19:15:21,320] Trial 3 finished with value: 0.11709840595722198 and parameters: {'hidden_dim': 314, 'n_layers': 3, 'dropout': 0.23564913234046714, 'input_chunk_length': 37, 'learning_rate': 0.001178784622361658, 'batch_size': 32}. Best is trial 1 with value: 0.11272724717855453.
GPU available: True (cuda), used: True
TPU available: False, using: 0 TPU cores
HPU available: False, using: 0 HPUs
LOCAL_RANK: 0 - CUDA_VISIBLE_DEVICES: [0,1]
SLURM auto-requeueing enabled. Setting signal handlers.
Monitored metric train_loss did not improve in the last 60 records. Best score: 0.049. Signaling Trainer to stop.
`Trainer.fit` stopped: `max_epochs=15` reached.
GPU available: True (cuda), used: True
TPU available: False, using: 0 TPU cores
HPU available: False, using: 0 HPUs
LOCAL_RANK: 0 - CUDA_VISIBLE_DEVICES: [0,1]
SLURM auto-requeueing enabled. Setting signal handlers.
[I 2024-11-11 19:16:49,053] Trial 4 finished with value: 0.2117309421300888 and parameters: {'hidden_dim': 196, 'n_layers': 4, 'dropout': 0.08564318250789926, 'input_chunk_length': 19, 'learning_rate': 4.065250974725068e-05, 'batch_size': 64}. Best is trial 1 with value: 0.11272724717855453.
GPU available: True (cuda), used: True
TPU available: False, using: 0 TPU cores
HPU available: False, using: 0 HPUs
LOCAL_RANK: 0 - CUDA_VISIBLE_DEVICES: [0,1]
SLURM auto-requeueing enabled. Setting signal handlers.
Monitored metric train_loss did not improve in the last 61 records. Best score: 0.049. Signaling Trainer to stop.
GPU available: True (cuda), used: True
TPU available: False, using: 0 TPU cores
HPU available: False, using: 0 HPUs
LOCAL_RANK: 0 - CUDA_VISIBLE_DEVICES: [0,1]
SLURM auto-requeueing enabled. Setting signal handlers.
[I 2024-11-11 19:17:10,117] Trial 5 finished with value: 0.3457322120666504 and parameters: {'hidden_dim': 50, 'n_layers': 6, 'dropout': 0.36415060072967265, 'input_chunk_length': 121, 'learning_rate': 0.0004560664776569665, 'batch_size': 64}. Best is trial 1 with value: 0.11272724717855453.
GPU available: True (cuda), used: True
TPU available: False, using: 0 TPU cores
HPU available: False, using: 0 HPUs
LOCAL_RANK: 0 - CUDA_VISIBLE_DEVICES: [0,1]
SLURM auto-requeueing enabled. Setting signal handlers.
Monitored metric train_loss did not improve in the last 62 records. Best score: 0.049. Signaling Trainer to stop.
GPU available: True (cuda), used: True
TPU available: False, using: 0 TPU cores
HPU available: False, using: 0 HPUs
LOCAL_RANK: 0 - CUDA_VISIBLE_DEVICES: [0,1]
SLURM auto-requeueing enabled. Setting signal handlers.
[I 2024-11-11 19:17:32,651] Trial 6 finished with value: 0.3323287069797516 and parameters: {'hidden_dim': 197, 'n_layers': 5, 'dropout': 0.47995523247927335, 'input_chunk_length': 17, 'learning_rate': 0.007599217420181964, 'batch_size': 32}. Best is trial 1 with value: 0.11272724717855453.
GPU available: True (cuda), used: True
TPU available: False, using: 0 TPU cores
HPU available: False, using: 0 HPUs
LOCAL_RANK: 0 - CUDA_VISIBLE_DEVICES: [0,1]
SLURM auto-requeueing enabled. Setting signal handlers.
Monitored metric train_loss did not improve in the last 63 records. Best score: 0.049. Signaling Trainer to stop.
GPU available: True (cuda), used: True
TPU available: False, using: 0 TPU cores
HPU available: False, using: 0 HPUs
LOCAL_RANK: 0 - CUDA_VISIBLE_DEVICES: [0,1]
SLURM auto-requeueing enabled. Setting signal handlers.
[I 2024-11-11 19:17:56,803] Trial 7 finished with value: 0.31510815024375916 and parameters: {'hidden_dim': 118, 'n_layers': 1, 'dropout': 0.18539004386668723, 'input_chunk_length': 146, 'learning_rate': 8.059627432804166e-05, 'batch_size': 32}. Best is trial 1 with value: 0.11272724717855453.
GPU available: True (cuda), used: True
TPU available: False, using: 0 TPU cores
HPU available: False, using: 0 HPUs
LOCAL_RANK: 0 - CUDA_VISIBLE_DEVICES: [0,1]
SLURM auto-requeueing enabled. Setting signal handlers.
Monitored metric train_loss did not improve in the last 64 records. Best score: 0.049. Signaling Trainer to stop.
GPU available: True (cuda), used: True
TPU available: False, using: 0 TPU cores
HPU available: False, using: 0 HPUs
LOCAL_RANK: 0 - CUDA_VISIBLE_DEVICES: [0,1]
SLURM auto-requeueing enabled. Setting signal handlers.
[I 2024-11-11 19:18:21,724] Trial 8 finished with value: 0.31440651416778564 and parameters: {'hidden_dim': 180, 'n_layers': 6, 'dropout': 0.38098105468481663, 'input_chunk_length': 56, 'learning_rate': 6.0179277646594796e-05, 'batch_size': 32}. Best is trial 1 with value: 0.11272724717855453.
GPU available: True (cuda), used: True
TPU available: False, using: 0 TPU cores
HPU available: False, using: 0 HPUs
LOCAL_RANK: 0 - CUDA_VISIBLE_DEVICES: [0,1]
SLURM auto-requeueing enabled. Setting signal handlers.
Monitored metric train_loss did not improve in the last 65 records. Best score: 0.049. Signaling Trainer to stop.
GPU available: True (cuda), used: True
TPU available: False, using: 0 TPU cores
HPU available: False, using: 0 HPUs
LOCAL_RANK: 0 - CUDA_VISIBLE_DEVICES: [0,1]
SLURM auto-requeueing enabled. Setting signal handlers.
[I 2024-11-11 19:18:44,350] Trial 9 finished with value: 0.2838767468929291 and parameters: {'hidden_dim': 279, 'n_layers': 1, 'dropout': 0.18149551485393833, 'input_chunk_length': 49, 'learning_rate': 1.6296203515593763e-05, 'batch_size': 32}. Best is trial 1 with value: 0.11272724717855453.
GPU available: True (cuda), used: True
TPU available: False, using: 0 TPU cores
HPU available: False, using: 0 HPUs
LOCAL_RANK: 0 - CUDA_VISIBLE_DEVICES: [0,1]
SLURM auto-requeueing enabled. Setting signal handlers.
Monitored metric train_loss did not improve in the last 66 records. Best score: 0.049. Signaling Trainer to stop.
GPU available: True (cuda), used: True
TPU available: False, using: 0 TPU cores
HPU available: False, using: 0 HPUs
LOCAL_RANK: 0 - CUDA_VISIBLE_DEVICES: [0,1]
SLURM auto-requeueing enabled. Setting signal handlers.
[I 2024-11-11 19:19:21,422] Trial 10 finished with value: 0.8640608191490173 and parameters: {'hidden_dim': 486, 'n_layers': 2, 'dropout': 0.0010162423762815065, 'input_chunk_length': 106, 'learning_rate': 0.004432997771582076, 'batch_size': 64}. Best is trial 1 with value: 0.11272724717855453.
GPU available: True (cuda), used: True
TPU available: False, using: 0 TPU cores
HPU available: False, using: 0 HPUs
LOCAL_RANK: 0 - CUDA_VISIBLE_DEVICES: [0,1]
SLURM auto-requeueing enabled. Setting signal handlers.
Monitored metric train_loss did not improve in the last 67 records. Best score: 0.049. Signaling Trainer to stop.
GPU available: True (cuda), used: True
TPU available: False, using: 0 TPU cores
HPU available: False, using: 0 HPUs
LOCAL_RANK: 0 - CUDA_VISIBLE_DEVICES: [0,1]
SLURM auto-requeueing enabled. Setting signal handlers.
[I 2024-11-11 19:20:03,948] Trial 11 finished with value: 0.34843993186950684 and parameters: {'hidden_dim': 396, 'n_layers': 3, 'dropout': 0.2357936069361778, 'input_chunk_length': 149, 'learning_rate': 0.0013645576463241014, 'batch_size': 64}. Best is trial 1 with value: 0.11272724717855453.
GPU available: True (cuda), used: True
TPU available: False, using: 0 TPU cores
HPU available: False, using: 0 HPUs
LOCAL_RANK: 0 - CUDA_VISIBLE_DEVICES: [0,1]
SLURM auto-requeueing enabled. Setting signal handlers.
Monitored metric train_loss did not improve in the last 68 records. Best score: 0.049. Signaling Trainer to stop.
GPU available: True (cuda), used: True
TPU available: False, using: 0 TPU cores
HPU available: False, using: 0 HPUs
LOCAL_RANK: 0 - CUDA_VISIBLE_DEVICES: [0,1]
SLURM auto-requeueing enabled. Setting signal handlers.
[I 2024-11-11 19:20:27,489] Trial 12 finished with value: 0.23095710575580597 and parameters: {'hidden_dim': 334, 'n_layers': 3, 'dropout': 0.05242923609211003, 'input_chunk_length': 37, 'learning_rate': 0.00024135452602416029, 'batch_size': 32}. Best is trial 1 with value: 0.11272724717855453.
GPU available: True (cuda), used: True
TPU available: False, using: 0 TPU cores
HPU available: False, using: 0 HPUs
LOCAL_RANK: 0 - CUDA_VISIBLE_DEVICES: [0,1]
SLURM auto-requeueing enabled. Setting signal handlers.
Monitored metric train_loss did not improve in the last 69 records. Best score: 0.049. Signaling Trainer to stop.
GPU available: True (cuda), used: True
TPU available: False, using: 0 TPU cores
HPU available: False, using: 0 HPUs
LOCAL_RANK: 0 - CUDA_VISIBLE_DEVICES: [0,1]
SLURM auto-requeueing enabled. Setting signal handlers.
[I 2024-11-11 19:20:54,081] Trial 13 finished with value: 0.3432124853134155 and parameters: {'hidden_dim': 312, 'n_layers': 2, 'dropout': 0.27248339006275196, 'input_chunk_length': 83, 'learning_rate': 0.0018742620777357152, 'batch_size': 64}. Best is trial 1 with value: 0.11272724717855453.
GPU available: True (cuda), used: True
TPU available: False, using: 0 TPU cores
HPU available: False, using: 0 HPUs
LOCAL_RANK: 0 - CUDA_VISIBLE_DEVICES: [0,1]
SLURM auto-requeueing enabled. Setting signal handlers.
Monitored metric train_loss did not improve in the last 70 records. Best score: 0.049. Signaling Trainer to stop.
GPU available: True (cuda), used: True
TPU available: False, using: 0 TPU cores
HPU available: False, using: 0 HPUs
LOCAL_RANK: 0 - CUDA_VISIBLE_DEVICES: [0,1]
SLURM auto-requeueing enabled. Setting signal handlers.
[I 2024-11-11 19:21:32,818] Trial 14 finished with value: 0.2603604197502136 and parameters: {'hidden_dim': 417, 'n_layers': 2, 'dropout': 0.12307617569219859, 'input_chunk_length': 121, 'learning_rate': 0.0004488104737058076, 'batch_size': 32}. Best is trial 1 with value: 0.11272724717855453.
GPU available: True (cuda), used: True
TPU available: False, using: 0 TPU cores
HPU available: False, using: 0 HPUs
LOCAL_RANK: 0 - CUDA_VISIBLE_DEVICES: [0,1]
SLURM auto-requeueing enabled. Setting signal handlers.
Monitored metric train_loss did not improve in the last 71 records. Best score: 0.049. Signaling Trainer to stop.
GPU available: True (cuda), used: True
TPU available: False, using: 0 TPU cores
HPU available: False, using: 0 HPUs
LOCAL_RANK: 0 - CUDA_VISIBLE_DEVICES: [0,1]
SLURM auto-requeueing enabled. Setting signal handlers.
[I 2024-11-11 19:21:58,419] Trial 15 finished with value: 0.36446624994277954 and parameters: {'hidden_dim': 280, 'n_layers': 4, 'dropout': 0.22498508324425792, 'input_chunk_length': 74, 'learning_rate': 0.0031631665831379583, 'batch_size': 64}. Best is trial 1 with value: 0.11272724717855453.
GPU available: True (cuda), used: True
TPU available: False, using: 0 TPU cores
HPU available: False, using: 0 HPUs
LOCAL_RANK: 0 - CUDA_VISIBLE_DEVICES: [0,1]
SLURM auto-requeueing enabled. Setting signal handlers.
Monitored metric train_loss did not improve in the last 72 records. Best score: 0.049. Signaling Trainer to stop.
GPU available: True (cuda), used: True
TPU available: False, using: 0 TPU cores
HPU available: False, using: 0 HPUs
LOCAL_RANK: 0 - CUDA_VISIBLE_DEVICES: [0,1]
SLURM auto-requeueing enabled. Setting signal handlers.
[I 2024-11-11 19:22:18,708] Trial 16 finished with value: 0.30011650919914246 and parameters: {'hidden_dim': 370, 'n_layers': 1, 'dropout': 0.2921300839493836, 'input_chunk_length': 37, 'learning_rate': 0.000734029079071387, 'batch_size': 64}. Best is trial 1 with value: 0.11272724717855453.
GPU available: True (cuda), used: True
TPU available: False, using: 0 TPU cores
HPU available: False, using: 0 HPUs
LOCAL_RANK: 0 - CUDA_VISIBLE_DEVICES: [0,1]
SLURM auto-requeueing enabled. Setting signal handlers.
Monitored metric train_loss did not improve in the last 73 records. Best score: 0.049. Signaling Trainer to stop.
GPU available: True (cuda), used: True
TPU available: False, using: 0 TPU cores
HPU available: False, using: 0 HPUs
LOCAL_RANK: 0 - CUDA_VISIBLE_DEVICES: [0,1]
SLURM auto-requeueing enabled. Setting signal handlers.
[I 2024-11-11 19:22:58,535] Trial 17 finished with value: 0.26554030179977417 and parameters: {'hidden_dim': 494, 'n_layers': 3, 'dropout': 0.1541122488063872, 'input_chunk_length': 101, 'learning_rate': 0.00018140473168058615, 'batch_size': 32}. Best is trial 1 with value: 0.11272724717855453.
GPU available: True (cuda), used: True
TPU available: False, using: 0 TPU cores
HPU available: False, using: 0 HPUs
LOCAL_RANK: 0 - CUDA_VISIBLE_DEVICES: [0,1]
SLURM auto-requeueing enabled. Setting signal handlers.
Monitored metric train_loss did not improve in the last 74 records. Best score: 0.049. Signaling Trainer to stop.
GPU available: True (cuda), used: True
TPU available: False, using: 0 TPU cores
HPU available: False, using: 0 HPUs
LOCAL_RANK: 0 - CUDA_VISIBLE_DEVICES: [0,1]
SLURM auto-requeueing enabled. Setting signal handlers.
[I 2024-11-11 19:23:36,342] Trial 18 finished with value: 0.3137824237346649 and parameters: {'hidden_dim': 440, 'n_layers': 2, 'dropout': 0.06880832286078041, 'input_chunk_length': 123, 'learning_rate': 2.1142844993014672e-05, 'batch_size': 64}. Best is trial 1 with value: 0.11272724717855453.
GPU available: True (cuda), used: True
TPU available: False, using: 0 TPU cores
HPU available: False, using: 0 HPUs
LOCAL_RANK: 0 - CUDA_VISIBLE_DEVICES: [0,1]
SLURM auto-requeueing enabled. Setting signal handlers.
Monitored metric train_loss did not improve in the last 75 records. Best score: 0.049. Signaling Trainer to stop.
GPU available: True (cuda), used: True
TPU available: False, using: 0 TPU cores
HPU available: False, using: 0 HPUs
LOCAL_RANK: 0 - CUDA_VISIBLE_DEVICES: [0,1]
SLURM auto-requeueing enabled. Setting signal handlers.
[I 2024-11-11 19:23:59,228] Trial 19 finished with value: 0.310129314661026 and parameters: {'hidden_dim': 245, 'n_layers': 4, 'dropout': 0.44416513353620546, 'input_chunk_length': 33, 'learning_rate': 0.00034283086171706806, 'batch_size': 32}. Best is trial 1 with value: 0.11272724717855453.
GPU available: True (cuda), used: True
TPU available: False, using: 0 TPU cores
HPU available: False, using: 0 HPUs
LOCAL_RANK: 0 - CUDA_VISIBLE_DEVICES: [0,1]
SLURM auto-requeueing enabled. Setting signal handlers.
Monitored metric train_loss did not improve in the last 76 records. Best score: 0.049. Signaling Trainer to stop.
GPU available: True (cuda), used: True
TPU available: False, using: 0 TPU cores
HPU available: False, using: 0 HPUs
LOCAL_RANK: 0 - CUDA_VISIBLE_DEVICES: [0,1]
SLURM auto-requeueing enabled. Setting signal handlers.
[I 2024-11-11 19:24:35,423] Trial 20 finished with value: 0.34286874532699585 and parameters: {'hidden_dim': 345, 'n_layers': 1, 'dropout': 0.002599994554200402, 'input_chunk_length': 138, 'learning_rate': 0.002513324911248029, 'batch_size': 32}. Best is trial 1 with value: 0.11272724717855453.
GPU available: True (cuda), used: True
TPU available: False, using: 0 TPU cores
HPU available: False, using: 0 HPUs
LOCAL_RANK: 0 - CUDA_VISIBLE_DEVICES: [0,1]
SLURM auto-requeueing enabled. Setting signal handlers.
Monitored metric train_loss did not improve in the last 77 records. Best score: 0.049. Signaling Trainer to stop.
GPU available: True (cuda), used: True
TPU available: False, using: 0 TPU cores
HPU available: False, using: 0 HPUs
LOCAL_RANK: 0 - CUDA_VISIBLE_DEVICES: [0,1]
SLURM auto-requeueing enabled. Setting signal handlers.
[I 2024-11-11 19:25:01,192] Trial 21 finished with value: 0.15901115536689758 and parameters: {'hidden_dim': 247, 'n_layers': 5, 'dropout': 0.12412051497846177, 'input_chunk_length': 63, 'learning_rate': 0.0007290600021251513, 'batch_size': 32}. Best is trial 1 with value: 0.11272724717855453.
GPU available: True (cuda), used: True
TPU available: False, using: 0 TPU cores
HPU available: False, using: 0 HPUs
LOCAL_RANK: 0 - CUDA_VISIBLE_DEVICES: [0,1]
SLURM auto-requeueing enabled. Setting signal handlers.
Monitored metric train_loss did not improve in the last 78 records. Best score: 0.049. Signaling Trainer to stop.
GPU available: True (cuda), used: True
TPU available: False, using: 0 TPU cores
HPU available: False, using: 0 HPUs
LOCAL_RANK: 0 - CUDA_VISIBLE_DEVICES: [0,1]
SLURM auto-requeueing enabled. Setting signal handlers.
[I 2024-11-11 19:25:28,486] Trial 22 finished with value: 0.31579354405403137 and parameters: {'hidden_dim': 242, 'n_layers': 6, 'dropout': 0.20226009054453237, 'input_chunk_length': 70, 'learning_rate': 0.0009961489637701254, 'batch_size': 32}. Best is trial 1 with value: 0.11272724717855453.
GPU available: True (cuda), used: True
TPU available: False, using: 0 TPU cores
HPU available: False, using: 0 HPUs
LOCAL_RANK: 0 - CUDA_VISIBLE_DEVICES: [0,1]
SLURM auto-requeueing enabled. Setting signal handlers.
Monitored metric train_loss did not improve in the last 79 records. Best score: 0.049. Signaling Trainer to stop.
GPU available: True (cuda), used: True
TPU available: False, using: 0 TPU cores
HPU available: False, using: 0 HPUs
LOCAL_RANK: 0 - CUDA_VISIBLE_DEVICES: [0,1]
SLURM auto-requeueing enabled. Setting signal handlers.
[I 2024-11-11 19:25:52,866] Trial 23 finished with value: 0.30482691526412964 and parameters: {'hidden_dim': 307, 'n_layers': 3, 'dropout': 0.11879343554542214, 'input_chunk_length': 49, 'learning_rate': 0.00013104605040819526, 'batch_size': 32}. Best is trial 1 with value: 0.11272724717855453.
GPU available: True (cuda), used: True
TPU available: False, using: 0 TPU cores
HPU available: False, using: 0 HPUs
LOCAL_RANK: 0 - CUDA_VISIBLE_DEVICES: [0,1]
SLURM auto-requeueing enabled. Setting signal handlers.
Monitored metric train_loss did not improve in the last 80 records. Best score: 0.049. Signaling Trainer to stop.
GPU available: True (cuda), used: True
TPU available: False, using: 0 TPU cores
HPU available: False, using: 0 HPUs
LOCAL_RANK: 0 - CUDA_VISIBLE_DEVICES: [0,1]
SLURM auto-requeueing enabled. Setting signal handlers.
