[I 2024-11-11 12:52:09,818] Trial 179 finished with value: 0.25332269072532654 and parameters: {'hidden_dim': 474, 'n_layers': 3, 'dropout': 0.3166490268151804, 'input_chunk_length': 43, 'learning_rate': 0.0003992987831616419, 'batch_size': 32}. Best is trial 17 with value: 0.18230657279491425.
GPU available: True (cuda), used: True
TPU available: False, using: 0 TPU cores
HPU available: False, using: 0 HPUs
LOCAL_RANK: 0 - CUDA_VISIBLE_DEVICES: [0,1]
SLURM auto-requeueing enabled. Setting signal handlers.
Monitored metric train_loss did not improve in the last 235 records. Best score: 0.085. Signaling Trainer to stop.
GPU available: True (cuda), used: True
TPU available: False, using: 0 TPU cores
HPU available: False, using: 0 HPUs
LOCAL_RANK: 0 - CUDA_VISIBLE_DEVICES: [0,1]
SLURM auto-requeueing enabled. Setting signal handlers.
[I 2024-11-11 12:52:27,661] Trial 180 finished with value: 0.2999342679977417 and parameters: {'hidden_dim': 495, 'n_layers': 3, 'dropout': 0.31983197642894906, 'input_chunk_length': 18, 'learning_rate': 0.00023105223200508643, 'batch_size': 64}. Best is trial 17 with value: 0.18230657279491425.
GPU available: True (cuda), used: True
TPU available: False, using: 0 TPU cores
HPU available: False, using: 0 HPUs
LOCAL_RANK: 0 - CUDA_VISIBLE_DEVICES: [0,1]
SLURM auto-requeueing enabled. Setting signal handlers.
Monitored metric train_loss did not improve in the last 236 records. Best score: 0.085. Signaling Trainer to stop.
GPU available: True (cuda), used: True
TPU available: False, using: 0 TPU cores
HPU available: False, using: 0 HPUs
LOCAL_RANK: 0 - CUDA_VISIBLE_DEVICES: [0,1]
SLURM auto-requeueing enabled. Setting signal handlers.
[I 2024-11-11 12:52:49,133] Trial 181 finished with value: 0.27260199189186096 and parameters: {'hidden_dim': 470, 'n_layers': 3, 'dropout': 0.3353336140704807, 'input_chunk_length': 26, 'learning_rate': 0.0013064764418568586, 'batch_size': 32}. Best is trial 17 with value: 0.18230657279491425.
GPU available: True (cuda), used: True
TPU available: False, using: 0 TPU cores
HPU available: False, using: 0 HPUs
LOCAL_RANK: 0 - CUDA_VISIBLE_DEVICES: [0,1]
SLURM auto-requeueing enabled. Setting signal handlers.
Monitored metric train_loss did not improve in the last 237 records. Best score: 0.085. Signaling Trainer to stop.
GPU available: True (cuda), used: True
TPU available: False, using: 0 TPU cores
HPU available: False, using: 0 HPUs
LOCAL_RANK: 0 - CUDA_VISIBLE_DEVICES: [0,1]
SLURM auto-requeueing enabled. Setting signal handlers.
[I 2024-11-11 12:53:10,976] Trial 182 finished with value: 0.29666727781295776 and parameters: {'hidden_dim': 474, 'n_layers': 3, 'dropout': 0.33864721659524244, 'input_chunk_length': 28, 'learning_rate': 0.0013093726058498742, 'batch_size': 32}. Best is trial 17 with value: 0.18230657279491425.
GPU available: True (cuda), used: True
TPU available: False, using: 0 TPU cores
HPU available: False, using: 0 HPUs
LOCAL_RANK: 0 - CUDA_VISIBLE_DEVICES: [0,1]
SLURM auto-requeueing enabled. Setting signal handlers.
Monitored metric train_loss did not improve in the last 238 records. Best score: 0.085. Signaling Trainer to stop.
GPU available: True (cuda), used: True
TPU available: False, using: 0 TPU cores
HPU available: False, using: 0 HPUs
LOCAL_RANK: 0 - CUDA_VISIBLE_DEVICES: [0,1]
SLURM auto-requeueing enabled. Setting signal handlers.
[I 2024-11-11 12:53:32,162] Trial 183 finished with value: 0.291143000125885 and parameters: {'hidden_dim': 479, 'n_layers': 3, 'dropout': 0.32882732970671147, 'input_chunk_length': 24, 'learning_rate': 0.00031929352991403746, 'batch_size': 32}. Best is trial 17 with value: 0.18230657279491425.
GPU available: True (cuda), used: True
TPU available: False, using: 0 TPU cores
HPU available: False, using: 0 HPUs
LOCAL_RANK: 0 - CUDA_VISIBLE_DEVICES: [0,1]
SLURM auto-requeueing enabled. Setting signal handlers.
Monitored metric train_loss did not improve in the last 239 records. Best score: 0.085. Signaling Trainer to stop.
GPU available: True (cuda), used: True
TPU available: False, using: 0 TPU cores
HPU available: False, using: 0 HPUs
LOCAL_RANK: 0 - CUDA_VISIBLE_DEVICES: [0,1]
SLURM auto-requeueing enabled. Setting signal handlers.
[I 2024-11-11 12:53:53,063] Trial 184 finished with value: 0.31056782603263855 and parameters: {'hidden_dim': 467, 'n_layers': 3, 'dropout': 0.307510167513741, 'input_chunk_length': 22, 'learning_rate': 0.002024776330061294, 'batch_size': 32}. Best is trial 17 with value: 0.18230657279491425.
GPU available: True (cuda), used: True
TPU available: False, using: 0 TPU cores
HPU available: False, using: 0 HPUs
LOCAL_RANK: 0 - CUDA_VISIBLE_DEVICES: [0,1]
SLURM auto-requeueing enabled. Setting signal handlers.
Monitored metric train_loss did not improve in the last 240 records. Best score: 0.085. Signaling Trainer to stop.
GPU available: True (cuda), used: True
TPU available: False, using: 0 TPU cores
HPU available: False, using: 0 HPUs
LOCAL_RANK: 0 - CUDA_VISIBLE_DEVICES: [0,1]
SLURM auto-requeueing enabled. Setting signal handlers.
[I 2024-11-11 12:54:16,597] Trial 185 finished with value: 0.3184022605419159 and parameters: {'hidden_dim': 453, 'n_layers': 3, 'dropout': 0.36595572925962766, 'input_chunk_length': 39, 'learning_rate': 0.0013090171298328383, 'batch_size': 32}. Best is trial 17 with value: 0.18230657279491425.
GPU available: True (cuda), used: True
TPU available: False, using: 0 TPU cores
HPU available: False, using: 0 HPUs
LOCAL_RANK: 0 - CUDA_VISIBLE_DEVICES: [0,1]
SLURM auto-requeueing enabled. Setting signal handlers.
Monitored metric train_loss did not improve in the last 241 records. Best score: 0.085. Signaling Trainer to stop.
GPU available: True (cuda), used: True
TPU available: False, using: 0 TPU cores
HPU available: False, using: 0 HPUs
LOCAL_RANK: 0 - CUDA_VISIBLE_DEVICES: [0,1]
SLURM auto-requeueing enabled. Setting signal handlers.
[I 2024-11-11 12:54:37,832] Trial 186 finished with value: 0.3206712007522583 and parameters: {'hidden_dim': 462, 'n_layers': 3, 'dropout': 0.3495891966194179, 'input_chunk_length': 24, 'learning_rate': 0.0006876074029644923, 'batch_size': 32}. Best is trial 17 with value: 0.18230657279491425.
GPU available: True (cuda), used: True
TPU available: False, using: 0 TPU cores
HPU available: False, using: 0 HPUs
LOCAL_RANK: 0 - CUDA_VISIBLE_DEVICES: [0,1]
SLURM auto-requeueing enabled. Setting signal handlers.
Monitored metric train_loss did not improve in the last 242 records. Best score: 0.085. Signaling Trainer to stop.
GPU available: True (cuda), used: True
TPU available: False, using: 0 TPU cores
HPU available: False, using: 0 HPUs
LOCAL_RANK: 0 - CUDA_VISIBLE_DEVICES: [0,1]
SLURM auto-requeueing enabled. Setting signal handlers.
[I 2024-11-11 12:55:03,086] Trial 187 finished with value: 0.3526424765586853 and parameters: {'hidden_dim': 474, 'n_layers': 3, 'dropout': 0.32329088865805095, 'input_chunk_length': 50, 'learning_rate': 0.0001763657834872309, 'batch_size': 32}. Best is trial 17 with value: 0.18230657279491425.
GPU available: True (cuda), used: True
TPU available: False, using: 0 TPU cores
HPU available: False, using: 0 HPUs
LOCAL_RANK: 0 - CUDA_VISIBLE_DEVICES: [0,1]
SLURM auto-requeueing enabled. Setting signal handlers.
Monitored metric train_loss did not improve in the last 243 records. Best score: 0.085. Signaling Trainer to stop.
GPU available: True (cuda), used: True
TPU available: False, using: 0 TPU cores
HPU available: False, using: 0 HPUs
LOCAL_RANK: 0 - CUDA_VISIBLE_DEVICES: [0,1]
SLURM auto-requeueing enabled. Setting signal handlers.
[I 2024-11-11 12:55:29,733] Trial 188 finished with value: 0.535138726234436 and parameters: {'hidden_dim': 485, 'n_layers': 3, 'dropout': 0.3088472748597523, 'input_chunk_length': 34, 'learning_rate': 0.001473792713460262, 'batch_size': 32}. Best is trial 17 with value: 0.18230657279491425.
GPU available: True (cuda), used: True
TPU available: False, using: 0 TPU cores
HPU available: False, using: 0 HPUs
LOCAL_RANK: 0 - CUDA_VISIBLE_DEVICES: [0,1]
SLURM auto-requeueing enabled. Setting signal handlers.
Monitored metric train_loss did not improve in the last 244 records. Best score: 0.085. Signaling Trainer to stop.
GPU available: True (cuda), used: True
TPU available: False, using: 0 TPU cores
HPU available: False, using: 0 HPUs
LOCAL_RANK: 0 - CUDA_VISIBLE_DEVICES: [0,1]
SLURM auto-requeueing enabled. Setting signal handlers.
[I 2024-11-11 12:55:51,980] Trial 189 finished with value: 0.42294004559516907 and parameters: {'hidden_dim': 438, 'n_layers': 3, 'dropout': 0.2940286544775396, 'input_chunk_length': 42, 'learning_rate': 1.0153019777208306e-05, 'batch_size': 64}. Best is trial 17 with value: 0.18230657279491425.
GPU available: True (cuda), used: True
TPU available: False, using: 0 TPU cores
HPU available: False, using: 0 HPUs
LOCAL_RANK: 0 - CUDA_VISIBLE_DEVICES: [0,1]
SLURM auto-requeueing enabled. Setting signal handlers.
Monitored metric train_loss did not improve in the last 245 records. Best score: 0.085. Signaling Trainer to stop.
GPU available: True (cuda), used: True
TPU available: False, using: 0 TPU cores
HPU available: False, using: 0 HPUs
LOCAL_RANK: 0 - CUDA_VISIBLE_DEVICES: [0,1]
SLURM auto-requeueing enabled. Setting signal handlers.
[I 2024-11-11 12:56:20,872] Trial 190 finished with value: 0.2382356971502304 and parameters: {'hidden_dim': 423, 'n_layers': 3, 'dropout': 0.3887439108126329, 'input_chunk_length': 69, 'learning_rate': 0.00044292811127724153, 'batch_size': 32}. Best is trial 17 with value: 0.18230657279491425.
GPU available: True (cuda), used: True
TPU available: False, using: 0 TPU cores
HPU available: False, using: 0 HPUs
LOCAL_RANK: 0 - CUDA_VISIBLE_DEVICES: [0,1]
SLURM auto-requeueing enabled. Setting signal handlers.
Monitored metric train_loss did not improve in the last 246 records. Best score: 0.085. Signaling Trainer to stop.
GPU available: True (cuda), used: True
TPU available: False, using: 0 TPU cores
HPU available: False, using: 0 HPUs
LOCAL_RANK: 0 - CUDA_VISIBLE_DEVICES: [0,1]
SLURM auto-requeueing enabled. Setting signal handlers.
[I 2024-11-11 12:56:44,866] Trial 191 finished with value: 0.2929830849170685 and parameters: {'hidden_dim': 424, 'n_layers': 3, 'dropout': 0.4000191377595759, 'input_chunk_length': 45, 'learning_rate': 0.0004284591522676157, 'batch_size': 32}. Best is trial 17 with value: 0.18230657279491425.
GPU available: True (cuda), used: True
TPU available: False, using: 0 TPU cores
HPU available: False, using: 0 HPUs
LOCAL_RANK: 0 - CUDA_VISIBLE_DEVICES: [0,1]
SLURM auto-requeueing enabled. Setting signal handlers.
Monitored metric train_loss did not improve in the last 247 records. Best score: 0.085. Signaling Trainer to stop.
GPU available: True (cuda), used: True
TPU available: False, using: 0 TPU cores
HPU available: False, using: 0 HPUs
LOCAL_RANK: 0 - CUDA_VISIBLE_DEVICES: [0,1]
SLURM auto-requeueing enabled. Setting signal handlers.
[I 2024-11-11 12:57:12,741] Trial 192 finished with value: 0.30000340938568115 and parameters: {'hidden_dim': 397, 'n_layers': 3, 'dropout': 0.38021943856258933, 'input_chunk_length': 69, 'learning_rate': 0.0005694314026228515, 'batch_size': 32}. Best is trial 17 with value: 0.18230657279491425.
GPU available: True (cuda), used: True
TPU available: False, using: 0 TPU cores
HPU available: False, using: 0 HPUs
LOCAL_RANK: 0 - CUDA_VISIBLE_DEVICES: [0,1]
SLURM auto-requeueing enabled. Setting signal handlers.
Monitored metric train_loss did not improve in the last 248 records. Best score: 0.085. Signaling Trainer to stop.
GPU available: True (cuda), used: True
TPU available: False, using: 0 TPU cores
HPU available: False, using: 0 HPUs
LOCAL_RANK: 0 - CUDA_VISIBLE_DEVICES: [0,1]
SLURM auto-requeueing enabled. Setting signal handlers.
[I 2024-11-11 12:57:37,981] Trial 193 finished with value: 0.2563161551952362 and parameters: {'hidden_dim': 416, 'n_layers': 3, 'dropout': 0.2700149995851287, 'input_chunk_length': 59, 'learning_rate': 0.0004033966760977273, 'batch_size': 32}. Best is trial 17 with value: 0.18230657279491425.
GPU available: True (cuda), used: True
TPU available: False, using: 0 TPU cores
HPU available: False, using: 0 HPUs
LOCAL_RANK: 0 - CUDA_VISIBLE_DEVICES: [0,1]
SLURM auto-requeueing enabled. Setting signal handlers.
Monitored metric train_loss did not improve in the last 249 records. Best score: 0.085. Signaling Trainer to stop.
GPU available: True (cuda), used: True
TPU available: False, using: 0 TPU cores
HPU available: False, using: 0 HPUs
LOCAL_RANK: 0 - CUDA_VISIBLE_DEVICES: [0,1]
SLURM auto-requeueing enabled. Setting signal handlers.
[I 2024-11-11 12:58:03,543] Trial 194 finished with value: 0.3165134787559509 and parameters: {'hidden_dim': 414, 'n_layers': 3, 'dropout': 0.3851374484162983, 'input_chunk_length': 56, 'learning_rate': 0.00036831300987951175, 'batch_size': 32}. Best is trial 17 with value: 0.18230657279491425.
GPU available: True (cuda), used: True
TPU available: False, using: 0 TPU cores
HPU available: False, using: 0 HPUs
LOCAL_RANK: 0 - CUDA_VISIBLE_DEVICES: [0,1]
SLURM auto-requeueing enabled. Setting signal handlers.
Monitored metric train_loss did not improve in the last 250 records. Best score: 0.085. Signaling Trainer to stop.
GPU available: True (cuda), used: True
TPU available: False, using: 0 TPU cores
HPU available: False, using: 0 HPUs
LOCAL_RANK: 0 - CUDA_VISIBLE_DEVICES: [0,1]
SLURM auto-requeueing enabled. Setting signal handlers.
[I 2024-11-11 12:58:29,529] Trial 195 finished with value: 0.28404831886291504 and parameters: {'hidden_dim': 407, 'n_layers': 3, 'dropout': 0.23659307001912616, 'input_chunk_length': 59, 'learning_rate': 0.0002885532124742725, 'batch_size': 32}. Best is trial 17 with value: 0.18230657279491425.
GPU available: True (cuda), used: True
TPU available: False, using: 0 TPU cores
HPU available: False, using: 0 HPUs
LOCAL_RANK: 0 - CUDA_VISIBLE_DEVICES: [0,1]
SLURM auto-requeueing enabled. Setting signal handlers.
Monitored metric train_loss did not improve in the last 251 records. Best score: 0.085. Signaling Trainer to stop.
GPU available: True (cuda), used: True
TPU available: False, using: 0 TPU cores
HPU available: False, using: 0 HPUs
LOCAL_RANK: 0 - CUDA_VISIBLE_DEVICES: [0,1]
SLURM auto-requeueing enabled. Setting signal handlers.
[I 2024-11-11 12:58:56,913] Trial 196 finished with value: 0.22257621586322784 and parameters: {'hidden_dim': 423, 'n_layers': 3, 'dropout': 0.39291353933325374, 'input_chunk_length': 62, 'learning_rate': 0.00041400724153474916, 'batch_size': 32}. Best is trial 17 with value: 0.18230657279491425.
GPU available: True (cuda), used: True
TPU available: False, using: 0 TPU cores
HPU available: False, using: 0 HPUs
LOCAL_RANK: 0 - CUDA_VISIBLE_DEVICES: [0,1]
SLURM auto-requeueing enabled. Setting signal handlers.
Monitored metric train_loss did not improve in the last 252 records. Best score: 0.085. Signaling Trainer to stop.
GPU available: True (cuda), used: True
TPU available: False, using: 0 TPU cores
HPU available: False, using: 0 HPUs
LOCAL_RANK: 0 - CUDA_VISIBLE_DEVICES: [0,1]
SLURM auto-requeueing enabled. Setting signal handlers.
[I 2024-11-11 12:59:24,095] Trial 197 finished with value: 0.3798995018005371 and parameters: {'hidden_dim': 428, 'n_layers': 3, 'dropout': 0.4075999307097147, 'input_chunk_length': 63, 'learning_rate': 0.000465748761748368, 'batch_size': 32}. Best is trial 17 with value: 0.18230657279491425.
GPU available: True (cuda), used: True
TPU available: False, using: 0 TPU cores
HPU available: False, using: 0 HPUs
LOCAL_RANK: 0 - CUDA_VISIBLE_DEVICES: [0,1]
SLURM auto-requeueing enabled. Setting signal handlers.
Monitored metric train_loss did not improve in the last 253 records. Best score: 0.085. Signaling Trainer to stop.
GPU available: True (cuda), used: True
TPU available: False, using: 0 TPU cores
HPU available: False, using: 0 HPUs
LOCAL_RANK: 0 - CUDA_VISIBLE_DEVICES: [0,1]
SLURM auto-requeueing enabled. Setting signal handlers.
[I 2024-11-11 12:59:51,441] Trial 198 finished with value: 0.3026526868343353 and parameters: {'hidden_dim': 446, 'n_layers': 3, 'dropout': 0.3966472432156553, 'input_chunk_length': 61, 'learning_rate': 0.0004048699987289947, 'batch_size': 32}. Best is trial 17 with value: 0.18230657279491425.
GPU available: True (cuda), used: True
TPU available: False, using: 0 TPU cores
HPU available: False, using: 0 HPUs
LOCAL_RANK: 0 - CUDA_VISIBLE_DEVICES: [0,1]
SLURM auto-requeueing enabled. Setting signal handlers.
Monitored metric train_loss did not improve in the last 254 records. Best score: 0.085. Signaling Trainer to stop.
GPU available: True (cuda), used: True
TPU available: False, using: 0 TPU cores
HPU available: False, using: 0 HPUs
LOCAL_RANK: 0 - CUDA_VISIBLE_DEVICES: [0,1]
SLURM auto-requeueing enabled. Setting signal handlers.
[I 2024-11-11 13:00:17,907] Trial 199 finished with value: 0.2992668151855469 and parameters: {'hidden_dim': 419, 'n_layers': 3, 'dropout': 0.4103637011480569, 'input_chunk_length': 66, 'learning_rate': 0.0010460814942467591, 'batch_size': 64}. Best is trial 17 with value: 0.18230657279491425.
GPU available: True (cuda), used: True
TPU available: False, using: 0 TPU cores
HPU available: False, using: 0 HPUs
LOCAL_RANK: 0 - CUDA_VISIBLE_DEVICES: [0,1]
SLURM auto-requeueing enabled. Setting signal handlers.
Monitored metric train_loss did not improve in the last 255 records. Best score: 0.085. Signaling Trainer to stop.
GPU available: True (cuda), used: True
TPU available: False, using: 0 TPU cores
HPU available: False, using: 0 HPUs
LOCAL_RANK: 0 - CUDA_VISIBLE_DEVICES: [0,1]
SLURM auto-requeueing enabled. Setting signal handlers.
[I 2024-11-11 13:00:42,067] Trial 200 finished with value: 0.29957762360572815 and parameters: {'hidden_dim': 392, 'n_layers': 3, 'dropout': 0.37706592310137715, 'input_chunk_length': 55, 'learning_rate': 0.0005009418431933349, 'batch_size': 32}. Best is trial 17 with value: 0.18230657279491425.
GPU available: True (cuda), used: True
TPU available: False, using: 0 TPU cores
HPU available: False, using: 0 HPUs
LOCAL_RANK: 0 - CUDA_VISIBLE_DEVICES: [0,1]
SLURM auto-requeueing enabled. Setting signal handlers.
Monitored metric train_loss did not improve in the last 256 records. Best score: 0.085. Signaling Trainer to stop.
GPU available: True (cuda), used: True
TPU available: False, using: 0 TPU cores
HPU available: False, using: 0 HPUs
LOCAL_RANK: 0 - CUDA_VISIBLE_DEVICES: [0,1]
SLURM auto-requeueing enabled. Setting signal handlers.
[I 2024-11-11 13:01:10,410] Trial 201 finished with value: 0.29535213112831116 and parameters: {'hidden_dim': 434, 'n_layers': 3, 'dropout': 0.3867595473829848, 'input_chunk_length': 68, 'learning_rate': 0.0003316781765767329, 'batch_size': 32}. Best is trial 17 with value: 0.18230657279491425.
GPU available: True (cuda), used: True
TPU available: False, using: 0 TPU cores
HPU available: False, using: 0 HPUs
LOCAL_RANK: 0 - CUDA_VISIBLE_DEVICES: [0,1]
SLURM auto-requeueing enabled. Setting signal handlers.
Monitored metric train_loss did not improve in the last 257 records. Best score: 0.085. Signaling Trainer to stop.
GPU available: True (cuda), used: True
TPU available: False, using: 0 TPU cores
HPU available: False, using: 0 HPUs
LOCAL_RANK: 0 - CUDA_VISIBLE_DEVICES: [0,1]
SLURM auto-requeueing enabled. Setting signal handlers.
[I 2024-11-11 13:01:32,082] Trial 202 finished with value: 0.299996018409729 and parameters: {'hidden_dim': 412, 'n_layers': 3, 'dropout': 0.26624131567591147, 'input_chunk_length': 33, 'learning_rate': 0.00037642296922751954, 'batch_size': 32}. Best is trial 17 with value: 0.18230657279491425.
GPU available: True (cuda), used: True
TPU available: False, using: 0 TPU cores
HPU available: False, using: 0 HPUs
LOCAL_RANK: 0 - CUDA_VISIBLE_DEVICES: [0,1]
SLURM auto-requeueing enabled. Setting signal handlers.
Monitored metric train_loss did not improve in the last 258 records. Best score: 0.085. Signaling Trainer to stop.
GPU available: True (cuda), used: True
TPU available: False, using: 0 TPU cores
HPU available: False, using: 0 HPUs
LOCAL_RANK: 0 - CUDA_VISIBLE_DEVICES: [0,1]
SLURM auto-requeueing enabled. Setting signal handlers.
[I 2024-11-11 13:01:52,625] Trial 203 finished with value: 0.24533061683177948 and parameters: {'hidden_dim': 423, 'n_layers': 3, 'dropout': 0.35738653600200715, 'input_chunk_length': 13, 'learning_rate': 0.00042091588168276575, 'batch_size': 32}. Best is trial 17 with value: 0.18230657279491425.
GPU available: True (cuda), used: True
TPU available: False, using: 0 TPU cores
HPU available: False, using: 0 HPUs
LOCAL_RANK: 0 - CUDA_VISIBLE_DEVICES: [0,1]
SLURM auto-requeueing enabled. Setting signal handlers.
Monitored metric train_loss did not improve in the last 259 records. Best score: 0.085. Signaling Trainer to stop.
GPU available: True (cuda), used: True
TPU available: False, using: 0 TPU cores
HPU available: False, using: 0 HPUs
LOCAL_RANK: 0 - CUDA_VISIBLE_DEVICES: [0,1]
SLURM auto-requeueing enabled. Setting signal handlers.
[I 2024-11-11 13:02:12,972] Trial 204 finished with value: 0.30762872099876404 and parameters: {'hidden_dim': 405, 'n_layers': 3, 'dropout': 0.36900871926963524, 'input_chunk_length': 15, 'learning_rate': 0.000581472307168427, 'batch_size': 32}. Best is trial 17 with value: 0.18230657279491425.
GPU available: True (cuda), used: True
TPU available: False, using: 0 TPU cores
HPU available: False, using: 0 HPUs
LOCAL_RANK: 0 - CUDA_VISIBLE_DEVICES: [0,1]
SLURM auto-requeueing enabled. Setting signal handlers.
Monitored metric train_loss did not improve in the last 260 records. Best score: 0.085. Signaling Trainer to stop.
GPU available: True (cuda), used: True
TPU available: False, using: 0 TPU cores
HPU available: False, using: 0 HPUs
LOCAL_RANK: 0 - CUDA_VISIBLE_DEVICES: [0,1]
SLURM auto-requeueing enabled. Setting signal handlers.
