[I 2024-11-11 20:21:06,219] Trial 154 finished with value: 0.3207673728466034 and parameters: {'hidden_dim': 145, 'n_layers': 1, 'dropout': 0.021507076247804457, 'input_chunk_length': 64, 'learning_rate': 0.0019385285297213901, 'batch_size': 32}. Best is trial 1 with value: 0.11272724717855453.
GPU available: True (cuda), used: True
TPU available: False, using: 0 TPU cores
HPU available: False, using: 0 HPUs
LOCAL_RANK: 0 - CUDA_VISIBLE_DEVICES: [0,1]
SLURM auto-requeueing enabled. Setting signal handlers.
Monitored metric train_loss did not improve in the last 211 records. Best score: 0.049. Signaling Trainer to stop.
GPU available: True (cuda), used: True
TPU available: False, using: 0 TPU cores
HPU available: False, using: 0 HPUs
LOCAL_RANK: 0 - CUDA_VISIBLE_DEVICES: [0,1]
SLURM auto-requeueing enabled. Setting signal handlers.
[I 2024-11-11 20:21:27,529] Trial 155 finished with value: 0.3777972161769867 and parameters: {'hidden_dim': 113, 'n_layers': 1, 'dropout': 0.07541470117236886, 'input_chunk_length': 47, 'learning_rate': 0.0016141417692915347, 'batch_size': 32}. Best is trial 1 with value: 0.11272724717855453.
GPU available: True (cuda), used: True
TPU available: False, using: 0 TPU cores
HPU available: False, using: 0 HPUs
LOCAL_RANK: 0 - CUDA_VISIBLE_DEVICES: [0,1]
SLURM auto-requeueing enabled. Setting signal handlers.
Monitored metric train_loss did not improve in the last 212 records. Best score: 0.049. Signaling Trainer to stop.
GPU available: True (cuda), used: True
TPU available: False, using: 0 TPU cores
HPU available: False, using: 0 HPUs
LOCAL_RANK: 0 - CUDA_VISIBLE_DEVICES: [0,1]
SLURM auto-requeueing enabled. Setting signal handlers.
[I 2024-11-11 20:21:45,287] Trial 156 finished with value: 0.3233632743358612 and parameters: {'hidden_dim': 98, 'n_layers': 1, 'dropout': 0.031186627455103352, 'input_chunk_length': 55, 'learning_rate': 0.003528307251125557, 'batch_size': 64}. Best is trial 1 with value: 0.11272724717855453.
GPU available: True (cuda), used: True
TPU available: False, using: 0 TPU cores
HPU available: False, using: 0 HPUs
LOCAL_RANK: 0 - CUDA_VISIBLE_DEVICES: [0,1]
SLURM auto-requeueing enabled. Setting signal handlers.
Monitored metric train_loss did not improve in the last 213 records. Best score: 0.049. Signaling Trainer to stop.
GPU available: True (cuda), used: True
TPU available: False, using: 0 TPU cores
HPU available: False, using: 0 HPUs
LOCAL_RANK: 0 - CUDA_VISIBLE_DEVICES: [0,1]
SLURM auto-requeueing enabled. Setting signal handlers.
[I 2024-11-11 20:22:12,751] Trial 157 finished with value: 0.2493600845336914 and parameters: {'hidden_dim': 158, 'n_layers': 1, 'dropout': 0.0637067325555109, 'input_chunk_length': 146, 'learning_rate': 0.001462002631397636, 'batch_size': 32}. Best is trial 1 with value: 0.11272724717855453.
GPU available: True (cuda), used: True
TPU available: False, using: 0 TPU cores
HPU available: False, using: 0 HPUs
LOCAL_RANK: 0 - CUDA_VISIBLE_DEVICES: [0,1]
SLURM auto-requeueing enabled. Setting signal handlers.
Monitored metric train_loss did not improve in the last 214 records. Best score: 0.049. Signaling Trainer to stop.
GPU available: True (cuda), used: True
TPU available: False, using: 0 TPU cores
HPU available: False, using: 0 HPUs
LOCAL_RANK: 0 - CUDA_VISIBLE_DEVICES: [0,1]
SLURM auto-requeueing enabled. Setting signal handlers.
[I 2024-11-11 20:22:33,782] Trial 158 finished with value: 0.2397407442331314 and parameters: {'hidden_dim': 160, 'n_layers': 1, 'dropout': 0.012102380965646808, 'input_chunk_length': 52, 'learning_rate': 0.0012365155686057993, 'batch_size': 32}. Best is trial 1 with value: 0.11272724717855453.
GPU available: True (cuda), used: True
TPU available: False, using: 0 TPU cores
HPU available: False, using: 0 HPUs
LOCAL_RANK: 0 - CUDA_VISIBLE_DEVICES: [0,1]
SLURM auto-requeueing enabled. Setting signal handlers.
Monitored metric train_loss did not improve in the last 215 records. Best score: 0.049. Signaling Trainer to stop.
GPU available: True (cuda), used: True
TPU available: False, using: 0 TPU cores
HPU available: False, using: 0 HPUs
LOCAL_RANK: 0 - CUDA_VISIBLE_DEVICES: [0,1]
SLURM auto-requeueing enabled. Setting signal handlers.
[I 2024-11-11 20:22:55,624] Trial 159 finished with value: 0.2843325138092041 and parameters: {'hidden_dim': 161, 'n_layers': 1, 'dropout': 0.019418652576260565, 'input_chunk_length': 60, 'learning_rate': 0.0011165377135264158, 'batch_size': 32}. Best is trial 1 with value: 0.11272724717855453.
GPU available: True (cuda), used: True
TPU available: False, using: 0 TPU cores
HPU available: False, using: 0 HPUs
LOCAL_RANK: 0 - CUDA_VISIBLE_DEVICES: [0,1]
SLURM auto-requeueing enabled. Setting signal handlers.
Monitored metric train_loss did not improve in the last 216 records. Best score: 0.049. Signaling Trainer to stop.
GPU available: True (cuda), used: True
TPU available: False, using: 0 TPU cores
HPU available: False, using: 0 HPUs
LOCAL_RANK: 0 - CUDA_VISIBLE_DEVICES: [0,1]
SLURM auto-requeueing enabled. Setting signal handlers.
[I 2024-11-11 20:23:23,044] Trial 160 finished with value: 0.28141316771507263 and parameters: {'hidden_dim': 155, 'n_layers': 1, 'dropout': 0.01138824602251122, 'input_chunk_length': 146, 'learning_rate': 0.0012631538564156285, 'batch_size': 32}. Best is trial 1 with value: 0.11272724717855453.
GPU available: True (cuda), used: True
TPU available: False, using: 0 TPU cores
HPU available: False, using: 0 HPUs
LOCAL_RANK: 0 - CUDA_VISIBLE_DEVICES: [0,1]
SLURM auto-requeueing enabled. Setting signal handlers.
Monitored metric train_loss did not improve in the last 217 records. Best score: 0.049. Signaling Trainer to stop.
GPU available: True (cuda), used: True
TPU available: False, using: 0 TPU cores
HPU available: False, using: 0 HPUs
LOCAL_RANK: 0 - CUDA_VISIBLE_DEVICES: [0,1]
SLURM auto-requeueing enabled. Setting signal handlers.
[I 2024-11-11 20:23:44,283] Trial 161 finished with value: 0.2346908152103424 and parameters: {'hidden_dim': 141, 'n_layers': 1, 'dropout': 0.052342526182920346, 'input_chunk_length': 51, 'learning_rate': 0.0017344626112029402, 'batch_size': 32}. Best is trial 1 with value: 0.11272724717855453.
GPU available: True (cuda), used: True
TPU available: False, using: 0 TPU cores
HPU available: False, using: 0 HPUs
LOCAL_RANK: 0 - CUDA_VISIBLE_DEVICES: [0,1]
SLURM auto-requeueing enabled. Setting signal handlers.
Monitored metric train_loss did not improve in the last 218 records. Best score: 0.049. Signaling Trainer to stop.
GPU available: True (cuda), used: True
TPU available: False, using: 0 TPU cores
HPU available: False, using: 0 HPUs
LOCAL_RANK: 0 - CUDA_VISIBLE_DEVICES: [0,1]
SLURM auto-requeueing enabled. Setting signal handlers.
[I 2024-11-11 20:24:05,685] Trial 162 finished with value: 0.3450615406036377 and parameters: {'hidden_dim': 137, 'n_layers': 1, 'dropout': 0.0034328897882946255, 'input_chunk_length': 46, 'learning_rate': 0.0017309997876373258, 'batch_size': 32}. Best is trial 1 with value: 0.11272724717855453.
GPU available: True (cuda), used: True
TPU available: False, using: 0 TPU cores
HPU available: False, using: 0 HPUs
LOCAL_RANK: 0 - CUDA_VISIBLE_DEVICES: [0,1]
SLURM auto-requeueing enabled. Setting signal handlers.
Monitored metric train_loss did not improve in the last 219 records. Best score: 0.049. Signaling Trainer to stop.
GPU available: True (cuda), used: True
TPU available: False, using: 0 TPU cores
HPU available: False, using: 0 HPUs
LOCAL_RANK: 0 - CUDA_VISIBLE_DEVICES: [0,1]
SLURM auto-requeueing enabled. Setting signal handlers.
[I 2024-11-11 20:24:26,910] Trial 163 finished with value: 0.2665955126285553 and parameters: {'hidden_dim': 144, 'n_layers': 1, 'dropout': 0.049301675475924955, 'input_chunk_length': 51, 'learning_rate': 0.001967580209938984, 'batch_size': 32}. Best is trial 1 with value: 0.11272724717855453.
GPU available: True (cuda), used: True
TPU available: False, using: 0 TPU cores
HPU available: False, using: 0 HPUs
LOCAL_RANK: 0 - CUDA_VISIBLE_DEVICES: [0,1]
SLURM auto-requeueing enabled. Setting signal handlers.
Monitored metric train_loss did not improve in the last 220 records. Best score: 0.049. Signaling Trainer to stop.
GPU available: True (cuda), used: True
TPU available: False, using: 0 TPU cores
HPU available: False, using: 0 HPUs
LOCAL_RANK: 0 - CUDA_VISIBLE_DEVICES: [0,1]
SLURM auto-requeueing enabled. Setting signal handlers.
[I 2024-11-11 20:24:48,147] Trial 164 finished with value: 0.20129263401031494 and parameters: {'hidden_dim': 121, 'n_layers': 1, 'dropout': 0.06270415783627942, 'input_chunk_length': 50, 'learning_rate': 0.001290720416727486, 'batch_size': 32}. Best is trial 1 with value: 0.11272724717855453.
GPU available: True (cuda), used: True
TPU available: False, using: 0 TPU cores
HPU available: False, using: 0 HPUs
LOCAL_RANK: 0 - CUDA_VISIBLE_DEVICES: [0,1]
SLURM auto-requeueing enabled. Setting signal handlers.
Monitored metric train_loss did not improve in the last 221 records. Best score: 0.049. Signaling Trainer to stop.
GPU available: True (cuda), used: True
TPU available: False, using: 0 TPU cores
HPU available: False, using: 0 HPUs
LOCAL_RANK: 0 - CUDA_VISIBLE_DEVICES: [0,1]
SLURM auto-requeueing enabled. Setting signal handlers.
[I 2024-11-11 20:25:09,876] Trial 165 finished with value: 0.3141540586948395 and parameters: {'hidden_dim': 170, 'n_layers': 1, 'dropout': 0.06813568259475972, 'input_chunk_length': 56, 'learning_rate': 0.0022007158351243015, 'batch_size': 32}. Best is trial 1 with value: 0.11272724717855453.
GPU available: True (cuda), used: True
TPU available: False, using: 0 TPU cores
HPU available: False, using: 0 HPUs
LOCAL_RANK: 0 - CUDA_VISIBLE_DEVICES: [0,1]
SLURM auto-requeueing enabled. Setting signal handlers.
Monitored metric train_loss did not improve in the last 222 records. Best score: 0.049. Signaling Trainer to stop.
GPU available: True (cuda), used: True
TPU available: False, using: 0 TPU cores
HPU available: False, using: 0 HPUs
LOCAL_RANK: 0 - CUDA_VISIBLE_DEVICES: [0,1]
SLURM auto-requeueing enabled. Setting signal handlers.
[I 2024-11-11 20:25:46,891] Trial 166 finished with value: 0.25318607687950134 and parameters: {'hidden_dim': 327, 'n_layers': 1, 'dropout': 0.035127912214020285, 'input_chunk_length': 149, 'learning_rate': 0.0014305300094564273, 'batch_size': 32}. Best is trial 1 with value: 0.11272724717855453.
GPU available: True (cuda), used: True
TPU available: False, using: 0 TPU cores
HPU available: False, using: 0 HPUs
LOCAL_RANK: 0 - CUDA_VISIBLE_DEVICES: [0,1]
SLURM auto-requeueing enabled. Setting signal handlers.
Monitored metric train_loss did not improve in the last 223 records. Best score: 0.049. Signaling Trainer to stop.
GPU available: True (cuda), used: True
TPU available: False, using: 0 TPU cores
HPU available: False, using: 0 HPUs
LOCAL_RANK: 0 - CUDA_VISIBLE_DEVICES: [0,1]
SLURM auto-requeueing enabled. Setting signal handlers.
[I 2024-11-11 20:26:08,377] Trial 167 finished with value: 0.29689064621925354 and parameters: {'hidden_dim': 162, 'n_layers': 1, 'dropout': 0.08382027846351622, 'input_chunk_length': 50, 'learning_rate': 0.001229015332396795, 'batch_size': 32}. Best is trial 1 with value: 0.11272724717855453.
GPU available: True (cuda), used: True
TPU available: False, using: 0 TPU cores
HPU available: False, using: 0 HPUs
LOCAL_RANK: 0 - CUDA_VISIBLE_DEVICES: [0,1]
SLURM auto-requeueing enabled. Setting signal handlers.
Monitored metric train_loss did not improve in the last 224 records. Best score: 0.049. Signaling Trainer to stop.
GPU available: True (cuda), used: True
TPU available: False, using: 0 TPU cores
HPU available: False, using: 0 HPUs
LOCAL_RANK: 0 - CUDA_VISIBLE_DEVICES: [0,1]
SLURM auto-requeueing enabled. Setting signal handlers.
[I 2024-11-11 20:26:30,680] Trial 168 finished with value: 0.23746167123317719 and parameters: {'hidden_dim': 183, 'n_layers': 1, 'dropout': 0.2383694426900197, 'input_chunk_length': 62, 'learning_rate': 0.0009710182268855181, 'batch_size': 32}. Best is trial 1 with value: 0.11272724717855453.
GPU available: True (cuda), used: True
TPU available: False, using: 0 TPU cores
HPU available: False, using: 0 HPUs
LOCAL_RANK: 0 - CUDA_VISIBLE_DEVICES: [0,1]
SLURM auto-requeueing enabled. Setting signal handlers.
Monitored metric train_loss did not improve in the last 225 records. Best score: 0.049. Signaling Trainer to stop.
GPU available: True (cuda), used: True
TPU available: False, using: 0 TPU cores
HPU available: False, using: 0 HPUs
LOCAL_RANK: 0 - CUDA_VISIBLE_DEVICES: [0,1]
SLURM auto-requeueing enabled. Setting signal handlers.
[I 2024-11-11 20:26:52,765] Trial 169 finished with value: 0.23531298339366913 and parameters: {'hidden_dim': 183, 'n_layers': 1, 'dropout': 0.23786773611421339, 'input_chunk_length': 62, 'learning_rate': 0.0009924343162444759, 'batch_size': 32}. Best is trial 1 with value: 0.11272724717855453.
GPU available: True (cuda), used: True
TPU available: False, using: 0 TPU cores
HPU available: False, using: 0 HPUs
LOCAL_RANK: 0 - CUDA_VISIBLE_DEVICES: [0,1]
SLURM auto-requeueing enabled. Setting signal handlers.
Monitored metric train_loss did not improve in the last 226 records. Best score: 0.049. Signaling Trainer to stop.
GPU available: True (cuda), used: True
TPU available: False, using: 0 TPU cores
HPU available: False, using: 0 HPUs
LOCAL_RANK: 0 - CUDA_VISIBLE_DEVICES: [0,1]
SLURM auto-requeueing enabled. Setting signal handlers.
[I 2024-11-11 20:27:14,745] Trial 170 finished with value: 0.28603798151016235 and parameters: {'hidden_dim': 192, 'n_layers': 1, 'dropout': 0.2249451149547548, 'input_chunk_length': 62, 'learning_rate': 0.0009111471559628221, 'batch_size': 32}. Best is trial 1 with value: 0.11272724717855453.
GPU available: True (cuda), used: True
TPU available: False, using: 0 TPU cores
HPU available: False, using: 0 HPUs
LOCAL_RANK: 0 - CUDA_VISIBLE_DEVICES: [0,1]
SLURM auto-requeueing enabled. Setting signal handlers.
Monitored metric train_loss did not improve in the last 227 records. Best score: 0.049. Signaling Trainer to stop.
GPU available: True (cuda), used: True
TPU available: False, using: 0 TPU cores
HPU available: False, using: 0 HPUs
LOCAL_RANK: 0 - CUDA_VISIBLE_DEVICES: [0,1]
SLURM auto-requeueing enabled. Setting signal handlers.
[I 2024-11-11 20:27:37,076] Trial 171 finished with value: 0.28954994678497314 and parameters: {'hidden_dim': 181, 'n_layers': 1, 'dropout': 0.28334352737225976, 'input_chunk_length': 66, 'learning_rate': 0.0010432916221363683, 'batch_size': 32}. Best is trial 1 with value: 0.11272724717855453.
GPU available: True (cuda), used: True
TPU available: False, using: 0 TPU cores
HPU available: False, using: 0 HPUs
LOCAL_RANK: 0 - CUDA_VISIBLE_DEVICES: [0,1]
SLURM auto-requeueing enabled. Setting signal handlers.
Monitored metric train_loss did not improve in the last 228 records. Best score: 0.049. Signaling Trainer to stop.
GPU available: True (cuda), used: True
TPU available: False, using: 0 TPU cores
HPU available: False, using: 0 HPUs
LOCAL_RANK: 0 - CUDA_VISIBLE_DEVICES: [0,1]
SLURM auto-requeueing enabled. Setting signal handlers.
[I 2024-11-11 20:27:58,693] Trial 172 finished with value: 0.21168258786201477 and parameters: {'hidden_dim': 184, 'n_layers': 1, 'dropout': 0.25503706049376396, 'input_chunk_length': 58, 'learning_rate': 0.0009861990462838445, 'batch_size': 32}. Best is trial 1 with value: 0.11272724717855453.
GPU available: True (cuda), used: True
TPU available: False, using: 0 TPU cores
HPU available: False, using: 0 HPUs
LOCAL_RANK: 0 - CUDA_VISIBLE_DEVICES: [0,1]
SLURM auto-requeueing enabled. Setting signal handlers.
Monitored metric train_loss did not improve in the last 229 records. Best score: 0.049. Signaling Trainer to stop.
GPU available: True (cuda), used: True
TPU available: False, using: 0 TPU cores
HPU available: False, using: 0 HPUs
LOCAL_RANK: 0 - CUDA_VISIBLE_DEVICES: [0,1]
SLURM auto-requeueing enabled. Setting signal handlers.
[I 2024-11-11 20:28:20,709] Trial 173 finished with value: 0.3145749568939209 and parameters: {'hidden_dim': 189, 'n_layers': 1, 'dropout': 0.25476324909989045, 'input_chunk_length': 59, 'learning_rate': 0.0007456159207072819, 'batch_size': 32}. Best is trial 1 with value: 0.11272724717855453.
GPU available: True (cuda), used: True
TPU available: False, using: 0 TPU cores
HPU available: False, using: 0 HPUs
LOCAL_RANK: 0 - CUDA_VISIBLE_DEVICES: [0,1]
SLURM auto-requeueing enabled. Setting signal handlers.
Monitored metric train_loss did not improve in the last 230 records. Best score: 0.049. Signaling Trainer to stop.
GPU available: True (cuda), used: True
TPU available: False, using: 0 TPU cores
HPU available: False, using: 0 HPUs
LOCAL_RANK: 0 - CUDA_VISIBLE_DEVICES: [0,1]
SLURM auto-requeueing enabled. Setting signal handlers.
[I 2024-11-11 20:28:42,750] Trial 174 finished with value: 0.22101816534996033 and parameters: {'hidden_dim': 184, 'n_layers': 1, 'dropout': 0.24076819611271955, 'input_chunk_length': 62, 'learning_rate': 0.0008583142443635443, 'batch_size': 32}. Best is trial 1 with value: 0.11272724717855453.
GPU available: True (cuda), used: True
TPU available: False, using: 0 TPU cores
HPU available: False, using: 0 HPUs
LOCAL_RANK: 0 - CUDA_VISIBLE_DEVICES: [0,1]
SLURM auto-requeueing enabled. Setting signal handlers.
Monitored metric train_loss did not improve in the last 231 records. Best score: 0.049. Signaling Trainer to stop.
GPU available: True (cuda), used: True
TPU available: False, using: 0 TPU cores
HPU available: False, using: 0 HPUs
LOCAL_RANK: 0 - CUDA_VISIBLE_DEVICES: [0,1]
SLURM auto-requeueing enabled. Setting signal handlers.
[I 2024-11-11 20:29:04,803] Trial 175 finished with value: 0.29187560081481934 and parameters: {'hidden_dim': 175, 'n_layers': 1, 'dropout': 0.23855794599969765, 'input_chunk_length': 68, 'learning_rate': 0.0008425610256939808, 'batch_size': 32}. Best is trial 1 with value: 0.11272724717855453.
GPU available: True (cuda), used: True
TPU available: False, using: 0 TPU cores
HPU available: False, using: 0 HPUs
LOCAL_RANK: 0 - CUDA_VISIBLE_DEVICES: [0,1]
SLURM auto-requeueing enabled. Setting signal handlers.
Monitored metric train_loss did not improve in the last 232 records. Best score: 0.049. Signaling Trainer to stop.
GPU available: True (cuda), used: True
TPU available: False, using: 0 TPU cores
HPU available: False, using: 0 HPUs
LOCAL_RANK: 0 - CUDA_VISIBLE_DEVICES: [0,1]
SLURM auto-requeueing enabled. Setting signal handlers.
[I 2024-11-11 20:29:26,585] Trial 176 finished with value: 0.2988030016422272 and parameters: {'hidden_dim': 180, 'n_layers': 1, 'dropout': 0.23286268996856127, 'input_chunk_length': 62, 'learning_rate': 0.0009716794294378353, 'batch_size': 32}. Best is trial 1 with value: 0.11272724717855453.
GPU available: True (cuda), used: True
TPU available: False, using: 0 TPU cores
HPU available: False, using: 0 HPUs
LOCAL_RANK: 0 - CUDA_VISIBLE_DEVICES: [0,1]
SLURM auto-requeueing enabled. Setting signal handlers.
Monitored metric train_loss did not improve in the last 233 records. Best score: 0.049. Signaling Trainer to stop.
GPU available: True (cuda), used: True
TPU available: False, using: 0 TPU cores
HPU available: False, using: 0 HPUs
LOCAL_RANK: 0 - CUDA_VISIBLE_DEVICES: [0,1]
SLURM auto-requeueing enabled. Setting signal handlers.
[I 2024-11-11 20:29:50,757] Trial 177 finished with value: 0.3250250220298767 and parameters: {'hidden_dim': 349, 'n_layers': 1, 'dropout': 0.25049503538396345, 'input_chunk_length': 52, 'learning_rate': 0.0011442361257782143, 'batch_size': 32}. Best is trial 1 with value: 0.11272724717855453.
GPU available: True (cuda), used: True
TPU available: False, using: 0 TPU cores
HPU available: False, using: 0 HPUs
LOCAL_RANK: 0 - CUDA_VISIBLE_DEVICES: [0,1]
SLURM auto-requeueing enabled. Setting signal handlers.
Monitored metric train_loss did not improve in the last 234 records. Best score: 0.049. Signaling Trainer to stop.
GPU available: True (cuda), used: True
TPU available: False, using: 0 TPU cores
HPU available: False, using: 0 HPUs
LOCAL_RANK: 0 - CUDA_VISIBLE_DEVICES: [0,1]
SLURM auto-requeueing enabled. Setting signal handlers.
[I 2024-11-11 20:30:11,893] Trial 178 finished with value: 0.35717901587486267 and parameters: {'hidden_dim': 150, 'n_layers': 1, 'dropout': 0.27170016782704254, 'input_chunk_length': 58, 'learning_rate': 0.0007833328393330732, 'batch_size': 32}. Best is trial 1 with value: 0.11272724717855453.
GPU available: True (cuda), used: True
TPU available: False, using: 0 TPU cores
HPU available: False, using: 0 HPUs
LOCAL_RANK: 0 - CUDA_VISIBLE_DEVICES: [0,1]
SLURM auto-requeueing enabled. Setting signal handlers.
Monitored metric train_loss did not improve in the last 235 records. Best score: 0.049. Signaling Trainer to stop.
GPU available: True (cuda), used: True
TPU available: False, using: 0 TPU cores
HPU available: False, using: 0 HPUs
LOCAL_RANK: 0 - CUDA_VISIBLE_DEVICES: [0,1]
SLURM auto-requeueing enabled. Setting signal handlers.
[I 2024-11-11 20:30:34,665] Trial 179 finished with value: 0.29583606123924255 and parameters: {'hidden_dim': 199, 'n_layers': 1, 'dropout': 0.21408291527789736, 'input_chunk_length': 65, 'learning_rate': 0.0006891096947694085, 'batch_size': 32}. Best is trial 1 with value: 0.11272724717855453.
GPU available: True (cuda), used: True
TPU available: False, using: 0 TPU cores
HPU available: False, using: 0 HPUs
LOCAL_RANK: 0 - CUDA_VISIBLE_DEVICES: [0,1]
SLURM auto-requeueing enabled. Setting signal handlers.
Monitored metric train_loss did not improve in the last 236 records. Best score: 0.049. Signaling Trainer to stop.
GPU available: True (cuda), used: True
TPU available: False, using: 0 TPU cores
HPU available: False, using: 0 HPUs
LOCAL_RANK: 0 - CUDA_VISIBLE_DEVICES: [0,1]
SLURM auto-requeueing enabled. Setting signal handlers.
