[I 2024-11-04 18:19:35,688] Trial 47 finished with value: 1.2736419439315796 and parameters: {'hidden_dim': 404, 'n_layers': 2, 'dropout': 0.0854066446702993, 'input_chunk_length': 36, 'learning_rate': 0.0034311981400486566, 'batch_size': 64}. Best is trial 12 with value: 0.28503358364105225.
GPU available: True (cuda), used: True
TPU available: False, using: 0 TPU cores
HPU available: False, using: 0 HPUs
LOCAL_RANK: 0 - CUDA_VISIBLE_DEVICES: [0,1,2,3]
SLURM auto-requeueing enabled. Setting signal handlers.
Monitored metric train_loss did not improve in the last 107 records. Best score: 0.105. Signaling Trainer to stop.
GPU available: True (cuda), used: True
TPU available: False, using: 0 TPU cores
HPU available: False, using: 0 HPUs
LOCAL_RANK: 0 - CUDA_VISIBLE_DEVICES: [0,1,2,3]
SLURM auto-requeueing enabled. Setting signal handlers.
[I 2024-11-04 18:19:50,509] Trial 48 finished with value: 0.3603975474834442 and parameters: {'hidden_dim': 187, 'n_layers': 1, 'dropout': 0.27032354388661844, 'input_chunk_length': 87, 'learning_rate': 0.00015809664868288569, 'batch_size': 32}. Best is trial 12 with value: 0.28503358364105225.
GPU available: True (cuda), used: True
TPU available: False, using: 0 TPU cores
HPU available: False, using: 0 HPUs
LOCAL_RANK: 0 - CUDA_VISIBLE_DEVICES: [0,1,2,3]
SLURM auto-requeueing enabled. Setting signal handlers.
Monitored metric train_loss did not improve in the last 108 records. Best score: 0.105. Signaling Trainer to stop.
GPU available: True (cuda), used: True
TPU available: False, using: 0 TPU cores
HPU available: False, using: 0 HPUs
LOCAL_RANK: 0 - CUDA_VISIBLE_DEVICES: [0,1,2,3]
SLURM auto-requeueing enabled. Setting signal handlers.
[I 2024-11-04 18:20:05,797] Trial 49 finished with value: 0.35936832427978516 and parameters: {'hidden_dim': 282, 'n_layers': 2, 'dropout': 0.15414663044399637, 'input_chunk_length': 59, 'learning_rate': 5.950763438568823e-05, 'batch_size': 32}. Best is trial 12 with value: 0.28503358364105225.
GPU available: True (cuda), used: True
TPU available: False, using: 0 TPU cores
HPU available: False, using: 0 HPUs
LOCAL_RANK: 0 - CUDA_VISIBLE_DEVICES: [0,1,2,3]
SLURM auto-requeueing enabled. Setting signal handlers.
Monitored metric train_loss did not improve in the last 109 records. Best score: 0.105. Signaling Trainer to stop.
GPU available: True (cuda), used: True
TPU available: False, using: 0 TPU cores
HPU available: False, using: 0 HPUs
LOCAL_RANK: 0 - CUDA_VISIBLE_DEVICES: [0,1,2,3]
SLURM auto-requeueing enabled. Setting signal handlers.
[I 2024-11-04 18:20:24,360] Trial 50 finished with value: 0.3945677876472473 and parameters: {'hidden_dim': 446, 'n_layers': 5, 'dropout': 0.02502605838260187, 'input_chunk_length': 55, 'learning_rate': 0.0005263489950184318, 'batch_size': 32}. Best is trial 12 with value: 0.28503358364105225.
GPU available: True (cuda), used: True
TPU available: False, using: 0 TPU cores
HPU available: False, using: 0 HPUs
LOCAL_RANK: 0 - CUDA_VISIBLE_DEVICES: [0,1,2,3]
SLURM auto-requeueing enabled. Setting signal handlers.
Monitored metric train_loss did not improve in the last 110 records. Best score: 0.105. Signaling Trainer to stop.
GPU available: True (cuda), used: True
TPU available: False, using: 0 TPU cores
HPU available: False, using: 0 HPUs
LOCAL_RANK: 0 - CUDA_VISIBLE_DEVICES: [0,1,2,3]
SLURM auto-requeueing enabled. Setting signal handlers.
[I 2024-11-04 18:20:39,687] Trial 51 finished with value: 0.327509343624115 and parameters: {'hidden_dim': 307, 'n_layers': 1, 'dropout': 0.045180960064580986, 'input_chunk_length': 69, 'learning_rate': 0.0002968038955773997, 'batch_size': 32}. Best is trial 12 with value: 0.28503358364105225.
GPU available: True (cuda), used: True
TPU available: False, using: 0 TPU cores
HPU available: False, using: 0 HPUs
LOCAL_RANK: 0 - CUDA_VISIBLE_DEVICES: [0,1,2,3]
SLURM auto-requeueing enabled. Setting signal handlers.
Monitored metric train_loss did not improve in the last 111 records. Best score: 0.105. Signaling Trainer to stop.
GPU available: True (cuda), used: True
TPU available: False, using: 0 TPU cores
HPU available: False, using: 0 HPUs
LOCAL_RANK: 0 - CUDA_VISIBLE_DEVICES: [0,1,2,3]
SLURM auto-requeueing enabled. Setting signal handlers.
[I 2024-11-04 18:20:55,229] Trial 52 finished with value: 0.3345993161201477 and parameters: {'hidden_dim': 299, 'n_layers': 1, 'dropout': 0.02031503485817209, 'input_chunk_length': 72, 'learning_rate': 0.00012638193750374196, 'batch_size': 32}. Best is trial 12 with value: 0.28503358364105225.
GPU available: True (cuda), used: True
TPU available: False, using: 0 TPU cores
HPU available: False, using: 0 HPUs
LOCAL_RANK: 0 - CUDA_VISIBLE_DEVICES: [0,1,2,3]
SLURM auto-requeueing enabled. Setting signal handlers.
Monitored metric train_loss did not improve in the last 112 records. Best score: 0.105. Signaling Trainer to stop.
GPU available: True (cuda), used: True
TPU available: False, using: 0 TPU cores
HPU available: False, using: 0 HPUs
LOCAL_RANK: 0 - CUDA_VISIBLE_DEVICES: [0,1,2,3]
SLURM auto-requeueing enabled. Setting signal handlers.
[I 2024-11-04 18:21:11,757] Trial 53 finished with value: 0.3839142322540283 and parameters: {'hidden_dim': 340, 'n_layers': 1, 'dropout': 0.06790091024260142, 'input_chunk_length': 96, 'learning_rate': 0.0003699430017688435, 'batch_size': 32}. Best is trial 12 with value: 0.28503358364105225.
GPU available: True (cuda), used: True
TPU available: False, using: 0 TPU cores
HPU available: False, using: 0 HPUs
LOCAL_RANK: 0 - CUDA_VISIBLE_DEVICES: [0,1,2,3]
SLURM auto-requeueing enabled. Setting signal handlers.
Monitored metric train_loss did not improve in the last 113 records. Best score: 0.105. Signaling Trainer to stop.
GPU available: True (cuda), used: True
TPU available: False, using: 0 TPU cores
HPU available: False, using: 0 HPUs
LOCAL_RANK: 0 - CUDA_VISIBLE_DEVICES: [0,1,2,3]
SLURM auto-requeueing enabled. Setting signal handlers.
[I 2024-11-04 18:21:27,371] Trial 54 finished with value: 0.34837955236434937 and parameters: {'hidden_dim': 327, 'n_layers': 1, 'dropout': 0.04044405031388677, 'input_chunk_length': 63, 'learning_rate': 0.00025494032608888186, 'batch_size': 32}. Best is trial 12 with value: 0.28503358364105225.
GPU available: True (cuda), used: True
TPU available: False, using: 0 TPU cores
HPU available: False, using: 0 HPUs
LOCAL_RANK: 0 - CUDA_VISIBLE_DEVICES: [0,1,2,3]
SLURM auto-requeueing enabled. Setting signal handlers.
Monitored metric train_loss did not improve in the last 114 records. Best score: 0.105. Signaling Trainer to stop.
GPU available: True (cuda), used: True
TPU available: False, using: 0 TPU cores
HPU available: False, using: 0 HPUs
LOCAL_RANK: 0 - CUDA_VISIBLE_DEVICES: [0,1,2,3]
SLURM auto-requeueing enabled. Setting signal handlers.
[I 2024-11-04 18:21:43,339] Trial 55 finished with value: 0.3876897096633911 and parameters: {'hidden_dim': 285, 'n_layers': 2, 'dropout': 0.0015139911609825252, 'input_chunk_length': 77, 'learning_rate': 0.000719935626645787, 'batch_size': 32}. Best is trial 12 with value: 0.28503358364105225.
GPU available: True (cuda), used: True
TPU available: False, using: 0 TPU cores
HPU available: False, using: 0 HPUs
LOCAL_RANK: 0 - CUDA_VISIBLE_DEVICES: [0,1,2,3]
SLURM auto-requeueing enabled. Setting signal handlers.
Monitored metric train_loss did not improve in the last 115 records. Best score: 0.105. Signaling Trainer to stop.
GPU available: True (cuda), used: True
TPU available: False, using: 0 TPU cores
HPU available: False, using: 0 HPUs
LOCAL_RANK: 0 - CUDA_VISIBLE_DEVICES: [0,1,2,3]
SLURM auto-requeueing enabled. Setting signal handlers.
[I 2024-11-04 18:21:57,494] Trial 56 finished with value: 0.7211273312568665 and parameters: {'hidden_dim': 250, 'n_layers': 1, 'dropout': 0.10009025955975986, 'input_chunk_length': 41, 'learning_rate': 0.008797445572176748, 'batch_size': 32}. Best is trial 12 with value: 0.28503358364105225.
GPU available: True (cuda), used: True
TPU available: False, using: 0 TPU cores
HPU available: False, using: 0 HPUs
LOCAL_RANK: 0 - CUDA_VISIBLE_DEVICES: [0,1,2,3]
SLURM auto-requeueing enabled. Setting signal handlers.
Monitored metric train_loss did not improve in the last 116 records. Best score: 0.105. Signaling Trainer to stop.
GPU available: True (cuda), used: True
TPU available: False, using: 0 TPU cores
HPU available: False, using: 0 HPUs
LOCAL_RANK: 0 - CUDA_VISIBLE_DEVICES: [0,1,2,3]
SLURM auto-requeueing enabled. Setting signal handlers.
[I 2024-11-04 18:22:14,580] Trial 57 finished with value: 0.39805424213409424 and parameters: {'hidden_dim': 363, 'n_layers': 2, 'dropout': 0.4598883343448847, 'input_chunk_length': 85, 'learning_rate': 9.647238703612761e-05, 'batch_size': 32}. Best is trial 12 with value: 0.28503358364105225.
GPU available: True (cuda), used: True
TPU available: False, using: 0 TPU cores
HPU available: False, using: 0 HPUs
LOCAL_RANK: 0 - CUDA_VISIBLE_DEVICES: [0,1,2,3]
SLURM auto-requeueing enabled. Setting signal handlers.
Monitored metric train_loss did not improve in the last 117 records. Best score: 0.105. Signaling Trainer to stop.
GPU available: True (cuda), used: True
TPU available: False, using: 0 TPU cores
HPU available: False, using: 0 HPUs
LOCAL_RANK: 0 - CUDA_VISIBLE_DEVICES: [0,1,2,3]
SLURM auto-requeueing enabled. Setting signal handlers.
[I 2024-11-04 18:22:27,780] Trial 58 finished with value: 0.41051822900772095 and parameters: {'hidden_dim': 311, 'n_layers': 1, 'dropout': 0.020727649279182213, 'input_chunk_length': 30, 'learning_rate': 0.00015715164963224818, 'batch_size': 64}. Best is trial 12 with value: 0.28503358364105225.
GPU available: True (cuda), used: True
TPU available: False, using: 0 TPU cores
HPU available: False, using: 0 HPUs
LOCAL_RANK: 0 - CUDA_VISIBLE_DEVICES: [0,1,2,3]
SLURM auto-requeueing enabled. Setting signal handlers.
Monitored metric train_loss did not improve in the last 118 records. Best score: 0.105. Signaling Trainer to stop.
GPU available: True (cuda), used: True
TPU available: False, using: 0 TPU cores
HPU available: False, using: 0 HPUs
LOCAL_RANK: 0 - CUDA_VISIBLE_DEVICES: [0,1,2,3]
SLURM auto-requeueing enabled. Setting signal handlers.
[I 2024-11-04 18:22:43,597] Trial 59 finished with value: 0.47465789318084717 and parameters: {'hidden_dim': 330, 'n_layers': 4, 'dropout': 0.08309677372335703, 'input_chunk_length': 51, 'learning_rate': 0.0010264076973134728, 'batch_size': 32}. Best is trial 12 with value: 0.28503358364105225.
GPU available: True (cuda), used: True
TPU available: False, using: 0 TPU cores
HPU available: False, using: 0 HPUs
LOCAL_RANK: 0 - CUDA_VISIBLE_DEVICES: [0,1,2,3]
SLURM auto-requeueing enabled. Setting signal handlers.
Monitored metric train_loss did not improve in the last 119 records. Best score: 0.105. Signaling Trainer to stop.
GPU available: True (cuda), used: True
TPU available: False, using: 0 TPU cores
HPU available: False, using: 0 HPUs
LOCAL_RANK: 0 - CUDA_VISIBLE_DEVICES: [0,1,2,3]
SLURM auto-requeueing enabled. Setting signal handlers.
[I 2024-11-04 18:23:00,273] Trial 60 finished with value: 0.3634118437767029 and parameters: {'hidden_dim': 391, 'n_layers': 2, 'dropout': 0.059198671555254274, 'input_chunk_length': 75, 'learning_rate': 7.325977188003688e-05, 'batch_size': 32}. Best is trial 12 with value: 0.28503358364105225.
GPU available: True (cuda), used: True
TPU available: False, using: 0 TPU cores
HPU available: False, using: 0 HPUs
LOCAL_RANK: 0 - CUDA_VISIBLE_DEVICES: [0,1,2,3]
SLURM auto-requeueing enabled. Setting signal handlers.
Monitored metric train_loss did not improve in the last 120 records. Best score: 0.105. Signaling Trainer to stop.
GPU available: True (cuda), used: True
TPU available: False, using: 0 TPU cores
HPU available: False, using: 0 HPUs
LOCAL_RANK: 0 - CUDA_VISIBLE_DEVICES: [0,1,2,3]
SLURM auto-requeueing enabled. Setting signal handlers.
[I 2024-11-04 18:23:16,043] Trial 61 finished with value: 0.37785014510154724 and parameters: {'hidden_dim': 236, 'n_layers': 2, 'dropout': 0.11741444282191543, 'input_chunk_length': 82, 'learning_rate': 0.00010750553250509805, 'batch_size': 32}. Best is trial 12 with value: 0.28503358364105225.
GPU available: True (cuda), used: True
TPU available: False, using: 0 TPU cores
HPU available: False, using: 0 HPUs
LOCAL_RANK: 0 - CUDA_VISIBLE_DEVICES: [0,1,2,3]
SLURM auto-requeueing enabled. Setting signal handlers.
Monitored metric train_loss did not improve in the last 121 records. Best score: 0.105. Signaling Trainer to stop.
GPU available: True (cuda), used: True
TPU available: False, using: 0 TPU cores
HPU available: False, using: 0 HPUs
LOCAL_RANK: 0 - CUDA_VISIBLE_DEVICES: [0,1,2,3]
SLURM auto-requeueing enabled. Setting signal handlers.
[I 2024-11-04 18:23:30,191] Trial 62 finished with value: 0.3409872353076935 and parameters: {'hidden_dim': 196, 'n_layers': 1, 'dropout': 0.3228767760571773, 'input_chunk_length': 68, 'learning_rate': 0.0002090933977235928, 'batch_size': 32}. Best is trial 12 with value: 0.28503358364105225.
GPU available: True (cuda), used: True
TPU available: False, using: 0 TPU cores
HPU available: False, using: 0 HPUs
LOCAL_RANK: 0 - CUDA_VISIBLE_DEVICES: [0,1,2,3]
SLURM auto-requeueing enabled. Setting signal handlers.
Monitored metric train_loss did not improve in the last 122 records. Best score: 0.105. Signaling Trainer to stop.
GPU available: True (cuda), used: True
TPU available: False, using: 0 TPU cores
HPU available: False, using: 0 HPUs
LOCAL_RANK: 0 - CUDA_VISIBLE_DEVICES: [0,1,2,3]
SLURM auto-requeueing enabled. Setting signal handlers.
[I 2024-11-04 18:23:44,772] Trial 63 finished with value: 0.3227258026599884 and parameters: {'hidden_dim': 168, 'n_layers': 3, 'dropout': 0.035632088271986294, 'input_chunk_length': 58, 'learning_rate': 8.662311805198484e-05, 'batch_size': 32}. Best is trial 12 with value: 0.28503358364105225.
GPU available: True (cuda), used: True
TPU available: False, using: 0 TPU cores
HPU available: False, using: 0 HPUs
LOCAL_RANK: 0 - CUDA_VISIBLE_DEVICES: [0,1,2,3]
SLURM auto-requeueing enabled. Setting signal handlers.
Monitored metric train_loss did not improve in the last 123 records. Best score: 0.105. Signaling Trainer to stop.
GPU available: True (cuda), used: True
TPU available: False, using: 0 TPU cores
HPU available: False, using: 0 HPUs
LOCAL_RANK: 0 - CUDA_VISIBLE_DEVICES: [0,1,2,3]
SLURM auto-requeueing enabled. Setting signal handlers.
[I 2024-11-04 18:23:59,240] Trial 64 finished with value: 0.46211007237434387 and parameters: {'hidden_dim': 158, 'n_layers': 3, 'dropout': 0.03806558018587352, 'input_chunk_length': 57, 'learning_rate': 3.771979855131404e-05, 'batch_size': 32}. Best is trial 12 with value: 0.28503358364105225.
GPU available: True (cuda), used: True
TPU available: False, using: 0 TPU cores
HPU available: False, using: 0 HPUs
LOCAL_RANK: 0 - CUDA_VISIBLE_DEVICES: [0,1,2,3]
SLURM auto-requeueing enabled. Setting signal handlers.
Monitored metric train_loss did not improve in the last 124 records. Best score: 0.105. Signaling Trainer to stop.
GPU available: True (cuda), used: True
TPU available: False, using: 0 TPU cores
HPU available: False, using: 0 HPUs
LOCAL_RANK: 0 - CUDA_VISIBLE_DEVICES: [0,1,2,3]
SLURM auto-requeueing enabled. Setting signal handlers.
[I 2024-11-04 18:24:13,208] Trial 65 finished with value: 0.36037111282348633 and parameters: {'hidden_dim': 120, 'n_layers': 3, 'dropout': 0.014020792491826015, 'input_chunk_length': 10, 'learning_rate': 7.807930024181917e-05, 'batch_size': 32}. Best is trial 12 with value: 0.28503358364105225.
GPU available: True (cuda), used: True
TPU available: False, using: 0 TPU cores
HPU available: False, using: 0 HPUs
LOCAL_RANK: 0 - CUDA_VISIBLE_DEVICES: [0,1,2,3]
SLURM auto-requeueing enabled. Setting signal handlers.
Monitored metric train_loss did not improve in the last 125 records. Best score: 0.105. Signaling Trainer to stop.
GPU available: True (cuda), used: True
TPU available: False, using: 0 TPU cores
HPU available: False, using: 0 HPUs
LOCAL_RANK: 0 - CUDA_VISIBLE_DEVICES: [0,1,2,3]
SLURM auto-requeueing enabled. Setting signal handlers.
[I 2024-11-04 18:24:27,122] Trial 66 finished with value: 0.39331087470054626 and parameters: {'hidden_dim': 145, 'n_layers': 1, 'dropout': 0.04973487441832058, 'input_chunk_length': 62, 'learning_rate': 5.7889842571224956e-05, 'batch_size': 32}. Best is trial 12 with value: 0.28503358364105225.
GPU available: True (cuda), used: True
TPU available: False, using: 0 TPU cores
HPU available: False, using: 0 HPUs
LOCAL_RANK: 0 - CUDA_VISIBLE_DEVICES: [0,1,2,3]
SLURM auto-requeueing enabled. Setting signal handlers.
Monitored metric train_loss did not improve in the last 126 records. Best score: 0.105. Signaling Trainer to stop.
GPU available: True (cuda), used: True
TPU available: False, using: 0 TPU cores
HPU available: False, using: 0 HPUs
LOCAL_RANK: 0 - CUDA_VISIBLE_DEVICES: [0,1,2,3]
SLURM auto-requeueing enabled. Setting signal handlers.
[I 2024-11-04 18:24:42,349] Trial 67 finished with value: 0.30342963337898254 and parameters: {'hidden_dim': 169, 'n_layers': 4, 'dropout': 0.032652191139646666, 'input_chunk_length': 50, 'learning_rate': 0.0003491469142720944, 'batch_size': 32}. Best is trial 12 with value: 0.28503358364105225.
GPU available: True (cuda), used: True
TPU available: False, using: 0 TPU cores
HPU available: False, using: 0 HPUs
LOCAL_RANK: 0 - CUDA_VISIBLE_DEVICES: [0,1,2,3]
SLURM auto-requeueing enabled. Setting signal handlers.
Monitored metric train_loss did not improve in the last 127 records. Best score: 0.105. Signaling Trainer to stop.
GPU available: True (cuda), used: True
TPU available: False, using: 0 TPU cores
HPU available: False, using: 0 HPUs
LOCAL_RANK: 0 - CUDA_VISIBLE_DEVICES: [0,1,2,3]
SLURM auto-requeueing enabled. Setting signal handlers.
[I 2024-11-04 18:24:57,846] Trial 68 finished with value: 0.42267492413520813 and parameters: {'hidden_dim': 279, 'n_layers': 4, 'dropout': 0.06676479790777701, 'input_chunk_length': 49, 'learning_rate': 0.0005865184686204755, 'batch_size': 32}. Best is trial 12 with value: 0.28503358364105225.
GPU available: True (cuda), used: True
TPU available: False, using: 0 TPU cores
HPU available: False, using: 0 HPUs
LOCAL_RANK: 0 - CUDA_VISIBLE_DEVICES: [0,1,2,3]
SLURM auto-requeueing enabled. Setting signal handlers.
Monitored metric train_loss did not improve in the last 128 records. Best score: 0.105. Signaling Trainer to stop.
GPU available: True (cuda), used: True
TPU available: False, using: 0 TPU cores
HPU available: False, using: 0 HPUs
LOCAL_RANK: 0 - CUDA_VISIBLE_DEVICES: [0,1,2,3]
SLURM auto-requeueing enabled. Setting signal handlers.
[I 2024-11-04 18:25:11,831] Trial 69 finished with value: 0.3591780960559845 and parameters: {'hidden_dim': 76, 'n_layers': 4, 'dropout': 0.004127496753873456, 'input_chunk_length': 42, 'learning_rate': 0.0003430408328818158, 'batch_size': 32}. Best is trial 12 with value: 0.28503358364105225.
GPU available: True (cuda), used: True
TPU available: False, using: 0 TPU cores
HPU available: False, using: 0 HPUs
LOCAL_RANK: 0 - CUDA_VISIBLE_DEVICES: [0,1,2,3]
SLURM auto-requeueing enabled. Setting signal handlers.
Monitored metric train_loss did not improve in the last 129 records. Best score: 0.105. Signaling Trainer to stop.
GPU available: True (cuda), used: True
TPU available: False, using: 0 TPU cores
HPU available: False, using: 0 HPUs
LOCAL_RANK: 0 - CUDA_VISIBLE_DEVICES: [0,1,2,3]
SLURM auto-requeueing enabled. Setting signal handlers.
[I 2024-11-04 18:25:31,832] Trial 70 finished with value: 0.37165406346321106 and parameters: {'hidden_dim': 348, 'n_layers': 5, 'dropout': 0.09543068368981848, 'input_chunk_length': 103, 'learning_rate': 0.0002596072242764275, 'batch_size': 64}. Best is trial 12 with value: 0.28503358364105225.
GPU available: True (cuda), used: True
TPU available: False, using: 0 TPU cores
HPU available: False, using: 0 HPUs
LOCAL_RANK: 0 - CUDA_VISIBLE_DEVICES: [0,1,2,3]
SLURM auto-requeueing enabled. Setting signal handlers.
Monitored metric train_loss did not improve in the last 130 records. Best score: 0.105. Signaling Trainer to stop.
GPU available: True (cuda), used: True
TPU available: False, using: 0 TPU cores
HPU available: False, using: 0 HPUs
LOCAL_RANK: 0 - CUDA_VISIBLE_DEVICES: [0,1,2,3]
SLURM auto-requeueing enabled. Setting signal handlers.
[I 2024-11-04 18:25:47,097] Trial 71 finished with value: 0.3236282467842102 and parameters: {'hidden_dim': 170, 'n_layers': 4, 'dropout': 0.025220315689356322, 'input_chunk_length': 54, 'learning_rate': 0.00018231462737763654, 'batch_size': 32}. Best is trial 12 with value: 0.28503358364105225.
GPU available: True (cuda), used: True
TPU available: False, using: 0 TPU cores
HPU available: False, using: 0 HPUs
LOCAL_RANK: 0 - CUDA_VISIBLE_DEVICES: [0,1,2,3]
SLURM auto-requeueing enabled. Setting signal handlers.
Monitored metric train_loss did not improve in the last 131 records. Best score: 0.105. Signaling Trainer to stop.
GPU available: True (cuda), used: True
TPU available: False, using: 0 TPU cores
HPU available: False, using: 0 HPUs
LOCAL_RANK: 0 - CUDA_VISIBLE_DEVICES: [0,1,2,3]
SLURM auto-requeueing enabled. Setting signal handlers.
