[I 2024-11-04 15:32:19,866] Trial 20 finished with value: 0.32207903265953064 and parameters: {'hidden_dim': 285, 'n_layers': 6, 'dropout': 0.12364367297046118, 'input_chunk_length': 65, 'learning_rate': 0.0007135281433143164, 'batch_size': 32}. Best is trial 1 with value: 0.09709455817937851.
GPU available: True (cuda), used: True
TPU available: False, using: 0 TPU cores
HPU available: False, using: 0 HPUs
LOCAL_RANK: 0 - CUDA_VISIBLE_DEVICES: [0,1,2,3]
SLURM auto-requeueing enabled. Setting signal handlers.
Monitored metric train_loss did not improve in the last 78 records. Best score: 0.050. Signaling Trainer to stop.
GPU available: True (cuda), used: True
TPU available: False, using: 0 TPU cores
HPU available: False, using: 0 HPUs
LOCAL_RANK: 0 - CUDA_VISIBLE_DEVICES: [0,1,2,3]
SLURM auto-requeueing enabled. Setting signal handlers.
[I 2024-11-04 15:32:36,968] Trial 21 finished with value: 0.4102279245853424 and parameters: {'hidden_dim': 138, 'n_layers': 2, 'dropout': 0.33669213120901076, 'input_chunk_length': 97, 'learning_rate': 5.5709640996908606e-05, 'batch_size': 32}. Best is trial 1 with value: 0.09709455817937851.
GPU available: True (cuda), used: True
TPU available: False, using: 0 TPU cores
HPU available: False, using: 0 HPUs
LOCAL_RANK: 0 - CUDA_VISIBLE_DEVICES: [0,1,2,3]
SLURM auto-requeueing enabled. Setting signal handlers.
Monitored metric train_loss did not improve in the last 79 records. Best score: 0.050. Signaling Trainer to stop.
GPU available: True (cuda), used: True
TPU available: False, using: 0 TPU cores
HPU available: False, using: 0 HPUs
LOCAL_RANK: 0 - CUDA_VISIBLE_DEVICES: [0,1,2,3]
SLURM auto-requeueing enabled. Setting signal handlers.
[I 2024-11-04 15:32:53,321] Trial 22 finished with value: 0.4657454490661621 and parameters: {'hidden_dim': 87, 'n_layers': 3, 'dropout': 0.394368075392607, 'input_chunk_length': 89, 'learning_rate': 0.00012995607726129767, 'batch_size': 32}. Best is trial 1 with value: 0.09709455817937851.
GPU available: True (cuda), used: True
TPU available: False, using: 0 TPU cores
HPU available: False, using: 0 HPUs
LOCAL_RANK: 0 - CUDA_VISIBLE_DEVICES: [0,1,2,3]
SLURM auto-requeueing enabled. Setting signal handlers.
Monitored metric train_loss did not improve in the last 80 records. Best score: 0.050. Signaling Trainer to stop.
GPU available: True (cuda), used: True
TPU available: False, using: 0 TPU cores
HPU available: False, using: 0 HPUs
LOCAL_RANK: 0 - CUDA_VISIBLE_DEVICES: [0,1,2,3]
SLURM auto-requeueing enabled. Setting signal handlers.
[I 2024-11-04 15:33:16,658] Trial 23 finished with value: 0.38561683893203735 and parameters: {'hidden_dim': 391, 'n_layers': 4, 'dropout': 0.21563936629987504, 'input_chunk_length': 120, 'learning_rate': 7.163441416400871e-05, 'batch_size': 32}. Best is trial 1 with value: 0.09709455817937851.
GPU available: True (cuda), used: True
TPU available: False, using: 0 TPU cores
HPU available: False, using: 0 HPUs
LOCAL_RANK: 0 - CUDA_VISIBLE_DEVICES: [0,1,2,3]
SLURM auto-requeueing enabled. Setting signal handlers.
Monitored metric train_loss did not improve in the last 81 records. Best score: 0.050. Signaling Trainer to stop.
GPU available: True (cuda), used: True
TPU available: False, using: 0 TPU cores
HPU available: False, using: 0 HPUs
LOCAL_RANK: 0 - CUDA_VISIBLE_DEVICES: [0,1,2,3]
SLURM auto-requeueing enabled. Setting signal handlers.
[I 2024-11-04 15:33:36,333] Trial 24 finished with value: 0.3463785946369171 and parameters: {'hidden_dim': 461, 'n_layers': 1, 'dropout': 0.32647389234092417, 'input_chunk_length': 90, 'learning_rate': 0.00032641246125729174, 'batch_size': 32}. Best is trial 1 with value: 0.09709455817937851.
GPU available: True (cuda), used: True
TPU available: False, using: 0 TPU cores
HPU available: False, using: 0 HPUs
LOCAL_RANK: 0 - CUDA_VISIBLE_DEVICES: [0,1,2,3]
SLURM auto-requeueing enabled. Setting signal handlers.
Monitored metric train_loss did not improve in the last 82 records. Best score: 0.050. Signaling Trainer to stop.
GPU available: True (cuda), used: True
TPU available: False, using: 0 TPU cores
HPU available: False, using: 0 HPUs
LOCAL_RANK: 0 - CUDA_VISIBLE_DEVICES: [0,1,2,3]
SLURM auto-requeueing enabled. Setting signal handlers.
[I 2024-11-04 15:33:54,499] Trial 25 finished with value: 0.41775500774383545 and parameters: {'hidden_dim': 134, 'n_layers': 5, 'dropout': 0.06246880863429838, 'input_chunk_length': 77, 'learning_rate': 0.006131909612779293, 'batch_size': 32}. Best is trial 1 with value: 0.09709455817937851.
GPU available: True (cuda), used: True
TPU available: False, using: 0 TPU cores
HPU available: False, using: 0 HPUs
LOCAL_RANK: 0 - CUDA_VISIBLE_DEVICES: [0,1,2,3]
SLURM auto-requeueing enabled. Setting signal handlers.
Monitored metric train_loss did not improve in the last 83 records. Best score: 0.050. Signaling Trainer to stop.
GPU available: True (cuda), used: True
TPU available: False, using: 0 TPU cores
HPU available: False, using: 0 HPUs
LOCAL_RANK: 0 - CUDA_VISIBLE_DEVICES: [0,1,2,3]
SLURM auto-requeueing enabled. Setting signal handlers.
[I 2024-11-04 15:34:14,251] Trial 26 finished with value: 0.3348954916000366 and parameters: {'hidden_dim': 274, 'n_layers': 4, 'dropout': 0.36909491116521287, 'input_chunk_length': 101, 'learning_rate': 0.002460132682067096, 'batch_size': 64}. Best is trial 1 with value: 0.09709455817937851.
GPU available: True (cuda), used: True
TPU available: False, using: 0 TPU cores
HPU available: False, using: 0 HPUs
LOCAL_RANK: 0 - CUDA_VISIBLE_DEVICES: [0,1,2,3]
SLURM auto-requeueing enabled. Setting signal handlers.
Monitored metric train_loss did not improve in the last 84 records. Best score: 0.050. Signaling Trainer to stop.
GPU available: True (cuda), used: True
TPU available: False, using: 0 TPU cores
HPU available: False, using: 0 HPUs
LOCAL_RANK: 0 - CUDA_VISIBLE_DEVICES: [0,1,2,3]
SLURM auto-requeueing enabled. Setting signal handlers.
[I 2024-11-04 15:34:32,917] Trial 27 finished with value: 0.32443660497665405 and parameters: {'hidden_dim': 385, 'n_layers': 3, 'dropout': 0.11453137814371436, 'input_chunk_length': 59, 'learning_rate': 0.0002609394867242037, 'batch_size': 32}. Best is trial 1 with value: 0.09709455817937851.
GPU available: True (cuda), used: True
TPU available: False, using: 0 TPU cores
HPU available: False, using: 0 HPUs
LOCAL_RANK: 0 - CUDA_VISIBLE_DEVICES: [0,1,2,3]
SLURM auto-requeueing enabled. Setting signal handlers.
Monitored metric train_loss did not improve in the last 85 records. Best score: 0.050. Signaling Trainer to stop.
GPU available: True (cuda), used: True
TPU available: False, using: 0 TPU cores
HPU available: False, using: 0 HPUs
LOCAL_RANK: 0 - CUDA_VISIBLE_DEVICES: [0,1,2,3]
SLURM auto-requeueing enabled. Setting signal handlers.
[I 2024-11-04 15:34:51,724] Trial 28 finished with value: 0.40876567363739014 and parameters: {'hidden_dim': 189, 'n_layers': 2, 'dropout': 0.2898500971864172, 'input_chunk_length': 127, 'learning_rate': 4.7911299687842944e-05, 'batch_size': 64}. Best is trial 1 with value: 0.09709455817937851.
GPU available: True (cuda), used: True
TPU available: False, using: 0 TPU cores
HPU available: False, using: 0 HPUs
LOCAL_RANK: 0 - CUDA_VISIBLE_DEVICES: [0,1,2,3]
SLURM auto-requeueing enabled. Setting signal handlers.
Monitored metric train_loss did not improve in the last 86 records. Best score: 0.050. Signaling Trainer to stop.
GPU available: True (cuda), used: True
TPU available: False, using: 0 TPU cores
HPU available: False, using: 0 HPUs
LOCAL_RANK: 0 - CUDA_VISIBLE_DEVICES: [0,1,2,3]
SLURM auto-requeueing enabled. Setting signal handlers.
[I 2024-11-04 15:35:07,546] Trial 29 finished with value: 0.39280080795288086 and parameters: {'hidden_dim': 222, 'n_layers': 1, 'dropout': 0.2144942679037627, 'input_chunk_length': 43, 'learning_rate': 0.00010663242655776729, 'batch_size': 64}. Best is trial 1 with value: 0.09709455817937851.
GPU available: True (cuda), used: True
TPU available: False, using: 0 TPU cores
HPU available: False, using: 0 HPUs
LOCAL_RANK: 0 - CUDA_VISIBLE_DEVICES: [0,1,2,3]
SLURM auto-requeueing enabled. Setting signal handlers.
Monitored metric train_loss did not improve in the last 87 records. Best score: 0.050. Signaling Trainer to stop.
GPU available: True (cuda), used: True
TPU available: False, using: 0 TPU cores
HPU available: False, using: 0 HPUs
LOCAL_RANK: 0 - CUDA_VISIBLE_DEVICES: [0,1,2,3]
SLURM auto-requeueing enabled. Setting signal handlers.
[I 2024-11-04 15:35:23,757] Trial 30 finished with value: 0.33622121810913086 and parameters: {'hidden_dim': 74, 'n_layers': 6, 'dropout': 0.13802407039151443, 'input_chunk_length': 26, 'learning_rate': 0.001026199766109044, 'batch_size': 32}. Best is trial 1 with value: 0.09709455817937851.
GPU available: True (cuda), used: True
TPU available: False, using: 0 TPU cores
HPU available: False, using: 0 HPUs
LOCAL_RANK: 0 - CUDA_VISIBLE_DEVICES: [0,1,2,3]
SLURM auto-requeueing enabled. Setting signal handlers.
Monitored metric train_loss did not improve in the last 88 records. Best score: 0.050. Signaling Trainer to stop.
GPU available: True (cuda), used: True
TPU available: False, using: 0 TPU cores
HPU available: False, using: 0 HPUs
LOCAL_RANK: 0 - CUDA_VISIBLE_DEVICES: [0,1,2,3]
SLURM auto-requeueing enabled. Setting signal handlers.
[I 2024-11-04 15:35:40,097] Trial 31 finished with value: 0.5437714457511902 and parameters: {'hidden_dim': 120, 'n_layers': 1, 'dropout': 0.49522055367846607, 'input_chunk_length': 130, 'learning_rate': 2.729322997265549e-05, 'batch_size': 64}. Best is trial 1 with value: 0.09709455817937851.
GPU available: True (cuda), used: True
TPU available: False, using: 0 TPU cores
HPU available: False, using: 0 HPUs
LOCAL_RANK: 0 - CUDA_VISIBLE_DEVICES: [0,1,2,3]
SLURM auto-requeueing enabled. Setting signal handlers.
Monitored metric train_loss did not improve in the last 89 records. Best score: 0.050. Signaling Trainer to stop.
GPU available: True (cuda), used: True
TPU available: False, using: 0 TPU cores
HPU available: False, using: 0 HPUs
LOCAL_RANK: 0 - CUDA_VISIBLE_DEVICES: [0,1,2,3]
SLURM auto-requeueing enabled. Setting signal handlers.
[I 2024-11-04 15:36:00,369] Trial 32 finished with value: 0.3920349180698395 and parameters: {'hidden_dim': 249, 'n_layers': 2, 'dropout': 0.42457663589761285, 'input_chunk_length': 142, 'learning_rate': 1.1827617070992747e-05, 'batch_size': 64}. Best is trial 1 with value: 0.09709455817937851.
GPU available: True (cuda), used: True
TPU available: False, using: 0 TPU cores
HPU available: False, using: 0 HPUs
LOCAL_RANK: 0 - CUDA_VISIBLE_DEVICES: [0,1,2,3]
SLURM auto-requeueing enabled. Setting signal handlers.
Monitored metric train_loss did not improve in the last 90 records. Best score: 0.050. Signaling Trainer to stop.
GPU available: True (cuda), used: True
TPU available: False, using: 0 TPU cores
HPU available: False, using: 0 HPUs
LOCAL_RANK: 0 - CUDA_VISIBLE_DEVICES: [0,1,2,3]
SLURM auto-requeueing enabled. Setting signal handlers.
[I 2024-11-04 15:36:18,587] Trial 33 finished with value: 0.5198574662208557 and parameters: {'hidden_dim': 300, 'n_layers': 1, 'dropout': 0.4323763991954702, 'input_chunk_length': 106, 'learning_rate': 3.302800639872318e-05, 'batch_size': 64}. Best is trial 1 with value: 0.09709455817937851.
GPU available: True (cuda), used: True
TPU available: False, using: 0 TPU cores
HPU available: False, using: 0 HPUs
LOCAL_RANK: 0 - CUDA_VISIBLE_DEVICES: [0,1,2,3]
SLURM auto-requeueing enabled. Setting signal handlers.
Monitored metric train_loss did not improve in the last 91 records. Best score: 0.050. Signaling Trainer to stop.
GPU available: True (cuda), used: True
TPU available: False, using: 0 TPU cores
HPU available: False, using: 0 HPUs
LOCAL_RANK: 0 - CUDA_VISIBLE_DEVICES: [0,1,2,3]
SLURM auto-requeueing enabled. Setting signal handlers.
[I 2024-11-04 15:36:35,703] Trial 34 finished with value: 0.4952947199344635 and parameters: {'hidden_dim': 169, 'n_layers': 1, 'dropout': 0.4578857880790585, 'input_chunk_length': 117, 'learning_rate': 1.9098560512713198e-05, 'batch_size': 64}. Best is trial 1 with value: 0.09709455817937851.
GPU available: True (cuda), used: True
TPU available: False, using: 0 TPU cores
HPU available: False, using: 0 HPUs
LOCAL_RANK: 0 - CUDA_VISIBLE_DEVICES: [0,1,2,3]
SLURM auto-requeueing enabled. Setting signal handlers.
Monitored metric train_loss did not improve in the last 92 records. Best score: 0.050. Signaling Trainer to stop.
GPU available: True (cuda), used: True
TPU available: False, using: 0 TPU cores
HPU available: False, using: 0 HPUs
LOCAL_RANK: 0 - CUDA_VISIBLE_DEVICES: [0,1,2,3]
SLURM auto-requeueing enabled. Setting signal handlers.
[I 2024-11-04 15:36:52,671] Trial 35 finished with value: 0.6472265720367432 and parameters: {'hidden_dim': 212, 'n_layers': 2, 'dropout': 0.3830563640220479, 'input_chunk_length': 84, 'learning_rate': 0.004529231313965378, 'batch_size': 64}. Best is trial 1 with value: 0.09709455817937851.
GPU available: True (cuda), used: True
TPU available: False, using: 0 TPU cores
HPU available: False, using: 0 HPUs
LOCAL_RANK: 0 - CUDA_VISIBLE_DEVICES: [0,1,2,3]
SLURM auto-requeueing enabled. Setting signal handlers.
Monitored metric train_loss did not improve in the last 93 records. Best score: 0.050. Signaling Trainer to stop.
GPU available: True (cuda), used: True
TPU available: False, using: 0 TPU cores
HPU available: False, using: 0 HPUs
LOCAL_RANK: 0 - CUDA_VISIBLE_DEVICES: [0,1,2,3]
SLURM auto-requeueing enabled. Setting signal handlers.
[I 2024-11-04 15:37:16,159] Trial 36 finished with value: 0.49553295969963074 and parameters: {'hidden_dim': 267, 'n_layers': 5, 'dropout': 0.4948893320167485, 'input_chunk_length': 138, 'learning_rate': 9.351350070623591e-05, 'batch_size': 64}. Best is trial 1 with value: 0.09709455817937851.
GPU available: True (cuda), used: True
TPU available: False, using: 0 TPU cores
HPU available: False, using: 0 HPUs
LOCAL_RANK: 0 - CUDA_VISIBLE_DEVICES: [0,1,2,3]
SLURM auto-requeueing enabled. Setting signal handlers.
Monitored metric train_loss did not improve in the last 94 records. Best score: 0.050. Signaling Trainer to stop.
GPU available: True (cuda), used: True
TPU available: False, using: 0 TPU cores
HPU available: False, using: 0 HPUs
LOCAL_RANK: 0 - CUDA_VISIBLE_DEVICES: [0,1,2,3]
SLURM auto-requeueing enabled. Setting signal handlers.
[I 2024-11-04 15:37:36,664] Trial 37 finished with value: 0.48797714710235596 and parameters: {'hidden_dim': 237, 'n_layers': 5, 'dropout': 0.4403089033493216, 'input_chunk_length': 93, 'learning_rate': 1.0470054246075706e-05, 'batch_size': 32}. Best is trial 1 with value: 0.09709455817937851.
GPU available: True (cuda), used: True
TPU available: False, using: 0 TPU cores
HPU available: False, using: 0 HPUs
LOCAL_RANK: 0 - CUDA_VISIBLE_DEVICES: [0,1,2,3]
SLURM auto-requeueing enabled. Setting signal handlers.
Monitored metric train_loss did not improve in the last 95 records. Best score: 0.050. Signaling Trainer to stop.
GPU available: True (cuda), used: True
TPU available: False, using: 0 TPU cores
HPU available: False, using: 0 HPUs
LOCAL_RANK: 0 - CUDA_VISIBLE_DEVICES: [0,1,2,3]
SLURM auto-requeueing enabled. Setting signal handlers.
[I 2024-11-04 15:37:53,576] Trial 38 finished with value: 0.37625351548194885 and parameters: {'hidden_dim': 106, 'n_layers': 2, 'dropout': 0.3542729368677527, 'input_chunk_length': 146, 'learning_rate': 0.000199225848878456, 'batch_size': 64}. Best is trial 1 with value: 0.09709455817937851.
GPU available: True (cuda), used: True
TPU available: False, using: 0 TPU cores
HPU available: False, using: 0 HPUs
LOCAL_RANK: 0 - CUDA_VISIBLE_DEVICES: [0,1,2,3]
SLURM auto-requeueing enabled. Setting signal handlers.
Monitored metric train_loss did not improve in the last 96 records. Best score: 0.050. Signaling Trainer to stop.
GPU available: True (cuda), used: True
TPU available: False, using: 0 TPU cores
HPU available: False, using: 0 HPUs
LOCAL_RANK: 0 - CUDA_VISIBLE_DEVICES: [0,1,2,3]
SLURM auto-requeueing enabled. Setting signal handlers.
[I 2024-11-04 15:38:11,736] Trial 39 finished with value: 0.5892215371131897 and parameters: {'hidden_dim': 370, 'n_layers': 1, 'dropout': 0.27659380526187827, 'input_chunk_length': 72, 'learning_rate': 0.0019492699475246132, 'batch_size': 32}. Best is trial 1 with value: 0.09709455817937851.
GPU available: True (cuda), used: True
TPU available: False, using: 0 TPU cores
HPU available: False, using: 0 HPUs
LOCAL_RANK: 0 - CUDA_VISIBLE_DEVICES: [0,1,2,3]
SLURM auto-requeueing enabled. Setting signal handlers.
Monitored metric train_loss did not improve in the last 97 records. Best score: 0.050. Signaling Trainer to stop.
GPU available: True (cuda), used: True
TPU available: False, using: 0 TPU cores
HPU available: False, using: 0 HPUs
LOCAL_RANK: 0 - CUDA_VISIBLE_DEVICES: [0,1,2,3]
SLURM auto-requeueing enabled. Setting signal handlers.
[I 2024-11-04 15:38:31,088] Trial 40 finished with value: 0.3093552589416504 and parameters: {'hidden_dim': 198, 'n_layers': 3, 'dropout': 0.4049111759645996, 'input_chunk_length': 104, 'learning_rate': 0.00046334077643359626, 'batch_size': 32}. Best is trial 1 with value: 0.09709455817937851.
GPU available: True (cuda), used: True
TPU available: False, using: 0 TPU cores
HPU available: False, using: 0 HPUs
LOCAL_RANK: 0 - CUDA_VISIBLE_DEVICES: [0,1,2,3]
SLURM auto-requeueing enabled. Setting signal handlers.
Monitored metric train_loss did not improve in the last 98 records. Best score: 0.050. Signaling Trainer to stop.
GPU available: True (cuda), used: True
TPU available: False, using: 0 TPU cores
HPU available: False, using: 0 HPUs
LOCAL_RANK: 0 - CUDA_VISIBLE_DEVICES: [0,1,2,3]
SLURM auto-requeueing enabled. Setting signal handlers.
[I 2024-11-04 15:38:57,310] Trial 41 finished with value: 0.5899949669837952 and parameters: {'hidden_dim': 470, 'n_layers': 5, 'dropout': 0.22502722099698375, 'input_chunk_length': 110, 'learning_rate': 0.001045822017278633, 'batch_size': 32}. Best is trial 1 with value: 0.09709455817937851.
GPU available: True (cuda), used: True
TPU available: False, using: 0 TPU cores
HPU available: False, using: 0 HPUs
LOCAL_RANK: 0 - CUDA_VISIBLE_DEVICES: [0,1,2,3]
SLURM auto-requeueing enabled. Setting signal handlers.
Monitored metric train_loss did not improve in the last 99 records. Best score: 0.050. Signaling Trainer to stop.
GPU available: True (cuda), used: True
TPU available: False, using: 0 TPU cores
HPU available: False, using: 0 HPUs
LOCAL_RANK: 0 - CUDA_VISIBLE_DEVICES: [0,1,2,3]
SLURM auto-requeueing enabled. Setting signal handlers.
[I 2024-11-04 15:39:23,612] Trial 42 finished with value: 0.39013203978538513 and parameters: {'hidden_dim': 430, 'n_layers': 5, 'dropout': 0.23467984301571965, 'input_chunk_length': 123, 'learning_rate': 0.00151818643333704, 'batch_size': 32}. Best is trial 1 with value: 0.09709455817937851.
GPU available: True (cuda), used: True
TPU available: False, using: 0 TPU cores
HPU available: False, using: 0 HPUs
LOCAL_RANK: 0 - CUDA_VISIBLE_DEVICES: [0,1,2,3]
SLURM auto-requeueing enabled. Setting signal handlers.
Monitored metric train_loss did not improve in the last 100 records. Best score: 0.050. Signaling Trainer to stop.
GPU available: True (cuda), used: True
TPU available: False, using: 0 TPU cores
HPU available: False, using: 0 HPUs
LOCAL_RANK: 0 - CUDA_VISIBLE_DEVICES: [0,1,2,3]
SLURM auto-requeueing enabled. Setting signal handlers.
[I 2024-11-04 15:39:46,865] Trial 43 finished with value: 0.3428695797920227 and parameters: {'hidden_dim': 431, 'n_layers': 4, 'dropout': 0.16210085241382083, 'input_chunk_length': 111, 'learning_rate': 0.0006041942384022761, 'batch_size': 32}. Best is trial 1 with value: 0.09709455817937851.
GPU available: True (cuda), used: True
TPU available: False, using: 0 TPU cores
HPU available: False, using: 0 HPUs
LOCAL_RANK: 0 - CUDA_VISIBLE_DEVICES: [0,1,2,3]
SLURM auto-requeueing enabled. Setting signal handlers.
Monitored metric train_loss did not improve in the last 101 records. Best score: 0.050. Signaling Trainer to stop.
GPU available: True (cuda), used: True
TPU available: False, using: 0 TPU cores
HPU available: False, using: 0 HPUs
LOCAL_RANK: 0 - CUDA_VISIBLE_DEVICES: [0,1,2,3]
SLURM auto-requeueing enabled. Setting signal handlers.
[I 2024-11-04 15:40:17,831] Trial 44 finished with value: 0.9760459065437317 and parameters: {'hidden_dim': 508, 'n_layers': 5, 'dropout': 0.05038117246789629, 'input_chunk_length': 134, 'learning_rate': 0.002502932142008968, 'batch_size': 32}. Best is trial 1 with value: 0.09709455817937851.
GPU available: True (cuda), used: True
TPU available: False, using: 0 TPU cores
HPU available: False, using: 0 HPUs
LOCAL_RANK: 0 - CUDA_VISIBLE_DEVICES: [0,1,2,3]
SLURM auto-requeueing enabled. Setting signal handlers.
Monitored metric train_loss did not improve in the last 102 records. Best score: 0.050. Signaling Trainer to stop.
GPU available: True (cuda), used: True
TPU available: False, using: 0 TPU cores
HPU available: False, using: 0 HPUs
LOCAL_RANK: 0 - CUDA_VISIBLE_DEVICES: [0,1,2,3]
SLURM auto-requeueing enabled. Setting signal handlers.
