[I 2024-11-03 16:48:54,343] Trial 120 finished with value: 0.3187801241874695 and parameters: {'hidden_dim': 128, 'n_layers': 2, 'dropout': 0.42671847120505507, 'input_chunk_length': 112, 'learning_rate': 0.001578738149804754, 'batch_size': 32}. Best is trial 1 with value: 0.10052365064620972.
GPU available: True (cuda), used: True
TPU available: False, using: 0 TPU cores
HPU available: False, using: 0 HPUs
LOCAL_RANK: 0 - CUDA_VISIBLE_DEVICES: [0,1,2,3]
SLURM auto-requeueing enabled. Setting signal handlers.
Monitored metric train_loss did not improve in the last 179 records. Best score: 0.042. Signaling Trainer to stop.
GPU available: True (cuda), used: True
TPU available: False, using: 0 TPU cores
HPU available: False, using: 0 HPUs
LOCAL_RANK: 0 - CUDA_VISIBLE_DEVICES: [0,1,2,3]
SLURM auto-requeueing enabled. Setting signal handlers.
[I 2024-11-03 16:49:08,828] Trial 121 finished with value: 0.36446690559387207 and parameters: {'hidden_dim': 88, 'n_layers': 2, 'dropout': 0.4301195317193196, 'input_chunk_length': 101, 'learning_rate': 0.0015571676587175316, 'batch_size': 32}. Best is trial 1 with value: 0.10052365064620972.
GPU available: True (cuda), used: True
TPU available: False, using: 0 TPU cores
HPU available: False, using: 0 HPUs
LOCAL_RANK: 0 - CUDA_VISIBLE_DEVICES: [0,1,2,3]
SLURM auto-requeueing enabled. Setting signal handlers.
Monitored metric train_loss did not improve in the last 180 records. Best score: 0.042. Signaling Trainer to stop.
GPU available: True (cuda), used: True
TPU available: False, using: 0 TPU cores
HPU available: False, using: 0 HPUs
LOCAL_RANK: 0 - CUDA_VISIBLE_DEVICES: [0,1,2,3]
SLURM auto-requeueing enabled. Setting signal handlers.
[I 2024-11-03 16:49:24,448] Trial 122 finished with value: 0.3312828838825226 and parameters: {'hidden_dim': 138, 'n_layers': 2, 'dropout': 0.4125130379696603, 'input_chunk_length': 112, 'learning_rate': 0.0019351746091395819, 'batch_size': 32}. Best is trial 1 with value: 0.10052365064620972.
GPU available: True (cuda), used: True
TPU available: False, using: 0 TPU cores
HPU available: False, using: 0 HPUs
LOCAL_RANK: 0 - CUDA_VISIBLE_DEVICES: [0,1,2,3]
SLURM auto-requeueing enabled. Setting signal handlers.
Monitored metric train_loss did not improve in the last 181 records. Best score: 0.042. Signaling Trainer to stop.
GPU available: True (cuda), used: True
TPU available: False, using: 0 TPU cores
HPU available: False, using: 0 HPUs
LOCAL_RANK: 0 - CUDA_VISIBLE_DEVICES: [0,1,2,3]
SLURM auto-requeueing enabled. Setting signal handlers.
[I 2024-11-03 16:49:38,967] Trial 123 finished with value: 0.43106594681739807 and parameters: {'hidden_dim': 68, 'n_layers': 2, 'dropout': 0.44652483659644887, 'input_chunk_length': 122, 'learning_rate': 0.000874012041132018, 'batch_size': 32}. Best is trial 1 with value: 0.10052365064620972.
GPU available: True (cuda), used: True
TPU available: False, using: 0 TPU cores
HPU available: False, using: 0 HPUs
LOCAL_RANK: 0 - CUDA_VISIBLE_DEVICES: [0,1,2,3]
SLURM auto-requeueing enabled. Setting signal handlers.
Monitored metric train_loss did not improve in the last 182 records. Best score: 0.042. Signaling Trainer to stop.
GPU available: True (cuda), used: True
TPU available: False, using: 0 TPU cores
HPU available: False, using: 0 HPUs
LOCAL_RANK: 0 - CUDA_VISIBLE_DEVICES: [0,1,2,3]
SLURM auto-requeueing enabled. Setting signal handlers.
[I 2024-11-03 16:49:54,466] Trial 124 finished with value: 0.3457734286785126 and parameters: {'hidden_dim': 128, 'n_layers': 2, 'dropout': 0.38515603164885065, 'input_chunk_length': 137, 'learning_rate': 0.0027159058475636467, 'batch_size': 32}. Best is trial 1 with value: 0.10052365064620972.
GPU available: True (cuda), used: True
TPU available: False, using: 0 TPU cores
HPU available: False, using: 0 HPUs
LOCAL_RANK: 0 - CUDA_VISIBLE_DEVICES: [0,1,2,3]
SLURM auto-requeueing enabled. Setting signal handlers.
Monitored metric train_loss did not improve in the last 183 records. Best score: 0.042. Signaling Trainer to stop.
GPU available: True (cuda), used: True
TPU available: False, using: 0 TPU cores
HPU available: False, using: 0 HPUs
LOCAL_RANK: 0 - CUDA_VISIBLE_DEVICES: [0,1,2,3]
SLURM auto-requeueing enabled. Setting signal handlers.
[I 2024-11-03 16:50:09,273] Trial 125 finished with value: 0.34745219349861145 and parameters: {'hidden_dim': 106, 'n_layers': 2, 'dropout': 0.4257250813178324, 'input_chunk_length': 104, 'learning_rate': 0.0012942413992438134, 'batch_size': 32}. Best is trial 1 with value: 0.10052365064620972.
GPU available: True (cuda), used: True
TPU available: False, using: 0 TPU cores
HPU available: False, using: 0 HPUs
LOCAL_RANK: 0 - CUDA_VISIBLE_DEVICES: [0,1,2,3]
SLURM auto-requeueing enabled. Setting signal handlers.
Monitored metric train_loss did not improve in the last 184 records. Best score: 0.042. Signaling Trainer to stop.
GPU available: True (cuda), used: True
TPU available: False, using: 0 TPU cores
HPU available: False, using: 0 HPUs
LOCAL_RANK: 0 - CUDA_VISIBLE_DEVICES: [0,1,2,3]
SLURM auto-requeueing enabled. Setting signal handlers.
[I 2024-11-03 16:50:30,452] Trial 126 finished with value: 0.35709431767463684 and parameters: {'hidden_dim': 162, 'n_layers': 6, 'dropout': 0.2791841787819409, 'input_chunk_length': 110, 'learning_rate': 0.002148148648958851, 'batch_size': 32}. Best is trial 1 with value: 0.10052365064620972.
GPU available: True (cuda), used: True
TPU available: False, using: 0 TPU cores
HPU available: False, using: 0 HPUs
LOCAL_RANK: 0 - CUDA_VISIBLE_DEVICES: [0,1,2,3]
SLURM auto-requeueing enabled. Setting signal handlers.
Monitored metric train_loss did not improve in the last 185 records. Best score: 0.042. Signaling Trainer to stop.
GPU available: True (cuda), used: True
TPU available: False, using: 0 TPU cores
HPU available: False, using: 0 HPUs
LOCAL_RANK: 0 - CUDA_VISIBLE_DEVICES: [0,1,2,3]
SLURM auto-requeueing enabled. Setting signal handlers.
[I 2024-11-03 16:50:47,966] Trial 127 finished with value: 0.48173415660858154 and parameters: {'hidden_dim': 423, 'n_layers': 1, 'dropout': 0.3974865876855976, 'input_chunk_length': 94, 'learning_rate': 9.09691310090787e-05, 'batch_size': 64}. Best is trial 1 with value: 0.10052365064620972.
GPU available: True (cuda), used: True
TPU available: False, using: 0 TPU cores
HPU available: False, using: 0 HPUs
LOCAL_RANK: 0 - CUDA_VISIBLE_DEVICES: [0,1,2,3]
SLURM auto-requeueing enabled. Setting signal handlers.
Monitored metric train_loss did not improve in the last 186 records. Best score: 0.042. Signaling Trainer to stop.
GPU available: True (cuda), used: True
TPU available: False, using: 0 TPU cores
HPU available: False, using: 0 HPUs
LOCAL_RANK: 0 - CUDA_VISIBLE_DEVICES: [0,1,2,3]
SLURM auto-requeueing enabled. Setting signal handlers.
[I 2024-11-03 16:51:05,900] Trial 128 finished with value: 0.4519321024417877 and parameters: {'hidden_dim': 295, 'n_layers': 2, 'dropout': 0.4400242686151319, 'input_chunk_length': 98, 'learning_rate': 0.004816146157747227, 'batch_size': 32}. Best is trial 1 with value: 0.10052365064620972.
GPU available: True (cuda), used: True
TPU available: False, using: 0 TPU cores
HPU available: False, using: 0 HPUs
LOCAL_RANK: 0 - CUDA_VISIBLE_DEVICES: [0,1,2,3]
SLURM auto-requeueing enabled. Setting signal handlers.
Monitored metric train_loss did not improve in the last 187 records. Best score: 0.042. Signaling Trainer to stop.
GPU available: True (cuda), used: True
TPU available: False, using: 0 TPU cores
HPU available: False, using: 0 HPUs
LOCAL_RANK: 0 - CUDA_VISIBLE_DEVICES: [0,1,2,3]
SLURM auto-requeueing enabled. Setting signal handlers.
[I 2024-11-03 16:51:20,912] Trial 129 finished with value: 0.31778833270072937 and parameters: {'hidden_dim': 54, 'n_layers': 5, 'dropout': 0.25246122463930915, 'input_chunk_length': 115, 'learning_rate': 0.004402091050462465, 'batch_size': 32}. Best is trial 1 with value: 0.10052365064620972.
GPU available: True (cuda), used: True
TPU available: False, using: 0 TPU cores
HPU available: False, using: 0 HPUs
LOCAL_RANK: 0 - CUDA_VISIBLE_DEVICES: [0,1,2,3]
SLURM auto-requeueing enabled. Setting signal handlers.
Monitored metric train_loss did not improve in the last 188 records. Best score: 0.042. Signaling Trainer to stop.
GPU available: True (cuda), used: True
TPU available: False, using: 0 TPU cores
HPU available: False, using: 0 HPUs
LOCAL_RANK: 0 - CUDA_VISIBLE_DEVICES: [0,1,2,3]
SLURM auto-requeueing enabled. Setting signal handlers.
[I 2024-11-03 16:51:35,854] Trial 130 finished with value: 0.3560822010040283 and parameters: {'hidden_dim': 57, 'n_layers': 5, 'dropout': 0.2451754144163552, 'input_chunk_length': 115, 'learning_rate': 0.003025576626397269, 'batch_size': 32}. Best is trial 1 with value: 0.10052365064620972.
GPU available: True (cuda), used: True
TPU available: False, using: 0 TPU cores
HPU available: False, using: 0 HPUs
LOCAL_RANK: 0 - CUDA_VISIBLE_DEVICES: [0,1,2,3]
SLURM auto-requeueing enabled. Setting signal handlers.
Monitored metric train_loss did not improve in the last 189 records. Best score: 0.042. Signaling Trainer to stop.
GPU available: True (cuda), used: True
TPU available: False, using: 0 TPU cores
HPU available: False, using: 0 HPUs
LOCAL_RANK: 0 - CUDA_VISIBLE_DEVICES: [0,1,2,3]
SLURM auto-requeueing enabled. Setting signal handlers.
[I 2024-11-03 16:51:51,214] Trial 131 finished with value: 0.31900742650032043 and parameters: {'hidden_dim': 50, 'n_layers': 5, 'dropout': 0.2573780646139716, 'input_chunk_length': 122, 'learning_rate': 0.004253370932167369, 'batch_size': 32}. Best is trial 1 with value: 0.10052365064620972.
GPU available: True (cuda), used: True
TPU available: False, using: 0 TPU cores
HPU available: False, using: 0 HPUs
LOCAL_RANK: 0 - CUDA_VISIBLE_DEVICES: [0,1,2,3]
SLURM auto-requeueing enabled. Setting signal handlers.
Monitored metric train_loss did not improve in the last 190 records. Best score: 0.042. Signaling Trainer to stop.
GPU available: True (cuda), used: True
TPU available: False, using: 0 TPU cores
HPU available: False, using: 0 HPUs
LOCAL_RANK: 0 - CUDA_VISIBLE_DEVICES: [0,1,2,3]
SLURM auto-requeueing enabled. Setting signal handlers.
[I 2024-11-03 16:52:06,142] Trial 132 finished with value: 0.3682611584663391 and parameters: {'hidden_dim': 88, 'n_layers': 5, 'dropout': 0.2908965570288303, 'input_chunk_length': 119, 'learning_rate': 0.004284711939536556, 'batch_size': 32}. Best is trial 1 with value: 0.10052365064620972.
GPU available: True (cuda), used: True
TPU available: False, using: 0 TPU cores
HPU available: False, using: 0 HPUs
LOCAL_RANK: 0 - CUDA_VISIBLE_DEVICES: [0,1,2,3]
SLURM auto-requeueing enabled. Setting signal handlers.
Monitored metric train_loss did not improve in the last 191 records. Best score: 0.042. Signaling Trainer to stop.
GPU available: True (cuda), used: True
TPU available: False, using: 0 TPU cores
HPU available: False, using: 0 HPUs
LOCAL_RANK: 0 - CUDA_VISIBLE_DEVICES: [0,1,2,3]
SLURM auto-requeueing enabled. Setting signal handlers.
[I 2024-11-03 16:52:21,019] Trial 133 finished with value: 0.3721529245376587 and parameters: {'hidden_dim': 53, 'n_layers': 5, 'dropout': 0.21225156904910072, 'input_chunk_length': 127, 'learning_rate': 0.0027207240445695506, 'batch_size': 32}. Best is trial 1 with value: 0.10052365064620972.
GPU available: True (cuda), used: True
TPU available: False, using: 0 TPU cores
HPU available: False, using: 0 HPUs
LOCAL_RANK: 0 - CUDA_VISIBLE_DEVICES: [0,1,2,3]
SLURM auto-requeueing enabled. Setting signal handlers.
Monitored metric train_loss did not improve in the last 192 records. Best score: 0.042. Signaling Trainer to stop.
GPU available: True (cuda), used: True
TPU available: False, using: 0 TPU cores
HPU available: False, using: 0 HPUs
LOCAL_RANK: 0 - CUDA_VISIBLE_DEVICES: [0,1,2,3]
SLURM auto-requeueing enabled. Setting signal handlers.
[I 2024-11-03 16:52:35,842] Trial 134 finished with value: 0.3592306077480316 and parameters: {'hidden_dim': 50, 'n_layers': 5, 'dropout': 0.270711299235658, 'input_chunk_length': 123, 'learning_rate': 0.0035820108670977457, 'batch_size': 32}. Best is trial 1 with value: 0.10052365064620972.
GPU available: True (cuda), used: True
TPU available: False, using: 0 TPU cores
HPU available: False, using: 0 HPUs
LOCAL_RANK: 0 - CUDA_VISIBLE_DEVICES: [0,1,2,3]
SLURM auto-requeueing enabled. Setting signal handlers.
Monitored metric train_loss did not improve in the last 193 records. Best score: 0.042. Signaling Trainer to stop.
GPU available: True (cuda), used: True
TPU available: False, using: 0 TPU cores
HPU available: False, using: 0 HPUs
LOCAL_RANK: 0 - CUDA_VISIBLE_DEVICES: [0,1,2,3]
SLURM auto-requeueing enabled. Setting signal handlers.
[I 2024-11-03 16:52:51,005] Trial 135 finished with value: 0.34620046615600586 and parameters: {'hidden_dim': 78, 'n_layers': 5, 'dropout': 0.252968474136584, 'input_chunk_length': 116, 'learning_rate': 0.005252412196516609, 'batch_size': 32}. Best is trial 1 with value: 0.10052365064620972.
GPU available: True (cuda), used: True
TPU available: False, using: 0 TPU cores
HPU available: False, using: 0 HPUs
LOCAL_RANK: 0 - CUDA_VISIBLE_DEVICES: [0,1,2,3]
SLURM auto-requeueing enabled. Setting signal handlers.
Monitored metric train_loss did not improve in the last 194 records. Best score: 0.042. Signaling Trainer to stop.
GPU available: True (cuda), used: True
TPU available: False, using: 0 TPU cores
HPU available: False, using: 0 HPUs
LOCAL_RANK: 0 - CUDA_VISIBLE_DEVICES: [0,1,2,3]
SLURM auto-requeueing enabled. Setting signal handlers.
[I 2024-11-03 16:53:06,478] Trial 136 finished with value: 0.34743764996528625 and parameters: {'hidden_dim': 123, 'n_layers': 5, 'dropout': 0.2293709679948722, 'input_chunk_length': 114, 'learning_rate': 0.001692239663183851, 'batch_size': 32}. Best is trial 1 with value: 0.10052365064620972.
GPU available: True (cuda), used: True
TPU available: False, using: 0 TPU cores
HPU available: False, using: 0 HPUs
LOCAL_RANK: 0 - CUDA_VISIBLE_DEVICES: [0,1,2,3]
SLURM auto-requeueing enabled. Setting signal handlers.
Monitored metric train_loss did not improve in the last 195 records. Best score: 0.042. Signaling Trainer to stop.
GPU available: True (cuda), used: True
TPU available: False, using: 0 TPU cores
HPU available: False, using: 0 HPUs
LOCAL_RANK: 0 - CUDA_VISIBLE_DEVICES: [0,1,2,3]
SLURM auto-requeueing enabled. Setting signal handlers.
[I 2024-11-03 16:53:21,500] Trial 137 finished with value: 0.3801761567592621 and parameters: {'hidden_dim': 70, 'n_layers': 5, 'dropout': 0.25873309215950696, 'input_chunk_length': 131, 'learning_rate': 0.004316064481833198, 'batch_size': 32}. Best is trial 1 with value: 0.10052365064620972.
GPU available: True (cuda), used: True
TPU available: False, using: 0 TPU cores
HPU available: False, using: 0 HPUs
LOCAL_RANK: 0 - CUDA_VISIBLE_DEVICES: [0,1,2,3]
SLURM auto-requeueing enabled. Setting signal handlers.
Monitored metric train_loss did not improve in the last 196 records. Best score: 0.042. Signaling Trainer to stop.
GPU available: True (cuda), used: True
TPU available: False, using: 0 TPU cores
HPU available: False, using: 0 HPUs
LOCAL_RANK: 0 - CUDA_VISIBLE_DEVICES: [0,1,2,3]
SLURM auto-requeueing enabled. Setting signal handlers.
[I 2024-11-03 16:53:44,720] Trial 138 finished with value: 0.33110517263412476 and parameters: {'hidden_dim': 378, 'n_layers': 5, 'dropout': 0.30844727397027616, 'input_chunk_length': 109, 'learning_rate': 0.00020986990992029385, 'batch_size': 32}. Best is trial 1 with value: 0.10052365064620972.
GPU available: True (cuda), used: True
TPU available: False, using: 0 TPU cores
HPU available: False, using: 0 HPUs
LOCAL_RANK: 0 - CUDA_VISIBLE_DEVICES: [0,1,2,3]
SLURM auto-requeueing enabled. Setting signal handlers.
Monitored metric train_loss did not improve in the last 197 records. Best score: 0.042. Signaling Trainer to stop.
GPU available: True (cuda), used: True
TPU available: False, using: 0 TPU cores
HPU available: False, using: 0 HPUs
LOCAL_RANK: 0 - CUDA_VISIBLE_DEVICES: [0,1,2,3]
SLURM auto-requeueing enabled. Setting signal handlers.
[I 2024-11-03 16:53:59,195] Trial 139 finished with value: 0.5612022280693054 and parameters: {'hidden_dim': 99, 'n_layers': 4, 'dropout': 0.008575937466548262, 'input_chunk_length': 90, 'learning_rate': 1.4815354494074575e-05, 'batch_size': 64}. Best is trial 1 with value: 0.10052365064620972.
GPU available: True (cuda), used: True
TPU available: False, using: 0 TPU cores
HPU available: False, using: 0 HPUs
LOCAL_RANK: 0 - CUDA_VISIBLE_DEVICES: [0,1,2,3]
SLURM auto-requeueing enabled. Setting signal handlers.
Monitored metric train_loss did not improve in the last 198 records. Best score: 0.042. Signaling Trainer to stop.
GPU available: True (cuda), used: True
TPU available: False, using: 0 TPU cores
HPU available: False, using: 0 HPUs
LOCAL_RANK: 0 - CUDA_VISIBLE_DEVICES: [0,1,2,3]
SLURM auto-requeueing enabled. Setting signal handlers.
[I 2024-11-03 16:54:14,374] Trial 140 finished with value: 0.37240350246429443 and parameters: {'hidden_dim': 67, 'n_layers': 4, 'dropout': 0.33406554195706173, 'input_chunk_length': 145, 'learning_rate': 0.0005445662571987876, 'batch_size': 32}. Best is trial 1 with value: 0.10052365064620972.
GPU available: True (cuda), used: True
TPU available: False, using: 0 TPU cores
HPU available: False, using: 0 HPUs
LOCAL_RANK: 0 - CUDA_VISIBLE_DEVICES: [0,1,2,3]
SLURM auto-requeueing enabled. Setting signal handlers.
Monitored metric train_loss did not improve in the last 199 records. Best score: 0.042. Signaling Trainer to stop.
GPU available: True (cuda), used: True
TPU available: False, using: 0 TPU cores
HPU available: False, using: 0 HPUs
LOCAL_RANK: 0 - CUDA_VISIBLE_DEVICES: [0,1,2,3]
SLURM auto-requeueing enabled. Setting signal handlers.
[I 2024-11-03 16:54:28,964] Trial 141 finished with value: 0.38141611218452454 and parameters: {'hidden_dim': 152, 'n_layers': 5, 'dropout': 0.07969214923049865, 'input_chunk_length': 24, 'learning_rate': 0.00679308441360326, 'batch_size': 32}. Best is trial 1 with value: 0.10052365064620972.
GPU available: True (cuda), used: True
TPU available: False, using: 0 TPU cores
HPU available: False, using: 0 HPUs
LOCAL_RANK: 0 - CUDA_VISIBLE_DEVICES: [0,1,2,3]
SLURM auto-requeueing enabled. Setting signal handlers.
Monitored metric train_loss did not improve in the last 200 records. Best score: 0.042. Signaling Trainer to stop.
GPU available: True (cuda), used: True
TPU available: False, using: 0 TPU cores
HPU available: False, using: 0 HPUs
LOCAL_RANK: 0 - CUDA_VISIBLE_DEVICES: [0,1,2,3]
SLURM auto-requeueing enabled. Setting signal handlers.
[I 2024-11-03 16:54:51,298] Trial 142 finished with value: 0.3458865284919739 and parameters: {'hidden_dim': 171, 'n_layers': 6, 'dropout': 0.23393403447607342, 'input_chunk_length': 119, 'learning_rate': 0.0023121125823851955, 'batch_size': 32}. Best is trial 1 with value: 0.10052365064620972.
GPU available: True (cuda), used: True
TPU available: False, using: 0 TPU cores
HPU available: False, using: 0 HPUs
LOCAL_RANK: 0 - CUDA_VISIBLE_DEVICES: [0,1,2,3]
SLURM auto-requeueing enabled. Setting signal handlers.
Monitored metric train_loss did not improve in the last 201 records. Best score: 0.042. Signaling Trainer to stop.
GPU available: True (cuda), used: True
TPU available: False, using: 0 TPU cores
HPU available: False, using: 0 HPUs
LOCAL_RANK: 0 - CUDA_VISIBLE_DEVICES: [0,1,2,3]
SLURM auto-requeueing enabled. Setting signal handlers.
[I 2024-11-03 16:55:09,291] Trial 143 finished with value: 0.6050930023193359 and parameters: {'hidden_dim': 198, 'n_layers': 3, 'dropout': 0.3512789192593694, 'input_chunk_length': 105, 'learning_rate': 0.0036225856879849323, 'batch_size': 32}. Best is trial 1 with value: 0.10052365064620972.
GPU available: True (cuda), used: True
TPU available: False, using: 0 TPU cores
HPU available: False, using: 0 HPUs
LOCAL_RANK: 0 - CUDA_VISIBLE_DEVICES: [0,1,2,3]
SLURM auto-requeueing enabled. Setting signal handlers.
Monitored metric train_loss did not improve in the last 202 records. Best score: 0.042. Signaling Trainer to stop.
GPU available: True (cuda), used: True
TPU available: False, using: 0 TPU cores
HPU available: False, using: 0 HPUs
LOCAL_RANK: 0 - CUDA_VISIBLE_DEVICES: [0,1,2,3]
SLURM auto-requeueing enabled. Setting signal handlers.
[I 2024-11-03 16:55:24,146] Trial 144 finished with value: 0.6214348673820496 and parameters: {'hidden_dim': 110, 'n_layers': 6, 'dropout': 0.4067093244459794, 'input_chunk_length': 83, 'learning_rate': 0.005324889350147435, 'batch_size': 32}. Best is trial 1 with value: 0.10052365064620972.
GPU available: True (cuda), used: True
TPU available: False, using: 0 TPU cores
HPU available: False, using: 0 HPUs
LOCAL_RANK: 0 - CUDA_VISIBLE_DEVICES: [0,1,2,3]
SLURM auto-requeueing enabled. Setting signal handlers.
Monitored metric train_loss did not improve in the last 203 records. Best score: 0.042. Signaling Trainer to stop.
GPU available: True (cuda), used: True
TPU available: False, using: 0 TPU cores
HPU available: False, using: 0 HPUs
LOCAL_RANK: 0 - CUDA_VISIBLE_DEVICES: [0,1,2,3]
SLURM auto-requeueing enabled. Setting signal handlers.
