GpuFreq=control_disabled
[I 2024-11-11 20:46:27,748] A new study created in memory with name: no-name-713fd5a9-4715-46c4-af8f-820f9a36804a
/pfs/data5/home/tu/tu_tu/tu_zxoul27/micromamba/envs/power/lib/python3.12/site-packages/torch/random.py:167: UserWarning: CUDA reports that you have 2 available devices, and you have used fork_rng without explicitly specifying which devices are being used. For safety, we initialize *every* CUDA device by default, which can be quite slow if you have a lot of CUDAs. If you know that you are only making use of a few CUDA devices, set the environment variable CUDA_VISIBLE_DEVICES or the 'devices' keyword argument of fork_rng with the set of devices you are actually using. For example, if you are using CPU only, set device.upper()_VISIBLE_DEVICES= or devices=[]; if you are using device 0 only, set CUDA_VISIBLE_DEVICES=0 or devices=[0].  To initialize all devices and suppress this warning, set the 'devices' keyword argument to `range(torch.cuda.device_count())`.
  warnings.warn(message)
GPU available: True (cuda), used: True
TPU available: False, using: 0 TPU cores
HPU available: False, using: 0 HPUs
LOCAL_RANK: 0 - CUDA_VISIBLE_DEVICES: [0,1]
SLURM auto-requeueing enabled. Setting signal handlers.
Metric train_loss improved. New best score: 0.265
Metric train_loss improved by 0.084 >= min_delta = 0.0. New best score: 0.181
Metric train_loss improved by 0.073 >= min_delta = 0.0. New best score: 0.108
Metric train_loss improved by 0.034 >= min_delta = 0.0. New best score: 0.075
Metric train_loss improved by 0.034 >= min_delta = 0.0. New best score: 0.041
`Trainer.fit` stopped: `max_epochs=15` reached.
GPU available: True (cuda), used: True
TPU available: False, using: 0 TPU cores
HPU available: False, using: 0 HPUs
LOCAL_RANK: 0 - CUDA_VISIBLE_DEVICES: [0,1]
SLURM auto-requeueing enabled. Setting signal handlers.
[I 2024-11-11 20:50:47,551] Trial 0 finished with value: 0.5859240889549255 and parameters: {'hidden_dim': 337, 'n_layers': 2, 'dropout': 0.4054442444433598, 'input_chunk_length': 82, 'learning_rate': 9.342961916095398e-05, 'batch_size': 32}. Best is trial 0 with value: 0.5859240889549255.
GPU available: True (cuda), used: True
TPU available: False, using: 0 TPU cores
HPU available: False, using: 0 HPUs
LOCAL_RANK: 0 - CUDA_VISIBLE_DEVICES: [0,1]
SLURM auto-requeueing enabled. Setting signal handlers.
`Trainer.fit` stopped: `max_epochs=15` reached.
GPU available: True (cuda), used: True
TPU available: False, using: 0 TPU cores
HPU available: False, using: 0 HPUs
LOCAL_RANK: 0 - CUDA_VISIBLE_DEVICES: [0,1]
SLURM auto-requeueing enabled. Setting signal handlers.
[I 2024-11-11 20:53:47,337] Trial 1 finished with value: 0.2763022482395172 and parameters: {'hidden_dim': 283, 'n_layers': 4, 'dropout': 0.2839892595060966, 'input_chunk_length': 62, 'learning_rate': 1.6441738798924e-05, 'batch_size': 32}. Best is trial 1 with value: 0.2763022482395172.
GPU available: True (cuda), used: True
TPU available: False, using: 0 TPU cores
HPU available: False, using: 0 HPUs
LOCAL_RANK: 0 - CUDA_VISIBLE_DEVICES: [0,1]
SLURM auto-requeueing enabled. Setting signal handlers.
`Trainer.fit` stopped: `max_epochs=15` reached.
GPU available: True (cuda), used: True
TPU available: False, using: 0 TPU cores
HPU available: False, using: 0 HPUs
LOCAL_RANK: 0 - CUDA_VISIBLE_DEVICES: [0,1]
SLURM auto-requeueing enabled. Setting signal handlers.
[I 2024-11-11 20:57:41,331] Trial 2 finished with value: 0.18544210493564606 and parameters: {'hidden_dim': 197, 'n_layers': 1, 'dropout': 0.49277238383680244, 'input_chunk_length': 129, 'learning_rate': 0.00011446630015863574, 'batch_size': 64}. Best is trial 2 with value: 0.18544210493564606.
GPU available: True (cuda), used: True
TPU available: False, using: 0 TPU cores
HPU available: False, using: 0 HPUs
LOCAL_RANK: 0 - CUDA_VISIBLE_DEVICES: [0,1]
SLURM auto-requeueing enabled. Setting signal handlers.
`Trainer.fit` stopped: `max_epochs=15` reached.
GPU available: True (cuda), used: True
TPU available: False, using: 0 TPU cores
HPU available: False, using: 0 HPUs
LOCAL_RANK: 0 - CUDA_VISIBLE_DEVICES: [0,1]
SLURM auto-requeueing enabled. Setting signal handlers.
[I 2024-11-11 21:00:56,287] Trial 3 finished with value: 0.23723092675209045 and parameters: {'hidden_dim': 454, 'n_layers': 2, 'dropout': 0.048240929336122396, 'input_chunk_length': 54, 'learning_rate': 1.1953527794320976e-05, 'batch_size': 64}. Best is trial 2 with value: 0.18544210493564606.
GPU available: True (cuda), used: True
TPU available: False, using: 0 TPU cores
HPU available: False, using: 0 HPUs
LOCAL_RANK: 0 - CUDA_VISIBLE_DEVICES: [0,1]
SLURM auto-requeueing enabled. Setting signal handlers.
Monitored metric train_loss did not improve in the last 60 records. Best score: 0.041. Signaling Trainer to stop.
GPU available: True (cuda), used: True
TPU available: False, using: 0 TPU cores
HPU available: False, using: 0 HPUs
LOCAL_RANK: 0 - CUDA_VISIBLE_DEVICES: [0,1]
SLURM auto-requeueing enabled. Setting signal handlers.
[I 2024-11-11 21:02:20,191] Trial 4 finished with value: 0.1814582198858261 and parameters: {'hidden_dim': 292, 'n_layers': 4, 'dropout': 0.43968501264988397, 'input_chunk_length': 46, 'learning_rate': 0.007079566356678032, 'batch_size': 64}. Best is trial 4 with value: 0.1814582198858261.
GPU available: True (cuda), used: True
TPU available: False, using: 0 TPU cores
HPU available: False, using: 0 HPUs
LOCAL_RANK: 0 - CUDA_VISIBLE_DEVICES: [0,1]
SLURM auto-requeueing enabled. Setting signal handlers.
Monitored metric train_loss did not improve in the last 61 records. Best score: 0.041. Signaling Trainer to stop.
GPU available: True (cuda), used: True
TPU available: False, using: 0 TPU cores
HPU available: False, using: 0 HPUs
LOCAL_RANK: 0 - CUDA_VISIBLE_DEVICES: [0,1]
SLURM auto-requeueing enabled. Setting signal handlers.
[I 2024-11-11 21:03:01,110] Trial 5 finished with value: 0.29282742738723755 and parameters: {'hidden_dim': 303, 'n_layers': 5, 'dropout': 0.28470684444016814, 'input_chunk_length': 131, 'learning_rate': 0.0009381272475424295, 'batch_size': 32}. Best is trial 4 with value: 0.1814582198858261.
GPU available: True (cuda), used: True
TPU available: False, using: 0 TPU cores
HPU available: False, using: 0 HPUs
LOCAL_RANK: 0 - CUDA_VISIBLE_DEVICES: [0,1]
SLURM auto-requeueing enabled. Setting signal handlers.
Monitored metric train_loss did not improve in the last 62 records. Best score: 0.041. Signaling Trainer to stop.
GPU available: True (cuda), used: True
TPU available: False, using: 0 TPU cores
HPU available: False, using: 0 HPUs
LOCAL_RANK: 0 - CUDA_VISIBLE_DEVICES: [0,1]
SLURM auto-requeueing enabled. Setting signal handlers.
[I 2024-11-11 21:03:30,138] Trial 6 finished with value: 0.3439236581325531 and parameters: {'hidden_dim': 139, 'n_layers': 4, 'dropout': 0.1892044946521647, 'input_chunk_length': 131, 'learning_rate': 0.00016397293550628617, 'batch_size': 64}. Best is trial 4 with value: 0.1814582198858261.
GPU available: True (cuda), used: True
TPU available: False, using: 0 TPU cores
HPU available: False, using: 0 HPUs
LOCAL_RANK: 0 - CUDA_VISIBLE_DEVICES: [0,1]
SLURM auto-requeueing enabled. Setting signal handlers.
Monitored metric train_loss did not improve in the last 63 records. Best score: 0.041. Signaling Trainer to stop.
GPU available: True (cuda), used: True
TPU available: False, using: 0 TPU cores
HPU available: False, using: 0 HPUs
LOCAL_RANK: 0 - CUDA_VISIBLE_DEVICES: [0,1]
SLURM auto-requeueing enabled. Setting signal handlers.
[I 2024-11-11 21:03:57,328] Trial 7 finished with value: 0.30703938007354736 and parameters: {'hidden_dim': 274, 'n_layers': 6, 'dropout': 0.1473245237439319, 'input_chunk_length': 69, 'learning_rate': 0.000649949062503291, 'batch_size': 32}. Best is trial 4 with value: 0.1814582198858261.
GPU available: True (cuda), used: True
TPU available: False, using: 0 TPU cores
HPU available: False, using: 0 HPUs
LOCAL_RANK: 0 - CUDA_VISIBLE_DEVICES: [0,1]
SLURM auto-requeueing enabled. Setting signal handlers.
Monitored metric train_loss did not improve in the last 64 records. Best score: 0.041. Signaling Trainer to stop.
GPU available: True (cuda), used: True
TPU available: False, using: 0 TPU cores
HPU available: False, using: 0 HPUs
LOCAL_RANK: 0 - CUDA_VISIBLE_DEVICES: [0,1]
SLURM auto-requeueing enabled. Setting signal handlers.
[I 2024-11-11 21:04:19,929] Trial 8 finished with value: 0.29389089345932007 and parameters: {'hidden_dim': 472, 'n_layers': 6, 'dropout': 0.012881703284490509, 'input_chunk_length': 32, 'learning_rate': 8.243581196625699e-05, 'batch_size': 64}. Best is trial 4 with value: 0.1814582198858261.
GPU available: True (cuda), used: True
TPU available: False, using: 0 TPU cores
HPU available: False, using: 0 HPUs
LOCAL_RANK: 0 - CUDA_VISIBLE_DEVICES: [0,1]
SLURM auto-requeueing enabled. Setting signal handlers.
Monitored metric train_loss did not improve in the last 65 records. Best score: 0.041. Signaling Trainer to stop.
GPU available: True (cuda), used: True
TPU available: False, using: 0 TPU cores
HPU available: False, using: 0 HPUs
LOCAL_RANK: 0 - CUDA_VISIBLE_DEVICES: [0,1]
SLURM auto-requeueing enabled. Setting signal handlers.
[I 2024-11-11 21:04:57,015] Trial 9 finished with value: 0.33272117376327515 and parameters: {'hidden_dim': 434, 'n_layers': 6, 'dropout': 0.04290363762478949, 'input_chunk_length': 88, 'learning_rate': 0.0014187054249875028, 'batch_size': 64}. Best is trial 4 with value: 0.1814582198858261.
GPU available: True (cuda), used: True
TPU available: False, using: 0 TPU cores
HPU available: False, using: 0 HPUs
LOCAL_RANK: 0 - CUDA_VISIBLE_DEVICES: [0,1]
SLURM auto-requeueing enabled. Setting signal handlers.
Monitored metric train_loss did not improve in the last 66 records. Best score: 0.041. Signaling Trainer to stop.
GPU available: True (cuda), used: True
TPU available: False, using: 0 TPU cores
HPU available: False, using: 0 HPUs
LOCAL_RANK: 0 - CUDA_VISIBLE_DEVICES: [0,1]
SLURM auto-requeueing enabled. Setting signal handlers.
[I 2024-11-11 21:05:13,576] Trial 10 finished with value: 0.3147825002670288 and parameters: {'hidden_dim': 81, 'n_layers': 3, 'dropout': 0.39094655264177974, 'input_chunk_length': 10, 'learning_rate': 0.009957593817224629, 'batch_size': 64}. Best is trial 4 with value: 0.1814582198858261.
GPU available: True (cuda), used: True
TPU available: False, using: 0 TPU cores
HPU available: False, using: 0 HPUs
LOCAL_RANK: 0 - CUDA_VISIBLE_DEVICES: [0,1]
SLURM auto-requeueing enabled. Setting signal handlers.
Monitored metric train_loss did not improve in the last 67 records. Best score: 0.041. Signaling Trainer to stop.
GPU available: True (cuda), used: True
TPU available: False, using: 0 TPU cores
HPU available: False, using: 0 HPUs
LOCAL_RANK: 0 - CUDA_VISIBLE_DEVICES: [0,1]
SLURM auto-requeueing enabled. Setting signal handlers.
[I 2024-11-11 21:05:36,660] Trial 11 finished with value: 0.3453417718410492 and parameters: {'hidden_dim': 184, 'n_layers': 1, 'dropout': 0.4947158194669904, 'input_chunk_length': 104, 'learning_rate': 0.00896867758583039, 'batch_size': 64}. Best is trial 4 with value: 0.1814582198858261.
GPU available: True (cuda), used: True
TPU available: False, using: 0 TPU cores
HPU available: False, using: 0 HPUs
LOCAL_RANK: 0 - CUDA_VISIBLE_DEVICES: [0,1]
SLURM auto-requeueing enabled. Setting signal handlers.
Monitored metric train_loss did not improve in the last 68 records. Best score: 0.041. Signaling Trainer to stop.
GPU available: True (cuda), used: True
TPU available: False, using: 0 TPU cores
HPU available: False, using: 0 HPUs
LOCAL_RANK: 0 - CUDA_VISIBLE_DEVICES: [0,1]
SLURM auto-requeueing enabled. Setting signal handlers.
[I 2024-11-11 21:06:07,509] Trial 12 finished with value: 0.31914353370666504 and parameters: {'hidden_dim': 215, 'n_layers': 1, 'dropout': 0.49504487041190215, 'input_chunk_length': 149, 'learning_rate': 0.0026159035700300823, 'batch_size': 64}. Best is trial 4 with value: 0.1814582198858261.
GPU available: True (cuda), used: True
TPU available: False, using: 0 TPU cores
HPU available: False, using: 0 HPUs
LOCAL_RANK: 0 - CUDA_VISIBLE_DEVICES: [0,1]
SLURM auto-requeueing enabled. Setting signal handlers.
Monitored metric train_loss did not improve in the last 69 records. Best score: 0.041. Signaling Trainer to stop.
GPU available: True (cuda), used: True
TPU available: False, using: 0 TPU cores
HPU available: False, using: 0 HPUs
LOCAL_RANK: 0 - CUDA_VISIBLE_DEVICES: [0,1]
SLURM auto-requeueing enabled. Setting signal handlers.
[I 2024-11-11 21:06:28,544] Trial 13 finished with value: 0.31126779317855835 and parameters: {'hidden_dim': 360, 'n_layers': 3, 'dropout': 0.40037252056083994, 'input_chunk_length': 41, 'learning_rate': 0.0002874894315989107, 'batch_size': 64}. Best is trial 4 with value: 0.1814582198858261.
GPU available: True (cuda), used: True
TPU available: False, using: 0 TPU cores
HPU available: False, using: 0 HPUs
LOCAL_RANK: 0 - CUDA_VISIBLE_DEVICES: [0,1]
SLURM auto-requeueing enabled. Setting signal handlers.
Monitored metric train_loss did not improve in the last 70 records. Best score: 0.041. Signaling Trainer to stop.
GPU available: True (cuda), used: True
TPU available: False, using: 0 TPU cores
HPU available: False, using: 0 HPUs
LOCAL_RANK: 0 - CUDA_VISIBLE_DEVICES: [0,1]
SLURM auto-requeueing enabled. Setting signal handlers.
[I 2024-11-11 21:06:58,540] Trial 14 finished with value: 0.38510292768478394 and parameters: {'hidden_dim': 224, 'n_layers': 5, 'dropout': 0.3432589156678165, 'input_chunk_length': 106, 'learning_rate': 3.567268253273566e-05, 'batch_size': 64}. Best is trial 4 with value: 0.1814582198858261.
GPU available: True (cuda), used: True
TPU available: False, using: 0 TPU cores
HPU available: False, using: 0 HPUs
LOCAL_RANK: 0 - CUDA_VISIBLE_DEVICES: [0,1]
SLURM auto-requeueing enabled. Setting signal handlers.
Monitored metric train_loss did not improve in the last 71 records. Best score: 0.041. Signaling Trainer to stop.
GPU available: True (cuda), used: True
TPU available: False, using: 0 TPU cores
HPU available: False, using: 0 HPUs
LOCAL_RANK: 0 - CUDA_VISIBLE_DEVICES: [0,1]
SLURM auto-requeueing enabled. Setting signal handlers.
[I 2024-11-11 21:07:14,548] Trial 15 finished with value: 0.3143823444843292 and parameters: {'hidden_dim': 60, 'n_layers': 2, 'dropout': 0.4504922987974908, 'input_chunk_length': 21, 'learning_rate': 0.0035810382675255923, 'batch_size': 64}. Best is trial 4 with value: 0.1814582198858261.
GPU available: True (cuda), used: True
TPU available: False, using: 0 TPU cores
HPU available: False, using: 0 HPUs
LOCAL_RANK: 0 - CUDA_VISIBLE_DEVICES: [0,1]
SLURM auto-requeueing enabled. Setting signal handlers.
Monitored metric train_loss did not improve in the last 72 records. Best score: 0.041. Signaling Trainer to stop.
GPU available: True (cuda), used: True
TPU available: False, using: 0 TPU cores
HPU available: False, using: 0 HPUs
LOCAL_RANK: 0 - CUDA_VISIBLE_DEVICES: [0,1]
SLURM auto-requeueing enabled. Setting signal handlers.
[I 2024-11-11 21:07:39,599] Trial 16 finished with value: 0.2964644730091095 and parameters: {'hidden_dim': 148, 'n_layers': 4, 'dropout': 0.33365402634671837, 'input_chunk_length': 103, 'learning_rate': 0.00041092229811271077, 'batch_size': 64}. Best is trial 4 with value: 0.1814582198858261.
GPU available: True (cuda), used: True
TPU available: False, using: 0 TPU cores
HPU available: False, using: 0 HPUs
LOCAL_RANK: 0 - CUDA_VISIBLE_DEVICES: [0,1]
SLURM auto-requeueing enabled. Setting signal handlers.
Monitored metric train_loss did not improve in the last 73 records. Best score: 0.041. Signaling Trainer to stop.
GPU available: True (cuda), used: True
TPU available: False, using: 0 TPU cores
HPU available: False, using: 0 HPUs
LOCAL_RANK: 0 - CUDA_VISIBLE_DEVICES: [0,1]
SLURM auto-requeueing enabled. Setting signal handlers.
[I 2024-11-11 21:08:02,596] Trial 17 finished with value: 0.45641037821769714 and parameters: {'hidden_dim': 386, 'n_layers': 3, 'dropout': 0.44235503011741095, 'input_chunk_length': 49, 'learning_rate': 3.325462563682724e-05, 'batch_size': 64}. Best is trial 4 with value: 0.1814582198858261.
GPU available: True (cuda), used: True
TPU available: False, using: 0 TPU cores
HPU available: False, using: 0 HPUs
LOCAL_RANK: 0 - CUDA_VISIBLE_DEVICES: [0,1]
SLURM auto-requeueing enabled. Setting signal handlers.
Monitored metric train_loss did not improve in the last 74 records. Best score: 0.041. Signaling Trainer to stop.
GPU available: True (cuda), used: True
TPU available: False, using: 0 TPU cores
HPU available: False, using: 0 HPUs
LOCAL_RANK: 0 - CUDA_VISIBLE_DEVICES: [0,1]
SLURM auto-requeueing enabled. Setting signal handlers.
[I 2024-11-11 21:08:39,366] Trial 18 finished with value: 0.30983206629753113 and parameters: {'hidden_dim': 258, 'n_layers': 5, 'dropout': 0.20769005386629846, 'input_chunk_length': 126, 'learning_rate': 0.0002156051293752135, 'batch_size': 32}. Best is trial 4 with value: 0.1814582198858261.
GPU available: True (cuda), used: True
TPU available: False, using: 0 TPU cores
HPU available: False, using: 0 HPUs
LOCAL_RANK: 0 - CUDA_VISIBLE_DEVICES: [0,1]
SLURM auto-requeueing enabled. Setting signal handlers.
Monitored metric train_loss did not improve in the last 75 records. Best score: 0.041. Signaling Trainer to stop.
GPU available: True (cuda), used: True
TPU available: False, using: 0 TPU cores
HPU available: False, using: 0 HPUs
LOCAL_RANK: 0 - CUDA_VISIBLE_DEVICES: [0,1]
SLURM auto-requeueing enabled. Setting signal handlers.
[I 2024-11-11 21:08:57,276] Trial 19 finished with value: 0.3105919063091278 and parameters: {'hidden_dim': 124, 'n_layers': 1, 'dropout': 0.35557601120074306, 'input_chunk_length': 75, 'learning_rate': 0.0035109620920594775, 'batch_size': 64}. Best is trial 4 with value: 0.1814582198858261.
GPU available: True (cuda), used: True
TPU available: False, using: 0 TPU cores
HPU available: False, using: 0 HPUs
LOCAL_RANK: 0 - CUDA_VISIBLE_DEVICES: [0,1]
SLURM auto-requeueing enabled. Setting signal handlers.
Monitored metric train_loss did not improve in the last 76 records. Best score: 0.041. Signaling Trainer to stop.
GPU available: True (cuda), used: True
TPU available: False, using: 0 TPU cores
HPU available: False, using: 0 HPUs
LOCAL_RANK: 0 - CUDA_VISIBLE_DEVICES: [0,1]
SLURM auto-requeueing enabled. Setting signal handlers.
[I 2024-11-11 21:09:43,359] Trial 20 finished with value: 0.31643927097320557 and parameters: {'hidden_dim': 509, 'n_layers': 2, 'dropout': 0.4593460820583869, 'input_chunk_length': 150, 'learning_rate': 8.760793189088357e-05, 'batch_size': 64}. Best is trial 4 with value: 0.1814582198858261.
GPU available: True (cuda), used: True
TPU available: False, using: 0 TPU cores
HPU available: False, using: 0 HPUs
LOCAL_RANK: 0 - CUDA_VISIBLE_DEVICES: [0,1]
SLURM auto-requeueing enabled. Setting signal handlers.
Monitored metric train_loss did not improve in the last 77 records. Best score: 0.041. Signaling Trainer to stop.
GPU available: True (cuda), used: True
TPU available: False, using: 0 TPU cores
HPU available: False, using: 0 HPUs
LOCAL_RANK: 0 - CUDA_VISIBLE_DEVICES: [0,1]
SLURM auto-requeueing enabled. Setting signal handlers.
[I 2024-11-11 21:10:07,766] Trial 21 finished with value: 0.3681921064853668 and parameters: {'hidden_dim': 416, 'n_layers': 2, 'dropout': 0.077097529755145, 'input_chunk_length': 59, 'learning_rate': 1.4245681139277197e-05, 'batch_size': 64}. Best is trial 4 with value: 0.1814582198858261.
GPU available: True (cuda), used: True
TPU available: False, using: 0 TPU cores
HPU available: False, using: 0 HPUs
LOCAL_RANK: 0 - CUDA_VISIBLE_DEVICES: [0,1]
SLURM auto-requeueing enabled. Setting signal handlers.
Monitored metric train_loss did not improve in the last 78 records. Best score: 0.041. Signaling Trainer to stop.
GPU available: True (cuda), used: True
TPU available: False, using: 0 TPU cores
HPU available: False, using: 0 HPUs
LOCAL_RANK: 0 - CUDA_VISIBLE_DEVICES: [0,1]
SLURM auto-requeueing enabled. Setting signal handlers.
[I 2024-11-11 21:10:25,937] Trial 22 finished with value: 0.3482925593852997 and parameters: {'hidden_dim': 193, 'n_layers': 1, 'dropout': 0.1160173353908076, 'input_chunk_length': 48, 'learning_rate': 4.7954553085569255e-05, 'batch_size': 64}. Best is trial 4 with value: 0.1814582198858261.
GPU available: True (cuda), used: True
TPU available: False, using: 0 TPU cores
HPU available: False, using: 0 HPUs
LOCAL_RANK: 0 - CUDA_VISIBLE_DEVICES: [0,1]
SLURM auto-requeueing enabled. Setting signal handlers.
Monitored metric train_loss did not improve in the last 79 records. Best score: 0.041. Signaling Trainer to stop.
GPU available: True (cuda), used: True
TPU available: False, using: 0 TPU cores
HPU available: False, using: 0 HPUs
LOCAL_RANK: 0 - CUDA_VISIBLE_DEVICES: [0,1]
SLURM auto-requeueing enabled. Setting signal handlers.
[I 2024-11-11 21:10:44,600] Trial 23 finished with value: 0.4227527976036072 and parameters: {'hidden_dim': 324, 'n_layers': 2, 'dropout': 0.22937990437713873, 'input_chunk_length': 32, 'learning_rate': 1.252598868899839e-05, 'batch_size': 64}. Best is trial 4 with value: 0.1814582198858261.
GPU available: True (cuda), used: True
TPU available: False, using: 0 TPU cores
HPU available: False, using: 0 HPUs
LOCAL_RANK: 0 - CUDA_VISIBLE_DEVICES: [0,1]
SLURM auto-requeueing enabled. Setting signal handlers.
Monitored metric train_loss did not improve in the last 80 records. Best score: 0.041. Signaling Trainer to stop.
GPU available: True (cuda), used: True
TPU available: False, using: 0 TPU cores
HPU available: False, using: 0 HPUs
LOCAL_RANK: 0 - CUDA_VISIBLE_DEVICES: [0,1]
SLURM auto-requeueing enabled. Setting signal handlers.
