[I 2024-11-04 19:21:58,960] Trial 297 finished with value: 0.350451797246933 and parameters: {'hidden_dim': 355, 'n_layers': 1, 'dropout': 0.07226531966642935, 'input_chunk_length': 57, 'learning_rate': 0.00042994255364418106, 'batch_size': 32}. Best is trial 97 with value: 0.2797769606113434.
GPU available: True (cuda), used: True
TPU available: False, using: 0 TPU cores
HPU available: False, using: 0 HPUs
LOCAL_RANK: 0 - CUDA_VISIBLE_DEVICES: [0,1,2,3]
SLURM auto-requeueing enabled. Setting signal handlers.
Monitored metric train_loss did not improve in the last 357 records. Best score: 0.105. Signaling Trainer to stop.
GPU available: True (cuda), used: True
TPU available: False, using: 0 TPU cores
HPU available: False, using: 0 HPUs
LOCAL_RANK: 0 - CUDA_VISIBLE_DEVICES: [0,1,2,3]
SLURM auto-requeueing enabled. Setting signal handlers.
[I 2024-11-04 19:22:16,423] Trial 298 finished with value: 0.43010979890823364 and parameters: {'hidden_dim': 282, 'n_layers': 4, 'dropout': 0.2680817184503936, 'input_chunk_length': 85, 'learning_rate': 4.983641712183287e-05, 'batch_size': 32}. Best is trial 97 with value: 0.2797769606113434.
GPU available: True (cuda), used: True
TPU available: False, using: 0 TPU cores
HPU available: False, using: 0 HPUs
LOCAL_RANK: 0 - CUDA_VISIBLE_DEVICES: [0,1,2,3]
SLURM auto-requeueing enabled. Setting signal handlers.
Monitored metric train_loss did not improve in the last 358 records. Best score: 0.105. Signaling Trainer to stop.
GPU available: True (cuda), used: True
TPU available: False, using: 0 TPU cores
HPU available: False, using: 0 HPUs
LOCAL_RANK: 0 - CUDA_VISIBLE_DEVICES: [0,1,2,3]
SLURM auto-requeueing enabled. Setting signal handlers.
[I 2024-11-04 19:22:30,035] Trial 299 finished with value: 0.3879316747188568 and parameters: {'hidden_dim': 151, 'n_layers': 1, 'dropout': 0.2416424966236057, 'input_chunk_length': 80, 'learning_rate': 7.008698999208151e-05, 'batch_size': 32}. Best is trial 97 with value: 0.2797769606113434.
GPU available: True (cuda), used: True
TPU available: False, using: 0 TPU cores
HPU available: False, using: 0 HPUs
LOCAL_RANK: 0 - CUDA_VISIBLE_DEVICES: [0,1,2,3]
SLURM auto-requeueing enabled. Setting signal handlers.
Monitored metric train_loss did not improve in the last 359 records. Best score: 0.105. Signaling Trainer to stop.
GPU available: True (cuda), used: True
TPU available: False, using: 0 TPU cores
HPU available: False, using: 0 HPUs
LOCAL_RANK: 0 - CUDA_VISIBLE_DEVICES: [0,1,2,3]
SLURM auto-requeueing enabled. Setting signal handlers.
[I 2024-11-04 19:22:42,963] Trial 300 finished with value: 0.3774951994419098 and parameters: {'hidden_dim': 166, 'n_layers': 1, 'dropout': 0.014608174160655765, 'input_chunk_length': 64, 'learning_rate': 0.00024154273875850806, 'batch_size': 64}. Best is trial 97 with value: 0.2797769606113434.
GPU available: True (cuda), used: True
TPU available: False, using: 0 TPU cores
HPU available: False, using: 0 HPUs
LOCAL_RANK: 0 - CUDA_VISIBLE_DEVICES: [0,1,2,3]
SLURM auto-requeueing enabled. Setting signal handlers.
Monitored metric train_loss did not improve in the last 360 records. Best score: 0.105. Signaling Trainer to stop.
GPU available: True (cuda), used: True
TPU available: False, using: 0 TPU cores
HPU available: False, using: 0 HPUs
LOCAL_RANK: 0 - CUDA_VISIBLE_DEVICES: [0,1,2,3]
SLURM auto-requeueing enabled. Setting signal handlers.
[I 2024-11-04 19:22:59,468] Trial 301 finished with value: 0.4406086504459381 and parameters: {'hidden_dim': 325, 'n_layers': 2, 'dropout': 0.02441032271081115, 'input_chunk_length': 93, 'learning_rate': 0.0004991627246195912, 'batch_size': 32}. Best is trial 97 with value: 0.2797769606113434.
GPU available: True (cuda), used: True
TPU available: False, using: 0 TPU cores
HPU available: False, using: 0 HPUs
LOCAL_RANK: 0 - CUDA_VISIBLE_DEVICES: [0,1,2,3]
SLURM auto-requeueing enabled. Setting signal handlers.
Monitored metric train_loss did not improve in the last 361 records. Best score: 0.105. Signaling Trainer to stop.
GPU available: True (cuda), used: True
TPU available: False, using: 0 TPU cores
HPU available: False, using: 0 HPUs
LOCAL_RANK: 0 - CUDA_VISIBLE_DEVICES: [0,1,2,3]
SLURM auto-requeueing enabled. Setting signal handlers.
[I 2024-11-04 19:23:13,317] Trial 302 finished with value: 0.3910743296146393 and parameters: {'hidden_dim': 242, 'n_layers': 1, 'dropout': 0.2892481649484227, 'input_chunk_length': 47, 'learning_rate': 0.00031045252569478524, 'batch_size': 32}. Best is trial 97 with value: 0.2797769606113434.
GPU available: True (cuda), used: True
TPU available: False, using: 0 TPU cores
HPU available: False, using: 0 HPUs
LOCAL_RANK: 0 - CUDA_VISIBLE_DEVICES: [0,1,2,3]
SLURM auto-requeueing enabled. Setting signal handlers.
Monitored metric train_loss did not improve in the last 362 records. Best score: 0.105. Signaling Trainer to stop.
GPU available: True (cuda), used: True
TPU available: False, using: 0 TPU cores
HPU available: False, using: 0 HPUs
LOCAL_RANK: 0 - CUDA_VISIBLE_DEVICES: [0,1,2,3]
SLURM auto-requeueing enabled. Setting signal handlers.
[I 2024-11-04 19:23:27,083] Trial 303 finished with value: 0.3077467381954193 and parameters: {'hidden_dim': 176, 'n_layers': 2, 'dropout': 0.20801832967647355, 'input_chunk_length': 67, 'learning_rate': 0.0003758718510976708, 'batch_size': 32}. Best is trial 97 with value: 0.2797769606113434.
GPU available: True (cuda), used: True
TPU available: False, using: 0 TPU cores
HPU available: False, using: 0 HPUs
LOCAL_RANK: 0 - CUDA_VISIBLE_DEVICES: [0,1,2,3]
SLURM auto-requeueing enabled. Setting signal handlers.
Monitored metric train_loss did not improve in the last 363 records. Best score: 0.105. Signaling Trainer to stop.
GPU available: True (cuda), used: True
TPU available: False, using: 0 TPU cores
HPU available: False, using: 0 HPUs
LOCAL_RANK: 0 - CUDA_VISIBLE_DEVICES: [0,1,2,3]
SLURM auto-requeueing enabled. Setting signal handlers.
[I 2024-11-04 19:23:41,042] Trial 304 finished with value: 0.34365442395210266 and parameters: {'hidden_dim': 175, 'n_layers': 2, 'dropout': 0.2015017554269116, 'input_chunk_length': 66, 'learning_rate': 0.00038057582001281613, 'batch_size': 32}. Best is trial 97 with value: 0.2797769606113434.
GPU available: True (cuda), used: True
TPU available: False, using: 0 TPU cores
HPU available: False, using: 0 HPUs
LOCAL_RANK: 0 - CUDA_VISIBLE_DEVICES: [0,1,2,3]
SLURM auto-requeueing enabled. Setting signal handlers.
Monitored metric train_loss did not improve in the last 364 records. Best score: 0.105. Signaling Trainer to stop.
GPU available: True (cuda), used: True
TPU available: False, using: 0 TPU cores
HPU available: False, using: 0 HPUs
LOCAL_RANK: 0 - CUDA_VISIBLE_DEVICES: [0,1,2,3]
SLURM auto-requeueing enabled. Setting signal handlers.
[I 2024-11-04 19:23:55,270] Trial 305 finished with value: 0.3577146828174591 and parameters: {'hidden_dim': 195, 'n_layers': 2, 'dropout': 0.21502762866738395, 'input_chunk_length': 62, 'learning_rate': 0.0004316280665791762, 'batch_size': 32}. Best is trial 97 with value: 0.2797769606113434.
GPU available: True (cuda), used: True
TPU available: False, using: 0 TPU cores
HPU available: False, using: 0 HPUs
LOCAL_RANK: 0 - CUDA_VISIBLE_DEVICES: [0,1,2,3]
SLURM auto-requeueing enabled. Setting signal handlers.
Monitored metric train_loss did not improve in the last 365 records. Best score: 0.105. Signaling Trainer to stop.
GPU available: True (cuda), used: True
TPU available: False, using: 0 TPU cores
HPU available: False, using: 0 HPUs
LOCAL_RANK: 0 - CUDA_VISIBLE_DEVICES: [0,1,2,3]
SLURM auto-requeueing enabled. Setting signal handlers.
[I 2024-11-04 19:24:09,489] Trial 306 finished with value: 0.3032320737838745 and parameters: {'hidden_dim': 171, 'n_layers': 2, 'dropout': 0.010114625136236682, 'input_chunk_length': 68, 'learning_rate': 0.0003619830049984195, 'batch_size': 32}. Best is trial 97 with value: 0.2797769606113434.
GPU available: True (cuda), used: True
TPU available: False, using: 0 TPU cores
HPU available: False, using: 0 HPUs
LOCAL_RANK: 0 - CUDA_VISIBLE_DEVICES: [0,1,2,3]
SLURM auto-requeueing enabled. Setting signal handlers.
Monitored metric train_loss did not improve in the last 366 records. Best score: 0.105. Signaling Trainer to stop.
GPU available: True (cuda), used: True
TPU available: False, using: 0 TPU cores
HPU available: False, using: 0 HPUs
LOCAL_RANK: 0 - CUDA_VISIBLE_DEVICES: [0,1,2,3]
SLURM auto-requeueing enabled. Setting signal handlers.
[I 2024-11-04 19:24:23,628] Trial 307 finished with value: 0.3666393458843231 and parameters: {'hidden_dim': 183, 'n_layers': 2, 'dropout': 0.20923795292488584, 'input_chunk_length': 68, 'learning_rate': 0.0003557893692164029, 'batch_size': 32}. Best is trial 97 with value: 0.2797769606113434.
GPU available: True (cuda), used: True
TPU available: False, using: 0 TPU cores
HPU available: False, using: 0 HPUs
LOCAL_RANK: 0 - CUDA_VISIBLE_DEVICES: [0,1,2,3]
SLURM auto-requeueing enabled. Setting signal handlers.
Monitored metric train_loss did not improve in the last 367 records. Best score: 0.105. Signaling Trainer to stop.
GPU available: True (cuda), used: True
TPU available: False, using: 0 TPU cores
HPU available: False, using: 0 HPUs
LOCAL_RANK: 0 - CUDA_VISIBLE_DEVICES: [0,1,2,3]
SLURM auto-requeueing enabled. Setting signal handlers.
[I 2024-11-04 19:24:37,697] Trial 308 finished with value: 0.38790932297706604 and parameters: {'hidden_dim': 169, 'n_layers': 2, 'dropout': 0.19355291213524423, 'input_chunk_length': 71, 'learning_rate': 0.0003168505615619073, 'batch_size': 32}. Best is trial 97 with value: 0.2797769606113434.
GPU available: True (cuda), used: True
TPU available: False, using: 0 TPU cores
HPU available: False, using: 0 HPUs
LOCAL_RANK: 0 - CUDA_VISIBLE_DEVICES: [0,1,2,3]
SLURM auto-requeueing enabled. Setting signal handlers.
Monitored metric train_loss did not improve in the last 368 records. Best score: 0.105. Signaling Trainer to stop.
GPU available: True (cuda), used: True
TPU available: False, using: 0 TPU cores
HPU available: False, using: 0 HPUs
LOCAL_RANK: 0 - CUDA_VISIBLE_DEVICES: [0,1,2,3]
SLURM auto-requeueing enabled. Setting signal handlers.
[I 2024-11-04 19:24:51,423] Trial 309 finished with value: 0.2995169460773468 and parameters: {'hidden_dim': 157, 'n_layers': 2, 'dropout': 0.04927198321835415, 'input_chunk_length': 68, 'learning_rate': 0.0003907321504350921, 'batch_size': 32}. Best is trial 97 with value: 0.2797769606113434.
GPU available: True (cuda), used: True
TPU available: False, using: 0 TPU cores
HPU available: False, using: 0 HPUs
LOCAL_RANK: 0 - CUDA_VISIBLE_DEVICES: [0,1,2,3]
SLURM auto-requeueing enabled. Setting signal handlers.
Monitored metric train_loss did not improve in the last 369 records. Best score: 0.105. Signaling Trainer to stop.
GPU available: True (cuda), used: True
TPU available: False, using: 0 TPU cores
HPU available: False, using: 0 HPUs
LOCAL_RANK: 0 - CUDA_VISIBLE_DEVICES: [0,1,2,3]
SLURM auto-requeueing enabled. Setting signal handlers.
[I 2024-11-04 19:25:05,448] Trial 310 finished with value: 0.3172033429145813 and parameters: {'hidden_dim': 155, 'n_layers': 2, 'dropout': 0.06185239365577014, 'input_chunk_length': 74, 'learning_rate': 0.00036573110849583514, 'batch_size': 32}. Best is trial 97 with value: 0.2797769606113434.
GPU available: True (cuda), used: True
TPU available: False, using: 0 TPU cores
HPU available: False, using: 0 HPUs
LOCAL_RANK: 0 - CUDA_VISIBLE_DEVICES: [0,1,2,3]
SLURM auto-requeueing enabled. Setting signal handlers.
Monitored metric train_loss did not improve in the last 370 records. Best score: 0.105. Signaling Trainer to stop.
GPU available: True (cuda), used: True
TPU available: False, using: 0 TPU cores
HPU available: False, using: 0 HPUs
LOCAL_RANK: 0 - CUDA_VISIBLE_DEVICES: [0,1,2,3]
SLURM auto-requeueing enabled. Setting signal handlers.
[I 2024-11-04 19:25:19,216] Trial 311 finished with value: 0.32423436641693115 and parameters: {'hidden_dim': 172, 'n_layers': 2, 'dropout': 0.04948531648675124, 'input_chunk_length': 68, 'learning_rate': 0.0003173166636229225, 'batch_size': 32}. Best is trial 97 with value: 0.2797769606113434.
GPU available: True (cuda), used: True
TPU available: False, using: 0 TPU cores
HPU available: False, using: 0 HPUs
LOCAL_RANK: 0 - CUDA_VISIBLE_DEVICES: [0,1,2,3]
SLURM auto-requeueing enabled. Setting signal handlers.
Monitored metric train_loss did not improve in the last 371 records. Best score: 0.105. Signaling Trainer to stop.
GPU available: True (cuda), used: True
TPU available: False, using: 0 TPU cores
HPU available: False, using: 0 HPUs
LOCAL_RANK: 0 - CUDA_VISIBLE_DEVICES: [0,1,2,3]
SLURM auto-requeueing enabled. Setting signal handlers.
[I 2024-11-04 19:25:33,151] Trial 312 finished with value: 0.5083525776863098 and parameters: {'hidden_dim': 163, 'n_layers': 2, 'dropout': 0.04191197912129853, 'input_chunk_length': 69, 'learning_rate': 0.00347224841535742, 'batch_size': 32}. Best is trial 97 with value: 0.2797769606113434.
GPU available: True (cuda), used: True
TPU available: False, using: 0 TPU cores
HPU available: False, using: 0 HPUs
LOCAL_RANK: 0 - CUDA_VISIBLE_DEVICES: [0,1,2,3]
SLURM auto-requeueing enabled. Setting signal handlers.
Monitored metric train_loss did not improve in the last 372 records. Best score: 0.105. Signaling Trainer to stop.
GPU available: True (cuda), used: True
TPU available: False, using: 0 TPU cores
HPU available: False, using: 0 HPUs
LOCAL_RANK: 0 - CUDA_VISIBLE_DEVICES: [0,1,2,3]
SLURM auto-requeueing enabled. Setting signal handlers.
[I 2024-11-04 19:25:46,866] Trial 313 finished with value: 0.3240475356578827 and parameters: {'hidden_dim': 145, 'n_layers': 2, 'dropout': 0.056279703640307585, 'input_chunk_length': 72, 'learning_rate': 0.0009648363870962605, 'batch_size': 32}. Best is trial 97 with value: 0.2797769606113434.
GPU available: True (cuda), used: True
TPU available: False, using: 0 TPU cores
HPU available: False, using: 0 HPUs
LOCAL_RANK: 0 - CUDA_VISIBLE_DEVICES: [0,1,2,3]
SLURM auto-requeueing enabled. Setting signal handlers.
Monitored metric train_loss did not improve in the last 373 records. Best score: 0.105. Signaling Trainer to stop.
GPU available: True (cuda), used: True
TPU available: False, using: 0 TPU cores
HPU available: False, using: 0 HPUs
LOCAL_RANK: 0 - CUDA_VISIBLE_DEVICES: [0,1,2,3]
SLURM auto-requeueing enabled. Setting signal handlers.
[I 2024-11-04 19:26:01,244] Trial 314 finished with value: 0.3631621301174164 and parameters: {'hidden_dim': 191, 'n_layers': 2, 'dropout': 0.14096043516041337, 'input_chunk_length': 64, 'learning_rate': 8.510400159649315e-05, 'batch_size': 32}. Best is trial 97 with value: 0.2797769606113434.
GPU available: True (cuda), used: True
TPU available: False, using: 0 TPU cores
HPU available: False, using: 0 HPUs
LOCAL_RANK: 0 - CUDA_VISIBLE_DEVICES: [0,1,2,3]
SLURM auto-requeueing enabled. Setting signal handlers.
Monitored metric train_loss did not improve in the last 374 records. Best score: 0.105. Signaling Trainer to stop.
GPU available: True (cuda), used: True
TPU available: False, using: 0 TPU cores
HPU available: False, using: 0 HPUs
LOCAL_RANK: 0 - CUDA_VISIBLE_DEVICES: [0,1,2,3]
SLURM auto-requeueing enabled. Setting signal handlers.
[I 2024-11-04 19:26:15,051] Trial 315 finished with value: 0.3227049708366394 and parameters: {'hidden_dim': 157, 'n_layers': 2, 'dropout': 0.03638161122492223, 'input_chunk_length': 76, 'learning_rate': 0.0002763853474477768, 'batch_size': 32}. Best is trial 97 with value: 0.2797769606113434.
GPU available: True (cuda), used: True
TPU available: False, using: 0 TPU cores
HPU available: False, using: 0 HPUs
LOCAL_RANK: 0 - CUDA_VISIBLE_DEVICES: [0,1,2,3]
SLURM auto-requeueing enabled. Setting signal handlers.
Monitored metric train_loss did not improve in the last 375 records. Best score: 0.105. Signaling Trainer to stop.
GPU available: True (cuda), used: True
TPU available: False, using: 0 TPU cores
HPU available: False, using: 0 HPUs
LOCAL_RANK: 0 - CUDA_VISIBLE_DEVICES: [0,1,2,3]
SLURM auto-requeueing enabled. Setting signal handlers.
[I 2024-11-04 19:26:29,115] Trial 316 finished with value: 0.33604663610458374 and parameters: {'hidden_dim': 179, 'n_layers': 2, 'dropout': 0.07571431292041872, 'input_chunk_length': 67, 'learning_rate': 0.0003806065388053629, 'batch_size': 32}. Best is trial 97 with value: 0.2797769606113434.
GPU available: True (cuda), used: True
TPU available: False, using: 0 TPU cores
HPU available: False, using: 0 HPUs
LOCAL_RANK: 0 - CUDA_VISIBLE_DEVICES: [0,1,2,3]
SLURM auto-requeueing enabled. Setting signal handlers.
Monitored metric train_loss did not improve in the last 376 records. Best score: 0.105. Signaling Trainer to stop.
GPU available: True (cuda), used: True
TPU available: False, using: 0 TPU cores
HPU available: False, using: 0 HPUs
LOCAL_RANK: 0 - CUDA_VISIBLE_DEVICES: [0,1,2,3]
SLURM auto-requeueing enabled. Setting signal handlers.
[I 2024-11-04 19:26:44,423] Trial 317 finished with value: 0.3147125244140625 and parameters: {'hidden_dim': 163, 'n_layers': 2, 'dropout': 0.047731665809185836, 'input_chunk_length': 100, 'learning_rate': 0.0011264328486510636, 'batch_size': 32}. Best is trial 97 with value: 0.2797769606113434.
GPU available: True (cuda), used: True
TPU available: False, using: 0 TPU cores
HPU available: False, using: 0 HPUs
LOCAL_RANK: 0 - CUDA_VISIBLE_DEVICES: [0,1,2,3]
SLURM auto-requeueing enabled. Setting signal handlers.
Monitored metric train_loss did not improve in the last 377 records. Best score: 0.105. Signaling Trainer to stop.
GPU available: True (cuda), used: True
TPU available: False, using: 0 TPU cores
HPU available: False, using: 0 HPUs
LOCAL_RANK: 0 - CUDA_VISIBLE_DEVICES: [0,1,2,3]
SLURM auto-requeueing enabled. Setting signal handlers.
[I 2024-11-04 19:26:58,510] Trial 318 finished with value: 0.37678980827331543 and parameters: {'hidden_dim': 175, 'n_layers': 2, 'dropout': 0.031159447549675236, 'input_chunk_length': 71, 'learning_rate': 0.000765458680613222, 'batch_size': 32}. Best is trial 97 with value: 0.2797769606113434.
GPU available: True (cuda), used: True
TPU available: False, using: 0 TPU cores
HPU available: False, using: 0 HPUs
LOCAL_RANK: 0 - CUDA_VISIBLE_DEVICES: [0,1,2,3]
SLURM auto-requeueing enabled. Setting signal handlers.
Monitored metric train_loss did not improve in the last 378 records. Best score: 0.105. Signaling Trainer to stop.
GPU available: True (cuda), used: True
TPU available: False, using: 0 TPU cores
HPU available: False, using: 0 HPUs
LOCAL_RANK: 0 - CUDA_VISIBLE_DEVICES: [0,1,2,3]
SLURM auto-requeueing enabled. Setting signal handlers.
[I 2024-11-04 19:27:12,486] Trial 319 finished with value: 0.32071617245674133 and parameters: {'hidden_dim': 154, 'n_layers': 2, 'dropout': 0.0007864363056135039, 'input_chunk_length': 78, 'learning_rate': 4.120064813986229e-05, 'batch_size': 32}. Best is trial 97 with value: 0.2797769606113434.
GPU available: True (cuda), used: True
TPU available: False, using: 0 TPU cores
HPU available: False, using: 0 HPUs
LOCAL_RANK: 0 - CUDA_VISIBLE_DEVICES: [0,1,2,3]
SLURM auto-requeueing enabled. Setting signal handlers.
Monitored metric train_loss did not improve in the last 379 records. Best score: 0.105. Signaling Trainer to stop.
GPU available: True (cuda), used: True
TPU available: False, using: 0 TPU cores
HPU available: False, using: 0 HPUs
LOCAL_RANK: 0 - CUDA_VISIBLE_DEVICES: [0,1,2,3]
SLURM auto-requeueing enabled. Setting signal handlers.
[I 2024-11-04 19:27:26,115] Trial 320 finished with value: 0.3619811534881592 and parameters: {'hidden_dim': 188, 'n_layers': 2, 'dropout': 0.022169862749366904, 'input_chunk_length': 67, 'learning_rate': 0.0003239073320243725, 'batch_size': 64}. Best is trial 97 with value: 0.2797769606113434.
GPU available: True (cuda), used: True
TPU available: False, using: 0 TPU cores
HPU available: False, using: 0 HPUs
LOCAL_RANK: 0 - CUDA_VISIBLE_DEVICES: [0,1,2,3]
SLURM auto-requeueing enabled. Setting signal handlers.
Monitored metric train_loss did not improve in the last 380 records. Best score: 0.105. Signaling Trainer to stop.
GPU available: True (cuda), used: True
TPU available: False, using: 0 TPU cores
HPU available: False, using: 0 HPUs
LOCAL_RANK: 0 - CUDA_VISIBLE_DEVICES: [0,1,2,3]
SLURM auto-requeueing enabled. Setting signal handlers.
[I 2024-11-04 19:27:41,230] Trial 321 finished with value: 0.30212754011154175 and parameters: {'hidden_dim': 202, 'n_layers': 2, 'dropout': 0.06656904696372062, 'input_chunk_length': 82, 'learning_rate': 0.0004758379936597519, 'batch_size': 32}. Best is trial 97 with value: 0.2797769606113434.
GPU available: True (cuda), used: True
TPU available: False, using: 0 TPU cores
HPU available: False, using: 0 HPUs
LOCAL_RANK: 0 - CUDA_VISIBLE_DEVICES: [0,1,2,3]
SLURM auto-requeueing enabled. Setting signal handlers.
Monitored metric train_loss did not improve in the last 381 records. Best score: 0.105. Signaling Trainer to stop.
GPU available: True (cuda), used: True
TPU available: False, using: 0 TPU cores
HPU available: False, using: 0 HPUs
LOCAL_RANK: 0 - CUDA_VISIBLE_DEVICES: [0,1,2,3]
SLURM auto-requeueing enabled. Setting signal handlers.
