[I 2024-11-11 23:12:26,643] Trial 284 finished with value: 0.2136513888835907 and parameters: {'hidden_dim': 314, 'n_layers': 1, 'dropout': 0.15305350966348083, 'input_chunk_length': 91, 'learning_rate': 0.0007251507807105405, 'batch_size': 32}. Best is trial 143 with value: 0.16185998916625977.
GPU available: True (cuda), used: True
TPU available: False, using: 0 TPU cores
HPU available: False, using: 0 HPUs
LOCAL_RANK: 0 - CUDA_VISIBLE_DEVICES: [0,1]
SLURM auto-requeueing enabled. Setting signal handlers.
Monitored metric train_loss did not improve in the last 341 records. Best score: 0.041. Signaling Trainer to stop.
GPU available: True (cuda), used: True
TPU available: False, using: 0 TPU cores
HPU available: False, using: 0 HPUs
LOCAL_RANK: 0 - CUDA_VISIBLE_DEVICES: [0,1]
SLURM auto-requeueing enabled. Setting signal handlers.
[I 2024-11-11 23:12:54,435] Trial 285 finished with value: 0.33861204981803894 and parameters: {'hidden_dim': 317, 'n_layers': 1, 'dropout': 0.1160439882781453, 'input_chunk_length': 98, 'learning_rate': 0.0033493473131307816, 'batch_size': 32}. Best is trial 143 with value: 0.16185998916625977.
GPU available: True (cuda), used: True
TPU available: False, using: 0 TPU cores
HPU available: False, using: 0 HPUs
LOCAL_RANK: 0 - CUDA_VISIBLE_DEVICES: [0,1]
SLURM auto-requeueing enabled. Setting signal handlers.
Monitored metric train_loss did not improve in the last 342 records. Best score: 0.041. Signaling Trainer to stop.
GPU available: True (cuda), used: True
TPU available: False, using: 0 TPU cores
HPU available: False, using: 0 HPUs
LOCAL_RANK: 0 - CUDA_VISIBLE_DEVICES: [0,1]
SLURM auto-requeueing enabled. Setting signal handlers.
[I 2024-11-11 23:13:25,671] Trial 286 finished with value: 0.2585311532020569 and parameters: {'hidden_dim': 466, 'n_layers': 1, 'dropout': 0.15476284097825221, 'input_chunk_length': 90, 'learning_rate': 0.0006678013100457923, 'batch_size': 32}. Best is trial 143 with value: 0.16185998916625977.
GPU available: True (cuda), used: True
TPU available: False, using: 0 TPU cores
HPU available: False, using: 0 HPUs
LOCAL_RANK: 0 - CUDA_VISIBLE_DEVICES: [0,1]
SLURM auto-requeueing enabled. Setting signal handlers.
Monitored metric train_loss did not improve in the last 343 records. Best score: 0.041. Signaling Trainer to stop.
GPU available: True (cuda), used: True
TPU available: False, using: 0 TPU cores
HPU available: False, using: 0 HPUs
LOCAL_RANK: 0 - CUDA_VISIBLE_DEVICES: [0,1]
SLURM auto-requeueing enabled. Setting signal handlers.
[I 2024-11-11 23:13:52,932] Trial 287 finished with value: 0.31309622526168823 and parameters: {'hidden_dim': 306, 'n_layers': 1, 'dropout': 0.21317581279907447, 'input_chunk_length': 95, 'learning_rate': 0.0005187103458429463, 'batch_size': 32}. Best is trial 143 with value: 0.16185998916625977.
GPU available: True (cuda), used: True
TPU available: False, using: 0 TPU cores
HPU available: False, using: 0 HPUs
LOCAL_RANK: 0 - CUDA_VISIBLE_DEVICES: [0,1]
SLURM auto-requeueing enabled. Setting signal handlers.
Monitored metric train_loss did not improve in the last 344 records. Best score: 0.041. Signaling Trainer to stop.
GPU available: True (cuda), used: True
TPU available: False, using: 0 TPU cores
HPU available: False, using: 0 HPUs
LOCAL_RANK: 0 - CUDA_VISIBLE_DEVICES: [0,1]
SLURM auto-requeueing enabled. Setting signal handlers.
[I 2024-11-11 23:14:19,854] Trial 288 finished with value: 0.22155724465847015 and parameters: {'hidden_dim': 315, 'n_layers': 1, 'dropout': 0.1361683452246016, 'input_chunk_length': 92, 'learning_rate': 0.0007419213021214368, 'batch_size': 32}. Best is trial 143 with value: 0.16185998916625977.
GPU available: True (cuda), used: True
TPU available: False, using: 0 TPU cores
HPU available: False, using: 0 HPUs
LOCAL_RANK: 0 - CUDA_VISIBLE_DEVICES: [0,1]
SLURM auto-requeueing enabled. Setting signal handlers.
Monitored metric train_loss did not improve in the last 345 records. Best score: 0.041. Signaling Trainer to stop.
GPU available: True (cuda), used: True
TPU available: False, using: 0 TPU cores
HPU available: False, using: 0 HPUs
LOCAL_RANK: 0 - CUDA_VISIBLE_DEVICES: [0,1]
SLURM auto-requeueing enabled. Setting signal handlers.
[I 2024-11-11 23:14:44,726] Trial 289 finished with value: 0.27874553203582764 and parameters: {'hidden_dim': 296, 'n_layers': 1, 'dropout': 0.2031501371568122, 'input_chunk_length': 87, 'learning_rate': 0.0005658177722484911, 'batch_size': 64}. Best is trial 143 with value: 0.16185998916625977.
GPU available: True (cuda), used: True
TPU available: False, using: 0 TPU cores
HPU available: False, using: 0 HPUs
LOCAL_RANK: 0 - CUDA_VISIBLE_DEVICES: [0,1]
SLURM auto-requeueing enabled. Setting signal handlers.
Monitored metric train_loss did not improve in the last 346 records. Best score: 0.041. Signaling Trainer to stop.
GPU available: True (cuda), used: True
TPU available: False, using: 0 TPU cores
HPU available: False, using: 0 HPUs
LOCAL_RANK: 0 - CUDA_VISIBLE_DEVICES: [0,1]
SLURM auto-requeueing enabled. Setting signal handlers.
[I 2024-11-11 23:15:07,541] Trial 290 finished with value: 0.3099789619445801 and parameters: {'hidden_dim': 180, 'n_layers': 1, 'dropout': 0.23005207451077422, 'input_chunk_length': 100, 'learning_rate': 0.0008997308949656515, 'batch_size': 32}. Best is trial 143 with value: 0.16185998916625977.
GPU available: True (cuda), used: True
TPU available: False, using: 0 TPU cores
HPU available: False, using: 0 HPUs
LOCAL_RANK: 0 - CUDA_VISIBLE_DEVICES: [0,1]
SLURM auto-requeueing enabled. Setting signal handlers.
Monitored metric train_loss did not improve in the last 347 records. Best score: 0.041. Signaling Trainer to stop.
GPU available: True (cuda), used: True
TPU available: False, using: 0 TPU cores
HPU available: False, using: 0 HPUs
LOCAL_RANK: 0 - CUDA_VISIBLE_DEVICES: [0,1]
SLURM auto-requeueing enabled. Setting signal handlers.
[I 2024-11-11 23:15:40,719] Trial 291 finished with value: 0.30422377586364746 and parameters: {'hidden_dim': 497, 'n_layers': 1, 'dropout': 0.2615025024720477, 'input_chunk_length': 93, 'learning_rate': 0.0004301361969966318, 'batch_size': 32}. Best is trial 143 with value: 0.16185998916625977.
GPU available: True (cuda), used: True
TPU available: False, using: 0 TPU cores
HPU available: False, using: 0 HPUs
LOCAL_RANK: 0 - CUDA_VISIBLE_DEVICES: [0,1]
SLURM auto-requeueing enabled. Setting signal handlers.
Monitored metric train_loss did not improve in the last 348 records. Best score: 0.041. Signaling Trainer to stop.
GPU available: True (cuda), used: True
TPU available: False, using: 0 TPU cores
HPU available: False, using: 0 HPUs
LOCAL_RANK: 0 - CUDA_VISIBLE_DEVICES: [0,1]
SLURM auto-requeueing enabled. Setting signal handlers.
[I 2024-11-11 23:16:09,596] Trial 292 finished with value: 0.3134964406490326 and parameters: {'hidden_dim': 385, 'n_layers': 1, 'dropout': 0.06641467162318654, 'input_chunk_length': 89, 'learning_rate': 0.00022203877903635689, 'batch_size': 32}. Best is trial 143 with value: 0.16185998916625977.
GPU available: True (cuda), used: True
TPU available: False, using: 0 TPU cores
HPU available: False, using: 0 HPUs
LOCAL_RANK: 0 - CUDA_VISIBLE_DEVICES: [0,1]
SLURM auto-requeueing enabled. Setting signal handlers.
Monitored metric train_loss did not improve in the last 349 records. Best score: 0.041. Signaling Trainer to stop.
GPU available: True (cuda), used: True
TPU available: False, using: 0 TPU cores
HPU available: False, using: 0 HPUs
LOCAL_RANK: 0 - CUDA_VISIBLE_DEVICES: [0,1]
SLURM auto-requeueing enabled. Setting signal handlers.
[I 2024-11-11 23:16:31,688] Trial 293 finished with value: 0.2491876482963562 and parameters: {'hidden_dim': 163, 'n_layers': 2, 'dropout': 0.19169476078627243, 'input_chunk_length': 83, 'learning_rate': 0.0011393343186534481, 'batch_size': 32}. Best is trial 143 with value: 0.16185998916625977.
GPU available: True (cuda), used: True
TPU available: False, using: 0 TPU cores
HPU available: False, using: 0 HPUs
LOCAL_RANK: 0 - CUDA_VISIBLE_DEVICES: [0,1]
SLURM auto-requeueing enabled. Setting signal handlers.
Monitored metric train_loss did not improve in the last 350 records. Best score: 0.041. Signaling Trainer to stop.
GPU available: True (cuda), used: True
TPU available: False, using: 0 TPU cores
HPU available: False, using: 0 HPUs
LOCAL_RANK: 0 - CUDA_VISIBLE_DEVICES: [0,1]
SLURM auto-requeueing enabled. Setting signal handlers.
[I 2024-11-11 23:17:02,306] Trial 294 finished with value: 0.2796792984008789 and parameters: {'hidden_dim': 365, 'n_layers': 1, 'dropout': 0.22054937268701827, 'input_chunk_length': 103, 'learning_rate': 0.0006458806359602722, 'batch_size': 32}. Best is trial 143 with value: 0.16185998916625977.
GPU available: True (cuda), used: True
TPU available: False, using: 0 TPU cores
HPU available: False, using: 0 HPUs
LOCAL_RANK: 0 - CUDA_VISIBLE_DEVICES: [0,1]
SLURM auto-requeueing enabled. Setting signal handlers.
Monitored metric train_loss did not improve in the last 351 records. Best score: 0.041. Signaling Trainer to stop.
GPU available: True (cuda), used: True
TPU available: False, using: 0 TPU cores
HPU available: False, using: 0 HPUs
LOCAL_RANK: 0 - CUDA_VISIBLE_DEVICES: [0,1]
SLURM auto-requeueing enabled. Setting signal handlers.
[I 2024-11-11 23:17:28,843] Trial 295 finished with value: 0.29930442571640015 and parameters: {'hidden_dim': 326, 'n_layers': 1, 'dropout': 0.4744864646051488, 'input_chunk_length': 86, 'learning_rate': 0.0007377310794995561, 'batch_size': 32}. Best is trial 143 with value: 0.16185998916625977.
GPU available: True (cuda), used: True
TPU available: False, using: 0 TPU cores
HPU available: False, using: 0 HPUs
LOCAL_RANK: 0 - CUDA_VISIBLE_DEVICES: [0,1]
SLURM auto-requeueing enabled. Setting signal handlers.
Monitored metric train_loss did not improve in the last 352 records. Best score: 0.041. Signaling Trainer to stop.
GPU available: True (cuda), used: True
TPU available: False, using: 0 TPU cores
HPU available: False, using: 0 HPUs
LOCAL_RANK: 0 - CUDA_VISIBLE_DEVICES: [0,1]
SLURM auto-requeueing enabled. Setting signal handlers.
[I 2024-11-11 23:17:50,354] Trial 296 finished with value: 0.2756306529045105 and parameters: {'hidden_dim': 356, 'n_layers': 1, 'dropout': 0.20785172108478903, 'input_chunk_length': 35, 'learning_rate': 0.0005122511093161258, 'batch_size': 32}. Best is trial 143 with value: 0.16185998916625977.
GPU available: True (cuda), used: True
TPU available: False, using: 0 TPU cores
HPU available: False, using: 0 HPUs
LOCAL_RANK: 0 - CUDA_VISIBLE_DEVICES: [0,1]
SLURM auto-requeueing enabled. Setting signal handlers.
Monitored metric train_loss did not improve in the last 353 records. Best score: 0.041. Signaling Trainer to stop.
GPU available: True (cuda), used: True
TPU available: False, using: 0 TPU cores
HPU available: False, using: 0 HPUs
LOCAL_RANK: 0 - CUDA_VISIBLE_DEVICES: [0,1]
SLURM auto-requeueing enabled. Setting signal handlers.
[I 2024-11-11 23:18:16,937] Trial 297 finished with value: 0.21167555451393127 and parameters: {'hidden_dim': 324, 'n_layers': 1, 'dropout': 0.19803379330137658, 'input_chunk_length': 90, 'learning_rate': 0.0006031781915638695, 'batch_size': 32}. Best is trial 143 with value: 0.16185998916625977.
GPU available: True (cuda), used: True
TPU available: False, using: 0 TPU cores
HPU available: False, using: 0 HPUs
LOCAL_RANK: 0 - CUDA_VISIBLE_DEVICES: [0,1]
SLURM auto-requeueing enabled. Setting signal handlers.
Monitored metric train_loss did not improve in the last 354 records. Best score: 0.041. Signaling Trainer to stop.
GPU available: True (cuda), used: True
TPU available: False, using: 0 TPU cores
HPU available: False, using: 0 HPUs
LOCAL_RANK: 0 - CUDA_VISIBLE_DEVICES: [0,1]
SLURM auto-requeueing enabled. Setting signal handlers.
[I 2024-11-11 23:18:43,420] Trial 298 finished with value: 0.7313879132270813 and parameters: {'hidden_dim': 322, 'n_layers': 1, 'dropout': 0.21748534395507263, 'input_chunk_length': 90, 'learning_rate': 0.005196335979475907, 'batch_size': 64}. Best is trial 143 with value: 0.16185998916625977.
GPU available: True (cuda), used: True
TPU available: False, using: 0 TPU cores
HPU available: False, using: 0 HPUs
LOCAL_RANK: 0 - CUDA_VISIBLE_DEVICES: [0,1]
SLURM auto-requeueing enabled. Setting signal handlers.
Monitored metric train_loss did not improve in the last 355 records. Best score: 0.041. Signaling Trainer to stop.
GPU available: True (cuda), used: True
TPU available: False, using: 0 TPU cores
HPU available: False, using: 0 HPUs
LOCAL_RANK: 0 - CUDA_VISIBLE_DEVICES: [0,1]
SLURM auto-requeueing enabled. Setting signal handlers.
[I 2024-11-11 23:19:10,828] Trial 299 finished with value: 0.32060784101486206 and parameters: {'hidden_dim': 311, 'n_layers': 1, 'dropout': 0.23551242814470622, 'input_chunk_length': 95, 'learning_rate': 0.0025879714786974407, 'batch_size': 32}. Best is trial 143 with value: 0.16185998916625977.
GPU available: True (cuda), used: True
TPU available: False, using: 0 TPU cores
HPU available: False, using: 0 HPUs
LOCAL_RANK: 0 - CUDA_VISIBLE_DEVICES: [0,1]

   | Name                              | Type                             | Params | Mode 
------------------------------------------------------------------------------------------------
0  | train_metrics                     | MetricCollection                 | 0      | train
1  | val_metrics                       | MetricCollection                 | 0      | train
2  | input_embeddings                  | _MultiEmbedding                  | 0      | train
3  | static_covariates_vsn             | _VariableSelectionNetwork        | 0      | train
4  | encoder_vsn                       | _VariableSelectionNetwork        | 169 K  | train
5  | decoder_vsn                       | _VariableSelectionNetwork        | 161 K  | train
6  | static_context_grn                | _GatedResidualNetwork            | 411 K  | train
7  | static_context_hidden_encoder_grn | _GatedResidualNetwork            | 411 K  | train
8  | static_context_cell_encoder_grn   | _GatedResidualNetwork            | 411 K  | train
9  | static_context_enrichment         | _GatedResidualNetwork            | 411 K  | train
10 | lstm_encoder                      | LSTM                             | 821 K  | train
11 | lstm_decoder                      | LSTM                             | 821 K  | train
12 | post_lstm_gan                     | _GateAddNorm                     | 206 K  | train
13 | static_enrichment_grn             | _GatedResidualNetwork            | 513 K  | train
14 | multihead_attn                    | _InterpretableMultiHeadAttention | 256 K  | train
15 | post_attn_gan                     | _GateAddNorm                     | 206 K  | train
16 | feed_forward_block                | _GatedResidualNetwork            | 411 K  | train
17 | pre_output_gan                    | _GateAddNorm                     | 206 K  | train
18 | output_layer                      | Linear                           | 5.5 K  | train
------------------------------------------------------------------------------------------------
5.4 M     Trainable params
0         Non-trainable params
5.4 M     Total params
21.705    Total estimated model params size (MB)
738       Modules in train mode
0         Modules in eval mode
SLURM auto-requeueing enabled. Setting signal handlers.
`Trainer.fit` stopped: `max_epochs=15` reached.
GPU available: True (cuda), used: True
TPU available: False, using: 0 TPU cores
HPU available: False, using: 0 HPUs
LOCAL_RANK: 0 - CUDA_VISIBLE_DEVICES: [0,1]
SLURM auto-requeueing enabled. Setting signal handlers.
