[I 2024-11-03 16:28:39,043] Trial 45 finished with value: 0.3707065284252167 and parameters: {'hidden_dim': 116, 'n_layers': 5, 'dropout': 0.30132679374829224, 'input_chunk_length': 83, 'learning_rate': 0.0005415780259977775, 'batch_size': 32}. Best is trial 1 with value: 0.10052365064620972.
GPU available: True (cuda), used: True
TPU available: False, using: 0 TPU cores
HPU available: False, using: 0 HPUs
LOCAL_RANK: 0 - CUDA_VISIBLE_DEVICES: [0,1,2,3]
SLURM auto-requeueing enabled. Setting signal handlers.
Monitored metric train_loss did not improve in the last 104 records. Best score: 0.042. Signaling Trainer to stop.
GPU available: True (cuda), used: True
TPU available: False, using: 0 TPU cores
HPU available: False, using: 0 HPUs
LOCAL_RANK: 0 - CUDA_VISIBLE_DEVICES: [0,1,2,3]
SLURM auto-requeueing enabled. Setting signal handlers.
[I 2024-11-03 16:28:53,990] Trial 46 finished with value: 0.4018840193748474 and parameters: {'hidden_dim': 147, 'n_layers': 6, 'dropout': 0.47182598109113544, 'input_chunk_length': 25, 'learning_rate': 0.008623699102005541, 'batch_size': 32}. Best is trial 1 with value: 0.10052365064620972.
GPU available: True (cuda), used: True
TPU available: False, using: 0 TPU cores
HPU available: False, using: 0 HPUs
LOCAL_RANK: 0 - CUDA_VISIBLE_DEVICES: [0,1,2,3]
SLURM auto-requeueing enabled. Setting signal handlers.
Monitored metric train_loss did not improve in the last 105 records. Best score: 0.042. Signaling Trainer to stop.
GPU available: True (cuda), used: True
TPU available: False, using: 0 TPU cores
HPU available: False, using: 0 HPUs
LOCAL_RANK: 0 - CUDA_VISIBLE_DEVICES: [0,1,2,3]
SLURM auto-requeueing enabled. Setting signal handlers.
[I 2024-11-03 16:29:10,040] Trial 47 finished with value: 0.47731533646583557 and parameters: {'hidden_dim': 396, 'n_layers': 5, 'dropout': 0.4049468231715182, 'input_chunk_length': 34, 'learning_rate': 0.0025885664527571205, 'batch_size': 32}. Best is trial 1 with value: 0.10052365064620972.
GPU available: True (cuda), used: True
TPU available: False, using: 0 TPU cores
HPU available: False, using: 0 HPUs
LOCAL_RANK: 0 - CUDA_VISIBLE_DEVICES: [0,1,2,3]
SLURM auto-requeueing enabled. Setting signal handlers.
Monitored metric train_loss did not improve in the last 106 records. Best score: 0.042. Signaling Trainer to stop.
GPU available: True (cuda), used: True
TPU available: False, using: 0 TPU cores
HPU available: False, using: 0 HPUs
LOCAL_RANK: 0 - CUDA_VISIBLE_DEVICES: [0,1,2,3]
SLURM auto-requeueing enabled. Setting signal handlers.
[I 2024-11-03 16:29:24,904] Trial 48 finished with value: 0.3495132327079773 and parameters: {'hidden_dim': 74, 'n_layers': 6, 'dropout': 0.03006694304524609, 'input_chunk_length': 15, 'learning_rate': 0.0042186635367558786, 'batch_size': 32}. Best is trial 1 with value: 0.10052365064620972.
GPU available: True (cuda), used: True
TPU available: False, using: 0 TPU cores
HPU available: False, using: 0 HPUs
LOCAL_RANK: 0 - CUDA_VISIBLE_DEVICES: [0,1,2,3]
SLURM auto-requeueing enabled. Setting signal handlers.
Monitored metric train_loss did not improve in the last 107 records. Best score: 0.042. Signaling Trainer to stop.
GPU available: True (cuda), used: True
TPU available: False, using: 0 TPU cores
HPU available: False, using: 0 HPUs
LOCAL_RANK: 0 - CUDA_VISIBLE_DEVICES: [0,1,2,3]
SLURM auto-requeueing enabled. Setting signal handlers.
[I 2024-11-03 16:29:41,600] Trial 49 finished with value: 0.36484718322753906 and parameters: {'hidden_dim': 219, 'n_layers': 2, 'dropout': 0.36012639134528635, 'input_chunk_length': 92, 'learning_rate': 0.00030905351307849223, 'batch_size': 32}. Best is trial 1 with value: 0.10052365064620972.
GPU available: True (cuda), used: True
TPU available: False, using: 0 TPU cores
HPU available: False, using: 0 HPUs
LOCAL_RANK: 0 - CUDA_VISIBLE_DEVICES: [0,1,2,3]
SLURM auto-requeueing enabled. Setting signal handlers.
Monitored metric train_loss did not improve in the last 108 records. Best score: 0.042. Signaling Trainer to stop.
GPU available: True (cuda), used: True
TPU available: False, using: 0 TPU cores
HPU available: False, using: 0 HPUs
LOCAL_RANK: 0 - CUDA_VISIBLE_DEVICES: [0,1,2,3]
SLURM auto-requeueing enabled. Setting signal handlers.
[I 2024-11-03 16:29:56,214] Trial 50 finished with value: 0.3621926009654999 and parameters: {'hidden_dim': 50, 'n_layers': 4, 'dropout': 0.21459641610485067, 'input_chunk_length': 49, 'learning_rate': 0.00013290450558427552, 'batch_size': 32}. Best is trial 1 with value: 0.10052365064620972.
GPU available: True (cuda), used: True
TPU available: False, using: 0 TPU cores
HPU available: False, using: 0 HPUs
LOCAL_RANK: 0 - CUDA_VISIBLE_DEVICES: [0,1,2,3]
SLURM auto-requeueing enabled. Setting signal handlers.
Monitored metric train_loss did not improve in the last 109 records. Best score: 0.042. Signaling Trainer to stop.
GPU available: True (cuda), used: True
TPU available: False, using: 0 TPU cores
HPU available: False, using: 0 HPUs
LOCAL_RANK: 0 - CUDA_VISIBLE_DEVICES: [0,1,2,3]
SLURM auto-requeueing enabled. Setting signal handlers.
[I 2024-11-03 16:30:10,247] Trial 51 finished with value: 0.44815000891685486 and parameters: {'hidden_dim': 263, 'n_layers': 3, 'dropout': 0.3367027418113132, 'input_chunk_length': 25, 'learning_rate': 3.182352917166694e-05, 'batch_size': 64}. Best is trial 1 with value: 0.10052365064620972.
GPU available: True (cuda), used: True
TPU available: False, using: 0 TPU cores
HPU available: False, using: 0 HPUs
LOCAL_RANK: 0 - CUDA_VISIBLE_DEVICES: [0,1,2,3]
SLURM auto-requeueing enabled. Setting signal handlers.
Monitored metric train_loss did not improve in the last 110 records. Best score: 0.042. Signaling Trainer to stop.
GPU available: True (cuda), used: True
TPU available: False, using: 0 TPU cores
HPU available: False, using: 0 HPUs
LOCAL_RANK: 0 - CUDA_VISIBLE_DEVICES: [0,1,2,3]
SLURM auto-requeueing enabled. Setting signal handlers.
[I 2024-11-03 16:30:23,859] Trial 52 finished with value: 0.574699878692627 and parameters: {'hidden_dim': 137, 'n_layers': 2, 'dropout': 0.2493906036242717, 'input_chunk_length': 29, 'learning_rate': 1.0506755925702671e-05, 'batch_size': 64}. Best is trial 1 with value: 0.10052365064620972.
GPU available: True (cuda), used: True
TPU available: False, using: 0 TPU cores
HPU available: False, using: 0 HPUs
LOCAL_RANK: 0 - CUDA_VISIBLE_DEVICES: [0,1,2,3]
SLURM auto-requeueing enabled. Setting signal handlers.
Monitored metric train_loss did not improve in the last 111 records. Best score: 0.042. Signaling Trainer to stop.
GPU available: True (cuda), used: True
TPU available: False, using: 0 TPU cores
HPU available: False, using: 0 HPUs
LOCAL_RANK: 0 - CUDA_VISIBLE_DEVICES: [0,1,2,3]
SLURM auto-requeueing enabled. Setting signal handlers.
[I 2024-11-03 16:30:37,857] Trial 53 finished with value: 0.4239960312843323 and parameters: {'hidden_dim': 306, 'n_layers': 3, 'dropout': 0.3830726841461253, 'input_chunk_length': 17, 'learning_rate': 2.98676212480914e-05, 'batch_size': 64}. Best is trial 1 with value: 0.10052365064620972.
GPU available: True (cuda), used: True
TPU available: False, using: 0 TPU cores
HPU available: False, using: 0 HPUs
LOCAL_RANK: 0 - CUDA_VISIBLE_DEVICES: [0,1,2,3]
SLURM auto-requeueing enabled. Setting signal handlers.
Monitored metric train_loss did not improve in the last 112 records. Best score: 0.042. Signaling Trainer to stop.
GPU available: True (cuda), used: True
TPU available: False, using: 0 TPU cores
HPU available: False, using: 0 HPUs
LOCAL_RANK: 0 - CUDA_VISIBLE_DEVICES: [0,1,2,3]
SLURM auto-requeueing enabled. Setting signal handlers.
[I 2024-11-03 16:30:51,291] Trial 54 finished with value: 0.41112440824508667 and parameters: {'hidden_dim': 88, 'n_layers': 2, 'dropout': 0.3159972811978379, 'input_chunk_length': 75, 'learning_rate': 0.0016650775251873776, 'batch_size': 64}. Best is trial 1 with value: 0.10052365064620972.
GPU available: True (cuda), used: True
TPU available: False, using: 0 TPU cores
HPU available: False, using: 0 HPUs
LOCAL_RANK: 0 - CUDA_VISIBLE_DEVICES: [0,1,2,3]
SLURM auto-requeueing enabled. Setting signal handlers.
Monitored metric train_loss did not improve in the last 113 records. Best score: 0.042. Signaling Trainer to stop.
GPU available: True (cuda), used: True
TPU available: False, using: 0 TPU cores
HPU available: False, using: 0 HPUs
LOCAL_RANK: 0 - CUDA_VISIBLE_DEVICES: [0,1,2,3]
SLURM auto-requeueing enabled. Setting signal handlers.
[I 2024-11-03 16:31:04,592] Trial 55 finished with value: 0.4143032133579254 and parameters: {'hidden_dim': 197, 'n_layers': 1, 'dropout': 0.428595117963479, 'input_chunk_length': 10, 'learning_rate': 0.0009662431739630928, 'batch_size': 64}. Best is trial 1 with value: 0.10052365064620972.
GPU available: True (cuda), used: True
TPU available: False, using: 0 TPU cores
HPU available: False, using: 0 HPUs
LOCAL_RANK: 0 - CUDA_VISIBLE_DEVICES: [0,1,2,3]
SLURM auto-requeueing enabled. Setting signal handlers.
Monitored metric train_loss did not improve in the last 114 records. Best score: 0.042. Signaling Trainer to stop.
GPU available: True (cuda), used: True
TPU available: False, using: 0 TPU cores
HPU available: False, using: 0 HPUs
LOCAL_RANK: 0 - CUDA_VISIBLE_DEVICES: [0,1,2,3]
SLURM auto-requeueing enabled. Setting signal handlers.
[I 2024-11-03 16:31:19,571] Trial 56 finished with value: 0.399253249168396 and parameters: {'hidden_dim': 138, 'n_layers': 4, 'dropout': 0.11107285036543757, 'input_chunk_length': 39, 'learning_rate': 0.003409599576192785, 'batch_size': 32}. Best is trial 1 with value: 0.10052365064620972.
GPU available: True (cuda), used: True
TPU available: False, using: 0 TPU cores
HPU available: False, using: 0 HPUs
LOCAL_RANK: 0 - CUDA_VISIBLE_DEVICES: [0,1,2,3]
SLURM auto-requeueing enabled. Setting signal handlers.
Monitored metric train_loss did not improve in the last 115 records. Best score: 0.042. Signaling Trainer to stop.
GPU available: True (cuda), used: True
TPU available: False, using: 0 TPU cores
HPU available: False, using: 0 HPUs
LOCAL_RANK: 0 - CUDA_VISIBLE_DEVICES: [0,1,2,3]
SLURM auto-requeueing enabled. Setting signal handlers.
[I 2024-11-03 16:31:39,195] Trial 57 finished with value: 0.49154409766197205 and parameters: {'hidden_dim': 176, 'n_layers': 3, 'dropout': 0.47531931183295406, 'input_chunk_length': 141, 'learning_rate': 0.006017057484208869, 'batch_size': 32}. Best is trial 1 with value: 0.10052365064620972.
GPU available: True (cuda), used: True
TPU available: False, using: 0 TPU cores
HPU available: False, using: 0 HPUs
LOCAL_RANK: 0 - CUDA_VISIBLE_DEVICES: [0,1,2,3]
SLURM auto-requeueing enabled. Setting signal handlers.
Monitored metric train_loss did not improve in the last 116 records. Best score: 0.042. Signaling Trainer to stop.
GPU available: True (cuda), used: True
TPU available: False, using: 0 TPU cores
HPU available: False, using: 0 HPUs
LOCAL_RANK: 0 - CUDA_VISIBLE_DEVICES: [0,1,2,3]
SLURM auto-requeueing enabled. Setting signal handlers.
[I 2024-11-03 16:31:55,347] Trial 58 finished with value: 0.35213857889175415 and parameters: {'hidden_dim': 229, 'n_layers': 6, 'dropout': 0.4056832270672476, 'input_chunk_length': 33, 'learning_rate': 0.0006497700258570516, 'batch_size': 32}. Best is trial 1 with value: 0.10052365064620972.
GPU available: True (cuda), used: True
TPU available: False, using: 0 TPU cores
HPU available: False, using: 0 HPUs
LOCAL_RANK: 0 - CUDA_VISIBLE_DEVICES: [0,1,2,3]
SLURM auto-requeueing enabled. Setting signal handlers.
Monitored metric train_loss did not improve in the last 117 records. Best score: 0.042. Signaling Trainer to stop.
GPU available: True (cuda), used: True
TPU available: False, using: 0 TPU cores
HPU available: False, using: 0 HPUs
LOCAL_RANK: 0 - CUDA_VISIBLE_DEVICES: [0,1,2,3]
SLURM auto-requeueing enabled. Setting signal handlers.
[I 2024-11-03 16:32:11,103] Trial 59 finished with value: 0.4479365348815918 and parameters: {'hidden_dim': 110, 'n_layers': 5, 'dropout': 0.44159874282651645, 'input_chunk_length': 150, 'learning_rate': 0.002665125386671722, 'batch_size': 64}. Best is trial 1 with value: 0.10052365064620972.
GPU available: True (cuda), used: True
TPU available: False, using: 0 TPU cores
HPU available: False, using: 0 HPUs
LOCAL_RANK: 0 - CUDA_VISIBLE_DEVICES: [0,1,2,3]
SLURM auto-requeueing enabled. Setting signal handlers.
Monitored metric train_loss did not improve in the last 118 records. Best score: 0.042. Signaling Trainer to stop.
GPU available: True (cuda), used: True
TPU available: False, using: 0 TPU cores
HPU available: False, using: 0 HPUs
LOCAL_RANK: 0 - CUDA_VISIBLE_DEVICES: [0,1,2,3]
SLURM auto-requeueing enabled. Setting signal handlers.
[I 2024-11-03 16:32:29,099] Trial 60 finished with value: 0.359234482049942 and parameters: {'hidden_dim': 330, 'n_layers': 6, 'dropout': 0.07088448535431138, 'input_chunk_length': 54, 'learning_rate': 9.336005881930472e-05, 'batch_size': 32}. Best is trial 1 with value: 0.10052365064620972.
GPU available: True (cuda), used: True
TPU available: False, using: 0 TPU cores
HPU available: False, using: 0 HPUs
LOCAL_RANK: 0 - CUDA_VISIBLE_DEVICES: [0,1,2,3]
SLURM auto-requeueing enabled. Setting signal handlers.
Monitored metric train_loss did not improve in the last 119 records. Best score: 0.042. Signaling Trainer to stop.
GPU available: True (cuda), used: True
TPU available: False, using: 0 TPU cores
HPU available: False, using: 0 HPUs
LOCAL_RANK: 0 - CUDA_VISIBLE_DEVICES: [0,1,2,3]
SLURM auto-requeueing enabled. Setting signal handlers.
[I 2024-11-03 16:32:46,727] Trial 61 finished with value: 0.35197728872299194 and parameters: {'hidden_dim': 156, 'n_layers': 4, 'dropout': 0.380217293723528, 'input_chunk_length': 111, 'learning_rate': 0.0002377085239257126, 'batch_size': 32}. Best is trial 1 with value: 0.10052365064620972.
GPU available: True (cuda), used: True
TPU available: False, using: 0 TPU cores
HPU available: False, using: 0 HPUs
LOCAL_RANK: 0 - CUDA_VISIBLE_DEVICES: [0,1,2,3]
SLURM auto-requeueing enabled. Setting signal handlers.
Monitored metric train_loss did not improve in the last 120 records. Best score: 0.042. Signaling Trainer to stop.
GPU available: True (cuda), used: True
TPU available: False, using: 0 TPU cores
HPU available: False, using: 0 HPUs
LOCAL_RANK: 0 - CUDA_VISIBLE_DEVICES: [0,1,2,3]
SLURM auto-requeueing enabled. Setting signal handlers.
[I 2024-11-03 16:33:07,170] Trial 62 finished with value: 0.37954822182655334 and parameters: {'hidden_dim': 437, 'n_layers': 3, 'dropout': 0.34505149274424163, 'input_chunk_length': 102, 'learning_rate': 0.0007261167320830469, 'batch_size': 32}. Best is trial 1 with value: 0.10052365064620972.
GPU available: True (cuda), used: True
TPU available: False, using: 0 TPU cores
HPU available: False, using: 0 HPUs
LOCAL_RANK: 0 - CUDA_VISIBLE_DEVICES: [0,1,2,3]
SLURM auto-requeueing enabled. Setting signal handlers.
Monitored metric train_loss did not improve in the last 121 records. Best score: 0.042. Signaling Trainer to stop.
GPU available: True (cuda), used: True
TPU available: False, using: 0 TPU cores
HPU available: False, using: 0 HPUs
LOCAL_RANK: 0 - CUDA_VISIBLE_DEVICES: [0,1,2,3]
SLURM auto-requeueing enabled. Setting signal handlers.
[I 2024-11-03 16:33:31,024] Trial 63 finished with value: 0.3343666195869446 and parameters: {'hidden_dim': 385, 'n_layers': 5, 'dropout': 0.31494191617531103, 'input_chunk_length': 119, 'learning_rate': 0.001410022128529136, 'batch_size': 32}. Best is trial 1 with value: 0.10052365064620972.
GPU available: True (cuda), used: True
TPU available: False, using: 0 TPU cores
HPU available: False, using: 0 HPUs
LOCAL_RANK: 0 - CUDA_VISIBLE_DEVICES: [0,1,2,3]
SLURM auto-requeueing enabled. Setting signal handlers.
Monitored metric train_loss did not improve in the last 122 records. Best score: 0.042. Signaling Trainer to stop.
GPU available: True (cuda), used: True
TPU available: False, using: 0 TPU cores
HPU available: False, using: 0 HPUs
LOCAL_RANK: 0 - CUDA_VISIBLE_DEVICES: [0,1,2,3]
SLURM auto-requeueing enabled. Setting signal handlers.
[I 2024-11-03 16:34:00,056] Trial 64 finished with value: 0.3630898892879486 and parameters: {'hidden_dim': 458, 'n_layers': 5, 'dropout': 0.2875611587036222, 'input_chunk_length': 131, 'learning_rate': 0.0010616841844604328, 'batch_size': 32}. Best is trial 1 with value: 0.10052365064620972.
GPU available: True (cuda), used: True
TPU available: False, using: 0 TPU cores
HPU available: False, using: 0 HPUs
LOCAL_RANK: 0 - CUDA_VISIBLE_DEVICES: [0,1,2,3]
SLURM auto-requeueing enabled. Setting signal handlers.
Monitored metric train_loss did not improve in the last 123 records. Best score: 0.042. Signaling Trainer to stop.
GPU available: True (cuda), used: True
TPU available: False, using: 0 TPU cores
HPU available: False, using: 0 HPUs
LOCAL_RANK: 0 - CUDA_VISIBLE_DEVICES: [0,1,2,3]
SLURM auto-requeueing enabled. Setting signal handlers.
[I 2024-11-03 16:34:14,721] Trial 65 finished with value: 0.35956886410713196 and parameters: {'hidden_dim': 131, 'n_layers': 4, 'dropout': 0.3949356966734696, 'input_chunk_length': 23, 'learning_rate': 0.0003712826357027627, 'batch_size': 32}. Best is trial 1 with value: 0.10052365064620972.
GPU available: True (cuda), used: True
TPU available: False, using: 0 TPU cores
HPU available: False, using: 0 HPUs
LOCAL_RANK: 0 - CUDA_VISIBLE_DEVICES: [0,1,2,3]
SLURM auto-requeueing enabled. Setting signal handlers.
Monitored metric train_loss did not improve in the last 124 records. Best score: 0.042. Signaling Trainer to stop.
GPU available: True (cuda), used: True
TPU available: False, using: 0 TPU cores
HPU available: False, using: 0 HPUs
LOCAL_RANK: 0 - CUDA_VISIBLE_DEVICES: [0,1,2,3]
SLURM auto-requeueing enabled. Setting signal handlers.
[I 2024-11-03 16:34:32,434] Trial 66 finished with value: 0.374749094247818 and parameters: {'hidden_dim': 283, 'n_layers': 1, 'dropout': 0.3609452209410943, 'input_chunk_length': 124, 'learning_rate': 0.0020770885061123455, 'batch_size': 32}. Best is trial 1 with value: 0.10052365064620972.
GPU available: True (cuda), used: True
TPU available: False, using: 0 TPU cores
HPU available: False, using: 0 HPUs
LOCAL_RANK: 0 - CUDA_VISIBLE_DEVICES: [0,1,2,3]
SLURM auto-requeueing enabled. Setting signal handlers.
Monitored metric train_loss did not improve in the last 125 records. Best score: 0.042. Signaling Trainer to stop.
GPU available: True (cuda), used: True
TPU available: False, using: 0 TPU cores
HPU available: False, using: 0 HPUs
LOCAL_RANK: 0 - CUDA_VISIBLE_DEVICES: [0,1,2,3]
SLURM auto-requeueing enabled. Setting signal handlers.
[I 2024-11-03 16:34:48,279] Trial 67 finished with value: 0.629330039024353 and parameters: {'hidden_dim': 209, 'n_layers': 6, 'dropout': 0.1547948778368527, 'input_chunk_length': 18, 'learning_rate': 0.0034616532857689236, 'batch_size': 32}. Best is trial 1 with value: 0.10052365064620972.
GPU available: True (cuda), used: True
TPU available: False, using: 0 TPU cores
HPU available: False, using: 0 HPUs
LOCAL_RANK: 0 - CUDA_VISIBLE_DEVICES: [0,1,2,3]
SLURM auto-requeueing enabled. Setting signal handlers.
Monitored metric train_loss did not improve in the last 126 records. Best score: 0.042. Signaling Trainer to stop.
GPU available: True (cuda), used: True
TPU available: False, using: 0 TPU cores
HPU available: False, using: 0 HPUs
LOCAL_RANK: 0 - CUDA_VISIBLE_DEVICES: [0,1,2,3]
SLURM auto-requeueing enabled. Setting signal handlers.
[I 2024-11-03 16:35:13,897] Trial 68 finished with value: 1.582622766494751 and parameters: {'hidden_dim': 498, 'n_layers': 5, 'dropout': 0.4163955041720507, 'input_chunk_length': 106, 'learning_rate': 0.007240278053161978, 'batch_size': 32}. Best is trial 1 with value: 0.10052365064620972.
GPU available: True (cuda), used: True
TPU available: False, using: 0 TPU cores
HPU available: False, using: 0 HPUs
LOCAL_RANK: 0 - CUDA_VISIBLE_DEVICES: [0,1,2,3]
SLURM auto-requeueing enabled. Setting signal handlers.
Monitored metric train_loss did not improve in the last 127 records. Best score: 0.042. Signaling Trainer to stop.
GPU available: True (cuda), used: True
TPU available: False, using: 0 TPU cores
HPU available: False, using: 0 HPUs
LOCAL_RANK: 0 - CUDA_VISIBLE_DEVICES: [0,1,2,3]
SLURM auto-requeueing enabled. Setting signal handlers.
[I 2024-11-03 16:35:29,245] Trial 69 finished with value: 0.37030693888664246 and parameters: {'hidden_dim': 99, 'n_layers': 4, 'dropout': 0.4439194886334875, 'input_chunk_length': 138, 'learning_rate': 0.0005354291701565237, 'batch_size': 64}. Best is trial 1 with value: 0.10052365064620972.
GPU available: True (cuda), used: True
TPU available: False, using: 0 TPU cores
HPU available: False, using: 0 HPUs
LOCAL_RANK: 0 - CUDA_VISIBLE_DEVICES: [0,1,2,3]
SLURM auto-requeueing enabled. Setting signal handlers.
Monitored metric train_loss did not improve in the last 128 records. Best score: 0.042. Signaling Trainer to stop.
GPU available: True (cuda), used: True
TPU available: False, using: 0 TPU cores
HPU available: False, using: 0 HPUs
LOCAL_RANK: 0 - CUDA_VISIBLE_DEVICES: [0,1,2,3]
SLURM auto-requeueing enabled. Setting signal handlers.
