[I 2024-11-11 21:24:36,645] Trial 50 finished with value: 0.3858490288257599 and parameters: {'hidden_dim': 218, 'n_layers': 2, 'dropout': 0.11131509475180511, 'input_chunk_length': 111, 'learning_rate': 0.002740987263605274, 'batch_size': 32}. Best is trial 4 with value: 0.1814582198858261.
GPU available: True (cuda), used: True
TPU available: False, using: 0 TPU cores
HPU available: False, using: 0 HPUs
LOCAL_RANK: 0 - CUDA_VISIBLE_DEVICES: [0,1]
SLURM auto-requeueing enabled. Setting signal handlers.
Monitored metric train_loss did not improve in the last 107 records. Best score: 0.041. Signaling Trainer to stop.
GPU available: True (cuda), used: True
TPU available: False, using: 0 TPU cores
HPU available: False, using: 0 HPUs
LOCAL_RANK: 0 - CUDA_VISIBLE_DEVICES: [0,1]
SLURM auto-requeueing enabled. Setting signal handlers.
[I 2024-11-11 21:25:12,308] Trial 51 finished with value: 0.29645365476608276 and parameters: {'hidden_dim': 367, 'n_layers': 1, 'dropout': 0.017552341566168125, 'input_chunk_length': 133, 'learning_rate': 0.0009997477918488875, 'batch_size': 32}. Best is trial 4 with value: 0.1814582198858261.
GPU available: True (cuda), used: True
TPU available: False, using: 0 TPU cores
HPU available: False, using: 0 HPUs
LOCAL_RANK: 0 - CUDA_VISIBLE_DEVICES: [0,1]
SLURM auto-requeueing enabled. Setting signal handlers.
Monitored metric train_loss did not improve in the last 108 records. Best score: 0.041. Signaling Trainer to stop.
GPU available: True (cuda), used: True
TPU available: False, using: 0 TPU cores
HPU available: False, using: 0 HPUs
LOCAL_RANK: 0 - CUDA_VISIBLE_DEVICES: [0,1]
SLURM auto-requeueing enabled. Setting signal handlers.
[I 2024-11-11 21:25:52,550] Trial 52 finished with value: 0.29693353176116943 and parameters: {'hidden_dim': 390, 'n_layers': 2, 'dropout': 0.057482563147899686, 'input_chunk_length': 141, 'learning_rate': 0.0008726729277282232, 'batch_size': 32}. Best is trial 4 with value: 0.1814582198858261.
GPU available: True (cuda), used: True
TPU available: False, using: 0 TPU cores
HPU available: False, using: 0 HPUs
LOCAL_RANK: 0 - CUDA_VISIBLE_DEVICES: [0,1]
SLURM auto-requeueing enabled. Setting signal handlers.
Monitored metric train_loss did not improve in the last 109 records. Best score: 0.041. Signaling Trainer to stop.
GPU available: True (cuda), used: True
TPU available: False, using: 0 TPU cores
HPU available: False, using: 0 HPUs
LOCAL_RANK: 0 - CUDA_VISIBLE_DEVICES: [0,1]
SLURM auto-requeueing enabled. Setting signal handlers.
[I 2024-11-11 21:26:34,064] Trial 53 finished with value: 0.33792775869369507 and parameters: {'hidden_dim': 349, 'n_layers': 3, 'dropout': 0.4166402191648105, 'input_chunk_length': 147, 'learning_rate': 0.002029459665467626, 'batch_size': 32}. Best is trial 4 with value: 0.1814582198858261.
GPU available: True (cuda), used: True
TPU available: False, using: 0 TPU cores
HPU available: False, using: 0 HPUs
LOCAL_RANK: 0 - CUDA_VISIBLE_DEVICES: [0,1]
SLURM auto-requeueing enabled. Setting signal handlers.
Monitored metric train_loss did not improve in the last 110 records. Best score: 0.041. Signaling Trainer to stop.
GPU available: True (cuda), used: True
TPU available: False, using: 0 TPU cores
HPU available: False, using: 0 HPUs
LOCAL_RANK: 0 - CUDA_VISIBLE_DEVICES: [0,1]
SLURM auto-requeueing enabled. Setting signal handlers.
[I 2024-11-11 21:27:08,772] Trial 54 finished with value: 0.28404057025909424 and parameters: {'hidden_dim': 319, 'n_layers': 1, 'dropout': 0.024252786916472226, 'input_chunk_length': 145, 'learning_rate': 0.0006459269649903567, 'batch_size': 32}. Best is trial 4 with value: 0.1814582198858261.
GPU available: True (cuda), used: True
TPU available: False, using: 0 TPU cores
HPU available: False, using: 0 HPUs
LOCAL_RANK: 0 - CUDA_VISIBLE_DEVICES: [0,1]
SLURM auto-requeueing enabled. Setting signal handlers.
Monitored metric train_loss did not improve in the last 111 records. Best score: 0.041. Signaling Trainer to stop.
GPU available: True (cuda), used: True
TPU available: False, using: 0 TPU cores
HPU available: False, using: 0 HPUs
LOCAL_RANK: 0 - CUDA_VISIBLE_DEVICES: [0,1]
SLURM auto-requeueing enabled. Setting signal handlers.
[I 2024-11-11 21:27:43,820] Trial 55 finished with value: 0.3107165992259979 and parameters: {'hidden_dim': 296, 'n_layers': 4, 'dropout': 0.0005259021639849896, 'input_chunk_length': 134, 'learning_rate': 0.0010270986138503936, 'batch_size': 64}. Best is trial 4 with value: 0.1814582198858261.
GPU available: True (cuda), used: True
TPU available: False, using: 0 TPU cores
HPU available: False, using: 0 HPUs
LOCAL_RANK: 0 - CUDA_VISIBLE_DEVICES: [0,1]
SLURM auto-requeueing enabled. Setting signal handlers.
Monitored metric train_loss did not improve in the last 112 records. Best score: 0.041. Signaling Trainer to stop.
GPU available: True (cuda), used: True
TPU available: False, using: 0 TPU cores
HPU available: False, using: 0 HPUs
LOCAL_RANK: 0 - CUDA_VISIBLE_DEVICES: [0,1]
SLURM auto-requeueing enabled. Setting signal handlers.
[I 2024-11-11 21:28:24,155] Trial 56 finished with value: 0.3036678433418274 and parameters: {'hidden_dim': 447, 'n_layers': 2, 'dropout': 0.04133989618414554, 'input_chunk_length': 126, 'learning_rate': 0.00033892109225231744, 'batch_size': 32}. Best is trial 4 with value: 0.1814582198858261.
GPU available: True (cuda), used: True
TPU available: False, using: 0 TPU cores
HPU available: False, using: 0 HPUs
LOCAL_RANK: 0 - CUDA_VISIBLE_DEVICES: [0,1]
SLURM auto-requeueing enabled. Setting signal handlers.
Monitored metric train_loss did not improve in the last 113 records. Best score: 0.041. Signaling Trainer to stop.
GPU available: True (cuda), used: True
TPU available: False, using: 0 TPU cores
HPU available: False, using: 0 HPUs
LOCAL_RANK: 0 - CUDA_VISIBLE_DEVICES: [0,1]
SLURM auto-requeueing enabled. Setting signal handlers.
[I 2024-11-11 21:28:54,866] Trial 57 finished with value: 0.37490108609199524 and parameters: {'hidden_dim': 277, 'n_layers': 3, 'dropout': 0.4773982229671979, 'input_chunk_length': 114, 'learning_rate': 0.004142297213851902, 'batch_size': 64}. Best is trial 4 with value: 0.1814582198858261.
GPU available: True (cuda), used: True
TPU available: False, using: 0 TPU cores
HPU available: False, using: 0 HPUs
LOCAL_RANK: 0 - CUDA_VISIBLE_DEVICES: [0,1]
SLURM auto-requeueing enabled. Setting signal handlers.
Monitored metric train_loss did not improve in the last 114 records. Best score: 0.041. Signaling Trainer to stop.
GPU available: True (cuda), used: True
TPU available: False, using: 0 TPU cores
HPU available: False, using: 0 HPUs
LOCAL_RANK: 0 - CUDA_VISIBLE_DEVICES: [0,1]
SLURM auto-requeueing enabled. Setting signal handlers.
[I 2024-11-11 21:29:25,906] Trial 58 finished with value: 0.2636258900165558 and parameters: {'hidden_dim': 359, 'n_layers': 1, 'dropout': 0.2145919944846574, 'input_chunk_length': 106, 'learning_rate': 0.0015948470859973704, 'batch_size': 32}. Best is trial 4 with value: 0.1814582198858261.
GPU available: True (cuda), used: True
TPU available: False, using: 0 TPU cores
HPU available: False, using: 0 HPUs
LOCAL_RANK: 0 - CUDA_VISIBLE_DEVICES: [0,1]
SLURM auto-requeueing enabled. Setting signal handlers.
Monitored metric train_loss did not improve in the last 115 records. Best score: 0.041. Signaling Trainer to stop.
GPU available: True (cuda), used: True
TPU available: False, using: 0 TPU cores
HPU available: False, using: 0 HPUs
LOCAL_RANK: 0 - CUDA_VISIBLE_DEVICES: [0,1]
SLURM auto-requeueing enabled. Setting signal handlers.
[I 2024-11-11 21:29:57,743] Trial 59 finished with value: 0.28731492161750793 and parameters: {'hidden_dim': 238, 'n_layers': 4, 'dropout': 0.1360466975752063, 'input_chunk_length': 123, 'learning_rate': 0.00020940490043671535, 'batch_size': 64}. Best is trial 4 with value: 0.1814582198858261.
GPU available: True (cuda), used: True
TPU available: False, using: 0 TPU cores
HPU available: False, using: 0 HPUs
LOCAL_RANK: 0 - CUDA_VISIBLE_DEVICES: [0,1]
SLURM auto-requeueing enabled. Setting signal handlers.
Monitored metric train_loss did not improve in the last 116 records. Best score: 0.041. Signaling Trainer to stop.
GPU available: True (cuda), used: True
TPU available: False, using: 0 TPU cores
HPU available: False, using: 0 HPUs
LOCAL_RANK: 0 - CUDA_VISIBLE_DEVICES: [0,1]
SLURM auto-requeueing enabled. Setting signal handlers.
[I 2024-11-11 21:30:37,943] Trial 60 finished with value: 0.35089027881622314 and parameters: {'hidden_dim': 479, 'n_layers': 2, 'dropout': 0.46805014879168344, 'input_chunk_length': 130, 'learning_rate': 0.00011693791162224371, 'batch_size': 64}. Best is trial 4 with value: 0.1814582198858261.
GPU available: True (cuda), used: True
TPU available: False, using: 0 TPU cores
HPU available: False, using: 0 HPUs
LOCAL_RANK: 0 - CUDA_VISIBLE_DEVICES: [0,1]
SLURM auto-requeueing enabled. Setting signal handlers.
Monitored metric train_loss did not improve in the last 117 records. Best score: 0.041. Signaling Trainer to stop.
GPU available: True (cuda), used: True
TPU available: False, using: 0 TPU cores
HPU available: False, using: 0 HPUs
LOCAL_RANK: 0 - CUDA_VISIBLE_DEVICES: [0,1]
SLURM auto-requeueing enabled. Setting signal handlers.
[I 2024-11-11 21:31:23,502] Trial 61 finished with value: 0.30844369530677795 and parameters: {'hidden_dim': 461, 'n_layers': 3, 'dropout': 0.07083463125758413, 'input_chunk_length': 144, 'learning_rate': 0.0007682588585578248, 'batch_size': 64}. Best is trial 4 with value: 0.1814582198858261.
GPU available: True (cuda), used: True
TPU available: False, using: 0 TPU cores
HPU available: False, using: 0 HPUs
LOCAL_RANK: 0 - CUDA_VISIBLE_DEVICES: [0,1]
SLURM auto-requeueing enabled. Setting signal handlers.
Monitored metric train_loss did not improve in the last 118 records. Best score: 0.041. Signaling Trainer to stop.
GPU available: True (cuda), used: True
TPU available: False, using: 0 TPU cores
HPU available: False, using: 0 HPUs
LOCAL_RANK: 0 - CUDA_VISIBLE_DEVICES: [0,1]
SLURM auto-requeueing enabled. Setting signal handlers.
[I 2024-11-11 21:31:44,553] Trial 62 finished with value: 0.3299933969974518 and parameters: {'hidden_dim': 407, 'n_layers': 1, 'dropout': 0.0454953498223914, 'input_chunk_length': 43, 'learning_rate': 0.0005380190600482715, 'batch_size': 64}. Best is trial 4 with value: 0.1814582198858261.
GPU available: True (cuda), used: True
TPU available: False, using: 0 TPU cores
HPU available: False, using: 0 HPUs
LOCAL_RANK: 0 - CUDA_VISIBLE_DEVICES: [0,1]
SLURM auto-requeueing enabled. Setting signal handlers.
Monitored metric train_loss did not improve in the last 119 records. Best score: 0.041. Signaling Trainer to stop.
GPU available: True (cuda), used: True
TPU available: False, using: 0 TPU cores
HPU available: False, using: 0 HPUs
LOCAL_RANK: 0 - CUDA_VISIBLE_DEVICES: [0,1]
SLURM auto-requeueing enabled. Setting signal handlers.
[I 2024-11-11 21:32:27,376] Trial 63 finished with value: 0.30745038390159607 and parameters: {'hidden_dim': 497, 'n_layers': 2, 'dropout': 0.09281020693499972, 'input_chunk_length': 136, 'learning_rate': 0.00035286230143094223, 'batch_size': 64}. Best is trial 4 with value: 0.1814582198858261.
GPU available: True (cuda), used: True
TPU available: False, using: 0 TPU cores
HPU available: False, using: 0 HPUs
LOCAL_RANK: 0 - CUDA_VISIBLE_DEVICES: [0,1]
SLURM auto-requeueing enabled. Setting signal handlers.
Monitored metric train_loss did not improve in the last 120 records. Best score: 0.041. Signaling Trainer to stop.
GPU available: True (cuda), used: True
TPU available: False, using: 0 TPU cores
HPU available: False, using: 0 HPUs
LOCAL_RANK: 0 - CUDA_VISIBLE_DEVICES: [0,1]
SLURM auto-requeueing enabled. Setting signal handlers.
[I 2024-11-11 21:32:51,938] Trial 64 finished with value: 0.33246374130249023 and parameters: {'hidden_dim': 431, 'n_layers': 3, 'dropout': 0.3734782335205987, 'input_chunk_length': 52, 'learning_rate': 0.0011821521572688567, 'batch_size': 64}. Best is trial 4 with value: 0.1814582198858261.
GPU available: True (cuda), used: True
TPU available: False, using: 0 TPU cores
HPU available: False, using: 0 HPUs
LOCAL_RANK: 0 - CUDA_VISIBLE_DEVICES: [0,1]
SLURM auto-requeueing enabled. Setting signal handlers.
Monitored metric train_loss did not improve in the last 121 records. Best score: 0.041. Signaling Trainer to stop.
GPU available: True (cuda), used: True
TPU available: False, using: 0 TPU cores
HPU available: False, using: 0 HPUs
LOCAL_RANK: 0 - CUDA_VISIBLE_DEVICES: [0,1]
SLURM auto-requeueing enabled. Setting signal handlers.
[I 2024-11-11 21:33:13,111] Trial 65 finished with value: 0.3077164590358734 and parameters: {'hidden_dim': 330, 'n_layers': 5, 'dropout': 0.024278302596710984, 'input_chunk_length': 39, 'learning_rate': 0.0004791038186531061, 'batch_size': 64}. Best is trial 4 with value: 0.1814582198858261.
GPU available: True (cuda), used: True
TPU available: False, using: 0 TPU cores
HPU available: False, using: 0 HPUs
LOCAL_RANK: 0 - CUDA_VISIBLE_DEVICES: [0,1]
SLURM auto-requeueing enabled. Setting signal handlers.
Monitored metric train_loss did not improve in the last 122 records. Best score: 0.041. Signaling Trainer to stop.
GPU available: True (cuda), used: True
TPU available: False, using: 0 TPU cores
HPU available: False, using: 0 HPUs
LOCAL_RANK: 0 - CUDA_VISIBLE_DEVICES: [0,1]
SLURM auto-requeueing enabled. Setting signal handlers.
[I 2024-11-11 21:33:29,742] Trial 66 finished with value: 0.4811483919620514 and parameters: {'hidden_dim': 381, 'n_layers': 1, 'dropout': 0.06758098505263463, 'input_chunk_length': 10, 'learning_rate': 0.002546244436704205, 'batch_size': 64}. Best is trial 4 with value: 0.1814582198858261.
GPU available: True (cuda), used: True
TPU available: False, using: 0 TPU cores
HPU available: False, using: 0 HPUs
LOCAL_RANK: 0 - CUDA_VISIBLE_DEVICES: [0,1]
SLURM auto-requeueing enabled. Setting signal handlers.
Monitored metric train_loss did not improve in the last 123 records. Best score: 0.041. Signaling Trainer to stop.
GPU available: True (cuda), used: True
TPU available: False, using: 0 TPU cores
HPU available: False, using: 0 HPUs
LOCAL_RANK: 0 - CUDA_VISIBLE_DEVICES: [0,1]
SLURM auto-requeueing enabled. Setting signal handlers.
[I 2024-11-11 21:33:58,901] Trial 67 finished with value: 0.28152143955230713 and parameters: {'hidden_dim': 300, 'n_layers': 2, 'dropout': 0.0006445847586126416, 'input_chunk_length': 99, 'learning_rate': 6.550810885520962e-05, 'batch_size': 32}. Best is trial 4 with value: 0.1814582198858261.
GPU available: True (cuda), used: True
TPU available: False, using: 0 TPU cores
HPU available: False, using: 0 HPUs
LOCAL_RANK: 0 - CUDA_VISIBLE_DEVICES: [0,1]
SLURM auto-requeueing enabled. Setting signal handlers.
Monitored metric train_loss did not improve in the last 124 records. Best score: 0.041. Signaling Trainer to stop.
GPU available: True (cuda), used: True
TPU available: False, using: 0 TPU cores
HPU available: False, using: 0 HPUs
LOCAL_RANK: 0 - CUDA_VISIBLE_DEVICES: [0,1]
SLURM auto-requeueing enabled. Setting signal handlers.
[I 2024-11-11 21:34:28,785] Trial 68 finished with value: 0.7448636293411255 and parameters: {'hidden_dim': 447, 'n_layers': 4, 'dropout': 0.040459880589585606, 'input_chunk_length': 70, 'learning_rate': 0.004765420576608275, 'batch_size': 64}. Best is trial 4 with value: 0.1814582198858261.
GPU available: True (cuda), used: True
TPU available: False, using: 0 TPU cores
HPU available: False, using: 0 HPUs
LOCAL_RANK: 0 - CUDA_VISIBLE_DEVICES: [0,1]
SLURM auto-requeueing enabled. Setting signal handlers.
Monitored metric train_loss did not improve in the last 125 records. Best score: 0.041. Signaling Trainer to stop.
GPU available: True (cuda), used: True
TPU available: False, using: 0 TPU cores
HPU available: False, using: 0 HPUs
LOCAL_RANK: 0 - CUDA_VISIBLE_DEVICES: [0,1]
SLURM auto-requeueing enabled. Setting signal handlers.
[I 2024-11-11 21:35:10,895] Trial 69 finished with value: 0.32618242502212524 and parameters: {'hidden_dim': 494, 'n_layers': 6, 'dropout': 0.11288958047120912, 'input_chunk_length': 87, 'learning_rate': 0.0007443336234814823, 'batch_size': 32}. Best is trial 4 with value: 0.1814582198858261.
GPU available: True (cuda), used: True
TPU available: False, using: 0 TPU cores
HPU available: False, using: 0 HPUs
LOCAL_RANK: 0 - CUDA_VISIBLE_DEVICES: [0,1]
SLURM auto-requeueing enabled. Setting signal handlers.
Monitored metric train_loss did not improve in the last 126 records. Best score: 0.041. Signaling Trainer to stop.
GPU available: True (cuda), used: True
TPU available: False, using: 0 TPU cores
HPU available: False, using: 0 HPUs
LOCAL_RANK: 0 - CUDA_VISIBLE_DEVICES: [0,1]
SLURM auto-requeueing enabled. Setting signal handlers.
[I 2024-11-11 21:35:30,957] Trial 70 finished with value: 1.1691747903823853 and parameters: {'hidden_dim': 415, 'n_layers': 3, 'dropout': 0.4352364647649224, 'input_chunk_length': 30, 'learning_rate': 0.00988981168002906, 'batch_size': 64}. Best is trial 4 with value: 0.1814582198858261.
GPU available: True (cuda), used: True
TPU available: False, using: 0 TPU cores
HPU available: False, using: 0 HPUs
LOCAL_RANK: 0 - CUDA_VISIBLE_DEVICES: [0,1]
SLURM auto-requeueing enabled. Setting signal handlers.
Monitored metric train_loss did not improve in the last 127 records. Best score: 0.041. Signaling Trainer to stop.
GPU available: True (cuda), used: True
TPU available: False, using: 0 TPU cores
HPU available: False, using: 0 HPUs
LOCAL_RANK: 0 - CUDA_VISIBLE_DEVICES: [0,1]
SLURM auto-requeueing enabled. Setting signal handlers.
[I 2024-11-11 21:36:00,993] Trial 71 finished with value: 0.32113510370254517 and parameters: {'hidden_dim': 356, 'n_layers': 1, 'dropout': 0.2011890753028563, 'input_chunk_length': 107, 'learning_rate': 0.0015682023422287311, 'batch_size': 32}. Best is trial 4 with value: 0.1814582198858261.
GPU available: True (cuda), used: True
TPU available: False, using: 0 TPU cores
HPU available: False, using: 0 HPUs
LOCAL_RANK: 0 - CUDA_VISIBLE_DEVICES: [0,1]
SLURM auto-requeueing enabled. Setting signal handlers.
Monitored metric train_loss did not improve in the last 128 records. Best score: 0.041. Signaling Trainer to stop.
GPU available: True (cuda), used: True
TPU available: False, using: 0 TPU cores
HPU available: False, using: 0 HPUs
LOCAL_RANK: 0 - CUDA_VISIBLE_DEVICES: [0,1]
SLURM auto-requeueing enabled. Setting signal handlers.
[I 2024-11-11 21:36:30,125] Trial 72 finished with value: 0.29361245036125183 and parameters: {'hidden_dim': 334, 'n_layers': 1, 'dropout': 0.16973960482213005, 'input_chunk_length': 101, 'learning_rate': 0.0017534550117585788, 'batch_size': 32}. Best is trial 4 with value: 0.1814582198858261.
GPU available: True (cuda), used: True
TPU available: False, using: 0 TPU cores
HPU available: False, using: 0 HPUs
LOCAL_RANK: 0 - CUDA_VISIBLE_DEVICES: [0,1]
SLURM auto-requeueing enabled. Setting signal handlers.
Monitored metric train_loss did not improve in the last 129 records. Best score: 0.041. Signaling Trainer to stop.
GPU available: True (cuda), used: True
TPU available: False, using: 0 TPU cores
HPU available: False, using: 0 HPUs
LOCAL_RANK: 0 - CUDA_VISIBLE_DEVICES: [0,1]
SLURM auto-requeueing enabled. Setting signal handlers.
[I 2024-11-11 21:37:05,380] Trial 73 finished with value: 0.28231802582740784 and parameters: {'hidden_dim': 371, 'n_layers': 1, 'dropout': 0.22705824879537806, 'input_chunk_length': 128, 'learning_rate': 0.0012306921744612302, 'batch_size': 32}. Best is trial 4 with value: 0.1814582198858261.
GPU available: True (cuda), used: True
TPU available: False, using: 0 TPU cores
HPU available: False, using: 0 HPUs
LOCAL_RANK: 0 - CUDA_VISIBLE_DEVICES: [0,1]
SLURM auto-requeueing enabled. Setting signal handlers.
Monitored metric train_loss did not improve in the last 130 records. Best score: 0.041. Signaling Trainer to stop.
GPU available: True (cuda), used: True
TPU available: False, using: 0 TPU cores
HPU available: False, using: 0 HPUs
LOCAL_RANK: 0 - CUDA_VISIBLE_DEVICES: [0,1]
SLURM auto-requeueing enabled. Setting signal handlers.
[I 2024-11-11 21:37:33,257] Trial 74 finished with value: 0.2147637903690338 and parameters: {'hidden_dim': 351, 'n_layers': 1, 'dropout': 0.32185463897951394, 'input_chunk_length': 90, 'learning_rate': 0.0023925649141223687, 'batch_size': 32}. Best is trial 4 with value: 0.1814582198858261.
GPU available: True (cuda), used: True
TPU available: False, using: 0 TPU cores
HPU available: False, using: 0 HPUs
LOCAL_RANK: 0 - CUDA_VISIBLE_DEVICES: [0,1]
SLURM auto-requeueing enabled. Setting signal handlers.
Monitored metric train_loss did not improve in the last 131 records. Best score: 0.041. Signaling Trainer to stop.
GPU available: True (cuda), used: True
TPU available: False, using: 0 TPU cores
HPU available: False, using: 0 HPUs
LOCAL_RANK: 0 - CUDA_VISIBLE_DEVICES: [0,1]
SLURM auto-requeueing enabled. Setting signal handlers.
[I 2024-11-11 21:37:53,815] Trial 75 finished with value: 0.29813632369041443 and parameters: {'hidden_dim': 94, 'n_layers': 2, 'dropout': 0.3189203261066889, 'input_chunk_length': 90, 'learning_rate': 0.00800986678278182, 'batch_size': 32}. Best is trial 4 with value: 0.1814582198858261.
GPU available: True (cuda), used: True
TPU available: False, using: 0 TPU cores
HPU available: False, using: 0 HPUs
LOCAL_RANK: 0 - CUDA_VISIBLE_DEVICES: [0,1]
SLURM auto-requeueing enabled. Setting signal handlers.
Monitored metric train_loss did not improve in the last 132 records. Best score: 0.041. Signaling Trainer to stop.
GPU available: True (cuda), used: True
TPU available: False, using: 0 TPU cores
HPU available: False, using: 0 HPUs
LOCAL_RANK: 0 - CUDA_VISIBLE_DEVICES: [0,1]
SLURM auto-requeueing enabled. Setting signal handlers.
