[I 2024-11-11 22:24:56,178] Trial 180 finished with value: 0.29655465483665466 and parameters: {'hidden_dim': 221, 'n_layers': 1, 'dropout': 0.19489036167772408, 'input_chunk_length': 71, 'learning_rate': 0.0003618304043908603, 'batch_size': 32}. Best is trial 143 with value: 0.16185998916625977.
GPU available: True (cuda), used: True
TPU available: False, using: 0 TPU cores
HPU available: False, using: 0 HPUs
LOCAL_RANK: 0 - CUDA_VISIBLE_DEVICES: [0,1]
SLURM auto-requeueing enabled. Setting signal handlers.
Monitored metric train_loss did not improve in the last 237 records. Best score: 0.041. Signaling Trainer to stop.
GPU available: True (cuda), used: True
TPU available: False, using: 0 TPU cores
HPU available: False, using: 0 HPUs
LOCAL_RANK: 0 - CUDA_VISIBLE_DEVICES: [0,1]
SLURM auto-requeueing enabled. Setting signal handlers.
[I 2024-11-11 22:25:23,509] Trial 181 finished with value: 0.3492800295352936 and parameters: {'hidden_dim': 339, 'n_layers': 1, 'dropout': 0.2214208881769608, 'input_chunk_length': 89, 'learning_rate': 0.0008522433556672486, 'batch_size': 32}. Best is trial 143 with value: 0.16185998916625977.
GPU available: True (cuda), used: True
TPU available: False, using: 0 TPU cores
HPU available: False, using: 0 HPUs
LOCAL_RANK: 0 - CUDA_VISIBLE_DEVICES: [0,1]
SLURM auto-requeueing enabled. Setting signal handlers.
Monitored metric train_loss did not improve in the last 238 records. Best score: 0.041. Signaling Trainer to stop.
GPU available: True (cuda), used: True
TPU available: False, using: 0 TPU cores
HPU available: False, using: 0 HPUs
LOCAL_RANK: 0 - CUDA_VISIBLE_DEVICES: [0,1]
SLURM auto-requeueing enabled. Setting signal handlers.
[I 2024-11-11 22:25:49,815] Trial 182 finished with value: 0.22128990292549133 and parameters: {'hidden_dim': 347, 'n_layers': 1, 'dropout': 0.21637129312346653, 'input_chunk_length': 75, 'learning_rate': 0.0006329006836692342, 'batch_size': 32}. Best is trial 143 with value: 0.16185998916625977.
GPU available: True (cuda), used: True
TPU available: False, using: 0 TPU cores
HPU available: False, using: 0 HPUs
LOCAL_RANK: 0 - CUDA_VISIBLE_DEVICES: [0,1]
SLURM auto-requeueing enabled. Setting signal handlers.
Monitored metric train_loss did not improve in the last 239 records. Best score: 0.041. Signaling Trainer to stop.
GPU available: True (cuda), used: True
TPU available: False, using: 0 TPU cores
HPU available: False, using: 0 HPUs
LOCAL_RANK: 0 - CUDA_VISIBLE_DEVICES: [0,1]
SLURM auto-requeueing enabled. Setting signal handlers.
[I 2024-11-11 22:26:15,018] Trial 183 finished with value: 0.2933010756969452 and parameters: {'hidden_dim': 318, 'n_layers': 1, 'dropout': 0.20520677443215657, 'input_chunk_length': 76, 'learning_rate': 0.0006286481358406811, 'batch_size': 32}. Best is trial 143 with value: 0.16185998916625977.
GPU available: True (cuda), used: True
TPU available: False, using: 0 TPU cores
HPU available: False, using: 0 HPUs
LOCAL_RANK: 0 - CUDA_VISIBLE_DEVICES: [0,1]
SLURM auto-requeueing enabled. Setting signal handlers.
Monitored metric train_loss did not improve in the last 240 records. Best score: 0.041. Signaling Trainer to stop.
GPU available: True (cuda), used: True
TPU available: False, using: 0 TPU cores
HPU available: False, using: 0 HPUs
LOCAL_RANK: 0 - CUDA_VISIBLE_DEVICES: [0,1]
SLURM auto-requeueing enabled. Setting signal handlers.
[I 2024-11-11 22:26:35,028] Trial 184 finished with value: 0.35020893812179565 and parameters: {'hidden_dim': 77, 'n_layers': 1, 'dropout': 0.16376966942132898, 'input_chunk_length': 73, 'learning_rate': 0.000687583464279985, 'batch_size': 32}. Best is trial 143 with value: 0.16185998916625977.
GPU available: True (cuda), used: True
TPU available: False, using: 0 TPU cores
HPU available: False, using: 0 HPUs
LOCAL_RANK: 0 - CUDA_VISIBLE_DEVICES: [0,1]
SLURM auto-requeueing enabled. Setting signal handlers.
Monitored metric train_loss did not improve in the last 241 records. Best score: 0.041. Signaling Trainer to stop.
GPU available: True (cuda), used: True
TPU available: False, using: 0 TPU cores
HPU available: False, using: 0 HPUs
LOCAL_RANK: 0 - CUDA_VISIBLE_DEVICES: [0,1]
SLURM auto-requeueing enabled. Setting signal handlers.
[I 2024-11-11 22:27:01,701] Trial 185 finished with value: 0.2563404142856598 and parameters: {'hidden_dim': 347, 'n_layers': 1, 'dropout': 0.22650719416722942, 'input_chunk_length': 80, 'learning_rate': 0.0005497219901394772, 'batch_size': 32}. Best is trial 143 with value: 0.16185998916625977.
GPU available: True (cuda), used: True
TPU available: False, using: 0 TPU cores
HPU available: False, using: 0 HPUs
LOCAL_RANK: 0 - CUDA_VISIBLE_DEVICES: [0,1]
SLURM auto-requeueing enabled. Setting signal handlers.
Monitored metric train_loss did not improve in the last 242 records. Best score: 0.041. Signaling Trainer to stop.
GPU available: True (cuda), used: True
TPU available: False, using: 0 TPU cores
HPU available: False, using: 0 HPUs
LOCAL_RANK: 0 - CUDA_VISIBLE_DEVICES: [0,1]
SLURM auto-requeueing enabled. Setting signal handlers.
[I 2024-11-11 22:27:28,059] Trial 186 finished with value: 0.33386602997779846 and parameters: {'hidden_dim': 333, 'n_layers': 1, 'dropout': 0.14042332233795046, 'input_chunk_length': 83, 'learning_rate': 0.0010172363307169524, 'batch_size': 32}. Best is trial 143 with value: 0.16185998916625977.
GPU available: True (cuda), used: True
TPU available: False, using: 0 TPU cores
HPU available: False, using: 0 HPUs
LOCAL_RANK: 0 - CUDA_VISIBLE_DEVICES: [0,1]
SLURM auto-requeueing enabled. Setting signal handlers.
Monitored metric train_loss did not improve in the last 243 records. Best score: 0.041. Signaling Trainer to stop.
GPU available: True (cuda), used: True
TPU available: False, using: 0 TPU cores
HPU available: False, using: 0 HPUs
LOCAL_RANK: 0 - CUDA_VISIBLE_DEVICES: [0,1]
SLURM auto-requeueing enabled. Setting signal handlers.
[I 2024-11-11 22:27:52,373] Trial 187 finished with value: 0.2852182388305664 and parameters: {'hidden_dim': 325, 'n_layers': 1, 'dropout': 0.21336003853703556, 'input_chunk_length': 67, 'learning_rate': 0.0004355338744889703, 'batch_size': 32}. Best is trial 143 with value: 0.16185998916625977.
GPU available: True (cuda), used: True
TPU available: False, using: 0 TPU cores
HPU available: False, using: 0 HPUs
LOCAL_RANK: 0 - CUDA_VISIBLE_DEVICES: [0,1]
SLURM auto-requeueing enabled. Setting signal handlers.
Monitored metric train_loss did not improve in the last 244 records. Best score: 0.041. Signaling Trainer to stop.
GPU available: True (cuda), used: True
TPU available: False, using: 0 TPU cores
HPU available: False, using: 0 HPUs
LOCAL_RANK: 0 - CUDA_VISIBLE_DEVICES: [0,1]
SLURM auto-requeueing enabled. Setting signal handlers.
[I 2024-11-11 22:28:13,638] Trial 188 finished with value: 0.27066320180892944 and parameters: {'hidden_dim': 164, 'n_layers': 1, 'dropout': 0.2300469153712976, 'input_chunk_length': 77, 'learning_rate': 0.0007814727135674182, 'batch_size': 32}. Best is trial 143 with value: 0.16185998916625977.
GPU available: True (cuda), used: True
TPU available: False, using: 0 TPU cores
HPU available: False, using: 0 HPUs
LOCAL_RANK: 0 - CUDA_VISIBLE_DEVICES: [0,1]
SLURM auto-requeueing enabled. Setting signal handlers.
Monitored metric train_loss did not improve in the last 245 records. Best score: 0.041. Signaling Trainer to stop.
GPU available: True (cuda), used: True
TPU available: False, using: 0 TPU cores
HPU available: False, using: 0 HPUs
LOCAL_RANK: 0 - CUDA_VISIBLE_DEVICES: [0,1]
SLURM auto-requeueing enabled. Setting signal handlers.
[I 2024-11-11 22:28:35,293] Trial 189 finished with value: 0.30049046874046326 and parameters: {'hidden_dim': 191, 'n_layers': 1, 'dropout': 0.10784169303617898, 'input_chunk_length': 74, 'learning_rate': 0.0012033982624290146, 'batch_size': 32}. Best is trial 143 with value: 0.16185998916625977.
GPU available: True (cuda), used: True
TPU available: False, using: 0 TPU cores
HPU available: False, using: 0 HPUs
LOCAL_RANK: 0 - CUDA_VISIBLE_DEVICES: [0,1]
SLURM auto-requeueing enabled. Setting signal handlers.
Monitored metric train_loss did not improve in the last 246 records. Best score: 0.041. Signaling Trainer to stop.
GPU available: True (cuda), used: True
TPU available: False, using: 0 TPU cores
HPU available: False, using: 0 HPUs
LOCAL_RANK: 0 - CUDA_VISIBLE_DEVICES: [0,1]
SLURM auto-requeueing enabled. Setting signal handlers.
[I 2024-11-11 22:29:01,696] Trial 190 finished with value: 0.18600313365459442 and parameters: {'hidden_dim': 345, 'n_layers': 1, 'dropout': 0.191597736050973, 'input_chunk_length': 81, 'learning_rate': 0.0006043312637152825, 'batch_size': 32}. Best is trial 143 with value: 0.16185998916625977.
GPU available: True (cuda), used: True
TPU available: False, using: 0 TPU cores
HPU available: False, using: 0 HPUs
LOCAL_RANK: 0 - CUDA_VISIBLE_DEVICES: [0,1]
SLURM auto-requeueing enabled. Setting signal handlers.
Monitored metric train_loss did not improve in the last 247 records. Best score: 0.041. Signaling Trainer to stop.
GPU available: True (cuda), used: True
TPU available: False, using: 0 TPU cores
HPU available: False, using: 0 HPUs
LOCAL_RANK: 0 - CUDA_VISIBLE_DEVICES: [0,1]
SLURM auto-requeueing enabled. Setting signal handlers.
[I 2024-11-11 22:29:28,297] Trial 191 finished with value: 0.25815385580062866 and parameters: {'hidden_dim': 346, 'n_layers': 1, 'dropout': 0.19030549448396403, 'input_chunk_length': 81, 'learning_rate': 0.0006162558504051758, 'batch_size': 32}. Best is trial 143 with value: 0.16185998916625977.
GPU available: True (cuda), used: True
TPU available: False, using: 0 TPU cores
HPU available: False, using: 0 HPUs
LOCAL_RANK: 0 - CUDA_VISIBLE_DEVICES: [0,1]
SLURM auto-requeueing enabled. Setting signal handlers.
Monitored metric train_loss did not improve in the last 248 records. Best score: 0.041. Signaling Trainer to stop.
GPU available: True (cuda), used: True
TPU available: False, using: 0 TPU cores
HPU available: False, using: 0 HPUs
LOCAL_RANK: 0 - CUDA_VISIBLE_DEVICES: [0,1]
SLURM auto-requeueing enabled. Setting signal handlers.
[I 2024-11-11 22:29:57,207] Trial 192 finished with value: 0.3298504650592804 and parameters: {'hidden_dim': 355, 'n_layers': 1, 'dropout': 0.17555214442897343, 'input_chunk_length': 86, 'learning_rate': 0.0006819373404874338, 'batch_size': 32}. Best is trial 143 with value: 0.16185998916625977.
GPU available: True (cuda), used: True
TPU available: False, using: 0 TPU cores
HPU available: False, using: 0 HPUs
LOCAL_RANK: 0 - CUDA_VISIBLE_DEVICES: [0,1]
SLURM auto-requeueing enabled. Setting signal handlers.
Monitored metric train_loss did not improve in the last 249 records. Best score: 0.041. Signaling Trainer to stop.
GPU available: True (cuda), used: True
TPU available: False, using: 0 TPU cores
HPU available: False, using: 0 HPUs
LOCAL_RANK: 0 - CUDA_VISIBLE_DEVICES: [0,1]
SLURM auto-requeueing enabled. Setting signal handlers.
[I 2024-11-11 22:30:24,281] Trial 193 finished with value: 0.33792006969451904 and parameters: {'hidden_dim': 378, 'n_layers': 1, 'dropout': 0.2042604667036476, 'input_chunk_length': 78, 'learning_rate': 0.0005632607849489709, 'batch_size': 32}. Best is trial 143 with value: 0.16185998916625977.
GPU available: True (cuda), used: True
TPU available: False, using: 0 TPU cores
HPU available: False, using: 0 HPUs
LOCAL_RANK: 0 - CUDA_VISIBLE_DEVICES: [0,1]
SLURM auto-requeueing enabled. Setting signal handlers.
Monitored metric train_loss did not improve in the last 250 records. Best score: 0.041. Signaling Trainer to stop.
GPU available: True (cuda), used: True
TPU available: False, using: 0 TPU cores
HPU available: False, using: 0 HPUs
LOCAL_RANK: 0 - CUDA_VISIBLE_DEVICES: [0,1]
SLURM auto-requeueing enabled. Setting signal handlers.
[I 2024-11-11 22:30:50,505] Trial 194 finished with value: 0.23201362788677216 and parameters: {'hidden_dim': 340, 'n_layers': 1, 'dropout': 0.21520388391171635, 'input_chunk_length': 83, 'learning_rate': 0.000886217435875844, 'batch_size': 32}. Best is trial 143 with value: 0.16185998916625977.
GPU available: True (cuda), used: True
TPU available: False, using: 0 TPU cores
HPU available: False, using: 0 HPUs
LOCAL_RANK: 0 - CUDA_VISIBLE_DEVICES: [0,1]
SLURM auto-requeueing enabled. Setting signal handlers.
Monitored metric train_loss did not improve in the last 251 records. Best score: 0.041. Signaling Trainer to stop.
GPU available: True (cuda), used: True
TPU available: False, using: 0 TPU cores
HPU available: False, using: 0 HPUs
LOCAL_RANK: 0 - CUDA_VISIBLE_DEVICES: [0,1]
SLURM auto-requeueing enabled. Setting signal handlers.
[I 2024-11-11 22:31:15,787] Trial 195 finished with value: 0.2505744397640228 and parameters: {'hidden_dim': 327, 'n_layers': 1, 'dropout': 0.18660187468311296, 'input_chunk_length': 76, 'learning_rate': 0.0004936762313355337, 'batch_size': 32}. Best is trial 143 with value: 0.16185998916625977.
GPU available: True (cuda), used: True
TPU available: False, using: 0 TPU cores
HPU available: False, using: 0 HPUs
LOCAL_RANK: 0 - CUDA_VISIBLE_DEVICES: [0,1]
SLURM auto-requeueing enabled. Setting signal handlers.
Monitored metric train_loss did not improve in the last 252 records. Best score: 0.041. Signaling Trainer to stop.
GPU available: True (cuda), used: True
TPU available: False, using: 0 TPU cores
HPU available: False, using: 0 HPUs
LOCAL_RANK: 0 - CUDA_VISIBLE_DEVICES: [0,1]
SLURM auto-requeueing enabled. Setting signal handlers.
[I 2024-11-11 22:31:42,626] Trial 196 finished with value: 0.2684621214866638 and parameters: {'hidden_dim': 361, 'n_layers': 1, 'dropout': 0.23865172914557434, 'input_chunk_length': 80, 'learning_rate': 0.0007445040429298215, 'batch_size': 32}. Best is trial 143 with value: 0.16185998916625977.
GPU available: True (cuda), used: True
TPU available: False, using: 0 TPU cores
HPU available: False, using: 0 HPUs
LOCAL_RANK: 0 - CUDA_VISIBLE_DEVICES: [0,1]
SLURM auto-requeueing enabled. Setting signal handlers.
Monitored metric train_loss did not improve in the last 253 records. Best score: 0.041. Signaling Trainer to stop.
GPU available: True (cuda), used: True
TPU available: False, using: 0 TPU cores
HPU available: False, using: 0 HPUs
LOCAL_RANK: 0 - CUDA_VISIBLE_DEVICES: [0,1]
SLURM auto-requeueing enabled. Setting signal handlers.
[I 2024-11-11 22:32:19,737] Trial 197 finished with value: 0.294435054063797 and parameters: {'hidden_dim': 335, 'n_layers': 6, 'dropout': 0.19602956381350894, 'input_chunk_length': 98, 'learning_rate': 0.0006183451367162225, 'batch_size': 32}. Best is trial 143 with value: 0.16185998916625977.
GPU available: True (cuda), used: True
TPU available: False, using: 0 TPU cores
HPU available: False, using: 0 HPUs
LOCAL_RANK: 0 - CUDA_VISIBLE_DEVICES: [0,1]
SLURM auto-requeueing enabled. Setting signal handlers.
Monitored metric train_loss did not improve in the last 254 records. Best score: 0.041. Signaling Trainer to stop.
GPU available: True (cuda), used: True
TPU available: False, using: 0 TPU cores
HPU available: False, using: 0 HPUs
LOCAL_RANK: 0 - CUDA_VISIBLE_DEVICES: [0,1]
SLURM auto-requeueing enabled. Setting signal handlers.
[I 2024-11-11 22:32:45,215] Trial 198 finished with value: 0.2964405417442322 and parameters: {'hidden_dim': 296, 'n_layers': 1, 'dropout': 0.17049057604831958, 'input_chunk_length': 88, 'learning_rate': 0.00044597186923574683, 'batch_size': 32}. Best is trial 143 with value: 0.16185998916625977.
GPU available: True (cuda), used: True
TPU available: False, using: 0 TPU cores
HPU available: False, using: 0 HPUs
LOCAL_RANK: 0 - CUDA_VISIBLE_DEVICES: [0,1]
SLURM auto-requeueing enabled. Setting signal handlers.
Monitored metric train_loss did not improve in the last 255 records. Best score: 0.041. Signaling Trainer to stop.
GPU available: True (cuda), used: True
TPU available: False, using: 0 TPU cores
HPU available: False, using: 0 HPUs
LOCAL_RANK: 0 - CUDA_VISIBLE_DEVICES: [0,1]
SLURM auto-requeueing enabled. Setting signal handlers.
[I 2024-11-11 22:33:10,628] Trial 199 finished with value: 0.23900622129440308 and parameters: {'hidden_dim': 350, 'n_layers': 1, 'dropout': 0.20376504285009142, 'input_chunk_length': 72, 'learning_rate': 0.0005464732016912696, 'batch_size': 32}. Best is trial 143 with value: 0.16185998916625977.
GPU available: True (cuda), used: True
TPU available: False, using: 0 TPU cores
HPU available: False, using: 0 HPUs
LOCAL_RANK: 0 - CUDA_VISIBLE_DEVICES: [0,1]
SLURM auto-requeueing enabled. Setting signal handlers.
Monitored metric train_loss did not improve in the last 256 records. Best score: 0.041. Signaling Trainer to stop.
GPU available: True (cuda), used: True
TPU available: False, using: 0 TPU cores
HPU available: False, using: 0 HPUs
LOCAL_RANK: 0 - CUDA_VISIBLE_DEVICES: [0,1]
SLURM auto-requeueing enabled. Setting signal handlers.
[I 2024-11-11 22:33:31,570] Trial 200 finished with value: 0.3058735430240631 and parameters: {'hidden_dim': 153, 'n_layers': 1, 'dropout': 0.15868407266906537, 'input_chunk_length': 69, 'learning_rate': 0.005382168078904145, 'batch_size': 32}. Best is trial 143 with value: 0.16185998916625977.
GPU available: True (cuda), used: True
TPU available: False, using: 0 TPU cores
HPU available: False, using: 0 HPUs
LOCAL_RANK: 0 - CUDA_VISIBLE_DEVICES: [0,1]
SLURM auto-requeueing enabled. Setting signal handlers.
Monitored metric train_loss did not improve in the last 257 records. Best score: 0.041. Signaling Trainer to stop.
GPU available: True (cuda), used: True
TPU available: False, using: 0 TPU cores
HPU available: False, using: 0 HPUs
LOCAL_RANK: 0 - CUDA_VISIBLE_DEVICES: [0,1]
SLURM auto-requeueing enabled. Setting signal handlers.
[I 2024-11-11 22:34:00,367] Trial 201 finished with value: 0.22312797605991364 and parameters: {'hidden_dim': 366, 'n_layers': 1, 'dropout': 0.2168559745671654, 'input_chunk_length': 93, 'learning_rate': 0.000806646709538458, 'batch_size': 32}. Best is trial 143 with value: 0.16185998916625977.
GPU available: True (cuda), used: True
TPU available: False, using: 0 TPU cores
HPU available: False, using: 0 HPUs
LOCAL_RANK: 0 - CUDA_VISIBLE_DEVICES: [0,1]
SLURM auto-requeueing enabled. Setting signal handlers.
Monitored metric train_loss did not improve in the last 258 records. Best score: 0.041. Signaling Trainer to stop.
GPU available: True (cuda), used: True
TPU available: False, using: 0 TPU cores
HPU available: False, using: 0 HPUs
LOCAL_RANK: 0 - CUDA_VISIBLE_DEVICES: [0,1]
SLURM auto-requeueing enabled. Setting signal handlers.
[I 2024-11-11 22:34:27,767] Trial 202 finished with value: 0.2552855610847473 and parameters: {'hidden_dim': 314, 'n_layers': 1, 'dropout': 0.21547737302117922, 'input_chunk_length': 96, 'learning_rate': 0.000799862699589947, 'batch_size': 32}. Best is trial 143 with value: 0.16185998916625977.
GPU available: True (cuda), used: True
TPU available: False, using: 0 TPU cores
HPU available: False, using: 0 HPUs
LOCAL_RANK: 0 - CUDA_VISIBLE_DEVICES: [0,1]
SLURM auto-requeueing enabled. Setting signal handlers.
Monitored metric train_loss did not improve in the last 259 records. Best score: 0.041. Signaling Trainer to stop.
GPU available: True (cuda), used: True
TPU available: False, using: 0 TPU cores
HPU available: False, using: 0 HPUs
LOCAL_RANK: 0 - CUDA_VISIBLE_DEVICES: [0,1]
SLURM auto-requeueing enabled. Setting signal handlers.
[I 2024-11-11 22:34:56,069] Trial 203 finished with value: 0.277514785528183 and parameters: {'hidden_dim': 355, 'n_layers': 1, 'dropout': 0.37276787144526147, 'input_chunk_length': 91, 'learning_rate': 0.0009405598164476333, 'batch_size': 32}. Best is trial 143 with value: 0.16185998916625977.
GPU available: True (cuda), used: True
TPU available: False, using: 0 TPU cores
HPU available: False, using: 0 HPUs
LOCAL_RANK: 0 - CUDA_VISIBLE_DEVICES: [0,1]
SLURM auto-requeueing enabled. Setting signal handlers.
Monitored metric train_loss did not improve in the last 260 records. Best score: 0.041. Signaling Trainer to stop.
GPU available: True (cuda), used: True
TPU available: False, using: 0 TPU cores
HPU available: False, using: 0 HPUs
LOCAL_RANK: 0 - CUDA_VISIBLE_DEVICES: [0,1]
SLURM auto-requeueing enabled. Setting signal handlers.
[I 2024-11-11 22:35:22,760] Trial 204 finished with value: 0.22689110040664673 and parameters: {'hidden_dim': 364, 'n_layers': 1, 'dropout': 0.22676105574771785, 'input_chunk_length': 84, 'learning_rate': 0.0006831202124187119, 'batch_size': 32}. Best is trial 143 with value: 0.16185998916625977.
GPU available: True (cuda), used: True
TPU available: False, using: 0 TPU cores
HPU available: False, using: 0 HPUs
LOCAL_RANK: 0 - CUDA_VISIBLE_DEVICES: [0,1]
SLURM auto-requeueing enabled. Setting signal handlers.
Monitored metric train_loss did not improve in the last 261 records. Best score: 0.041. Signaling Trainer to stop.
GPU available: True (cuda), used: True
TPU available: False, using: 0 TPU cores
HPU available: False, using: 0 HPUs
LOCAL_RANK: 0 - CUDA_VISIBLE_DEVICES: [0,1]
SLURM auto-requeueing enabled. Setting signal handlers.
[I 2024-11-11 22:35:50,232] Trial 205 finished with value: 0.2569013833999634 and parameters: {'hidden_dim': 367, 'n_layers': 1, 'dropout': 0.22961148222297528, 'input_chunk_length': 84, 'learning_rate': 0.00067522521956301, 'batch_size': 32}. Best is trial 143 with value: 0.16185998916625977.
GPU available: True (cuda), used: True
TPU available: False, using: 0 TPU cores
HPU available: False, using: 0 HPUs
LOCAL_RANK: 0 - CUDA_VISIBLE_DEVICES: [0,1]
SLURM auto-requeueing enabled. Setting signal handlers.
Monitored metric train_loss did not improve in the last 262 records. Best score: 0.041. Signaling Trainer to stop.
GPU available: True (cuda), used: True
TPU available: False, using: 0 TPU cores
HPU available: False, using: 0 HPUs
LOCAL_RANK: 0 - CUDA_VISIBLE_DEVICES: [0,1]
SLURM auto-requeueing enabled. Setting signal handlers.
