[I 2024-11-04 17:33:31,172] Trial 445 finished with value: 0.2910105288028717 and parameters: {'hidden_dim': 114, 'n_layers': 5, 'dropout': 0.00039095917043776684, 'input_chunk_length': 16, 'learning_rate': 0.00031954269546531964, 'batch_size': 32}. Best is trial 1 with value: 0.09709455817937851.
GPU available: True (cuda), used: True
TPU available: False, using: 0 TPU cores
HPU available: False, using: 0 HPUs
LOCAL_RANK: 0 - CUDA_VISIBLE_DEVICES: [0,1,2,3]
SLURM auto-requeueing enabled. Setting signal handlers.
Monitored metric train_loss did not improve in the last 503 records. Best score: 0.050. Signaling Trainer to stop.
GPU available: True (cuda), used: True
TPU available: False, using: 0 TPU cores
HPU available: False, using: 0 HPUs
LOCAL_RANK: 0 - CUDA_VISIBLE_DEVICES: [0,1,2,3]
SLURM auto-requeueing enabled. Setting signal handlers.
[I 2024-11-04 17:33:44,913] Trial 446 finished with value: 0.3428250551223755 and parameters: {'hidden_dim': 122, 'n_layers': 5, 'dropout': 0.006299797160156655, 'input_chunk_length': 16, 'learning_rate': 0.0002837708867924229, 'batch_size': 32}. Best is trial 1 with value: 0.09709455817937851.
GPU available: True (cuda), used: True
TPU available: False, using: 0 TPU cores
HPU available: False, using: 0 HPUs
LOCAL_RANK: 0 - CUDA_VISIBLE_DEVICES: [0,1,2,3]
SLURM auto-requeueing enabled. Setting signal handlers.
Monitored metric train_loss did not improve in the last 504 records. Best score: 0.050. Signaling Trainer to stop.
GPU available: True (cuda), used: True
TPU available: False, using: 0 TPU cores
HPU available: False, using: 0 HPUs
LOCAL_RANK: 0 - CUDA_VISIBLE_DEVICES: [0,1,2,3]
SLURM auto-requeueing enabled. Setting signal handlers.
[I 2024-11-04 17:33:58,718] Trial 447 finished with value: 0.3578381836414337 and parameters: {'hidden_dim': 125, 'n_layers': 5, 'dropout': 0.0005832738741378526, 'input_chunk_length': 21, 'learning_rate': 0.0003063282689252569, 'batch_size': 32}. Best is trial 1 with value: 0.09709455817937851.
GPU available: True (cuda), used: True
TPU available: False, using: 0 TPU cores
HPU available: False, using: 0 HPUs
LOCAL_RANK: 0 - CUDA_VISIBLE_DEVICES: [0,1,2,3]
SLURM auto-requeueing enabled. Setting signal handlers.
Monitored metric train_loss did not improve in the last 505 records. Best score: 0.050. Signaling Trainer to stop.
GPU available: True (cuda), used: True
TPU available: False, using: 0 TPU cores
HPU available: False, using: 0 HPUs
LOCAL_RANK: 0 - CUDA_VISIBLE_DEVICES: [0,1,2,3]
SLURM auto-requeueing enabled. Setting signal handlers.
[I 2024-11-04 17:34:12,729] Trial 448 finished with value: 0.321671724319458 and parameters: {'hidden_dim': 103, 'n_layers': 5, 'dropout': 0.019662264319375882, 'input_chunk_length': 13, 'learning_rate': 0.0002632097800159049, 'batch_size': 32}. Best is trial 1 with value: 0.09709455817937851.
GPU available: True (cuda), used: True
TPU available: False, using: 0 TPU cores
HPU available: False, using: 0 HPUs
LOCAL_RANK: 0 - CUDA_VISIBLE_DEVICES: [0,1,2,3]
SLURM auto-requeueing enabled. Setting signal handlers.
Monitored metric train_loss did not improve in the last 506 records. Best score: 0.050. Signaling Trainer to stop.
GPU available: True (cuda), used: True
TPU available: False, using: 0 TPU cores
HPU available: False, using: 0 HPUs
LOCAL_RANK: 0 - CUDA_VISIBLE_DEVICES: [0,1,2,3]
SLURM auto-requeueing enabled. Setting signal handlers.
[I 2024-11-04 17:34:26,581] Trial 449 finished with value: 0.284662663936615 and parameters: {'hidden_dim': 114, 'n_layers': 5, 'dropout': 0.012909482944761658, 'input_chunk_length': 20, 'learning_rate': 0.0003308157830195614, 'batch_size': 32}. Best is trial 1 with value: 0.09709455817937851.
GPU available: True (cuda), used: True
TPU available: False, using: 0 TPU cores
HPU available: False, using: 0 HPUs
LOCAL_RANK: 0 - CUDA_VISIBLE_DEVICES: [0,1,2,3]
SLURM auto-requeueing enabled. Setting signal handlers.
Monitored metric train_loss did not improve in the last 507 records. Best score: 0.050. Signaling Trainer to stop.
GPU available: True (cuda), used: True
TPU available: False, using: 0 TPU cores
HPU available: False, using: 0 HPUs
LOCAL_RANK: 0 - CUDA_VISIBLE_DEVICES: [0,1,2,3]
SLURM auto-requeueing enabled. Setting signal handlers.
[I 2024-11-04 17:34:40,468] Trial 450 finished with value: 0.35270002484321594 and parameters: {'hidden_dim': 129, 'n_layers': 5, 'dropout': 0.0173041348917526, 'input_chunk_length': 20, 'learning_rate': 0.0003062721515398157, 'batch_size': 32}. Best is trial 1 with value: 0.09709455817937851.
GPU available: True (cuda), used: True
TPU available: False, using: 0 TPU cores
HPU available: False, using: 0 HPUs
LOCAL_RANK: 0 - CUDA_VISIBLE_DEVICES: [0,1,2,3]
SLURM auto-requeueing enabled. Setting signal handlers.
Monitored metric train_loss did not improve in the last 508 records. Best score: 0.050. Signaling Trainer to stop.
GPU available: True (cuda), used: True
TPU available: False, using: 0 TPU cores
HPU available: False, using: 0 HPUs
LOCAL_RANK: 0 - CUDA_VISIBLE_DEVICES: [0,1,2,3]
SLURM auto-requeueing enabled. Setting signal handlers.
[I 2024-11-04 17:34:52,947] Trial 451 finished with value: 0.3502435088157654 and parameters: {'hidden_dim': 114, 'n_layers': 5, 'dropout': 0.033656529025859985, 'input_chunk_length': 24, 'learning_rate': 0.00033458533811769273, 'batch_size': 64}. Best is trial 1 with value: 0.09709455817937851.
GPU available: True (cuda), used: True
TPU available: False, using: 0 TPU cores
HPU available: False, using: 0 HPUs
LOCAL_RANK: 0 - CUDA_VISIBLE_DEVICES: [0,1,2,3]
SLURM auto-requeueing enabled. Setting signal handlers.
Monitored metric train_loss did not improve in the last 509 records. Best score: 0.050. Signaling Trainer to stop.
GPU available: True (cuda), used: True
TPU available: False, using: 0 TPU cores
HPU available: False, using: 0 HPUs
LOCAL_RANK: 0 - CUDA_VISIBLE_DEVICES: [0,1,2,3]
SLURM auto-requeueing enabled. Setting signal handlers.
[I 2024-11-04 17:35:06,764] Trial 452 finished with value: 0.3307044506072998 and parameters: {'hidden_dim': 94, 'n_layers': 5, 'dropout': 0.013287055083812935, 'input_chunk_length': 10, 'learning_rate': 0.00025751348233115116, 'batch_size': 32}. Best is trial 1 with value: 0.09709455817937851.
GPU available: True (cuda), used: True
TPU available: False, using: 0 TPU cores
HPU available: False, using: 0 HPUs
LOCAL_RANK: 0 - CUDA_VISIBLE_DEVICES: [0,1,2,3]
SLURM auto-requeueing enabled. Setting signal handlers.
Monitored metric train_loss did not improve in the last 510 records. Best score: 0.050. Signaling Trainer to stop.
GPU available: True (cuda), used: True
TPU available: False, using: 0 TPU cores
HPU available: False, using: 0 HPUs
LOCAL_RANK: 0 - CUDA_VISIBLE_DEVICES: [0,1,2,3]
SLURM auto-requeueing enabled. Setting signal handlers.
[I 2024-11-04 17:35:20,485] Trial 453 finished with value: 0.3454517126083374 and parameters: {'hidden_dim': 110, 'n_layers': 5, 'dropout': 0.019229349890945414, 'input_chunk_length': 17, 'learning_rate': 0.0003273274261866899, 'batch_size': 32}. Best is trial 1 with value: 0.09709455817937851.
GPU available: True (cuda), used: True
TPU available: False, using: 0 TPU cores
HPU available: False, using: 0 HPUs
LOCAL_RANK: 0 - CUDA_VISIBLE_DEVICES: [0,1,2,3]
SLURM auto-requeueing enabled. Setting signal handlers.
Monitored metric train_loss did not improve in the last 511 records. Best score: 0.050. Signaling Trainer to stop.
GPU available: True (cuda), used: True
TPU available: False, using: 0 TPU cores
HPU available: False, using: 0 HPUs
LOCAL_RANK: 0 - CUDA_VISIBLE_DEVICES: [0,1,2,3]
SLURM auto-requeueing enabled. Setting signal handlers.
[I 2024-11-04 17:35:34,192] Trial 454 finished with value: 0.3789023160934448 and parameters: {'hidden_dim': 123, 'n_layers': 5, 'dropout': 0.009996255342950084, 'input_chunk_length': 18, 'learning_rate': 0.00018223267877358782, 'batch_size': 32}. Best is trial 1 with value: 0.09709455817937851.
GPU available: True (cuda), used: True
TPU available: False, using: 0 TPU cores
HPU available: False, using: 0 HPUs
LOCAL_RANK: 0 - CUDA_VISIBLE_DEVICES: [0,1,2,3]
SLURM auto-requeueing enabled. Setting signal handlers.
Monitored metric train_loss did not improve in the last 512 records. Best score: 0.050. Signaling Trainer to stop.
GPU available: True (cuda), used: True
TPU available: False, using: 0 TPU cores
HPU available: False, using: 0 HPUs
LOCAL_RANK: 0 - CUDA_VISIBLE_DEVICES: [0,1,2,3]
SLURM auto-requeueing enabled. Setting signal handlers.
[I 2024-11-04 17:35:47,910] Trial 455 finished with value: 0.3314030170440674 and parameters: {'hidden_dim': 130, 'n_layers': 5, 'dropout': 0.002625473307953838, 'input_chunk_length': 14, 'learning_rate': 0.00022200538534287333, 'batch_size': 32}. Best is trial 1 with value: 0.09709455817937851.
GPU available: True (cuda), used: True
TPU available: False, using: 0 TPU cores
HPU available: False, using: 0 HPUs
LOCAL_RANK: 0 - CUDA_VISIBLE_DEVICES: [0,1,2,3]
SLURM auto-requeueing enabled. Setting signal handlers.
Monitored metric train_loss did not improve in the last 513 records. Best score: 0.050. Signaling Trainer to stop.
GPU available: True (cuda), used: True
TPU available: False, using: 0 TPU cores
HPU available: False, using: 0 HPUs
LOCAL_RANK: 0 - CUDA_VISIBLE_DEVICES: [0,1,2,3]
SLURM auto-requeueing enabled. Setting signal handlers.
[I 2024-11-04 17:36:01,867] Trial 456 finished with value: 0.32469838857650757 and parameters: {'hidden_dim': 113, 'n_layers': 5, 'dropout': 0.00042703917408897125, 'input_chunk_length': 24, 'learning_rate': 0.0002906418525009424, 'batch_size': 32}. Best is trial 1 with value: 0.09709455817937851.
GPU available: True (cuda), used: True
TPU available: False, using: 0 TPU cores
HPU available: False, using: 0 HPUs
LOCAL_RANK: 0 - CUDA_VISIBLE_DEVICES: [0,1,2,3]
SLURM auto-requeueing enabled. Setting signal handlers.
Monitored metric train_loss did not improve in the last 514 records. Best score: 0.050. Signaling Trainer to stop.
GPU available: True (cuda), used: True
TPU available: False, using: 0 TPU cores
HPU available: False, using: 0 HPUs
LOCAL_RANK: 0 - CUDA_VISIBLE_DEVICES: [0,1,2,3]
SLURM auto-requeueing enabled. Setting signal handlers.
[I 2024-11-04 17:36:15,575] Trial 457 finished with value: 0.3179561495780945 and parameters: {'hidden_dim': 103, 'n_layers': 5, 'dropout': 0.03586263688833694, 'input_chunk_length': 19, 'learning_rate': 0.00034467045165816914, 'batch_size': 32}. Best is trial 1 with value: 0.09709455817937851.
GPU available: True (cuda), used: True
TPU available: False, using: 0 TPU cores
HPU available: False, using: 0 HPUs
LOCAL_RANK: 0 - CUDA_VISIBLE_DEVICES: [0,1,2,3]
SLURM auto-requeueing enabled. Setting signal handlers.
Monitored metric train_loss did not improve in the last 515 records. Best score: 0.050. Signaling Trainer to stop.
GPU available: True (cuda), used: True
TPU available: False, using: 0 TPU cores
HPU available: False, using: 0 HPUs
LOCAL_RANK: 0 - CUDA_VISIBLE_DEVICES: [0,1,2,3]
SLURM auto-requeueing enabled. Setting signal handlers.
[I 2024-11-04 17:36:28,996] Trial 458 finished with value: 0.3460924029350281 and parameters: {'hidden_dim': 120, 'n_layers': 5, 'dropout': 0.023449438790124677, 'input_chunk_length': 15, 'learning_rate': 0.00027789577574047946, 'batch_size': 32}. Best is trial 1 with value: 0.09709455817937851.
GPU available: True (cuda), used: True
TPU available: False, using: 0 TPU cores
HPU available: False, using: 0 HPUs
LOCAL_RANK: 0 - CUDA_VISIBLE_DEVICES: [0,1,2,3]
SLURM auto-requeueing enabled. Setting signal handlers.
Monitored metric train_loss did not improve in the last 516 records. Best score: 0.050. Signaling Trainer to stop.
GPU available: True (cuda), used: True
TPU available: False, using: 0 TPU cores
HPU available: False, using: 0 HPUs
LOCAL_RANK: 0 - CUDA_VISIBLE_DEVICES: [0,1,2,3]
SLURM auto-requeueing enabled. Setting signal handlers.
[I 2024-11-04 17:36:41,611] Trial 459 finished with value: 0.3774208724498749 and parameters: {'hidden_dim': 137, 'n_layers': 5, 'dropout': 0.01781876407576346, 'input_chunk_length': 21, 'learning_rate': 0.00020192974938990747, 'batch_size': 64}. Best is trial 1 with value: 0.09709455817937851.
GPU available: True (cuda), used: True
TPU available: False, using: 0 TPU cores
HPU available: False, using: 0 HPUs
LOCAL_RANK: 0 - CUDA_VISIBLE_DEVICES: [0,1,2,3]
SLURM auto-requeueing enabled. Setting signal handlers.
Monitored metric train_loss did not improve in the last 517 records. Best score: 0.050. Signaling Trainer to stop.
GPU available: True (cuda), used: True
TPU available: False, using: 0 TPU cores
HPU available: False, using: 0 HPUs
LOCAL_RANK: 0 - CUDA_VISIBLE_DEVICES: [0,1,2,3]
SLURM auto-requeueing enabled. Setting signal handlers.
[I 2024-11-04 17:36:55,476] Trial 460 finished with value: 0.38139891624450684 and parameters: {'hidden_dim': 121, 'n_layers': 5, 'dropout': 0.007933466046306627, 'input_chunk_length': 16, 'learning_rate': 0.00031780301172083743, 'batch_size': 32}. Best is trial 1 with value: 0.09709455817937851.
GPU available: True (cuda), used: True
TPU available: False, using: 0 TPU cores
HPU available: False, using: 0 HPUs
LOCAL_RANK: 0 - CUDA_VISIBLE_DEVICES: [0,1,2,3]
SLURM auto-requeueing enabled. Setting signal handlers.
Monitored metric train_loss did not improve in the last 518 records. Best score: 0.050. Signaling Trainer to stop.
GPU available: True (cuda), used: True
TPU available: False, using: 0 TPU cores
HPU available: False, using: 0 HPUs
LOCAL_RANK: 0 - CUDA_VISIBLE_DEVICES: [0,1,2,3]
SLURM auto-requeueing enabled. Setting signal handlers.
[I 2024-11-04 17:37:08,888] Trial 461 finished with value: 0.36240458488464355 and parameters: {'hidden_dim': 84, 'n_layers': 5, 'dropout': 0.00936039317909489, 'input_chunk_length': 11, 'learning_rate': 0.000280349497340834, 'batch_size': 32}. Best is trial 1 with value: 0.09709455817937851.
GPU available: True (cuda), used: True
TPU available: False, using: 0 TPU cores
HPU available: False, using: 0 HPUs
LOCAL_RANK: 0 - CUDA_VISIBLE_DEVICES: [0,1,2,3]
SLURM auto-requeueing enabled. Setting signal handlers.
Monitored metric train_loss did not improve in the last 519 records. Best score: 0.050. Signaling Trainer to stop.
GPU available: True (cuda), used: True
TPU available: False, using: 0 TPU cores
HPU available: False, using: 0 HPUs
LOCAL_RANK: 0 - CUDA_VISIBLE_DEVICES: [0,1,2,3]
SLURM auto-requeueing enabled. Setting signal handlers.
[I 2024-11-04 17:37:22,626] Trial 462 finished with value: 0.3513002395629883 and parameters: {'hidden_dim': 99, 'n_layers': 5, 'dropout': 0.00034751785648378525, 'input_chunk_length': 19, 'learning_rate': 0.00034892045295166995, 'batch_size': 32}. Best is trial 1 with value: 0.09709455817937851.
GPU available: True (cuda), used: True
TPU available: False, using: 0 TPU cores
HPU available: False, using: 0 HPUs
LOCAL_RANK: 0 - CUDA_VISIBLE_DEVICES: [0,1,2,3]
SLURM auto-requeueing enabled. Setting signal handlers.
Monitored metric train_loss did not improve in the last 520 records. Best score: 0.050. Signaling Trainer to stop.
GPU available: True (cuda), used: True
TPU available: False, using: 0 TPU cores
HPU available: False, using: 0 HPUs
LOCAL_RANK: 0 - CUDA_VISIBLE_DEVICES: [0,1,2,3]
SLURM auto-requeueing enabled. Setting signal handlers.
[I 2024-11-04 17:37:36,629] Trial 463 finished with value: 0.3232831060886383 and parameters: {'hidden_dim': 111, 'n_layers': 5, 'dropout': 0.026713928024421248, 'input_chunk_length': 13, 'learning_rate': 0.00023926799916643008, 'batch_size': 32}. Best is trial 1 with value: 0.09709455817937851.
GPU available: True (cuda), used: True
TPU available: False, using: 0 TPU cores
HPU available: False, using: 0 HPUs
LOCAL_RANK: 0 - CUDA_VISIBLE_DEVICES: [0,1,2,3]
SLURM auto-requeueing enabled. Setting signal handlers.
Monitored metric train_loss did not improve in the last 521 records. Best score: 0.050. Signaling Trainer to stop.
GPU available: True (cuda), used: True
TPU available: False, using: 0 TPU cores
HPU available: False, using: 0 HPUs
LOCAL_RANK: 0 - CUDA_VISIBLE_DEVICES: [0,1,2,3]
SLURM auto-requeueing enabled. Setting signal handlers.
[I 2024-11-04 17:37:50,322] Trial 464 finished with value: 0.3505716323852539 and parameters: {'hidden_dim': 135, 'n_layers': 5, 'dropout': 0.016971627949510043, 'input_chunk_length': 17, 'learning_rate': 0.00034789085345318763, 'batch_size': 32}. Best is trial 1 with value: 0.09709455817937851.
GPU available: True (cuda), used: True
TPU available: False, using: 0 TPU cores
HPU available: False, using: 0 HPUs
LOCAL_RANK: 0 - CUDA_VISIBLE_DEVICES: [0,1,2,3]
SLURM auto-requeueing enabled. Setting signal handlers.
Monitored metric train_loss did not improve in the last 522 records. Best score: 0.050. Signaling Trainer to stop.
GPU available: True (cuda), used: True
TPU available: False, using: 0 TPU cores
HPU available: False, using: 0 HPUs
LOCAL_RANK: 0 - CUDA_VISIBLE_DEVICES: [0,1,2,3]
SLURM auto-requeueing enabled. Setting signal handlers.
[I 2024-11-04 17:38:04,079] Trial 465 finished with value: 0.3785202205181122 and parameters: {'hidden_dim': 126, 'n_layers': 5, 'dropout': 0.03905481067346102, 'input_chunk_length': 24, 'learning_rate': 0.0003028647274349818, 'batch_size': 32}. Best is trial 1 with value: 0.09709455817937851.
GPU available: True (cuda), used: True
TPU available: False, using: 0 TPU cores
HPU available: False, using: 0 HPUs
LOCAL_RANK: 0 - CUDA_VISIBLE_DEVICES: [0,1,2,3]
SLURM auto-requeueing enabled. Setting signal handlers.
Monitored metric train_loss did not improve in the last 523 records. Best score: 0.050. Signaling Trainer to stop.
GPU available: True (cuda), used: True
TPU available: False, using: 0 TPU cores
HPU available: False, using: 0 HPUs
LOCAL_RANK: 0 - CUDA_VISIBLE_DEVICES: [0,1,2,3]
SLURM auto-requeueing enabled. Setting signal handlers.
[I 2024-11-04 17:38:17,826] Trial 466 finished with value: 0.3360511064529419 and parameters: {'hidden_dim': 106, 'n_layers': 5, 'dropout': 0.012874533501295176, 'input_chunk_length': 10, 'learning_rate': 0.0003643042451507071, 'batch_size': 32}. Best is trial 1 with value: 0.09709455817937851.
GPU available: True (cuda), used: True
TPU available: False, using: 0 TPU cores
HPU available: False, using: 0 HPUs
LOCAL_RANK: 0 - CUDA_VISIBLE_DEVICES: [0,1,2,3]
SLURM auto-requeueing enabled. Setting signal handlers.
Monitored metric train_loss did not improve in the last 524 records. Best score: 0.050. Signaling Trainer to stop.
GPU available: True (cuda), used: True
TPU available: False, using: 0 TPU cores
HPU available: False, using: 0 HPUs
LOCAL_RANK: 0 - CUDA_VISIBLE_DEVICES: [0,1,2,3]
SLURM auto-requeueing enabled. Setting signal handlers.
[I 2024-11-04 17:38:30,797] Trial 467 finished with value: 0.46500399708747864 and parameters: {'hidden_dim': 117, 'n_layers': 5, 'dropout': 0.023359228024170023, 'input_chunk_length': 22, 'learning_rate': 5.038771787139276e-05, 'batch_size': 64}. Best is trial 1 with value: 0.09709455817937851.
GPU available: True (cuda), used: True
TPU available: False, using: 0 TPU cores
HPU available: False, using: 0 HPUs
LOCAL_RANK: 0 - CUDA_VISIBLE_DEVICES: [0,1,2,3]
SLURM auto-requeueing enabled. Setting signal handlers.
Monitored metric train_loss did not improve in the last 525 records. Best score: 0.050. Signaling Trainer to stop.
GPU available: True (cuda), used: True
TPU available: False, using: 0 TPU cores
HPU available: False, using: 0 HPUs
LOCAL_RANK: 0 - CUDA_VISIBLE_DEVICES: [0,1,2,3]
SLURM auto-requeueing enabled. Setting signal handlers.
[I 2024-11-04 17:38:44,378] Trial 468 finished with value: 0.3289426565170288 and parameters: {'hidden_dim': 92, 'n_layers': 5, 'dropout': 0.009657325192036841, 'input_chunk_length': 15, 'learning_rate': 0.009854864935262648, 'batch_size': 32}. Best is trial 1 with value: 0.09709455817937851.
GPU available: True (cuda), used: True
TPU available: False, using: 0 TPU cores
HPU available: False, using: 0 HPUs
LOCAL_RANK: 0 - CUDA_VISIBLE_DEVICES: [0,1,2,3]
SLURM auto-requeueing enabled. Setting signal handlers.
Monitored metric train_loss did not improve in the last 526 records. Best score: 0.050. Signaling Trainer to stop.
GPU available: True (cuda), used: True
TPU available: False, using: 0 TPU cores
HPU available: False, using: 0 HPUs
LOCAL_RANK: 0 - CUDA_VISIBLE_DEVICES: [0,1,2,3]
SLURM auto-requeueing enabled. Setting signal handlers.
[I 2024-11-04 17:38:58,259] Trial 469 finished with value: 0.3623024523258209 and parameters: {'hidden_dim': 134, 'n_layers': 5, 'dropout': 0.03216989707042303, 'input_chunk_length': 20, 'learning_rate': 0.0002563219571660623, 'batch_size': 32}. Best is trial 1 with value: 0.09709455817937851.
GPU available: True (cuda), used: True
TPU available: False, using: 0 TPU cores
HPU available: False, using: 0 HPUs
LOCAL_RANK: 0 - CUDA_VISIBLE_DEVICES: [0,1,2,3]
SLURM auto-requeueing enabled. Setting signal handlers.
Monitored metric train_loss did not improve in the last 527 records. Best score: 0.050. Signaling Trainer to stop.
GPU available: True (cuda), used: True
TPU available: False, using: 0 TPU cores
HPU available: False, using: 0 HPUs
LOCAL_RANK: 0 - CUDA_VISIBLE_DEVICES: [0,1,2,3]
SLURM auto-requeueing enabled. Setting signal handlers.
