[I 2024-10-13 14:28:20,672] Trial 223 finished with value: 74.96900177001953 and parameters: {'n_layers': 1, 'input_chunk_length': 71, 'hidden_dim': 197, 'learning_rate': 1.9427184599738513e-05, 'batch_size': 16, 'training_length': 347}. Best is trial 117 with value: 68.30783081054688.
Specified past encoders in `add_encoders` at model creation but model does not accept past covariates. past encoders will be ignored.
GPU available: True (cuda), used: True
TPU available: False, using: 0 TPU cores
HPU available: False, using: 0 HPUs
LOCAL_RANK: 0 - CUDA_VISIBLE_DEVICES: [0,1,2,3]
SLURM auto-requeueing enabled. Setting signal handlers.
Monitored metric val_loss did not improve in the last 280 records. Best score: -0.099. Signaling Trainer to stop.
GPU available: True (cuda), used: True
TPU available: False, using: 0 TPU cores
HPU available: False, using: 0 HPUs
LOCAL_RANK: 0 - CUDA_VISIBLE_DEVICES: [0,1,2,3]
SLURM auto-requeueing enabled. Setting signal handlers.
[I 2024-10-13 14:28:22,212] Trial 224 finished with value: 73.46176147460938 and parameters: {'n_layers': 1, 'input_chunk_length': 75, 'hidden_dim': 190, 'learning_rate': 2.730984135374808e-05, 'batch_size': 16, 'training_length': 405}. Best is trial 117 with value: 68.30783081054688.
Specified past encoders in `add_encoders` at model creation but model does not accept past covariates. past encoders will be ignored.
GPU available: True (cuda), used: True
TPU available: False, using: 0 TPU cores
HPU available: False, using: 0 HPUs
LOCAL_RANK: 0 - CUDA_VISIBLE_DEVICES: [0,1,2,3]
SLURM auto-requeueing enabled. Setting signal handlers.
Monitored metric val_loss did not improve in the last 281 records. Best score: -0.099. Signaling Trainer to stop.
GPU available: True (cuda), used: True
TPU available: False, using: 0 TPU cores
HPU available: False, using: 0 HPUs
LOCAL_RANK: 0 - CUDA_VISIBLE_DEVICES: [0,1,2,3]
SLURM auto-requeueing enabled. Setting signal handlers.
[I 2024-10-13 14:28:23,122] Trial 225 finished with value: 74.91422271728516 and parameters: {'n_layers': 1, 'input_chunk_length': 77, 'hidden_dim': 195, 'learning_rate': 4.78109227736321e-05, 'batch_size': 16, 'training_length': 129}. Best is trial 117 with value: 68.30783081054688.
Specified past encoders in `add_encoders` at model creation but model does not accept past covariates. past encoders will be ignored.
GPU available: True (cuda), used: True
TPU available: False, using: 0 TPU cores
HPU available: False, using: 0 HPUs
LOCAL_RANK: 0 - CUDA_VISIBLE_DEVICES: [0,1,2,3]
SLURM auto-requeueing enabled. Setting signal handlers.
Monitored metric val_loss did not improve in the last 282 records. Best score: -0.099. Signaling Trainer to stop.
GPU available: True (cuda), used: True
TPU available: False, using: 0 TPU cores
HPU available: False, using: 0 HPUs
LOCAL_RANK: 0 - CUDA_VISIBLE_DEVICES: [0,1,2,3]
SLURM auto-requeueing enabled. Setting signal handlers.
[I 2024-10-13 14:28:24,304] Trial 226 finished with value: 72.18605041503906 and parameters: {'n_layers': 1, 'input_chunk_length': 73, 'hidden_dim': 200, 'learning_rate': 3.8920080426874735e-05, 'batch_size': 16, 'training_length': 321}. Best is trial 117 with value: 68.30783081054688.
Specified past encoders in `add_encoders` at model creation but model does not accept past covariates. past encoders will be ignored.
GPU available: True (cuda), used: True
TPU available: False, using: 0 TPU cores
HPU available: False, using: 0 HPUs
LOCAL_RANK: 0 - CUDA_VISIBLE_DEVICES: [0,1,2,3]
SLURM auto-requeueing enabled. Setting signal handlers.
Monitored metric val_loss did not improve in the last 283 records. Best score: -0.099. Signaling Trainer to stop.
GPU available: True (cuda), used: True
TPU available: False, using: 0 TPU cores
HPU available: False, using: 0 HPUs
LOCAL_RANK: 0 - CUDA_VISIBLE_DEVICES: [0,1,2,3]
SLURM auto-requeueing enabled. Setting signal handlers.
[I 2024-10-13 14:28:25,638] Trial 227 finished with value: 81.30815887451172 and parameters: {'n_layers': 1, 'input_chunk_length': 69, 'hidden_dim': 188, 'learning_rate': 8.891398770756746e-05, 'batch_size': 16, 'training_length': 292}. Best is trial 117 with value: 68.30783081054688.
Specified past encoders in `add_encoders` at model creation but model does not accept past covariates. past encoders will be ignored.
GPU available: True (cuda), used: True
TPU available: False, using: 0 TPU cores
HPU available: False, using: 0 HPUs
LOCAL_RANK: 0 - CUDA_VISIBLE_DEVICES: [0,1,2,3]
SLURM auto-requeueing enabled. Setting signal handlers.
Monitored metric val_loss did not improve in the last 284 records. Best score: -0.099. Signaling Trainer to stop.
GPU available: True (cuda), used: True
TPU available: False, using: 0 TPU cores
HPU available: False, using: 0 HPUs
LOCAL_RANK: 0 - CUDA_VISIBLE_DEVICES: [0,1,2,3]
SLURM auto-requeueing enabled. Setting signal handlers.
[I 2024-10-13 14:28:27,051] Trial 228 finished with value: 77.41561126708984 and parameters: {'n_layers': 1, 'input_chunk_length': 13, 'hidden_dim': 191, 'learning_rate': 6.876467325465589e-05, 'batch_size': 16, 'training_length': 336}. Best is trial 117 with value: 68.30783081054688.
Specified past encoders in `add_encoders` at model creation but model does not accept past covariates. past encoders will be ignored.
GPU available: True (cuda), used: True
TPU available: False, using: 0 TPU cores
HPU available: False, using: 0 HPUs
LOCAL_RANK: 0 - CUDA_VISIBLE_DEVICES: [0,1,2,3]
SLURM auto-requeueing enabled. Setting signal handlers.
Monitored metric val_loss did not improve in the last 285 records. Best score: -0.099. Signaling Trainer to stop.
GPU available: True (cuda), used: True
TPU available: False, using: 0 TPU cores
HPU available: False, using: 0 HPUs
LOCAL_RANK: 0 - CUDA_VISIBLE_DEVICES: [0,1,2,3]
SLURM auto-requeueing enabled. Setting signal handlers.
[I 2024-10-13 14:28:28,304] Trial 229 finished with value: 75.87571716308594 and parameters: {'n_layers': 1, 'input_chunk_length': 10, 'hidden_dim': 194, 'learning_rate': 2.2413614326425668e-05, 'batch_size': 16, 'training_length': 362}. Best is trial 117 with value: 68.30783081054688.
Specified past encoders in `add_encoders` at model creation but model does not accept past covariates. past encoders will be ignored.
GPU available: True (cuda), used: True
TPU available: False, using: 0 TPU cores
HPU available: False, using: 0 HPUs
LOCAL_RANK: 0 - CUDA_VISIBLE_DEVICES: [0,1,2,3]
SLURM auto-requeueing enabled. Setting signal handlers.
Monitored metric val_loss did not improve in the last 286 records. Best score: -0.099. Signaling Trainer to stop.
GPU available: True (cuda), used: True
TPU available: False, using: 0 TPU cores
HPU available: False, using: 0 HPUs
LOCAL_RANK: 0 - CUDA_VISIBLE_DEVICES: [0,1,2,3]
SLURM auto-requeueing enabled. Setting signal handlers.
[I 2024-10-13 14:28:29,551] Trial 230 finished with value: 72.15271759033203 and parameters: {'n_layers': 1, 'input_chunk_length': 79, 'hidden_dim': 155, 'learning_rate': 2.8948447605441216e-06, 'batch_size': 16, 'training_length': 351}. Best is trial 117 with value: 68.30783081054688.
Specified past encoders in `add_encoders` at model creation but model does not accept past covariates. past encoders will be ignored.
GPU available: True (cuda), used: True
TPU available: False, using: 0 TPU cores
HPU available: False, using: 0 HPUs
LOCAL_RANK: 0 - CUDA_VISIBLE_DEVICES: [0,1,2,3]
SLURM auto-requeueing enabled. Setting signal handlers.
Monitored metric val_loss did not improve in the last 287 records. Best score: -0.099. Signaling Trainer to stop.
GPU available: True (cuda), used: True
TPU available: False, using: 0 TPU cores
HPU available: False, using: 0 HPUs
LOCAL_RANK: 0 - CUDA_VISIBLE_DEVICES: [0,1,2,3]
SLURM auto-requeueing enabled. Setting signal handlers.
[I 2024-10-13 14:28:30,754] Trial 231 finished with value: 74.7738265991211 and parameters: {'n_layers': 1, 'input_chunk_length': 74, 'hidden_dim': 197, 'learning_rate': 1.4869939198349105e-05, 'batch_size': 16, 'training_length': 328}. Best is trial 117 with value: 68.30783081054688.
Specified past encoders in `add_encoders` at model creation but model does not accept past covariates. past encoders will be ignored.
GPU available: True (cuda), used: True
TPU available: False, using: 0 TPU cores
HPU available: False, using: 0 HPUs
LOCAL_RANK: 0 - CUDA_VISIBLE_DEVICES: [0,1,2,3]
SLURM auto-requeueing enabled. Setting signal handlers.
Monitored metric val_loss did not improve in the last 288 records. Best score: -0.099. Signaling Trainer to stop.
GPU available: True (cuda), used: True
TPU available: False, using: 0 TPU cores
HPU available: False, using: 0 HPUs
LOCAL_RANK: 0 - CUDA_VISIBLE_DEVICES: [0,1,2,3]
SLURM auto-requeueing enabled. Setting signal handlers.
[I 2024-10-13 14:28:31,658] Trial 232 finished with value: 71.84388732910156 and parameters: {'n_layers': 1, 'input_chunk_length': 75, 'hidden_dim': 200, 'learning_rate': 1.1641535712217907e-05, 'batch_size': 32, 'training_length': 309}. Best is trial 117 with value: 68.30783081054688.
Specified past encoders in `add_encoders` at model creation but model does not accept past covariates. past encoders will be ignored.
GPU available: True (cuda), used: True
TPU available: False, using: 0 TPU cores
HPU available: False, using: 0 HPUs
LOCAL_RANK: 0 - CUDA_VISIBLE_DEVICES: [0,1,2,3]
SLURM auto-requeueing enabled. Setting signal handlers.
Monitored metric val_loss did not improve in the last 289 records. Best score: -0.099. Signaling Trainer to stop.
GPU available: True (cuda), used: True
TPU available: False, using: 0 TPU cores
HPU available: False, using: 0 HPUs
LOCAL_RANK: 0 - CUDA_VISIBLE_DEVICES: [0,1,2,3]
SLURM auto-requeueing enabled. Setting signal handlers.
[I 2024-10-13 14:28:32,747] Trial 233 finished with value: 69.11063385009766 and parameters: {'n_layers': 1, 'input_chunk_length': 72, 'hidden_dim': 192, 'learning_rate': 1.7698260568915476e-05, 'batch_size': 32, 'training_length': 338}. Best is trial 117 with value: 68.30783081054688.
Specified past encoders in `add_encoders` at model creation but model does not accept past covariates. past encoders will be ignored.
GPU available: True (cuda), used: True
TPU available: False, using: 0 TPU cores
HPU available: False, using: 0 HPUs
LOCAL_RANK: 0 - CUDA_VISIBLE_DEVICES: [0,1,2,3]
SLURM auto-requeueing enabled. Setting signal handlers.
Monitored metric val_loss did not improve in the last 290 records. Best score: -0.099. Signaling Trainer to stop.
GPU available: True (cuda), used: True
TPU available: False, using: 0 TPU cores
HPU available: False, using: 0 HPUs
LOCAL_RANK: 0 - CUDA_VISIBLE_DEVICES: [0,1,2,3]
SLURM auto-requeueing enabled. Setting signal handlers.
[I 2024-10-13 14:28:33,844] Trial 234 finished with value: 69.07736206054688 and parameters: {'n_layers': 1, 'input_chunk_length': 71, 'hidden_dim': 192, 'learning_rate': 1.7702213695313785e-05, 'batch_size': 32, 'training_length': 338}. Best is trial 117 with value: 68.30783081054688.
Specified past encoders in `add_encoders` at model creation but model does not accept past covariates. past encoders will be ignored.
GPU available: True (cuda), used: True
TPU available: False, using: 0 TPU cores
HPU available: False, using: 0 HPUs
LOCAL_RANK: 0 - CUDA_VISIBLE_DEVICES: [0,1,2,3]
SLURM auto-requeueing enabled. Setting signal handlers.
Monitored metric val_loss did not improve in the last 291 records. Best score: -0.099. Signaling Trainer to stop.
GPU available: True (cuda), used: True
TPU available: False, using: 0 TPU cores
HPU available: False, using: 0 HPUs
LOCAL_RANK: 0 - CUDA_VISIBLE_DEVICES: [0,1,2,3]
SLURM auto-requeueing enabled. Setting signal handlers.
[I 2024-10-13 14:28:34,916] Trial 235 finished with value: 73.01317596435547 and parameters: {'n_layers': 1, 'input_chunk_length': 71, 'hidden_dim': 190, 'learning_rate': 1.7172124904764104e-05, 'batch_size': 32, 'training_length': 341}. Best is trial 117 with value: 68.30783081054688.
Specified past encoders in `add_encoders` at model creation but model does not accept past covariates. past encoders will be ignored.
GPU available: True (cuda), used: True
TPU available: False, using: 0 TPU cores
HPU available: False, using: 0 HPUs
LOCAL_RANK: 0 - CUDA_VISIBLE_DEVICES: [0,1,2,3]
SLURM auto-requeueing enabled. Setting signal handlers.
Monitored metric val_loss did not improve in the last 292 records. Best score: -0.099. Signaling Trainer to stop.
GPU available: True (cuda), used: True
TPU available: False, using: 0 TPU cores
HPU available: False, using: 0 HPUs
LOCAL_RANK: 0 - CUDA_VISIBLE_DEVICES: [0,1,2,3]
SLURM auto-requeueing enabled. Setting signal handlers.
[I 2024-10-13 14:28:36,066] Trial 236 finished with value: 74.83656311035156 and parameters: {'n_layers': 1, 'input_chunk_length': 70, 'hidden_dim': 187, 'learning_rate': 7.1648166751143e-06, 'batch_size': 32, 'training_length': 413}. Best is trial 117 with value: 68.30783081054688.
Specified past encoders in `add_encoders` at model creation but model does not accept past covariates. past encoders will be ignored.
GPU available: True (cuda), used: True
TPU available: False, using: 0 TPU cores
HPU available: False, using: 0 HPUs
LOCAL_RANK: 0 - CUDA_VISIBLE_DEVICES: [0,1,2,3]
SLURM auto-requeueing enabled. Setting signal handlers.
Monitored metric val_loss did not improve in the last 293 records. Best score: -0.099. Signaling Trainer to stop.
GPU available: True (cuda), used: True
TPU available: False, using: 0 TPU cores
HPU available: False, using: 0 HPUs
LOCAL_RANK: 0 - CUDA_VISIBLE_DEVICES: [0,1,2,3]
SLURM auto-requeueing enabled. Setting signal handlers.
[I 2024-10-13 14:28:37,028] Trial 237 finished with value: 91.49147033691406 and parameters: {'n_layers': 1, 'input_chunk_length': 73, 'hidden_dim': 193, 'learning_rate': 1.3910464269906959e-05, 'batch_size': 32, 'training_length': 398}. Best is trial 117 with value: 68.30783081054688.
Specified past encoders in `add_encoders` at model creation but model does not accept past covariates. past encoders will be ignored.
GPU available: True (cuda), used: True
TPU available: False, using: 0 TPU cores
HPU available: False, using: 0 HPUs
LOCAL_RANK: 0 - CUDA_VISIBLE_DEVICES: [0,1,2,3]
SLURM auto-requeueing enabled. Setting signal handlers.
Monitored metric val_loss did not improve in the last 294 records. Best score: -0.099. Signaling Trainer to stop.
GPU available: True (cuda), used: True
TPU available: False, using: 0 TPU cores
HPU available: False, using: 0 HPUs
LOCAL_RANK: 0 - CUDA_VISIBLE_DEVICES: [0,1,2,3]
SLURM auto-requeueing enabled. Setting signal handlers.
[I 2024-10-13 14:28:38,116] Trial 238 finished with value: 85.69585418701172 and parameters: {'n_layers': 1, 'input_chunk_length': 71, 'hidden_dim': 189, 'learning_rate': 9.682557039643734e-06, 'batch_size': 32, 'training_length': 348}. Best is trial 117 with value: 68.30783081054688.
Specified past encoders in `add_encoders` at model creation but model does not accept past covariates. past encoders will be ignored.
GPU available: True (cuda), used: True
TPU available: False, using: 0 TPU cores
HPU available: False, using: 0 HPUs
LOCAL_RANK: 0 - CUDA_VISIBLE_DEVICES: [0,1,2,3]
SLURM auto-requeueing enabled. Setting signal handlers.
Monitored metric val_loss did not improve in the last 295 records. Best score: -0.099. Signaling Trainer to stop.
GPU available: True (cuda), used: True
TPU available: False, using: 0 TPU cores
HPU available: False, using: 0 HPUs
LOCAL_RANK: 0 - CUDA_VISIBLE_DEVICES: [0,1,2,3]
SLURM auto-requeueing enabled. Setting signal handlers.
[I 2024-10-13 14:28:39,220] Trial 239 finished with value: 76.84166717529297 and parameters: {'n_layers': 1, 'input_chunk_length': 30, 'hidden_dim': 184, 'learning_rate': 1.74850163833357e-05, 'batch_size': 32, 'training_length': 363}. Best is trial 117 with value: 68.30783081054688.
Specified past encoders in `add_encoders` at model creation but model does not accept past covariates. past encoders will be ignored.
GPU available: True (cuda), used: True
TPU available: False, using: 0 TPU cores
HPU available: False, using: 0 HPUs
LOCAL_RANK: 0 - CUDA_VISIBLE_DEVICES: [0,1,2,3]
SLURM auto-requeueing enabled. Setting signal handlers.
Monitored metric val_loss did not improve in the last 296 records. Best score: -0.099. Signaling Trainer to stop.
GPU available: True (cuda), used: True
TPU available: False, using: 0 TPU cores
HPU available: False, using: 0 HPUs
LOCAL_RANK: 0 - CUDA_VISIBLE_DEVICES: [0,1,2,3]
SLURM auto-requeueing enabled. Setting signal handlers.
[I 2024-10-13 14:28:40,434] Trial 240 finished with value: 73.95928955078125 and parameters: {'n_layers': 1, 'input_chunk_length': 72, 'hidden_dim': 191, 'learning_rate': 3.220424000821051e-05, 'batch_size': 32, 'training_length': 461}. Best is trial 117 with value: 68.30783081054688.
Specified past encoders in `add_encoders` at model creation but model does not accept past covariates. past encoders will be ignored.
GPU available: True (cuda), used: True
TPU available: False, using: 0 TPU cores
HPU available: False, using: 0 HPUs
LOCAL_RANK: 0 - CUDA_VISIBLE_DEVICES: [0,1,2,3]
SLURM auto-requeueing enabled. Setting signal handlers.
Monitored metric val_loss did not improve in the last 297 records. Best score: -0.099. Signaling Trainer to stop.
GPU available: True (cuda), used: True
TPU available: False, using: 0 TPU cores
HPU available: False, using: 0 HPUs
LOCAL_RANK: 0 - CUDA_VISIBLE_DEVICES: [0,1,2,3]
SLURM auto-requeueing enabled. Setting signal handlers.
[I 2024-10-13 14:28:41,647] Trial 241 finished with value: 75.92893981933594 and parameters: {'n_layers': 1, 'input_chunk_length': 76, 'hidden_dim': 194, 'learning_rate': 1.9745834936133793e-05, 'batch_size': 16, 'training_length': 334}. Best is trial 117 with value: 68.30783081054688.
Specified past encoders in `add_encoders` at model creation but model does not accept past covariates. past encoders will be ignored.
GPU available: True (cuda), used: True
TPU available: False, using: 0 TPU cores
HPU available: False, using: 0 HPUs
LOCAL_RANK: 0 - CUDA_VISIBLE_DEVICES: [0,1,2,3]
SLURM auto-requeueing enabled. Setting signal handlers.
Monitored metric val_loss did not improve in the last 298 records. Best score: -0.099. Signaling Trainer to stop.
GPU available: True (cuda), used: True
TPU available: False, using: 0 TPU cores
HPU available: False, using: 0 HPUs
LOCAL_RANK: 0 - CUDA_VISIBLE_DEVICES: [0,1,2,3]
SLURM auto-requeueing enabled. Setting signal handlers.
[I 2024-10-13 14:28:42,840] Trial 242 finished with value: 72.70744323730469 and parameters: {'n_layers': 1, 'input_chunk_length': 74, 'hidden_dim': 196, 'learning_rate': 2.3769513809664133e-05, 'batch_size': 16, 'training_length': 320}. Best is trial 117 with value: 68.30783081054688.
Specified past encoders in `add_encoders` at model creation but model does not accept past covariates. past encoders will be ignored.
GPU available: True (cuda), used: True
TPU available: False, using: 0 TPU cores
HPU available: False, using: 0 HPUs
LOCAL_RANK: 0 - CUDA_VISIBLE_DEVICES: [0,1,2,3]
SLURM auto-requeueing enabled. Setting signal handlers.
Monitored metric val_loss did not improve in the last 299 records. Best score: -0.099. Signaling Trainer to stop.
GPU available: True (cuda), used: True
TPU available: False, using: 0 TPU cores
HPU available: False, using: 0 HPUs
LOCAL_RANK: 0 - CUDA_VISIBLE_DEVICES: [0,1,2,3]
SLURM auto-requeueing enabled. Setting signal handlers.
[I 2024-10-13 14:28:44,286] Trial 243 finished with value: 69.38118743896484 and parameters: {'n_layers': 1, 'input_chunk_length': 76, 'hidden_dim': 192, 'learning_rate': 2.579473486037445e-05, 'batch_size': 16, 'training_length': 339}. Best is trial 117 with value: 68.30783081054688.
Specified past encoders in `add_encoders` at model creation but model does not accept past covariates. past encoders will be ignored.
GPU available: True (cuda), used: True
TPU available: False, using: 0 TPU cores
HPU available: False, using: 0 HPUs
LOCAL_RANK: 0 - CUDA_VISIBLE_DEVICES: [0,1,2,3]
SLURM auto-requeueing enabled. Setting signal handlers.
Monitored metric val_loss did not improve in the last 300 records. Best score: -0.099. Signaling Trainer to stop.
GPU available: True (cuda), used: True
TPU available: False, using: 0 TPU cores
HPU available: False, using: 0 HPUs
LOCAL_RANK: 0 - CUDA_VISIBLE_DEVICES: [0,1,2,3]
SLURM auto-requeueing enabled. Setting signal handlers.
[I 2024-10-13 14:28:45,762] Trial 244 finished with value: 69.21354675292969 and parameters: {'n_layers': 1, 'input_chunk_length': 21, 'hidden_dim': 192, 'learning_rate': 2.5461185688376688e-05, 'batch_size': 16, 'training_length': 354}. Best is trial 117 with value: 68.30783081054688.
Specified past encoders in `add_encoders` at model creation but model does not accept past covariates. past encoders will be ignored.
GPU available: True (cuda), used: True
TPU available: False, using: 0 TPU cores
HPU available: False, using: 0 HPUs
LOCAL_RANK: 0 - CUDA_VISIBLE_DEVICES: [0,1,2,3]
SLURM auto-requeueing enabled. Setting signal handlers.
Monitored metric val_loss did not improve in the last 301 records. Best score: -0.099. Signaling Trainer to stop.
GPU available: True (cuda), used: True
TPU available: False, using: 0 TPU cores
HPU available: False, using: 0 HPUs
LOCAL_RANK: 0 - CUDA_VISIBLE_DEVICES: [0,1,2,3]
SLURM auto-requeueing enabled. Setting signal handlers.
