[I 2024-10-13 12:06:40,519] Trial 545 finished with value: 37.68550109863281 and parameters: {'n_layers': 1, 'input_chunk_length': 71, 'hidden_dim': 152, 'learning_rate': 6.040333837993984e-06, 'batch_size': 16, 'training_length': 91}. Best is trial 68 with value: 21.851852416992188.
Specified past encoders in `add_encoders` at model creation but model does not accept past covariates. past encoders will be ignored.
GPU available: True (cuda), used: True
TPU available: False, using: 0 TPU cores
HPU available: False, using: 0 HPUs
LOCAL_RANK: 0 - CUDA_VISIBLE_DEVICES: [0,1,2,3]
SLURM auto-requeueing enabled. Setting signal handlers.
Monitored metric val_loss did not improve in the last 604 records. Best score: -0.648. Signaling Trainer to stop.
GPU available: True (cuda), used: True
TPU available: False, using: 0 TPU cores
HPU available: False, using: 0 HPUs
LOCAL_RANK: 0 - CUDA_VISIBLE_DEVICES: [0,1,2,3]
SLURM auto-requeueing enabled. Setting signal handlers.
[I 2024-10-13 12:06:41,338] Trial 546 finished with value: 34.90209197998047 and parameters: {'n_layers': 1, 'input_chunk_length': 56, 'hidden_dim': 140, 'learning_rate': 1.2117481727779693e-06, 'batch_size': 16, 'training_length': 69}. Best is trial 68 with value: 21.851852416992188.
Specified past encoders in `add_encoders` at model creation but model does not accept past covariates. past encoders will be ignored.
GPU available: True (cuda), used: True
TPU available: False, using: 0 TPU cores
HPU available: False, using: 0 HPUs
LOCAL_RANK: 0 - CUDA_VISIBLE_DEVICES: [0,1,2,3]
SLURM auto-requeueing enabled. Setting signal handlers.
Monitored metric val_loss did not improve in the last 605 records. Best score: -0.648. Signaling Trainer to stop.
GPU available: True (cuda), used: True
TPU available: False, using: 0 TPU cores
HPU available: False, using: 0 HPUs
LOCAL_RANK: 0 - CUDA_VISIBLE_DEVICES: [0,1,2,3]
SLURM auto-requeueing enabled. Setting signal handlers.
[I 2024-10-13 12:06:42,167] Trial 547 finished with value: 33.63821792602539 and parameters: {'n_layers': 1, 'input_chunk_length': 65, 'hidden_dim': 147, 'learning_rate': 2.6183432395533407e-07, 'batch_size': 16, 'training_length': 77}. Best is trial 68 with value: 21.851852416992188.
Specified past encoders in `add_encoders` at model creation but model does not accept past covariates. past encoders will be ignored.
GPU available: True (cuda), used: True
TPU available: False, using: 0 TPU cores
HPU available: False, using: 0 HPUs
LOCAL_RANK: 0 - CUDA_VISIBLE_DEVICES: [0,1,2,3]
SLURM auto-requeueing enabled. Setting signal handlers.
Monitored metric val_loss did not improve in the last 606 records. Best score: -0.648. Signaling Trainer to stop.
GPU available: True (cuda), used: True
TPU available: False, using: 0 TPU cores
HPU available: False, using: 0 HPUs
LOCAL_RANK: 0 - CUDA_VISIBLE_DEVICES: [0,1,2,3]
SLURM auto-requeueing enabled. Setting signal handlers.
[I 2024-10-13 12:06:42,983] Trial 548 finished with value: 36.32072448730469 and parameters: {'n_layers': 1, 'input_chunk_length': 52, 'hidden_dim': 144, 'learning_rate': 1.390432880797542e-07, 'batch_size': 16, 'training_length': 61}. Best is trial 68 with value: 21.851852416992188.
Specified past encoders in `add_encoders` at model creation but model does not accept past covariates. past encoders will be ignored.
GPU available: True (cuda), used: True
TPU available: False, using: 0 TPU cores
HPU available: False, using: 0 HPUs
LOCAL_RANK: 0 - CUDA_VISIBLE_DEVICES: [0,1,2,3]
SLURM auto-requeueing enabled. Setting signal handlers.
Monitored metric val_loss did not improve in the last 607 records. Best score: -0.648. Signaling Trainer to stop.
GPU available: True (cuda), used: True
TPU available: False, using: 0 TPU cores
HPU available: False, using: 0 HPUs
LOCAL_RANK: 0 - CUDA_VISIBLE_DEVICES: [0,1,2,3]
SLURM auto-requeueing enabled. Setting signal handlers.
[I 2024-10-13 12:06:44,129] Trial 549 finished with value: 33.59768295288086 and parameters: {'n_layers': 1, 'input_chunk_length': 58, 'hidden_dim': 138, 'learning_rate': 3.2932513647496585e-06, 'batch_size': 16, 'training_length': 311}. Best is trial 68 with value: 21.851852416992188.
Specified past encoders in `add_encoders` at model creation but model does not accept past covariates. past encoders will be ignored.
GPU available: True (cuda), used: True
TPU available: False, using: 0 TPU cores
HPU available: False, using: 0 HPUs
LOCAL_RANK: 0 - CUDA_VISIBLE_DEVICES: [0,1,2,3]
SLURM auto-requeueing enabled. Setting signal handlers.
Monitored metric val_loss did not improve in the last 608 records. Best score: -0.648. Signaling Trainer to stop.
GPU available: True (cuda), used: True
TPU available: False, using: 0 TPU cores
HPU available: False, using: 0 HPUs
LOCAL_RANK: 0 - CUDA_VISIBLE_DEVICES: [0,1,2,3]
SLURM auto-requeueing enabled. Setting signal handlers.
[I 2024-10-13 12:06:44,959] Trial 550 finished with value: 67.57710266113281 and parameters: {'n_layers': 1, 'input_chunk_length': 61, 'hidden_dim': 150, 'learning_rate': 4.742919197162361e-07, 'batch_size': 16, 'training_length': 75}. Best is trial 68 with value: 21.851852416992188.
Specified past encoders in `add_encoders` at model creation but model does not accept past covariates. past encoders will be ignored.
GPU available: True (cuda), used: True
TPU available: False, using: 0 TPU cores
HPU available: False, using: 0 HPUs
LOCAL_RANK: 0 - CUDA_VISIBLE_DEVICES: [0,1,2,3]
SLURM auto-requeueing enabled. Setting signal handlers.
Monitored metric val_loss did not improve in the last 609 records. Best score: -0.648. Signaling Trainer to stop.
GPU available: True (cuda), used: True
TPU available: False, using: 0 TPU cores
HPU available: False, using: 0 HPUs
LOCAL_RANK: 0 - CUDA_VISIBLE_DEVICES: [0,1,2,3]
SLURM auto-requeueing enabled. Setting signal handlers.
[I 2024-10-13 12:06:46,324] Trial 551 finished with value: 33.380126953125 and parameters: {'n_layers': 1, 'input_chunk_length': 63, 'hidden_dim': 155, 'learning_rate': 6.8570786520973554e-06, 'batch_size': 16, 'training_length': 443}. Best is trial 68 with value: 21.851852416992188.
Specified past encoders in `add_encoders` at model creation but model does not accept past covariates. past encoders will be ignored.
GPU available: True (cuda), used: True
TPU available: False, using: 0 TPU cores
HPU available: False, using: 0 HPUs
LOCAL_RANK: 0 - CUDA_VISIBLE_DEVICES: [0,1,2,3]
SLURM auto-requeueing enabled. Setting signal handlers.
Monitored metric val_loss did not improve in the last 610 records. Best score: -0.648. Signaling Trainer to stop.
GPU available: True (cuda), used: True
TPU available: False, using: 0 TPU cores
HPU available: False, using: 0 HPUs
LOCAL_RANK: 0 - CUDA_VISIBLE_DEVICES: [0,1,2,3]
SLURM auto-requeueing enabled. Setting signal handlers.
[I 2024-10-13 12:06:47,463] Trial 552 finished with value: 27.584468841552734 and parameters: {'n_layers': 1, 'input_chunk_length': 54, 'hidden_dim': 142, 'learning_rate': 3.30890032618819e-07, 'batch_size': 16, 'training_length': 295}. Best is trial 68 with value: 21.851852416992188.
Specified past encoders in `add_encoders` at model creation but model does not accept past covariates. past encoders will be ignored.
GPU available: True (cuda), used: True
TPU available: False, using: 0 TPU cores
HPU available: False, using: 0 HPUs
LOCAL_RANK: 0 - CUDA_VISIBLE_DEVICES: [0,1,2,3]
SLURM auto-requeueing enabled. Setting signal handlers.
Monitored metric val_loss did not improve in the last 611 records. Best score: -0.648. Signaling Trainer to stop.
GPU available: True (cuda), used: True
TPU available: False, using: 0 TPU cores
HPU available: False, using: 0 HPUs
LOCAL_RANK: 0 - CUDA_VISIBLE_DEVICES: [0,1,2,3]
SLURM auto-requeueing enabled. Setting signal handlers.
[I 2024-10-13 12:06:48,310] Trial 553 finished with value: 33.63520050048828 and parameters: {'n_layers': 1, 'input_chunk_length': 69, 'hidden_dim': 147, 'learning_rate': 2.0140026595785302e-07, 'batch_size': 16, 'training_length': 89}. Best is trial 68 with value: 21.851852416992188.
Specified past encoders in `add_encoders` at model creation but model does not accept past covariates. past encoders will be ignored.
GPU available: True (cuda), used: True
TPU available: False, using: 0 TPU cores
HPU available: False, using: 0 HPUs
LOCAL_RANK: 0 - CUDA_VISIBLE_DEVICES: [0,1,2,3]
SLURM auto-requeueing enabled. Setting signal handlers.
Monitored metric val_loss did not improve in the last 612 records. Best score: -0.648. Signaling Trainer to stop.
GPU available: True (cuda), used: True
TPU available: False, using: 0 TPU cores
HPU available: False, using: 0 HPUs
LOCAL_RANK: 0 - CUDA_VISIBLE_DEVICES: [0,1,2,3]
SLURM auto-requeueing enabled. Setting signal handlers.
[I 2024-10-13 12:06:49,188] Trial 554 finished with value: 50.424537658691406 and parameters: {'n_layers': 1, 'input_chunk_length': 100, 'hidden_dim': 145, 'learning_rate': 1.3992026701145004e-05, 'batch_size': 16, 'training_length': 110}. Best is trial 68 with value: 21.851852416992188.
Specified past encoders in `add_encoders` at model creation but model does not accept past covariates. past encoders will be ignored.
GPU available: True (cuda), used: True
TPU available: False, using: 0 TPU cores
HPU available: False, using: 0 HPUs
LOCAL_RANK: 0 - CUDA_VISIBLE_DEVICES: [0,1,2,3]
SLURM auto-requeueing enabled. Setting signal handlers.
Monitored metric val_loss did not improve in the last 613 records. Best score: -0.648. Signaling Trainer to stop.
GPU available: True (cuda), used: True
TPU available: False, using: 0 TPU cores
HPU available: False, using: 0 HPUs
LOCAL_RANK: 0 - CUDA_VISIBLE_DEVICES: [0,1,2,3]
SLURM auto-requeueing enabled. Setting signal handlers.
[I 2024-10-13 12:06:50,025] Trial 555 finished with value: 28.537487030029297 and parameters: {'n_layers': 1, 'input_chunk_length': 65, 'hidden_dim': 151, 'learning_rate': 1.0397531243154043e-05, 'batch_size': 16, 'training_length': 78}. Best is trial 68 with value: 21.851852416992188.
Specified past encoders in `add_encoders` at model creation but model does not accept past covariates. past encoders will be ignored.
GPU available: True (cuda), used: True
TPU available: False, using: 0 TPU cores
HPU available: False, using: 0 HPUs
LOCAL_RANK: 0 - CUDA_VISIBLE_DEVICES: [0,1,2,3]
SLURM auto-requeueing enabled. Setting signal handlers.
Monitored metric val_loss did not improve in the last 614 records. Best score: -0.648. Signaling Trainer to stop.
GPU available: True (cuda), used: True
TPU available: False, using: 0 TPU cores
HPU available: False, using: 0 HPUs
LOCAL_RANK: 0 - CUDA_VISIBLE_DEVICES: [0,1,2,3]
SLURM auto-requeueing enabled. Setting signal handlers.
[I 2024-10-13 12:06:51,123] Trial 556 finished with value: 33.47744369506836 and parameters: {'n_layers': 1, 'input_chunk_length': 59, 'hidden_dim': 141, 'learning_rate': 2.5295083601613157e-06, 'batch_size': 16, 'training_length': 267}. Best is trial 68 with value: 21.851852416992188.
Specified past encoders in `add_encoders` at model creation but model does not accept past covariates. past encoders will be ignored.
GPU available: True (cuda), used: True
TPU available: False, using: 0 TPU cores
HPU available: False, using: 0 HPUs
LOCAL_RANK: 0 - CUDA_VISIBLE_DEVICES: [0,1,2,3]
SLURM auto-requeueing enabled. Setting signal handlers.
Monitored metric val_loss did not improve in the last 615 records. Best score: -0.648. Signaling Trainer to stop.
GPU available: True (cuda), used: True
TPU available: False, using: 0 TPU cores
HPU available: False, using: 0 HPUs
LOCAL_RANK: 0 - CUDA_VISIBLE_DEVICES: [0,1,2,3]
SLURM auto-requeueing enabled. Setting signal handlers.
[I 2024-10-13 12:06:51,987] Trial 557 finished with value: 29.4559383392334 and parameters: {'n_layers': 1, 'input_chunk_length': 62, 'hidden_dim': 149, 'learning_rate': 3.9771821124524775e-06, 'batch_size': 16, 'training_length': 98}. Best is trial 68 with value: 21.851852416992188.
Specified past encoders in `add_encoders` at model creation but model does not accept past covariates. past encoders will be ignored.
GPU available: True (cuda), used: True
TPU available: False, using: 0 TPU cores
HPU available: False, using: 0 HPUs
LOCAL_RANK: 0 - CUDA_VISIBLE_DEVICES: [0,1,2,3]
SLURM auto-requeueing enabled. Setting signal handlers.
Monitored metric val_loss did not improve in the last 616 records. Best score: -0.648. Signaling Trainer to stop.
GPU available: True (cuda), used: True
TPU available: False, using: 0 TPU cores
HPU available: False, using: 0 HPUs
LOCAL_RANK: 0 - CUDA_VISIBLE_DEVICES: [0,1,2,3]
SLURM auto-requeueing enabled. Setting signal handlers.
[I 2024-10-13 12:06:52,832] Trial 558 finished with value: 22.69674301147461 and parameters: {'n_layers': 1, 'input_chunk_length': 67, 'hidden_dim': 146, 'learning_rate': 5.47742142925119e-06, 'batch_size': 16, 'training_length': 88}. Best is trial 68 with value: 21.851852416992188.
Specified past encoders in `add_encoders` at model creation but model does not accept past covariates. past encoders will be ignored.
GPU available: True (cuda), used: True
TPU available: False, using: 0 TPU cores
HPU available: False, using: 0 HPUs
LOCAL_RANK: 0 - CUDA_VISIBLE_DEVICES: [0,1,2,3]
SLURM auto-requeueing enabled. Setting signal handlers.
Monitored metric val_loss did not improve in the last 617 records. Best score: -0.648. Signaling Trainer to stop.
GPU available: True (cuda), used: True
TPU available: False, using: 0 TPU cores
HPU available: False, using: 0 HPUs
LOCAL_RANK: 0 - CUDA_VISIBLE_DEVICES: [0,1,2,3]
SLURM auto-requeueing enabled. Setting signal handlers.
[I 2024-10-13 12:06:53,675] Trial 559 finished with value: 45.644893646240234 and parameters: {'n_layers': 1, 'input_chunk_length': 67, 'hidden_dim': 143, 'learning_rate': 8.234685138123533e-06, 'batch_size': 16, 'training_length': 87}. Best is trial 68 with value: 21.851852416992188.
Specified past encoders in `add_encoders` at model creation but model does not accept past covariates. past encoders will be ignored.
GPU available: True (cuda), used: True
TPU available: False, using: 0 TPU cores
HPU available: False, using: 0 HPUs
LOCAL_RANK: 0 - CUDA_VISIBLE_DEVICES: [0,1,2,3]
SLURM auto-requeueing enabled. Setting signal handlers.
Monitored metric val_loss did not improve in the last 618 records. Best score: -0.648. Signaling Trainer to stop.
GPU available: True (cuda), used: True
TPU available: False, using: 0 TPU cores
HPU available: False, using: 0 HPUs
LOCAL_RANK: 0 - CUDA_VISIBLE_DEVICES: [0,1,2,3]
SLURM auto-requeueing enabled. Setting signal handlers.
[I 2024-10-13 12:06:54,505] Trial 560 finished with value: 32.573246002197266 and parameters: {'n_layers': 1, 'input_chunk_length': 71, 'hidden_dim': 137, 'learning_rate': 5.2713123542372585e-06, 'batch_size': 16, 'training_length': 86}. Best is trial 68 with value: 21.851852416992188.
Specified past encoders in `add_encoders` at model creation but model does not accept past covariates. past encoders will be ignored.
GPU available: True (cuda), used: True
TPU available: False, using: 0 TPU cores
HPU available: False, using: 0 HPUs
LOCAL_RANK: 0 - CUDA_VISIBLE_DEVICES: [0,1,2,3]
SLURM auto-requeueing enabled. Setting signal handlers.
Monitored metric val_loss did not improve in the last 619 records. Best score: -0.648. Signaling Trainer to stop.
GPU available: True (cuda), used: True
TPU available: False, using: 0 TPU cores
HPU available: False, using: 0 HPUs
LOCAL_RANK: 0 - CUDA_VISIBLE_DEVICES: [0,1,2,3]
SLURM auto-requeueing enabled. Setting signal handlers.
[I 2024-10-13 12:06:55,372] Trial 561 finished with value: 37.33740997314453 and parameters: {'n_layers': 1, 'input_chunk_length': 68, 'hidden_dim': 153, 'learning_rate': 6.15663397493139e-06, 'batch_size': 16, 'training_length': 98}. Best is trial 68 with value: 21.851852416992188.
Specified past encoders in `add_encoders` at model creation but model does not accept past covariates. past encoders will be ignored.
GPU available: True (cuda), used: True
TPU available: False, using: 0 TPU cores
HPU available: False, using: 0 HPUs
LOCAL_RANK: 0 - CUDA_VISIBLE_DEVICES: [0,1,2,3]
SLURM auto-requeueing enabled. Setting signal handlers.
Monitored metric val_loss did not improve in the last 620 records. Best score: -0.648. Signaling Trainer to stop.
GPU available: True (cuda), used: True
TPU available: False, using: 0 TPU cores
HPU available: False, using: 0 HPUs
LOCAL_RANK: 0 - CUDA_VISIBLE_DEVICES: [0,1,2,3]
SLURM auto-requeueing enabled. Setting signal handlers.
[I 2024-10-13 12:06:56,200] Trial 562 finished with value: 33.60816192626953 and parameters: {'n_layers': 1, 'input_chunk_length': 66, 'hidden_dim': 147, 'learning_rate': 7.11050398415089e-06, 'batch_size': 16, 'training_length': 79}. Best is trial 68 with value: 21.851852416992188.
Specified past encoders in `add_encoders` at model creation but model does not accept past covariates. past encoders will be ignored.
GPU available: True (cuda), used: True
TPU available: False, using: 0 TPU cores
HPU available: False, using: 0 HPUs
LOCAL_RANK: 0 - CUDA_VISIBLE_DEVICES: [0,1,2,3]
SLURM auto-requeueing enabled. Setting signal handlers.
Monitored metric val_loss did not improve in the last 621 records. Best score: -0.648. Signaling Trainer to stop.
GPU available: True (cuda), used: True
TPU available: False, using: 0 TPU cores
HPU available: False, using: 0 HPUs
LOCAL_RANK: 0 - CUDA_VISIBLE_DEVICES: [0,1,2,3]
SLURM auto-requeueing enabled. Setting signal handlers.
[I 2024-10-13 12:06:57,030] Trial 563 finished with value: 36.09266662597656 and parameters: {'n_layers': 1, 'input_chunk_length': 70, 'hidden_dim': 144, 'learning_rate': 9.005673018539883e-06, 'batch_size': 16, 'training_length': 88}. Best is trial 68 with value: 21.851852416992188.
Specified past encoders in `add_encoders` at model creation but model does not accept past covariates. past encoders will be ignored.
GPU available: True (cuda), used: True
TPU available: False, using: 0 TPU cores
HPU available: False, using: 0 HPUs
LOCAL_RANK: 0 - CUDA_VISIBLE_DEVICES: [0,1,2,3]
SLURM auto-requeueing enabled. Setting signal handlers.
Monitored metric val_loss did not improve in the last 622 records. Best score: -0.648. Signaling Trainer to stop.
GPU available: True (cuda), used: True
TPU available: False, using: 0 TPU cores
HPU available: False, using: 0 HPUs
LOCAL_RANK: 0 - CUDA_VISIBLE_DEVICES: [0,1,2,3]
SLURM auto-requeueing enabled. Setting signal handlers.
[I 2024-10-13 12:06:57,720] Trial 564 finished with value: 34.89628601074219 and parameters: {'n_layers': 1, 'input_chunk_length': 56, 'hidden_dim': 140, 'learning_rate': 5.379453191532966e-06, 'batch_size': 32, 'training_length': 68}. Best is trial 68 with value: 21.851852416992188.
Specified past encoders in `add_encoders` at model creation but model does not accept past covariates. past encoders will be ignored.
GPU available: True (cuda), used: True
TPU available: False, using: 0 TPU cores
HPU available: False, using: 0 HPUs
LOCAL_RANK: 0 - CUDA_VISIBLE_DEVICES: [0,1,2,3]
SLURM auto-requeueing enabled. Setting signal handlers.
Monitored metric val_loss did not improve in the last 623 records. Best score: -0.648. Signaling Trainer to stop.
GPU available: True (cuda), used: True
TPU available: False, using: 0 TPU cores
HPU available: False, using: 0 HPUs
LOCAL_RANK: 0 - CUDA_VISIBLE_DEVICES: [0,1,2,3]
SLURM auto-requeueing enabled. Setting signal handlers.
[I 2024-10-13 12:06:58,550] Trial 565 finished with value: 37.86125183105469 and parameters: {'n_layers': 1, 'input_chunk_length': 68, 'hidden_dim': 148, 'learning_rate': 2.9392811775942124e-06, 'batch_size': 16, 'training_length': 81}. Best is trial 68 with value: 21.851852416992188.
Specified past encoders in `add_encoders` at model creation but model does not accept past covariates. past encoders will be ignored.
GPU available: True (cuda), used: True
TPU available: False, using: 0 TPU cores
HPU available: False, using: 0 HPUs
LOCAL_RANK: 0 - CUDA_VISIBLE_DEVICES: [0,1,2,3]
SLURM auto-requeueing enabled. Setting signal handlers.
Monitored metric val_loss did not improve in the last 624 records. Best score: -0.648. Signaling Trainer to stop.
GPU available: True (cuda), used: True
TPU available: False, using: 0 TPU cores
HPU available: False, using: 0 HPUs
LOCAL_RANK: 0 - CUDA_VISIBLE_DEVICES: [0,1,2,3]
SLURM auto-requeueing enabled. Setting signal handlers.
[I 2024-10-13 12:06:59,426] Trial 566 finished with value: 53.81415939331055 and parameters: {'n_layers': 1, 'input_chunk_length': 65, 'hidden_dim': 157, 'learning_rate': 0.00016034442036202303, 'batch_size': 16, 'training_length': 99}. Best is trial 68 with value: 21.851852416992188.
Specified past encoders in `add_encoders` at model creation but model does not accept past covariates. past encoders will be ignored.
GPU available: True (cuda), used: True
TPU available: False, using: 0 TPU cores
HPU available: False, using: 0 HPUs
LOCAL_RANK: 0 - CUDA_VISIBLE_DEVICES: [0,1,2,3]
SLURM auto-requeueing enabled. Setting signal handlers.
Monitored metric val_loss did not improve in the last 625 records. Best score: -0.648. Signaling Trainer to stop.
GPU available: True (cuda), used: True
TPU available: False, using: 0 TPU cores
HPU available: False, using: 0 HPUs
LOCAL_RANK: 0 - CUDA_VISIBLE_DEVICES: [0,1,2,3]
SLURM auto-requeueing enabled. Setting signal handlers.
