[I 2024-10-13 11:28:53,820] Trial 189 finished with value: 21.61384391784668 and parameters: {'n_layers': 1, 'input_chunk_length': 36, 'hidden_dim': 71, 'learning_rate': 1.023502486539818e-07, 'batch_size': 64, 'training_length': 456}. Best is trial 85 with value: 16.2369441986084.
Specified past encoders in `add_encoders` at model creation but model does not accept past covariates. past encoders will be ignored.
GPU available: True (cuda), used: True
TPU available: False, using: 0 TPU cores
HPU available: False, using: 0 HPUs
LOCAL_RANK: 0 - CUDA_VISIBLE_DEVICES: [0,1,2,3]
SLURM auto-requeueing enabled. Setting signal handlers.
/pfs/data5/home/tu/tu_tu/tu_zxoul27/micromamba/envs/power/lib/python3.12/site-packages/pytorch_lightning/loops/fit_loop.py:298: The number of training batches (14) is smaller than the logging interval Trainer(log_every_n_steps=20). Set a lower value for log_every_n_steps if you want to see logs for the training epoch.
Monitored metric val_loss did not improve in the last 250 records. Best score: -0.900. Signaling Trainer to stop.
GPU available: True (cuda), used: True
TPU available: False, using: 0 TPU cores
HPU available: False, using: 0 HPUs
LOCAL_RANK: 0 - CUDA_VISIBLE_DEVICES: [0,1,2,3]
SLURM auto-requeueing enabled. Setting signal handlers.
[I 2024-10-13 11:28:54,658] Trial 190 finished with value: 21.979949951171875 and parameters: {'n_layers': 1, 'input_chunk_length': 41, 'hidden_dim': 197, 'learning_rate': 1.778425106108769e-07, 'batch_size': 64, 'training_length': 471}. Best is trial 85 with value: 16.2369441986084.
Specified past encoders in `add_encoders` at model creation but model does not accept past covariates. past encoders will be ignored.
GPU available: True (cuda), used: True
TPU available: False, using: 0 TPU cores
HPU available: False, using: 0 HPUs
LOCAL_RANK: 0 - CUDA_VISIBLE_DEVICES: [0,1,2,3]
SLURM auto-requeueing enabled. Setting signal handlers.
/pfs/data5/home/tu/tu_tu/tu_zxoul27/micromamba/envs/power/lib/python3.12/site-packages/pytorch_lightning/loops/fit_loop.py:298: The number of training batches (14) is smaller than the logging interval Trainer(log_every_n_steps=20). Set a lower value for log_every_n_steps if you want to see logs for the training epoch.
Monitored metric val_loss did not improve in the last 251 records. Best score: -0.900. Signaling Trainer to stop.
GPU available: True (cuda), used: True
TPU available: False, using: 0 TPU cores
HPU available: False, using: 0 HPUs
LOCAL_RANK: 0 - CUDA_VISIBLE_DEVICES: [0,1,2,3]
SLURM auto-requeueing enabled. Setting signal handlers.
[I 2024-10-13 11:28:55,491] Trial 191 finished with value: 16.243507385253906 and parameters: {'n_layers': 1, 'input_chunk_length': 33, 'hidden_dim': 200, 'learning_rate': 2.3067067162583766e-07, 'batch_size': 64, 'training_length': 487}. Best is trial 85 with value: 16.2369441986084.
Specified past encoders in `add_encoders` at model creation but model does not accept past covariates. past encoders will be ignored.
GPU available: True (cuda), used: True
TPU available: False, using: 0 TPU cores
HPU available: False, using: 0 HPUs
LOCAL_RANK: 0 - CUDA_VISIBLE_DEVICES: [0,1,2,3]
SLURM auto-requeueing enabled. Setting signal handlers.
/pfs/data5/home/tu/tu_tu/tu_zxoul27/micromamba/envs/power/lib/python3.12/site-packages/pytorch_lightning/loops/fit_loop.py:298: The number of training batches (14) is smaller than the logging interval Trainer(log_every_n_steps=20). Set a lower value for log_every_n_steps if you want to see logs for the training epoch.
Monitored metric val_loss did not improve in the last 252 records. Best score: -0.900. Signaling Trainer to stop.
GPU available: True (cuda), used: True
TPU available: False, using: 0 TPU cores
HPU available: False, using: 0 HPUs
LOCAL_RANK: 0 - CUDA_VISIBLE_DEVICES: [0,1,2,3]
SLURM auto-requeueing enabled. Setting signal handlers.
[I 2024-10-13 11:28:56,326] Trial 192 finished with value: 16.24339485168457 and parameters: {'n_layers': 1, 'input_chunk_length': 34, 'hidden_dim': 200, 'learning_rate': 2.23089089276542e-07, 'batch_size': 64, 'training_length': 491}. Best is trial 85 with value: 16.2369441986084.
Specified past encoders in `add_encoders` at model creation but model does not accept past covariates. past encoders will be ignored.
GPU available: True (cuda), used: True
TPU available: False, using: 0 TPU cores
HPU available: False, using: 0 HPUs
LOCAL_RANK: 0 - CUDA_VISIBLE_DEVICES: [0,1,2,3]
SLURM auto-requeueing enabled. Setting signal handlers.
/pfs/data5/home/tu/tu_tu/tu_zxoul27/micromamba/envs/power/lib/python3.12/site-packages/pytorch_lightning/loops/fit_loop.py:298: The number of training batches (14) is smaller than the logging interval Trainer(log_every_n_steps=20). Set a lower value for log_every_n_steps if you want to see logs for the training epoch.
Monitored metric val_loss did not improve in the last 253 records. Best score: -0.900. Signaling Trainer to stop.
GPU available: True (cuda), used: True
TPU available: False, using: 0 TPU cores
HPU available: False, using: 0 HPUs
LOCAL_RANK: 0 - CUDA_VISIBLE_DEVICES: [0,1,2,3]
SLURM auto-requeueing enabled. Setting signal handlers.
[I 2024-10-13 11:28:57,167] Trial 193 finished with value: 18.67497444152832 and parameters: {'n_layers': 1, 'input_chunk_length': 34, 'hidden_dim': 195, 'learning_rate': 1.3736152121525134e-07, 'batch_size': 64, 'training_length': 498}. Best is trial 85 with value: 16.2369441986084.
Specified past encoders in `add_encoders` at model creation but model does not accept past covariates. past encoders will be ignored.
GPU available: True (cuda), used: True
TPU available: False, using: 0 TPU cores
HPU available: False, using: 0 HPUs
LOCAL_RANK: 0 - CUDA_VISIBLE_DEVICES: [0,1,2,3]
SLURM auto-requeueing enabled. Setting signal handlers.
/pfs/data5/home/tu/tu_tu/tu_zxoul27/micromamba/envs/power/lib/python3.12/site-packages/pytorch_lightning/loops/fit_loop.py:298: The number of training batches (14) is smaller than the logging interval Trainer(log_every_n_steps=20). Set a lower value for log_every_n_steps if you want to see logs for the training epoch.
Monitored metric val_loss did not improve in the last 254 records. Best score: -0.900. Signaling Trainer to stop.
GPU available: True (cuda), used: True
TPU available: False, using: 0 TPU cores
HPU available: False, using: 0 HPUs
LOCAL_RANK: 0 - CUDA_VISIBLE_DEVICES: [0,1,2,3]
SLURM auto-requeueing enabled. Setting signal handlers.
[I 2024-10-13 11:28:57,993] Trial 194 finished with value: 18.83367156982422 and parameters: {'n_layers': 1, 'input_chunk_length': 39, 'hidden_dim': 198, 'learning_rate': 1.6106446748027522e-07, 'batch_size': 64, 'training_length': 450}. Best is trial 85 with value: 16.2369441986084.
Specified past encoders in `add_encoders` at model creation but model does not accept past covariates. past encoders will be ignored.
GPU available: True (cuda), used: True
TPU available: False, using: 0 TPU cores
HPU available: False, using: 0 HPUs
LOCAL_RANK: 0 - CUDA_VISIBLE_DEVICES: [0,1,2,3]
SLURM auto-requeueing enabled. Setting signal handlers.
/pfs/data5/home/tu/tu_tu/tu_zxoul27/micromamba/envs/power/lib/python3.12/site-packages/pytorch_lightning/loops/fit_loop.py:298: The number of training batches (14) is smaller than the logging interval Trainer(log_every_n_steps=20). Set a lower value for log_every_n_steps if you want to see logs for the training epoch.
Monitored metric val_loss did not improve in the last 255 records. Best score: -0.900. Signaling Trainer to stop.
GPU available: True (cuda), used: True
TPU available: False, using: 0 TPU cores
HPU available: False, using: 0 HPUs
LOCAL_RANK: 0 - CUDA_VISIBLE_DEVICES: [0,1,2,3]
SLURM auto-requeueing enabled. Setting signal handlers.
[I 2024-10-13 11:28:58,806] Trial 195 finished with value: 16.243213653564453 and parameters: {'n_layers': 1, 'input_chunk_length': 32, 'hidden_dim': 200, 'learning_rate': 2.0807573147276918e-07, 'batch_size': 64, 'training_length': 431}. Best is trial 85 with value: 16.2369441986084.
Specified past encoders in `add_encoders` at model creation but model does not accept past covariates. past encoders will be ignored.
GPU available: True (cuda), used: True
TPU available: False, using: 0 TPU cores
HPU available: False, using: 0 HPUs
LOCAL_RANK: 0 - CUDA_VISIBLE_DEVICES: [0,1,2,3]
SLURM auto-requeueing enabled. Setting signal handlers.
/pfs/data5/home/tu/tu_tu/tu_zxoul27/micromamba/envs/power/lib/python3.12/site-packages/pytorch_lightning/loops/fit_loop.py:298: The number of training batches (14) is smaller than the logging interval Trainer(log_every_n_steps=20). Set a lower value for log_every_n_steps if you want to see logs for the training epoch.
Monitored metric val_loss did not improve in the last 256 records. Best score: -0.900. Signaling Trainer to stop.
GPU available: True (cuda), used: True
TPU available: False, using: 0 TPU cores
HPU available: False, using: 0 HPUs
LOCAL_RANK: 0 - CUDA_VISIBLE_DEVICES: [0,1,2,3]
SLURM auto-requeueing enabled. Setting signal handlers.
[I 2024-10-13 11:28:59,638] Trial 196 finished with value: 20.8106689453125 and parameters: {'n_layers': 1, 'input_chunk_length': 31, 'hidden_dim': 194, 'learning_rate': 2.013630329922751e-07, 'batch_size': 64, 'training_length': 479}. Best is trial 85 with value: 16.2369441986084.
Specified past encoders in `add_encoders` at model creation but model does not accept past covariates. past encoders will be ignored.
GPU available: True (cuda), used: True
TPU available: False, using: 0 TPU cores
HPU available: False, using: 0 HPUs
LOCAL_RANK: 0 - CUDA_VISIBLE_DEVICES: [0,1,2,3]
SLURM auto-requeueing enabled. Setting signal handlers.
/pfs/data5/home/tu/tu_tu/tu_zxoul27/micromamba/envs/power/lib/python3.12/site-packages/pytorch_lightning/loops/fit_loop.py:298: The number of training batches (14) is smaller than the logging interval Trainer(log_every_n_steps=20). Set a lower value for log_every_n_steps if you want to see logs for the training epoch.
Monitored metric val_loss did not improve in the last 257 records. Best score: -0.900. Signaling Trainer to stop.
GPU available: True (cuda), used: True
TPU available: False, using: 0 TPU cores
HPU available: False, using: 0 HPUs
LOCAL_RANK: 0 - CUDA_VISIBLE_DEVICES: [0,1,2,3]
SLURM auto-requeueing enabled. Setting signal handlers.
[I 2024-10-13 11:29:00,469] Trial 197 finished with value: 21.986927032470703 and parameters: {'n_layers': 1, 'input_chunk_length': 37, 'hidden_dim': 197, 'learning_rate': 1.4072004327452677e-07, 'batch_size': 64, 'training_length': 463}. Best is trial 85 with value: 16.2369441986084.
Specified past encoders in `add_encoders` at model creation but model does not accept past covariates. past encoders will be ignored.
GPU available: True (cuda), used: True
TPU available: False, using: 0 TPU cores
HPU available: False, using: 0 HPUs
LOCAL_RANK: 0 - CUDA_VISIBLE_DEVICES: [0,1,2,3]
SLURM auto-requeueing enabled. Setting signal handlers.
/pfs/data5/home/tu/tu_tu/tu_zxoul27/micromamba/envs/power/lib/python3.12/site-packages/pytorch_lightning/loops/fit_loop.py:298: The number of training batches (14) is smaller than the logging interval Trainer(log_every_n_steps=20). Set a lower value for log_every_n_steps if you want to see logs for the training epoch.
Monitored metric val_loss did not improve in the last 258 records. Best score: -0.900. Signaling Trainer to stop.
GPU available: True (cuda), used: True
TPU available: False, using: 0 TPU cores
HPU available: False, using: 0 HPUs
LOCAL_RANK: 0 - CUDA_VISIBLE_DEVICES: [0,1,2,3]
SLURM auto-requeueing enabled. Setting signal handlers.
[I 2024-10-13 11:29:01,308] Trial 198 finished with value: 16.243240356445312 and parameters: {'n_layers': 1, 'input_chunk_length': 34, 'hidden_dim': 200, 'learning_rate': 1.8519676225882288e-07, 'batch_size': 64, 'training_length': 487}. Best is trial 85 with value: 16.2369441986084.
Specified past encoders in `add_encoders` at model creation but model does not accept past covariates. past encoders will be ignored.
GPU available: True (cuda), used: True
TPU available: False, using: 0 TPU cores
HPU available: False, using: 0 HPUs
LOCAL_RANK: 0 - CUDA_VISIBLE_DEVICES: [0,1,2,3]
SLURM auto-requeueing enabled. Setting signal handlers.
/pfs/data5/home/tu/tu_tu/tu_zxoul27/micromamba/envs/power/lib/python3.12/site-packages/pytorch_lightning/loops/fit_loop.py:298: The number of training batches (14) is smaller than the logging interval Trainer(log_every_n_steps=20). Set a lower value for log_every_n_steps if you want to see logs for the training epoch.
Monitored metric val_loss did not improve in the last 259 records. Best score: -0.900. Signaling Trainer to stop.
GPU available: True (cuda), used: True
TPU available: False, using: 0 TPU cores
HPU available: False, using: 0 HPUs
LOCAL_RANK: 0 - CUDA_VISIBLE_DEVICES: [0,1,2,3]
SLURM auto-requeueing enabled. Setting signal handlers.
[I 2024-10-13 11:29:02,419] Trial 199 finished with value: 18.59137535095215 and parameters: {'n_layers': 1, 'input_chunk_length': 35, 'hidden_dim': 192, 'learning_rate': 1.7623658490483648e-07, 'batch_size': 64, 'training_length': 489}. Best is trial 85 with value: 16.2369441986084.
Specified past encoders in `add_encoders` at model creation but model does not accept past covariates. past encoders will be ignored.
GPU available: True (cuda), used: True
TPU available: False, using: 0 TPU cores
HPU available: False, using: 0 HPUs
LOCAL_RANK: 0 - CUDA_VISIBLE_DEVICES: [0,1,2,3]
SLURM auto-requeueing enabled. Setting signal handlers.
Monitored metric val_loss did not improve in the last 260 records. Best score: -0.900. Signaling Trainer to stop.
GPU available: True (cuda), used: True
TPU available: False, using: 0 TPU cores
HPU available: False, using: 0 HPUs
LOCAL_RANK: 0 - CUDA_VISIBLE_DEVICES: [0,1,2,3]
SLURM auto-requeueing enabled. Setting signal handlers.
[I 2024-10-13 11:29:03,789] Trial 200 finished with value: 16.2437744140625 and parameters: {'n_layers': 1, 'input_chunk_length': 32, 'hidden_dim': 200, 'learning_rate': 2.1711857094030655e-07, 'batch_size': 16, 'training_length': 432}. Best is trial 85 with value: 16.2369441986084.
Specified past encoders in `add_encoders` at model creation but model does not accept past covariates. past encoders will be ignored.
GPU available: True (cuda), used: True
TPU available: False, using: 0 TPU cores
HPU available: False, using: 0 HPUs
LOCAL_RANK: 0 - CUDA_VISIBLE_DEVICES: [0,1,2,3]
SLURM auto-requeueing enabled. Setting signal handlers.
/pfs/data5/home/tu/tu_tu/tu_zxoul27/micromamba/envs/power/lib/python3.12/site-packages/pytorch_lightning/loops/fit_loop.py:298: The number of training batches (14) is smaller than the logging interval Trainer(log_every_n_steps=20). Set a lower value for log_every_n_steps if you want to see logs for the training epoch.
Monitored metric val_loss did not improve in the last 261 records. Best score: -0.900. Signaling Trainer to stop.
GPU available: True (cuda), used: True
TPU available: False, using: 0 TPU cores
HPU available: False, using: 0 HPUs
LOCAL_RANK: 0 - CUDA_VISIBLE_DEVICES: [0,1,2,3]
SLURM auto-requeueing enabled. Setting signal handlers.
[I 2024-10-13 11:29:04,629] Trial 201 finished with value: 21.98660659790039 and parameters: {'n_layers': 1, 'input_chunk_length': 34, 'hidden_dim': 197, 'learning_rate': 2.490785823304803e-07, 'batch_size': 64, 'training_length': 473}. Best is trial 85 with value: 16.2369441986084.
Specified past encoders in `add_encoders` at model creation but model does not accept past covariates. past encoders will be ignored.
GPU available: True (cuda), used: True
TPU available: False, using: 0 TPU cores
HPU available: False, using: 0 HPUs
LOCAL_RANK: 0 - CUDA_VISIBLE_DEVICES: [0,1,2,3]
SLURM auto-requeueing enabled. Setting signal handlers.
/pfs/data5/home/tu/tu_tu/tu_zxoul27/micromamba/envs/power/lib/python3.12/site-packages/pytorch_lightning/loops/fit_loop.py:298: The number of training batches (13) is smaller than the logging interval Trainer(log_every_n_steps=20). Set a lower value for log_every_n_steps if you want to see logs for the training epoch.
Monitored metric val_loss did not improve in the last 262 records. Best score: -0.900. Signaling Trainer to stop.
GPU available: True (cuda), used: True
TPU available: False, using: 0 TPU cores
HPU available: False, using: 0 HPUs
LOCAL_RANK: 0 - CUDA_VISIBLE_DEVICES: [0,1,2,3]
SLURM auto-requeueing enabled. Setting signal handlers.
[I 2024-10-13 11:29:05,454] Trial 202 finished with value: 16.24309730529785 and parameters: {'n_layers': 1, 'input_chunk_length': 32, 'hidden_dim': 200, 'learning_rate': 1.7833830618486715e-07, 'batch_size': 64, 'training_length': 500}. Best is trial 85 with value: 16.2369441986084.
Specified past encoders in `add_encoders` at model creation but model does not accept past covariates. past encoders will be ignored.
GPU available: True (cuda), used: True
TPU available: False, using: 0 TPU cores
HPU available: False, using: 0 HPUs
LOCAL_RANK: 0 - CUDA_VISIBLE_DEVICES: [0,1,2,3]
SLURM auto-requeueing enabled. Setting signal handlers.
/pfs/data5/home/tu/tu_tu/tu_zxoul27/micromamba/envs/power/lib/python3.12/site-packages/pytorch_lightning/loops/fit_loop.py:298: The number of training batches (13) is smaller than the logging interval Trainer(log_every_n_steps=20). Set a lower value for log_every_n_steps if you want to see logs for the training epoch.
Monitored metric val_loss did not improve in the last 263 records. Best score: -0.900. Signaling Trainer to stop.
GPU available: True (cuda), used: True
TPU available: False, using: 0 TPU cores
HPU available: False, using: 0 HPUs
LOCAL_RANK: 0 - CUDA_VISIBLE_DEVICES: [0,1,2,3]
SLURM auto-requeueing enabled. Setting signal handlers.
[I 2024-10-13 11:29:06,285] Trial 203 finished with value: 18.67465591430664 and parameters: {'n_layers': 1, 'input_chunk_length': 32, 'hidden_dim': 195, 'learning_rate': 1.4995082395659325e-07, 'batch_size': 64, 'training_length': 500}. Best is trial 85 with value: 16.2369441986084.
Specified past encoders in `add_encoders` at model creation but model does not accept past covariates. past encoders will be ignored.
GPU available: True (cuda), used: True
TPU available: False, using: 0 TPU cores
HPU available: False, using: 0 HPUs
LOCAL_RANK: 0 - CUDA_VISIBLE_DEVICES: [0,1,2,3]
SLURM auto-requeueing enabled. Setting signal handlers.
/pfs/data5/home/tu/tu_tu/tu_zxoul27/micromamba/envs/power/lib/python3.12/site-packages/pytorch_lightning/loops/fit_loop.py:298: The number of training batches (14) is smaller than the logging interval Trainer(log_every_n_steps=20). Set a lower value for log_every_n_steps if you want to see logs for the training epoch.
Monitored metric val_loss did not improve in the last 264 records. Best score: -0.900. Signaling Trainer to stop.
GPU available: True (cuda), used: True
TPU available: False, using: 0 TPU cores
HPU available: False, using: 0 HPUs
LOCAL_RANK: 0 - CUDA_VISIBLE_DEVICES: [0,1,2,3]
SLURM auto-requeueing enabled. Setting signal handlers.
[I 2024-10-13 11:29:07,126] Trial 204 finished with value: 21.986644744873047 and parameters: {'n_layers': 1, 'input_chunk_length': 37, 'hidden_dim': 197, 'learning_rate': 1.8141988891330865e-07, 'batch_size': 64, 'training_length': 485}. Best is trial 85 with value: 16.2369441986084.
Specified past encoders in `add_encoders` at model creation but model does not accept past covariates. past encoders will be ignored.
GPU available: True (cuda), used: True
TPU available: False, using: 0 TPU cores
HPU available: False, using: 0 HPUs
LOCAL_RANK: 0 - CUDA_VISIBLE_DEVICES: [0,1,2,3]
SLURM auto-requeueing enabled. Setting signal handlers.
/pfs/data5/home/tu/tu_tu/tu_zxoul27/micromamba/envs/power/lib/python3.12/site-packages/pytorch_lightning/loops/fit_loop.py:298: The number of training batches (14) is smaller than the logging interval Trainer(log_every_n_steps=20). Set a lower value for log_every_n_steps if you want to see logs for the training epoch.
Monitored metric val_loss did not improve in the last 265 records. Best score: -0.900. Signaling Trainer to stop.
GPU available: True (cuda), used: True
TPU available: False, using: 0 TPU cores
HPU available: False, using: 0 HPUs
LOCAL_RANK: 0 - CUDA_VISIBLE_DEVICES: [0,1,2,3]
SLURM auto-requeueing enabled. Setting signal handlers.
[I 2024-10-13 11:29:07,947] Trial 205 finished with value: 16.24309539794922 and parameters: {'n_layers': 1, 'input_chunk_length': 34, 'hidden_dim': 200, 'learning_rate': 1.2777718233571922e-07, 'batch_size': 64, 'training_length': 455}. Best is trial 85 with value: 16.2369441986084.
Specified past encoders in `add_encoders` at model creation but model does not accept past covariates. past encoders will be ignored.
GPU available: True (cuda), used: True
TPU available: False, using: 0 TPU cores
HPU available: False, using: 0 HPUs
LOCAL_RANK: 0 - CUDA_VISIBLE_DEVICES: [0,1,2,3]
SLURM auto-requeueing enabled. Setting signal handlers.
/pfs/data5/home/tu/tu_tu/tu_zxoul27/micromamba/envs/power/lib/python3.12/site-packages/pytorch_lightning/loops/fit_loop.py:298: The number of training batches (14) is smaller than the logging interval Trainer(log_every_n_steps=20). Set a lower value for log_every_n_steps if you want to see logs for the training epoch.
Monitored metric val_loss did not improve in the last 266 records. Best score: -0.900. Signaling Trainer to stop.
GPU available: True (cuda), used: True
TPU available: False, using: 0 TPU cores
HPU available: False, using: 0 HPUs
LOCAL_RANK: 0 - CUDA_VISIBLE_DEVICES: [0,1,2,3]
SLURM auto-requeueing enabled. Setting signal handlers.
