[I 2024-10-13 11:44:35,249] Trial 645 finished with value: 163.1233367919922 and parameters: {'n_layers': 1, 'input_chunk_length': 21, 'hidden_dim': 195, 'learning_rate': 7.209338885981746e-06, 'batch_size': 32, 'training_length': 237}. Best is trial 271 with value: 138.9632110595703.
Specified past encoders in `add_encoders` at model creation but model does not accept past covariates. past encoders will be ignored.
GPU available: True (cuda), used: True
TPU available: False, using: 0 TPU cores
HPU available: False, using: 0 HPUs
LOCAL_RANK: 0 - CUDA_VISIBLE_DEVICES: [0,1,2,3]
SLURM auto-requeueing enabled. Setting signal handlers.
Monitored metric val_loss did not improve in the last 611 records. Best score: 0.225. Signaling Trainer to stop.
GPU available: True (cuda), used: True
TPU available: False, using: 0 TPU cores
HPU available: False, using: 0 HPUs
LOCAL_RANK: 0 - CUDA_VISIBLE_DEVICES: [0,1,2,3]
SLURM auto-requeueing enabled. Setting signal handlers.
[I 2024-10-13 11:44:36,387] Trial 646 finished with value: 160.2874298095703 and parameters: {'n_layers': 1, 'input_chunk_length': 14, 'hidden_dim': 190, 'learning_rate': 4.8181065962911586e-06, 'batch_size': 16, 'training_length': 197}. Best is trial 271 with value: 138.9632110595703.
Specified past encoders in `add_encoders` at model creation but model does not accept past covariates. past encoders will be ignored.
GPU available: True (cuda), used: True
TPU available: False, using: 0 TPU cores
HPU available: False, using: 0 HPUs
LOCAL_RANK: 0 - CUDA_VISIBLE_DEVICES: [0,1,2,3]
SLURM auto-requeueing enabled. Setting signal handlers.
/pfs/data5/home/tu/tu_tu/tu_zxoul27/micromamba/envs/power/lib/python3.12/site-packages/pytorch_lightning/loops/fit_loop.py:298: The number of training batches (14) is smaller than the logging interval Trainer(log_every_n_steps=20). Set a lower value for log_every_n_steps if you want to see logs for the training epoch.
Monitored metric val_loss did not improve in the last 612 records. Best score: 0.225. Signaling Trainer to stop.
GPU available: True (cuda), used: True
TPU available: False, using: 0 TPU cores
HPU available: False, using: 0 HPUs
LOCAL_RANK: 0 - CUDA_VISIBLE_DEVICES: [0,1,2,3]
SLURM auto-requeueing enabled. Setting signal handlers.
[I 2024-10-13 11:44:37,255] Trial 647 finished with value: 173.1129913330078 and parameters: {'n_layers': 1, 'input_chunk_length': 29, 'hidden_dim': 185, 'learning_rate': 8.348774964269084e-06, 'batch_size': 64, 'training_length': 264}. Best is trial 271 with value: 138.9632110595703.
Specified past encoders in `add_encoders` at model creation but model does not accept past covariates. past encoders will be ignored.
GPU available: True (cuda), used: True
TPU available: False, using: 0 TPU cores
HPU available: False, using: 0 HPUs
LOCAL_RANK: 0 - CUDA_VISIBLE_DEVICES: [0,1,2,3]
SLURM auto-requeueing enabled. Setting signal handlers.
Monitored metric val_loss did not improve in the last 613 records. Best score: 0.225. Signaling Trainer to stop.
GPU available: True (cuda), used: True
TPU available: False, using: 0 TPU cores
HPU available: False, using: 0 HPUs
LOCAL_RANK: 0 - CUDA_VISIBLE_DEVICES: [0,1,2,3]
SLURM auto-requeueing enabled. Setting signal handlers.
[I 2024-10-13 11:44:38,207] Trial 648 finished with value: 141.25845336914062 and parameters: {'n_layers': 1, 'input_chunk_length': 24, 'hidden_dim': 200, 'learning_rate': 1.0914841352884007e-06, 'batch_size': 32, 'training_length': 373}. Best is trial 271 with value: 138.9632110595703.
Specified past encoders in `add_encoders` at model creation but model does not accept past covariates. past encoders will be ignored.
GPU available: True (cuda), used: True
TPU available: False, using: 0 TPU cores
HPU available: False, using: 0 HPUs
LOCAL_RANK: 0 - CUDA_VISIBLE_DEVICES: [0,1,2,3]
SLURM auto-requeueing enabled. Setting signal handlers.
Monitored metric val_loss did not improve in the last 614 records. Best score: 0.225. Signaling Trainer to stop.
GPU available: True (cuda), used: True
TPU available: False, using: 0 TPU cores
HPU available: False, using: 0 HPUs
LOCAL_RANK: 0 - CUDA_VISIBLE_DEVICES: [0,1,2,3]
SLURM auto-requeueing enabled. Setting signal handlers.
[I 2024-10-13 11:44:39,057] Trial 649 finished with value: 226.65924072265625 and parameters: {'n_layers': 1, 'input_chunk_length': 65, 'hidden_dim': 197, 'learning_rate': 1.0577525952308704e-05, 'batch_size': 32, 'training_length': 253}. Best is trial 271 with value: 138.9632110595703.
Specified past encoders in `add_encoders` at model creation but model does not accept past covariates. past encoders will be ignored.
GPU available: True (cuda), used: True
TPU available: False, using: 0 TPU cores
HPU available: False, using: 0 HPUs
LOCAL_RANK: 0 - CUDA_VISIBLE_DEVICES: [0,1,2,3]
SLURM auto-requeueing enabled. Setting signal handlers.
Monitored metric val_loss did not improve in the last 615 records. Best score: 0.225. Signaling Trainer to stop.
GPU available: True (cuda), used: True
TPU available: False, using: 0 TPU cores
HPU available: False, using: 0 HPUs
LOCAL_RANK: 0 - CUDA_VISIBLE_DEVICES: [0,1,2,3]
SLURM auto-requeueing enabled. Setting signal handlers.
[I 2024-10-13 11:44:39,839] Trial 650 finished with value: 205.08602905273438 and parameters: {'n_layers': 1, 'input_chunk_length': 11, 'hidden_dim': 194, 'learning_rate': 3.8085298119268513e-06, 'batch_size': 32, 'training_length': 178}. Best is trial 271 with value: 138.9632110595703.
Specified past encoders in `add_encoders` at model creation but model does not accept past covariates. past encoders will be ignored.
GPU available: True (cuda), used: True
TPU available: False, using: 0 TPU cores
HPU available: False, using: 0 HPUs
LOCAL_RANK: 0 - CUDA_VISIBLE_DEVICES: [0,1,2,3]
SLURM auto-requeueing enabled. Setting signal handlers.
/pfs/data5/home/tu/tu_tu/tu_zxoul27/micromamba/envs/power/lib/python3.12/site-packages/pytorch_lightning/loops/fit_loop.py:298: The number of training batches (15) is smaller than the logging interval Trainer(log_every_n_steps=20). Set a lower value for log_every_n_steps if you want to see logs for the training epoch.
Monitored metric val_loss did not improve in the last 616 records. Best score: 0.225. Signaling Trainer to stop.
GPU available: True (cuda), used: True
TPU available: False, using: 0 TPU cores
HPU available: False, using: 0 HPUs
LOCAL_RANK: 0 - CUDA_VISIBLE_DEVICES: [0,1,2,3]
SLURM auto-requeueing enabled. Setting signal handlers.
[I 2024-10-13 11:44:40,413] Trial 651 finished with value: 210.08668518066406 and parameters: {'n_layers': 1, 'input_chunk_length': 17, 'hidden_dim': 114, 'learning_rate': 5.836840828824036e-06, 'batch_size': 64, 'training_length': 216}. Best is trial 271 with value: 138.9632110595703.
Specified past encoders in `add_encoders` at model creation but model does not accept past covariates. past encoders will be ignored.
GPU available: True (cuda), used: True
TPU available: False, using: 0 TPU cores
HPU available: False, using: 0 HPUs
LOCAL_RANK: 0 - CUDA_VISIBLE_DEVICES: [0,1,2,3]
SLURM auto-requeueing enabled. Setting signal handlers.
Monitored metric val_loss did not improve in the last 617 records. Best score: 0.225. Signaling Trainer to stop.
GPU available: True (cuda), used: True
TPU available: False, using: 0 TPU cores
HPU available: False, using: 0 HPUs
LOCAL_RANK: 0 - CUDA_VISIBLE_DEVICES: [0,1,2,3]
SLURM auto-requeueing enabled. Setting signal handlers.
[I 2024-10-13 11:44:41,635] Trial 652 finished with value: 191.7699432373047 and parameters: {'n_layers': 1, 'input_chunk_length': 10, 'hidden_dim': 191, 'learning_rate': 3.331500233141999e-06, 'batch_size': 32, 'training_length': 463}. Best is trial 271 with value: 138.9632110595703.
Specified past encoders in `add_encoders` at model creation but model does not accept past covariates. past encoders will be ignored.
GPU available: True (cuda), used: True
TPU available: False, using: 0 TPU cores
HPU available: False, using: 0 HPUs
LOCAL_RANK: 0 - CUDA_VISIBLE_DEVICES: [0,1,2,3]
SLURM auto-requeueing enabled. Setting signal handlers.
Monitored metric val_loss did not improve in the last 618 records. Best score: 0.225. Signaling Trainer to stop.
GPU available: True (cuda), used: True
TPU available: False, using: 0 TPU cores
HPU available: False, using: 0 HPUs
LOCAL_RANK: 0 - CUDA_VISIBLE_DEVICES: [0,1,2,3]
SLURM auto-requeueing enabled. Setting signal handlers.
[I 2024-10-13 11:44:42,691] Trial 653 finished with value: 166.73550415039062 and parameters: {'n_layers': 1, 'input_chunk_length': 19, 'hidden_dim': 198, 'learning_rate': 8.004853907998403e-06, 'batch_size': 32, 'training_length': 491}. Best is trial 271 with value: 138.9632110595703.
Specified past encoders in `add_encoders` at model creation but model does not accept past covariates. past encoders will be ignored.
GPU available: True (cuda), used: True
TPU available: False, using: 0 TPU cores
HPU available: False, using: 0 HPUs
LOCAL_RANK: 0 - CUDA_VISIBLE_DEVICES: [0,1,2,3]
SLURM auto-requeueing enabled. Setting signal handlers.
Monitored metric val_loss did not improve in the last 619 records. Best score: 0.225. Signaling Trainer to stop.
GPU available: True (cuda), used: True
TPU available: False, using: 0 TPU cores
HPU available: False, using: 0 HPUs
LOCAL_RANK: 0 - CUDA_VISIBLE_DEVICES: [0,1,2,3]
SLURM auto-requeueing enabled. Setting signal handlers.
[I 2024-10-13 11:44:43,348] Trial 654 finished with value: 163.3548583984375 and parameters: {'n_layers': 1, 'input_chunk_length': 15, 'hidden_dim': 195, 'learning_rate': 4.297885881033408e-06, 'batch_size': 32, 'training_length': 31}. Best is trial 271 with value: 138.9632110595703.
Specified past encoders in `add_encoders` at model creation but model does not accept past covariates. past encoders will be ignored.
GPU available: True (cuda), used: True
TPU available: False, using: 0 TPU cores
HPU available: False, using: 0 HPUs
LOCAL_RANK: 0 - CUDA_VISIBLE_DEVICES: [0,1,2,3]
SLURM auto-requeueing enabled. Setting signal handlers.
/pfs/data5/home/tu/tu_tu/tu_zxoul27/micromamba/envs/power/lib/python3.12/site-packages/pytorch_lightning/loops/fit_loop.py:298: The number of training batches (15) is smaller than the logging interval Trainer(log_every_n_steps=20). Set a lower value for log_every_n_steps if you want to see logs for the training epoch.
Monitored metric val_loss did not improve in the last 620 records. Best score: 0.225. Signaling Trainer to stop.
GPU available: True (cuda), used: True
TPU available: False, using: 0 TPU cores
HPU available: False, using: 0 HPUs
LOCAL_RANK: 0 - CUDA_VISIBLE_DEVICES: [0,1,2,3]
SLURM auto-requeueing enabled. Setting signal handlers.
[I 2024-10-13 11:44:44,186] Trial 655 finished with value: 192.60028076171875 and parameters: {'n_layers': 1, 'input_chunk_length': 12, 'hidden_dim': 192, 'learning_rate': 6.3384850434213095e-06, 'batch_size': 64, 'training_length': 209}. Best is trial 271 with value: 138.9632110595703.
Specified past encoders in `add_encoders` at model creation but model does not accept past covariates. past encoders will be ignored.
GPU available: True (cuda), used: True
TPU available: False, using: 0 TPU cores
HPU available: False, using: 0 HPUs
LOCAL_RANK: 0 - CUDA_VISIBLE_DEVICES: [0,1,2,3]
SLURM auto-requeueing enabled. Setting signal handlers.
Monitored metric val_loss did not improve in the last 621 records. Best score: 0.225. Signaling Trainer to stop.
GPU available: True (cuda), used: True
TPU available: False, using: 0 TPU cores
HPU available: False, using: 0 HPUs
LOCAL_RANK: 0 - CUDA_VISIBLE_DEVICES: [0,1,2,3]
SLURM auto-requeueing enabled. Setting signal handlers.
[I 2024-10-13 11:44:45,022] Trial 656 finished with value: 166.78277587890625 and parameters: {'n_layers': 1, 'input_chunk_length': 22, 'hidden_dim': 198, 'learning_rate': 5.33630836676054e-06, 'batch_size': 32, 'training_length': 230}. Best is trial 271 with value: 138.9632110595703.
Specified past encoders in `add_encoders` at model creation but model does not accept past covariates. past encoders will be ignored.
GPU available: True (cuda), used: True
TPU available: False, using: 0 TPU cores
HPU available: False, using: 0 HPUs
LOCAL_RANK: 0 - CUDA_VISIBLE_DEVICES: [0,1,2,3]
SLURM auto-requeueing enabled. Setting signal handlers.
Monitored metric val_loss did not improve in the last 622 records. Best score: 0.225. Signaling Trainer to stop.
GPU available: True (cuda), used: True
TPU available: False, using: 0 TPU cores
HPU available: False, using: 0 HPUs
LOCAL_RANK: 0 - CUDA_VISIBLE_DEVICES: [0,1,2,3]
SLURM auto-requeueing enabled. Setting signal handlers.
[I 2024-10-13 11:44:46,001] Trial 657 finished with value: 163.73512268066406 and parameters: {'n_layers': 1, 'input_chunk_length': 17, 'hidden_dim': 195, 'learning_rate': 4.529657181147687e-07, 'batch_size': 32, 'training_length': 407}. Best is trial 271 with value: 138.9632110595703.
Specified past encoders in `add_encoders` at model creation but model does not accept past covariates. past encoders will be ignored.
GPU available: True (cuda), used: True
TPU available: False, using: 0 TPU cores
HPU available: False, using: 0 HPUs
LOCAL_RANK: 0 - CUDA_VISIBLE_DEVICES: [0,1,2,3]
SLURM auto-requeueing enabled. Setting signal handlers.
Monitored metric val_loss did not improve in the last 623 records. Best score: 0.225. Signaling Trainer to stop.
GPU available: True (cuda), used: True
TPU available: False, using: 0 TPU cores
HPU available: False, using: 0 HPUs
LOCAL_RANK: 0 - CUDA_VISIBLE_DEVICES: [0,1,2,3]
SLURM auto-requeueing enabled. Setting signal handlers.
[I 2024-10-13 11:44:46,938] Trial 658 finished with value: 304.1514587402344 and parameters: {'n_layers': 1, 'input_chunk_length': 13, 'hidden_dim': 166, 'learning_rate': 9.948804727928393e-06, 'batch_size': 16, 'training_length': 115}. Best is trial 271 with value: 138.9632110595703.
Specified past encoders in `add_encoders` at model creation but model does not accept past covariates. past encoders will be ignored.
GPU available: True (cuda), used: True
TPU available: False, using: 0 TPU cores
HPU available: False, using: 0 HPUs
LOCAL_RANK: 0 - CUDA_VISIBLE_DEVICES: [0,1,2,3]
SLURM auto-requeueing enabled. Setting signal handlers.
Monitored metric val_loss did not improve in the last 624 records. Best score: 0.225. Signaling Trainer to stop.
GPU available: True (cuda), used: True
TPU available: False, using: 0 TPU cores
HPU available: False, using: 0 HPUs
LOCAL_RANK: 0 - CUDA_VISIBLE_DEVICES: [0,1,2,3]
SLURM auto-requeueing enabled. Setting signal handlers.
[I 2024-10-13 11:44:47,859] Trial 659 finished with value: 259.9785461425781 and parameters: {'n_layers': 1, 'input_chunk_length': 19, 'hidden_dim': 188, 'learning_rate': 7.072443039253106e-06, 'batch_size': 32, 'training_length': 220}. Best is trial 271 with value: 138.9632110595703.
Specified past encoders in `add_encoders` at model creation but model does not accept past covariates. past encoders will be ignored.
GPU available: True (cuda), used: True
TPU available: False, using: 0 TPU cores
HPU available: False, using: 0 HPUs
LOCAL_RANK: 0 - CUDA_VISIBLE_DEVICES: [0,1,2,3]
SLURM auto-requeueing enabled. Setting signal handlers.
/pfs/data5/home/tu/tu_tu/tu_zxoul27/micromamba/envs/power/lib/python3.12/site-packages/pytorch_lightning/loops/fit_loop.py:298: The number of training batches (15) is smaller than the logging interval Trainer(log_every_n_steps=20). Set a lower value for log_every_n_steps if you want to see logs for the training epoch.
Monitored metric val_loss did not improve in the last 625 records. Best score: 0.225. Signaling Trainer to stop.
GPU available: True (cuda), used: True
TPU available: False, using: 0 TPU cores
HPU available: False, using: 0 HPUs
LOCAL_RANK: 0 - CUDA_VISIBLE_DEVICES: [0,1,2,3]
SLURM auto-requeueing enabled. Setting signal handlers.
[I 2024-10-13 11:44:48,567] Trial 660 finished with value: 141.95127868652344 and parameters: {'n_layers': 1, 'input_chunk_length': 67, 'hidden_dim': 200, 'learning_rate': 4.792215019004372e-06, 'batch_size': 64, 'training_length': 241}. Best is trial 271 with value: 138.9632110595703.
Specified past encoders in `add_encoders` at model creation but model does not accept past covariates. past encoders will be ignored.
GPU available: True (cuda), used: True
TPU available: False, using: 0 TPU cores
HPU available: False, using: 0 HPUs
LOCAL_RANK: 0 - CUDA_VISIBLE_DEVICES: [0,1,2,3]
SLURM auto-requeueing enabled. Setting signal handlers.
Monitored metric val_loss did not improve in the last 626 records. Best score: 0.225. Signaling Trainer to stop.
GPU available: True (cuda), used: True
TPU available: False, using: 0 TPU cores
HPU available: False, using: 0 HPUs
LOCAL_RANK: 0 - CUDA_VISIBLE_DEVICES: [0,1,2,3]
SLURM auto-requeueing enabled. Setting signal handlers.
[I 2024-10-13 11:44:50,251] Trial 661 finished with value: 244.34048461914062 and parameters: {'n_layers': 2, 'dropout': 0.3168884119641684, 'input_chunk_length': 60, 'hidden_dim': 192, 'learning_rate': 1.3983950277437253e-06, 'batch_size': 32, 'training_length': 280}. Best is trial 271 with value: 138.9632110595703.
Specified past encoders in `add_encoders` at model creation but model does not accept past covariates. past encoders will be ignored.
GPU available: True (cuda), used: True
TPU available: False, using: 0 TPU cores
HPU available: False, using: 0 HPUs
LOCAL_RANK: 0 - CUDA_VISIBLE_DEVICES: [0,1,2,3]
SLURM auto-requeueing enabled. Setting signal handlers.
Monitored metric val_loss did not improve in the last 627 records. Best score: 0.225. Signaling Trainer to stop.
GPU available: True (cuda), used: True
TPU available: False, using: 0 TPU cores
HPU available: False, using: 0 HPUs
LOCAL_RANK: 0 - CUDA_VISIBLE_DEVICES: [0,1,2,3]
SLURM auto-requeueing enabled. Setting signal handlers.
[I 2024-10-13 11:44:51,047] Trial 662 finished with value: 138.97389221191406 and parameters: {'n_layers': 1, 'input_chunk_length': 15, 'hidden_dim': 196, 'learning_rate': 2.361837773204955e-06, 'batch_size': 32, 'training_length': 201}. Best is trial 271 with value: 138.9632110595703.
Specified past encoders in `add_encoders` at model creation but model does not accept past covariates. past encoders will be ignored.
GPU available: True (cuda), used: True
TPU available: False, using: 0 TPU cores
HPU available: False, using: 0 HPUs
LOCAL_RANK: 0 - CUDA_VISIBLE_DEVICES: [0,1,2,3]
SLURM auto-requeueing enabled. Setting signal handlers.
Monitored metric val_loss did not improve in the last 628 records. Best score: 0.225. Signaling Trainer to stop.
GPU available: True (cuda), used: True
TPU available: False, using: 0 TPU cores
HPU available: False, using: 0 HPUs
LOCAL_RANK: 0 - CUDA_VISIBLE_DEVICES: [0,1,2,3]
SLURM auto-requeueing enabled. Setting signal handlers.
[I 2024-10-13 11:44:51,846] Trial 663 finished with value: 138.9741973876953 and parameters: {'n_layers': 1, 'input_chunk_length': 15, 'hidden_dim': 196, 'learning_rate': 2.2973249804247036e-06, 'batch_size': 32, 'training_length': 201}. Best is trial 271 with value: 138.9632110595703.
Specified past encoders in `add_encoders` at model creation but model does not accept past covariates. past encoders will be ignored.
GPU available: True (cuda), used: True
TPU available: False, using: 0 TPU cores
HPU available: False, using: 0 HPUs
LOCAL_RANK: 0 - CUDA_VISIBLE_DEVICES: [0,1,2,3]
SLURM auto-requeueing enabled. Setting signal handlers.
Monitored metric val_loss did not improve in the last 629 records. Best score: 0.225. Signaling Trainer to stop.
GPU available: True (cuda), used: True
TPU available: False, using: 0 TPU cores
HPU available: False, using: 0 HPUs
LOCAL_RANK: 0 - CUDA_VISIBLE_DEVICES: [0,1,2,3]
SLURM auto-requeueing enabled. Setting signal handlers.
[I 2024-10-13 11:44:52,631] Trial 664 finished with value: 167.10504150390625 and parameters: {'n_layers': 1, 'input_chunk_length': 10, 'hidden_dim': 198, 'learning_rate': 1.8688235754211546e-06, 'batch_size': 32, 'training_length': 182}. Best is trial 271 with value: 138.9632110595703.
Specified past encoders in `add_encoders` at model creation but model does not accept past covariates. past encoders will be ignored.
GPU available: True (cuda), used: True
TPU available: False, using: 0 TPU cores
HPU available: False, using: 0 HPUs
LOCAL_RANK: 0 - CUDA_VISIBLE_DEVICES: [0,1,2,3]
SLURM auto-requeueing enabled. Setting signal handlers.
/pfs/data5/home/tu/tu_tu/tu_zxoul27/micromamba/envs/power/lib/python3.12/site-packages/pytorch_lightning/loops/fit_loop.py:298: The number of training batches (15) is smaller than the logging interval Trainer(log_every_n_steps=20). Set a lower value for log_every_n_steps if you want to see logs for the training epoch.
Monitored metric val_loss did not improve in the last 630 records. Best score: 0.225. Signaling Trainer to stop.
GPU available: True (cuda), used: True
TPU available: False, using: 0 TPU cores
HPU available: False, using: 0 HPUs
LOCAL_RANK: 0 - CUDA_VISIBLE_DEVICES: [0,1,2,3]
SLURM auto-requeueing enabled. Setting signal handlers.
