[I 2024-10-13 11:30:19,971] Trial 304 finished with value: 16.24399757385254 and parameters: {'n_layers': 1, 'input_chunk_length': 37, 'hidden_dim': 200, 'learning_rate': 2.450916807876896e-07, 'batch_size': 16, 'training_length': 230}. Best is trial 291 with value: 16.233583450317383.
Specified past encoders in `add_encoders` at model creation but model does not accept past covariates. past encoders will be ignored.
GPU available: True (cuda), used: True
TPU available: False, using: 0 TPU cores
HPU available: False, using: 0 HPUs
LOCAL_RANK: 0 - CUDA_VISIBLE_DEVICES: [0,1,2,3]
SLURM auto-requeueing enabled. Setting signal handlers.
Monitored metric val_loss did not improve in the last 365 records. Best score: -0.921. Signaling Trainer to stop.
GPU available: True (cuda), used: True
TPU available: False, using: 0 TPU cores
HPU available: False, using: 0 HPUs
LOCAL_RANK: 0 - CUDA_VISIBLE_DEVICES: [0,1,2,3]
SLURM auto-requeueing enabled. Setting signal handlers.
[I 2024-10-13 11:30:21,143] Trial 305 finished with value: 21.985994338989258 and parameters: {'n_layers': 1, 'input_chunk_length': 83, 'hidden_dim': 197, 'learning_rate': 2.4471831456934903e-07, 'batch_size': 16, 'training_length': 281}. Best is trial 291 with value: 16.233583450317383.
Specified past encoders in `add_encoders` at model creation but model does not accept past covariates. past encoders will be ignored.
GPU available: True (cuda), used: True
TPU available: False, using: 0 TPU cores
HPU available: False, using: 0 HPUs
LOCAL_RANK: 0 - CUDA_VISIBLE_DEVICES: [0,1,2,3]
SLURM auto-requeueing enabled. Setting signal handlers.
Monitored metric val_loss did not improve in the last 366 records. Best score: -0.921. Signaling Trainer to stop.
GPU available: True (cuda), used: True
TPU available: False, using: 0 TPU cores
HPU available: False, using: 0 HPUs
LOCAL_RANK: 0 - CUDA_VISIBLE_DEVICES: [0,1,2,3]
SLURM auto-requeueing enabled. Setting signal handlers.
[I 2024-10-13 11:30:22,246] Trial 306 finished with value: 20.803123474121094 and parameters: {'n_layers': 1, 'input_chunk_length': 81, 'hidden_dim': 194, 'learning_rate': 1.4316226455363323e-07, 'batch_size': 16, 'training_length': 236}. Best is trial 291 with value: 16.233583450317383.
Specified past encoders in `add_encoders` at model creation but model does not accept past covariates. past encoders will be ignored.
GPU available: True (cuda), used: True
TPU available: False, using: 0 TPU cores
HPU available: False, using: 0 HPUs
LOCAL_RANK: 0 - CUDA_VISIBLE_DEVICES: [0,1,2,3]
SLURM auto-requeueing enabled. Setting signal handlers.
Monitored metric val_loss did not improve in the last 367 records. Best score: -0.921. Signaling Trainer to stop.
GPU available: True (cuda), used: True
TPU available: False, using: 0 TPU cores
HPU available: False, using: 0 HPUs
LOCAL_RANK: 0 - CUDA_VISIBLE_DEVICES: [0,1,2,3]
SLURM auto-requeueing enabled. Setting signal handlers.
[I 2024-10-13 11:30:23,331] Trial 307 finished with value: 16.24396514892578 and parameters: {'n_layers': 1, 'input_chunk_length': 37, 'hidden_dim': 200, 'learning_rate': 1.873321740150811e-07, 'batch_size': 16, 'training_length': 228}. Best is trial 291 with value: 16.233583450317383.
Specified past encoders in `add_encoders` at model creation but model does not accept past covariates. past encoders will be ignored.
GPU available: True (cuda), used: True
TPU available: False, using: 0 TPU cores
HPU available: False, using: 0 HPUs
LOCAL_RANK: 0 - CUDA_VISIBLE_DEVICES: [0,1,2,3]
SLURM auto-requeueing enabled. Setting signal handlers.
Monitored metric val_loss did not improve in the last 368 records. Best score: -0.921. Signaling Trainer to stop.
GPU available: True (cuda), used: True
TPU available: False, using: 0 TPU cores
HPU available: False, using: 0 HPUs
LOCAL_RANK: 0 - CUDA_VISIBLE_DEVICES: [0,1,2,3]
SLURM auto-requeueing enabled. Setting signal handlers.
[I 2024-10-13 11:30:24,429] Trial 308 finished with value: 21.978992462158203 and parameters: {'n_layers': 1, 'input_chunk_length': 49, 'hidden_dim': 197, 'learning_rate': 1.8958016107897823e-07, 'batch_size': 16, 'training_length': 231}. Best is trial 291 with value: 16.233583450317383.
Specified past encoders in `add_encoders` at model creation but model does not accept past covariates. past encoders will be ignored.
GPU available: True (cuda), used: True
TPU available: False, using: 0 TPU cores
HPU available: False, using: 0 HPUs
LOCAL_RANK: 0 - CUDA_VISIBLE_DEVICES: [0,1,2,3]
SLURM auto-requeueing enabled. Setting signal handlers.
Monitored metric val_loss did not improve in the last 369 records. Best score: -0.921. Signaling Trainer to stop.
GPU available: True (cuda), used: True
TPU available: False, using: 0 TPU cores
HPU available: False, using: 0 HPUs
LOCAL_RANK: 0 - CUDA_VISIBLE_DEVICES: [0,1,2,3]
SLURM auto-requeueing enabled. Setting signal handlers.
[I 2024-10-13 11:30:25,697] Trial 309 finished with value: 24.96510887145996 and parameters: {'n_layers': 1, 'input_chunk_length': 31, 'hidden_dim': 188, 'learning_rate': 1.7053263545779723e-07, 'batch_size': 16, 'training_length': 247}. Best is trial 291 with value: 16.233583450317383.
Specified past encoders in `add_encoders` at model creation but model does not accept past covariates. past encoders will be ignored.
GPU available: True (cuda), used: True
TPU available: False, using: 0 TPU cores
HPU available: False, using: 0 HPUs
LOCAL_RANK: 0 - CUDA_VISIBLE_DEVICES: [0,1,2,3]
SLURM auto-requeueing enabled. Setting signal handlers.
Monitored metric val_loss did not improve in the last 370 records. Best score: -0.921. Signaling Trainer to stop.
GPU available: True (cuda), used: True
TPU available: False, using: 0 TPU cores
HPU available: False, using: 0 HPUs
LOCAL_RANK: 0 - CUDA_VISIBLE_DEVICES: [0,1,2,3]
SLURM auto-requeueing enabled. Setting signal handlers.
[I 2024-10-13 11:30:26,780] Trial 310 finished with value: 16.23493766784668 and parameters: {'n_layers': 1, 'input_chunk_length': 77, 'hidden_dim': 200, 'learning_rate': 2.2769644334898315e-07, 'batch_size': 16, 'training_length': 225}. Best is trial 291 with value: 16.233583450317383.
Specified past encoders in `add_encoders` at model creation but model does not accept past covariates. past encoders will be ignored.
GPU available: True (cuda), used: True
TPU available: False, using: 0 TPU cores
HPU available: False, using: 0 HPUs
LOCAL_RANK: 0 - CUDA_VISIBLE_DEVICES: [0,1,2,3]
SLURM auto-requeueing enabled. Setting signal handlers.
Monitored metric val_loss did not improve in the last 371 records. Best score: -0.921. Signaling Trainer to stop.
GPU available: True (cuda), used: True
TPU available: False, using: 0 TPU cores
HPU available: False, using: 0 HPUs
LOCAL_RANK: 0 - CUDA_VISIBLE_DEVICES: [0,1,2,3]
SLURM auto-requeueing enabled. Setting signal handlers.
[I 2024-10-13 11:30:28,186] Trial 311 finished with value: 18.596878051757812 and parameters: {'n_layers': 1, 'input_chunk_length': 34, 'hidden_dim': 192, 'learning_rate': 2.414332231830642e-07, 'batch_size': 16, 'training_length': 297}. Best is trial 291 with value: 16.233583450317383.
Specified past encoders in `add_encoders` at model creation but model does not accept past covariates. past encoders will be ignored.
GPU available: True (cuda), used: True
TPU available: False, using: 0 TPU cores
HPU available: False, using: 0 HPUs
LOCAL_RANK: 0 - CUDA_VISIBLE_DEVICES: [0,1,2,3]
SLURM auto-requeueing enabled. Setting signal handlers.
Monitored metric val_loss did not improve in the last 372 records. Best score: -0.921. Signaling Trainer to stop.
GPU available: True (cuda), used: True
TPU available: False, using: 0 TPU cores
HPU available: False, using: 0 HPUs
LOCAL_RANK: 0 - CUDA_VISIBLE_DEVICES: [0,1,2,3]
SLURM auto-requeueing enabled. Setting signal handlers.
[I 2024-10-13 11:30:29,348] Trial 312 finished with value: 23.704023361206055 and parameters: {'n_layers': 1, 'input_chunk_length': 77, 'hidden_dim': 144, 'learning_rate': 2.9033180216870467e-07, 'batch_size': 16, 'training_length': 308}. Best is trial 291 with value: 16.233583450317383.
Specified past encoders in `add_encoders` at model creation but model does not accept past covariates. past encoders will be ignored.
GPU available: True (cuda), used: True
TPU available: False, using: 0 TPU cores
HPU available: False, using: 0 HPUs
LOCAL_RANK: 0 - CUDA_VISIBLE_DEVICES: [0,1,2,3]
SLURM auto-requeueing enabled. Setting signal handlers.
Monitored metric val_loss did not improve in the last 373 records. Best score: -0.921. Signaling Trainer to stop.
GPU available: True (cuda), used: True
TPU available: False, using: 0 TPU cores
HPU available: False, using: 0 HPUs
LOCAL_RANK: 0 - CUDA_VISIBLE_DEVICES: [0,1,2,3]
SLURM auto-requeueing enabled. Setting signal handlers.
[I 2024-10-13 11:30:30,582] Trial 313 finished with value: 21.985382080078125 and parameters: {'n_layers': 1, 'input_chunk_length': 38, 'hidden_dim': 197, 'learning_rate': 2.148703464802697e-07, 'batch_size': 16, 'training_length': 324}. Best is trial 291 with value: 16.233583450317383.
Specified past encoders in `add_encoders` at model creation but model does not accept past covariates. past encoders will be ignored.
GPU available: True (cuda), used: True
TPU available: False, using: 0 TPU cores
HPU available: False, using: 0 HPUs
LOCAL_RANK: 0 - CUDA_VISIBLE_DEVICES: [0,1,2,3]
SLURM auto-requeueing enabled. Setting signal handlers.
Monitored metric val_loss did not improve in the last 374 records. Best score: -0.921. Signaling Trainer to stop.
GPU available: True (cuda), used: True
TPU available: False, using: 0 TPU cores
HPU available: False, using: 0 HPUs
LOCAL_RANK: 0 - CUDA_VISIBLE_DEVICES: [0,1,2,3]
SLURM auto-requeueing enabled. Setting signal handlers.
[I 2024-10-13 11:30:31,667] Trial 314 finished with value: 16.245010375976562 and parameters: {'n_layers': 1, 'input_chunk_length': 29, 'hidden_dim': 200, 'learning_rate': 3.247678042832323e-07, 'batch_size': 16, 'training_length': 227}. Best is trial 291 with value: 16.233583450317383.
Specified past encoders in `add_encoders` at model creation but model does not accept past covariates. past encoders will be ignored.
GPU available: True (cuda), used: True
TPU available: False, using: 0 TPU cores
HPU available: False, using: 0 HPUs
LOCAL_RANK: 0 - CUDA_VISIBLE_DEVICES: [0,1,2,3]
SLURM auto-requeueing enabled. Setting signal handlers.
Monitored metric val_loss did not improve in the last 375 records. Best score: -0.921. Signaling Trainer to stop.
GPU available: True (cuda), used: True
TPU available: False, using: 0 TPU cores
HPU available: False, using: 0 HPUs
LOCAL_RANK: 0 - CUDA_VISIBLE_DEVICES: [0,1,2,3]
SLURM auto-requeueing enabled. Setting signal handlers.
[I 2024-10-13 11:30:32,748] Trial 315 finished with value: 18.670881271362305 and parameters: {'n_layers': 1, 'input_chunk_length': 42, 'hidden_dim': 195, 'learning_rate': 3.2302799347345116e-07, 'batch_size': 16, 'training_length': 223}. Best is trial 291 with value: 16.233583450317383.
Specified past encoders in `add_encoders` at model creation but model does not accept past covariates. past encoders will be ignored.
GPU available: True (cuda), used: True
TPU available: False, using: 0 TPU cores
HPU available: False, using: 0 HPUs
LOCAL_RANK: 0 - CUDA_VISIBLE_DEVICES: [0,1,2,3]
SLURM auto-requeueing enabled. Setting signal handlers.
Monitored metric val_loss did not improve in the last 376 records. Best score: -0.921. Signaling Trainer to stop.
GPU available: True (cuda), used: True
TPU available: False, using: 0 TPU cores
HPU available: False, using: 0 HPUs
LOCAL_RANK: 0 - CUDA_VISIBLE_DEVICES: [0,1,2,3]
SLURM auto-requeueing enabled. Setting signal handlers.
[I 2024-10-13 11:30:33,875] Trial 316 finished with value: 21.985654830932617 and parameters: {'n_layers': 1, 'input_chunk_length': 36, 'hidden_dim': 197, 'learning_rate': 2.8258803644885103e-07, 'batch_size': 16, 'training_length': 260}. Best is trial 291 with value: 16.233583450317383.
Specified past encoders in `add_encoders` at model creation but model does not accept past covariates. past encoders will be ignored.
GPU available: True (cuda), used: True
TPU available: False, using: 0 TPU cores
HPU available: False, using: 0 HPUs
LOCAL_RANK: 0 - CUDA_VISIBLE_DEVICES: [0,1,2,3]
SLURM auto-requeueing enabled. Setting signal handlers.
Monitored metric val_loss did not improve in the last 377 records. Best score: -0.921. Signaling Trainer to stop.
GPU available: True (cuda), used: True
TPU available: False, using: 0 TPU cores
HPU available: False, using: 0 HPUs
LOCAL_RANK: 0 - CUDA_VISIBLE_DEVICES: [0,1,2,3]
SLURM auto-requeueing enabled. Setting signal handlers.
[I 2024-10-13 11:30:34,950] Trial 317 finished with value: 16.234848022460938 and parameters: {'n_layers': 1, 'input_chunk_length': 74, 'hidden_dim': 200, 'learning_rate': 1.7100218528083557e-07, 'batch_size': 16, 'training_length': 224}. Best is trial 291 with value: 16.233583450317383.
Specified past encoders in `add_encoders` at model creation but model does not accept past covariates. past encoders will be ignored.
GPU available: True (cuda), used: True
TPU available: False, using: 0 TPU cores
HPU available: False, using: 0 HPUs
LOCAL_RANK: 0 - CUDA_VISIBLE_DEVICES: [0,1,2,3]
SLURM auto-requeueing enabled. Setting signal handlers.
Monitored metric val_loss did not improve in the last 378 records. Best score: -0.921. Signaling Trainer to stop.
GPU available: True (cuda), used: True
TPU available: False, using: 0 TPU cores
HPU available: False, using: 0 HPUs
LOCAL_RANK: 0 - CUDA_VISIBLE_DEVICES: [0,1,2,3]
SLURM auto-requeueing enabled. Setting signal handlers.
[I 2024-10-13 11:30:36,044] Trial 318 finished with value: 20.81251335144043 and parameters: {'n_layers': 1, 'input_chunk_length': 27, 'hidden_dim': 194, 'learning_rate': 1.6376907670677067e-07, 'batch_size': 16, 'training_length': 229}. Best is trial 291 with value: 16.233583450317383.
Specified past encoders in `add_encoders` at model creation but model does not accept past covariates. past encoders will be ignored.
GPU available: True (cuda), used: True
TPU available: False, using: 0 TPU cores
HPU available: False, using: 0 HPUs
LOCAL_RANK: 0 - CUDA_VISIBLE_DEVICES: [0,1,2,3]
SLURM auto-requeueing enabled. Setting signal handlers.
Monitored metric val_loss did not improve in the last 379 records. Best score: -0.921. Signaling Trainer to stop.
GPU available: True (cuda), used: True
TPU available: False, using: 0 TPU cores
HPU available: False, using: 0 HPUs
LOCAL_RANK: 0 - CUDA_VISIBLE_DEVICES: [0,1,2,3]
SLURM auto-requeueing enabled. Setting signal handlers.
[I 2024-10-13 11:30:37,242] Trial 319 finished with value: 18.671785354614258 and parameters: {'n_layers': 1, 'input_chunk_length': 72, 'hidden_dim': 169, 'learning_rate': 2.1160330112597058e-07, 'batch_size': 16, 'training_length': 225}. Best is trial 291 with value: 16.233583450317383.
Specified past encoders in `add_encoders` at model creation but model does not accept past covariates. past encoders will be ignored.
GPU available: True (cuda), used: True
TPU available: False, using: 0 TPU cores
HPU available: False, using: 0 HPUs
LOCAL_RANK: 0 - CUDA_VISIBLE_DEVICES: [0,1,2,3]
SLURM auto-requeueing enabled. Setting signal handlers.
Monitored metric val_loss did not improve in the last 380 records. Best score: -0.921. Signaling Trainer to stop.
GPU available: True (cuda), used: True
TPU available: False, using: 0 TPU cores
HPU available: False, using: 0 HPUs
LOCAL_RANK: 0 - CUDA_VISIBLE_DEVICES: [0,1,2,3]
SLURM auto-requeueing enabled. Setting signal handlers.
[I 2024-10-13 11:30:38,316] Trial 320 finished with value: 18.96635627746582 and parameters: {'n_layers': 1, 'input_chunk_length': 75, 'hidden_dim': 198, 'learning_rate': 1.0771053367750615e-07, 'batch_size': 16, 'training_length': 223}. Best is trial 291 with value: 16.233583450317383.
Specified past encoders in `add_encoders` at model creation but model does not accept past covariates. past encoders will be ignored.
GPU available: True (cuda), used: True
TPU available: False, using: 0 TPU cores
HPU available: False, using: 0 HPUs
LOCAL_RANK: 0 - CUDA_VISIBLE_DEVICES: [0,1,2,3]
SLURM auto-requeueing enabled. Setting signal handlers.
Monitored metric val_loss did not improve in the last 381 records. Best score: -0.921. Signaling Trainer to stop.
GPU available: True (cuda), used: True
TPU available: False, using: 0 TPU cores
HPU available: False, using: 0 HPUs
LOCAL_RANK: 0 - CUDA_VISIBLE_DEVICES: [0,1,2,3]
SLURM auto-requeueing enabled. Setting signal handlers.
[I 2024-10-13 11:30:39,588] Trial 321 finished with value: 19.74115562438965 and parameters: {'n_layers': 1, 'input_chunk_length': 39, 'hidden_dim': 191, 'learning_rate': 2.4602322305498024e-07, 'batch_size': 16, 'training_length': 249}. Best is trial 291 with value: 16.233583450317383.
Specified past encoders in `add_encoders` at model creation but model does not accept past covariates. past encoders will be ignored.
GPU available: True (cuda), used: True
TPU available: False, using: 0 TPU cores
HPU available: False, using: 0 HPUs
LOCAL_RANK: 0 - CUDA_VISIBLE_DEVICES: [0,1,2,3]
SLURM auto-requeueing enabled. Setting signal handlers.
Monitored metric val_loss did not improve in the last 382 records. Best score: -0.921. Signaling Trainer to stop.
GPU available: True (cuda), used: True
TPU available: False, using: 0 TPU cores
HPU available: False, using: 0 HPUs
LOCAL_RANK: 0 - CUDA_VISIBLE_DEVICES: [0,1,2,3]
SLURM auto-requeueing enabled. Setting signal handlers.
[I 2024-10-13 11:30:40,645] Trial 322 finished with value: 16.244014739990234 and parameters: {'n_layers': 1, 'input_chunk_length': 78, 'hidden_dim': 200, 'learning_rate': 1.4264235774718832e-07, 'batch_size': 16, 'training_length': 216}. Best is trial 291 with value: 16.233583450317383.
Specified past encoders in `add_encoders` at model creation but model does not accept past covariates. past encoders will be ignored.
GPU available: True (cuda), used: True
TPU available: False, using: 0 TPU cores
HPU available: False, using: 0 HPUs
LOCAL_RANK: 0 - CUDA_VISIBLE_DEVICES: [0,1,2,3]
SLURM auto-requeueing enabled. Setting signal handlers.
Monitored metric val_loss did not improve in the last 383 records. Best score: -0.921. Signaling Trainer to stop.
GPU available: True (cuda), used: True
TPU available: False, using: 0 TPU cores
HPU available: False, using: 0 HPUs
LOCAL_RANK: 0 - CUDA_VISIBLE_DEVICES: [0,1,2,3]
SLURM auto-requeueing enabled. Setting signal handlers.
[I 2024-10-13 11:30:41,712] Trial 323 finished with value: 18.67913055419922 and parameters: {'n_layers': 1, 'input_chunk_length': 78, 'hidden_dim': 195, 'learning_rate': 1.4406320719041967e-07, 'batch_size': 16, 'training_length': 215}. Best is trial 291 with value: 16.233583450317383.
Specified past encoders in `add_encoders` at model creation but model does not accept past covariates. past encoders will be ignored.
GPU available: True (cuda), used: True
TPU available: False, using: 0 TPU cores
HPU available: False, using: 0 HPUs
LOCAL_RANK: 0 - CUDA_VISIBLE_DEVICES: [0,1,2,3]
SLURM auto-requeueing enabled. Setting signal handlers.
Monitored metric val_loss did not improve in the last 384 records. Best score: -0.921. Signaling Trainer to stop.
GPU available: True (cuda), used: True
TPU available: False, using: 0 TPU cores
HPU available: False, using: 0 HPUs
LOCAL_RANK: 0 - CUDA_VISIBLE_DEVICES: [0,1,2,3]
SLURM auto-requeueing enabled. Setting signal handlers.
[I 2024-10-13 11:30:42,792] Trial 324 finished with value: 21.979515075683594 and parameters: {'n_layers': 1, 'input_chunk_length': 74, 'hidden_dim': 197, 'learning_rate': 1.6504471217000885e-07, 'batch_size': 16, 'training_length': 200}. Best is trial 291 with value: 16.233583450317383.
Specified past encoders in `add_encoders` at model creation but model does not accept past covariates. past encoders will be ignored.
GPU available: True (cuda), used: True
TPU available: False, using: 0 TPU cores
HPU available: False, using: 0 HPUs
LOCAL_RANK: 0 - CUDA_VISIBLE_DEVICES: [0,1,2,3]
SLURM auto-requeueing enabled. Setting signal handlers.
Monitored metric val_loss did not improve in the last 385 records. Best score: -0.921. Signaling Trainer to stop.
GPU available: True (cuda), used: True
TPU available: False, using: 0 TPU cores
HPU available: False, using: 0 HPUs
LOCAL_RANK: 0 - CUDA_VISIBLE_DEVICES: [0,1,2,3]
SLURM auto-requeueing enabled. Setting signal handlers.
[I 2024-10-13 11:30:43,851] Trial 325 finished with value: 16.234020233154297 and parameters: {'n_layers': 1, 'input_chunk_length': 54, 'hidden_dim': 200, 'learning_rate': 1.8868139694543983e-07, 'batch_size': 16, 'training_length': 215}. Best is trial 291 with value: 16.233583450317383.
Specified past encoders in `add_encoders` at model creation but model does not accept past covariates. past encoders will be ignored.
GPU available: True (cuda), used: True
TPU available: False, using: 0 TPU cores
HPU available: False, using: 0 HPUs
LOCAL_RANK: 0 - CUDA_VISIBLE_DEVICES: [0,1,2,3]
SLURM auto-requeueing enabled. Setting signal handlers.
Monitored metric val_loss did not improve in the last 386 records. Best score: -0.921. Signaling Trainer to stop.
GPU available: True (cuda), used: True
TPU available: False, using: 0 TPU cores
HPU available: False, using: 0 HPUs
LOCAL_RANK: 0 - CUDA_VISIBLE_DEVICES: [0,1,2,3]
SLURM auto-requeueing enabled. Setting signal handlers.
