[I 2024-10-13 11:32:05,043] Trial 392 finished with value: 16.24432945251465 and parameters: {'n_layers': 1, 'input_chunk_length': 63, 'hidden_dim': 200, 'learning_rate': 1.9117459873507797e-07, 'batch_size': 16, 'training_length': 401}. Best is trial 291 with value: 16.233583450317383.
Specified past encoders in `add_encoders` at model creation but model does not accept past covariates. past encoders will be ignored.
GPU available: True (cuda), used: True
TPU available: False, using: 0 TPU cores
HPU available: False, using: 0 HPUs
LOCAL_RANK: 0 - CUDA_VISIBLE_DEVICES: [0,1,2,3]
SLURM auto-requeueing enabled. Setting signal handlers.
Monitored metric val_loss did not improve in the last 453 records. Best score: -0.921. Signaling Trainer to stop.
GPU available: True (cuda), used: True
TPU available: False, using: 0 TPU cores
HPU available: False, using: 0 HPUs
LOCAL_RANK: 0 - CUDA_VISIBLE_DEVICES: [0,1,2,3]
SLURM auto-requeueing enabled. Setting signal handlers.
[I 2024-10-13 11:32:06,236] Trial 393 finished with value: 21.985675811767578 and parameters: {'n_layers': 1, 'input_chunk_length': 57, 'hidden_dim': 197, 'learning_rate': 2.7032655617535066e-07, 'batch_size': 16, 'training_length': 292}. Best is trial 291 with value: 16.233583450317383.
Specified past encoders in `add_encoders` at model creation but model does not accept past covariates. past encoders will be ignored.
GPU available: True (cuda), used: True
TPU available: False, using: 0 TPU cores
HPU available: False, using: 0 HPUs
LOCAL_RANK: 0 - CUDA_VISIBLE_DEVICES: [0,1,2,3]
SLURM auto-requeueing enabled. Setting signal handlers.
Monitored metric val_loss did not improve in the last 454 records. Best score: -0.921. Signaling Trainer to stop.
GPU available: True (cuda), used: True
TPU available: False, using: 0 TPU cores
HPU available: False, using: 0 HPUs
LOCAL_RANK: 0 - CUDA_VISIBLE_DEVICES: [0,1,2,3]
SLURM auto-requeueing enabled. Setting signal handlers.
[I 2024-10-13 11:32:07,042] Trial 394 finished with value: 17.42626953125 and parameters: {'n_layers': 1, 'input_chunk_length': 61, 'hidden_dim': 112, 'learning_rate': 1.547867540123239e-07, 'batch_size': 16, 'training_length': 353}. Best is trial 291 with value: 16.233583450317383.
Specified past encoders in `add_encoders` at model creation but model does not accept past covariates. past encoders will be ignored.
GPU available: True (cuda), used: True
TPU available: False, using: 0 TPU cores
HPU available: False, using: 0 HPUs
LOCAL_RANK: 0 - CUDA_VISIBLE_DEVICES: [0,1,2,3]
SLURM auto-requeueing enabled. Setting signal handlers.
Monitored metric val_loss did not improve in the last 455 records. Best score: -0.921. Signaling Trainer to stop.
GPU available: True (cuda), used: True
TPU available: False, using: 0 TPU cores
HPU available: False, using: 0 HPUs
LOCAL_RANK: 0 - CUDA_VISIBLE_DEVICES: [0,1,2,3]
SLURM auto-requeueing enabled. Setting signal handlers.
[I 2024-10-13 11:32:08,257] Trial 395 finished with value: 21.980100631713867 and parameters: {'n_layers': 1, 'input_chunk_length': 49, 'hidden_dim': 197, 'learning_rate': 1.283416881149028e-07, 'batch_size': 16, 'training_length': 302}. Best is trial 291 with value: 16.233583450317383.
Specified past encoders in `add_encoders` at model creation but model does not accept past covariates. past encoders will be ignored.
GPU available: True (cuda), used: True
TPU available: False, using: 0 TPU cores
HPU available: False, using: 0 HPUs
LOCAL_RANK: 0 - CUDA_VISIBLE_DEVICES: [0,1,2,3]
SLURM auto-requeueing enabled. Setting signal handlers.
Monitored metric val_loss did not improve in the last 456 records. Best score: -0.921. Signaling Trainer to stop.
GPU available: True (cuda), used: True
TPU available: False, using: 0 TPU cores
HPU available: False, using: 0 HPUs
LOCAL_RANK: 0 - CUDA_VISIBLE_DEVICES: [0,1,2,3]
SLURM auto-requeueing enabled. Setting signal handlers.
[I 2024-10-13 11:32:09,492] Trial 396 finished with value: 16.234365463256836 and parameters: {'n_layers': 1, 'input_chunk_length': 55, 'hidden_dim': 200, 'learning_rate': 2.0596853989435017e-07, 'batch_size': 16, 'training_length': 327}. Best is trial 291 with value: 16.233583450317383.
Specified past encoders in `add_encoders` at model creation but model does not accept past covariates. past encoders will be ignored.
GPU available: True (cuda), used: True
TPU available: False, using: 0 TPU cores
HPU available: False, using: 0 HPUs
LOCAL_RANK: 0 - CUDA_VISIBLE_DEVICES: [0,1,2,3]
SLURM auto-requeueing enabled. Setting signal handlers.
Monitored metric val_loss did not improve in the last 457 records. Best score: -0.921. Signaling Trainer to stop.
GPU available: True (cuda), used: True
TPU available: False, using: 0 TPU cores
HPU available: False, using: 0 HPUs
LOCAL_RANK: 0 - CUDA_VISIBLE_DEVICES: [0,1,2,3]
SLURM auto-requeueing enabled. Setting signal handlers.
[I 2024-10-13 11:32:10,735] Trial 397 finished with value: 20.806459426879883 and parameters: {'n_layers': 1, 'input_chunk_length': 51, 'hidden_dim': 194, 'learning_rate': 2.1545424563923078e-07, 'batch_size': 16, 'training_length': 326}. Best is trial 291 with value: 16.233583450317383.
Specified past encoders in `add_encoders` at model creation but model does not accept past covariates. past encoders will be ignored.
GPU available: True (cuda), used: True
TPU available: False, using: 0 TPU cores
HPU available: False, using: 0 HPUs
LOCAL_RANK: 0 - CUDA_VISIBLE_DEVICES: [0,1,2,3]
SLURM auto-requeueing enabled. Setting signal handlers.
Monitored metric val_loss did not improve in the last 458 records. Best score: -0.921. Signaling Trainer to stop.
GPU available: True (cuda), used: True
TPU available: False, using: 0 TPU cores
HPU available: False, using: 0 HPUs
LOCAL_RANK: 0 - CUDA_VISIBLE_DEVICES: [0,1,2,3]
SLURM auto-requeueing enabled. Setting signal handlers.
[I 2024-10-13 11:32:11,968] Trial 398 finished with value: 21.978824615478516 and parameters: {'n_layers': 1, 'input_chunk_length': 54, 'hidden_dim': 197, 'learning_rate': 2.5191598640978633e-07, 'batch_size': 16, 'training_length': 319}. Best is trial 291 with value: 16.233583450317383.
Specified past encoders in `add_encoders` at model creation but model does not accept past covariates. past encoders will be ignored.
GPU available: True (cuda), used: True
TPU available: False, using: 0 TPU cores
HPU available: False, using: 0 HPUs
LOCAL_RANK: 0 - CUDA_VISIBLE_DEVICES: [0,1,2,3]
SLURM auto-requeueing enabled. Setting signal handlers.
Monitored metric val_loss did not improve in the last 459 records. Best score: -0.921. Signaling Trainer to stop.
GPU available: True (cuda), used: True
TPU available: False, using: 0 TPU cores
HPU available: False, using: 0 HPUs
LOCAL_RANK: 0 - CUDA_VISIBLE_DEVICES: [0,1,2,3]
SLURM auto-requeueing enabled. Setting signal handlers.
[I 2024-10-13 11:32:13,439] Trial 399 finished with value: 24.957250595092773 and parameters: {'n_layers': 1, 'input_chunk_length': 55, 'hidden_dim': 188, 'learning_rate': 2.007223802307608e-07, 'batch_size': 16, 'training_length': 345}. Best is trial 291 with value: 16.233583450317383.
Specified past encoders in `add_encoders` at model creation but model does not accept past covariates. past encoders will be ignored.
GPU available: True (cuda), used: True
TPU available: False, using: 0 TPU cores
HPU available: False, using: 0 HPUs
LOCAL_RANK: 0 - CUDA_VISIBLE_DEVICES: [0,1,2,3]
SLURM auto-requeueing enabled. Setting signal handlers.
Monitored metric val_loss did not improve in the last 460 records. Best score: -0.921. Signaling Trainer to stop.
GPU available: True (cuda), used: True
TPU available: False, using: 0 TPU cores
HPU available: False, using: 0 HPUs
LOCAL_RANK: 0 - CUDA_VISIBLE_DEVICES: [0,1,2,3]
SLURM auto-requeueing enabled. Setting signal handlers.
[I 2024-10-13 11:32:14,675] Trial 400 finished with value: 16.234413146972656 and parameters: {'n_layers': 1, 'input_chunk_length': 47, 'hidden_dim': 200, 'learning_rate': 1.1910845913644964e-07, 'batch_size': 16, 'training_length': 329}. Best is trial 291 with value: 16.233583450317383.
Specified past encoders in `add_encoders` at model creation but model does not accept past covariates. past encoders will be ignored.
GPU available: True (cuda), used: True
TPU available: False, using: 0 TPU cores
HPU available: False, using: 0 HPUs
LOCAL_RANK: 0 - CUDA_VISIBLE_DEVICES: [0,1,2,3]
SLURM auto-requeueing enabled. Setting signal handlers.
Monitored metric val_loss did not improve in the last 461 records. Best score: -0.921. Signaling Trainer to stop.
GPU available: True (cuda), used: True
TPU available: False, using: 0 TPU cores
HPU available: False, using: 0 HPUs
LOCAL_RANK: 0 - CUDA_VISIBLE_DEVICES: [0,1,2,3]
SLURM auto-requeueing enabled. Setting signal handlers.
[I 2024-10-13 11:32:16,150] Trial 401 finished with value: 18.597427368164062 and parameters: {'n_layers': 1, 'input_chunk_length': 48, 'hidden_dim': 192, 'learning_rate': 1.1461293757272434e-07, 'batch_size': 16, 'training_length': 334}. Best is trial 291 with value: 16.233583450317383.
Specified past encoders in `add_encoders` at model creation but model does not accept past covariates. past encoders will be ignored.
GPU available: True (cuda), used: True
TPU available: False, using: 0 TPU cores
HPU available: False, using: 0 HPUs
LOCAL_RANK: 0 - CUDA_VISIBLE_DEVICES: [0,1,2,3]
SLURM auto-requeueing enabled. Setting signal handlers.
Monitored metric val_loss did not improve in the last 462 records. Best score: -0.921. Signaling Trainer to stop.
GPU available: True (cuda), used: True
TPU available: False, using: 0 TPU cores
HPU available: False, using: 0 HPUs
LOCAL_RANK: 0 - CUDA_VISIBLE_DEVICES: [0,1,2,3]
SLURM auto-requeueing enabled. Setting signal handlers.
[I 2024-10-13 11:32:17,382] Trial 402 finished with value: 16.243572235107422 and parameters: {'n_layers': 1, 'input_chunk_length': 52, 'hidden_dim': 200, 'learning_rate': 1.0015623678952583e-07, 'batch_size': 16, 'training_length': 331}. Best is trial 291 with value: 16.233583450317383.
Specified past encoders in `add_encoders` at model creation but model does not accept past covariates. past encoders will be ignored.
GPU available: True (cuda), used: True
TPU available: False, using: 0 TPU cores
HPU available: False, using: 0 HPUs
LOCAL_RANK: 0 - CUDA_VISIBLE_DEVICES: [0,1,2,3]
SLURM auto-requeueing enabled. Setting signal handlers.
Monitored metric val_loss did not improve in the last 463 records. Best score: -0.921. Signaling Trainer to stop.
GPU available: True (cuda), used: True
TPU available: False, using: 0 TPU cores
HPU available: False, using: 0 HPUs
LOCAL_RANK: 0 - CUDA_VISIBLE_DEVICES: [0,1,2,3]
SLURM auto-requeueing enabled. Setting signal handlers.
[I 2024-10-13 11:32:18,631] Trial 403 finished with value: 18.679594039916992 and parameters: {'n_layers': 1, 'input_chunk_length': 51, 'hidden_dim': 195, 'learning_rate': 1.1384935828202574e-07, 'batch_size': 16, 'training_length': 335}. Best is trial 291 with value: 16.233583450317383.
Specified past encoders in `add_encoders` at model creation but model does not accept past covariates. past encoders will be ignored.
GPU available: True (cuda), used: True
TPU available: False, using: 0 TPU cores
HPU available: False, using: 0 HPUs
LOCAL_RANK: 0 - CUDA_VISIBLE_DEVICES: [0,1,2,3]
SLURM auto-requeueing enabled. Setting signal handlers.
Monitored metric val_loss did not improve in the last 464 records. Best score: -0.921. Signaling Trainer to stop.
GPU available: True (cuda), used: True
TPU available: False, using: 0 TPU cores
HPU available: False, using: 0 HPUs
LOCAL_RANK: 0 - CUDA_VISIBLE_DEVICES: [0,1,2,3]
SLURM auto-requeueing enabled. Setting signal handlers.
[I 2024-10-13 11:32:19,845] Trial 404 finished with value: 21.97928237915039 and parameters: {'n_layers': 1, 'input_chunk_length': 46, 'hidden_dim': 197, 'learning_rate': 1.2048758942516234e-07, 'batch_size': 16, 'training_length': 316}. Best is trial 291 with value: 16.233583450317383.
Specified past encoders in `add_encoders` at model creation but model does not accept past covariates. past encoders will be ignored.
GPU available: True (cuda), used: True
TPU available: False, using: 0 TPU cores
HPU available: False, using: 0 HPUs
LOCAL_RANK: 0 - CUDA_VISIBLE_DEVICES: [0,1,2,3]
SLURM auto-requeueing enabled. Setting signal handlers.
Monitored metric val_loss did not improve in the last 465 records. Best score: -0.921. Signaling Trainer to stop.
GPU available: True (cuda), used: True
TPU available: False, using: 0 TPU cores
HPU available: False, using: 0 HPUs
LOCAL_RANK: 0 - CUDA_VISIBLE_DEVICES: [0,1,2,3]
SLURM auto-requeueing enabled. Setting signal handlers.
[I 2024-10-13 11:32:21,340] Trial 405 finished with value: 24.562898635864258 and parameters: {'n_layers': 1, 'input_chunk_length': 54, 'hidden_dim': 173, 'learning_rate': 1.0446974557700616e-07, 'batch_size': 16, 'training_length': 375}. Best is trial 291 with value: 16.233583450317383.
Specified past encoders in `add_encoders` at model creation but model does not accept past covariates. past encoders will be ignored.
GPU available: True (cuda), used: True
TPU available: False, using: 0 TPU cores
HPU available: False, using: 0 HPUs
LOCAL_RANK: 0 - CUDA_VISIBLE_DEVICES: [0,1,2,3]
SLURM auto-requeueing enabled. Setting signal handlers.
Monitored metric val_loss did not improve in the last 466 records. Best score: -0.921. Signaling Trainer to stop.
GPU available: True (cuda), used: True
TPU available: False, using: 0 TPU cores
HPU available: False, using: 0 HPUs
LOCAL_RANK: 0 - CUDA_VISIBLE_DEVICES: [0,1,2,3]
SLURM auto-requeueing enabled. Setting signal handlers.
[I 2024-10-13 11:32:22,590] Trial 406 finished with value: 16.243549346923828 and parameters: {'n_layers': 1, 'input_chunk_length': 50, 'hidden_dim': 200, 'learning_rate': 1.00113370998226e-07, 'batch_size': 16, 'training_length': 340}. Best is trial 291 with value: 16.233583450317383.
Specified past encoders in `add_encoders` at model creation but model does not accept past covariates. past encoders will be ignored.
GPU available: True (cuda), used: True
TPU available: False, using: 0 TPU cores
HPU available: False, using: 0 HPUs
LOCAL_RANK: 0 - CUDA_VISIBLE_DEVICES: [0,1,2,3]
SLURM auto-requeueing enabled. Setting signal handlers.
Monitored metric val_loss did not improve in the last 467 records. Best score: -0.921. Signaling Trainer to stop.
GPU available: True (cuda), used: True
TPU available: False, using: 0 TPU cores
HPU available: False, using: 0 HPUs
LOCAL_RANK: 0 - CUDA_VISIBLE_DEVICES: [0,1,2,3]
SLURM auto-requeueing enabled. Setting signal handlers.
[I 2024-10-13 11:32:23,856] Trial 407 finished with value: 18.67255210876465 and parameters: {'n_layers': 1, 'input_chunk_length': 45, 'hidden_dim': 195, 'learning_rate': 1.0063582797421043e-07, 'batch_size': 16, 'training_length': 346}. Best is trial 291 with value: 16.233583450317383.
Specified past encoders in `add_encoders` at model creation but model does not accept past covariates. past encoders will be ignored.
GPU available: True (cuda), used: True
TPU available: False, using: 0 TPU cores
HPU available: False, using: 0 HPUs
LOCAL_RANK: 0 - CUDA_VISIBLE_DEVICES: [0,1,2,3]
SLURM auto-requeueing enabled. Setting signal handlers.
Monitored metric val_loss did not improve in the last 468 records. Best score: -0.921. Signaling Trainer to stop.
GPU available: True (cuda), used: True
TPU available: False, using: 0 TPU cores
HPU available: False, using: 0 HPUs
LOCAL_RANK: 0 - CUDA_VISIBLE_DEVICES: [0,1,2,3]
SLURM auto-requeueing enabled. Setting signal handlers.
[I 2024-10-13 11:32:25,090] Trial 408 finished with value: 18.834487915039062 and parameters: {'n_layers': 1, 'input_chunk_length': 48, 'hidden_dim': 198, 'learning_rate': 1.2348980570798834e-07, 'batch_size': 16, 'training_length': 330}. Best is trial 291 with value: 16.233583450317383.
Specified past encoders in `add_encoders` at model creation but model does not accept past covariates. past encoders will be ignored.
GPU available: True (cuda), used: True
TPU available: False, using: 0 TPU cores
HPU available: False, using: 0 HPUs
LOCAL_RANK: 0 - CUDA_VISIBLE_DEVICES: [0,1,2,3]
SLURM auto-requeueing enabled. Setting signal handlers.
Monitored metric val_loss did not improve in the last 469 records. Best score: -0.921. Signaling Trainer to stop.
GPU available: True (cuda), used: True
TPU available: False, using: 0 TPU cores
HPU available: False, using: 0 HPUs
LOCAL_RANK: 0 - CUDA_VISIBLE_DEVICES: [0,1,2,3]
SLURM auto-requeueing enabled. Setting signal handlers.
[I 2024-10-13 11:32:26,574] Trial 409 finished with value: 19.741432189941406 and parameters: {'n_layers': 1, 'input_chunk_length': 50, 'hidden_dim': 191, 'learning_rate': 1.390630846566192e-07, 'batch_size': 16, 'training_length': 349}. Best is trial 291 with value: 16.233583450317383.
Specified past encoders in `add_encoders` at model creation but model does not accept past covariates. past encoders will be ignored.
GPU available: True (cuda), used: True
TPU available: False, using: 0 TPU cores
HPU available: False, using: 0 HPUs
LOCAL_RANK: 0 - CUDA_VISIBLE_DEVICES: [0,1,2,3]
SLURM auto-requeueing enabled. Setting signal handlers.
Monitored metric val_loss did not improve in the last 470 records. Best score: -0.921. Signaling Trainer to stop.
GPU available: True (cuda), used: True
TPU available: False, using: 0 TPU cores
HPU available: False, using: 0 HPUs
LOCAL_RANK: 0 - CUDA_VISIBLE_DEVICES: [0,1,2,3]
SLURM auto-requeueing enabled. Setting signal handlers.
[I 2024-10-13 11:32:27,825] Trial 410 finished with value: 16.24363136291504 and parameters: {'n_layers': 1, 'input_chunk_length': 52, 'hidden_dim': 200, 'learning_rate': 1.0208164231929484e-07, 'batch_size': 16, 'training_length': 339}. Best is trial 291 with value: 16.233583450317383.
Specified past encoders in `add_encoders` at model creation but model does not accept past covariates. past encoders will be ignored.
GPU available: True (cuda), used: True
TPU available: False, using: 0 TPU cores
HPU available: False, using: 0 HPUs
LOCAL_RANK: 0 - CUDA_VISIBLE_DEVICES: [0,1,2,3]
SLURM auto-requeueing enabled. Setting signal handlers.
Monitored metric val_loss did not improve in the last 471 records. Best score: -0.921. Signaling Trainer to stop.
GPU available: True (cuda), used: True
TPU available: False, using: 0 TPU cores
HPU available: False, using: 0 HPUs
LOCAL_RANK: 0 - CUDA_VISIBLE_DEVICES: [0,1,2,3]
SLURM auto-requeueing enabled. Setting signal handlers.
[I 2024-10-13 11:32:29,090] Trial 411 finished with value: 21.979900360107422 and parameters: {'n_layers': 1, 'input_chunk_length': 49, 'hidden_dim': 197, 'learning_rate': 1.0133022634594805e-07, 'batch_size': 16, 'training_length': 343}. Best is trial 291 with value: 16.233583450317383.
Specified past encoders in `add_encoders` at model creation but model does not accept past covariates. past encoders will be ignored.
GPU available: True (cuda), used: True
TPU available: False, using: 0 TPU cores
HPU available: False, using: 0 HPUs
LOCAL_RANK: 0 - CUDA_VISIBLE_DEVICES: [0,1,2,3]
SLURM auto-requeueing enabled. Setting signal handlers.
Monitored metric val_loss did not improve in the last 472 records. Best score: -0.921. Signaling Trainer to stop.
GPU available: True (cuda), used: True
TPU available: False, using: 0 TPU cores
HPU available: False, using: 0 HPUs
LOCAL_RANK: 0 - CUDA_VISIBLE_DEVICES: [0,1,2,3]
SLURM auto-requeueing enabled. Setting signal handlers.
[I 2024-10-13 11:32:30,383] Trial 412 finished with value: 20.812166213989258 and parameters: {'n_layers': 1, 'input_chunk_length': 52, 'hidden_dim': 194, 'learning_rate': 1.475513110206547e-07, 'batch_size': 16, 'training_length': 367}. Best is trial 291 with value: 16.233583450317383.
Specified past encoders in `add_encoders` at model creation but model does not accept past covariates. past encoders will be ignored.
GPU available: True (cuda), used: True
TPU available: False, using: 0 TPU cores
HPU available: False, using: 0 HPUs
LOCAL_RANK: 0 - CUDA_VISIBLE_DEVICES: [0,1,2,3]
SLURM auto-requeueing enabled. Setting signal handlers.
Monitored metric val_loss did not improve in the last 473 records. Best score: -0.921. Signaling Trainer to stop.
GPU available: True (cuda), used: True
TPU available: False, using: 0 TPU cores
HPU available: False, using: 0 HPUs
LOCAL_RANK: 0 - CUDA_VISIBLE_DEVICES: [0,1,2,3]
SLURM auto-requeueing enabled. Setting signal handlers.
[I 2024-10-13 11:32:32,313] Trial 413 finished with value: 21.187532424926758 and parameters: {'n_layers': 2, 'dropout': 0.07068605424435831, 'input_chunk_length': 51, 'hidden_dim': 200, 'learning_rate': 1.3804753146737503e-07, 'batch_size': 16, 'training_length': 325}. Best is trial 291 with value: 16.233583450317383.
Specified past encoders in `add_encoders` at model creation but model does not accept past covariates. past encoders will be ignored.
GPU available: True (cuda), used: True
TPU available: False, using: 0 TPU cores
HPU available: False, using: 0 HPUs
LOCAL_RANK: 0 - CUDA_VISIBLE_DEVICES: [0,1,2,3]
SLURM auto-requeueing enabled. Setting signal handlers.
Monitored metric val_loss did not improve in the last 474 records. Best score: -0.921. Signaling Trainer to stop.
GPU available: True (cuda), used: True
TPU available: False, using: 0 TPU cores
HPU available: False, using: 0 HPUs
LOCAL_RANK: 0 - CUDA_VISIBLE_DEVICES: [0,1,2,3]
SLURM auto-requeueing enabled. Setting signal handlers.
