GpuFreq=control_disabled
[I 2024-10-13 11:26:46,902] A new study created in memory with name: no-name-2fa417f7-e578-4574-a94a-cc9052021b8e
/pfs/data5/home/tu/tu_tu/tu_zxoul27/micromamba/envs/power/lib/python3.12/site-packages/torch/random.py:167: UserWarning: CUDA reports that you have 4 available devices, and you have used fork_rng without explicitly specifying which devices are being used. For safety, we initialize *every* CUDA device by default, which can be quite slow if you have a lot of CUDAs. If you know that you are only making use of a few CUDA devices, set the environment variable CUDA_VISIBLE_DEVICES or the 'devices' keyword argument of fork_rng with the set of devices you are actually using. For example, if you are using CPU only, set device.upper()_VISIBLE_DEVICES= or devices=[]; if you are using device 0 only, set CUDA_VISIBLE_DEVICES=0 or devices=[0].  To initialize all devices and suppress this warning, set the 'devices' keyword argument to `range(torch.cuda.device_count())`.
  warnings.warn(message)
Specified past encoders in `add_encoders` at model creation but model does not accept past covariates. past encoders will be ignored.
GPU available: True (cuda), used: True
TPU available: False, using: 0 TPU cores
HPU available: False, using: 0 HPUs
Initializing distributed: GLOBAL_RANK: 0, MEMBER: 1/1
----------------------------------------------------------------------------------------------------
distributed_backend=nccl
All distributed processes registered. Starting with 1 processes
----------------------------------------------------------------------------------------------------

LOCAL_RANK: 0 - CUDA_VISIBLE_DEVICES: [0,1,2,3]
SLURM auto-requeueing enabled. Setting signal handlers.
/pfs/data5/home/tu/tu_tu/tu_zxoul27/micromamba/envs/power/lib/python3.12/site-packages/pytorch_lightning/loops/fit_loop.py:298: The number of training batches (14) is smaller than the logging interval Trainer(log_every_n_steps=20). Set a lower value for log_every_n_steps if you want to see logs for the training epoch.
Metric val_loss improved. New best score: 1.019
Metric val_loss improved by 0.000 >= min_delta = 0.0. New best score: 1.018
Metric val_loss improved by 0.000 >= min_delta = 0.0. New best score: 1.018
Metric val_loss improved by 0.000 >= min_delta = 0.0. New best score: 1.018
Metric val_loss improved by 0.000 >= min_delta = 0.0. New best score: 1.017
Metric val_loss improved by 0.000 >= min_delta = 0.0. New best score: 1.017
Metric val_loss improved by 0.000 >= min_delta = 0.0. New best score: 1.016
Metric val_loss improved by 0.000 >= min_delta = 0.0. New best score: 1.016
Metric val_loss improved by 0.000 >= min_delta = 0.0. New best score: 1.016
Metric val_loss improved by 0.000 >= min_delta = 0.0. New best score: 1.015
Metric val_loss improved by 0.000 >= min_delta = 0.0. New best score: 1.015
Metric val_loss improved by 0.000 >= min_delta = 0.0. New best score: 1.014
Metric val_loss improved by 0.000 >= min_delta = 0.0. New best score: 1.014
Metric val_loss improved by 0.000 >= min_delta = 0.0. New best score: 1.014
Metric val_loss improved by 0.000 >= min_delta = 0.0. New best score: 1.013
Metric val_loss improved by 0.000 >= min_delta = 0.0. New best score: 1.013
Metric val_loss improved by 0.000 >= min_delta = 0.0. New best score: 1.013
Metric val_loss improved by 0.000 >= min_delta = 0.0. New best score: 1.012
Metric val_loss improved by 0.000 >= min_delta = 0.0. New best score: 1.012
Metric val_loss improved by 0.000 >= min_delta = 0.0. New best score: 1.012
Metric val_loss improved by 0.000 >= min_delta = 0.0. New best score: 1.012
Metric val_loss improved by 0.000 >= min_delta = 0.0. New best score: 1.011
Metric val_loss improved by 0.000 >= min_delta = 0.0. New best score: 1.011
Metric val_loss improved by 0.000 >= min_delta = 0.0. New best score: 1.010
Metric val_loss improved by 0.000 >= min_delta = 0.0. New best score: 1.010
Metric val_loss improved by 0.000 >= min_delta = 0.0. New best score: 1.010
Metric val_loss improved by 0.000 >= min_delta = 0.0. New best score: 1.009
Metric val_loss improved by 0.000 >= min_delta = 0.0. New best score: 1.009
Metric val_loss improved by 0.000 >= min_delta = 0.0. New best score: 1.008
Metric val_loss improved by 0.001 >= min_delta = 0.0. New best score: 1.008
Metric val_loss improved by 0.001 >= min_delta = 0.0. New best score: 1.007
Metric val_loss improved by 0.000 >= min_delta = 0.0. New best score: 1.007
Metric val_loss improved by 0.000 >= min_delta = 0.0. New best score: 1.006
Metric val_loss improved by 0.000 >= min_delta = 0.0. New best score: 1.006
Metric val_loss improved by 0.001 >= min_delta = 0.0. New best score: 1.005
Metric val_loss improved by 0.001 >= min_delta = 0.0. New best score: 1.005
Metric val_loss improved by 0.001 >= min_delta = 0.0. New best score: 1.004
Metric val_loss improved by 0.001 >= min_delta = 0.0. New best score: 1.004
Metric val_loss improved by 0.000 >= min_delta = 0.0. New best score: 1.003
Metric val_loss improved by 0.000 >= min_delta = 0.0. New best score: 1.003
Metric val_loss improved by 0.000 >= min_delta = 0.0. New best score: 1.002
Metric val_loss improved by 0.000 >= min_delta = 0.0. New best score: 1.002
Metric val_loss improved by 0.000 >= min_delta = 0.0. New best score: 1.001
Metric val_loss improved by 0.000 >= min_delta = 0.0. New best score: 1.001
Metric val_loss improved by 0.000 >= min_delta = 0.0. New best score: 1.000
Metric val_loss improved by 0.000 >= min_delta = 0.0. New best score: 1.000
Metric val_loss improved by 0.000 >= min_delta = 0.0. New best score: 0.999
Metric val_loss improved by 0.000 >= min_delta = 0.0. New best score: 0.999
Metric val_loss improved by 0.000 >= min_delta = 0.0. New best score: 0.999
Metric val_loss improved by 0.000 >= min_delta = 0.0. New best score: 0.998
Metric val_loss improved by 0.000 >= min_delta = 0.0. New best score: 0.998
Metric val_loss improved by 0.000 >= min_delta = 0.0. New best score: 0.997
Metric val_loss improved by 0.000 >= min_delta = 0.0. New best score: 0.997
Metric val_loss improved by 0.000 >= min_delta = 0.0. New best score: 0.997
Metric val_loss improved by 0.000 >= min_delta = 0.0. New best score: 0.996
Metric val_loss improved by 0.000 >= min_delta = 0.0. New best score: 0.996
Metric val_loss improved by 0.000 >= min_delta = 0.0. New best score: 0.995
Metric val_loss improved by 0.000 >= min_delta = 0.0. New best score: 0.995
Metric val_loss improved by 0.000 >= min_delta = 0.0. New best score: 0.994
Metric val_loss improved by 0.000 >= min_delta = 0.0. New best score: 0.994
Metric val_loss improved by 0.000 >= min_delta = 0.0. New best score: 0.994
Metric val_loss improved by 0.000 >= min_delta = 0.0. New best score: 0.993
Metric val_loss improved by 0.000 >= min_delta = 0.0. New best score: 0.993
Metric val_loss improved by 0.000 >= min_delta = 0.0. New best score: 0.992
Metric val_loss improved by 0.000 >= min_delta = 0.0. New best score: 0.992
Metric val_loss improved by 0.000 >= min_delta = 0.0. New best score: 0.991
Metric val_loss improved by 0.000 >= min_delta = 0.0. New best score: 0.991
Metric val_loss improved by 0.001 >= min_delta = 0.0. New best score: 0.990
Metric val_loss improved by 0.001 >= min_delta = 0.0. New best score: 0.990
Metric val_loss improved by 0.000 >= min_delta = 0.0. New best score: 0.989
Metric val_loss improved by 0.001 >= min_delta = 0.0. New best score: 0.989
Metric val_loss improved by 0.000 >= min_delta = 0.0. New best score: 0.988
Metric val_loss improved by 0.000 >= min_delta = 0.0. New best score: 0.988
Metric val_loss improved by 0.000 >= min_delta = 0.0. New best score: 0.987
Metric val_loss improved by 0.000 >= min_delta = 0.0. New best score: 0.987
Metric val_loss improved by 0.000 >= min_delta = 0.0. New best score: 0.987
Metric val_loss improved by 0.000 >= min_delta = 0.0. New best score: 0.986
Metric val_loss improved by 0.000 >= min_delta = 0.0. New best score: 0.986
Metric val_loss improved by 0.000 >= min_delta = 0.0. New best score: 0.985
Metric val_loss improved by 0.000 >= min_delta = 0.0. New best score: 0.985
Metric val_loss improved by 0.000 >= min_delta = 0.0. New best score: 0.985
Metric val_loss improved by 0.000 >= min_delta = 0.0. New best score: 0.984
Metric val_loss improved by 0.000 >= min_delta = 0.0. New best score: 0.984
Metric val_loss improved by 0.000 >= min_delta = 0.0. New best score: 0.984
Metric val_loss improved by 0.000 >= min_delta = 0.0. New best score: 0.983
Metric val_loss improved by 0.000 >= min_delta = 0.0. New best score: 0.983
Metric val_loss improved by 0.000 >= min_delta = 0.0. New best score: 0.982
Metric val_loss improved by 0.000 >= min_delta = 0.0. New best score: 0.982
Metric val_loss improved by 0.000 >= min_delta = 0.0. New best score: 0.982
Metric val_loss improved by 0.000 >= min_delta = 0.0. New best score: 0.981
Metric val_loss improved by 0.000 >= min_delta = 0.0. New best score: 0.981
Metric val_loss improved by 0.000 >= min_delta = 0.0. New best score: 0.981
Metric val_loss improved by 0.000 >= min_delta = 0.0. New best score: 0.980
Metric val_loss improved by 0.000 >= min_delta = 0.0. New best score: 0.980
Metric val_loss improved by 0.000 >= min_delta = 0.0. New best score: 0.980
Metric val_loss improved by 0.000 >= min_delta = 0.0. New best score: 0.979
Metric val_loss improved by 0.000 >= min_delta = 0.0. New best score: 0.979
Metric val_loss improved by 0.000 >= min_delta = 0.0. New best score: 0.979
Metric val_loss improved by 0.000 >= min_delta = 0.0. New best score: 0.978
Metric val_loss improved by 0.000 >= min_delta = 0.0. New best score: 0.978
Metric val_loss improved by 0.000 >= min_delta = 0.0. New best score: 0.978
Metric val_loss improved by 0.000 >= min_delta = 0.0. New best score: 0.977
Metric val_loss improved by 0.000 >= min_delta = 0.0. New best score: 0.977
Metric val_loss improved by 0.000 >= min_delta = 0.0. New best score: 0.977
Metric val_loss improved by 0.000 >= min_delta = 0.0. New best score: 0.976
Metric val_loss improved by 0.000 >= min_delta = 0.0. New best score: 0.976
Metric val_loss improved by 0.000 >= min_delta = 0.0. New best score: 0.976
Metric val_loss improved by 0.000 >= min_delta = 0.0. New best score: 0.975
Metric val_loss improved by 0.000 >= min_delta = 0.0. New best score: 0.975
Metric val_loss improved by 0.000 >= min_delta = 0.0. New best score: 0.975
Metric val_loss improved by 0.000 >= min_delta = 0.0. New best score: 0.974
Metric val_loss improved by 0.000 >= min_delta = 0.0. New best score: 0.974
Metric val_loss improved by 0.000 >= min_delta = 0.0. New best score: 0.974
Metric val_loss improved by 0.000 >= min_delta = 0.0. New best score: 0.973
Metric val_loss improved by 0.000 >= min_delta = 0.0. New best score: 0.973
Metric val_loss improved by 0.000 >= min_delta = 0.0. New best score: 0.973
Metric val_loss improved by 0.000 >= min_delta = 0.0. New best score: 0.972
Metric val_loss improved by 0.000 >= min_delta = 0.0. New best score: 0.972
Metric val_loss improved by 0.000 >= min_delta = 0.0. New best score: 0.971
Metric val_loss improved by 0.000 >= min_delta = 0.0. New best score: 0.971
Metric val_loss improved by 0.000 >= min_delta = 0.0. New best score: 0.971
Metric val_loss improved by 0.000 >= min_delta = 0.0. New best score: 0.970
Metric val_loss improved by 0.000 >= min_delta = 0.0. New best score: 0.970
Metric val_loss improved by 0.000 >= min_delta = 0.0. New best score: 0.970
Metric val_loss improved by 0.000 >= min_delta = 0.0. New best score: 0.969
Metric val_loss improved by 0.000 >= min_delta = 0.0. New best score: 0.969
Metric val_loss improved by 0.000 >= min_delta = 0.0. New best score: 0.969
Metric val_loss improved by 0.000 >= min_delta = 0.0. New best score: 0.968
Metric val_loss improved by 0.000 >= min_delta = 0.0. New best score: 0.968
Metric val_loss improved by 0.000 >= min_delta = 0.0. New best score: 0.968
Metric val_loss improved by 0.000 >= min_delta = 0.0. New best score: 0.967
Metric val_loss improved by 0.000 >= min_delta = 0.0. New best score: 0.967
Metric val_loss improved by 0.000 >= min_delta = 0.0. New best score: 0.967
Metric val_loss improved by 0.000 >= min_delta = 0.0. New best score: 0.966
Metric val_loss improved by 0.000 >= min_delta = 0.0. New best score: 0.966
Metric val_loss improved by 0.000 >= min_delta = 0.0. New best score: 0.966
Metric val_loss improved by 0.000 >= min_delta = 0.0. New best score: 0.965
Metric val_loss improved by 0.000 >= min_delta = 0.0. New best score: 0.965
Metric val_loss improved by 0.000 >= min_delta = 0.0. New best score: 0.965
Metric val_loss improved by 0.000 >= min_delta = 0.0. New best score: 0.964
Metric val_loss improved by 0.000 >= min_delta = 0.0. New best score: 0.964
Metric val_loss improved by 0.000 >= min_delta = 0.0. New best score: 0.963
Metric val_loss improved by 0.000 >= min_delta = 0.0. New best score: 0.963
Metric val_loss improved by 0.000 >= min_delta = 0.0. New best score: 0.963
Metric val_loss improved by 0.000 >= min_delta = 0.0. New best score: 0.962
Metric val_loss improved by 0.000 >= min_delta = 0.0. New best score: 0.962
Metric val_loss improved by 0.000 >= min_delta = 0.0. New best score: 0.962
Metric val_loss improved by 0.000 >= min_delta = 0.0. New best score: 0.961
Metric val_loss improved by 0.000 >= min_delta = 0.0. New best score: 0.961
Metric val_loss improved by 0.000 >= min_delta = 0.0. New best score: 0.961
`Trainer.fit` stopped: `max_epochs=150` reached.
GPU available: True (cuda), used: True
TPU available: False, using: 0 TPU cores
HPU available: False, using: 0 HPUs
LOCAL_RANK: 0 - CUDA_VISIBLE_DEVICES: [0,1,2,3]
SLURM auto-requeueing enabled. Setting signal handlers.
