GpuFreq=control_disabled
[I 2024-10-13 11:25:47,180] A new study created in memory with name: no-name-df6a0351-1f12-4813-9ae7-a7e5a5456187
/pfs/data5/home/tu/tu_tu/tu_zxoul27/micromamba/envs/power/lib/python3.12/site-packages/torch/random.py:167: UserWarning: CUDA reports that you have 4 available devices, and you have used fork_rng without explicitly specifying which devices are being used. For safety, we initialize *every* CUDA device by default, which can be quite slow if you have a lot of CUDAs. If you know that you are only making use of a few CUDA devices, set the environment variable CUDA_VISIBLE_DEVICES or the 'devices' keyword argument of fork_rng with the set of devices you are actually using. For example, if you are using CPU only, set device.upper()_VISIBLE_DEVICES= or devices=[]; if you are using device 0 only, set CUDA_VISIBLE_DEVICES=0 or devices=[0].  To initialize all devices and suppress this warning, set the 'devices' keyword argument to `range(torch.cuda.device_count())`.
  warnings.warn(message)
Specified past encoders in `add_encoders` at model creation but model does not accept past covariates. past encoders will be ignored.
GPU available: True (cuda), used: True
TPU available: False, using: 0 TPU cores
HPU available: False, using: 0 HPUs
Initializing distributed: GLOBAL_RANK: 0, MEMBER: 1/1
----------------------------------------------------------------------------------------------------
distributed_backend=nccl
All distributed processes registered. Starting with 1 processes
----------------------------------------------------------------------------------------------------

LOCAL_RANK: 0 - CUDA_VISIBLE_DEVICES: [0,1,2,3]
SLURM auto-requeueing enabled. Setting signal handlers.
Metric val_loss improved. New best score: 0.614
Metric val_loss improved by 0.063 >= min_delta = 0.0. New best score: 0.551
Metric val_loss improved by 0.066 >= min_delta = 0.0. New best score: 0.485
Metric val_loss improved by 0.073 >= min_delta = 0.0. New best score: 0.412
Metric val_loss improved by 0.077 >= min_delta = 0.0. New best score: 0.334
Metric val_loss improved by 0.088 >= min_delta = 0.0. New best score: 0.246
Metric val_loss improved by 0.118 >= min_delta = 0.0. New best score: 0.128
Metric val_loss improved by 0.132 >= min_delta = 0.0. New best score: -0.004
Metric val_loss improved by 0.150 >= min_delta = 0.0. New best score: -0.154
Metric val_loss improved by 0.151 >= min_delta = 0.0. New best score: -0.305
Metric val_loss improved by 0.146 >= min_delta = 0.0. New best score: -0.451
Metric val_loss improved by 0.081 >= min_delta = 0.0. New best score: -0.532
Metric val_loss improved by 0.128 >= min_delta = 0.0. New best score: -0.660
Metric val_loss improved by 0.078 >= min_delta = 0.0. New best score: -0.738
Metric val_loss improved by 0.044 >= min_delta = 0.0. New best score: -0.782
Metric val_loss improved by 0.014 >= min_delta = 0.0. New best score: -0.796
Metric val_loss improved by 0.013 >= min_delta = 0.0. New best score: -0.810
Metric val_loss improved by 0.013 >= min_delta = 0.0. New best score: -0.823
Metric val_loss improved by 0.011 >= min_delta = 0.0. New best score: -0.833
Metric val_loss improved by 0.009 >= min_delta = 0.0. New best score: -0.842
Metric val_loss improved by 0.005 >= min_delta = 0.0. New best score: -0.847
Metric val_loss improved by 0.012 >= min_delta = 0.0. New best score: -0.860
Metric val_loss improved by 0.008 >= min_delta = 0.0. New best score: -0.867
Metric val_loss improved by 0.015 >= min_delta = 0.0. New best score: -0.882
Metric val_loss improved by 0.006 >= min_delta = 0.0. New best score: -0.888
Metric val_loss improved by 0.012 >= min_delta = 0.0. New best score: -0.900
Monitored metric val_loss did not improve in the last 60 records. Best score: -0.900. Signaling Trainer to stop.
GPU available: True (cuda), used: True
TPU available: False, using: 0 TPU cores
HPU available: False, using: 0 HPUs
LOCAL_RANK: 0 - CUDA_VISIBLE_DEVICES: [0,1,2,3]
SLURM auto-requeueing enabled. Setting signal handlers.
[I 2024-10-13 11:26:14,773] Trial 0 finished with value: 21.26544189453125 and parameters: {'n_layers': 2, 'dropout': 0.45331392564915196, 'input_chunk_length': 51, 'hidden_dim': 55, 'learning_rate': 4.547145261194438e-05, 'batch_size': 32, 'training_length': 249}. Best is trial 0 with value: 21.26544189453125.
Specified past encoders in `add_encoders` at model creation but model does not accept past covariates. past encoders will be ignored.
GPU available: True (cuda), used: True
TPU available: False, using: 0 TPU cores
HPU available: False, using: 0 HPUs
LOCAL_RANK: 0 - CUDA_VISIBLE_DEVICES: [0,1,2,3]
SLURM auto-requeueing enabled. Setting signal handlers.
Monitored metric val_loss did not improve in the last 61 records. Best score: -0.900. Signaling Trainer to stop.
GPU available: True (cuda), used: True
TPU available: False, using: 0 TPU cores
HPU available: False, using: 0 HPUs
LOCAL_RANK: 0 - CUDA_VISIBLE_DEVICES: [0,1,2,3]
SLURM auto-requeueing enabled. Setting signal handlers.
[I 2024-10-13 11:26:15,380] Trial 1 finished with value: 17.71782112121582 and parameters: {'n_layers': 1, 'input_chunk_length': 48, 'hidden_dim': 127, 'learning_rate': 7.655668038659712e-05, 'batch_size': 32, 'training_length': 57}. Best is trial 1 with value: 17.71782112121582.
Specified past encoders in `add_encoders` at model creation but model does not accept past covariates. past encoders will be ignored.
GPU available: True (cuda), used: True
TPU available: False, using: 0 TPU cores
HPU available: False, using: 0 HPUs
LOCAL_RANK: 0 - CUDA_VISIBLE_DEVICES: [0,1,2,3]
SLURM auto-requeueing enabled. Setting signal handlers.
Monitored metric val_loss did not improve in the last 62 records. Best score: -0.900. Signaling Trainer to stop.
GPU available: True (cuda), used: True
TPU available: False, using: 0 TPU cores
HPU available: False, using: 0 HPUs
LOCAL_RANK: 0 - CUDA_VISIBLE_DEVICES: [0,1,2,3]
SLURM auto-requeueing enabled. Setting signal handlers.
[I 2024-10-13 11:26:16,128] Trial 2 finished with value: 22.14247703552246 and parameters: {'n_layers': 1, 'input_chunk_length': 23, 'hidden_dim': 83, 'learning_rate': 0.0003982979131665189, 'batch_size': 16, 'training_length': 114}. Best is trial 1 with value: 17.71782112121582.
Specified past encoders in `add_encoders` at model creation but model does not accept past covariates. past encoders will be ignored.
GPU available: True (cuda), used: True
TPU available: False, using: 0 TPU cores
HPU available: False, using: 0 HPUs
LOCAL_RANK: 0 - CUDA_VISIBLE_DEVICES: [0,1,2,3]
SLURM auto-requeueing enabled. Setting signal handlers.
Monitored metric val_loss did not improve in the last 63 records. Best score: -0.900. Signaling Trainer to stop.
GPU available: True (cuda), used: True
TPU available: False, using: 0 TPU cores
HPU available: False, using: 0 HPUs
LOCAL_RANK: 0 - CUDA_VISIBLE_DEVICES: [0,1,2,3]
SLURM auto-requeueing enabled. Setting signal handlers.
[I 2024-10-13 11:26:16,871] Trial 3 finished with value: 23.58682632446289 and parameters: {'n_layers': 2, 'dropout': 0.09505382211409702, 'input_chunk_length': 57, 'hidden_dim': 116, 'learning_rate': 6.494903388833213e-07, 'batch_size': 32, 'training_length': 380}. Best is trial 1 with value: 17.71782112121582.
Specified past encoders in `add_encoders` at model creation but model does not accept past covariates. past encoders will be ignored.
GPU available: True (cuda), used: True
TPU available: False, using: 0 TPU cores
HPU available: False, using: 0 HPUs
LOCAL_RANK: 0 - CUDA_VISIBLE_DEVICES: [0,1,2,3]
SLURM auto-requeueing enabled. Setting signal handlers.
Monitored metric val_loss did not improve in the last 64 records. Best score: -0.900. Signaling Trainer to stop.
GPU available: True (cuda), used: True
TPU available: False, using: 0 TPU cores
HPU available: False, using: 0 HPUs
LOCAL_RANK: 0 - CUDA_VISIBLE_DEVICES: [0,1,2,3]
SLURM auto-requeueing enabled. Setting signal handlers.
[I 2024-10-13 11:26:17,584] Trial 4 finished with value: 19.8252010345459 and parameters: {'n_layers': 1, 'input_chunk_length': 52, 'hidden_dim': 63, 'learning_rate': 1.6970293646590715e-05, 'batch_size': 16, 'training_length': 143}. Best is trial 1 with value: 17.71782112121582.
Specified past encoders in `add_encoders` at model creation but model does not accept past covariates. past encoders will be ignored.
GPU available: True (cuda), used: True
TPU available: False, using: 0 TPU cores
HPU available: False, using: 0 HPUs
LOCAL_RANK: 0 - CUDA_VISIBLE_DEVICES: [0,1,2,3]
SLURM auto-requeueing enabled. Setting signal handlers.
/pfs/data5/home/tu/tu_tu/tu_zxoul27/micromamba/envs/power/lib/python3.12/site-packages/pytorch_lightning/loops/fit_loop.py:298: The number of training batches (14) is smaller than the logging interval Trainer(log_every_n_steps=20). Set a lower value for log_every_n_steps if you want to see logs for the training epoch.
Monitored metric val_loss did not improve in the last 65 records. Best score: -0.900. Signaling Trainer to stop.
GPU available: True (cuda), used: True
TPU available: False, using: 0 TPU cores
HPU available: False, using: 0 HPUs
LOCAL_RANK: 0 - CUDA_VISIBLE_DEVICES: [0,1,2,3]
SLURM auto-requeueing enabled. Setting signal handlers.
[I 2024-10-13 11:26:18,314] Trial 5 finished with value: 18.6507568359375 and parameters: {'n_layers': 1, 'input_chunk_length': 57, 'hidden_dim': 136, 'learning_rate': 4.23083029051461e-07, 'batch_size': 64, 'training_length': 250}. Best is trial 1 with value: 17.71782112121582.
Specified past encoders in `add_encoders` at model creation but model does not accept past covariates. past encoders will be ignored.
GPU available: True (cuda), used: True
TPU available: False, using: 0 TPU cores
HPU available: False, using: 0 HPUs
LOCAL_RANK: 0 - CUDA_VISIBLE_DEVICES: [0,1,2,3]
SLURM auto-requeueing enabled. Setting signal handlers.
Monitored metric val_loss did not improve in the last 66 records. Best score: -0.900. Signaling Trainer to stop.
GPU available: True (cuda), used: True
TPU available: False, using: 0 TPU cores
HPU available: False, using: 0 HPUs
LOCAL_RANK: 0 - CUDA_VISIBLE_DEVICES: [0,1,2,3]
SLURM auto-requeueing enabled. Setting signal handlers.
[I 2024-10-13 11:26:20,363] Trial 6 finished with value: 22.749155044555664 and parameters: {'n_layers': 2, 'dropout': 0.17493344147243006, 'input_chunk_length': 45, 'hidden_dim': 189, 'learning_rate': 1.627132014686557e-05, 'batch_size': 16, 'training_length': 239}. Best is trial 1 with value: 17.71782112121582.
Specified past encoders in `add_encoders` at model creation but model does not accept past covariates. past encoders will be ignored.
GPU available: True (cuda), used: True
TPU available: False, using: 0 TPU cores
HPU available: False, using: 0 HPUs
LOCAL_RANK: 0 - CUDA_VISIBLE_DEVICES: [0,1,2,3]
SLURM auto-requeueing enabled. Setting signal handlers.
Monitored metric val_loss did not improve in the last 67 records. Best score: -0.900. Signaling Trainer to stop.
GPU available: True (cuda), used: True
TPU available: False, using: 0 TPU cores
HPU available: False, using: 0 HPUs
LOCAL_RANK: 0 - CUDA_VISIBLE_DEVICES: [0,1,2,3]
SLURM auto-requeueing enabled. Setting signal handlers.
[I 2024-10-13 11:26:20,949] Trial 7 finished with value: 24.607481002807617 and parameters: {'n_layers': 1, 'input_chunk_length': 53, 'hidden_dim': 53, 'learning_rate': 2.2271702566862057e-06, 'batch_size': 32, 'training_length': 275}. Best is trial 1 with value: 17.71782112121582.
Specified past encoders in `add_encoders` at model creation but model does not accept past covariates. past encoders will be ignored.
GPU available: True (cuda), used: True
TPU available: False, using: 0 TPU cores
HPU available: False, using: 0 HPUs
LOCAL_RANK: 0 - CUDA_VISIBLE_DEVICES: [0,1,2,3]
SLURM auto-requeueing enabled. Setting signal handlers.
Monitored metric val_loss did not improve in the last 68 records. Best score: -0.900. Signaling Trainer to stop.
GPU available: True (cuda), used: True
TPU available: False, using: 0 TPU cores
HPU available: False, using: 0 HPUs
LOCAL_RANK: 0 - CUDA_VISIBLE_DEVICES: [0,1,2,3]
SLURM auto-requeueing enabled. Setting signal handlers.
[I 2024-10-13 11:26:22,218] Trial 8 finished with value: 33.51827621459961 and parameters: {'n_layers': 2, 'dropout': 0.0626861967476261, 'input_chunk_length': 78, 'hidden_dim': 144, 'learning_rate': 0.00027257831505174196, 'batch_size': 32, 'training_length': 245}. Best is trial 1 with value: 17.71782112121582.
Specified past encoders in `add_encoders` at model creation but model does not accept past covariates. past encoders will be ignored.
GPU available: True (cuda), used: True
TPU available: False, using: 0 TPU cores
HPU available: False, using: 0 HPUs
LOCAL_RANK: 0 - CUDA_VISIBLE_DEVICES: [0,1,2,3]
SLURM auto-requeueing enabled. Setting signal handlers.
Monitored metric val_loss did not improve in the last 69 records. Best score: -0.900. Signaling Trainer to stop.
GPU available: True (cuda), used: True
TPU available: False, using: 0 TPU cores
HPU available: False, using: 0 HPUs
LOCAL_RANK: 0 - CUDA_VISIBLE_DEVICES: [0,1,2,3]
SLURM auto-requeueing enabled. Setting signal handlers.
[I 2024-10-13 11:26:23,796] Trial 9 finished with value: 20.387592315673828 and parameters: {'n_layers': 1, 'input_chunk_length': 37, 'hidden_dim': 171, 'learning_rate': 8.29485459426416e-06, 'batch_size': 16, 'training_length': 429}. Best is trial 1 with value: 17.71782112121582.
Specified past encoders in `add_encoders` at model creation but model does not accept past covariates. past encoders will be ignored.
GPU available: True (cuda), used: True
TPU available: False, using: 0 TPU cores
HPU available: False, using: 0 HPUs
LOCAL_RANK: 0 - CUDA_VISIBLE_DEVICES: [0,1,2,3]
SLURM auto-requeueing enabled. Setting signal handlers.
/pfs/data5/home/tu/tu_tu/tu_zxoul27/micromamba/envs/power/lib/python3.12/site-packages/pytorch_lightning/loops/fit_loop.py:298: The number of training batches (15) is smaller than the logging interval Trainer(log_every_n_steps=20). Set a lower value for log_every_n_steps if you want to see logs for the training epoch.
Monitored metric val_loss did not improve in the last 70 records. Best score: -0.900. Signaling Trainer to stop.
GPU available: True (cuda), used: True
TPU available: False, using: 0 TPU cores
HPU available: False, using: 0 HPUs
LOCAL_RANK: 0 - CUDA_VISIBLE_DEVICES: [0,1,2,3]
SLURM auto-requeueing enabled. Setting signal handlers.
[I 2024-10-13 11:26:24,380] Trial 10 finished with value: 23.463537216186523 and parameters: {'n_layers': 1, 'input_chunk_length': 87, 'hidden_dim': 105, 'learning_rate': 9.710386690701786e-05, 'batch_size': 64, 'training_length': 88}. Best is trial 1 with value: 17.71782112121582.
Specified past encoders in `add_encoders` at model creation but model does not accept past covariates. past encoders will be ignored.
GPU available: True (cuda), used: True
TPU available: False, using: 0 TPU cores
HPU available: False, using: 0 HPUs
LOCAL_RANK: 0 - CUDA_VISIBLE_DEVICES: [0,1,2,3]
SLURM auto-requeueing enabled. Setting signal handlers.
/pfs/data5/home/tu/tu_tu/tu_zxoul27/micromamba/envs/power/lib/python3.12/site-packages/pytorch_lightning/loops/fit_loop.py:298: The number of training batches (14) is smaller than the logging interval Trainer(log_every_n_steps=20). Set a lower value for log_every_n_steps if you want to see logs for the training epoch.
Monitored metric val_loss did not improve in the last 71 records. Best score: -0.900. Signaling Trainer to stop.
GPU available: True (cuda), used: True
TPU available: False, using: 0 TPU cores
HPU available: False, using: 0 HPUs
LOCAL_RANK: 0 - CUDA_VISIBLE_DEVICES: [0,1,2,3]
SLURM auto-requeueing enabled. Setting signal handlers.
[I 2024-10-13 11:26:25,287] Trial 11 finished with value: 33.246456146240234 and parameters: {'n_layers': 1, 'input_chunk_length': 71, 'hidden_dim': 139, 'learning_rate': 1.1081107977792792e-07, 'batch_size': 64, 'training_length': 484}. Best is trial 1 with value: 17.71782112121582.
Specified past encoders in `add_encoders` at model creation but model does not accept past covariates. past encoders will be ignored.
GPU available: True (cuda), used: True
TPU available: False, using: 0 TPU cores
HPU available: False, using: 0 HPUs
LOCAL_RANK: 0 - CUDA_VISIBLE_DEVICES: [0,1,2,3]
SLURM auto-requeueing enabled. Setting signal handlers.
/pfs/data5/home/tu/tu_tu/tu_zxoul27/micromamba/envs/power/lib/python3.12/site-packages/pytorch_lightning/loops/fit_loop.py:298: The number of training batches (15) is smaller than the logging interval Trainer(log_every_n_steps=20). Set a lower value for log_every_n_steps if you want to see logs for the training epoch.
Monitored metric val_loss did not improve in the last 72 records. Best score: -0.900. Signaling Trainer to stop.
GPU available: True (cuda), used: True
TPU available: False, using: 0 TPU cores
HPU available: False, using: 0 HPUs
LOCAL_RANK: 0 - CUDA_VISIBLE_DEVICES: [0,1,2,3]
SLURM auto-requeueing enabled. Setting signal handlers.
[I 2024-10-13 11:26:26,001] Trial 12 finished with value: 18.55830955505371 and parameters: {'n_layers': 1, 'input_chunk_length': 11, 'hidden_dim': 150, 'learning_rate': 1.2972801963355833e-07, 'batch_size': 64, 'training_length': 164}. Best is trial 1 with value: 17.71782112121582.
Specified past encoders in `add_encoders` at model creation but model does not accept past covariates. past encoders will be ignored.
GPU available: True (cuda), used: True
TPU available: False, using: 0 TPU cores
HPU available: False, using: 0 HPUs
LOCAL_RANK: 0 - CUDA_VISIBLE_DEVICES: [0,1,2,3]
SLURM auto-requeueing enabled. Setting signal handlers.
/pfs/data5/home/tu/tu_tu/tu_zxoul27/micromamba/envs/power/lib/python3.12/site-packages/pytorch_lightning/loops/fit_loop.py:298: The number of training batches (15) is smaller than the logging interval Trainer(log_every_n_steps=20). Set a lower value for log_every_n_steps if you want to see logs for the training epoch.
Monitored metric val_loss did not improve in the last 73 records. Best score: -0.900. Signaling Trainer to stop.
GPU available: True (cuda), used: True
TPU available: False, using: 0 TPU cores
HPU available: False, using: 0 HPUs
LOCAL_RANK: 0 - CUDA_VISIBLE_DEVICES: [0,1,2,3]
SLURM auto-requeueing enabled. Setting signal handlers.
[I 2024-10-13 11:26:26,592] Trial 13 finished with value: 17.775327682495117 and parameters: {'n_layers': 1, 'input_chunk_length': 11, 'hidden_dim': 164, 'learning_rate': 3.8031609499470387e-06, 'batch_size': 64, 'training_length': 20}. Best is trial 1 with value: 17.71782112121582.
Specified past encoders in `add_encoders` at model creation but model does not accept past covariates. past encoders will be ignored.
GPU available: True (cuda), used: True
TPU available: False, using: 0 TPU cores
HPU available: False, using: 0 HPUs
LOCAL_RANK: 0 - CUDA_VISIBLE_DEVICES: [0,1,2,3]
SLURM auto-requeueing enabled. Setting signal handlers.
Monitored metric val_loss did not improve in the last 74 records. Best score: -0.900. Signaling Trainer to stop.
GPU available: True (cuda), used: True
TPU available: False, using: 0 TPU cores
HPU available: False, using: 0 HPUs
LOCAL_RANK: 0 - CUDA_VISIBLE_DEVICES: [0,1,2,3]
SLURM auto-requeueing enabled. Setting signal handlers.
[I 2024-10-13 11:26:27,283] Trial 14 finished with value: 19.956119537353516 and parameters: {'n_layers': 1, 'input_chunk_length': 29, 'hidden_dim': 170, 'learning_rate': 4.526221530974926e-06, 'batch_size': 32, 'training_length': 30}. Best is trial 1 with value: 17.71782112121582.
Specified past encoders in `add_encoders` at model creation but model does not accept past covariates. past encoders will be ignored.
GPU available: True (cuda), used: True
TPU available: False, using: 0 TPU cores
HPU available: False, using: 0 HPUs
LOCAL_RANK: 0 - CUDA_VISIBLE_DEVICES: [0,1,2,3]
SLURM auto-requeueing enabled. Setting signal handlers.
/pfs/data5/home/tu/tu_tu/tu_zxoul27/micromamba/envs/power/lib/python3.12/site-packages/pytorch_lightning/loops/fit_loop.py:298: The number of training batches (15) is smaller than the logging interval Trainer(log_every_n_steps=20). Set a lower value for log_every_n_steps if you want to see logs for the training epoch.
Monitored metric val_loss did not improve in the last 75 records. Best score: -0.900. Signaling Trainer to stop.
GPU available: True (cuda), used: True
TPU available: False, using: 0 TPU cores
HPU available: False, using: 0 HPUs
LOCAL_RANK: 0 - CUDA_VISIBLE_DEVICES: [0,1,2,3]
SLURM auto-requeueing enabled. Setting signal handlers.
[I 2024-10-13 11:26:27,970] Trial 15 finished with value: 29.49266815185547 and parameters: {'n_layers': 1, 'input_chunk_length': 99, 'hidden_dim': 193, 'learning_rate': 4.586088260947701e-05, 'batch_size': 64, 'training_length': 187}. Best is trial 1 with value: 17.71782112121582.
Specified past encoders in `add_encoders` at model creation but model does not accept past covariates. past encoders will be ignored.
GPU available: True (cuda), used: True
TPU available: False, using: 0 TPU cores
HPU available: False, using: 0 HPUs
LOCAL_RANK: 0 - CUDA_VISIBLE_DEVICES: [0,1,2,3]
SLURM auto-requeueing enabled. Setting signal handlers.
Monitored metric val_loss did not improve in the last 76 records. Best score: -0.900. Signaling Trainer to stop.
GPU available: True (cuda), used: True
TPU available: False, using: 0 TPU cores
HPU available: False, using: 0 HPUs
LOCAL_RANK: 0 - CUDA_VISIBLE_DEVICES: [0,1,2,3]
SLURM auto-requeueing enabled. Setting signal handlers.
