[I 2024-10-13 11:33:44,552] Trial 503 finished with value: 16.233430862426758 and parameters: {'n_layers': 1, 'input_chunk_length': 54, 'hidden_dim': 200, 'learning_rate': 1.3695749296322155e-07, 'batch_size': 64, 'training_length': 434}. Best is trial 400 with value: 16.23319435119629.
Specified past encoders in `add_encoders` at model creation but model does not accept past covariates. past encoders will be ignored.
GPU available: True (cuda), used: True
TPU available: False, using: 0 TPU cores
HPU available: False, using: 0 HPUs
LOCAL_RANK: 0 - CUDA_VISIBLE_DEVICES: [0,1,2,3]
SLURM auto-requeueing enabled. Setting signal handlers.
/pfs/data5/home/tu/tu_tu/tu_zxoul27/micromamba/envs/power/lib/python3.12/site-packages/pytorch_lightning/loops/fit_loop.py:298: The number of training batches (14) is smaller than the logging interval Trainer(log_every_n_steps=20). Set a lower value for log_every_n_steps if you want to see logs for the training epoch.
Monitored metric val_loss did not improve in the last 564 records. Best score: -0.900. Signaling Trainer to stop.
GPU available: True (cuda), used: True
TPU available: False, using: 0 TPU cores
HPU available: False, using: 0 HPUs
LOCAL_RANK: 0 - CUDA_VISIBLE_DEVICES: [0,1,2,3]
SLURM auto-requeueing enabled. Setting signal handlers.
[I 2024-10-13 11:33:45,386] Trial 504 finished with value: 18.676254272460938 and parameters: {'n_layers': 1, 'input_chunk_length': 55, 'hidden_dim': 195, 'learning_rate': 1.8264394660379364e-07, 'batch_size': 64, 'training_length': 422}. Best is trial 400 with value: 16.23319435119629.
Specified past encoders in `add_encoders` at model creation but model does not accept past covariates. past encoders will be ignored.
GPU available: True (cuda), used: True
TPU available: False, using: 0 TPU cores
HPU available: False, using: 0 HPUs
LOCAL_RANK: 0 - CUDA_VISIBLE_DEVICES: [0,1,2,3]
SLURM auto-requeueing enabled. Setting signal handlers.
/pfs/data5/home/tu/tu_tu/tu_zxoul27/micromamba/envs/power/lib/python3.12/site-packages/pytorch_lightning/loops/fit_loop.py:298: The number of training batches (14) is smaller than the logging interval Trainer(log_every_n_steps=20). Set a lower value for log_every_n_steps if you want to see logs for the training epoch.
Monitored metric val_loss did not improve in the last 565 records. Best score: -0.900. Signaling Trainer to stop.
GPU available: True (cuda), used: True
TPU available: False, using: 0 TPU cores
HPU available: False, using: 0 HPUs
LOCAL_RANK: 0 - CUDA_VISIBLE_DEVICES: [0,1,2,3]
SLURM auto-requeueing enabled. Setting signal handlers.
[I 2024-10-13 11:33:46,222] Trial 505 finished with value: 16.23343849182129 and parameters: {'n_layers': 1, 'input_chunk_length': 54, 'hidden_dim': 200, 'learning_rate': 1.4839280680429948e-07, 'batch_size': 64, 'training_length': 433}. Best is trial 400 with value: 16.23319435119629.
Specified past encoders in `add_encoders` at model creation but model does not accept past covariates. past encoders will be ignored.
GPU available: True (cuda), used: True
TPU available: False, using: 0 TPU cores
HPU available: False, using: 0 HPUs
LOCAL_RANK: 0 - CUDA_VISIBLE_DEVICES: [0,1,2,3]
SLURM auto-requeueing enabled. Setting signal handlers.
/pfs/data5/home/tu/tu_tu/tu_zxoul27/micromamba/envs/power/lib/python3.12/site-packages/pytorch_lightning/loops/fit_loop.py:298: The number of training batches (14) is smaller than the logging interval Trainer(log_every_n_steps=20). Set a lower value for log_every_n_steps if you want to see logs for the training epoch.
Monitored metric val_loss did not improve in the last 566 records. Best score: -0.900. Signaling Trainer to stop.
GPU available: True (cuda), used: True
TPU available: False, using: 0 TPU cores
HPU available: False, using: 0 HPUs
LOCAL_RANK: 0 - CUDA_VISIBLE_DEVICES: [0,1,2,3]
SLURM auto-requeueing enabled. Setting signal handlers.
[I 2024-10-13 11:33:47,286] Trial 506 finished with value: 17.822635650634766 and parameters: {'n_layers': 1, 'input_chunk_length': 57, 'hidden_dim': 190, 'learning_rate': 1.4097768332544893e-07, 'batch_size': 64, 'training_length': 429}. Best is trial 400 with value: 16.23319435119629.
Specified past encoders in `add_encoders` at model creation but model does not accept past covariates. past encoders will be ignored.
GPU available: True (cuda), used: True
TPU available: False, using: 0 TPU cores
HPU available: False, using: 0 HPUs
LOCAL_RANK: 0 - CUDA_VISIBLE_DEVICES: [0,1,2,3]
SLURM auto-requeueing enabled. Setting signal handlers.
/pfs/data5/home/tu/tu_tu/tu_zxoul27/micromamba/envs/power/lib/python3.12/site-packages/pytorch_lightning/loops/fit_loop.py:298: The number of training batches (14) is smaller than the logging interval Trainer(log_every_n_steps=20). Set a lower value for log_every_n_steps if you want to see logs for the training epoch.
Monitored metric val_loss did not improve in the last 567 records. Best score: -0.900. Signaling Trainer to stop.
GPU available: True (cuda), used: True
TPU available: False, using: 0 TPU cores
HPU available: False, using: 0 HPUs
LOCAL_RANK: 0 - CUDA_VISIBLE_DEVICES: [0,1,2,3]
SLURM auto-requeueing enabled. Setting signal handlers.
[I 2024-10-13 11:33:48,113] Trial 507 finished with value: 21.97977638244629 and parameters: {'n_layers': 1, 'input_chunk_length': 54, 'hidden_dim': 197, 'learning_rate': 1.422508482067377e-07, 'batch_size': 64, 'training_length': 412}. Best is trial 400 with value: 16.23319435119629.
Specified past encoders in `add_encoders` at model creation but model does not accept past covariates. past encoders will be ignored.
GPU available: True (cuda), used: True
TPU available: False, using: 0 TPU cores
HPU available: False, using: 0 HPUs
LOCAL_RANK: 0 - CUDA_VISIBLE_DEVICES: [0,1,2,3]
SLURM auto-requeueing enabled. Setting signal handlers.
Monitored metric val_loss did not improve in the last 568 records. Best score: -0.900. Signaling Trainer to stop.
GPU available: True (cuda), used: True
TPU available: False, using: 0 TPU cores
HPU available: False, using: 0 HPUs
LOCAL_RANK: 0 - CUDA_VISIBLE_DEVICES: [0,1,2,3]
SLURM auto-requeueing enabled. Setting signal handlers.
[I 2024-10-13 11:33:49,460] Trial 508 finished with value: 29.247140884399414 and parameters: {'n_layers': 1, 'input_chunk_length': 56, 'hidden_dim': 193, 'learning_rate': 1.61951010936789e-07, 'batch_size': 16, 'training_length': 400}. Best is trial 400 with value: 16.23319435119629.
Specified past encoders in `add_encoders` at model creation but model does not accept past covariates. past encoders will be ignored.
GPU available: True (cuda), used: True
TPU available: False, using: 0 TPU cores
HPU available: False, using: 0 HPUs
LOCAL_RANK: 0 - CUDA_VISIBLE_DEVICES: [0,1,2,3]
SLURM auto-requeueing enabled. Setting signal handlers.
/pfs/data5/home/tu/tu_tu/tu_zxoul27/micromamba/envs/power/lib/python3.12/site-packages/pytorch_lightning/loops/fit_loop.py:298: The number of training batches (14) is smaller than the logging interval Trainer(log_every_n_steps=20). Set a lower value for log_every_n_steps if you want to see logs for the training epoch.
Monitored metric val_loss did not improve in the last 569 records. Best score: -0.900. Signaling Trainer to stop.
GPU available: True (cuda), used: True
TPU available: False, using: 0 TPU cores
HPU available: False, using: 0 HPUs
LOCAL_RANK: 0 - CUDA_VISIBLE_DEVICES: [0,1,2,3]
SLURM auto-requeueing enabled. Setting signal handlers.
[I 2024-10-13 11:33:50,291] Trial 509 finished with value: 16.238441467285156 and parameters: {'n_layers': 1, 'input_chunk_length': 58, 'hidden_dim': 200, 'learning_rate': 1.3276447419521657e-07, 'batch_size': 64, 'training_length': 436}. Best is trial 400 with value: 16.23319435119629.
Specified past encoders in `add_encoders` at model creation but model does not accept past covariates. past encoders will be ignored.
GPU available: True (cuda), used: True
TPU available: False, using: 0 TPU cores
HPU available: False, using: 0 HPUs
LOCAL_RANK: 0 - CUDA_VISIBLE_DEVICES: [0,1,2,3]
SLURM auto-requeueing enabled. Setting signal handlers.
/pfs/data5/home/tu/tu_tu/tu_zxoul27/micromamba/envs/power/lib/python3.12/site-packages/pytorch_lightning/loops/fit_loop.py:298: The number of training batches (14) is smaller than the logging interval Trainer(log_every_n_steps=20). Set a lower value for log_every_n_steps if you want to see logs for the training epoch.
Monitored metric val_loss did not improve in the last 570 records. Best score: -0.900. Signaling Trainer to stop.
GPU available: True (cuda), used: True
TPU available: False, using: 0 TPU cores
HPU available: False, using: 0 HPUs
LOCAL_RANK: 0 - CUDA_VISIBLE_DEVICES: [0,1,2,3]
SLURM auto-requeueing enabled. Setting signal handlers.
[I 2024-10-13 11:33:51,120] Trial 510 finished with value: 21.97964096069336 and parameters: {'n_layers': 1, 'input_chunk_length': 54, 'hidden_dim': 197, 'learning_rate': 1.1744449636708985e-07, 'batch_size': 64, 'training_length': 419}. Best is trial 400 with value: 16.23319435119629.
Specified past encoders in `add_encoders` at model creation but model does not accept past covariates. past encoders will be ignored.
GPU available: True (cuda), used: True
TPU available: False, using: 0 TPU cores
HPU available: False, using: 0 HPUs
LOCAL_RANK: 0 - CUDA_VISIBLE_DEVICES: [0,1,2,3]
SLURM auto-requeueing enabled. Setting signal handlers.
/pfs/data5/home/tu/tu_tu/tu_zxoul27/micromamba/envs/power/lib/python3.12/site-packages/pytorch_lightning/loops/fit_loop.py:298: The number of training batches (14) is smaller than the logging interval Trainer(log_every_n_steps=20). Set a lower value for log_every_n_steps if you want to see logs for the training epoch.
Monitored metric val_loss did not improve in the last 571 records. Best score: -0.900. Signaling Trainer to stop.
GPU available: True (cuda), used: True
TPU available: False, using: 0 TPU cores
HPU available: False, using: 0 HPUs
LOCAL_RANK: 0 - CUDA_VISIBLE_DEVICES: [0,1,2,3]
SLURM auto-requeueing enabled. Setting signal handlers.
[I 2024-10-13 11:33:51,951] Trial 511 finished with value: 18.682649612426758 and parameters: {'n_layers': 1, 'input_chunk_length': 53, 'hidden_dim': 195, 'learning_rate': 1.6224742141383455e-07, 'batch_size': 64, 'training_length': 430}. Best is trial 400 with value: 16.23319435119629.
Specified past encoders in `add_encoders` at model creation but model does not accept past covariates. past encoders will be ignored.
GPU available: True (cuda), used: True
TPU available: False, using: 0 TPU cores
HPU available: False, using: 0 HPUs
LOCAL_RANK: 0 - CUDA_VISIBLE_DEVICES: [0,1,2,3]
SLURM auto-requeueing enabled. Setting signal handlers.
/pfs/data5/home/tu/tu_tu/tu_zxoul27/micromamba/envs/power/lib/python3.12/site-packages/pytorch_lightning/loops/fit_loop.py:298: The number of training batches (14) is smaller than the logging interval Trainer(log_every_n_steps=20). Set a lower value for log_every_n_steps if you want to see logs for the training epoch.
Monitored metric val_loss did not improve in the last 572 records. Best score: -0.900. Signaling Trainer to stop.
GPU available: True (cuda), used: True
TPU available: False, using: 0 TPU cores
HPU available: False, using: 0 HPUs
LOCAL_RANK: 0 - CUDA_VISIBLE_DEVICES: [0,1,2,3]
SLURM auto-requeueing enabled. Setting signal handlers.
[I 2024-10-13 11:33:52,795] Trial 512 finished with value: 16.233461380004883 and parameters: {'n_layers': 1, 'input_chunk_length': 55, 'hidden_dim': 200, 'learning_rate': 1.3870480734620252e-07, 'batch_size': 64, 'training_length': 449}. Best is trial 400 with value: 16.23319435119629.
Specified past encoders in `add_encoders` at model creation but model does not accept past covariates. past encoders will be ignored.
GPU available: True (cuda), used: True
TPU available: False, using: 0 TPU cores
HPU available: False, using: 0 HPUs
LOCAL_RANK: 0 - CUDA_VISIBLE_DEVICES: [0,1,2,3]
SLURM auto-requeueing enabled. Setting signal handlers.
/pfs/data5/home/tu/tu_tu/tu_zxoul27/micromamba/envs/power/lib/python3.12/site-packages/pytorch_lightning/loops/fit_loop.py:298: The number of training batches (14) is smaller than the logging interval Trainer(log_every_n_steps=20). Set a lower value for log_every_n_steps if you want to see logs for the training epoch.
Monitored metric val_loss did not improve in the last 573 records. Best score: -0.900. Signaling Trainer to stop.
GPU available: True (cuda), used: True
TPU available: False, using: 0 TPU cores
HPU available: False, using: 0 HPUs
LOCAL_RANK: 0 - CUDA_VISIBLE_DEVICES: [0,1,2,3]
SLURM auto-requeueing enabled. Setting signal handlers.
[I 2024-10-13 11:33:53,633] Trial 513 finished with value: 21.998193740844727 and parameters: {'n_layers': 1, 'input_chunk_length': 59, 'hidden_dim': 197, 'learning_rate': 1.1548697303239738e-07, 'batch_size': 64, 'training_length': 446}. Best is trial 400 with value: 16.23319435119629.
Specified past encoders in `add_encoders` at model creation but model does not accept past covariates. past encoders will be ignored.
GPU available: True (cuda), used: True
TPU available: False, using: 0 TPU cores
HPU available: False, using: 0 HPUs
LOCAL_RANK: 0 - CUDA_VISIBLE_DEVICES: [0,1,2,3]
SLURM auto-requeueing enabled. Setting signal handlers.
/pfs/data5/home/tu/tu_tu/tu_zxoul27/micromamba/envs/power/lib/python3.12/site-packages/pytorch_lightning/loops/fit_loop.py:298: The number of training batches (14) is smaller than the logging interval Trainer(log_every_n_steps=20). Set a lower value for log_every_n_steps if you want to see logs for the training epoch.
Monitored metric val_loss did not improve in the last 574 records. Best score: -0.900. Signaling Trainer to stop.
GPU available: True (cuda), used: True
TPU available: False, using: 0 TPU cores
HPU available: False, using: 0 HPUs
LOCAL_RANK: 0 - CUDA_VISIBLE_DEVICES: [0,1,2,3]
SLURM auto-requeueing enabled. Setting signal handlers.
[I 2024-10-13 11:33:54,469] Trial 514 finished with value: 16.243297576904297 and parameters: {'n_layers': 1, 'input_chunk_length': 57, 'hidden_dim': 200, 'learning_rate': 1.4005849439668256e-07, 'batch_size': 64, 'training_length': 435}. Best is trial 400 with value: 16.23319435119629.
Specified past encoders in `add_encoders` at model creation but model does not accept past covariates. past encoders will be ignored.
GPU available: True (cuda), used: True
TPU available: False, using: 0 TPU cores
HPU available: False, using: 0 HPUs
LOCAL_RANK: 0 - CUDA_VISIBLE_DEVICES: [0,1,2,3]
SLURM auto-requeueing enabled. Setting signal handlers.
/pfs/data5/home/tu/tu_tu/tu_zxoul27/micromamba/envs/power/lib/python3.12/site-packages/pytorch_lightning/loops/fit_loop.py:298: The number of training batches (14) is smaller than the logging interval Trainer(log_every_n_steps=20). Set a lower value for log_every_n_steps if you want to see logs for the training epoch.
Monitored metric val_loss did not improve in the last 575 records. Best score: -0.900. Signaling Trainer to stop.
GPU available: True (cuda), used: True
TPU available: False, using: 0 TPU cores
HPU available: False, using: 0 HPUs
LOCAL_RANK: 0 - CUDA_VISIBLE_DEVICES: [0,1,2,3]
SLURM auto-requeueing enabled. Setting signal handlers.
[I 2024-10-13 11:33:55,576] Trial 515 finished with value: 18.588632583618164 and parameters: {'n_layers': 1, 'input_chunk_length': 55, 'hidden_dim': 192, 'learning_rate': 1.1847639849424921e-07, 'batch_size': 64, 'training_length': 448}. Best is trial 400 with value: 16.23319435119629.
Specified past encoders in `add_encoders` at model creation but model does not accept past covariates. past encoders will be ignored.
GPU available: True (cuda), used: True
TPU available: False, using: 0 TPU cores
HPU available: False, using: 0 HPUs
LOCAL_RANK: 0 - CUDA_VISIBLE_DEVICES: [0,1,2,3]
SLURM auto-requeueing enabled. Setting signal handlers.
/pfs/data5/home/tu/tu_tu/tu_zxoul27/micromamba/envs/power/lib/python3.12/site-packages/pytorch_lightning/loops/fit_loop.py:298: The number of training batches (14) is smaller than the logging interval Trainer(log_every_n_steps=20). Set a lower value for log_every_n_steps if you want to see logs for the training epoch.
Monitored metric val_loss did not improve in the last 576 records. Best score: -0.900. Signaling Trainer to stop.
GPU available: True (cuda), used: True
TPU available: False, using: 0 TPU cores
HPU available: False, using: 0 HPUs
LOCAL_RANK: 0 - CUDA_VISIBLE_DEVICES: [0,1,2,3]
SLURM auto-requeueing enabled. Setting signal handlers.
[I 2024-10-13 11:33:56,611] Trial 516 finished with value: 18.590356826782227 and parameters: {'n_layers': 1, 'input_chunk_length': 56, 'hidden_dim': 169, 'learning_rate': 1.4173085275516617e-07, 'batch_size': 64, 'training_length': 427}. Best is trial 400 with value: 16.23319435119629.
Specified past encoders in `add_encoders` at model creation but model does not accept past covariates. past encoders will be ignored.
GPU available: True (cuda), used: True
TPU available: False, using: 0 TPU cores
HPU available: False, using: 0 HPUs
LOCAL_RANK: 0 - CUDA_VISIBLE_DEVICES: [0,1,2,3]
SLURM auto-requeueing enabled. Setting signal handlers.
Monitored metric val_loss did not improve in the last 577 records. Best score: -0.900. Signaling Trainer to stop.
GPU available: True (cuda), used: True
TPU available: False, using: 0 TPU cores
HPU available: False, using: 0 HPUs
LOCAL_RANK: 0 - CUDA_VISIBLE_DEVICES: [0,1,2,3]
SLURM auto-requeueing enabled. Setting signal handlers.
[I 2024-10-13 11:33:58,001] Trial 517 finished with value: 18.676288604736328 and parameters: {'n_layers': 1, 'input_chunk_length': 54, 'hidden_dim': 195, 'learning_rate': 1.1717410187396633e-07, 'batch_size': 16, 'training_length': 442}. Best is trial 400 with value: 16.23319435119629.
Specified past encoders in `add_encoders` at model creation but model does not accept past covariates. past encoders will be ignored.
GPU available: True (cuda), used: True
TPU available: False, using: 0 TPU cores
HPU available: False, using: 0 HPUs
LOCAL_RANK: 0 - CUDA_VISIBLE_DEVICES: [0,1,2,3]
SLURM auto-requeueing enabled. Setting signal handlers.
/pfs/data5/home/tu/tu_tu/tu_zxoul27/micromamba/envs/power/lib/python3.12/site-packages/pytorch_lightning/loops/fit_loop.py:298: The number of training batches (14) is smaller than the logging interval Trainer(log_every_n_steps=20). Set a lower value for log_every_n_steps if you want to see logs for the training epoch.
Monitored metric val_loss did not improve in the last 578 records. Best score: -0.900. Signaling Trainer to stop.
GPU available: True (cuda), used: True
TPU available: False, using: 0 TPU cores
HPU available: False, using: 0 HPUs
LOCAL_RANK: 0 - CUDA_VISIBLE_DEVICES: [0,1,2,3]
SLURM auto-requeueing enabled. Setting signal handlers.
[I 2024-10-13 11:33:58,829] Trial 518 finished with value: 21.98640251159668 and parameters: {'n_layers': 1, 'input_chunk_length': 52, 'hidden_dim': 197, 'learning_rate': 1.006503286456392e-07, 'batch_size': 64, 'training_length': 420}. Best is trial 400 with value: 16.23319435119629.
Specified past encoders in `add_encoders` at model creation but model does not accept past covariates. past encoders will be ignored.
GPU available: True (cuda), used: True
TPU available: False, using: 0 TPU cores
HPU available: False, using: 0 HPUs
LOCAL_RANK: 0 - CUDA_VISIBLE_DEVICES: [0,1,2,3]
SLURM auto-requeueing enabled. Setting signal handlers.
/pfs/data5/home/tu/tu_tu/tu_zxoul27/micromamba/envs/power/lib/python3.12/site-packages/pytorch_lightning/loops/fit_loop.py:298: The number of training batches (14) is smaller than the logging interval Trainer(log_every_n_steps=20). Set a lower value for log_every_n_steps if you want to see logs for the training epoch.
Monitored metric val_loss did not improve in the last 579 records. Best score: -0.900. Signaling Trainer to stop.
GPU available: True (cuda), used: True
TPU available: False, using: 0 TPU cores
HPU available: False, using: 0 HPUs
LOCAL_RANK: 0 - CUDA_VISIBLE_DEVICES: [0,1,2,3]
SLURM auto-requeueing enabled. Setting signal handlers.
[I 2024-10-13 11:33:59,668] Trial 519 finished with value: 16.23480224609375 and parameters: {'n_layers': 1, 'input_chunk_length': 53, 'hidden_dim': 200, 'learning_rate': 1.441400210774571e-07, 'batch_size': 64, 'training_length': 452}. Best is trial 400 with value: 16.23319435119629.
Specified past encoders in `add_encoders` at model creation but model does not accept past covariates. past encoders will be ignored.
GPU available: True (cuda), used: True
TPU available: False, using: 0 TPU cores
HPU available: False, using: 0 HPUs
LOCAL_RANK: 0 - CUDA_VISIBLE_DEVICES: [0,1,2,3]
SLURM auto-requeueing enabled. Setting signal handlers.
/pfs/data5/home/tu/tu_tu/tu_zxoul27/micromamba/envs/power/lib/python3.12/site-packages/pytorch_lightning/loops/fit_loop.py:298: The number of training batches (14) is smaller than the logging interval Trainer(log_every_n_steps=20). Set a lower value for log_every_n_steps if you want to see logs for the training epoch.
Monitored metric val_loss did not improve in the last 580 records. Best score: -0.900. Signaling Trainer to stop.
GPU available: True (cuda), used: True
TPU available: False, using: 0 TPU cores
HPU available: False, using: 0 HPUs
LOCAL_RANK: 0 - CUDA_VISIBLE_DEVICES: [0,1,2,3]
SLURM auto-requeueing enabled. Setting signal handlers.
