[I 2024-10-13 14:26:58,478] Trial 444 finished with value: 73.63751983642578 and parameters: {'n_layers': 1, 'input_chunk_length': 71, 'hidden_dim': 167, 'learning_rate': 7.000969831557163e-06, 'batch_size': 64, 'training_length': 256}. Best is trial 412 with value: 68.12953186035156.
Specified past encoders in `add_encoders` at model creation but model does not accept past covariates. past encoders will be ignored.
GPU available: True (cuda), used: True
TPU available: False, using: 0 TPU cores
HPU available: False, using: 0 HPUs
LOCAL_RANK: 0 - CUDA_VISIBLE_DEVICES: [0,1,2,3]
SLURM auto-requeueing enabled. Setting signal handlers.
/pfs/data5/home/tu/tu_tu/tu_zxoul27/micromamba/envs/power/lib/python3.12/site-packages/pytorch_lightning/loops/fit_loop.py:298: The number of training batches (14) is smaller than the logging interval Trainer(log_every_n_steps=20). Set a lower value for log_every_n_steps if you want to see logs for the training epoch.
Monitored metric val_loss did not improve in the last 502 records. Best score: -0.119. Signaling Trainer to stop.
GPU available: True (cuda), used: True
TPU available: False, using: 0 TPU cores
HPU available: False, using: 0 HPUs
LOCAL_RANK: 0 - CUDA_VISIBLE_DEVICES: [0,1,2,3]
SLURM auto-requeueing enabled. Setting signal handlers.
[I 2024-10-13 14:26:59,333] Trial 445 finished with value: 68.30342102050781 and parameters: {'n_layers': 1, 'input_chunk_length': 67, 'hidden_dim': 172, 'learning_rate': 8.048150474545659e-06, 'batch_size': 64, 'training_length': 252}. Best is trial 412 with value: 68.12953186035156.
Specified past encoders in `add_encoders` at model creation but model does not accept past covariates. past encoders will be ignored.
GPU available: True (cuda), used: True
TPU available: False, using: 0 TPU cores
HPU available: False, using: 0 HPUs
LOCAL_RANK: 0 - CUDA_VISIBLE_DEVICES: [0,1,2,3]
SLURM auto-requeueing enabled. Setting signal handlers.
/pfs/data5/home/tu/tu_tu/tu_zxoul27/micromamba/envs/power/lib/python3.12/site-packages/pytorch_lightning/loops/fit_loop.py:298: The number of training batches (14) is smaller than the logging interval Trainer(log_every_n_steps=20). Set a lower value for log_every_n_steps if you want to see logs for the training epoch.
Monitored metric val_loss did not improve in the last 503 records. Best score: -0.119. Signaling Trainer to stop.
GPU available: True (cuda), used: True
TPU available: False, using: 0 TPU cores
HPU available: False, using: 0 HPUs
LOCAL_RANK: 0 - CUDA_VISIBLE_DEVICES: [0,1,2,3]
SLURM auto-requeueing enabled. Setting signal handlers.
[I 2024-10-13 14:27:00,581] Trial 446 finished with value: 78.41602325439453 and parameters: {'n_layers': 2, 'dropout': 0.23276403037787982, 'input_chunk_length': 66, 'hidden_dim': 172, 'learning_rate': 8.286222014414136e-06, 'batch_size': 64, 'training_length': 252}. Best is trial 412 with value: 68.12953186035156.
Specified past encoders in `add_encoders` at model creation but model does not accept past covariates. past encoders will be ignored.
GPU available: True (cuda), used: True
TPU available: False, using: 0 TPU cores
HPU available: False, using: 0 HPUs
LOCAL_RANK: 0 - CUDA_VISIBLE_DEVICES: [0,1,2,3]
SLURM auto-requeueing enabled. Setting signal handlers.
/pfs/data5/home/tu/tu_tu/tu_zxoul27/micromamba/envs/power/lib/python3.12/site-packages/pytorch_lightning/loops/fit_loop.py:298: The number of training batches (14) is smaller than the logging interval Trainer(log_every_n_steps=20). Set a lower value for log_every_n_steps if you want to see logs for the training epoch.
Monitored metric val_loss did not improve in the last 504 records. Best score: -0.119. Signaling Trainer to stop.
GPU available: True (cuda), used: True
TPU available: False, using: 0 TPU cores
HPU available: False, using: 0 HPUs
LOCAL_RANK: 0 - CUDA_VISIBLE_DEVICES: [0,1,2,3]
SLURM auto-requeueing enabled. Setting signal handlers.
[I 2024-10-13 14:27:01,460] Trial 447 finished with value: 73.26176452636719 and parameters: {'n_layers': 1, 'input_chunk_length': 67, 'hidden_dim': 177, 'learning_rate': 6.3393563444783405e-06, 'batch_size': 64, 'training_length': 266}. Best is trial 412 with value: 68.12953186035156.
Specified past encoders in `add_encoders` at model creation but model does not accept past covariates. past encoders will be ignored.
GPU available: True (cuda), used: True
TPU available: False, using: 0 TPU cores
HPU available: False, using: 0 HPUs
LOCAL_RANK: 0 - CUDA_VISIBLE_DEVICES: [0,1,2,3]
SLURM auto-requeueing enabled. Setting signal handlers.
/pfs/data5/home/tu/tu_tu/tu_zxoul27/micromamba/envs/power/lib/python3.12/site-packages/pytorch_lightning/loops/fit_loop.py:298: The number of training batches (14) is smaller than the logging interval Trainer(log_every_n_steps=20). Set a lower value for log_every_n_steps if you want to see logs for the training epoch.
Monitored metric val_loss did not improve in the last 505 records. Best score: -0.119. Signaling Trainer to stop.
GPU available: True (cuda), used: True
TPU available: False, using: 0 TPU cores
HPU available: False, using: 0 HPUs
LOCAL_RANK: 0 - CUDA_VISIBLE_DEVICES: [0,1,2,3]
SLURM auto-requeueing enabled. Setting signal handlers.
[I 2024-10-13 14:27:02,307] Trial 448 finished with value: 95.80076599121094 and parameters: {'n_layers': 1, 'input_chunk_length': 69, 'hidden_dim': 168, 'learning_rate': 8.69082730627002e-06, 'batch_size': 64, 'training_length': 249}. Best is trial 412 with value: 68.12953186035156.
Specified past encoders in `add_encoders` at model creation but model does not accept past covariates. past encoders will be ignored.
GPU available: True (cuda), used: True
TPU available: False, using: 0 TPU cores
HPU available: False, using: 0 HPUs
LOCAL_RANK: 0 - CUDA_VISIBLE_DEVICES: [0,1,2,3]
SLURM auto-requeueing enabled. Setting signal handlers.
/pfs/data5/home/tu/tu_tu/tu_zxoul27/micromamba/envs/power/lib/python3.12/site-packages/pytorch_lightning/loops/fit_loop.py:298: The number of training batches (14) is smaller than the logging interval Trainer(log_every_n_steps=20). Set a lower value for log_every_n_steps if you want to see logs for the training epoch.
Monitored metric val_loss did not improve in the last 506 records. Best score: -0.119. Signaling Trainer to stop.
GPU available: True (cuda), used: True
TPU available: False, using: 0 TPU cores
HPU available: False, using: 0 HPUs
LOCAL_RANK: 0 - CUDA_VISIBLE_DEVICES: [0,1,2,3]
SLURM auto-requeueing enabled. Setting signal handlers.
[I 2024-10-13 14:27:03,192] Trial 449 finished with value: 81.96952819824219 and parameters: {'n_layers': 1, 'input_chunk_length': 71, 'hidden_dim': 173, 'learning_rate': 7.146134679147319e-06, 'batch_size': 64, 'training_length': 279}. Best is trial 412 with value: 68.12953186035156.
Specified past encoders in `add_encoders` at model creation but model does not accept past covariates. past encoders will be ignored.
GPU available: True (cuda), used: True
TPU available: False, using: 0 TPU cores
HPU available: False, using: 0 HPUs
LOCAL_RANK: 0 - CUDA_VISIBLE_DEVICES: [0,1,2,3]
SLURM auto-requeueing enabled. Setting signal handlers.
/pfs/data5/home/tu/tu_tu/tu_zxoul27/micromamba/envs/power/lib/python3.12/site-packages/pytorch_lightning/loops/fit_loop.py:298: The number of training batches (14) is smaller than the logging interval Trainer(log_every_n_steps=20). Set a lower value for log_every_n_steps if you want to see logs for the training epoch.
Monitored metric val_loss did not improve in the last 507 records. Best score: -0.119. Signaling Trainer to stop.
GPU available: True (cuda), used: True
TPU available: False, using: 0 TPU cores
HPU available: False, using: 0 HPUs
LOCAL_RANK: 0 - CUDA_VISIBLE_DEVICES: [0,1,2,3]
SLURM auto-requeueing enabled. Setting signal handlers.
[I 2024-10-13 14:27:04,068] Trial 450 finished with value: 83.8742446899414 and parameters: {'n_layers': 1, 'input_chunk_length': 65, 'hidden_dim': 179, 'learning_rate': 6.679266441904527e-06, 'batch_size': 64, 'training_length': 263}. Best is trial 412 with value: 68.12953186035156.
Specified past encoders in `add_encoders` at model creation but model does not accept past covariates. past encoders will be ignored.
GPU available: True (cuda), used: True
TPU available: False, using: 0 TPU cores
HPU available: False, using: 0 HPUs
LOCAL_RANK: 0 - CUDA_VISIBLE_DEVICES: [0,1,2,3]
SLURM auto-requeueing enabled. Setting signal handlers.
/pfs/data5/home/tu/tu_tu/tu_zxoul27/micromamba/envs/power/lib/python3.12/site-packages/pytorch_lightning/loops/fit_loop.py:298: The number of training batches (14) is smaller than the logging interval Trainer(log_every_n_steps=20). Set a lower value for log_every_n_steps if you want to see logs for the training epoch.
Monitored metric val_loss did not improve in the last 508 records. Best score: -0.119. Signaling Trainer to stop.
GPU available: True (cuda), used: True
TPU available: False, using: 0 TPU cores
HPU available: False, using: 0 HPUs
LOCAL_RANK: 0 - CUDA_VISIBLE_DEVICES: [0,1,2,3]
SLURM auto-requeueing enabled. Setting signal handlers.
[I 2024-10-13 14:27:04,923] Trial 451 finished with value: 74.99242401123047 and parameters: {'n_layers': 1, 'input_chunk_length': 67, 'hidden_dim': 170, 'learning_rate': 5.783508714132028e-06, 'batch_size': 64, 'training_length': 255}. Best is trial 412 with value: 68.12953186035156.
Specified past encoders in `add_encoders` at model creation but model does not accept past covariates. past encoders will be ignored.
GPU available: True (cuda), used: True
TPU available: False, using: 0 TPU cores
HPU available: False, using: 0 HPUs
LOCAL_RANK: 0 - CUDA_VISIBLE_DEVICES: [0,1,2,3]
SLURM auto-requeueing enabled. Setting signal handlers.
/pfs/data5/home/tu/tu_tu/tu_zxoul27/micromamba/envs/power/lib/python3.12/site-packages/pytorch_lightning/loops/fit_loop.py:298: The number of training batches (14) is smaller than the logging interval Trainer(log_every_n_steps=20). Set a lower value for log_every_n_steps if you want to see logs for the training epoch.
Monitored metric val_loss did not improve in the last 509 records. Best score: -0.119. Signaling Trainer to stop.
GPU available: True (cuda), used: True
TPU available: False, using: 0 TPU cores
HPU available: False, using: 0 HPUs
LOCAL_RANK: 0 - CUDA_VISIBLE_DEVICES: [0,1,2,3]
SLURM auto-requeueing enabled. Setting signal handlers.
[I 2024-10-13 14:27:05,771] Trial 452 finished with value: 69.57521057128906 and parameters: {'n_layers': 1, 'input_chunk_length': 72, 'hidden_dim': 176, 'learning_rate': 5.545983867778853e-06, 'batch_size': 64, 'training_length': 243}. Best is trial 412 with value: 68.12953186035156.
Specified past encoders in `add_encoders` at model creation but model does not accept past covariates. past encoders will be ignored.
GPU available: True (cuda), used: True
TPU available: False, using: 0 TPU cores
HPU available: False, using: 0 HPUs
LOCAL_RANK: 0 - CUDA_VISIBLE_DEVICES: [0,1,2,3]
SLURM auto-requeueing enabled. Setting signal handlers.
/pfs/data5/home/tu/tu_tu/tu_zxoul27/micromamba/envs/power/lib/python3.12/site-packages/pytorch_lightning/loops/fit_loop.py:298: The number of training batches (14) is smaller than the logging interval Trainer(log_every_n_steps=20). Set a lower value for log_every_n_steps if you want to see logs for the training epoch.
Monitored metric val_loss did not improve in the last 510 records. Best score: -0.119. Signaling Trainer to stop.
GPU available: True (cuda), used: True
TPU available: False, using: 0 TPU cores
HPU available: False, using: 0 HPUs
LOCAL_RANK: 0 - CUDA_VISIBLE_DEVICES: [0,1,2,3]
SLURM auto-requeueing enabled. Setting signal handlers.
[I 2024-10-13 14:27:06,617] Trial 453 finished with value: 85.16214752197266 and parameters: {'n_layers': 1, 'input_chunk_length': 73, 'hidden_dim': 166, 'learning_rate': 9.56448209888299e-06, 'batch_size': 64, 'training_length': 244}. Best is trial 412 with value: 68.12953186035156.
Specified past encoders in `add_encoders` at model creation but model does not accept past covariates. past encoders will be ignored.
GPU available: True (cuda), used: True
TPU available: False, using: 0 TPU cores
HPU available: False, using: 0 HPUs
LOCAL_RANK: 0 - CUDA_VISIBLE_DEVICES: [0,1,2,3]
SLURM auto-requeueing enabled. Setting signal handlers.
/pfs/data5/home/tu/tu_tu/tu_zxoul27/micromamba/envs/power/lib/python3.12/site-packages/pytorch_lightning/loops/fit_loop.py:298: The number of training batches (14) is smaller than the logging interval Trainer(log_every_n_steps=20). Set a lower value for log_every_n_steps if you want to see logs for the training epoch.
Monitored metric val_loss did not improve in the last 511 records. Best score: -0.119. Signaling Trainer to stop.
GPU available: True (cuda), used: True
TPU available: False, using: 0 TPU cores
HPU available: False, using: 0 HPUs
LOCAL_RANK: 0 - CUDA_VISIBLE_DEVICES: [0,1,2,3]
SLURM auto-requeueing enabled. Setting signal handlers.
[I 2024-10-13 14:27:07,498] Trial 454 finished with value: 90.1299057006836 and parameters: {'n_layers': 1, 'input_chunk_length': 70, 'hidden_dim': 174, 'learning_rate': 7.589218808184951e-06, 'batch_size': 64, 'training_length': 271}. Best is trial 412 with value: 68.12953186035156.
Specified past encoders in `add_encoders` at model creation but model does not accept past covariates. past encoders will be ignored.
GPU available: True (cuda), used: True
TPU available: False, using: 0 TPU cores
HPU available: False, using: 0 HPUs
LOCAL_RANK: 0 - CUDA_VISIBLE_DEVICES: [0,1,2,3]
SLURM auto-requeueing enabled. Setting signal handlers.
/pfs/data5/home/tu/tu_tu/tu_zxoul27/micromamba/envs/power/lib/python3.12/site-packages/pytorch_lightning/loops/fit_loop.py:298: The number of training batches (14) is smaller than the logging interval Trainer(log_every_n_steps=20). Set a lower value for log_every_n_steps if you want to see logs for the training epoch.
Monitored metric val_loss did not improve in the last 512 records. Best score: -0.119. Signaling Trainer to stop.
GPU available: True (cuda), used: True
TPU available: False, using: 0 TPU cores
HPU available: False, using: 0 HPUs
LOCAL_RANK: 0 - CUDA_VISIBLE_DEVICES: [0,1,2,3]
SLURM auto-requeueing enabled. Setting signal handlers.
[I 2024-10-13 14:27:08,356] Trial 455 finished with value: 74.91525268554688 and parameters: {'n_layers': 1, 'input_chunk_length': 69, 'hidden_dim': 170, 'learning_rate': 5.764529733963738e-06, 'batch_size': 64, 'training_length': 260}. Best is trial 412 with value: 68.12953186035156.
Specified past encoders in `add_encoders` at model creation but model does not accept past covariates. past encoders will be ignored.
GPU available: True (cuda), used: True
TPU available: False, using: 0 TPU cores
HPU available: False, using: 0 HPUs
LOCAL_RANK: 0 - CUDA_VISIBLE_DEVICES: [0,1,2,3]
SLURM auto-requeueing enabled. Setting signal handlers.
/pfs/data5/home/tu/tu_tu/tu_zxoul27/micromamba/envs/power/lib/python3.12/site-packages/pytorch_lightning/loops/fit_loop.py:298: The number of training batches (14) is smaller than the logging interval Trainer(log_every_n_steps=20). Set a lower value for log_every_n_steps if you want to see logs for the training epoch.
Monitored metric val_loss did not improve in the last 513 records. Best score: -0.119. Signaling Trainer to stop.
GPU available: True (cuda), used: True
TPU available: False, using: 0 TPU cores
HPU available: False, using: 0 HPUs
LOCAL_RANK: 0 - CUDA_VISIBLE_DEVICES: [0,1,2,3]
SLURM auto-requeueing enabled. Setting signal handlers.
[I 2024-10-13 14:27:09,142] Trial 456 finished with value: 70.9001693725586 and parameters: {'n_layers': 1, 'input_chunk_length': 73, 'hidden_dim': 160, 'learning_rate': 1.1577957945134368e-05, 'batch_size': 64, 'training_length': 250}. Best is trial 412 with value: 68.12953186035156.
Specified past encoders in `add_encoders` at model creation but model does not accept past covariates. past encoders will be ignored.
GPU available: True (cuda), used: True
TPU available: False, using: 0 TPU cores
HPU available: False, using: 0 HPUs
LOCAL_RANK: 0 - CUDA_VISIBLE_DEVICES: [0,1,2,3]
SLURM auto-requeueing enabled. Setting signal handlers.
/pfs/data5/home/tu/tu_tu/tu_zxoul27/micromamba/envs/power/lib/python3.12/site-packages/pytorch_lightning/loops/fit_loop.py:298: The number of training batches (15) is smaller than the logging interval Trainer(log_every_n_steps=20). Set a lower value for log_every_n_steps if you want to see logs for the training epoch.
Monitored metric val_loss did not improve in the last 514 records. Best score: -0.119. Signaling Trainer to stop.
GPU available: True (cuda), used: True
TPU available: False, using: 0 TPU cores
HPU available: False, using: 0 HPUs
LOCAL_RANK: 0 - CUDA_VISIBLE_DEVICES: [0,1,2,3]
SLURM auto-requeueing enabled. Setting signal handlers.
[I 2024-10-13 14:27:09,986] Trial 457 finished with value: 68.17784118652344 and parameters: {'n_layers': 1, 'input_chunk_length': 68, 'hidden_dim': 172, 'learning_rate': 9.15140273865836e-06, 'batch_size': 64, 'training_length': 237}. Best is trial 412 with value: 68.12953186035156.
Specified past encoders in `add_encoders` at model creation but model does not accept past covariates. past encoders will be ignored.
GPU available: True (cuda), used: True
TPU available: False, using: 0 TPU cores
HPU available: False, using: 0 HPUs
LOCAL_RANK: 0 - CUDA_VISIBLE_DEVICES: [0,1,2,3]
SLURM auto-requeueing enabled. Setting signal handlers.
/pfs/data5/home/tu/tu_tu/tu_zxoul27/micromamba/envs/power/lib/python3.12/site-packages/pytorch_lightning/loops/fit_loop.py:298: The number of training batches (15) is smaller than the logging interval Trainer(log_every_n_steps=20). Set a lower value for log_every_n_steps if you want to see logs for the training epoch.
Monitored metric val_loss did not improve in the last 515 records. Best score: -0.119. Signaling Trainer to stop.
GPU available: True (cuda), used: True
TPU available: False, using: 0 TPU cores
HPU available: False, using: 0 HPUs
LOCAL_RANK: 0 - CUDA_VISIBLE_DEVICES: [0,1,2,3]
SLURM auto-requeueing enabled. Setting signal handlers.
[I 2024-10-13 14:27:10,832] Trial 458 finished with value: 68.17699432373047 and parameters: {'n_layers': 1, 'input_chunk_length': 68, 'hidden_dim': 172, 'learning_rate': 9.489730370047479e-06, 'batch_size': 64, 'training_length': 239}. Best is trial 412 with value: 68.12953186035156.
Specified past encoders in `add_encoders` at model creation but model does not accept past covariates. past encoders will be ignored.
GPU available: True (cuda), used: True
TPU available: False, using: 0 TPU cores
HPU available: False, using: 0 HPUs
LOCAL_RANK: 0 - CUDA_VISIBLE_DEVICES: [0,1,2,3]
SLURM auto-requeueing enabled. Setting signal handlers.
/pfs/data5/home/tu/tu_tu/tu_zxoul27/micromamba/envs/power/lib/python3.12/site-packages/pytorch_lightning/loops/fit_loop.py:298: The number of training batches (15) is smaller than the logging interval Trainer(log_every_n_steps=20). Set a lower value for log_every_n_steps if you want to see logs for the training epoch.
Monitored metric val_loss did not improve in the last 516 records. Best score: -0.119. Signaling Trainer to stop.
GPU available: True (cuda), used: True
TPU available: False, using: 0 TPU cores
HPU available: False, using: 0 HPUs
LOCAL_RANK: 0 - CUDA_VISIBLE_DEVICES: [0,1,2,3]
SLURM auto-requeueing enabled. Setting signal handlers.
[I 2024-10-13 14:27:11,680] Trial 459 finished with value: 82.04293823242188 and parameters: {'n_layers': 1, 'input_chunk_length': 68, 'hidden_dim': 173, 'learning_rate': 9.479190402055352e-06, 'batch_size': 64, 'training_length': 236}. Best is trial 412 with value: 68.12953186035156.
Specified past encoders in `add_encoders` at model creation but model does not accept past covariates. past encoders will be ignored.
GPU available: True (cuda), used: True
TPU available: False, using: 0 TPU cores
HPU available: False, using: 0 HPUs
LOCAL_RANK: 0 - CUDA_VISIBLE_DEVICES: [0,1,2,3]
SLURM auto-requeueing enabled. Setting signal handlers.
/pfs/data5/home/tu/tu_tu/tu_zxoul27/micromamba/envs/power/lib/python3.12/site-packages/pytorch_lightning/loops/fit_loop.py:298: The number of training batches (15) is smaller than the logging interval Trainer(log_every_n_steps=20). Set a lower value for log_every_n_steps if you want to see logs for the training epoch.
Monitored metric val_loss did not improve in the last 517 records. Best score: -0.119. Signaling Trainer to stop.
GPU available: True (cuda), used: True
TPU available: False, using: 0 TPU cores
HPU available: False, using: 0 HPUs
LOCAL_RANK: 0 - CUDA_VISIBLE_DEVICES: [0,1,2,3]
SLURM auto-requeueing enabled. Setting signal handlers.
