GpuFreq=control_disabled
[I 2024-10-13 11:30:47,077] A new study created in memory with name: no-name-f323cbc3-98a3-437c-8541-1db269dd2dcc
/pfs/data5/home/tu/tu_tu/tu_zxoul27/micromamba/envs/power/lib/python3.12/site-packages/torch/random.py:167: UserWarning: CUDA reports that you have 4 available devices, and you have used fork_rng without explicitly specifying which devices are being used. For safety, we initialize *every* CUDA device by default, which can be quite slow if you have a lot of CUDAs. If you know that you are only making use of a few CUDA devices, set the environment variable CUDA_VISIBLE_DEVICES or the 'devices' keyword argument of fork_rng with the set of devices you are actually using. For example, if you are using CPU only, set device.upper()_VISIBLE_DEVICES= or devices=[]; if you are using device 0 only, set CUDA_VISIBLE_DEVICES=0 or devices=[0].  To initialize all devices and suppress this warning, set the 'devices' keyword argument to `range(torch.cuda.device_count())`.
  warnings.warn(message)
Specified past encoders in `add_encoders` at model creation but model does not accept past covariates. past encoders will be ignored.
GPU available: True (cuda), used: True
TPU available: False, using: 0 TPU cores
HPU available: False, using: 0 HPUs
Initializing distributed: GLOBAL_RANK: 0, MEMBER: 1/1
----------------------------------------------------------------------------------------------------
distributed_backend=nccl
All distributed processes registered. Starting with 1 processes
----------------------------------------------------------------------------------------------------

LOCAL_RANK: 0 - CUDA_VISIBLE_DEVICES: [0,1,2,3]
SLURM auto-requeueing enabled. Setting signal handlers.
/pfs/data5/home/tu/tu_tu/tu_zxoul27/micromamba/envs/power/lib/python3.12/site-packages/pytorch_lightning/loops/fit_loop.py:298: The number of training batches (14) is smaller than the logging interval Trainer(log_every_n_steps=20). Set a lower value for log_every_n_steps if you want to see logs for the training epoch.
Metric val_loss improved. New best score: 0.779
Metric val_loss improved by 0.001 >= min_delta = 0.0. New best score: 0.778
Metric val_loss improved by 0.001 >= min_delta = 0.0. New best score: 0.778
Metric val_loss improved by 0.001 >= min_delta = 0.0. New best score: 0.777
Metric val_loss improved by 0.001 >= min_delta = 0.0. New best score: 0.776
Metric val_loss improved by 0.001 >= min_delta = 0.0. New best score: 0.775
Metric val_loss improved by 0.001 >= min_delta = 0.0. New best score: 0.774
Metric val_loss improved by 0.001 >= min_delta = 0.0. New best score: 0.773
Metric val_loss improved by 0.001 >= min_delta = 0.0. New best score: 0.773
Metric val_loss improved by 0.001 >= min_delta = 0.0. New best score: 0.772
Metric val_loss improved by 0.001 >= min_delta = 0.0. New best score: 0.771
Metric val_loss improved by 0.001 >= min_delta = 0.0. New best score: 0.770
Metric val_loss improved by 0.001 >= min_delta = 0.0. New best score: 0.769
Metric val_loss improved by 0.001 >= min_delta = 0.0. New best score: 0.768
Metric val_loss improved by 0.001 >= min_delta = 0.0. New best score: 0.767
Metric val_loss improved by 0.001 >= min_delta = 0.0. New best score: 0.767
Metric val_loss improved by 0.001 >= min_delta = 0.0. New best score: 0.766
Metric val_loss improved by 0.001 >= min_delta = 0.0. New best score: 0.765
Metric val_loss improved by 0.001 >= min_delta = 0.0. New best score: 0.764
Metric val_loss improved by 0.001 >= min_delta = 0.0. New best score: 0.763
Metric val_loss improved by 0.001 >= min_delta = 0.0. New best score: 0.762
Metric val_loss improved by 0.001 >= min_delta = 0.0. New best score: 0.762
Metric val_loss improved by 0.001 >= min_delta = 0.0. New best score: 0.761
Metric val_loss improved by 0.001 >= min_delta = 0.0. New best score: 0.760
Metric val_loss improved by 0.001 >= min_delta = 0.0. New best score: 0.759
Metric val_loss improved by 0.001 >= min_delta = 0.0. New best score: 0.758
Metric val_loss improved by 0.001 >= min_delta = 0.0. New best score: 0.758
Metric val_loss improved by 0.001 >= min_delta = 0.0. New best score: 0.757
Metric val_loss improved by 0.001 >= min_delta = 0.0. New best score: 0.756
Metric val_loss improved by 0.001 >= min_delta = 0.0. New best score: 0.755
Metric val_loss improved by 0.001 >= min_delta = 0.0. New best score: 0.754
Metric val_loss improved by 0.001 >= min_delta = 0.0. New best score: 0.753
Metric val_loss improved by 0.001 >= min_delta = 0.0. New best score: 0.753
Metric val_loss improved by 0.001 >= min_delta = 0.0. New best score: 0.752
Metric val_loss improved by 0.001 >= min_delta = 0.0. New best score: 0.751
Metric val_loss improved by 0.001 >= min_delta = 0.0. New best score: 0.750
Metric val_loss improved by 0.001 >= min_delta = 0.0. New best score: 0.749
Metric val_loss improved by 0.001 >= min_delta = 0.0. New best score: 0.749
Metric val_loss improved by 0.001 >= min_delta = 0.0. New best score: 0.748
Metric val_loss improved by 0.001 >= min_delta = 0.0. New best score: 0.747
Metric val_loss improved by 0.001 >= min_delta = 0.0. New best score: 0.746
Metric val_loss improved by 0.001 >= min_delta = 0.0. New best score: 0.745
Metric val_loss improved by 0.001 >= min_delta = 0.0. New best score: 0.745
Metric val_loss improved by 0.001 >= min_delta = 0.0. New best score: 0.744
Metric val_loss improved by 0.001 >= min_delta = 0.0. New best score: 0.743
Metric val_loss improved by 0.001 >= min_delta = 0.0. New best score: 0.742
Metric val_loss improved by 0.001 >= min_delta = 0.0. New best score: 0.741
Metric val_loss improved by 0.001 >= min_delta = 0.0. New best score: 0.741
Metric val_loss improved by 0.001 >= min_delta = 0.0. New best score: 0.740
Metric val_loss improved by 0.001 >= min_delta = 0.0. New best score: 0.739
Metric val_loss improved by 0.001 >= min_delta = 0.0. New best score: 0.738
Metric val_loss improved by 0.001 >= min_delta = 0.0. New best score: 0.737
Metric val_loss improved by 0.001 >= min_delta = 0.0. New best score: 0.737
Metric val_loss improved by 0.001 >= min_delta = 0.0. New best score: 0.736
Metric val_loss improved by 0.001 >= min_delta = 0.0. New best score: 0.735
Metric val_loss improved by 0.001 >= min_delta = 0.0. New best score: 0.734
Metric val_loss improved by 0.001 >= min_delta = 0.0. New best score: 0.733
Metric val_loss improved by 0.001 >= min_delta = 0.0. New best score: 0.733
Metric val_loss improved by 0.001 >= min_delta = 0.0. New best score: 0.732
Metric val_loss improved by 0.001 >= min_delta = 0.0. New best score: 0.731
Metric val_loss improved by 0.001 >= min_delta = 0.0. New best score: 0.730
Metric val_loss improved by 0.001 >= min_delta = 0.0. New best score: 0.730
Metric val_loss improved by 0.001 >= min_delta = 0.0. New best score: 0.729
Metric val_loss improved by 0.001 >= min_delta = 0.0. New best score: 0.728
Metric val_loss improved by 0.001 >= min_delta = 0.0. New best score: 0.727
Metric val_loss improved by 0.001 >= min_delta = 0.0. New best score: 0.727
Metric val_loss improved by 0.001 >= min_delta = 0.0. New best score: 0.726
Metric val_loss improved by 0.001 >= min_delta = 0.0. New best score: 0.725
Metric val_loss improved by 0.001 >= min_delta = 0.0. New best score: 0.724
Metric val_loss improved by 0.001 >= min_delta = 0.0. New best score: 0.723
Metric val_loss improved by 0.001 >= min_delta = 0.0. New best score: 0.723
Metric val_loss improved by 0.001 >= min_delta = 0.0. New best score: 0.722
Metric val_loss improved by 0.001 >= min_delta = 0.0. New best score: 0.721
Metric val_loss improved by 0.001 >= min_delta = 0.0. New best score: 0.720
Metric val_loss improved by 0.001 >= min_delta = 0.0. New best score: 0.720
Metric val_loss improved by 0.001 >= min_delta = 0.0. New best score: 0.719
Metric val_loss improved by 0.001 >= min_delta = 0.0. New best score: 0.718
Metric val_loss improved by 0.001 >= min_delta = 0.0. New best score: 0.717
Metric val_loss improved by 0.001 >= min_delta = 0.0. New best score: 0.717
Metric val_loss improved by 0.001 >= min_delta = 0.0. New best score: 0.716
Metric val_loss improved by 0.001 >= min_delta = 0.0. New best score: 0.715
Metric val_loss improved by 0.001 >= min_delta = 0.0. New best score: 0.714
Metric val_loss improved by 0.001 >= min_delta = 0.0. New best score: 0.714
Metric val_loss improved by 0.001 >= min_delta = 0.0. New best score: 0.713
Metric val_loss improved by 0.001 >= min_delta = 0.0. New best score: 0.712
Metric val_loss improved by 0.001 >= min_delta = 0.0. New best score: 0.711
Metric val_loss improved by 0.001 >= min_delta = 0.0. New best score: 0.711
Metric val_loss improved by 0.001 >= min_delta = 0.0. New best score: 0.710
Metric val_loss improved by 0.001 >= min_delta = 0.0. New best score: 0.709
Metric val_loss improved by 0.001 >= min_delta = 0.0. New best score: 0.709
Metric val_loss improved by 0.001 >= min_delta = 0.0. New best score: 0.708
Metric val_loss improved by 0.001 >= min_delta = 0.0. New best score: 0.707
Metric val_loss improved by 0.001 >= min_delta = 0.0. New best score: 0.706
Metric val_loss improved by 0.001 >= min_delta = 0.0. New best score: 0.706
Metric val_loss improved by 0.001 >= min_delta = 0.0. New best score: 0.705
Metric val_loss improved by 0.001 >= min_delta = 0.0. New best score: 0.704
Metric val_loss improved by 0.001 >= min_delta = 0.0. New best score: 0.703
Metric val_loss improved by 0.001 >= min_delta = 0.0. New best score: 0.703
Metric val_loss improved by 0.001 >= min_delta = 0.0. New best score: 0.702
Metric val_loss improved by 0.001 >= min_delta = 0.0. New best score: 0.701
Metric val_loss improved by 0.001 >= min_delta = 0.0. New best score: 0.700
Metric val_loss improved by 0.001 >= min_delta = 0.0. New best score: 0.700
Metric val_loss improved by 0.001 >= min_delta = 0.0. New best score: 0.699
Metric val_loss improved by 0.001 >= min_delta = 0.0. New best score: 0.698
Metric val_loss improved by 0.001 >= min_delta = 0.0. New best score: 0.698
Metric val_loss improved by 0.001 >= min_delta = 0.0. New best score: 0.697
Metric val_loss improved by 0.001 >= min_delta = 0.0. New best score: 0.696
Metric val_loss improved by 0.001 >= min_delta = 0.0. New best score: 0.695
Metric val_loss improved by 0.001 >= min_delta = 0.0. New best score: 0.695
Metric val_loss improved by 0.001 >= min_delta = 0.0. New best score: 0.694
Metric val_loss improved by 0.001 >= min_delta = 0.0. New best score: 0.693
Metric val_loss improved by 0.001 >= min_delta = 0.0. New best score: 0.693
Metric val_loss improved by 0.001 >= min_delta = 0.0. New best score: 0.692
Metric val_loss improved by 0.001 >= min_delta = 0.0. New best score: 0.691
Metric val_loss improved by 0.001 >= min_delta = 0.0. New best score: 0.690
Metric val_loss improved by 0.001 >= min_delta = 0.0. New best score: 0.690
Metric val_loss improved by 0.001 >= min_delta = 0.0. New best score: 0.689
Metric val_loss improved by 0.001 >= min_delta = 0.0. New best score: 0.688
Metric val_loss improved by 0.001 >= min_delta = 0.0. New best score: 0.688
Metric val_loss improved by 0.001 >= min_delta = 0.0. New best score: 0.687
Metric val_loss improved by 0.001 >= min_delta = 0.0. New best score: 0.686
Metric val_loss improved by 0.001 >= min_delta = 0.0. New best score: 0.686
Metric val_loss improved by 0.001 >= min_delta = 0.0. New best score: 0.685
Metric val_loss improved by 0.001 >= min_delta = 0.0. New best score: 0.684
Metric val_loss improved by 0.001 >= min_delta = 0.0. New best score: 0.683
Metric val_loss improved by 0.001 >= min_delta = 0.0. New best score: 0.683
Metric val_loss improved by 0.001 >= min_delta = 0.0. New best score: 0.682
Metric val_loss improved by 0.001 >= min_delta = 0.0. New best score: 0.681
Metric val_loss improved by 0.001 >= min_delta = 0.0. New best score: 0.681
Metric val_loss improved by 0.001 >= min_delta = 0.0. New best score: 0.680
Metric val_loss improved by 0.001 >= min_delta = 0.0. New best score: 0.679
Metric val_loss improved by 0.001 >= min_delta = 0.0. New best score: 0.679
Metric val_loss improved by 0.001 >= min_delta = 0.0. New best score: 0.678
Metric val_loss improved by 0.001 >= min_delta = 0.0. New best score: 0.677
Metric val_loss improved by 0.001 >= min_delta = 0.0. New best score: 0.676
Metric val_loss improved by 0.001 >= min_delta = 0.0. New best score: 0.676
Metric val_loss improved by 0.001 >= min_delta = 0.0. New best score: 0.675
Metric val_loss improved by 0.001 >= min_delta = 0.0. New best score: 0.674
Metric val_loss improved by 0.001 >= min_delta = 0.0. New best score: 0.674
Metric val_loss improved by 0.001 >= min_delta = 0.0. New best score: 0.673
Metric val_loss improved by 0.001 >= min_delta = 0.0. New best score: 0.672
Metric val_loss improved by 0.001 >= min_delta = 0.0. New best score: 0.672
Metric val_loss improved by 0.001 >= min_delta = 0.0. New best score: 0.671
Metric val_loss improved by 0.001 >= min_delta = 0.0. New best score: 0.670
Metric val_loss improved by 0.001 >= min_delta = 0.0. New best score: 0.670
Metric val_loss improved by 0.001 >= min_delta = 0.0. New best score: 0.669
Metric val_loss improved by 0.001 >= min_delta = 0.0. New best score: 0.668
Metric val_loss improved by 0.001 >= min_delta = 0.0. New best score: 0.668
Metric val_loss improved by 0.001 >= min_delta = 0.0. New best score: 0.667
Metric val_loss improved by 0.001 >= min_delta = 0.0. New best score: 0.666
`Trainer.fit` stopped: `max_epochs=150` reached.
GPU available: True (cuda), used: True
TPU available: False, using: 0 TPU cores
HPU available: False, using: 0 HPUs
LOCAL_RANK: 0 - CUDA_VISIBLE_DEVICES: [0,1,2,3]
SLURM auto-requeueing enabled. Setting signal handlers.
[I 2024-10-13 11:32:38,970] Trial 0 finished with value: 196.55459594726562 and parameters: {'n_layers': 2, 'dropout': 0.22850836766109078, 'input_chunk_length': 60, 'hidden_dim': 198, 'learning_rate': 2.2646953362743538e-07, 'batch_size': 64, 'training_length': 400}. Best is trial 0 with value: 196.55459594726562.
Specified past encoders in `add_encoders` at model creation but model does not accept past covariates. past encoders will be ignored.
GPU available: True (cuda), used: True
TPU available: False, using: 0 TPU cores
HPU available: False, using: 0 HPUs
LOCAL_RANK: 0 - CUDA_VISIBLE_DEVICES: [0,1,2,3]
SLURM auto-requeueing enabled. Setting signal handlers.
Metric val_loss improved by 0.052 >= min_delta = 0.0. New best score: 0.614
Metric val_loss improved by 0.008 >= min_delta = 0.0. New best score: 0.606
Metric val_loss improved by 0.009 >= min_delta = 0.0. New best score: 0.597
Metric val_loss improved by 0.008 >= min_delta = 0.0. New best score: 0.589
Metric val_loss improved by 0.008 >= min_delta = 0.0. New best score: 0.581
Metric val_loss improved by 0.008 >= min_delta = 0.0. New best score: 0.573
Metric val_loss improved by 0.008 >= min_delta = 0.0. New best score: 0.565
Metric val_loss improved by 0.007 >= min_delta = 0.0. New best score: 0.557
Metric val_loss improved by 0.008 >= min_delta = 0.0. New best score: 0.549
Metric val_loss improved by 0.008 >= min_delta = 0.0. New best score: 0.542
Metric val_loss improved by 0.007 >= min_delta = 0.0. New best score: 0.534
Metric val_loss improved by 0.007 >= min_delta = 0.0. New best score: 0.527
Metric val_loss improved by 0.007 >= min_delta = 0.0. New best score: 0.520
Metric val_loss improved by 0.007 >= min_delta = 0.0. New best score: 0.513
Metric val_loss improved by 0.007 >= min_delta = 0.0. New best score: 0.506
Metric val_loss improved by 0.007 >= min_delta = 0.0. New best score: 0.499
Metric val_loss improved by 0.006 >= min_delta = 0.0. New best score: 0.493
Metric val_loss improved by 0.006 >= min_delta = 0.0. New best score: 0.487
Metric val_loss improved by 0.006 >= min_delta = 0.0. New best score: 0.480
Metric val_loss improved by 0.006 >= min_delta = 0.0. New best score: 0.474
Metric val_loss improved by 0.006 >= min_delta = 0.0. New best score: 0.468
Metric val_loss improved by 0.006 >= min_delta = 0.0. New best score: 0.462
Metric val_loss improved by 0.006 >= min_delta = 0.0. New best score: 0.456
Metric val_loss improved by 0.006 >= min_delta = 0.0. New best score: 0.451
Metric val_loss improved by 0.006 >= min_delta = 0.0. New best score: 0.445
Metric val_loss improved by 0.006 >= min_delta = 0.0. New best score: 0.439
Metric val_loss improved by 0.006 >= min_delta = 0.0. New best score: 0.433
Metric val_loss improved by 0.006 >= min_delta = 0.0. New best score: 0.428
Metric val_loss improved by 0.005 >= min_delta = 0.0. New best score: 0.423
Metric val_loss improved by 0.005 >= min_delta = 0.0. New best score: 0.417
Metric val_loss improved by 0.005 >= min_delta = 0.0. New best score: 0.412
Metric val_loss improved by 0.005 >= min_delta = 0.0. New best score: 0.407
Metric val_loss improved by 0.005 >= min_delta = 0.0. New best score: 0.403
Metric val_loss improved by 0.005 >= min_delta = 0.0. New best score: 0.398
Metric val_loss improved by 0.005 >= min_delta = 0.0. New best score: 0.394
Metric val_loss improved by 0.004 >= min_delta = 0.0. New best score: 0.389
Metric val_loss improved by 0.004 >= min_delta = 0.0. New best score: 0.385
Metric val_loss improved by 0.004 >= min_delta = 0.0. New best score: 0.380
Metric val_loss improved by 0.004 >= min_delta = 0.0. New best score: 0.376
Metric val_loss improved by 0.004 >= min_delta = 0.0. New best score: 0.373
Metric val_loss improved by 0.004 >= min_delta = 0.0. New best score: 0.369
Metric val_loss improved by 0.004 >= min_delta = 0.0. New best score: 0.365
Metric val_loss improved by 0.004 >= min_delta = 0.0. New best score: 0.362
Metric val_loss improved by 0.003 >= min_delta = 0.0. New best score: 0.358
Metric val_loss improved by 0.003 >= min_delta = 0.0. New best score: 0.355
Metric val_loss improved by 0.003 >= min_delta = 0.0. New best score: 0.352
Metric val_loss improved by 0.003 >= min_delta = 0.0. New best score: 0.349
Metric val_loss improved by 0.003 >= min_delta = 0.0. New best score: 0.346
Metric val_loss improved by 0.003 >= min_delta = 0.0. New best score: 0.343
Metric val_loss improved by 0.003 >= min_delta = 0.0. New best score: 0.340
Metric val_loss improved by 0.003 >= min_delta = 0.0. New best score: 0.337
Metric val_loss improved by 0.002 >= min_delta = 0.0. New best score: 0.335
Metric val_loss improved by 0.002 >= min_delta = 0.0. New best score: 0.333
Metric val_loss improved by 0.002 >= min_delta = 0.0. New best score: 0.331
Metric val_loss improved by 0.002 >= min_delta = 0.0. New best score: 0.328
Metric val_loss improved by 0.002 >= min_delta = 0.0. New best score: 0.326
Metric val_loss improved by 0.001 >= min_delta = 0.0. New best score: 0.325
Metric val_loss improved by 0.000 >= min_delta = 0.0. New best score: 0.325
Metric val_loss improved by 0.000 >= min_delta = 0.0. New best score: 0.325
Metric val_loss improved by 0.001 >= min_delta = 0.0. New best score: 0.324
Metric val_loss improved by 0.002 >= min_delta = 0.0. New best score: 0.322
Metric val_loss improved by 0.002 >= min_delta = 0.0. New best score: 0.320
Metric val_loss improved by 0.001 >= min_delta = 0.0. New best score: 0.319
Metric val_loss improved by 0.001 >= min_delta = 0.0. New best score: 0.318
Metric val_loss improved by 0.001 >= min_delta = 0.0. New best score: 0.316
Metric val_loss improved by 0.002 >= min_delta = 0.0. New best score: 0.315
Metric val_loss improved by 0.001 >= min_delta = 0.0. New best score: 0.313
Metric val_loss improved by 0.002 >= min_delta = 0.0. New best score: 0.312
Metric val_loss improved by 0.002 >= min_delta = 0.0. New best score: 0.310
Metric val_loss improved by 0.002 >= min_delta = 0.0. New best score: 0.308
Metric val_loss improved by 0.003 >= min_delta = 0.0. New best score: 0.305
Metric val_loss improved by 0.002 >= min_delta = 0.0. New best score: 0.303
Metric val_loss improved by 0.001 >= min_delta = 0.0. New best score: 0.302
Metric val_loss improved by 0.001 >= min_delta = 0.0. New best score: 0.301
Metric val_loss improved by 0.001 >= min_delta = 0.0. New best score: 0.300
Metric val_loss improved by 0.001 >= min_delta = 0.0. New best score: 0.299
Metric val_loss improved by 0.001 >= min_delta = 0.0. New best score: 0.299
Metric val_loss improved by 0.001 >= min_delta = 0.0. New best score: 0.298
Metric val_loss improved by 0.002 >= min_delta = 0.0. New best score: 0.296
Metric val_loss improved by 0.001 >= min_delta = 0.0. New best score: 0.295
Metric val_loss improved by 0.002 >= min_delta = 0.0. New best score: 0.292
Metric val_loss improved by 0.002 >= min_delta = 0.0. New best score: 0.290
Metric val_loss improved by 0.007 >= min_delta = 0.0. New best score: 0.283
Metric val_loss improved by 0.007 >= min_delta = 0.0. New best score: 0.276
Metric val_loss improved by 0.005 >= min_delta = 0.0. New best score: 0.271
Metric val_loss improved by 0.004 >= min_delta = 0.0. New best score: 0.268
Metric val_loss improved by 0.006 >= min_delta = 0.0. New best score: 0.261
Metric val_loss improved by 0.004 >= min_delta = 0.0. New best score: 0.257
Metric val_loss improved by 0.002 >= min_delta = 0.0. New best score: 0.255
Metric val_loss improved by 0.004 >= min_delta = 0.0. New best score: 0.251
Metric val_loss improved by 0.002 >= min_delta = 0.0. New best score: 0.249
Metric val_loss improved by 0.003 >= min_delta = 0.0. New best score: 0.246
Metric val_loss improved by 0.004 >= min_delta = 0.0. New best score: 0.242
Metric val_loss improved by 0.000 >= min_delta = 0.0. New best score: 0.242
`Trainer.fit` stopped: `max_epochs=150` reached.
GPU available: True (cuda), used: True
TPU available: False, using: 0 TPU cores
HPU available: False, using: 0 HPUs
LOCAL_RANK: 0 - CUDA_VISIBLE_DEVICES: [0,1,2,3]
SLURM auto-requeueing enabled. Setting signal handlers.
