[I 2024-10-13 11:35:55,376] Trial 80 finished with value: 326.6214599609375 and parameters: {'n_layers': 1, 'input_chunk_length': 45, 'hidden_dim': 134, 'learning_rate': 6.310822533201182e-05, 'batch_size': 16, 'training_length': 250}. Best is trial 42 with value: 139.62567138671875.
Specified past encoders in `add_encoders` at model creation but model does not accept past covariates. past encoders will be ignored.
GPU available: True (cuda), used: True
TPU available: False, using: 0 TPU cores
HPU available: False, using: 0 HPUs
LOCAL_RANK: 0 - CUDA_VISIBLE_DEVICES: [0,1,2,3]
SLURM auto-requeueing enabled. Setting signal handlers.
Monitored metric val_loss did not improve in the last 139 records. Best score: 0.242. Signaling Trainer to stop.
GPU available: True (cuda), used: True
TPU available: False, using: 0 TPU cores
HPU available: False, using: 0 HPUs
LOCAL_RANK: 0 - CUDA_VISIBLE_DEVICES: [0,1,2,3]
SLURM auto-requeueing enabled. Setting signal handlers.
[I 2024-10-13 11:35:56,533] Trial 81 finished with value: 154.46829223632812 and parameters: {'n_layers': 1, 'input_chunk_length': 53, 'hidden_dim': 145, 'learning_rate': 3.4506693913167234e-05, 'batch_size': 16, 'training_length': 319}. Best is trial 42 with value: 139.62567138671875.
Specified past encoders in `add_encoders` at model creation but model does not accept past covariates. past encoders will be ignored.
GPU available: True (cuda), used: True
TPU available: False, using: 0 TPU cores
HPU available: False, using: 0 HPUs
LOCAL_RANK: 0 - CUDA_VISIBLE_DEVICES: [0,1,2,3]
SLURM auto-requeueing enabled. Setting signal handlers.
Monitored metric val_loss did not improve in the last 140 records. Best score: 0.242. Signaling Trainer to stop.
GPU available: True (cuda), used: True
TPU available: False, using: 0 TPU cores
HPU available: False, using: 0 HPUs
LOCAL_RANK: 0 - CUDA_VISIBLE_DEVICES: [0,1,2,3]
SLURM auto-requeueing enabled. Setting signal handlers.
[I 2024-10-13 11:35:57,298] Trial 82 finished with value: 213.07749938964844 and parameters: {'n_layers': 1, 'input_chunk_length': 95, 'hidden_dim': 114, 'learning_rate': 3.2805155967938524e-05, 'batch_size': 16, 'training_length': 357}. Best is trial 42 with value: 139.62567138671875.
Specified past encoders in `add_encoders` at model creation but model does not accept past covariates. past encoders will be ignored.
GPU available: True (cuda), used: True
TPU available: False, using: 0 TPU cores
HPU available: False, using: 0 HPUs
LOCAL_RANK: 0 - CUDA_VISIBLE_DEVICES: [0,1,2,3]
SLURM auto-requeueing enabled. Setting signal handlers.
Monitored metric val_loss did not improve in the last 141 records. Best score: 0.242. Signaling Trainer to stop.
GPU available: True (cuda), used: True
TPU available: False, using: 0 TPU cores
HPU available: False, using: 0 HPUs
LOCAL_RANK: 0 - CUDA_VISIBLE_DEVICES: [0,1,2,3]
SLURM auto-requeueing enabled. Setting signal handlers.
[I 2024-10-13 11:35:58,472] Trial 83 finished with value: 217.3394317626953 and parameters: {'n_layers': 1, 'input_chunk_length': 54, 'hidden_dim': 158, 'learning_rate': 5.071509211295737e-05, 'batch_size': 16, 'training_length': 310}. Best is trial 42 with value: 139.62567138671875.
Specified past encoders in `add_encoders` at model creation but model does not accept past covariates. past encoders will be ignored.
GPU available: True (cuda), used: True
TPU available: False, using: 0 TPU cores
HPU available: False, using: 0 HPUs
LOCAL_RANK: 0 - CUDA_VISIBLE_DEVICES: [0,1,2,3]
SLURM auto-requeueing enabled. Setting signal handlers.
Monitored metric val_loss did not improve in the last 142 records. Best score: 0.242. Signaling Trainer to stop.
GPU available: True (cuda), used: True
TPU available: False, using: 0 TPU cores
HPU available: False, using: 0 HPUs
LOCAL_RANK: 0 - CUDA_VISIBLE_DEVICES: [0,1,2,3]
SLURM auto-requeueing enabled. Setting signal handlers.
[I 2024-10-13 11:35:59,585] Trial 84 finished with value: 194.61688232421875 and parameters: {'n_layers': 1, 'input_chunk_length': 59, 'hidden_dim': 155, 'learning_rate': 7.679254915508837e-05, 'batch_size': 16, 'training_length': 269}. Best is trial 42 with value: 139.62567138671875.
Specified past encoders in `add_encoders` at model creation but model does not accept past covariates. past encoders will be ignored.
GPU available: True (cuda), used: True
TPU available: False, using: 0 TPU cores
HPU available: False, using: 0 HPUs
LOCAL_RANK: 0 - CUDA_VISIBLE_DEVICES: [0,1,2,3]
SLURM auto-requeueing enabled. Setting signal handlers.
Monitored metric val_loss did not improve in the last 143 records. Best score: 0.242. Signaling Trainer to stop.
GPU available: True (cuda), used: True
TPU available: False, using: 0 TPU cores
HPU available: False, using: 0 HPUs
LOCAL_RANK: 0 - CUDA_VISIBLE_DEVICES: [0,1,2,3]
SLURM auto-requeueing enabled. Setting signal handlers.
[I 2024-10-13 11:36:00,660] Trial 85 finished with value: 225.14173889160156 and parameters: {'n_layers': 1, 'input_chunk_length': 41, 'hidden_dim': 129, 'learning_rate': 0.00020867298697565964, 'batch_size': 16, 'training_length': 286}. Best is trial 42 with value: 139.62567138671875.
Specified past encoders in `add_encoders` at model creation but model does not accept past covariates. past encoders will be ignored.
GPU available: True (cuda), used: True
TPU available: False, using: 0 TPU cores
HPU available: False, using: 0 HPUs
LOCAL_RANK: 0 - CUDA_VISIBLE_DEVICES: [0,1,2,3]
SLURM auto-requeueing enabled. Setting signal handlers.
Monitored metric val_loss did not improve in the last 144 records. Best score: 0.242. Signaling Trainer to stop.
GPU available: True (cuda), used: True
TPU available: False, using: 0 TPU cores
HPU available: False, using: 0 HPUs
LOCAL_RANK: 0 - CUDA_VISIBLE_DEVICES: [0,1,2,3]
SLURM auto-requeueing enabled. Setting signal handlers.
[I 2024-10-13 11:36:02,122] Trial 86 finished with value: 184.28709411621094 and parameters: {'n_layers': 1, 'input_chunk_length': 37, 'hidden_dim': 181, 'learning_rate': 1.1440544070380056e-05, 'batch_size': 16, 'training_length': 365}. Best is trial 42 with value: 139.62567138671875.
Specified past encoders in `add_encoders` at model creation but model does not accept past covariates. past encoders will be ignored.
GPU available: True (cuda), used: True
TPU available: False, using: 0 TPU cores
HPU available: False, using: 0 HPUs
LOCAL_RANK: 0 - CUDA_VISIBLE_DEVICES: [0,1,2,3]
SLURM auto-requeueing enabled. Setting signal handlers.
Monitored metric val_loss did not improve in the last 145 records. Best score: 0.242. Signaling Trainer to stop.
GPU available: True (cuda), used: True
TPU available: False, using: 0 TPU cores
HPU available: False, using: 0 HPUs
LOCAL_RANK: 0 - CUDA_VISIBLE_DEVICES: [0,1,2,3]
SLURM auto-requeueing enabled. Setting signal handlers.
[I 2024-10-13 11:36:03,421] Trial 87 finished with value: 227.86297607421875 and parameters: {'n_layers': 1, 'input_chunk_length': 52, 'hidden_dim': 161, 'learning_rate': 0.00011459773383169117, 'batch_size': 16, 'training_length': 304}. Best is trial 42 with value: 139.62567138671875.
Specified past encoders in `add_encoders` at model creation but model does not accept past covariates. past encoders will be ignored.
GPU available: True (cuda), used: True
TPU available: False, using: 0 TPU cores
HPU available: False, using: 0 HPUs
LOCAL_RANK: 0 - CUDA_VISIBLE_DEVICES: [0,1,2,3]
SLURM auto-requeueing enabled. Setting signal handlers.
Monitored metric val_loss did not improve in the last 146 records. Best score: 0.242. Signaling Trainer to stop.
GPU available: True (cuda), used: True
TPU available: False, using: 0 TPU cores
HPU available: False, using: 0 HPUs
LOCAL_RANK: 0 - CUDA_VISIBLE_DEVICES: [0,1,2,3]
SLURM auto-requeueing enabled. Setting signal handlers.
[I 2024-10-13 11:36:04,579] Trial 88 finished with value: 212.02699279785156 and parameters: {'n_layers': 1, 'input_chunk_length': 48, 'hidden_dim': 147, 'learning_rate': 5.7759256411899695e-05, 'batch_size': 16, 'training_length': 318}. Best is trial 42 with value: 139.62567138671875.
Specified past encoders in `add_encoders` at model creation but model does not accept past covariates. past encoders will be ignored.
GPU available: True (cuda), used: True
TPU available: False, using: 0 TPU cores
HPU available: False, using: 0 HPUs
LOCAL_RANK: 0 - CUDA_VISIBLE_DEVICES: [0,1,2,3]
SLURM auto-requeueing enabled. Setting signal handlers.
Monitored metric val_loss did not improve in the last 147 records. Best score: 0.242. Signaling Trainer to stop.
GPU available: True (cuda), used: True
TPU available: False, using: 0 TPU cores
HPU available: False, using: 0 HPUs
LOCAL_RANK: 0 - CUDA_VISIBLE_DEVICES: [0,1,2,3]
SLURM auto-requeueing enabled. Setting signal handlers.
[I 2024-10-13 11:36:05,350] Trial 89 finished with value: 275.71844482421875 and parameters: {'n_layers': 1, 'input_chunk_length': 30, 'hidden_dim': 138, 'learning_rate': 1.951650058882266e-05, 'batch_size': 16, 'training_length': 48}. Best is trial 42 with value: 139.62567138671875.
Specified past encoders in `add_encoders` at model creation but model does not accept past covariates. past encoders will be ignored.
GPU available: True (cuda), used: True
TPU available: False, using: 0 TPU cores
HPU available: False, using: 0 HPUs
LOCAL_RANK: 0 - CUDA_VISIBLE_DEVICES: [0,1,2,3]
SLURM auto-requeueing enabled. Setting signal handlers.
Monitored metric val_loss did not improve in the last 148 records. Best score: 0.242. Signaling Trainer to stop.
GPU available: True (cuda), used: True
TPU available: False, using: 0 TPU cores
HPU available: False, using: 0 HPUs
LOCAL_RANK: 0 - CUDA_VISIBLE_DEVICES: [0,1,2,3]
SLURM auto-requeueing enabled. Setting signal handlers.
[I 2024-10-13 11:36:06,066] Trial 90 finished with value: 396.5530700683594 and parameters: {'n_layers': 1, 'input_chunk_length': 34, 'hidden_dim': 66, 'learning_rate': 2.4577714357737367e-05, 'batch_size': 16, 'training_length': 124}. Best is trial 42 with value: 139.62567138671875.
Specified past encoders in `add_encoders` at model creation but model does not accept past covariates. past encoders will be ignored.
GPU available: True (cuda), used: True
TPU available: False, using: 0 TPU cores
HPU available: False, using: 0 HPUs
LOCAL_RANK: 0 - CUDA_VISIBLE_DEVICES: [0,1,2,3]
SLURM auto-requeueing enabled. Setting signal handlers.
Monitored metric val_loss did not improve in the last 149 records. Best score: 0.242. Signaling Trainer to stop.
GPU available: True (cuda), used: True
TPU available: False, using: 0 TPU cores
HPU available: False, using: 0 HPUs
LOCAL_RANK: 0 - CUDA_VISIBLE_DEVICES: [0,1,2,3]
SLURM auto-requeueing enabled. Setting signal handlers.
[I 2024-10-13 11:36:06,904] Trial 91 finished with value: 189.10877990722656 and parameters: {'n_layers': 1, 'input_chunk_length': 53, 'hidden_dim': 152, 'learning_rate': 3.464058586225837e-05, 'batch_size': 16, 'training_length': 102}. Best is trial 42 with value: 139.62567138671875.
Specified past encoders in `add_encoders` at model creation but model does not accept past covariates. past encoders will be ignored.
GPU available: True (cuda), used: True
TPU available: False, using: 0 TPU cores
HPU available: False, using: 0 HPUs
LOCAL_RANK: 0 - CUDA_VISIBLE_DEVICES: [0,1,2,3]
SLURM auto-requeueing enabled. Setting signal handlers.
Monitored metric val_loss did not improve in the last 150 records. Best score: 0.242. Signaling Trainer to stop.
GPU available: True (cuda), used: True
TPU available: False, using: 0 TPU cores
HPU available: False, using: 0 HPUs
LOCAL_RANK: 0 - CUDA_VISIBLE_DEVICES: [0,1,2,3]
SLURM auto-requeueing enabled. Setting signal handlers.
[I 2024-10-13 11:36:07,698] Trial 92 finished with value: 213.6256103515625 and parameters: {'n_layers': 1, 'input_chunk_length': 49, 'hidden_dim': 143, 'learning_rate': 3.972927256083778e-05, 'batch_size': 16, 'training_length': 71}. Best is trial 42 with value: 139.62567138671875.
Specified past encoders in `add_encoders` at model creation but model does not accept past covariates. past encoders will be ignored.
GPU available: True (cuda), used: True
TPU available: False, using: 0 TPU cores
HPU available: False, using: 0 HPUs
LOCAL_RANK: 0 - CUDA_VISIBLE_DEVICES: [0,1,2,3]
SLURM auto-requeueing enabled. Setting signal handlers.
Monitored metric val_loss did not improve in the last 151 records. Best score: 0.242. Signaling Trainer to stop.
GPU available: True (cuda), used: True
TPU available: False, using: 0 TPU cores
HPU available: False, using: 0 HPUs
LOCAL_RANK: 0 - CUDA_VISIBLE_DEVICES: [0,1,2,3]
SLURM auto-requeueing enabled. Setting signal handlers.
[I 2024-10-13 11:36:08,491] Trial 93 finished with value: 236.90489196777344 and parameters: {'n_layers': 1, 'input_chunk_length': 57, 'hidden_dim': 144, 'learning_rate': 1.3866580705445553e-05, 'batch_size': 16, 'training_length': 73}. Best is trial 42 with value: 139.62567138671875.
Specified past encoders in `add_encoders` at model creation but model does not accept past covariates. past encoders will be ignored.
GPU available: True (cuda), used: True
TPU available: False, using: 0 TPU cores
HPU available: False, using: 0 HPUs
LOCAL_RANK: 0 - CUDA_VISIBLE_DEVICES: [0,1,2,3]
SLURM auto-requeueing enabled. Setting signal handlers.
Monitored metric val_loss did not improve in the last 152 records. Best score: 0.242. Signaling Trainer to stop.
GPU available: True (cuda), used: True
TPU available: False, using: 0 TPU cores
HPU available: False, using: 0 HPUs
LOCAL_RANK: 0 - CUDA_VISIBLE_DEVICES: [0,1,2,3]
SLURM auto-requeueing enabled. Setting signal handlers.
[I 2024-10-13 11:36:09,304] Trial 94 finished with value: 212.7038116455078 and parameters: {'n_layers': 1, 'input_chunk_length': 62, 'hidden_dim': 147, 'learning_rate': 5.156917502350597e-05, 'batch_size': 16, 'training_length': 87}. Best is trial 42 with value: 139.62567138671875.
Specified past encoders in `add_encoders` at model creation but model does not accept past covariates. past encoders will be ignored.
GPU available: True (cuda), used: True
TPU available: False, using: 0 TPU cores
HPU available: False, using: 0 HPUs
LOCAL_RANK: 0 - CUDA_VISIBLE_DEVICES: [0,1,2,3]
SLURM auto-requeueing enabled. Setting signal handlers.
Metric val_loss improved by 0.016 >= min_delta = 0.0. New best score: 0.225
Monitored metric val_loss did not improve in the last 60 records. Best score: 0.225. Signaling Trainer to stop.
GPU available: True (cuda), used: True
TPU available: False, using: 0 TPU cores
HPU available: False, using: 0 HPUs
LOCAL_RANK: 0 - CUDA_VISIBLE_DEVICES: [0,1,2,3]
SLURM auto-requeueing enabled. Setting signal handlers.
[I 2024-10-13 11:36:35,299] Trial 95 finished with value: 177.64915466308594 and parameters: {'n_layers': 1, 'input_chunk_length': 18, 'hidden_dim': 154, 'learning_rate': 0.00014297587406347743, 'batch_size': 16, 'training_length': 34}. Best is trial 42 with value: 139.62567138671875.
Specified past encoders in `add_encoders` at model creation but model does not accept past covariates. past encoders will be ignored.
GPU available: True (cuda), used: True
TPU available: False, using: 0 TPU cores
HPU available: False, using: 0 HPUs
LOCAL_RANK: 0 - CUDA_VISIBLE_DEVICES: [0,1,2,3]
SLURM auto-requeueing enabled. Setting signal handlers.
Monitored metric val_loss did not improve in the last 61 records. Best score: 0.225. Signaling Trainer to stop.
GPU available: True (cuda), used: True
TPU available: False, using: 0 TPU cores
HPU available: False, using: 0 HPUs
LOCAL_RANK: 0 - CUDA_VISIBLE_DEVICES: [0,1,2,3]
SLURM auto-requeueing enabled. Setting signal handlers.
[I 2024-10-13 11:36:36,256] Trial 96 finished with value: 192.26622009277344 and parameters: {'n_layers': 1, 'input_chunk_length': 67, 'hidden_dim': 167, 'learning_rate': 3.9275360556238543e-07, 'batch_size': 16, 'training_length': 112}. Best is trial 42 with value: 139.62567138671875.
Specified past encoders in `add_encoders` at model creation but model does not accept past covariates. past encoders will be ignored.
GPU available: True (cuda), used: True
TPU available: False, using: 0 TPU cores
HPU available: False, using: 0 HPUs
LOCAL_RANK: 0 - CUDA_VISIBLE_DEVICES: [0,1,2,3]
SLURM auto-requeueing enabled. Setting signal handlers.
Monitored metric val_loss did not improve in the last 62 records. Best score: 0.225. Signaling Trainer to stop.
GPU available: True (cuda), used: True
TPU available: False, using: 0 TPU cores
HPU available: False, using: 0 HPUs
LOCAL_RANK: 0 - CUDA_VISIBLE_DEVICES: [0,1,2,3]
SLURM auto-requeueing enabled. Setting signal handlers.
[I 2024-10-13 11:36:36,959] Trial 97 finished with value: 288.31219482421875 and parameters: {'n_layers': 1, 'input_chunk_length': 75, 'hidden_dim': 141, 'learning_rate': 2.7976190482649376e-05, 'batch_size': 32, 'training_length': 103}. Best is trial 42 with value: 139.62567138671875.
Specified past encoders in `add_encoders` at model creation but model does not accept past covariates. past encoders will be ignored.
GPU available: True (cuda), used: True
TPU available: False, using: 0 TPU cores
HPU available: False, using: 0 HPUs
LOCAL_RANK: 0 - CUDA_VISIBLE_DEVICES: [0,1,2,3]
SLURM auto-requeueing enabled. Setting signal handlers.
Monitored metric val_loss did not improve in the last 63 records. Best score: 0.225. Signaling Trainer to stop.
GPU available: True (cuda), used: True
TPU available: False, using: 0 TPU cores
HPU available: False, using: 0 HPUs
LOCAL_RANK: 0 - CUDA_VISIBLE_DEVICES: [0,1,2,3]
SLURM auto-requeueing enabled. Setting signal handlers.
[I 2024-10-13 11:36:37,834] Trial 98 finished with value: 427.15155029296875 and parameters: {'n_layers': 1, 'input_chunk_length': 27, 'hidden_dim': 132, 'learning_rate': 1.0487008419427964e-07, 'batch_size': 16, 'training_length': 133}. Best is trial 42 with value: 139.62567138671875.
Specified past encoders in `add_encoders` at model creation but model does not accept past covariates. past encoders will be ignored.
GPU available: True (cuda), used: True
TPU available: False, using: 0 TPU cores
HPU available: False, using: 0 HPUs
LOCAL_RANK: 0 - CUDA_VISIBLE_DEVICES: [0,1,2,3]
SLURM auto-requeueing enabled. Setting signal handlers.
Monitored metric val_loss did not improve in the last 64 records. Best score: 0.225. Signaling Trainer to stop.
GPU available: True (cuda), used: True
TPU available: False, using: 0 TPU cores
HPU available: False, using: 0 HPUs
LOCAL_RANK: 0 - CUDA_VISIBLE_DEVICES: [0,1,2,3]
SLURM auto-requeueing enabled. Setting signal handlers.
[I 2024-10-13 11:36:38,635] Trial 99 finished with value: 217.76260375976562 and parameters: {'n_layers': 1, 'input_chunk_length': 55, 'hidden_dim': 158, 'learning_rate': 3.634109169459653e-05, 'batch_size': 16, 'training_length': 70}. Best is trial 42 with value: 139.62567138671875.
Specified past encoders in `add_encoders` at model creation but model does not accept past covariates. past encoders will be ignored.
GPU available: True (cuda), used: True
TPU available: False, using: 0 TPU cores
HPU available: False, using: 0 HPUs
LOCAL_RANK: 0 - CUDA_VISIBLE_DEVICES: [0,1,2,3]
SLURM auto-requeueing enabled. Setting signal handlers.
/pfs/data5/home/tu/tu_tu/tu_zxoul27/micromamba/envs/power/lib/python3.12/site-packages/pytorch_lightning/loops/fit_loop.py:298: The number of training batches (14) is smaller than the logging interval Trainer(log_every_n_steps=20). Set a lower value for log_every_n_steps if you want to see logs for the training epoch.
Monitored metric val_loss did not improve in the last 65 records. Best score: 0.225. Signaling Trainer to stop.
GPU available: True (cuda), used: True
TPU available: False, using: 0 TPU cores
HPU available: False, using: 0 HPUs
LOCAL_RANK: 0 - CUDA_VISIBLE_DEVICES: [0,1,2,3]
SLURM auto-requeueing enabled. Setting signal handlers.
[I 2024-10-13 11:36:39,425] Trial 100 finished with value: 189.03424072265625 and parameters: {'n_layers': 1, 'input_chunk_length': 42, 'hidden_dim': 152, 'learning_rate': 7.397394238767972e-05, 'batch_size': 64, 'training_length': 285}. Best is trial 42 with value: 139.62567138671875.
Specified past encoders in `add_encoders` at model creation but model does not accept past covariates. past encoders will be ignored.
GPU available: True (cuda), used: True
TPU available: False, using: 0 TPU cores
HPU available: False, using: 0 HPUs
LOCAL_RANK: 0 - CUDA_VISIBLE_DEVICES: [0,1,2,3]
SLURM auto-requeueing enabled. Setting signal handlers.
Monitored metric val_loss did not improve in the last 66 records. Best score: 0.225. Signaling Trainer to stop.
GPU available: True (cuda), used: True
TPU available: False, using: 0 TPU cores
HPU available: False, using: 0 HPUs
LOCAL_RANK: 0 - CUDA_VISIBLE_DEVICES: [0,1,2,3]
SLURM auto-requeueing enabled. Setting signal handlers.
[I 2024-10-13 11:36:40,207] Trial 101 finished with value: 194.35186767578125 and parameters: {'n_layers': 1, 'input_chunk_length': 24, 'hidden_dim': 149, 'learning_rate': 2.460085878290038e-06, 'batch_size': 16, 'training_length': 42}. Best is trial 42 with value: 139.62567138671875.
Specified past encoders in `add_encoders` at model creation but model does not accept past covariates. past encoders will be ignored.
GPU available: True (cuda), used: True
TPU available: False, using: 0 TPU cores
HPU available: False, using: 0 HPUs
LOCAL_RANK: 0 - CUDA_VISIBLE_DEVICES: [0,1,2,3]
SLURM auto-requeueing enabled. Setting signal handlers.
Monitored metric val_loss did not improve in the last 67 records. Best score: 0.225. Signaling Trainer to stop.
GPU available: True (cuda), used: True
TPU available: False, using: 0 TPU cores
HPU available: False, using: 0 HPUs
LOCAL_RANK: 0 - CUDA_VISIBLE_DEVICES: [0,1,2,3]
SLURM auto-requeueing enabled. Setting signal handlers.
