GpuFreq=control_disabled
[I 2024-10-12 14:19:32,678] A new study created in memory with name: no-name-bd5c84c8-b15a-4303-9168-5c18f9a9f6a0
/pfs/data5/home/tu/tu_tu/tu_zxoul27/micromamba/envs/power/lib/python3.12/site-packages/torch/random.py:167: UserWarning: CUDA reports that you have 4 available devices, and you have used fork_rng without explicitly specifying which devices are being used. For safety, we initialize *every* CUDA device by default, which can be quite slow if you have a lot of CUDAs. If you know that you are only making use of a few CUDA devices, set the environment variable CUDA_VISIBLE_DEVICES or the 'devices' keyword argument of fork_rng with the set of devices you are actually using. For example, if you are using CPU only, set device.upper()_VISIBLE_DEVICES= or devices=[]; if you are using device 0 only, set CUDA_VISIBLE_DEVICES=0 or devices=[0].  To initialize all devices and suppress this warning, set the 'devices' keyword argument to `range(torch.cuda.device_count())`.
  warnings.warn(message)
Specified past encoders in `add_encoders` at model creation but model does not accept past covariates. past encoders will be ignored.
GPU available: True (cuda), used: True
TPU available: False, using: 0 TPU cores
HPU available: False, using: 0 HPUs
Initializing distributed: GLOBAL_RANK: 0, MEMBER: 1/1
----------------------------------------------------------------------------------------------------
distributed_backend=nccl
All distributed processes registered. Starting with 1 processes
----------------------------------------------------------------------------------------------------

LOCAL_RANK: 0 - CUDA_VISIBLE_DEVICES: [0,1,2,3]
SLURM auto-requeueing enabled. Setting signal handlers.
Metric val_loss improved. New best score: 0.641
Metric val_loss improved by 0.033 >= min_delta = 0.0. New best score: 0.608
Metric val_loss improved by 0.039 >= min_delta = 0.0. New best score: 0.569
Metric val_loss improved by 0.044 >= min_delta = 0.0. New best score: 0.524
Metric val_loss improved by 0.045 >= min_delta = 0.0. New best score: 0.479
Metric val_loss improved by 0.039 >= min_delta = 0.0. New best score: 0.440
Metric val_loss improved by 0.037 >= min_delta = 0.0. New best score: 0.403
Metric val_loss improved by 0.036 >= min_delta = 0.0. New best score: 0.367
Metric val_loss improved by 0.034 >= min_delta = 0.0. New best score: 0.333
Metric val_loss improved by 0.033 >= min_delta = 0.0. New best score: 0.301
Metric val_loss improved by 0.032 >= min_delta = 0.0. New best score: 0.269
Metric val_loss improved by 0.032 >= min_delta = 0.0. New best score: 0.237
Metric val_loss improved by 0.031 >= min_delta = 0.0. New best score: 0.206
Metric val_loss improved by 0.032 >= min_delta = 0.0. New best score: 0.174
Metric val_loss improved by 0.031 >= min_delta = 0.0. New best score: 0.143
Metric val_loss improved by 0.025 >= min_delta = 0.0. New best score: 0.118
Metric val_loss improved by 0.024 >= min_delta = 0.0. New best score: 0.094
Metric val_loss improved by 0.025 >= min_delta = 0.0. New best score: 0.069
Metric val_loss improved by 0.023 >= min_delta = 0.0. New best score: 0.046
Metric val_loss improved by 0.022 >= min_delta = 0.0. New best score: 0.024
Metric val_loss improved by 0.022 >= min_delta = 0.0. New best score: 0.003
Metric val_loss improved by 0.041 >= min_delta = 0.0. New best score: -0.038
Metric val_loss improved by 0.062 >= min_delta = 0.0. New best score: -0.100
Metric val_loss improved by 0.021 >= min_delta = 0.0. New best score: -0.121
Metric val_loss improved by 0.012 >= min_delta = 0.0. New best score: -0.134
Metric val_loss improved by 0.018 >= min_delta = 0.0. New best score: -0.152
Metric val_loss improved by 0.027 >= min_delta = 0.0. New best score: -0.178
Metric val_loss improved by 0.042 >= min_delta = 0.0. New best score: -0.221
Metric val_loss improved by 0.083 >= min_delta = 0.0. New best score: -0.304
Metric val_loss improved by 0.009 >= min_delta = 0.0. New best score: -0.313
Metric val_loss improved by 0.021 >= min_delta = 0.0. New best score: -0.334
Metric val_loss improved by 0.090 >= min_delta = 0.0. New best score: -0.423
Metric val_loss improved by 0.107 >= min_delta = 0.0. New best score: -0.531
Metric val_loss improved by 0.000 >= min_delta = 0.0. New best score: -0.531
Metric val_loss improved by 0.013 >= min_delta = 0.0. New best score: -0.544
Metric val_loss improved by 0.005 >= min_delta = 0.0. New best score: -0.549
Metric val_loss improved by 0.004 >= min_delta = 0.0. New best score: -0.553
Metric val_loss improved by 0.118 >= min_delta = 0.0. New best score: -0.671
Monitored metric val_loss did not improve in the last 60 records. Best score: -0.671. Signaling Trainer to stop.
GPU available: True (cuda), used: True
TPU available: False, using: 0 TPU cores
HPU available: False, using: 0 HPUs
LOCAL_RANK: 0 - CUDA_VISIBLE_DEVICES: [0,1,2,3]
SLURM auto-requeueing enabled. Setting signal handlers.
[I 2024-10-12 14:20:20,747] Trial 0 finished with value: 425.4556884765625 and parameters: {'n_layers': 1, 'input_chunk_length': 34, 'hidden_dim': 57, 'learning_rate': 5.413994638726308e-05, 'batch_size': 32, 'training_length': 365}. Best is trial 0 with value: 425.4556884765625.
Specified past encoders in `add_encoders` at model creation but model does not accept past covariates. past encoders will be ignored.
GPU available: True (cuda), used: True
TPU available: False, using: 0 TPU cores
HPU available: False, using: 0 HPUs
LOCAL_RANK: 0 - CUDA_VISIBLE_DEVICES: [0,1,2,3]
SLURM auto-requeueing enabled. Setting signal handlers.
/pfs/data5/home/tu/tu_tu/tu_zxoul27/micromamba/envs/power/lib/python3.12/site-packages/pytorch_lightning/loops/fit_loop.py:298: The number of training batches (14) is smaller than the logging interval Trainer(log_every_n_steps=20). Set a lower value for log_every_n_steps if you want to see logs for the training epoch.
Monitored metric val_loss did not improve in the last 61 records. Best score: -0.671. Signaling Trainer to stop.
GPU available: True (cuda), used: True
TPU available: False, using: 0 TPU cores
HPU available: False, using: 0 HPUs
LOCAL_RANK: 0 - CUDA_VISIBLE_DEVICES: [0,1,2,3]
SLURM auto-requeueing enabled. Setting signal handlers.
[I 2024-10-12 14:20:21,640] Trial 1 finished with value: 374.0963134765625 and parameters: {'n_layers': 1, 'input_chunk_length': 65, 'hidden_dim': 146, 'learning_rate': 7.080274878551031e-05, 'batch_size': 64, 'training_length': 426}. Best is trial 1 with value: 374.0963134765625.
Specified past encoders in `add_encoders` at model creation but model does not accept past covariates. past encoders will be ignored.
GPU available: True (cuda), used: True
TPU available: False, using: 0 TPU cores
HPU available: False, using: 0 HPUs
LOCAL_RANK: 0 - CUDA_VISIBLE_DEVICES: [0,1,2,3]
SLURM auto-requeueing enabled. Setting signal handlers.
Monitored metric val_loss did not improve in the last 62 records. Best score: -0.671. Signaling Trainer to stop.
GPU available: True (cuda), used: True
TPU available: False, using: 0 TPU cores
HPU available: False, using: 0 HPUs
LOCAL_RANK: 0 - CUDA_VISIBLE_DEVICES: [0,1,2,3]
SLURM auto-requeueing enabled. Setting signal handlers.
[I 2024-10-12 14:20:22,236] Trial 2 finished with value: 701.3267822265625 and parameters: {'n_layers': 1, 'input_chunk_length': 26, 'hidden_dim': 103, 'learning_rate': 4.816075322742919e-07, 'batch_size': 32, 'training_length': 62}. Best is trial 1 with value: 374.0963134765625.
Specified past encoders in `add_encoders` at model creation but model does not accept past covariates. past encoders will be ignored.
GPU available: True (cuda), used: True
TPU available: False, using: 0 TPU cores
HPU available: False, using: 0 HPUs
LOCAL_RANK: 0 - CUDA_VISIBLE_DEVICES: [0,1,2,3]
SLURM auto-requeueing enabled. Setting signal handlers.
Monitored metric val_loss did not improve in the last 63 records. Best score: -0.671. Signaling Trainer to stop.
GPU available: True (cuda), used: True
TPU available: False, using: 0 TPU cores
HPU available: False, using: 0 HPUs
LOCAL_RANK: 0 - CUDA_VISIBLE_DEVICES: [0,1,2,3]
SLURM auto-requeueing enabled. Setting signal handlers.
[I 2024-10-12 14:20:23,412] Trial 3 finished with value: 555.0691528320312 and parameters: {'n_layers': 2, 'dropout': 0.26469314057145316, 'input_chunk_length': 13, 'hidden_dim': 83, 'learning_rate': 7.53564857019233e-05, 'batch_size': 32, 'training_length': 389}. Best is trial 1 with value: 374.0963134765625.
Specified past encoders in `add_encoders` at model creation but model does not accept past covariates. past encoders will be ignored.
GPU available: True (cuda), used: True
TPU available: False, using: 0 TPU cores
HPU available: False, using: 0 HPUs
LOCAL_RANK: 0 - CUDA_VISIBLE_DEVICES: [0,1,2,3]
SLURM auto-requeueing enabled. Setting signal handlers.
/pfs/data5/home/tu/tu_tu/tu_zxoul27/micromamba/envs/power/lib/python3.12/site-packages/pytorch_lightning/loops/fit_loop.py:298: The number of training batches (14) is smaller than the logging interval Trainer(log_every_n_steps=20). Set a lower value for log_every_n_steps if you want to see logs for the training epoch.
Monitored metric val_loss did not improve in the last 64 records. Best score: -0.671. Signaling Trainer to stop.
GPU available: True (cuda), used: True
TPU available: False, using: 0 TPU cores
HPU available: False, using: 0 HPUs
LOCAL_RANK: 0 - CUDA_VISIBLE_DEVICES: [0,1,2,3]
SLURM auto-requeueing enabled. Setting signal handlers.
[I 2024-10-12 14:20:23,947] Trial 4 finished with value: 662.0313720703125 and parameters: {'n_layers': 1, 'input_chunk_length': 78, 'hidden_dim': 51, 'learning_rate': 1.4845851807669453e-06, 'batch_size': 64, 'training_length': 279}. Best is trial 1 with value: 374.0963134765625.
Specified past encoders in `add_encoders` at model creation but model does not accept past covariates. past encoders will be ignored.
GPU available: True (cuda), used: True
TPU available: False, using: 0 TPU cores
HPU available: False, using: 0 HPUs
LOCAL_RANK: 0 - CUDA_VISIBLE_DEVICES: [0,1,2,3]
SLURM auto-requeueing enabled. Setting signal handlers.
Monitored metric val_loss did not improve in the last 65 records. Best score: -0.671. Signaling Trainer to stop.
GPU available: True (cuda), used: True
TPU available: False, using: 0 TPU cores
HPU available: False, using: 0 HPUs
LOCAL_RANK: 0 - CUDA_VISIBLE_DEVICES: [0,1,2,3]
SLURM auto-requeueing enabled. Setting signal handlers.
[I 2024-10-12 14:20:24,786] Trial 5 finished with value: 373.1131896972656 and parameters: {'n_layers': 1, 'input_chunk_length': 69, 'hidden_dim': 161, 'learning_rate': 1.260209768433081e-06, 'batch_size': 32, 'training_length': 181}. Best is trial 5 with value: 373.1131896972656.
Specified past encoders in `add_encoders` at model creation but model does not accept past covariates. past encoders will be ignored.
GPU available: True (cuda), used: True
TPU available: False, using: 0 TPU cores
HPU available: False, using: 0 HPUs
LOCAL_RANK: 0 - CUDA_VISIBLE_DEVICES: [0,1,2,3]
SLURM auto-requeueing enabled. Setting signal handlers.
Monitored metric val_loss did not improve in the last 66 records. Best score: -0.671. Signaling Trainer to stop.
GPU available: True (cuda), used: True
TPU available: False, using: 0 TPU cores
HPU available: False, using: 0 HPUs
LOCAL_RANK: 0 - CUDA_VISIBLE_DEVICES: [0,1,2,3]
SLURM auto-requeueing enabled. Setting signal handlers.
[I 2024-10-12 14:20:25,537] Trial 6 finished with value: 500.6008605957031 and parameters: {'n_layers': 2, 'dropout': 0.20894438020508987, 'input_chunk_length': 75, 'hidden_dim': 53, 'learning_rate': 2.0665156240217105e-07, 'batch_size': 16, 'training_length': 250}. Best is trial 5 with value: 373.1131896972656.
Specified past encoders in `add_encoders` at model creation but model does not accept past covariates. past encoders will be ignored.
GPU available: True (cuda), used: True
TPU available: False, using: 0 TPU cores
HPU available: False, using: 0 HPUs
LOCAL_RANK: 0 - CUDA_VISIBLE_DEVICES: [0,1,2,3]
SLURM auto-requeueing enabled. Setting signal handlers.
Monitored metric val_loss did not improve in the last 67 records. Best score: -0.671. Signaling Trainer to stop.
GPU available: True (cuda), used: True
TPU available: False, using: 0 TPU cores
HPU available: False, using: 0 HPUs
LOCAL_RANK: 0 - CUDA_VISIBLE_DEVICES: [0,1,2,3]
SLURM auto-requeueing enabled. Setting signal handlers.
[I 2024-10-12 14:20:26,298] Trial 7 finished with value: 534.313720703125 and parameters: {'n_layers': 2, 'dropout': 0.06470052661018516, 'input_chunk_length': 78, 'hidden_dim': 90, 'learning_rate': 0.00056192699290771, 'batch_size': 16, 'training_length': 132}. Best is trial 5 with value: 373.1131896972656.
Specified past encoders in `add_encoders` at model creation but model does not accept past covariates. past encoders will be ignored.
GPU available: True (cuda), used: True
TPU available: False, using: 0 TPU cores
HPU available: False, using: 0 HPUs
LOCAL_RANK: 0 - CUDA_VISIBLE_DEVICES: [0,1,2,3]
SLURM auto-requeueing enabled. Setting signal handlers.
/pfs/data5/home/tu/tu_tu/tu_zxoul27/micromamba/envs/power/lib/python3.12/site-packages/pytorch_lightning/loops/fit_loop.py:298: The number of training batches (14) is smaller than the logging interval Trainer(log_every_n_steps=20). Set a lower value for log_every_n_steps if you want to see logs for the training epoch.
Monitored metric val_loss did not improve in the last 68 records. Best score: -0.671. Signaling Trainer to stop.
GPU available: True (cuda), used: True
TPU available: False, using: 0 TPU cores
HPU available: False, using: 0 HPUs
LOCAL_RANK: 0 - CUDA_VISIBLE_DEVICES: [0,1,2,3]
SLURM auto-requeueing enabled. Setting signal handlers.
[I 2024-10-12 14:20:26,835] Trial 8 finished with value: 527.81396484375 and parameters: {'n_layers': 1, 'input_chunk_length': 43, 'hidden_dim': 68, 'learning_rate': 5.526027879757461e-05, 'batch_size': 64, 'training_length': 254}. Best is trial 5 with value: 373.1131896972656.
Specified past encoders in `add_encoders` at model creation but model does not accept past covariates. past encoders will be ignored.
GPU available: True (cuda), used: True
TPU available: False, using: 0 TPU cores
HPU available: False, using: 0 HPUs
LOCAL_RANK: 0 - CUDA_VISIBLE_DEVICES: [0,1,2,3]
SLURM auto-requeueing enabled. Setting signal handlers.
Monitored metric val_loss did not improve in the last 69 records. Best score: -0.671. Signaling Trainer to stop.
GPU available: True (cuda), used: True
TPU available: False, using: 0 TPU cores
HPU available: False, using: 0 HPUs
LOCAL_RANK: 0 - CUDA_VISIBLE_DEVICES: [0,1,2,3]
SLURM auto-requeueing enabled. Setting signal handlers.
[I 2024-10-12 14:20:27,466] Trial 9 finished with value: 452.58795166015625 and parameters: {'n_layers': 2, 'dropout': 0.20321187070095342, 'input_chunk_length': 100, 'hidden_dim': 88, 'learning_rate': 3.2233123980030203e-07, 'batch_size': 32, 'training_length': 445}. Best is trial 5 with value: 373.1131896972656.
Specified past encoders in `add_encoders` at model creation but model does not accept past covariates. past encoders will be ignored.
GPU available: True (cuda), used: True
TPU available: False, using: 0 TPU cores
HPU available: False, using: 0 HPUs
LOCAL_RANK: 0 - CUDA_VISIBLE_DEVICES: [0,1,2,3]
SLURM auto-requeueing enabled. Setting signal handlers.
Monitored metric val_loss did not improve in the last 70 records. Best score: -0.671. Signaling Trainer to stop.
GPU available: True (cuda), used: True
TPU available: False, using: 0 TPU cores
HPU available: False, using: 0 HPUs
LOCAL_RANK: 0 - CUDA_VISIBLE_DEVICES: [0,1,2,3]
SLURM auto-requeueing enabled. Setting signal handlers.
[I 2024-10-12 14:20:28,649] Trial 10 finished with value: 561.6217041015625 and parameters: {'n_layers': 1, 'input_chunk_length': 53, 'hidden_dim': 193, 'learning_rate': 3.0064432263722926e-06, 'batch_size': 32, 'training_length': 163}. Best is trial 5 with value: 373.1131896972656.
Specified past encoders in `add_encoders` at model creation but model does not accept past covariates. past encoders will be ignored.
GPU available: True (cuda), used: True
TPU available: False, using: 0 TPU cores
HPU available: False, using: 0 HPUs
LOCAL_RANK: 0 - CUDA_VISIBLE_DEVICES: [0,1,2,3]
SLURM auto-requeueing enabled. Setting signal handlers.
/pfs/data5/home/tu/tu_tu/tu_zxoul27/micromamba/envs/power/lib/python3.12/site-packages/pytorch_lightning/loops/fit_loop.py:298: The number of training batches (14) is smaller than the logging interval Trainer(log_every_n_steps=20). Set a lower value for log_every_n_steps if you want to see logs for the training epoch.
Monitored metric val_loss did not improve in the last 71 records. Best score: -0.671. Signaling Trainer to stop.
GPU available: True (cuda), used: True
TPU available: False, using: 0 TPU cores
HPU available: False, using: 0 HPUs
LOCAL_RANK: 0 - CUDA_VISIBLE_DEVICES: [0,1,2,3]
SLURM auto-requeueing enabled. Setting signal handlers.
[I 2024-10-12 14:20:29,591] Trial 11 finished with value: 657.54150390625 and parameters: {'n_layers': 1, 'input_chunk_length': 64, 'hidden_dim': 157, 'learning_rate': 9.684886357881925e-06, 'batch_size': 64, 'training_length': 488}. Best is trial 5 with value: 373.1131896972656.
Specified past encoders in `add_encoders` at model creation but model does not accept past covariates. past encoders will be ignored.
GPU available: True (cuda), used: True
TPU available: False, using: 0 TPU cores
HPU available: False, using: 0 HPUs
LOCAL_RANK: 0 - CUDA_VISIBLE_DEVICES: [0,1,2,3]
SLURM auto-requeueing enabled. Setting signal handlers.
/pfs/data5/home/tu/tu_tu/tu_zxoul27/micromamba/envs/power/lib/python3.12/site-packages/pytorch_lightning/loops/fit_loop.py:298: The number of training batches (14) is smaller than the logging interval Trainer(log_every_n_steps=20). Set a lower value for log_every_n_steps if you want to see logs for the training epoch.
Monitored metric val_loss did not improve in the last 72 records. Best score: -0.671. Signaling Trainer to stop.
GPU available: True (cuda), used: True
TPU available: False, using: 0 TPU cores
HPU available: False, using: 0 HPUs
LOCAL_RANK: 0 - CUDA_VISIBLE_DEVICES: [0,1,2,3]
SLURM auto-requeueing enabled. Setting signal handlers.
[I 2024-10-12 14:20:30,413] Trial 12 finished with value: 644.2725830078125 and parameters: {'n_layers': 1, 'input_chunk_length': 95, 'hidden_dim': 145, 'learning_rate': 0.0008769845522568378, 'batch_size': 64, 'training_length': 337}. Best is trial 5 with value: 373.1131896972656.
Specified past encoders in `add_encoders` at model creation but model does not accept past covariates. past encoders will be ignored.
GPU available: True (cuda), used: True
TPU available: False, using: 0 TPU cores
HPU available: False, using: 0 HPUs
LOCAL_RANK: 0 - CUDA_VISIBLE_DEVICES: [0,1,2,3]
SLURM auto-requeueing enabled. Setting signal handlers.
/pfs/data5/home/tu/tu_tu/tu_zxoul27/micromamba/envs/power/lib/python3.12/site-packages/pytorch_lightning/loops/fit_loop.py:298: The number of training batches (15) is smaller than the logging interval Trainer(log_every_n_steps=20). Set a lower value for log_every_n_steps if you want to see logs for the training epoch.
Monitored metric val_loss did not improve in the last 73 records. Best score: -0.671. Signaling Trainer to stop.
GPU available: True (cuda), used: True
TPU available: False, using: 0 TPU cores
HPU available: False, using: 0 HPUs
LOCAL_RANK: 0 - CUDA_VISIBLE_DEVICES: [0,1,2,3]
SLURM auto-requeueing enabled. Setting signal handlers.
[I 2024-10-12 14:20:31,174] Trial 13 finished with value: 562.404541015625 and parameters: {'n_layers': 1, 'input_chunk_length': 63, 'hidden_dim': 175, 'learning_rate': 8.080267656825974e-06, 'batch_size': 64, 'training_length': 176}. Best is trial 5 with value: 373.1131896972656.
Specified past encoders in `add_encoders` at model creation but model does not accept past covariates. past encoders will be ignored.
GPU available: True (cuda), used: True
TPU available: False, using: 0 TPU cores
HPU available: False, using: 0 HPUs
LOCAL_RANK: 0 - CUDA_VISIBLE_DEVICES: [0,1,2,3]
SLURM auto-requeueing enabled. Setting signal handlers.
Monitored metric val_loss did not improve in the last 74 records. Best score: -0.671. Signaling Trainer to stop.
GPU available: True (cuda), used: True
TPU available: False, using: 0 TPU cores
HPU available: False, using: 0 HPUs
LOCAL_RANK: 0 - CUDA_VISIBLE_DEVICES: [0,1,2,3]
SLURM auto-requeueing enabled. Setting signal handlers.
[I 2024-10-12 14:20:31,931] Trial 14 finished with value: 617.24462890625 and parameters: {'n_layers': 1, 'input_chunk_length': 52, 'hidden_dim': 126, 'learning_rate': 0.00013771545961640226, 'batch_size': 16, 'training_length': 214}. Best is trial 5 with value: 373.1131896972656.
Specified past encoders in `add_encoders` at model creation but model does not accept past covariates. past encoders will be ignored.
GPU available: True (cuda), used: True
TPU available: False, using: 0 TPU cores
HPU available: False, using: 0 HPUs
LOCAL_RANK: 0 - CUDA_VISIBLE_DEVICES: [0,1,2,3]
SLURM auto-requeueing enabled. Setting signal handlers.
Monitored metric val_loss did not improve in the last 75 records. Best score: -0.671. Signaling Trainer to stop.
GPU available: True (cuda), used: True
TPU available: False, using: 0 TPU cores
HPU available: False, using: 0 HPUs
LOCAL_RANK: 0 - CUDA_VISIBLE_DEVICES: [0,1,2,3]
SLURM auto-requeueing enabled. Setting signal handlers.
