GpuFreq=control_disabled
[I 2024-10-13 14:22:01,974] A new study created in memory with name: no-name-aea1c699-bc38-4d48-8e4f-f64305c85524
/pfs/data5/home/tu/tu_tu/tu_zxoul27/micromamba/envs/power/lib/python3.12/site-packages/torch/random.py:167: UserWarning: CUDA reports that you have 4 available devices, and you have used fork_rng without explicitly specifying which devices are being used. For safety, we initialize *every* CUDA device by default, which can be quite slow if you have a lot of CUDAs. If you know that you are only making use of a few CUDA devices, set the environment variable CUDA_VISIBLE_DEVICES or the 'devices' keyword argument of fork_rng with the set of devices you are actually using. For example, if you are using CPU only, set device.upper()_VISIBLE_DEVICES= or devices=[]; if you are using device 0 only, set CUDA_VISIBLE_DEVICES=0 or devices=[0].  To initialize all devices and suppress this warning, set the 'devices' keyword argument to `range(torch.cuda.device_count())`.
  warnings.warn(message)
Specified past encoders in `add_encoders` at model creation but model does not accept past covariates. past encoders will be ignored.
GPU available: True (cuda), used: True
TPU available: False, using: 0 TPU cores
HPU available: False, using: 0 HPUs
Initializing distributed: GLOBAL_RANK: 0, MEMBER: 1/1
----------------------------------------------------------------------------------------------------
distributed_backend=nccl
All distributed processes registered. Starting with 1 processes
----------------------------------------------------------------------------------------------------

LOCAL_RANK: 0 - CUDA_VISIBLE_DEVICES: [0,1,2,3]
SLURM auto-requeueing enabled. Setting signal handlers.
Metric val_loss improved. New best score: 0.719
Metric val_loss improved by 0.005 >= min_delta = 0.0. New best score: 0.714
Metric val_loss improved by 0.005 >= min_delta = 0.0. New best score: 0.709
Metric val_loss improved by 0.005 >= min_delta = 0.0. New best score: 0.705
Metric val_loss improved by 0.005 >= min_delta = 0.0. New best score: 0.700
Metric val_loss improved by 0.005 >= min_delta = 0.0. New best score: 0.695
Metric val_loss improved by 0.005 >= min_delta = 0.0. New best score: 0.690
Metric val_loss improved by 0.005 >= min_delta = 0.0. New best score: 0.685
Metric val_loss improved by 0.005 >= min_delta = 0.0. New best score: 0.681
Metric val_loss improved by 0.005 >= min_delta = 0.0. New best score: 0.676
Metric val_loss improved by 0.005 >= min_delta = 0.0. New best score: 0.670
Metric val_loss improved by 0.006 >= min_delta = 0.0. New best score: 0.665
Metric val_loss improved by 0.006 >= min_delta = 0.0. New best score: 0.659
Metric val_loss improved by 0.006 >= min_delta = 0.0. New best score: 0.653
Metric val_loss improved by 0.006 >= min_delta = 0.0. New best score: 0.646
Metric val_loss improved by 0.007 >= min_delta = 0.0. New best score: 0.640
Metric val_loss improved by 0.007 >= min_delta = 0.0. New best score: 0.633
Metric val_loss improved by 0.007 >= min_delta = 0.0. New best score: 0.627
Metric val_loss improved by 0.006 >= min_delta = 0.0. New best score: 0.621
Metric val_loss improved by 0.005 >= min_delta = 0.0. New best score: 0.616
Metric val_loss improved by 0.003 >= min_delta = 0.0. New best score: 0.612
Metric val_loss improved by 0.003 >= min_delta = 0.0. New best score: 0.609
Metric val_loss improved by 0.003 >= min_delta = 0.0. New best score: 0.607
Metric val_loss improved by 0.003 >= min_delta = 0.0. New best score: 0.604
Metric val_loss improved by 0.003 >= min_delta = 0.0. New best score: 0.602
Metric val_loss improved by 0.003 >= min_delta = 0.0. New best score: 0.599
Metric val_loss improved by 0.003 >= min_delta = 0.0. New best score: 0.596
Metric val_loss improved by 0.003 >= min_delta = 0.0. New best score: 0.593
Metric val_loss improved by 0.003 >= min_delta = 0.0. New best score: 0.590
Metric val_loss improved by 0.003 >= min_delta = 0.0. New best score: 0.587
`Trainer.fit` stopped: `max_epochs=30` reached.
GPU available: True (cuda), used: True
TPU available: False, using: 0 TPU cores
HPU available: False, using: 0 HPUs
LOCAL_RANK: 0 - CUDA_VISIBLE_DEVICES: [0,1,2,3]
SLURM auto-requeueing enabled. Setting signal handlers.
[I 2024-10-13 14:22:10,950] Trial 0 finished with value: 72.23826599121094 and parameters: {'n_layers': 1, 'input_chunk_length': 16, 'hidden_dim': 69, 'learning_rate': 3.18397264242194e-06, 'batch_size': 32, 'training_length': 446}. Best is trial 0 with value: 72.23826599121094.
Specified past encoders in `add_encoders` at model creation but model does not accept past covariates. past encoders will be ignored.
GPU available: True (cuda), used: True
TPU available: False, using: 0 TPU cores
HPU available: False, using: 0 HPUs
LOCAL_RANK: 0 - CUDA_VISIBLE_DEVICES: [0,1,2,3]
SLURM auto-requeueing enabled. Setting signal handlers.
Metric val_loss improved by 0.008 >= min_delta = 0.0. New best score: 0.579
Metric val_loss improved by 0.105 >= min_delta = 0.0. New best score: 0.475
Metric val_loss improved by 0.120 >= min_delta = 0.0. New best score: 0.355
Metric val_loss improved by 0.135 >= min_delta = 0.0. New best score: 0.220
Metric val_loss improved by 0.129 >= min_delta = 0.0. New best score: 0.091
Metric val_loss improved by 0.085 >= min_delta = 0.0. New best score: 0.007
Metric val_loss improved by 0.007 >= min_delta = 0.0. New best score: 0.000
Metric val_loss improved by 0.013 >= min_delta = 0.0. New best score: -0.013
Metric val_loss improved by 0.004 >= min_delta = 0.0. New best score: -0.017
Metric val_loss improved by 0.012 >= min_delta = 0.0. New best score: -0.029
Metric val_loss improved by 0.000 >= min_delta = 0.0. New best score: -0.029
Metric val_loss improved by 0.009 >= min_delta = 0.0. New best score: -0.038
Metric val_loss improved by 0.003 >= min_delta = 0.0. New best score: -0.042
`Trainer.fit` stopped: `max_epochs=30` reached.
GPU available: True (cuda), used: True
TPU available: False, using: 0 TPU cores
HPU available: False, using: 0 HPUs
LOCAL_RANK: 0 - CUDA_VISIBLE_DEVICES: [0,1,2,3]
SLURM auto-requeueing enabled. Setting signal handlers.
[I 2024-10-13 14:22:51,712] Trial 1 finished with value: 84.28768920898438 and parameters: {'n_layers': 2, 'dropout': 0.28017569836112866, 'input_chunk_length': 64, 'hidden_dim': 142, 'learning_rate': 1.8976490613965604e-05, 'batch_size': 32, 'training_length': 472}. Best is trial 0 with value: 72.23826599121094.
Specified past encoders in `add_encoders` at model creation but model does not accept past covariates. past encoders will be ignored.
GPU available: True (cuda), used: True
TPU available: False, using: 0 TPU cores
HPU available: False, using: 0 HPUs
LOCAL_RANK: 0 - CUDA_VISIBLE_DEVICES: [0,1,2,3]
SLURM auto-requeueing enabled. Setting signal handlers.
Metric val_loss improved by 0.018 >= min_delta = 0.0. New best score: -0.060
Metric val_loss improved by 0.017 >= min_delta = 0.0. New best score: -0.077
Metric val_loss improved by 0.009 >= min_delta = 0.0. New best score: -0.086
Metric val_loss improved by 0.006 >= min_delta = 0.0. New best score: -0.092
Metric val_loss improved by 0.007 >= min_delta = 0.0. New best score: -0.099
`Trainer.fit` stopped: `max_epochs=30` reached.
GPU available: True (cuda), used: True
TPU available: False, using: 0 TPU cores
HPU available: False, using: 0 HPUs
LOCAL_RANK: 0 - CUDA_VISIBLE_DEVICES: [0,1,2,3]
SLURM auto-requeueing enabled. Setting signal handlers.
[I 2024-10-13 14:23:20,882] Trial 2 finished with value: 72.6993637084961 and parameters: {'n_layers': 1, 'input_chunk_length': 39, 'hidden_dim': 172, 'learning_rate': 0.0001158875821310423, 'batch_size': 16, 'training_length': 301}. Best is trial 0 with value: 72.23826599121094.
Specified past encoders in `add_encoders` at model creation but model does not accept past covariates. past encoders will be ignored.
GPU available: True (cuda), used: True
TPU available: False, using: 0 TPU cores
HPU available: False, using: 0 HPUs
LOCAL_RANK: 0 - CUDA_VISIBLE_DEVICES: [0,1,2,3]
SLURM auto-requeueing enabled. Setting signal handlers.
`Trainer.fit` stopped: `max_epochs=30` reached.
GPU available: True (cuda), used: True
TPU available: False, using: 0 TPU cores
HPU available: False, using: 0 HPUs
LOCAL_RANK: 0 - CUDA_VISIBLE_DEVICES: [0,1,2,3]
SLURM auto-requeueing enabled. Setting signal handlers.
[I 2024-10-13 14:23:36,862] Trial 3 finished with value: 82.97881317138672 and parameters: {'n_layers': 2, 'dropout': 0.483839191140137, 'input_chunk_length': 21, 'hidden_dim': 123, 'learning_rate': 3.4128753545347447e-06, 'batch_size': 16, 'training_length': 261}. Best is trial 0 with value: 72.23826599121094.
Specified past encoders in `add_encoders` at model creation but model does not accept past covariates. past encoders will be ignored.
GPU available: True (cuda), used: True
TPU available: False, using: 0 TPU cores
HPU available: False, using: 0 HPUs
LOCAL_RANK: 0 - CUDA_VISIBLE_DEVICES: [0,1,2,3]
SLURM auto-requeueing enabled. Setting signal handlers.
Monitored metric val_loss did not improve in the last 60 records. Best score: -0.099. Signaling Trainer to stop.
GPU available: True (cuda), used: True
TPU available: False, using: 0 TPU cores
HPU available: False, using: 0 HPUs
LOCAL_RANK: 0 - CUDA_VISIBLE_DEVICES: [0,1,2,3]
SLURM auto-requeueing enabled. Setting signal handlers.
[I 2024-10-13 14:24:04,906] Trial 4 finished with value: 76.87323760986328 and parameters: {'n_layers': 2, 'dropout': 0.3956970043282771, 'input_chunk_length': 11, 'hidden_dim': 182, 'learning_rate': 1.3100952826279508e-06, 'batch_size': 16, 'training_length': 347}. Best is trial 0 with value: 72.23826599121094.
Specified past encoders in `add_encoders` at model creation but model does not accept past covariates. past encoders will be ignored.
GPU available: True (cuda), used: True
TPU available: False, using: 0 TPU cores
HPU available: False, using: 0 HPUs
LOCAL_RANK: 0 - CUDA_VISIBLE_DEVICES: [0,1,2,3]
SLURM auto-requeueing enabled. Setting signal handlers.
/pfs/data5/home/tu/tu_tu/tu_zxoul27/micromamba/envs/power/lib/python3.12/site-packages/pytorch_lightning/loops/fit_loop.py:298: The number of training batches (14) is smaller than the logging interval Trainer(log_every_n_steps=20). Set a lower value for log_every_n_steps if you want to see logs for the training epoch.
Monitored metric val_loss did not improve in the last 61 records. Best score: -0.099. Signaling Trainer to stop.
GPU available: True (cuda), used: True
TPU available: False, using: 0 TPU cores
HPU available: False, using: 0 HPUs
LOCAL_RANK: 0 - CUDA_VISIBLE_DEVICES: [0,1,2,3]
SLURM auto-requeueing enabled. Setting signal handlers.
[I 2024-10-13 14:24:05,460] Trial 5 finished with value: 82.23014831542969 and parameters: {'n_layers': 2, 'dropout': 0.04401883370802562, 'input_chunk_length': 67, 'hidden_dim': 79, 'learning_rate': 2.7447307103235682e-06, 'batch_size': 64, 'training_length': 451}. Best is trial 0 with value: 72.23826599121094.
Specified past encoders in `add_encoders` at model creation but model does not accept past covariates. past encoders will be ignored.
GPU available: True (cuda), used: True
TPU available: False, using: 0 TPU cores
HPU available: False, using: 0 HPUs
LOCAL_RANK: 0 - CUDA_VISIBLE_DEVICES: [0,1,2,3]
SLURM auto-requeueing enabled. Setting signal handlers.
/pfs/data5/home/tu/tu_tu/tu_zxoul27/micromamba/envs/power/lib/python3.12/site-packages/pytorch_lightning/loops/fit_loop.py:298: The number of training batches (15) is smaller than the logging interval Trainer(log_every_n_steps=20). Set a lower value for log_every_n_steps if you want to see logs for the training epoch.
Monitored metric val_loss did not improve in the last 62 records. Best score: -0.099. Signaling Trainer to stop.
GPU available: True (cuda), used: True
TPU available: False, using: 0 TPU cores
HPU available: False, using: 0 HPUs
LOCAL_RANK: 0 - CUDA_VISIBLE_DEVICES: [0,1,2,3]
SLURM auto-requeueing enabled. Setting signal handlers.
[I 2024-10-13 14:24:06,001] Trial 6 finished with value: 77.94486236572266 and parameters: {'n_layers': 2, 'dropout': 0.4522145534997628, 'input_chunk_length': 57, 'hidden_dim': 60, 'learning_rate': 6.8995606360812295e-06, 'batch_size': 64, 'training_length': 197}. Best is trial 0 with value: 72.23826599121094.
Specified past encoders in `add_encoders` at model creation but model does not accept past covariates. past encoders will be ignored.
GPU available: True (cuda), used: True
TPU available: False, using: 0 TPU cores
HPU available: False, using: 0 HPUs
LOCAL_RANK: 0 - CUDA_VISIBLE_DEVICES: [0,1,2,3]
SLURM auto-requeueing enabled. Setting signal handlers.
Monitored metric val_loss did not improve in the last 63 records. Best score: -0.099. Signaling Trainer to stop.
GPU available: True (cuda), used: True
TPU available: False, using: 0 TPU cores
HPU available: False, using: 0 HPUs
LOCAL_RANK: 0 - CUDA_VISIBLE_DEVICES: [0,1,2,3]
SLURM auto-requeueing enabled. Setting signal handlers.
[I 2024-10-13 14:24:06,691] Trial 7 finished with value: 110.6598129272461 and parameters: {'n_layers': 1, 'input_chunk_length': 70, 'hidden_dim': 66, 'learning_rate': 5.1393568026333815e-05, 'batch_size': 16, 'training_length': 179}. Best is trial 0 with value: 72.23826599121094.
Specified past encoders in `add_encoders` at model creation but model does not accept past covariates. past encoders will be ignored.
GPU available: True (cuda), used: True
TPU available: False, using: 0 TPU cores
HPU available: False, using: 0 HPUs
LOCAL_RANK: 0 - CUDA_VISIBLE_DEVICES: [0,1,2,3]
SLURM auto-requeueing enabled. Setting signal handlers.
Monitored metric val_loss did not improve in the last 64 records. Best score: -0.099. Signaling Trainer to stop.
GPU available: True (cuda), used: True
TPU available: False, using: 0 TPU cores
HPU available: False, using: 0 HPUs
LOCAL_RANK: 0 - CUDA_VISIBLE_DEVICES: [0,1,2,3]
SLURM auto-requeueing enabled. Setting signal handlers.
[I 2024-10-13 14:24:08,025] Trial 8 finished with value: 80.77474975585938 and parameters: {'n_layers': 2, 'dropout': 0.14814850620280096, 'input_chunk_length': 55, 'hidden_dim': 188, 'learning_rate': 1.0606635986882695e-05, 'batch_size': 32, 'training_length': 203}. Best is trial 0 with value: 72.23826599121094.
Specified past encoders in `add_encoders` at model creation but model does not accept past covariates. past encoders will be ignored.
GPU available: True (cuda), used: True
TPU available: False, using: 0 TPU cores
HPU available: False, using: 0 HPUs
LOCAL_RANK: 0 - CUDA_VISIBLE_DEVICES: [0,1,2,3]
SLURM auto-requeueing enabled. Setting signal handlers.
/pfs/data5/home/tu/tu_tu/tu_zxoul27/micromamba/envs/power/lib/python3.12/site-packages/pytorch_lightning/loops/fit_loop.py:298: The number of training batches (15) is smaller than the logging interval Trainer(log_every_n_steps=20). Set a lower value for log_every_n_steps if you want to see logs for the training epoch.
Monitored metric val_loss did not improve in the last 65 records. Best score: -0.099. Signaling Trainer to stop.
GPU available: True (cuda), used: True
TPU available: False, using: 0 TPU cores
HPU available: False, using: 0 HPUs
LOCAL_RANK: 0 - CUDA_VISIBLE_DEVICES: [0,1,2,3]
SLURM auto-requeueing enabled. Setting signal handlers.
[I 2024-10-13 14:24:08,644] Trial 9 finished with value: 91.13141632080078 and parameters: {'n_layers': 1, 'input_chunk_length': 15, 'hidden_dim': 193, 'learning_rate': 8.986851580089999e-05, 'batch_size': 64, 'training_length': 122}. Best is trial 0 with value: 72.23826599121094.
Specified past encoders in `add_encoders` at model creation but model does not accept past covariates. past encoders will be ignored.
GPU available: True (cuda), used: True
TPU available: False, using: 0 TPU cores
HPU available: False, using: 0 HPUs
LOCAL_RANK: 0 - CUDA_VISIBLE_DEVICES: [0,1,2,3]
SLURM auto-requeueing enabled. Setting signal handlers.
Monitored metric val_loss did not improve in the last 66 records. Best score: -0.099. Signaling Trainer to stop.
GPU available: True (cuda), used: True
TPU available: False, using: 0 TPU cores
HPU available: False, using: 0 HPUs
LOCAL_RANK: 0 - CUDA_VISIBLE_DEVICES: [0,1,2,3]
SLURM auto-requeueing enabled. Setting signal handlers.
[I 2024-10-13 14:24:09,238] Trial 10 finished with value: 97.49308776855469 and parameters: {'n_layers': 1, 'input_chunk_length': 37, 'hidden_dim': 93, 'learning_rate': 2.0146193629239425e-07, 'batch_size': 32, 'training_length': 392}. Best is trial 0 with value: 72.23826599121094.
Specified past encoders in `add_encoders` at model creation but model does not accept past covariates. past encoders will be ignored.
GPU available: True (cuda), used: True
TPU available: False, using: 0 TPU cores
HPU available: False, using: 0 HPUs
LOCAL_RANK: 0 - CUDA_VISIBLE_DEVICES: [0,1,2,3]
SLURM auto-requeueing enabled. Setting signal handlers.
Monitored metric val_loss did not improve in the last 67 records. Best score: -0.099. Signaling Trainer to stop.
GPU available: True (cuda), used: True
TPU available: False, using: 0 TPU cores
HPU available: False, using: 0 HPUs
LOCAL_RANK: 0 - CUDA_VISIBLE_DEVICES: [0,1,2,3]
SLURM auto-requeueing enabled. Setting signal handlers.
[I 2024-10-13 14:24:10,358] Trial 11 finished with value: 98.49369049072266 and parameters: {'n_layers': 1, 'input_chunk_length': 92, 'hidden_dim': 137, 'learning_rate': 0.0006781216459935454, 'batch_size': 16, 'training_length': 312}. Best is trial 0 with value: 72.23826599121094.
Specified past encoders in `add_encoders` at model creation but model does not accept past covariates. past encoders will be ignored.
GPU available: True (cuda), used: True
TPU available: False, using: 0 TPU cores
HPU available: False, using: 0 HPUs
LOCAL_RANK: 0 - CUDA_VISIBLE_DEVICES: [0,1,2,3]
SLURM auto-requeueing enabled. Setting signal handlers.
Monitored metric val_loss did not improve in the last 68 records. Best score: -0.099. Signaling Trainer to stop.
GPU available: True (cuda), used: True
TPU available: False, using: 0 TPU cores
HPU available: False, using: 0 HPUs
LOCAL_RANK: 0 - CUDA_VISIBLE_DEVICES: [0,1,2,3]
SLURM auto-requeueing enabled. Setting signal handlers.
[I 2024-10-13 14:24:11,456] Trial 12 finished with value: 103.47998809814453 and parameters: {'n_layers': 1, 'input_chunk_length': 33, 'hidden_dim': 163, 'learning_rate': 0.000325617775309527, 'batch_size': 32, 'training_length': 412}. Best is trial 0 with value: 72.23826599121094.
Specified past encoders in `add_encoders` at model creation but model does not accept past covariates. past encoders will be ignored.
GPU available: True (cuda), used: True
TPU available: False, using: 0 TPU cores
HPU available: False, using: 0 HPUs
LOCAL_RANK: 0 - CUDA_VISIBLE_DEVICES: [0,1,2,3]
SLURM auto-requeueing enabled. Setting signal handlers.
Monitored metric val_loss did not improve in the last 69 records. Best score: -0.099. Signaling Trainer to stop.
GPU available: True (cuda), used: True
TPU available: False, using: 0 TPU cores
HPU available: False, using: 0 HPUs
LOCAL_RANK: 0 - CUDA_VISIBLE_DEVICES: [0,1,2,3]
SLURM auto-requeueing enabled. Setting signal handlers.
[I 2024-10-13 14:24:12,099] Trial 13 finished with value: 74.08219909667969 and parameters: {'n_layers': 1, 'input_chunk_length': 37, 'hidden_dim': 108, 'learning_rate': 5.480029856886479e-07, 'batch_size': 32, 'training_length': 496}. Best is trial 0 with value: 72.23826599121094.
Specified past encoders in `add_encoders` at model creation but model does not accept past covariates. past encoders will be ignored.
GPU available: True (cuda), used: True
TPU available: False, using: 0 TPU cores
HPU available: False, using: 0 HPUs
LOCAL_RANK: 0 - CUDA_VISIBLE_DEVICES: [0,1,2,3]
SLURM auto-requeueing enabled. Setting signal handlers.
Monitored metric val_loss did not improve in the last 70 records. Best score: -0.099. Signaling Trainer to stop.
GPU available: True (cuda), used: True
TPU available: False, using: 0 TPU cores
HPU available: False, using: 0 HPUs
LOCAL_RANK: 0 - CUDA_VISIBLE_DEVICES: [0,1,2,3]
SLURM auto-requeueing enabled. Setting signal handlers.
[I 2024-10-13 14:24:13,363] Trial 14 finished with value: 104.6624526977539 and parameters: {'n_layers': 1, 'input_chunk_length': 27, 'hidden_dim': 163, 'learning_rate': 0.00011035786265875013, 'batch_size': 16, 'training_length': 289}. Best is trial 0 with value: 72.23826599121094.
Specified past encoders in `add_encoders` at model creation but model does not accept past covariates. past encoders will be ignored.
GPU available: True (cuda), used: True
TPU available: False, using: 0 TPU cores
HPU available: False, using: 0 HPUs
LOCAL_RANK: 0 - CUDA_VISIBLE_DEVICES: [0,1,2,3]
SLURM auto-requeueing enabled. Setting signal handlers.
Monitored metric val_loss did not improve in the last 71 records. Best score: -0.099. Signaling Trainer to stop.
GPU available: True (cuda), used: True
TPU available: False, using: 0 TPU cores
HPU available: False, using: 0 HPUs
LOCAL_RANK: 0 - CUDA_VISIBLE_DEVICES: [0,1,2,3]
SLURM auto-requeueing enabled. Setting signal handlers.
