[I 2024-10-13 12:09:23,364] Trial 721 finished with value: 35.087039947509766 and parameters: {'n_layers': 1, 'input_chunk_length': 59, 'hidden_dim': 74, 'learning_rate': 5.0749970691107275e-06, 'batch_size': 16, 'training_length': 387}. Best is trial 716 with value: 21.767297744750977.
Specified past encoders in `add_encoders` at model creation but model does not accept past covariates. past encoders will be ignored.
GPU available: True (cuda), used: True
TPU available: False, using: 0 TPU cores
HPU available: False, using: 0 HPUs
LOCAL_RANK: 0 - CUDA_VISIBLE_DEVICES: [0,1,2,3]
SLURM auto-requeueing enabled. Setting signal handlers.
Monitored metric val_loss did not improve in the last 780 records. Best score: -0.648. Signaling Trainer to stop.
GPU available: True (cuda), used: True
TPU available: False, using: 0 TPU cores
HPU available: False, using: 0 HPUs
LOCAL_RANK: 0 - CUDA_VISIBLE_DEVICES: [0,1,2,3]
SLURM auto-requeueing enabled. Setting signal handlers.
[I 2024-10-13 12:09:24,092] Trial 722 finished with value: 37.370635986328125 and parameters: {'n_layers': 1, 'input_chunk_length': 61, 'hidden_dim': 61, 'learning_rate': 3.0112280490967723e-06, 'batch_size': 16, 'training_length': 423}. Best is trial 716 with value: 21.767297744750977.
Specified past encoders in `add_encoders` at model creation but model does not accept past covariates. past encoders will be ignored.
GPU available: True (cuda), used: True
TPU available: False, using: 0 TPU cores
HPU available: False, using: 0 HPUs
LOCAL_RANK: 0 - CUDA_VISIBLE_DEVICES: [0,1,2,3]
SLURM auto-requeueing enabled. Setting signal handlers.
Monitored metric val_loss did not improve in the last 781 records. Best score: -0.648. Signaling Trainer to stop.
GPU available: True (cuda), used: True
TPU available: False, using: 0 TPU cores
HPU available: False, using: 0 HPUs
LOCAL_RANK: 0 - CUDA_VISIBLE_DEVICES: [0,1,2,3]
SLURM auto-requeueing enabled. Setting signal handlers.
[I 2024-10-13 12:09:24,816] Trial 723 finished with value: 31.114818572998047 and parameters: {'n_layers': 1, 'input_chunk_length': 63, 'hidden_dim': 62, 'learning_rate': 1.7025386043231925e-06, 'batch_size': 16, 'training_length': 425}. Best is trial 716 with value: 21.767297744750977.
Specified past encoders in `add_encoders` at model creation but model does not accept past covariates. past encoders will be ignored.
GPU available: True (cuda), used: True
TPU available: False, using: 0 TPU cores
HPU available: False, using: 0 HPUs
LOCAL_RANK: 0 - CUDA_VISIBLE_DEVICES: [0,1,2,3]
SLURM auto-requeueing enabled. Setting signal handlers.
Monitored metric val_loss did not improve in the last 782 records. Best score: -0.648. Signaling Trainer to stop.
GPU available: True (cuda), used: True
TPU available: False, using: 0 TPU cores
HPU available: False, using: 0 HPUs
LOCAL_RANK: 0 - CUDA_VISIBLE_DEVICES: [0,1,2,3]
SLURM auto-requeueing enabled. Setting signal handlers.
[I 2024-10-13 12:09:25,554] Trial 724 finished with value: 37.47867202758789 and parameters: {'n_layers': 1, 'input_chunk_length': 59, 'hidden_dim': 66, 'learning_rate': 3.6062095362527734e-06, 'batch_size': 16, 'training_length': 260}. Best is trial 716 with value: 21.767297744750977.
Specified past encoders in `add_encoders` at model creation but model does not accept past covariates. past encoders will be ignored.
GPU available: True (cuda), used: True
TPU available: False, using: 0 TPU cores
HPU available: False, using: 0 HPUs
LOCAL_RANK: 0 - CUDA_VISIBLE_DEVICES: [0,1,2,3]
SLURM auto-requeueing enabled. Setting signal handlers.
Monitored metric val_loss did not improve in the last 783 records. Best score: -0.648. Signaling Trainer to stop.
GPU available: True (cuda), used: True
TPU available: False, using: 0 TPU cores
HPU available: False, using: 0 HPUs
LOCAL_RANK: 0 - CUDA_VISIBLE_DEVICES: [0,1,2,3]
SLURM auto-requeueing enabled. Setting signal handlers.
[I 2024-10-13 12:09:26,279] Trial 725 finished with value: 32.3608283996582 and parameters: {'n_layers': 1, 'input_chunk_length': 60, 'hidden_dim': 60, 'learning_rate': 2.1876717836594233e-06, 'batch_size': 16, 'training_length': 417}. Best is trial 716 with value: 21.767297744750977.
Specified past encoders in `add_encoders` at model creation but model does not accept past covariates. past encoders will be ignored.
GPU available: True (cuda), used: True
TPU available: False, using: 0 TPU cores
HPU available: False, using: 0 HPUs
LOCAL_RANK: 0 - CUDA_VISIBLE_DEVICES: [0,1,2,3]
SLURM auto-requeueing enabled. Setting signal handlers.
Monitored metric val_loss did not improve in the last 784 records. Best score: -0.648. Signaling Trainer to stop.
GPU available: True (cuda), used: True
TPU available: False, using: 0 TPU cores
HPU available: False, using: 0 HPUs
LOCAL_RANK: 0 - CUDA_VISIBLE_DEVICES: [0,1,2,3]
SLURM auto-requeueing enabled. Setting signal handlers.
[I 2024-10-13 12:09:26,897] Trial 726 finished with value: 37.47881317138672 and parameters: {'n_layers': 1, 'input_chunk_length': 62, 'hidden_dim': 66, 'learning_rate': 4.5678200819827226e-06, 'batch_size': 32, 'training_length': 397}. Best is trial 716 with value: 21.767297744750977.
Specified past encoders in `add_encoders` at model creation but model does not accept past covariates. past encoders will be ignored.
GPU available: True (cuda), used: True
TPU available: False, using: 0 TPU cores
HPU available: False, using: 0 HPUs
LOCAL_RANK: 0 - CUDA_VISIBLE_DEVICES: [0,1,2,3]
SLURM auto-requeueing enabled. Setting signal handlers.
Monitored metric val_loss did not improve in the last 785 records. Best score: -0.648. Signaling Trainer to stop.
GPU available: True (cuda), used: True
TPU available: False, using: 0 TPU cores
HPU available: False, using: 0 HPUs
LOCAL_RANK: 0 - CUDA_VISIBLE_DEVICES: [0,1,2,3]
SLURM auto-requeueing enabled. Setting signal handlers.
[I 2024-10-13 12:09:27,646] Trial 727 finished with value: 31.377119064331055 and parameters: {'n_layers': 1, 'input_chunk_length': 65, 'hidden_dim': 72, 'learning_rate': 5.558267106992278e-06, 'batch_size': 16, 'training_length': 75}. Best is trial 716 with value: 21.767297744750977.
Specified past encoders in `add_encoders` at model creation but model does not accept past covariates. past encoders will be ignored.
GPU available: True (cuda), used: True
TPU available: False, using: 0 TPU cores
HPU available: False, using: 0 HPUs
LOCAL_RANK: 0 - CUDA_VISIBLE_DEVICES: [0,1,2,3]
SLURM auto-requeueing enabled. Setting signal handlers.
Monitored metric val_loss did not improve in the last 786 records. Best score: -0.648. Signaling Trainer to stop.
GPU available: True (cuda), used: True
TPU available: False, using: 0 TPU cores
HPU available: False, using: 0 HPUs
LOCAL_RANK: 0 - CUDA_VISIBLE_DEVICES: [0,1,2,3]
SLURM auto-requeueing enabled. Setting signal handlers.
[I 2024-10-13 12:09:28,445] Trial 728 finished with value: 39.2233772277832 and parameters: {'n_layers': 2, 'dropout': 0.2949068117089418, 'input_chunk_length': 60, 'hidden_dim': 68, 'learning_rate': 2.9076973605048256e-06, 'batch_size': 16, 'training_length': 174}. Best is trial 716 with value: 21.767297744750977.
Specified past encoders in `add_encoders` at model creation but model does not accept past covariates. past encoders will be ignored.
GPU available: True (cuda), used: True
TPU available: False, using: 0 TPU cores
HPU available: False, using: 0 HPUs
LOCAL_RANK: 0 - CUDA_VISIBLE_DEVICES: [0,1,2,3]
SLURM auto-requeueing enabled. Setting signal handlers.
Monitored metric val_loss did not improve in the last 787 records. Best score: -0.648. Signaling Trainer to stop.
GPU available: True (cuda), used: True
TPU available: False, using: 0 TPU cores
HPU available: False, using: 0 HPUs
LOCAL_RANK: 0 - CUDA_VISIBLE_DEVICES: [0,1,2,3]
SLURM auto-requeueing enabled. Setting signal handlers.
[I 2024-10-13 12:09:29,167] Trial 729 finished with value: 36.94717025756836 and parameters: {'n_layers': 1, 'input_chunk_length': 63, 'hidden_dim': 63, 'learning_rate': 4.082625083786137e-06, 'batch_size': 16, 'training_length': 450}. Best is trial 716 with value: 21.767297744750977.
Specified past encoders in `add_encoders` at model creation but model does not accept past covariates. past encoders will be ignored.
GPU available: True (cuda), used: True
TPU available: False, using: 0 TPU cores
HPU available: False, using: 0 HPUs
LOCAL_RANK: 0 - CUDA_VISIBLE_DEVICES: [0,1,2,3]
SLURM auto-requeueing enabled. Setting signal handlers.
Monitored metric val_loss did not improve in the last 788 records. Best score: -0.648. Signaling Trainer to stop.
GPU available: True (cuda), used: True
TPU available: False, using: 0 TPU cores
HPU available: False, using: 0 HPUs
LOCAL_RANK: 0 - CUDA_VISIBLE_DEVICES: [0,1,2,3]
SLURM auto-requeueing enabled. Setting signal handlers.
[I 2024-10-13 12:09:29,919] Trial 730 finished with value: 21.82225799560547 and parameters: {'n_layers': 1, 'input_chunk_length': 65, 'hidden_dim': 67, 'learning_rate': 5.267557873125132e-06, 'batch_size': 16, 'training_length': 74}. Best is trial 716 with value: 21.767297744750977.
Specified past encoders in `add_encoders` at model creation but model does not accept past covariates. past encoders will be ignored.
GPU available: True (cuda), used: True
TPU available: False, using: 0 TPU cores
HPU available: False, using: 0 HPUs
LOCAL_RANK: 0 - CUDA_VISIBLE_DEVICES: [0,1,2,3]
SLURM auto-requeueing enabled. Setting signal handlers.
Monitored metric val_loss did not improve in the last 789 records. Best score: -0.648. Signaling Trainer to stop.
GPU available: True (cuda), used: True
TPU available: False, using: 0 TPU cores
HPU available: False, using: 0 HPUs
LOCAL_RANK: 0 - CUDA_VISIBLE_DEVICES: [0,1,2,3]
SLURM auto-requeueing enabled. Setting signal handlers.
[I 2024-10-13 12:09:30,668] Trial 731 finished with value: 21.815235137939453 and parameters: {'n_layers': 1, 'input_chunk_length': 65, 'hidden_dim': 67, 'learning_rate': 3.5132286537563214e-06, 'batch_size': 16, 'training_length': 76}. Best is trial 716 with value: 21.767297744750977.
Specified past encoders in `add_encoders` at model creation but model does not accept past covariates. past encoders will be ignored.
GPU available: True (cuda), used: True
TPU available: False, using: 0 TPU cores
HPU available: False, using: 0 HPUs
LOCAL_RANK: 0 - CUDA_VISIBLE_DEVICES: [0,1,2,3]
SLURM auto-requeueing enabled. Setting signal handlers.
Monitored metric val_loss did not improve in the last 790 records. Best score: -0.648. Signaling Trainer to stop.
GPU available: True (cuda), used: True
TPU available: False, using: 0 TPU cores
HPU available: False, using: 0 HPUs
LOCAL_RANK: 0 - CUDA_VISIBLE_DEVICES: [0,1,2,3]
SLURM auto-requeueing enabled. Setting signal handlers.
[I 2024-10-13 12:09:31,416] Trial 732 finished with value: 28.863439559936523 and parameters: {'n_layers': 1, 'input_chunk_length': 65, 'hidden_dim': 71, 'learning_rate': 3.357405594368614e-06, 'batch_size': 16, 'training_length': 75}. Best is trial 716 with value: 21.767297744750977.
Specified past encoders in `add_encoders` at model creation but model does not accept past covariates. past encoders will be ignored.
GPU available: True (cuda), used: True
TPU available: False, using: 0 TPU cores
HPU available: False, using: 0 HPUs
LOCAL_RANK: 0 - CUDA_VISIBLE_DEVICES: [0,1,2,3]
SLURM auto-requeueing enabled. Setting signal handlers.
Monitored metric val_loss did not improve in the last 791 records. Best score: -0.648. Signaling Trainer to stop.
GPU available: True (cuda), used: True
TPU available: False, using: 0 TPU cores
HPU available: False, using: 0 HPUs
LOCAL_RANK: 0 - CUDA_VISIBLE_DEVICES: [0,1,2,3]
SLURM auto-requeueing enabled. Setting signal handlers.
[I 2024-10-13 12:09:32,161] Trial 733 finished with value: 21.792869567871094 and parameters: {'n_layers': 1, 'input_chunk_length': 64, 'hidden_dim': 67, 'learning_rate': 2.3212163727565787e-06, 'batch_size': 16, 'training_length': 74}. Best is trial 716 with value: 21.767297744750977.
Specified past encoders in `add_encoders` at model creation but model does not accept past covariates. past encoders will be ignored.
GPU available: True (cuda), used: True
TPU available: False, using: 0 TPU cores
HPU available: False, using: 0 HPUs
LOCAL_RANK: 0 - CUDA_VISIBLE_DEVICES: [0,1,2,3]
SLURM auto-requeueing enabled. Setting signal handlers.
Monitored metric val_loss did not improve in the last 792 records. Best score: -0.648. Signaling Trainer to stop.
GPU available: True (cuda), used: True
TPU available: False, using: 0 TPU cores
HPU available: False, using: 0 HPUs
LOCAL_RANK: 0 - CUDA_VISIBLE_DEVICES: [0,1,2,3]
SLURM auto-requeueing enabled. Setting signal handlers.
[I 2024-10-13 12:09:32,906] Trial 734 finished with value: 42.48805236816406 and parameters: {'n_layers': 1, 'input_chunk_length': 65, 'hidden_dim': 68, 'learning_rate': 2.4104021598659503e-06, 'batch_size': 16, 'training_length': 74}. Best is trial 716 with value: 21.767297744750977.
Specified past encoders in `add_encoders` at model creation but model does not accept past covariates. past encoders will be ignored.
GPU available: True (cuda), used: True
TPU available: False, using: 0 TPU cores
HPU available: False, using: 0 HPUs
LOCAL_RANK: 0 - CUDA_VISIBLE_DEVICES: [0,1,2,3]
SLURM auto-requeueing enabled. Setting signal handlers.
Monitored metric val_loss did not improve in the last 793 records. Best score: -0.648. Signaling Trainer to stop.
GPU available: True (cuda), used: True
TPU available: False, using: 0 TPU cores
HPU available: False, using: 0 HPUs
LOCAL_RANK: 0 - CUDA_VISIBLE_DEVICES: [0,1,2,3]
SLURM auto-requeueing enabled. Setting signal handlers.
[I 2024-10-13 12:09:33,657] Trial 735 finished with value: 21.7495174407959 and parameters: {'n_layers': 1, 'input_chunk_length': 66, 'hidden_dim': 67, 'learning_rate': 1.5888978063867512e-06, 'batch_size': 16, 'training_length': 78}. Best is trial 735 with value: 21.7495174407959.
Specified past encoders in `add_encoders` at model creation but model does not accept past covariates. past encoders will be ignored.
GPU available: True (cuda), used: True
TPU available: False, using: 0 TPU cores
HPU available: False, using: 0 HPUs
LOCAL_RANK: 0 - CUDA_VISIBLE_DEVICES: [0,1,2,3]
SLURM auto-requeueing enabled. Setting signal handlers.
Monitored metric val_loss did not improve in the last 794 records. Best score: -0.648. Signaling Trainer to stop.
GPU available: True (cuda), used: True
TPU available: False, using: 0 TPU cores
HPU available: False, using: 0 HPUs
LOCAL_RANK: 0 - CUDA_VISIBLE_DEVICES: [0,1,2,3]
SLURM auto-requeueing enabled. Setting signal handlers.
[I 2024-10-13 12:09:34,401] Trial 736 finished with value: 21.7501163482666 and parameters: {'n_layers': 1, 'input_chunk_length': 66, 'hidden_dim': 67, 'learning_rate': 2.2042837736341788e-06, 'batch_size': 16, 'training_length': 78}. Best is trial 735 with value: 21.7495174407959.
Specified past encoders in `add_encoders` at model creation but model does not accept past covariates. past encoders will be ignored.
GPU available: True (cuda), used: True
TPU available: False, using: 0 TPU cores
HPU available: False, using: 0 HPUs
LOCAL_RANK: 0 - CUDA_VISIBLE_DEVICES: [0,1,2,3]
SLURM auto-requeueing enabled. Setting signal handlers.
Monitored metric val_loss did not improve in the last 795 records. Best score: -0.648. Signaling Trainer to stop.
GPU available: True (cuda), used: True
TPU available: False, using: 0 TPU cores
HPU available: False, using: 0 HPUs
LOCAL_RANK: 0 - CUDA_VISIBLE_DEVICES: [0,1,2,3]
SLURM auto-requeueing enabled. Setting signal handlers.
[I 2024-10-13 12:09:35,151] Trial 737 finished with value: 21.82029151916504 and parameters: {'n_layers': 1, 'input_chunk_length': 67, 'hidden_dim': 67, 'learning_rate': 1.7075421820339286e-06, 'batch_size': 16, 'training_length': 91}. Best is trial 735 with value: 21.7495174407959.
Specified past encoders in `add_encoders` at model creation but model does not accept past covariates. past encoders will be ignored.
GPU available: True (cuda), used: True
TPU available: False, using: 0 TPU cores
HPU available: False, using: 0 HPUs
LOCAL_RANK: 0 - CUDA_VISIBLE_DEVICES: [0,1,2,3]
SLURM auto-requeueing enabled. Setting signal handlers.
Monitored metric val_loss did not improve in the last 796 records. Best score: -0.648. Signaling Trainer to stop.
GPU available: True (cuda), used: True
TPU available: False, using: 0 TPU cores
HPU available: False, using: 0 HPUs
LOCAL_RANK: 0 - CUDA_VISIBLE_DEVICES: [0,1,2,3]
SLURM auto-requeueing enabled. Setting signal handlers.
[I 2024-10-13 12:09:35,896] Trial 738 finished with value: 42.46211624145508 and parameters: {'n_layers': 1, 'input_chunk_length': 68, 'hidden_dim': 68, 'learning_rate': 1.4613258962127923e-06, 'batch_size': 16, 'training_length': 95}. Best is trial 735 with value: 21.7495174407959.
Specified past encoders in `add_encoders` at model creation but model does not accept past covariates. past encoders will be ignored.
GPU available: True (cuda), used: True
TPU available: False, using: 0 TPU cores
HPU available: False, using: 0 HPUs
LOCAL_RANK: 0 - CUDA_VISIBLE_DEVICES: [0,1,2,3]
SLURM auto-requeueing enabled. Setting signal handlers.
Monitored metric val_loss did not improve in the last 797 records. Best score: -0.648. Signaling Trainer to stop.
GPU available: True (cuda), used: True
TPU available: False, using: 0 TPU cores
HPU available: False, using: 0 HPUs
LOCAL_RANK: 0 - CUDA_VISIBLE_DEVICES: [0,1,2,3]
SLURM auto-requeueing enabled. Setting signal handlers.
[I 2024-10-13 12:09:36,649] Trial 739 finished with value: 37.49407196044922 and parameters: {'n_layers': 1, 'input_chunk_length': 67, 'hidden_dim': 66, 'learning_rate': 2.104612504104534e-06, 'batch_size': 16, 'training_length': 105}. Best is trial 735 with value: 21.7495174407959.
Specified past encoders in `add_encoders` at model creation but model does not accept past covariates. past encoders will be ignored.
GPU available: True (cuda), used: True
TPU available: False, using: 0 TPU cores
HPU available: False, using: 0 HPUs
LOCAL_RANK: 0 - CUDA_VISIBLE_DEVICES: [0,1,2,3]
SLURM auto-requeueing enabled. Setting signal handlers.
Monitored metric val_loss did not improve in the last 798 records. Best score: -0.648. Signaling Trainer to stop.
GPU available: True (cuda), used: True
TPU available: False, using: 0 TPU cores
HPU available: False, using: 0 HPUs
LOCAL_RANK: 0 - CUDA_VISIBLE_DEVICES: [0,1,2,3]
SLURM auto-requeueing enabled. Setting signal handlers.
[I 2024-10-13 12:09:37,401] Trial 740 finished with value: 36.67975997924805 and parameters: {'n_layers': 1, 'input_chunk_length': 66, 'hidden_dim': 65, 'learning_rate': 1.1507569739246446e-06, 'batch_size': 16, 'training_length': 90}. Best is trial 735 with value: 21.7495174407959.
Specified past encoders in `add_encoders` at model creation but model does not accept past covariates. past encoders will be ignored.
GPU available: True (cuda), used: True
TPU available: False, using: 0 TPU cores
HPU available: False, using: 0 HPUs
LOCAL_RANK: 0 - CUDA_VISIBLE_DEVICES: [0,1,2,3]
SLURM auto-requeueing enabled. Setting signal handlers.
Monitored metric val_loss did not improve in the last 799 records. Best score: -0.648. Signaling Trainer to stop.
GPU available: True (cuda), used: True
TPU available: False, using: 0 TPU cores
HPU available: False, using: 0 HPUs
LOCAL_RANK: 0 - CUDA_VISIBLE_DEVICES: [0,1,2,3]
SLURM auto-requeueing enabled. Setting signal handlers.
[I 2024-10-13 12:09:38,156] Trial 741 finished with value: 44.37505340576172 and parameters: {'n_layers': 1, 'input_chunk_length': 93, 'hidden_dim': 75, 'learning_rate': 1.7552752862325365e-06, 'batch_size': 16, 'training_length': 104}. Best is trial 735 with value: 21.7495174407959.
Specified past encoders in `add_encoders` at model creation but model does not accept past covariates. past encoders will be ignored.
GPU available: True (cuda), used: True
TPU available: False, using: 0 TPU cores
HPU available: False, using: 0 HPUs
LOCAL_RANK: 0 - CUDA_VISIBLE_DEVICES: [0,1,2,3]
SLURM auto-requeueing enabled. Setting signal handlers.
Monitored metric val_loss did not improve in the last 800 records. Best score: -0.648. Signaling Trainer to stop.
GPU available: True (cuda), used: True
TPU available: False, using: 0 TPU cores
HPU available: False, using: 0 HPUs
LOCAL_RANK: 0 - CUDA_VISIBLE_DEVICES: [0,1,2,3]
SLURM auto-requeueing enabled. Setting signal handlers.
[I 2024-10-13 12:09:38,906] Trial 742 finished with value: 26.998064041137695 and parameters: {'n_layers': 1, 'input_chunk_length': 69, 'hidden_dim': 70, 'learning_rate': 1.620689254490449e-06, 'batch_size': 16, 'training_length': 86}. Best is trial 735 with value: 21.7495174407959.
Specified past encoders in `add_encoders` at model creation but model does not accept past covariates. past encoders will be ignored.
GPU available: True (cuda), used: True
TPU available: False, using: 0 TPU cores
HPU available: False, using: 0 HPUs
LOCAL_RANK: 0 - CUDA_VISIBLE_DEVICES: [0,1,2,3]
SLURM auto-requeueing enabled. Setting signal handlers.
Monitored metric val_loss did not improve in the last 801 records. Best score: -0.648. Signaling Trainer to stop.
GPU available: True (cuda), used: True
TPU available: False, using: 0 TPU cores
HPU available: False, using: 0 HPUs
LOCAL_RANK: 0 - CUDA_VISIBLE_DEVICES: [0,1,2,3]
SLURM auto-requeueing enabled. Setting signal handlers.
