[I 2024-10-13 12:07:45,783] Trial 611 finished with value: 29.5166072845459 and parameters: {'n_layers': 1, 'input_chunk_length': 55, 'hidden_dim': 149, 'learning_rate': 1.5966827778139195e-05, 'batch_size': 16, 'training_length': 411}. Best is trial 68 with value: 21.851852416992188.
Specified past encoders in `add_encoders` at model creation but model does not accept past covariates. past encoders will be ignored.
GPU available: True (cuda), used: True
TPU available: False, using: 0 TPU cores
HPU available: False, using: 0 HPUs
LOCAL_RANK: 0 - CUDA_VISIBLE_DEVICES: [0,1,2,3]
SLURM auto-requeueing enabled. Setting signal handlers.
Monitored metric val_loss did not improve in the last 670 records. Best score: -0.648. Signaling Trainer to stop.
GPU available: True (cuda), used: True
TPU available: False, using: 0 TPU cores
HPU available: False, using: 0 HPUs
LOCAL_RANK: 0 - CUDA_VISIBLE_DEVICES: [0,1,2,3]
SLURM auto-requeueing enabled. Setting signal handlers.
[I 2024-10-13 12:07:46,991] Trial 612 finished with value: 22.69692611694336 and parameters: {'n_layers': 1, 'input_chunk_length': 41, 'hidden_dim': 146, 'learning_rate': 7.89477892064508e-06, 'batch_size': 16, 'training_length': 335}. Best is trial 68 with value: 21.851852416992188.
Specified past encoders in `add_encoders` at model creation but model does not accept past covariates. past encoders will be ignored.
GPU available: True (cuda), used: True
TPU available: False, using: 0 TPU cores
HPU available: False, using: 0 HPUs
LOCAL_RANK: 0 - CUDA_VISIBLE_DEVICES: [0,1,2,3]
SLURM auto-requeueing enabled. Setting signal handlers.
Monitored metric val_loss did not improve in the last 671 records. Best score: -0.648. Signaling Trainer to stop.
GPU available: True (cuda), used: True
TPU available: False, using: 0 TPU cores
HPU available: False, using: 0 HPUs
LOCAL_RANK: 0 - CUDA_VISIBLE_DEVICES: [0,1,2,3]
SLURM auto-requeueing enabled. Setting signal handlers.
[I 2024-10-13 12:07:48,203] Trial 613 finished with value: 37.280303955078125 and parameters: {'n_layers': 1, 'input_chunk_length': 40, 'hidden_dim': 153, 'learning_rate': 8.158101166893524e-06, 'batch_size': 16, 'training_length': 325}. Best is trial 68 with value: 21.851852416992188.
Specified past encoders in `add_encoders` at model creation but model does not accept past covariates. past encoders will be ignored.
GPU available: True (cuda), used: True
TPU available: False, using: 0 TPU cores
HPU available: False, using: 0 HPUs
LOCAL_RANK: 0 - CUDA_VISIBLE_DEVICES: [0,1,2,3]
SLURM auto-requeueing enabled. Setting signal handlers.
Monitored metric val_loss did not improve in the last 672 records. Best score: -0.648. Signaling Trainer to stop.
GPU available: True (cuda), used: True
TPU available: False, using: 0 TPU cores
HPU available: False, using: 0 HPUs
LOCAL_RANK: 0 - CUDA_VISIBLE_DEVICES: [0,1,2,3]
SLURM auto-requeueing enabled. Setting signal handlers.
[I 2024-10-13 12:07:49,465] Trial 614 finished with value: 45.63570785522461 and parameters: {'n_layers': 1, 'input_chunk_length': 52, 'hidden_dim': 143, 'learning_rate': 7.5651103456671565e-06, 'batch_size': 16, 'training_length': 391}. Best is trial 68 with value: 21.851852416992188.
Specified past encoders in `add_encoders` at model creation but model does not accept past covariates. past encoders will be ignored.
GPU available: True (cuda), used: True
TPU available: False, using: 0 TPU cores
HPU available: False, using: 0 HPUs
LOCAL_RANK: 0 - CUDA_VISIBLE_DEVICES: [0,1,2,3]
SLURM auto-requeueing enabled. Setting signal handlers.
Monitored metric val_loss did not improve in the last 673 records. Best score: -0.648. Signaling Trainer to stop.
GPU available: True (cuda), used: True
TPU available: False, using: 0 TPU cores
HPU available: False, using: 0 HPUs
LOCAL_RANK: 0 - CUDA_VISIBLE_DEVICES: [0,1,2,3]
SLURM auto-requeueing enabled. Setting signal handlers.
[I 2024-10-13 12:07:50,637] Trial 615 finished with value: 28.882753372192383 and parameters: {'n_layers': 1, 'input_chunk_length': 59, 'hidden_dim': 146, 'learning_rate': 0.0002557875067459089, 'batch_size': 16, 'training_length': 305}. Best is trial 68 with value: 21.851852416992188.
Specified past encoders in `add_encoders` at model creation but model does not accept past covariates. past encoders will be ignored.
GPU available: True (cuda), used: True
TPU available: False, using: 0 TPU cores
HPU available: False, using: 0 HPUs
LOCAL_RANK: 0 - CUDA_VISIBLE_DEVICES: [0,1,2,3]
SLURM auto-requeueing enabled. Setting signal handlers.
Monitored metric val_loss did not improve in the last 674 records. Best score: -0.648. Signaling Trainer to stop.
GPU available: True (cuda), used: True
TPU available: False, using: 0 TPU cores
HPU available: False, using: 0 HPUs
LOCAL_RANK: 0 - CUDA_VISIBLE_DEVICES: [0,1,2,3]
SLURM auto-requeueing enabled. Setting signal handlers.
[I 2024-10-13 12:07:51,823] Trial 616 finished with value: 28.650789260864258 and parameters: {'n_layers': 1, 'input_chunk_length': 57, 'hidden_dim': 151, 'learning_rate': 7.831599767458624e-06, 'batch_size': 16, 'training_length': 317}. Best is trial 68 with value: 21.851852416992188.
Specified past encoders in `add_encoders` at model creation but model does not accept past covariates. past encoders will be ignored.
GPU available: True (cuda), used: True
TPU available: False, using: 0 TPU cores
HPU available: False, using: 0 HPUs
LOCAL_RANK: 0 - CUDA_VISIBLE_DEVICES: [0,1,2,3]
SLURM auto-requeueing enabled. Setting signal handlers.
Monitored metric val_loss did not improve in the last 675 records. Best score: -0.648. Signaling Trainer to stop.
GPU available: True (cuda), used: True
TPU available: False, using: 0 TPU cores
HPU available: False, using: 0 HPUs
LOCAL_RANK: 0 - CUDA_VISIBLE_DEVICES: [0,1,2,3]
SLURM auto-requeueing enabled. Setting signal handlers.
[I 2024-10-13 12:07:53,076] Trial 617 finished with value: 32.56358337402344 and parameters: {'n_layers': 1, 'input_chunk_length': 46, 'hidden_dim': 137, 'learning_rate': 6.808821409631281e-06, 'batch_size': 16, 'training_length': 393}. Best is trial 68 with value: 21.851852416992188.
Specified past encoders in `add_encoders` at model creation but model does not accept past covariates. past encoders will be ignored.
GPU available: True (cuda), used: True
TPU available: False, using: 0 TPU cores
HPU available: False, using: 0 HPUs
LOCAL_RANK: 0 - CUDA_VISIBLE_DEVICES: [0,1,2,3]
SLURM auto-requeueing enabled. Setting signal handlers.
Monitored metric val_loss did not improve in the last 676 records. Best score: -0.648. Signaling Trainer to stop.
GPU available: True (cuda), used: True
TPU available: False, using: 0 TPU cores
HPU available: False, using: 0 HPUs
LOCAL_RANK: 0 - CUDA_VISIBLE_DEVICES: [0,1,2,3]
SLURM auto-requeueing enabled. Setting signal handlers.
[I 2024-10-13 12:07:54,288] Trial 618 finished with value: 27.585224151611328 and parameters: {'n_layers': 1, 'input_chunk_length': 55, 'hidden_dim': 142, 'learning_rate': 9.34745687597296e-06, 'batch_size': 16, 'training_length': 351}. Best is trial 68 with value: 21.851852416992188.
Specified past encoders in `add_encoders` at model creation but model does not accept past covariates. past encoders will be ignored.
GPU available: True (cuda), used: True
TPU available: False, using: 0 TPU cores
HPU available: False, using: 0 HPUs
LOCAL_RANK: 0 - CUDA_VISIBLE_DEVICES: [0,1,2,3]
SLURM auto-requeueing enabled. Setting signal handlers.
Monitored metric val_loss did not improve in the last 677 records. Best score: -0.648. Signaling Trainer to stop.
GPU available: True (cuda), used: True
TPU available: False, using: 0 TPU cores
HPU available: False, using: 0 HPUs
LOCAL_RANK: 0 - CUDA_VISIBLE_DEVICES: [0,1,2,3]
SLURM auto-requeueing enabled. Setting signal handlers.
[I 2024-10-13 12:07:55,498] Trial 619 finished with value: 37.92509078979492 and parameters: {'n_layers': 1, 'input_chunk_length': 42, 'hidden_dim': 148, 'learning_rate': 6.653115853195984e-06, 'batch_size': 16, 'training_length': 342}. Best is trial 68 with value: 21.851852416992188.
Specified past encoders in `add_encoders` at model creation but model does not accept past covariates. past encoders will be ignored.
GPU available: True (cuda), used: True
TPU available: False, using: 0 TPU cores
HPU available: False, using: 0 HPUs
LOCAL_RANK: 0 - CUDA_VISIBLE_DEVICES: [0,1,2,3]
SLURM auto-requeueing enabled. Setting signal handlers.
Monitored metric val_loss did not improve in the last 678 records. Best score: -0.648. Signaling Trainer to stop.
GPU available: True (cuda), used: True
TPU available: False, using: 0 TPU cores
HPU available: False, using: 0 HPUs
LOCAL_RANK: 0 - CUDA_VISIBLE_DEVICES: [0,1,2,3]
SLURM auto-requeueing enabled. Setting signal handlers.
[I 2024-10-13 12:07:56,527] Trial 620 finished with value: 36.07023239135742 and parameters: {'n_layers': 1, 'input_chunk_length': 62, 'hidden_dim': 144, 'learning_rate': 8.676487180536586e-06, 'batch_size': 16, 'training_length': 222}. Best is trial 68 with value: 21.851852416992188.
Specified past encoders in `add_encoders` at model creation but model does not accept past covariates. past encoders will be ignored.
GPU available: True (cuda), used: True
TPU available: False, using: 0 TPU cores
HPU available: False, using: 0 HPUs
LOCAL_RANK: 0 - CUDA_VISIBLE_DEVICES: [0,1,2,3]
SLURM auto-requeueing enabled. Setting signal handlers.
Monitored metric val_loss did not improve in the last 679 records. Best score: -0.648. Signaling Trainer to stop.
GPU available: True (cuda), used: True
TPU available: False, using: 0 TPU cores
HPU available: False, using: 0 HPUs
LOCAL_RANK: 0 - CUDA_VISIBLE_DEVICES: [0,1,2,3]
SLURM auto-requeueing enabled. Setting signal handlers.
[I 2024-10-13 12:07:57,726] Trial 621 finished with value: 29.452455520629883 and parameters: {'n_layers': 1, 'input_chunk_length': 60, 'hidden_dim': 149, 'learning_rate': 1.5230044247300914e-06, 'batch_size': 16, 'training_length': 324}. Best is trial 68 with value: 21.851852416992188.
Specified past encoders in `add_encoders` at model creation but model does not accept past covariates. past encoders will be ignored.
GPU available: True (cuda), used: True
TPU available: False, using: 0 TPU cores
HPU available: False, using: 0 HPUs
LOCAL_RANK: 0 - CUDA_VISIBLE_DEVICES: [0,1,2,3]
SLURM auto-requeueing enabled. Setting signal handlers.
Monitored metric val_loss did not improve in the last 680 records. Best score: -0.648. Signaling Trainer to stop.
GPU available: True (cuda), used: True
TPU available: False, using: 0 TPU cores
HPU available: False, using: 0 HPUs
LOCAL_RANK: 0 - CUDA_VISIBLE_DEVICES: [0,1,2,3]
SLURM auto-requeueing enabled. Setting signal handlers.
[I 2024-10-13 12:07:58,457] Trial 622 finished with value: 21.777830123901367 and parameters: {'n_layers': 1, 'input_chunk_length': 53, 'hidden_dim': 67, 'learning_rate': 6.762711238202694e-06, 'batch_size': 16, 'training_length': 336}. Best is trial 622 with value: 21.777830123901367.
Specified past encoders in `add_encoders` at model creation but model does not accept past covariates. past encoders will be ignored.
GPU available: True (cuda), used: True
TPU available: False, using: 0 TPU cores
HPU available: False, using: 0 HPUs
LOCAL_RANK: 0 - CUDA_VISIBLE_DEVICES: [0,1,2,3]
SLURM auto-requeueing enabled. Setting signal handlers.
Monitored metric val_loss did not improve in the last 681 records. Best score: -0.648. Signaling Trainer to stop.
GPU available: True (cuda), used: True
TPU available: False, using: 0 TPU cores
HPU available: False, using: 0 HPUs
LOCAL_RANK: 0 - CUDA_VISIBLE_DEVICES: [0,1,2,3]
SLURM auto-requeueing enabled. Setting signal handlers.
[I 2024-10-13 12:07:59,074] Trial 623 finished with value: 36.69886779785156 and parameters: {'n_layers': 1, 'input_chunk_length': 53, 'hidden_dim': 65, 'learning_rate': 6.434961525953078e-06, 'batch_size': 32, 'training_length': 313}. Best is trial 622 with value: 21.777830123901367.
Specified past encoders in `add_encoders` at model creation but model does not accept past covariates. past encoders will be ignored.
GPU available: True (cuda), used: True
TPU available: False, using: 0 TPU cores
HPU available: False, using: 0 HPUs
LOCAL_RANK: 0 - CUDA_VISIBLE_DEVICES: [0,1,2,3]
SLURM auto-requeueing enabled. Setting signal handlers.
Monitored metric val_loss did not improve in the last 682 records. Best score: -0.648. Signaling Trainer to stop.
GPU available: True (cuda), used: True
TPU available: False, using: 0 TPU cores
HPU available: False, using: 0 HPUs
LOCAL_RANK: 0 - CUDA_VISIBLE_DEVICES: [0,1,2,3]
SLURM auto-requeueing enabled. Setting signal handlers.
[I 2024-10-13 12:08:00,301] Trial 624 finished with value: 48.41190719604492 and parameters: {'n_layers': 1, 'input_chunk_length': 48, 'hidden_dim': 156, 'learning_rate': 7.895935892992737e-06, 'batch_size': 16, 'training_length': 336}. Best is trial 622 with value: 21.777830123901367.
Specified past encoders in `add_encoders` at model creation but model does not accept past covariates. past encoders will be ignored.
GPU available: True (cuda), used: True
TPU available: False, using: 0 TPU cores
HPU available: False, using: 0 HPUs
LOCAL_RANK: 0 - CUDA_VISIBLE_DEVICES: [0,1,2,3]
SLURM auto-requeueing enabled. Setting signal handlers.
Monitored metric val_loss did not improve in the last 683 records. Best score: -0.648. Signaling Trainer to stop.
GPU available: True (cuda), used: True
TPU available: False, using: 0 TPU cores
HPU available: False, using: 0 HPUs
LOCAL_RANK: 0 - CUDA_VISIBLE_DEVICES: [0,1,2,3]
SLURM auto-requeueing enabled. Setting signal handlers.
[I 2024-10-13 12:08:01,027] Trial 625 finished with value: 31.30862808227539 and parameters: {'n_layers': 1, 'input_chunk_length': 51, 'hidden_dim': 72, 'learning_rate': 5.116688377015231e-07, 'batch_size': 16, 'training_length': 344}. Best is trial 622 with value: 21.777830123901367.
Specified past encoders in `add_encoders` at model creation but model does not accept past covariates. past encoders will be ignored.
GPU available: True (cuda), used: True
TPU available: False, using: 0 TPU cores
HPU available: False, using: 0 HPUs
LOCAL_RANK: 0 - CUDA_VISIBLE_DEVICES: [0,1,2,3]
SLURM auto-requeueing enabled. Setting signal handlers.
Monitored metric val_loss did not improve in the last 684 records. Best score: -0.648. Signaling Trainer to stop.
GPU available: True (cuda), used: True
TPU available: False, using: 0 TPU cores
HPU available: False, using: 0 HPUs
LOCAL_RANK: 0 - CUDA_VISIBLE_DEVICES: [0,1,2,3]
SLURM auto-requeueing enabled. Setting signal handlers.
[I 2024-10-13 12:08:01,757] Trial 626 finished with value: 28.951147079467773 and parameters: {'n_layers': 1, 'input_chunk_length': 53, 'hidden_dim': 71, 'learning_rate': 6.004179462810675e-06, 'batch_size': 16, 'training_length': 324}. Best is trial 622 with value: 21.777830123901367.
Specified past encoders in `add_encoders` at model creation but model does not accept past covariates. past encoders will be ignored.
GPU available: True (cuda), used: True
TPU available: False, using: 0 TPU cores
HPU available: False, using: 0 HPUs
LOCAL_RANK: 0 - CUDA_VISIBLE_DEVICES: [0,1,2,3]
SLURM auto-requeueing enabled. Setting signal handlers.
Monitored metric val_loss did not improve in the last 685 records. Best score: -0.648. Signaling Trainer to stop.
GPU available: True (cuda), used: True
TPU available: False, using: 0 TPU cores
HPU available: False, using: 0 HPUs
LOCAL_RANK: 0 - CUDA_VISIBLE_DEVICES: [0,1,2,3]
SLURM auto-requeueing enabled. Setting signal handlers.
[I 2024-10-13 12:08:02,485] Trial 627 finished with value: 27.04166030883789 and parameters: {'n_layers': 1, 'input_chunk_length': 55, 'hidden_dim': 70, 'learning_rate': 7.038491642587131e-06, 'batch_size': 16, 'training_length': 340}. Best is trial 622 with value: 21.777830123901367.
Specified past encoders in `add_encoders` at model creation but model does not accept past covariates. past encoders will be ignored.
GPU available: True (cuda), used: True
TPU available: False, using: 0 TPU cores
HPU available: False, using: 0 HPUs
LOCAL_RANK: 0 - CUDA_VISIBLE_DEVICES: [0,1,2,3]
SLURM auto-requeueing enabled. Setting signal handlers.
Monitored metric val_loss did not improve in the last 686 records. Best score: -0.648. Signaling Trainer to stop.
GPU available: True (cuda), used: True
TPU available: False, using: 0 TPU cores
HPU available: False, using: 0 HPUs
LOCAL_RANK: 0 - CUDA_VISIBLE_DEVICES: [0,1,2,3]
SLURM auto-requeueing enabled. Setting signal handlers.
[I 2024-10-13 12:08:03,212] Trial 628 finished with value: 35.041343688964844 and parameters: {'n_layers': 1, 'input_chunk_length': 57, 'hidden_dim': 58, 'learning_rate': 5.66865574236564e-06, 'batch_size': 16, 'training_length': 321}. Best is trial 622 with value: 21.777830123901367.
Specified past encoders in `add_encoders` at model creation but model does not accept past covariates. past encoders will be ignored.
GPU available: True (cuda), used: True
TPU available: False, using: 0 TPU cores
HPU available: False, using: 0 HPUs
LOCAL_RANK: 0 - CUDA_VISIBLE_DEVICES: [0,1,2,3]
SLURM auto-requeueing enabled. Setting signal handlers.
Monitored metric val_loss did not improve in the last 687 records. Best score: -0.648. Signaling Trainer to stop.
GPU available: True (cuda), used: True
TPU available: False, using: 0 TPU cores
HPU available: False, using: 0 HPUs
LOCAL_RANK: 0 - CUDA_VISIBLE_DEVICES: [0,1,2,3]
SLURM auto-requeueing enabled. Setting signal handlers.
[I 2024-10-13 12:08:04,008] Trial 629 finished with value: 47.7553825378418 and parameters: {'n_layers': 1, 'input_chunk_length': 56, 'hidden_dim': 105, 'learning_rate': 8.405197549107411e-06, 'batch_size': 16, 'training_length': 310}. Best is trial 622 with value: 21.777830123901367.
Specified past encoders in `add_encoders` at model creation but model does not accept past covariates. past encoders will be ignored.
GPU available: True (cuda), used: True
TPU available: False, using: 0 TPU cores
HPU available: False, using: 0 HPUs
LOCAL_RANK: 0 - CUDA_VISIBLE_DEVICES: [0,1,2,3]
SLURM auto-requeueing enabled. Setting signal handlers.
Monitored metric val_loss did not improve in the last 688 records. Best score: -0.648. Signaling Trainer to stop.
GPU available: True (cuda), used: True
TPU available: False, using: 0 TPU cores
HPU available: False, using: 0 HPUs
LOCAL_RANK: 0 - CUDA_VISIBLE_DEVICES: [0,1,2,3]
SLURM auto-requeueing enabled. Setting signal handlers.
[I 2024-10-13 12:08:04,740] Trial 630 finished with value: 37.68707275390625 and parameters: {'n_layers': 1, 'input_chunk_length': 50, 'hidden_dim': 69, 'learning_rate': 6.680438083808664e-06, 'batch_size': 16, 'training_length': 333}. Best is trial 622 with value: 21.777830123901367.
Specified past encoders in `add_encoders` at model creation but model does not accept past covariates. past encoders will be ignored.
GPU available: True (cuda), used: True
TPU available: False, using: 0 TPU cores
HPU available: False, using: 0 HPUs
LOCAL_RANK: 0 - CUDA_VISIBLE_DEVICES: [0,1,2,3]
SLURM auto-requeueing enabled. Setting signal handlers.
Monitored metric val_loss did not improve in the last 689 records. Best score: -0.648. Signaling Trainer to stop.
GPU available: True (cuda), used: True
TPU available: False, using: 0 TPU cores
HPU available: False, using: 0 HPUs
LOCAL_RANK: 0 - CUDA_VISIBLE_DEVICES: [0,1,2,3]
SLURM auto-requeueing enabled. Setting signal handlers.
[I 2024-10-13 12:08:05,901] Trial 631 finished with value: 34.98264694213867 and parameters: {'n_layers': 1, 'input_chunk_length': 36, 'hidden_dim': 140, 'learning_rate': 9.804182642013463e-06, 'batch_size': 16, 'training_length': 316}. Best is trial 622 with value: 21.777830123901367.
Specified past encoders in `add_encoders` at model creation but model does not accept past covariates. past encoders will be ignored.
GPU available: True (cuda), used: True
TPU available: False, using: 0 TPU cores
HPU available: False, using: 0 HPUs
LOCAL_RANK: 0 - CUDA_VISIBLE_DEVICES: [0,1,2,3]
SLURM auto-requeueing enabled. Setting signal handlers.
Monitored metric val_loss did not improve in the last 690 records. Best score: -0.648. Signaling Trainer to stop.
GPU available: True (cuda), used: True
TPU available: False, using: 0 TPU cores
HPU available: False, using: 0 HPUs
LOCAL_RANK: 0 - CUDA_VISIBLE_DEVICES: [0,1,2,3]
SLURM auto-requeueing enabled. Setting signal handlers.
[I 2024-10-13 12:08:06,623] Trial 632 finished with value: 21.833959579467773 and parameters: {'n_layers': 1, 'input_chunk_length': 57, 'hidden_dim': 67, 'learning_rate': 5.2788337144974975e-06, 'batch_size': 16, 'training_length': 360}. Best is trial 622 with value: 21.777830123901367.
Specified past encoders in `add_encoders` at model creation but model does not accept past covariates. past encoders will be ignored.
GPU available: True (cuda), used: True
TPU available: False, using: 0 TPU cores
HPU available: False, using: 0 HPUs
LOCAL_RANK: 0 - CUDA_VISIBLE_DEVICES: [0,1,2,3]
SLURM auto-requeueing enabled. Setting signal handlers.
Monitored metric val_loss did not improve in the last 691 records. Best score: -0.648. Signaling Trainer to stop.
GPU available: True (cuda), used: True
TPU available: False, using: 0 TPU cores
HPU available: False, using: 0 HPUs
LOCAL_RANK: 0 - CUDA_VISIBLE_DEVICES: [0,1,2,3]
SLURM auto-requeueing enabled. Setting signal handlers.
