[I 2024-10-13 11:27:17,542] Trial 0 finished with value: 70.98468780517578 and parameters: {'n_layers': 1, 'input_chunk_length': 99, 'hidden_dim': 78, 'learning_rate': 2.3933110398562675e-07, 'batch_size': 64, 'training_length': 347}. Best is trial 0 with value: 70.98468780517578.
Specified past encoders in `add_encoders` at model creation but model does not accept past covariates. past encoders will be ignored.
GPU available: True (cuda), used: True
TPU available: False, using: 0 TPU cores
HPU available: False, using: 0 HPUs
LOCAL_RANK: 0 - CUDA_VISIBLE_DEVICES: [0,1,2,3]
SLURM auto-requeueing enabled. Setting signal handlers.
/pfs/data5/home/tu/tu_tu/tu_zxoul27/micromamba/envs/power/lib/python3.12/site-packages/pytorch_lightning/loops/fit_loop.py:298: The number of training batches (15) is smaller than the logging interval Trainer(log_every_n_steps=20). Set a lower value for log_every_n_steps if you want to see logs for the training epoch.
Metric val_loss improved by 0.064 >= min_delta = 0.0. New best score: 0.896
Metric val_loss improved by 0.000 >= min_delta = 0.0. New best score: 0.896
Metric val_loss improved by 0.000 >= min_delta = 0.0. New best score: 0.895
Metric val_loss improved by 0.000 >= min_delta = 0.0. New best score: 0.895
Metric val_loss improved by 0.000 >= min_delta = 0.0. New best score: 0.895
Metric val_loss improved by 0.000 >= min_delta = 0.0. New best score: 0.894
Metric val_loss improved by 0.000 >= min_delta = 0.0. New best score: 0.894
Metric val_loss improved by 0.000 >= min_delta = 0.0. New best score: 0.893
Metric val_loss improved by 0.000 >= min_delta = 0.0. New best score: 0.893
Metric val_loss improved by 0.000 >= min_delta = 0.0. New best score: 0.893
Metric val_loss improved by 0.000 >= min_delta = 0.0. New best score: 0.892
Metric val_loss improved by 0.000 >= min_delta = 0.0. New best score: 0.892
Metric val_loss improved by 0.000 >= min_delta = 0.0. New best score: 0.891
Metric val_loss improved by 0.000 >= min_delta = 0.0. New best score: 0.891
Metric val_loss improved by 0.000 >= min_delta = 0.0. New best score: 0.891
Metric val_loss improved by 0.000 >= min_delta = 0.0. New best score: 0.890
Metric val_loss improved by 0.000 >= min_delta = 0.0. New best score: 0.890
Metric val_loss improved by 0.000 >= min_delta = 0.0. New best score: 0.889
Metric val_loss improved by 0.000 >= min_delta = 0.0. New best score: 0.889
Metric val_loss improved by 0.000 >= min_delta = 0.0. New best score: 0.889
Metric val_loss improved by 0.000 >= min_delta = 0.0. New best score: 0.888
Metric val_loss improved by 0.000 >= min_delta = 0.0. New best score: 0.888
Metric val_loss improved by 0.000 >= min_delta = 0.0. New best score: 0.888
Metric val_loss improved by 0.000 >= min_delta = 0.0. New best score: 0.887
Metric val_loss improved by 0.000 >= min_delta = 0.0. New best score: 0.887
Metric val_loss improved by 0.000 >= min_delta = 0.0. New best score: 0.886
Metric val_loss improved by 0.000 >= min_delta = 0.0. New best score: 0.886
Metric val_loss improved by 0.000 >= min_delta = 0.0. New best score: 0.885
Metric val_loss improved by 0.000 >= min_delta = 0.0. New best score: 0.885
Metric val_loss improved by 0.000 >= min_delta = 0.0. New best score: 0.885
Metric val_loss improved by 0.000 >= min_delta = 0.0. New best score: 0.884
Metric val_loss improved by 0.000 >= min_delta = 0.0. New best score: 0.884
Metric val_loss improved by 0.000 >= min_delta = 0.0. New best score: 0.884
Metric val_loss improved by 0.000 >= min_delta = 0.0. New best score: 0.883
Metric val_loss improved by 0.000 >= min_delta = 0.0. New best score: 0.883
Metric val_loss improved by 0.000 >= min_delta = 0.0. New best score: 0.882
Metric val_loss improved by 0.000 >= min_delta = 0.0. New best score: 0.882
Metric val_loss improved by 0.000 >= min_delta = 0.0. New best score: 0.881
Metric val_loss improved by 0.000 >= min_delta = 0.0. New best score: 0.881
Metric val_loss improved by 0.000 >= min_delta = 0.0. New best score: 0.881
Metric val_loss improved by 0.000 >= min_delta = 0.0. New best score: 0.880
Metric val_loss improved by 0.000 >= min_delta = 0.0. New best score: 0.880
Metric val_loss improved by 0.000 >= min_delta = 0.0. New best score: 0.879
Metric val_loss improved by 0.000 >= min_delta = 0.0. New best score: 0.879
Metric val_loss improved by 0.000 >= min_delta = 0.0. New best score: 0.879
Metric val_loss improved by 0.000 >= min_delta = 0.0. New best score: 0.878
Metric val_loss improved by 0.000 >= min_delta = 0.0. New best score: 0.878
Metric val_loss improved by 0.000 >= min_delta = 0.0. New best score: 0.877
Metric val_loss improved by 0.000 >= min_delta = 0.0. New best score: 0.877
Metric val_loss improved by 0.000 >= min_delta = 0.0. New best score: 0.877
Metric val_loss improved by 0.000 >= min_delta = 0.0. New best score: 0.876
Metric val_loss improved by 0.000 >= min_delta = 0.0. New best score: 0.876
Metric val_loss improved by 0.000 >= min_delta = 0.0. New best score: 0.875
Metric val_loss improved by 0.000 >= min_delta = 0.0. New best score: 0.875
Metric val_loss improved by 0.000 >= min_delta = 0.0. New best score: 0.875
Metric val_loss improved by 0.000 >= min_delta = 0.0. New best score: 0.874
Metric val_loss improved by 0.000 >= min_delta = 0.0. New best score: 0.874
Metric val_loss improved by 0.000 >= min_delta = 0.0. New best score: 0.873
Metric val_loss improved by 0.000 >= min_delta = 0.0. New best score: 0.873
Metric val_loss improved by 0.000 >= min_delta = 0.0. New best score: 0.872
Metric val_loss improved by 0.000 >= min_delta = 0.0. New best score: 0.872
Metric val_loss improved by 0.000 >= min_delta = 0.0. New best score: 0.872
Metric val_loss improved by 0.000 >= min_delta = 0.0. New best score: 0.871
Metric val_loss improved by 0.000 >= min_delta = 0.0. New best score: 0.871
Metric val_loss improved by 0.000 >= min_delta = 0.0. New best score: 0.870
Metric val_loss improved by 0.000 >= min_delta = 0.0. New best score: 0.870
Metric val_loss improved by 0.000 >= min_delta = 0.0. New best score: 0.870
Metric val_loss improved by 0.000 >= min_delta = 0.0. New best score: 0.869
Metric val_loss improved by 0.000 >= min_delta = 0.0. New best score: 0.869
Metric val_loss improved by 0.000 >= min_delta = 0.0. New best score: 0.868
Metric val_loss improved by 0.000 >= min_delta = 0.0. New best score: 0.868
Metric val_loss improved by 0.000 >= min_delta = 0.0. New best score: 0.867
Metric val_loss improved by 0.000 >= min_delta = 0.0. New best score: 0.867
Metric val_loss improved by 0.000 >= min_delta = 0.0. New best score: 0.867
Metric val_loss improved by 0.000 >= min_delta = 0.0. New best score: 0.866
Metric val_loss improved by 0.000 >= min_delta = 0.0. New best score: 0.866
Metric val_loss improved by 0.000 >= min_delta = 0.0. New best score: 0.865
Metric val_loss improved by 0.000 >= min_delta = 0.0. New best score: 0.865
Metric val_loss improved by 0.000 >= min_delta = 0.0. New best score: 0.864
Metric val_loss improved by 0.000 >= min_delta = 0.0. New best score: 0.864
Metric val_loss improved by 0.000 >= min_delta = 0.0. New best score: 0.864
Metric val_loss improved by 0.000 >= min_delta = 0.0. New best score: 0.863
Metric val_loss improved by 0.000 >= min_delta = 0.0. New best score: 0.863
Metric val_loss improved by 0.000 >= min_delta = 0.0. New best score: 0.862
Metric val_loss improved by 0.000 >= min_delta = 0.0. New best score: 0.862
Metric val_loss improved by 0.000 >= min_delta = 0.0. New best score: 0.861
Metric val_loss improved by 0.000 >= min_delta = 0.0. New best score: 0.861
Metric val_loss improved by 0.000 >= min_delta = 0.0. New best score: 0.861
Metric val_loss improved by 0.000 >= min_delta = 0.0. New best score: 0.860
Metric val_loss improved by 0.000 >= min_delta = 0.0. New best score: 0.860
Metric val_loss improved by 0.000 >= min_delta = 0.0. New best score: 0.859
Metric val_loss improved by 0.000 >= min_delta = 0.0. New best score: 0.859
Metric val_loss improved by 0.000 >= min_delta = 0.0. New best score: 0.858
Metric val_loss improved by 0.000 >= min_delta = 0.0. New best score: 0.858
Metric val_loss improved by 0.000 >= min_delta = 0.0. New best score: 0.858
Metric val_loss improved by 0.000 >= min_delta = 0.0. New best score: 0.857
Metric val_loss improved by 0.000 >= min_delta = 0.0. New best score: 0.857
Metric val_loss improved by 0.000 >= min_delta = 0.0. New best score: 0.856
Metric val_loss improved by 0.000 >= min_delta = 0.0. New best score: 0.856
Metric val_loss improved by 0.000 >= min_delta = 0.0. New best score: 0.855
Metric val_loss improved by 0.000 >= min_delta = 0.0. New best score: 0.855
Metric val_loss improved by 0.000 >= min_delta = 0.0. New best score: 0.854
Metric val_loss improved by 0.000 >= min_delta = 0.0. New best score: 0.854
Metric val_loss improved by 0.000 >= min_delta = 0.0. New best score: 0.854
Metric val_loss improved by 0.000 >= min_delta = 0.0. New best score: 0.853
Metric val_loss improved by 0.000 >= min_delta = 0.0. New best score: 0.853
Metric val_loss improved by 0.000 >= min_delta = 0.0. New best score: 0.852
Metric val_loss improved by 0.000 >= min_delta = 0.0. New best score: 0.852
Metric val_loss improved by 0.000 >= min_delta = 0.0. New best score: 0.851
Metric val_loss improved by 0.000 >= min_delta = 0.0. New best score: 0.851
Metric val_loss improved by 0.000 >= min_delta = 0.0. New best score: 0.850
Metric val_loss improved by 0.000 >= min_delta = 0.0. New best score: 0.850
Metric val_loss improved by 0.000 >= min_delta = 0.0. New best score: 0.850
Metric val_loss improved by 0.000 >= min_delta = 0.0. New best score: 0.849
Metric val_loss improved by 0.000 >= min_delta = 0.0. New best score: 0.849
Metric val_loss improved by 0.000 >= min_delta = 0.0. New best score: 0.848
Metric val_loss improved by 0.000 >= min_delta = 0.0. New best score: 0.848
Metric val_loss improved by 0.000 >= min_delta = 0.0. New best score: 0.847
Metric val_loss improved by 0.000 >= min_delta = 0.0. New best score: 0.847
Metric val_loss improved by 0.000 >= min_delta = 0.0. New best score: 0.846
Metric val_loss improved by 0.000 >= min_delta = 0.0. New best score: 0.846
Metric val_loss improved by 0.000 >= min_delta = 0.0. New best score: 0.846
Metric val_loss improved by 0.000 >= min_delta = 0.0. New best score: 0.845
Metric val_loss improved by 0.000 >= min_delta = 0.0. New best score: 0.845
Metric val_loss improved by 0.000 >= min_delta = 0.0. New best score: 0.844
Metric val_loss improved by 0.000 >= min_delta = 0.0. New best score: 0.844
Metric val_loss improved by 0.000 >= min_delta = 0.0. New best score: 0.843
Metric val_loss improved by 0.000 >= min_delta = 0.0. New best score: 0.843
Metric val_loss improved by 0.000 >= min_delta = 0.0. New best score: 0.842
Metric val_loss improved by 0.000 >= min_delta = 0.0. New best score: 0.842
Metric val_loss improved by 0.000 >= min_delta = 0.0. New best score: 0.841
Metric val_loss improved by 0.000 >= min_delta = 0.0. New best score: 0.841
Metric val_loss improved by 0.000 >= min_delta = 0.0. New best score: 0.841
Metric val_loss improved by 0.000 >= min_delta = 0.0. New best score: 0.840
Metric val_loss improved by 0.000 >= min_delta = 0.0. New best score: 0.840
Metric val_loss improved by 0.000 >= min_delta = 0.0. New best score: 0.839
Metric val_loss improved by 0.000 >= min_delta = 0.0. New best score: 0.839
Metric val_loss improved by 0.000 >= min_delta = 0.0. New best score: 0.838
Metric val_loss improved by 0.000 >= min_delta = 0.0. New best score: 0.838
Metric val_loss improved by 0.000 >= min_delta = 0.0. New best score: 0.837
Metric val_loss improved by 0.000 >= min_delta = 0.0. New best score: 0.837
Metric val_loss improved by 0.000 >= min_delta = 0.0. New best score: 0.837
Metric val_loss improved by 0.000 >= min_delta = 0.0. New best score: 0.836
Metric val_loss improved by 0.000 >= min_delta = 0.0. New best score: 0.836
Metric val_loss improved by 0.000 >= min_delta = 0.0. New best score: 0.835
Metric val_loss improved by 0.000 >= min_delta = 0.0. New best score: 0.835
Metric val_loss improved by 0.000 >= min_delta = 0.0. New best score: 0.834
Metric val_loss improved by 0.000 >= min_delta = 0.0. New best score: 0.834
Metric val_loss improved by 0.000 >= min_delta = 0.0. New best score: 0.833
Metric val_loss improved by 0.000 >= min_delta = 0.0. New best score: 0.833
`Trainer.fit` stopped: `max_epochs=150` reached.
GPU available: True (cuda), used: True
TPU available: False, using: 0 TPU cores
HPU available: False, using: 0 HPUs
LOCAL_RANK: 0 - CUDA_VISIBLE_DEVICES: [0,1,2,3]
SLURM auto-requeueing enabled. Setting signal handlers.
[I 2024-10-13 11:27:54,919] Trial 1 finished with value: 65.39244079589844 and parameters: {'n_layers': 1, 'input_chunk_length': 38, 'hidden_dim': 129, 'learning_rate': 4.692904228137473e-07, 'batch_size': 64, 'training_length': 63}. Best is trial 1 with value: 65.39244079589844.
Specified past encoders in `add_encoders` at model creation but model does not accept past covariates. past encoders will be ignored.
GPU available: True (cuda), used: True
TPU available: False, using: 0 TPU cores
HPU available: False, using: 0 HPUs
LOCAL_RANK: 0 - CUDA_VISIBLE_DEVICES: [0,1,2,3]
SLURM auto-requeueing enabled. Setting signal handlers.
Metric val_loss improved by 0.101 >= min_delta = 0.0. New best score: 0.732
Metric val_loss improved by 0.078 >= min_delta = 0.0. New best score: 0.654
Metric val_loss improved by 0.072 >= min_delta = 0.0. New best score: 0.582
Metric val_loss improved by 0.089 >= min_delta = 0.0. New best score: 0.493
Metric val_loss improved by 0.078 >= min_delta = 0.0. New best score: 0.414
Metric val_loss improved by 0.083 >= min_delta = 0.0. New best score: 0.331
Metric val_loss improved by 0.098 >= min_delta = 0.0. New best score: 0.233
Metric val_loss improved by 0.091 >= min_delta = 0.0. New best score: 0.142
Metric val_loss improved by 0.050 >= min_delta = 0.0. New best score: 0.092
Metric val_loss improved by 0.046 >= min_delta = 0.0. New best score: 0.046
Metric val_loss improved by 0.059 >= min_delta = 0.0. New best score: -0.013
Metric val_loss improved by 0.066 >= min_delta = 0.0. New best score: -0.079
Metric val_loss improved by 0.052 >= min_delta = 0.0. New best score: -0.131
Metric val_loss improved by 0.060 >= min_delta = 0.0. New best score: -0.190
Metric val_loss improved by 0.062 >= min_delta = 0.0. New best score: -0.252
Metric val_loss improved by 0.064 >= min_delta = 0.0. New best score: -0.316
Metric val_loss improved by 0.055 >= min_delta = 0.0. New best score: -0.371
Metric val_loss improved by 0.000 >= min_delta = 0.0. New best score: -0.372
Monitored metric val_loss did not improve in the last 60 records. Best score: -0.372. Signaling Trainer to stop.
GPU available: True (cuda), used: True
TPU available: False, using: 0 TPU cores
HPU available: False, using: 0 HPUs
LOCAL_RANK: 0 - CUDA_VISIBLE_DEVICES: [0,1,2,3]
SLURM auto-requeueing enabled. Setting signal handlers.
[I 2024-10-13 11:29:14,761] Trial 2 finished with value: 62.751319885253906 and parameters: {'n_layers': 1, 'input_chunk_length': 73, 'hidden_dim': 168, 'learning_rate': 1.6121033783121144e-05, 'batch_size': 16, 'training_length': 333}. Best is trial 2 with value: 62.751319885253906.
Specified past encoders in `add_encoders` at model creation but model does not accept past covariates. past encoders will be ignored.
GPU available: True (cuda), used: True
TPU available: False, using: 0 TPU cores
HPU available: False, using: 0 HPUs
LOCAL_RANK: 0 - CUDA_VISIBLE_DEVICES: [0,1,2,3]
SLURM auto-requeueing enabled. Setting signal handlers.
Monitored metric val_loss did not improve in the last 61 records. Best score: -0.372. Signaling Trainer to stop.
GPU available: True (cuda), used: True
TPU available: False, using: 0 TPU cores
HPU available: False, using: 0 HPUs
LOCAL_RANK: 0 - CUDA_VISIBLE_DEVICES: [0,1,2,3]
SLURM auto-requeueing enabled. Setting signal handlers.
[I 2024-10-13 11:29:16,323] Trial 3 finished with value: 62.09552764892578 and parameters: {'n_layers': 2, 'dropout': 0.130761087773634, 'input_chunk_length': 38, 'hidden_dim': 171, 'learning_rate': 9.959847272409934e-07, 'batch_size': 16, 'training_length': 198}. Best is trial 3 with value: 62.09552764892578.
Specified past encoders in `add_encoders` at model creation but model does not accept past covariates. past encoders will be ignored.
GPU available: True (cuda), used: True
TPU available: False, using: 0 TPU cores
HPU available: False, using: 0 HPUs
LOCAL_RANK: 0 - CUDA_VISIBLE_DEVICES: [0,1,2,3]
SLURM auto-requeueing enabled. Setting signal handlers.
Monitored metric val_loss did not improve in the last 62 records. Best score: -0.372. Signaling Trainer to stop.
GPU available: True (cuda), used: True
TPU available: False, using: 0 TPU cores
HPU available: False, using: 0 HPUs
LOCAL_RANK: 0 - CUDA_VISIBLE_DEVICES: [0,1,2,3]
SLURM auto-requeueing enabled. Setting signal handlers.
[I 2024-10-13 11:29:17,617] Trial 4 finished with value: 58.99403762817383 and parameters: {'n_layers': 2, 'dropout': 0.4085301465827801, 'input_chunk_length': 35, 'hidden_dim': 167, 'learning_rate': 6.006194543455243e-07, 'batch_size': 32, 'training_length': 204}. Best is trial 4 with value: 58.99403762817383.
Specified past encoders in `add_encoders` at model creation but model does not accept past covariates. past encoders will be ignored.
GPU available: True (cuda), used: True
TPU available: False, using: 0 TPU cores
HPU available: False, using: 0 HPUs
LOCAL_RANK: 0 - CUDA_VISIBLE_DEVICES: [0,1,2,3]
SLURM auto-requeueing enabled. Setting signal handlers.
Monitored metric val_loss did not improve in the last 63 records. Best score: -0.372. Signaling Trainer to stop.
GPU available: True (cuda), used: True
TPU available: False, using: 0 TPU cores
HPU available: False, using: 0 HPUs
LOCAL_RANK: 0 - CUDA_VISIBLE_DEVICES: [0,1,2,3]
SLURM auto-requeueing enabled. Setting signal handlers.
[I 2024-10-13 11:29:18,807] Trial 5 finished with value: 69.88832092285156 and parameters: {'n_layers': 1, 'input_chunk_length': 80, 'hidden_dim': 186, 'learning_rate': 0.0006527854372073517, 'batch_size': 32, 'training_length': 450}. Best is trial 4 with value: 58.99403762817383.
Specified past encoders in `add_encoders` at model creation but model does not accept past covariates. past encoders will be ignored.
GPU available: True (cuda), used: True
TPU available: False, using: 0 TPU cores
HPU available: False, using: 0 HPUs
LOCAL_RANK: 0 - CUDA_VISIBLE_DEVICES: [0,1,2,3]
SLURM auto-requeueing enabled. Setting signal handlers.
Monitored metric val_loss did not improve in the last 64 records. Best score: -0.372. Signaling Trainer to stop.
GPU available: True (cuda), used: True
TPU available: False, using: 0 TPU cores
HPU available: False, using: 0 HPUs
LOCAL_RANK: 0 - CUDA_VISIBLE_DEVICES: [0,1,2,3]
SLURM auto-requeueing enabled. Setting signal handlers.
[I 2024-10-13 11:29:19,465] Trial 6 finished with value: 61.568450927734375 and parameters: {'n_layers': 2, 'dropout': 0.39062488309650817, 'input_chunk_length': 64, 'hidden_dim': 115, 'learning_rate': 1.0371414201211523e-06, 'batch_size': 32, 'training_length': 158}. Best is trial 4 with value: 58.99403762817383.
Specified past encoders in `add_encoders` at model creation but model does not accept past covariates. past encoders will be ignored.
GPU available: True (cuda), used: True
TPU available: False, using: 0 TPU cores
HPU available: False, using: 0 HPUs
LOCAL_RANK: 0 - CUDA_VISIBLE_DEVICES: [0,1,2,3]
SLURM auto-requeueing enabled. Setting signal handlers.
Monitored metric val_loss did not improve in the last 65 records. Best score: -0.372. Signaling Trainer to stop.
GPU available: True (cuda), used: True
TPU available: False, using: 0 TPU cores
HPU available: False, using: 0 HPUs
LOCAL_RANK: 0 - CUDA_VISIBLE_DEVICES: [0,1,2,3]
SLURM auto-requeueing enabled. Setting signal handlers.
[I 2024-10-13 11:29:21,389] Trial 7 finished with value: 61.93523025512695 and parameters: {'n_layers': 2, 'dropout': 0.18584454730808891, 'input_chunk_length': 88, 'hidden_dim': 181, 'learning_rate': 4.892407311684147e-06, 'batch_size': 32, 'training_length': 402}. Best is trial 4 with value: 58.99403762817383.
Specified past encoders in `add_encoders` at model creation but model does not accept past covariates. past encoders will be ignored.
GPU available: True (cuda), used: True
TPU available: False, using: 0 TPU cores
HPU available: False, using: 0 HPUs
LOCAL_RANK: 0 - CUDA_VISIBLE_DEVICES: [0,1,2,3]
SLURM auto-requeueing enabled. Setting signal handlers.
Monitored metric val_loss did not improve in the last 66 records. Best score: -0.372. Signaling Trainer to stop.
GPU available: True (cuda), used: True
TPU available: False, using: 0 TPU cores
HPU available: False, using: 0 HPUs
LOCAL_RANK: 0 - CUDA_VISIBLE_DEVICES: [0,1,2,3]
SLURM auto-requeueing enabled. Setting signal handlers.
