[I 2024-10-13 11:35:36,838] Trial 58 finished with value: 156.07508850097656 and parameters: {'n_layers': 1, 'input_chunk_length': 20, 'hidden_dim': 150, 'learning_rate': 8.041165720476519e-06, 'batch_size': 16, 'training_length': 38}. Best is trial 42 with value: 139.62567138671875.
Specified past encoders in `add_encoders` at model creation but model does not accept past covariates. past encoders will be ignored.
GPU available: True (cuda), used: True
TPU available: False, using: 0 TPU cores
HPU available: False, using: 0 HPUs
LOCAL_RANK: 0 - CUDA_VISIBLE_DEVICES: [0,1,2,3]
SLURM auto-requeueing enabled. Setting signal handlers.
Monitored metric val_loss did not improve in the last 117 records. Best score: 0.242. Signaling Trainer to stop.
GPU available: True (cuda), used: True
TPU available: False, using: 0 TPU cores
HPU available: False, using: 0 HPUs
LOCAL_RANK: 0 - CUDA_VISIBLE_DEVICES: [0,1,2,3]
SLURM auto-requeueing enabled. Setting signal handlers.
[I 2024-10-13 11:35:37,648] Trial 59 finished with value: 246.21897888183594 and parameters: {'n_layers': 1, 'input_chunk_length': 16, 'hidden_dim': 135, 'learning_rate': 1.532492383409864e-06, 'batch_size': 16, 'training_length': 93}. Best is trial 42 with value: 139.62567138671875.
Specified past encoders in `add_encoders` at model creation but model does not accept past covariates. past encoders will be ignored.
GPU available: True (cuda), used: True
TPU available: False, using: 0 TPU cores
HPU available: False, using: 0 HPUs
LOCAL_RANK: 0 - CUDA_VISIBLE_DEVICES: [0,1,2,3]
SLURM auto-requeueing enabled. Setting signal handlers.
Monitored metric val_loss did not improve in the last 118 records. Best score: 0.242. Signaling Trainer to stop.
GPU available: True (cuda), used: True
TPU available: False, using: 0 TPU cores
HPU available: False, using: 0 HPUs
LOCAL_RANK: 0 - CUDA_VISIBLE_DEVICES: [0,1,2,3]
SLURM auto-requeueing enabled. Setting signal handlers.
[I 2024-10-13 11:35:38,603] Trial 60 finished with value: 265.1658935546875 and parameters: {'n_layers': 1, 'input_chunk_length': 12, 'hidden_dim': 146, 'learning_rate': 2.499293291126662e-06, 'batch_size': 16, 'training_length': 177}. Best is trial 42 with value: 139.62567138671875.
Specified past encoders in `add_encoders` at model creation but model does not accept past covariates. past encoders will be ignored.
GPU available: True (cuda), used: True
TPU available: False, using: 0 TPU cores
HPU available: False, using: 0 HPUs
LOCAL_RANK: 0 - CUDA_VISIBLE_DEVICES: [0,1,2,3]
SLURM auto-requeueing enabled. Setting signal handlers.
Monitored metric val_loss did not improve in the last 119 records. Best score: 0.242. Signaling Trainer to stop.
GPU available: True (cuda), used: True
TPU available: False, using: 0 TPU cores
HPU available: False, using: 0 HPUs
LOCAL_RANK: 0 - CUDA_VISIBLE_DEVICES: [0,1,2,3]
SLURM auto-requeueing enabled. Setting signal handlers.
[I 2024-10-13 11:35:39,370] Trial 61 finished with value: 212.64682006835938 and parameters: {'n_layers': 1, 'input_chunk_length': 21, 'hidden_dim': 161, 'learning_rate': 6.4826940260298595e-06, 'batch_size': 16, 'training_length': 30}. Best is trial 42 with value: 139.62567138671875.
Specified past encoders in `add_encoders` at model creation but model does not accept past covariates. past encoders will be ignored.
GPU available: True (cuda), used: True
TPU available: False, using: 0 TPU cores
HPU available: False, using: 0 HPUs
LOCAL_RANK: 0 - CUDA_VISIBLE_DEVICES: [0,1,2,3]
SLURM auto-requeueing enabled. Setting signal handlers.
Monitored metric val_loss did not improve in the last 120 records. Best score: 0.242. Signaling Trainer to stop.
GPU available: True (cuda), used: True
TPU available: False, using: 0 TPU cores
HPU available: False, using: 0 HPUs
LOCAL_RANK: 0 - CUDA_VISIBLE_DEVICES: [0,1,2,3]
SLURM auto-requeueing enabled. Setting signal handlers.
[I 2024-10-13 11:35:40,139] Trial 62 finished with value: 153.17330932617188 and parameters: {'n_layers': 1, 'input_chunk_length': 27, 'hidden_dim': 153, 'learning_rate': 1.2236195558819248e-05, 'batch_size': 16, 'training_length': 45}. Best is trial 42 with value: 139.62567138671875.
Specified past encoders in `add_encoders` at model creation but model does not accept past covariates. past encoders will be ignored.
GPU available: True (cuda), used: True
TPU available: False, using: 0 TPU cores
HPU available: False, using: 0 HPUs
LOCAL_RANK: 0 - CUDA_VISIBLE_DEVICES: [0,1,2,3]
SLURM auto-requeueing enabled. Setting signal handlers.
Monitored metric val_loss did not improve in the last 121 records. Best score: 0.242. Signaling Trainer to stop.
GPU available: True (cuda), used: True
TPU available: False, using: 0 TPU cores
HPU available: False, using: 0 HPUs
LOCAL_RANK: 0 - CUDA_VISIBLE_DEVICES: [0,1,2,3]
SLURM auto-requeueing enabled. Setting signal handlers.
[I 2024-10-13 11:35:40,984] Trial 63 finished with value: 173.05038452148438 and parameters: {'n_layers': 1, 'input_chunk_length': 26, 'hidden_dim': 169, 'learning_rate': 4.010150074407819e-06, 'batch_size': 16, 'training_length': 77}. Best is trial 42 with value: 139.62567138671875.
Specified past encoders in `add_encoders` at model creation but model does not accept past covariates. past encoders will be ignored.
GPU available: True (cuda), used: True
TPU available: False, using: 0 TPU cores
HPU available: False, using: 0 HPUs
LOCAL_RANK: 0 - CUDA_VISIBLE_DEVICES: [0,1,2,3]
SLURM auto-requeueing enabled. Setting signal handlers.
Monitored metric val_loss did not improve in the last 122 records. Best score: 0.242. Signaling Trainer to stop.
GPU available: True (cuda), used: True
TPU available: False, using: 0 TPU cores
HPU available: False, using: 0 HPUs
LOCAL_RANK: 0 - CUDA_VISIBLE_DEVICES: [0,1,2,3]
SLURM auto-requeueing enabled. Setting signal handlers.
[I 2024-10-13 11:35:41,773] Trial 64 finished with value: 179.34219360351562 and parameters: {'n_layers': 1, 'input_chunk_length': 35, 'hidden_dim': 157, 'learning_rate': 9.761693639122403e-06, 'batch_size': 16, 'training_length': 65}. Best is trial 42 with value: 139.62567138671875.
Specified past encoders in `add_encoders` at model creation but model does not accept past covariates. past encoders will be ignored.
GPU available: True (cuda), used: True
TPU available: False, using: 0 TPU cores
HPU available: False, using: 0 HPUs
LOCAL_RANK: 0 - CUDA_VISIBLE_DEVICES: [0,1,2,3]
SLURM auto-requeueing enabled. Setting signal handlers.
Monitored metric val_loss did not improve in the last 123 records. Best score: 0.242. Signaling Trainer to stop.
GPU available: True (cuda), used: True
TPU available: False, using: 0 TPU cores
HPU available: False, using: 0 HPUs
LOCAL_RANK: 0 - CUDA_VISIBLE_DEVICES: [0,1,2,3]
SLURM auto-requeueing enabled. Setting signal handlers.
[I 2024-10-13 11:35:42,479] Trial 65 finished with value: 217.9877471923828 and parameters: {'n_layers': 1, 'input_chunk_length': 30, 'hidden_dim': 140, 'learning_rate': 1.0028937689422005e-06, 'batch_size': 32, 'training_length': 116}. Best is trial 42 with value: 139.62567138671875.
Specified past encoders in `add_encoders` at model creation but model does not accept past covariates. past encoders will be ignored.
GPU available: True (cuda), used: True
TPU available: False, using: 0 TPU cores
HPU available: False, using: 0 HPUs
LOCAL_RANK: 0 - CUDA_VISIBLE_DEVICES: [0,1,2,3]
SLURM auto-requeueing enabled. Setting signal handlers.
Monitored metric val_loss did not improve in the last 124 records. Best score: 0.242. Signaling Trainer to stop.
GPU available: True (cuda), used: True
TPU available: False, using: 0 TPU cores
HPU available: False, using: 0 HPUs
LOCAL_RANK: 0 - CUDA_VISIBLE_DEVICES: [0,1,2,3]
SLURM auto-requeueing enabled. Setting signal handlers.
[I 2024-10-13 11:35:43,195] Trial 66 finished with value: 197.8701171875 and parameters: {'n_layers': 1, 'input_chunk_length': 26, 'hidden_dim': 104, 'learning_rate': 1.2493488781798522e-05, 'batch_size': 16, 'training_length': 44}. Best is trial 42 with value: 139.62567138671875.
Specified past encoders in `add_encoders` at model creation but model does not accept past covariates. past encoders will be ignored.
GPU available: True (cuda), used: True
TPU available: False, using: 0 TPU cores
HPU available: False, using: 0 HPUs
LOCAL_RANK: 0 - CUDA_VISIBLE_DEVICES: [0,1,2,3]
SLURM auto-requeueing enabled. Setting signal handlers.
Monitored metric val_loss did not improve in the last 125 records. Best score: 0.242. Signaling Trainer to stop.
GPU available: True (cuda), used: True
TPU available: False, using: 0 TPU cores
HPU available: False, using: 0 HPUs
LOCAL_RANK: 0 - CUDA_VISIBLE_DEVICES: [0,1,2,3]
SLURM auto-requeueing enabled. Setting signal handlers.
[I 2024-10-13 11:35:44,026] Trial 67 finished with value: 303.7867126464844 and parameters: {'n_layers': 1, 'input_chunk_length': 44, 'hidden_dim': 193, 'learning_rate': 2.328994448849203e-05, 'batch_size': 16, 'training_length': 91}. Best is trial 42 with value: 139.62567138671875.
Specified past encoders in `add_encoders` at model creation but model does not accept past covariates. past encoders will be ignored.
GPU available: True (cuda), used: True
TPU available: False, using: 0 TPU cores
HPU available: False, using: 0 HPUs
LOCAL_RANK: 0 - CUDA_VISIBLE_DEVICES: [0,1,2,3]
SLURM auto-requeueing enabled. Setting signal handlers.
Monitored metric val_loss did not improve in the last 126 records. Best score: 0.242. Signaling Trainer to stop.
GPU available: True (cuda), used: True
TPU available: False, using: 0 TPU cores
HPU available: False, using: 0 HPUs
LOCAL_RANK: 0 - CUDA_VISIBLE_DEVICES: [0,1,2,3]
SLURM auto-requeueing enabled. Setting signal handlers.
[I 2024-10-13 11:35:44,880] Trial 68 finished with value: 154.5024871826172 and parameters: {'n_layers': 1, 'input_chunk_length': 51, 'hidden_dim': 145, 'learning_rate': 3.748805906935249e-05, 'batch_size': 16, 'training_length': 107}. Best is trial 42 with value: 139.62567138671875.
Specified past encoders in `add_encoders` at model creation but model does not accept past covariates. past encoders will be ignored.
GPU available: True (cuda), used: True
TPU available: False, using: 0 TPU cores
HPU available: False, using: 0 HPUs
LOCAL_RANK: 0 - CUDA_VISIBLE_DEVICES: [0,1,2,3]
SLURM auto-requeueing enabled. Setting signal handlers.
Monitored metric val_loss did not improve in the last 127 records. Best score: 0.242. Signaling Trainer to stop.
GPU available: True (cuda), used: True
TPU available: False, using: 0 TPU cores
HPU available: False, using: 0 HPUs
LOCAL_RANK: 0 - CUDA_VISIBLE_DEVICES: [0,1,2,3]
SLURM auto-requeueing enabled. Setting signal handlers.
[I 2024-10-13 11:35:45,674] Trial 69 finished with value: 153.8152313232422 and parameters: {'n_layers': 1, 'input_chunk_length': 53, 'hidden_dim': 145, 'learning_rate': 3.6291892803705025e-05, 'batch_size': 16, 'training_length': 75}. Best is trial 42 with value: 139.62567138671875.
Specified past encoders in `add_encoders` at model creation but model does not accept past covariates. past encoders will be ignored.
GPU available: True (cuda), used: True
TPU available: False, using: 0 TPU cores
HPU available: False, using: 0 HPUs
LOCAL_RANK: 0 - CUDA_VISIBLE_DEVICES: [0,1,2,3]
SLURM auto-requeueing enabled. Setting signal handlers.
Monitored metric val_loss did not improve in the last 128 records. Best score: 0.242. Signaling Trainer to stop.
GPU available: True (cuda), used: True
TPU available: False, using: 0 TPU cores
HPU available: False, using: 0 HPUs
LOCAL_RANK: 0 - CUDA_VISIBLE_DEVICES: [0,1,2,3]
SLURM auto-requeueing enabled. Setting signal handlers.
[I 2024-10-13 11:35:46,339] Trial 70 finished with value: 218.812744140625 and parameters: {'n_layers': 1, 'input_chunk_length': 55, 'hidden_dim': 129, 'learning_rate': 4.147825180026779e-05, 'batch_size': 32, 'training_length': 77}. Best is trial 42 with value: 139.62567138671875.
Specified past encoders in `add_encoders` at model creation but model does not accept past covariates. past encoders will be ignored.
GPU available: True (cuda), used: True
TPU available: False, using: 0 TPU cores
HPU available: False, using: 0 HPUs
LOCAL_RANK: 0 - CUDA_VISIBLE_DEVICES: [0,1,2,3]
SLURM auto-requeueing enabled. Setting signal handlers.
Monitored metric val_loss did not improve in the last 129 records. Best score: 0.242. Signaling Trainer to stop.
GPU available: True (cuda), used: True
TPU available: False, using: 0 TPU cores
HPU available: False, using: 0 HPUs
LOCAL_RANK: 0 - CUDA_VISIBLE_DEVICES: [0,1,2,3]
SLURM auto-requeueing enabled. Setting signal handlers.
[I 2024-10-13 11:35:47,119] Trial 71 finished with value: 237.4923095703125 and parameters: {'n_layers': 1, 'input_chunk_length': 47, 'hidden_dim': 146, 'learning_rate': 8.569064033888992e-05, 'batch_size': 16, 'training_length': 65}. Best is trial 42 with value: 139.62567138671875.
Specified past encoders in `add_encoders` at model creation but model does not accept past covariates. past encoders will be ignored.
GPU available: True (cuda), used: True
TPU available: False, using: 0 TPU cores
HPU available: False, using: 0 HPUs
LOCAL_RANK: 0 - CUDA_VISIBLE_DEVICES: [0,1,2,3]
SLURM auto-requeueing enabled. Setting signal handlers.
Monitored metric val_loss did not improve in the last 130 records. Best score: 0.242. Signaling Trainer to stop.
GPU available: True (cuda), used: True
TPU available: False, using: 0 TPU cores
HPU available: False, using: 0 HPUs
LOCAL_RANK: 0 - CUDA_VISIBLE_DEVICES: [0,1,2,3]
SLURM auto-requeueing enabled. Setting signal handlers.
[I 2024-10-13 11:35:47,933] Trial 72 finished with value: 317.4334411621094 and parameters: {'n_layers': 1, 'input_chunk_length': 50, 'hidden_dim': 137, 'learning_rate': 3.12518479092997e-05, 'batch_size': 16, 'training_length': 92}. Best is trial 42 with value: 139.62567138671875.
Specified past encoders in `add_encoders` at model creation but model does not accept past covariates. past encoders will be ignored.
GPU available: True (cuda), used: True
TPU available: False, using: 0 TPU cores
HPU available: False, using: 0 HPUs
LOCAL_RANK: 0 - CUDA_VISIBLE_DEVICES: [0,1,2,3]
SLURM auto-requeueing enabled. Setting signal handlers.
Monitored metric val_loss did not improve in the last 131 records. Best score: 0.242. Signaling Trainer to stop.
GPU available: True (cuda), used: True
TPU available: False, using: 0 TPU cores
HPU available: False, using: 0 HPUs
LOCAL_RANK: 0 - CUDA_VISIBLE_DEVICES: [0,1,2,3]
SLURM auto-requeueing enabled. Setting signal handlers.
[I 2024-10-13 11:35:48,741] Trial 73 finished with value: 181.92491149902344 and parameters: {'n_layers': 1, 'input_chunk_length': 57, 'hidden_dim': 154, 'learning_rate': 1.7255474811601674e-05, 'batch_size': 16, 'training_length': 82}. Best is trial 42 with value: 139.62567138671875.
Specified past encoders in `add_encoders` at model creation but model does not accept past covariates. past encoders will be ignored.
GPU available: True (cuda), used: True
TPU available: False, using: 0 TPU cores
HPU available: False, using: 0 HPUs
LOCAL_RANK: 0 - CUDA_VISIBLE_DEVICES: [0,1,2,3]
SLURM auto-requeueing enabled. Setting signal handlers.
Monitored metric val_loss did not improve in the last 132 records. Best score: 0.242. Signaling Trainer to stop.
GPU available: True (cuda), used: True
TPU available: False, using: 0 TPU cores
HPU available: False, using: 0 HPUs
LOCAL_RANK: 0 - CUDA_VISIBLE_DEVICES: [0,1,2,3]
SLURM auto-requeueing enabled. Setting signal handlers.
[I 2024-10-13 11:35:49,544] Trial 74 finished with value: 179.13656616210938 and parameters: {'n_layers': 1, 'input_chunk_length': 33, 'hidden_dim': 164, 'learning_rate': 4.412352066655606e-05, 'batch_size': 16, 'training_length': 58}. Best is trial 42 with value: 139.62567138671875.
Specified past encoders in `add_encoders` at model creation but model does not accept past covariates. past encoders will be ignored.
GPU available: True (cuda), used: True
TPU available: False, using: 0 TPU cores
HPU available: False, using: 0 HPUs
LOCAL_RANK: 0 - CUDA_VISIBLE_DEVICES: [0,1,2,3]
SLURM auto-requeueing enabled. Setting signal handlers.
Monitored metric val_loss did not improve in the last 133 records. Best score: 0.242. Signaling Trainer to stop.
GPU available: True (cuda), used: True
TPU available: False, using: 0 TPU cores
HPU available: False, using: 0 HPUs
LOCAL_RANK: 0 - CUDA_VISIBLE_DEVICES: [0,1,2,3]
SLURM auto-requeueing enabled. Setting signal handlers.
[I 2024-10-13 11:35:50,549] Trial 75 finished with value: 217.0836944580078 and parameters: {'n_layers': 1, 'input_chunk_length': 50, 'hidden_dim': 171, 'learning_rate': 0.00010526109872738087, 'batch_size': 16, 'training_length': 148}. Best is trial 42 with value: 139.62567138671875.
Specified past encoders in `add_encoders` at model creation but model does not accept past covariates. past encoders will be ignored.
GPU available: True (cuda), used: True
TPU available: False, using: 0 TPU cores
HPU available: False, using: 0 HPUs
LOCAL_RANK: 0 - CUDA_VISIBLE_DEVICES: [0,1,2,3]
SLURM auto-requeueing enabled. Setting signal handlers.
Monitored metric val_loss did not improve in the last 134 records. Best score: 0.242. Signaling Trainer to stop.
GPU available: True (cuda), used: True
TPU available: False, using: 0 TPU cores
HPU available: False, using: 0 HPUs
LOCAL_RANK: 0 - CUDA_VISIBLE_DEVICES: [0,1,2,3]
SLURM auto-requeueing enabled. Setting signal handlers.
[I 2024-10-13 11:35:51,394] Trial 76 finished with value: 154.32107543945312 and parameters: {'n_layers': 1, 'input_chunk_length': 42, 'hidden_dim': 145, 'learning_rate': 3.4958002738645776e-05, 'batch_size': 16, 'training_length': 107}. Best is trial 42 with value: 139.62567138671875.
Specified past encoders in `add_encoders` at model creation but model does not accept past covariates. past encoders will be ignored.
GPU available: True (cuda), used: True
TPU available: False, using: 0 TPU cores
HPU available: False, using: 0 HPUs
LOCAL_RANK: 0 - CUDA_VISIBLE_DEVICES: [0,1,2,3]
SLURM auto-requeueing enabled. Setting signal handlers.
Monitored metric val_loss did not improve in the last 135 records. Best score: 0.242. Signaling Trainer to stop.
GPU available: True (cuda), used: True
TPU available: False, using: 0 TPU cores
HPU available: False, using: 0 HPUs
LOCAL_RANK: 0 - CUDA_VISIBLE_DEVICES: [0,1,2,3]
SLURM auto-requeueing enabled. Setting signal handlers.
[I 2024-10-13 11:35:52,518] Trial 77 finished with value: 153.9107208251953 and parameters: {'n_layers': 1, 'input_chunk_length': 41, 'hidden_dim': 145, 'learning_rate': 3.5286541338877744e-05, 'batch_size': 16, 'training_length': 292}. Best is trial 42 with value: 139.62567138671875.
Specified past encoders in `add_encoders` at model creation but model does not accept past covariates. past encoders will be ignored.
GPU available: True (cuda), used: True
TPU available: False, using: 0 TPU cores
HPU available: False, using: 0 HPUs
LOCAL_RANK: 0 - CUDA_VISIBLE_DEVICES: [0,1,2,3]
SLURM auto-requeueing enabled. Setting signal handlers.
Monitored metric val_loss did not improve in the last 136 records. Best score: 0.242. Signaling Trainer to stop.
GPU available: True (cuda), used: True
TPU available: False, using: 0 TPU cores
HPU available: False, using: 0 HPUs
LOCAL_RANK: 0 - CUDA_VISIBLE_DEVICES: [0,1,2,3]
SLURM auto-requeueing enabled. Setting signal handlers.
[I 2024-10-13 11:35:53,412] Trial 78 finished with value: 193.69955444335938 and parameters: {'n_layers': 2, 'dropout': 0.35330632404597695, 'input_chunk_length': 43, 'hidden_dim': 121, 'learning_rate': 2.3637125030750873e-05, 'batch_size': 16, 'training_length': 289}. Best is trial 42 with value: 139.62567138671875.
Specified past encoders in `add_encoders` at model creation but model does not accept past covariates. past encoders will be ignored.
GPU available: True (cuda), used: True
TPU available: False, using: 0 TPU cores
HPU available: False, using: 0 HPUs
LOCAL_RANK: 0 - CUDA_VISIBLE_DEVICES: [0,1,2,3]
SLURM auto-requeueing enabled. Setting signal handlers.
Monitored metric val_loss did not improve in the last 137 records. Best score: 0.242. Signaling Trainer to stop.
GPU available: True (cuda), used: True
TPU available: False, using: 0 TPU cores
HPU available: False, using: 0 HPUs
LOCAL_RANK: 0 - CUDA_VISIBLE_DEVICES: [0,1,2,3]
SLURM auto-requeueing enabled. Setting signal handlers.
[I 2024-10-13 11:35:54,348] Trial 79 finished with value: 285.4437561035156 and parameters: {'n_layers': 1, 'input_chunk_length': 40, 'hidden_dim': 142, 'learning_rate': 1.6906439410612538e-05, 'batch_size': 32, 'training_length': 343}. Best is trial 42 with value: 139.62567138671875.
Specified past encoders in `add_encoders` at model creation but model does not accept past covariates. past encoders will be ignored.
GPU available: True (cuda), used: True
TPU available: False, using: 0 TPU cores
HPU available: False, using: 0 HPUs
LOCAL_RANK: 0 - CUDA_VISIBLE_DEVICES: [0,1,2,3]
SLURM auto-requeueing enabled. Setting signal handlers.
Monitored metric val_loss did not improve in the last 138 records. Best score: 0.242. Signaling Trainer to stop.
GPU available: True (cuda), used: True
TPU available: False, using: 0 TPU cores
HPU available: False, using: 0 HPUs
LOCAL_RANK: 0 - CUDA_VISIBLE_DEVICES: [0,1,2,3]
SLURM auto-requeueing enabled. Setting signal handlers.
