[I 2024-10-13 14:24:27,558] Trial 296 finished with value: 90.14443969726562 and parameters: {'n_layers': 1, 'input_chunk_length': 35, 'hidden_dim': 174, 'learning_rate': 1.3163970022188796e-07, 'batch_size': 16, 'training_length': 219}. Best is trial 288 with value: 68.17475891113281.
Specified past encoders in `add_encoders` at model creation but model does not accept past covariates. past encoders will be ignored.
GPU available: True (cuda), used: True
TPU available: False, using: 0 TPU cores
HPU available: False, using: 0 HPUs
LOCAL_RANK: 0 - CUDA_VISIBLE_DEVICES: [0,1,2,3]
SLURM auto-requeueing enabled. Setting signal handlers.
Monitored metric val_loss did not improve in the last 354 records. Best score: -0.119. Signaling Trainer to stop.
GPU available: True (cuda), used: True
TPU available: False, using: 0 TPU cores
HPU available: False, using: 0 HPUs
LOCAL_RANK: 0 - CUDA_VISIBLE_DEVICES: [0,1,2,3]
SLURM auto-requeueing enabled. Setting signal handlers.
[I 2024-10-13 14:24:28,775] Trial 297 finished with value: 72.96035766601562 and parameters: {'n_layers': 1, 'input_chunk_length': 33, 'hidden_dim': 169, 'learning_rate': 1.163461977165414e-07, 'batch_size': 16, 'training_length': 248}. Best is trial 288 with value: 68.17475891113281.
Specified past encoders in `add_encoders` at model creation but model does not accept past covariates. past encoders will be ignored.
GPU available: True (cuda), used: True
TPU available: False, using: 0 TPU cores
HPU available: False, using: 0 HPUs
LOCAL_RANK: 0 - CUDA_VISIBLE_DEVICES: [0,1,2,3]
SLURM auto-requeueing enabled. Setting signal handlers.
Monitored metric val_loss did not improve in the last 355 records. Best score: -0.119. Signaling Trainer to stop.
GPU available: True (cuda), used: True
TPU available: False, using: 0 TPU cores
HPU available: False, using: 0 HPUs
LOCAL_RANK: 0 - CUDA_VISIBLE_DEVICES: [0,1,2,3]
SLURM auto-requeueing enabled. Setting signal handlers.
[I 2024-10-13 14:24:29,975] Trial 298 finished with value: 68.28821563720703 and parameters: {'n_layers': 1, 'input_chunk_length': 40, 'hidden_dim': 172, 'learning_rate': 1.4525565242168214e-07, 'batch_size': 16, 'training_length': 232}. Best is trial 288 with value: 68.17475891113281.
Specified past encoders in `add_encoders` at model creation but model does not accept past covariates. past encoders will be ignored.
GPU available: True (cuda), used: True
TPU available: False, using: 0 TPU cores
HPU available: False, using: 0 HPUs
LOCAL_RANK: 0 - CUDA_VISIBLE_DEVICES: [0,1,2,3]
SLURM auto-requeueing enabled. Setting signal handlers.
Monitored metric val_loss did not improve in the last 356 records. Best score: -0.119. Signaling Trainer to stop.
GPU available: True (cuda), used: True
TPU available: False, using: 0 TPU cores
HPU available: False, using: 0 HPUs
LOCAL_RANK: 0 - CUDA_VISIBLE_DEVICES: [0,1,2,3]
SLURM auto-requeueing enabled. Setting signal handlers.
[I 2024-10-13 14:24:31,192] Trial 299 finished with value: 72.38927459716797 and parameters: {'n_layers': 1, 'input_chunk_length': 31, 'hidden_dim': 171, 'learning_rate': 1.6225550166967384e-07, 'batch_size': 16, 'training_length': 235}. Best is trial 288 with value: 68.17475891113281.
Specified past encoders in `add_encoders` at model creation but model does not accept past covariates. past encoders will be ignored.
GPU available: True (cuda), used: True
TPU available: False, using: 0 TPU cores
HPU available: False, using: 0 HPUs
LOCAL_RANK: 0 - CUDA_VISIBLE_DEVICES: [0,1,2,3]
SLURM auto-requeueing enabled. Setting signal handlers.
Monitored metric val_loss did not improve in the last 357 records. Best score: -0.119. Signaling Trainer to stop.
GPU available: True (cuda), used: True
TPU available: False, using: 0 TPU cores
HPU available: False, using: 0 HPUs
LOCAL_RANK: 0 - CUDA_VISIBLE_DEVICES: [0,1,2,3]
SLURM auto-requeueing enabled. Setting signal handlers.
[I 2024-10-13 14:24:32,309] Trial 300 finished with value: 95.01625061035156 and parameters: {'n_layers': 1, 'input_chunk_length': 40, 'hidden_dim': 168, 'learning_rate': 1.0068770825977928e-07, 'batch_size': 16, 'training_length': 200}. Best is trial 288 with value: 68.17475891113281.
Specified past encoders in `add_encoders` at model creation but model does not accept past covariates. past encoders will be ignored.
GPU available: True (cuda), used: True
TPU available: False, using: 0 TPU cores
HPU available: False, using: 0 HPUs
LOCAL_RANK: 0 - CUDA_VISIBLE_DEVICES: [0,1,2,3]
SLURM auto-requeueing enabled. Setting signal handlers.
Monitored metric val_loss did not improve in the last 358 records. Best score: -0.119. Signaling Trainer to stop.
GPU available: True (cuda), used: True
TPU available: False, using: 0 TPU cores
HPU available: False, using: 0 HPUs
LOCAL_RANK: 0 - CUDA_VISIBLE_DEVICES: [0,1,2,3]
SLURM auto-requeueing enabled. Setting signal handlers.
[I 2024-10-13 14:24:33,489] Trial 301 finished with value: 81.96735382080078 and parameters: {'n_layers': 1, 'input_chunk_length': 36, 'hidden_dim': 173, 'learning_rate': 1.3202696944859954e-07, 'batch_size': 16, 'training_length': 217}. Best is trial 288 with value: 68.17475891113281.
Specified past encoders in `add_encoders` at model creation but model does not accept past covariates. past encoders will be ignored.
GPU available: True (cuda), used: True
TPU available: False, using: 0 TPU cores
HPU available: False, using: 0 HPUs
LOCAL_RANK: 0 - CUDA_VISIBLE_DEVICES: [0,1,2,3]
SLURM auto-requeueing enabled. Setting signal handlers.
Monitored metric val_loss did not improve in the last 359 records. Best score: -0.119. Signaling Trainer to stop.
GPU available: True (cuda), used: True
TPU available: False, using: 0 TPU cores
HPU available: False, using: 0 HPUs
LOCAL_RANK: 0 - CUDA_VISIBLE_DEVICES: [0,1,2,3]
SLURM auto-requeueing enabled. Setting signal handlers.
[I 2024-10-13 14:24:34,215] Trial 302 finished with value: 77.19400024414062 and parameters: {'n_layers': 1, 'input_chunk_length': 37, 'hidden_dim': 91, 'learning_rate': 1.3295669874587083e-07, 'batch_size': 16, 'training_length': 209}. Best is trial 288 with value: 68.17475891113281.
Specified past encoders in `add_encoders` at model creation but model does not accept past covariates. past encoders will be ignored.
GPU available: True (cuda), used: True
TPU available: False, using: 0 TPU cores
HPU available: False, using: 0 HPUs
LOCAL_RANK: 0 - CUDA_VISIBLE_DEVICES: [0,1,2,3]
SLURM auto-requeueing enabled. Setting signal handlers.
Monitored metric val_loss did not improve in the last 360 records. Best score: -0.119. Signaling Trainer to stop.
GPU available: True (cuda), used: True
TPU available: False, using: 0 TPU cores
HPU available: False, using: 0 HPUs
LOCAL_RANK: 0 - CUDA_VISIBLE_DEVICES: [0,1,2,3]
SLURM auto-requeueing enabled. Setting signal handlers.
[I 2024-10-13 14:24:35,457] Trial 303 finished with value: 70.493408203125 and parameters: {'n_layers': 1, 'input_chunk_length': 42, 'hidden_dim': 176, 'learning_rate': 0.0006481318406236144, 'batch_size': 16, 'training_length': 246}. Best is trial 288 with value: 68.17475891113281.
Specified past encoders in `add_encoders` at model creation but model does not accept past covariates. past encoders will be ignored.
GPU available: True (cuda), used: True
TPU available: False, using: 0 TPU cores
HPU available: False, using: 0 HPUs
LOCAL_RANK: 0 - CUDA_VISIBLE_DEVICES: [0,1,2,3]
SLURM auto-requeueing enabled. Setting signal handlers.
Monitored metric val_loss did not improve in the last 361 records. Best score: -0.119. Signaling Trainer to stop.
GPU available: True (cuda), used: True
TPU available: False, using: 0 TPU cores
HPU available: False, using: 0 HPUs
LOCAL_RANK: 0 - CUDA_VISIBLE_DEVICES: [0,1,2,3]
SLURM auto-requeueing enabled. Setting signal handlers.
[I 2024-10-13 14:24:36,232] Trial 304 finished with value: 85.62078094482422 and parameters: {'n_layers': 1, 'input_chunk_length': 46, 'hidden_dim': 125, 'learning_rate': 1.7462420442190376e-07, 'batch_size': 16, 'training_length': 229}. Best is trial 288 with value: 68.17475891113281.
Specified past encoders in `add_encoders` at model creation but model does not accept past covariates. past encoders will be ignored.
GPU available: True (cuda), used: True
TPU available: False, using: 0 TPU cores
HPU available: False, using: 0 HPUs
LOCAL_RANK: 0 - CUDA_VISIBLE_DEVICES: [0,1,2,3]
SLURM auto-requeueing enabled. Setting signal handlers.
Monitored metric val_loss did not improve in the last 362 records. Best score: -0.119. Signaling Trainer to stop.
GPU available: True (cuda), used: True
TPU available: False, using: 0 TPU cores
HPU available: False, using: 0 HPUs
LOCAL_RANK: 0 - CUDA_VISIBLE_DEVICES: [0,1,2,3]
SLURM auto-requeueing enabled. Setting signal handlers.
[I 2024-10-13 14:24:37,390] Trial 305 finished with value: 90.12390899658203 and parameters: {'n_layers': 1, 'input_chunk_length': 35, 'hidden_dim': 174, 'learning_rate': 4.151156054527174e-06, 'batch_size': 16, 'training_length': 199}. Best is trial 288 with value: 68.17475891113281.
Specified past encoders in `add_encoders` at model creation but model does not accept past covariates. past encoders will be ignored.
GPU available: True (cuda), used: True
TPU available: False, using: 0 TPU cores
HPU available: False, using: 0 HPUs
LOCAL_RANK: 0 - CUDA_VISIBLE_DEVICES: [0,1,2,3]
SLURM auto-requeueing enabled. Setting signal handlers.
Monitored metric val_loss did not improve in the last 363 records. Best score: -0.119. Signaling Trainer to stop.
GPU available: True (cuda), used: True
TPU available: False, using: 0 TPU cores
HPU available: False, using: 0 HPUs
LOCAL_RANK: 0 - CUDA_VISIBLE_DEVICES: [0,1,2,3]
SLURM auto-requeueing enabled. Setting signal handlers.
[I 2024-10-13 14:24:38,509] Trial 306 finished with value: 68.2886962890625 and parameters: {'n_layers': 1, 'input_chunk_length': 40, 'hidden_dim': 172, 'learning_rate': 1.4210286328770484e-07, 'batch_size': 16, 'training_length': 182}. Best is trial 288 with value: 68.17475891113281.
Specified past encoders in `add_encoders` at model creation but model does not accept past covariates. past encoders will be ignored.
GPU available: True (cuda), used: True
TPU available: False, using: 0 TPU cores
HPU available: False, using: 0 HPUs
LOCAL_RANK: 0 - CUDA_VISIBLE_DEVICES: [0,1,2,3]
SLURM auto-requeueing enabled. Setting signal handlers.
Monitored metric val_loss did not improve in the last 364 records. Best score: -0.119. Signaling Trainer to stop.
GPU available: True (cuda), used: True
TPU available: False, using: 0 TPU cores
HPU available: False, using: 0 HPUs
LOCAL_RANK: 0 - CUDA_VISIBLE_DEVICES: [0,1,2,3]
SLURM auto-requeueing enabled. Setting signal handlers.
[I 2024-10-13 14:24:39,613] Trial 307 finished with value: 73.63019561767578 and parameters: {'n_layers': 1, 'input_chunk_length': 42, 'hidden_dim': 167, 'learning_rate': 1.5077799770198397e-07, 'batch_size': 16, 'training_length': 181}. Best is trial 288 with value: 68.17475891113281.
Specified past encoders in `add_encoders` at model creation but model does not accept past covariates. past encoders will be ignored.
GPU available: True (cuda), used: True
TPU available: False, using: 0 TPU cores
HPU available: False, using: 0 HPUs
LOCAL_RANK: 0 - CUDA_VISIBLE_DEVICES: [0,1,2,3]
SLURM auto-requeueing enabled. Setting signal handlers.
Monitored metric val_loss did not improve in the last 365 records. Best score: -0.119. Signaling Trainer to stop.
GPU available: True (cuda), used: True
TPU available: False, using: 0 TPU cores
HPU available: False, using: 0 HPUs
LOCAL_RANK: 0 - CUDA_VISIBLE_DEVICES: [0,1,2,3]
SLURM auto-requeueing enabled. Setting signal handlers.
[I 2024-10-13 14:24:40,853] Trial 308 finished with value: 87.65325164794922 and parameters: {'n_layers': 1, 'input_chunk_length': 40, 'hidden_dim': 173, 'learning_rate': 0.00022989771728101593, 'batch_size': 16, 'training_length': 239}. Best is trial 288 with value: 68.17475891113281.
Specified past encoders in `add_encoders` at model creation but model does not accept past covariates. past encoders will be ignored.
GPU available: True (cuda), used: True
TPU available: False, using: 0 TPU cores
HPU available: False, using: 0 HPUs
LOCAL_RANK: 0 - CUDA_VISIBLE_DEVICES: [0,1,2,3]
SLURM auto-requeueing enabled. Setting signal handlers.
Monitored metric val_loss did not improve in the last 366 records. Best score: -0.119. Signaling Trainer to stop.
GPU available: True (cuda), used: True
TPU available: False, using: 0 TPU cores
HPU available: False, using: 0 HPUs
LOCAL_RANK: 0 - CUDA_VISIBLE_DEVICES: [0,1,2,3]
SLURM auto-requeueing enabled. Setting signal handlers.
[I 2024-10-13 14:24:41,989] Trial 309 finished with value: 84.81819152832031 and parameters: {'n_layers': 1, 'input_chunk_length': 38, 'hidden_dim': 178, 'learning_rate': 1.1717693981858931e-07, 'batch_size': 16, 'training_length': 189}. Best is trial 288 with value: 68.17475891113281.
Specified past encoders in `add_encoders` at model creation but model does not accept past covariates. past encoders will be ignored.
GPU available: True (cuda), used: True
TPU available: False, using: 0 TPU cores
HPU available: False, using: 0 HPUs
LOCAL_RANK: 0 - CUDA_VISIBLE_DEVICES: [0,1,2,3]
SLURM auto-requeueing enabled. Setting signal handlers.
Monitored metric val_loss did not improve in the last 367 records. Best score: -0.119. Signaling Trainer to stop.
GPU available: True (cuda), used: True
TPU available: False, using: 0 TPU cores
HPU available: False, using: 0 HPUs
LOCAL_RANK: 0 - CUDA_VISIBLE_DEVICES: [0,1,2,3]
SLURM auto-requeueing enabled. Setting signal handlers.
[I 2024-10-13 14:24:43,160] Trial 310 finished with value: 72.3868179321289 and parameters: {'n_layers': 1, 'input_chunk_length': 32, 'hidden_dim': 171, 'learning_rate': 1.4242343054473314e-07, 'batch_size': 16, 'training_length': 212}. Best is trial 288 with value: 68.17475891113281.
Specified past encoders in `add_encoders` at model creation but model does not accept past covariates. past encoders will be ignored.
GPU available: True (cuda), used: True
TPU available: False, using: 0 TPU cores
HPU available: False, using: 0 HPUs
LOCAL_RANK: 0 - CUDA_VISIBLE_DEVICES: [0,1,2,3]
SLURM auto-requeueing enabled. Setting signal handlers.
Monitored metric val_loss did not improve in the last 368 records. Best score: -0.119. Signaling Trainer to stop.
GPU available: True (cuda), used: True
TPU available: False, using: 0 TPU cores
HPU available: False, using: 0 HPUs
LOCAL_RANK: 0 - CUDA_VISIBLE_DEVICES: [0,1,2,3]
SLURM auto-requeueing enabled. Setting signal handlers.
[I 2024-10-13 14:24:43,882] Trial 311 finished with value: 69.2909927368164 and parameters: {'n_layers': 1, 'input_chunk_length': 38, 'hidden_dim': 57, 'learning_rate': 1.2031748960802185e-07, 'batch_size': 16, 'training_length': 197}. Best is trial 288 with value: 68.17475891113281.
Specified past encoders in `add_encoders` at model creation but model does not accept past covariates. past encoders will be ignored.
GPU available: True (cuda), used: True
TPU available: False, using: 0 TPU cores
HPU available: False, using: 0 HPUs
LOCAL_RANK: 0 - CUDA_VISIBLE_DEVICES: [0,1,2,3]
SLURM auto-requeueing enabled. Setting signal handlers.
Monitored metric val_loss did not improve in the last 369 records. Best score: -0.119. Signaling Trainer to stop.
GPU available: True (cuda), used: True
TPU available: False, using: 0 TPU cores
HPU available: False, using: 0 HPUs
LOCAL_RANK: 0 - CUDA_VISIBLE_DEVICES: [0,1,2,3]
SLURM auto-requeueing enabled. Setting signal handlers.
[I 2024-10-13 14:24:44,611] Trial 312 finished with value: 69.29129791259766 and parameters: {'n_layers': 1, 'input_chunk_length': 39, 'hidden_dim': 57, 'learning_rate': 1.1576786499317303e-07, 'batch_size': 16, 'training_length': 203}. Best is trial 288 with value: 68.17475891113281.
Specified past encoders in `add_encoders` at model creation but model does not accept past covariates. past encoders will be ignored.
GPU available: True (cuda), used: True
TPU available: False, using: 0 TPU cores
HPU available: False, using: 0 HPUs
LOCAL_RANK: 0 - CUDA_VISIBLE_DEVICES: [0,1,2,3]
SLURM auto-requeueing enabled. Setting signal handlers.
Monitored metric val_loss did not improve in the last 370 records. Best score: -0.119. Signaling Trainer to stop.
GPU available: True (cuda), used: True
TPU available: False, using: 0 TPU cores
HPU available: False, using: 0 HPUs
LOCAL_RANK: 0 - CUDA_VISIBLE_DEVICES: [0,1,2,3]
SLURM auto-requeueing enabled. Setting signal handlers.
[I 2024-10-13 14:24:45,340] Trial 313 finished with value: 69.29222869873047 and parameters: {'n_layers': 1, 'input_chunk_length': 39, 'hidden_dim': 57, 'learning_rate': 1.0338962415164263e-05, 'batch_size': 16, 'training_length': 201}. Best is trial 288 with value: 68.17475891113281.
Specified past encoders in `add_encoders` at model creation but model does not accept past covariates. past encoders will be ignored.
GPU available: True (cuda), used: True
TPU available: False, using: 0 TPU cores
HPU available: False, using: 0 HPUs
LOCAL_RANK: 0 - CUDA_VISIBLE_DEVICES: [0,1,2,3]
SLURM auto-requeueing enabled. Setting signal handlers.
Monitored metric val_loss did not improve in the last 371 records. Best score: -0.119. Signaling Trainer to stop.
GPU available: True (cuda), used: True
TPU available: False, using: 0 TPU cores
HPU available: False, using: 0 HPUs
LOCAL_RANK: 0 - CUDA_VISIBLE_DEVICES: [0,1,2,3]
SLURM auto-requeueing enabled. Setting signal handlers.
[I 2024-10-13 14:24:46,071] Trial 314 finished with value: 81.72682189941406 and parameters: {'n_layers': 1, 'input_chunk_length': 39, 'hidden_dim': 53, 'learning_rate': 1.185930829062079e-07, 'batch_size': 16, 'training_length': 203}. Best is trial 288 with value: 68.17475891113281.
Specified past encoders in `add_encoders` at model creation but model does not accept past covariates. past encoders will be ignored.
GPU available: True (cuda), used: True
TPU available: False, using: 0 TPU cores
HPU available: False, using: 0 HPUs
LOCAL_RANK: 0 - CUDA_VISIBLE_DEVICES: [0,1,2,3]
SLURM auto-requeueing enabled. Setting signal handlers.
Monitored metric val_loss did not improve in the last 372 records. Best score: -0.119. Signaling Trainer to stop.
GPU available: True (cuda), used: True
TPU available: False, using: 0 TPU cores
HPU available: False, using: 0 HPUs
LOCAL_RANK: 0 - CUDA_VISIBLE_DEVICES: [0,1,2,3]
SLURM auto-requeueing enabled. Setting signal handlers.
[I 2024-10-13 14:24:46,801] Trial 315 finished with value: 69.2474365234375 and parameters: {'n_layers': 1, 'input_chunk_length': 41, 'hidden_dim': 57, 'learning_rate': 1.0151385643292038e-07, 'batch_size': 16, 'training_length': 198}. Best is trial 288 with value: 68.17475891113281.
Specified past encoders in `add_encoders` at model creation but model does not accept past covariates. past encoders will be ignored.
GPU available: True (cuda), used: True
TPU available: False, using: 0 TPU cores
HPU available: False, using: 0 HPUs
LOCAL_RANK: 0 - CUDA_VISIBLE_DEVICES: [0,1,2,3]
SLURM auto-requeueing enabled. Setting signal handlers.
Monitored metric val_loss did not improve in the last 373 records. Best score: -0.119. Signaling Trainer to stop.
GPU available: True (cuda), used: True
TPU available: False, using: 0 TPU cores
HPU available: False, using: 0 HPUs
LOCAL_RANK: 0 - CUDA_VISIBLE_DEVICES: [0,1,2,3]
SLURM auto-requeueing enabled. Setting signal handlers.
[I 2024-10-13 14:24:47,532] Trial 316 finished with value: 81.69292449951172 and parameters: {'n_layers': 1, 'input_chunk_length': 41, 'hidden_dim': 53, 'learning_rate': 1.0107045727382838e-07, 'batch_size': 16, 'training_length': 198}. Best is trial 288 with value: 68.17475891113281.
Specified past encoders in `add_encoders` at model creation but model does not accept past covariates. past encoders will be ignored.
GPU available: True (cuda), used: True
TPU available: False, using: 0 TPU cores
HPU available: False, using: 0 HPUs
LOCAL_RANK: 0 - CUDA_VISIBLE_DEVICES: [0,1,2,3]
SLURM auto-requeueing enabled. Setting signal handlers.
Monitored metric val_loss did not improve in the last 374 records. Best score: -0.119. Signaling Trainer to stop.
GPU available: True (cuda), used: True
TPU available: False, using: 0 TPU cores
HPU available: False, using: 0 HPUs
LOCAL_RANK: 0 - CUDA_VISIBLE_DEVICES: [0,1,2,3]
SLURM auto-requeueing enabled. Setting signal handlers.
[I 2024-10-13 14:24:48,264] Trial 317 finished with value: 69.37422943115234 and parameters: {'n_layers': 1, 'input_chunk_length': 40, 'hidden_dim': 57, 'learning_rate': 1.331316136000081e-07, 'batch_size': 16, 'training_length': 190}. Best is trial 288 with value: 68.17475891113281.
Specified past encoders in `add_encoders` at model creation but model does not accept past covariates. past encoders will be ignored.
GPU available: True (cuda), used: True
TPU available: False, using: 0 TPU cores
HPU available: False, using: 0 HPUs
LOCAL_RANK: 0 - CUDA_VISIBLE_DEVICES: [0,1,2,3]
SLURM auto-requeueing enabled. Setting signal handlers.
Monitored metric val_loss did not improve in the last 375 records. Best score: -0.119. Signaling Trainer to stop.
GPU available: True (cuda), used: True
TPU available: False, using: 0 TPU cores
HPU available: False, using: 0 HPUs
LOCAL_RANK: 0 - CUDA_VISIBLE_DEVICES: [0,1,2,3]
SLURM auto-requeueing enabled. Setting signal handlers.
