[I 2024-10-13 12:03:59,506] Trial 369 finished with value: 29.459794998168945 and parameters: {'n_layers': 1, 'input_chunk_length': 66, 'hidden_dim': 149, 'learning_rate': 5.339060199888571e-06, 'batch_size': 16, 'training_length': 202}. Best is trial 68 with value: 21.851852416992188.
Specified past encoders in `add_encoders` at model creation but model does not accept past covariates. past encoders will be ignored.
GPU available: True (cuda), used: True
TPU available: False, using: 0 TPU cores
HPU available: False, using: 0 HPUs
LOCAL_RANK: 0 - CUDA_VISIBLE_DEVICES: [0,1,2,3]
SLURM auto-requeueing enabled. Setting signal handlers.
Monitored metric val_loss did not improve in the last 428 records. Best score: -0.648. Signaling Trainer to stop.
GPU available: True (cuda), used: True
TPU available: False, using: 0 TPU cores
HPU available: False, using: 0 HPUs
LOCAL_RANK: 0 - CUDA_VISIBLE_DEVICES: [0,1,2,3]
SLURM auto-requeueing enabled. Setting signal handlers.
[I 2024-10-13 12:04:00,322] Trial 370 finished with value: 44.860740661621094 and parameters: {'n_layers': 1, 'input_chunk_length': 63, 'hidden_dim': 143, 'learning_rate': 5.9837899356403847e-05, 'batch_size': 16, 'training_length': 69}. Best is trial 68 with value: 21.851852416992188.
Specified past encoders in `add_encoders` at model creation but model does not accept past covariates. past encoders will be ignored.
GPU available: True (cuda), used: True
TPU available: False, using: 0 TPU cores
HPU available: False, using: 0 HPUs
LOCAL_RANK: 0 - CUDA_VISIBLE_DEVICES: [0,1,2,3]
SLURM auto-requeueing enabled. Setting signal handlers.
Monitored metric val_loss did not improve in the last 429 records. Best score: -0.648. Signaling Trainer to stop.
GPU available: True (cuda), used: True
TPU available: False, using: 0 TPU cores
HPU available: False, using: 0 HPUs
LOCAL_RANK: 0 - CUDA_VISIBLE_DEVICES: [0,1,2,3]
SLURM auto-requeueing enabled. Setting signal handlers.
[I 2024-10-13 12:04:01,124] Trial 371 finished with value: 50.20371627807617 and parameters: {'n_layers': 1, 'input_chunk_length': 33, 'hidden_dim': 145, 'learning_rate': 4.367015782852547e-05, 'batch_size': 16, 'training_length': 50}. Best is trial 68 with value: 21.851852416992188.
Specified past encoders in `add_encoders` at model creation but model does not accept past covariates. past encoders will be ignored.
GPU available: True (cuda), used: True
TPU available: False, using: 0 TPU cores
HPU available: False, using: 0 HPUs
LOCAL_RANK: 0 - CUDA_VISIBLE_DEVICES: [0,1,2,3]
SLURM auto-requeueing enabled. Setting signal handlers.
Monitored metric val_loss did not improve in the last 430 records. Best score: -0.648. Signaling Trainer to stop.
GPU available: True (cuda), used: True
TPU available: False, using: 0 TPU cores
HPU available: False, using: 0 HPUs
LOCAL_RANK: 0 - CUDA_VISIBLE_DEVICES: [0,1,2,3]
SLURM auto-requeueing enabled. Setting signal handlers.
[I 2024-10-13 12:04:01,820] Trial 372 finished with value: 33.62899398803711 and parameters: {'n_layers': 1, 'input_chunk_length': 67, 'hidden_dim': 147, 'learning_rate': 4.125038935449045e-06, 'batch_size': 32, 'training_length': 76}. Best is trial 68 with value: 21.851852416992188.
Specified past encoders in `add_encoders` at model creation but model does not accept past covariates. past encoders will be ignored.
GPU available: True (cuda), used: True
TPU available: False, using: 0 TPU cores
HPU available: False, using: 0 HPUs
LOCAL_RANK: 0 - CUDA_VISIBLE_DEVICES: [0,1,2,3]
SLURM auto-requeueing enabled. Setting signal handlers.
Monitored metric val_loss did not improve in the last 431 records. Best score: -0.648. Signaling Trainer to stop.
GPU available: True (cuda), used: True
TPU available: False, using: 0 TPU cores
HPU available: False, using: 0 HPUs
LOCAL_RANK: 0 - CUDA_VISIBLE_DEVICES: [0,1,2,3]
SLURM auto-requeueing enabled. Setting signal handlers.
[I 2024-10-13 12:04:02,610] Trial 373 finished with value: 44.56858444213867 and parameters: {'n_layers': 1, 'input_chunk_length': 28, 'hidden_dim': 143, 'learning_rate': 7.095630222411778e-05, 'batch_size': 16, 'training_length': 53}. Best is trial 68 with value: 21.851852416992188.
Specified past encoders in `add_encoders` at model creation but model does not accept past covariates. past encoders will be ignored.
GPU available: True (cuda), used: True
TPU available: False, using: 0 TPU cores
HPU available: False, using: 0 HPUs
LOCAL_RANK: 0 - CUDA_VISIBLE_DEVICES: [0,1,2,3]
SLURM auto-requeueing enabled. Setting signal handlers.
Monitored metric val_loss did not improve in the last 432 records. Best score: -0.648. Signaling Trainer to stop.
GPU available: True (cuda), used: True
TPU available: False, using: 0 TPU cores
HPU available: False, using: 0 HPUs
LOCAL_RANK: 0 - CUDA_VISIBLE_DEVICES: [0,1,2,3]
SLURM auto-requeueing enabled. Setting signal handlers.
[I 2024-10-13 12:04:03,561] Trial 374 finished with value: 31.987667083740234 and parameters: {'n_layers': 2, 'dropout': 0.07381896847320452, 'input_chunk_length': 62, 'hidden_dim': 150, 'learning_rate': 4.859285299279159e-06, 'batch_size': 16, 'training_length': 68}. Best is trial 68 with value: 21.851852416992188.
Specified past encoders in `add_encoders` at model creation but model does not accept past covariates. past encoders will be ignored.
GPU available: True (cuda), used: True
TPU available: False, using: 0 TPU cores
HPU available: False, using: 0 HPUs
LOCAL_RANK: 0 - CUDA_VISIBLE_DEVICES: [0,1,2,3]
SLURM auto-requeueing enabled. Setting signal handlers.
Monitored metric val_loss did not improve in the last 433 records. Best score: -0.648. Signaling Trainer to stop.
GPU available: True (cuda), used: True
TPU available: False, using: 0 TPU cores
HPU available: False, using: 0 HPUs
LOCAL_RANK: 0 - CUDA_VISIBLE_DEVICES: [0,1,2,3]
SLURM auto-requeueing enabled. Setting signal handlers.
[I 2024-10-13 12:04:04,383] Trial 375 finished with value: 33.17207336425781 and parameters: {'n_layers': 1, 'input_chunk_length': 65, 'hidden_dim': 155, 'learning_rate': 6.495227178799266e-06, 'batch_size': 16, 'training_length': 71}. Best is trial 68 with value: 21.851852416992188.
Specified past encoders in `add_encoders` at model creation but model does not accept past covariates. past encoders will be ignored.
GPU available: True (cuda), used: True
TPU available: False, using: 0 TPU cores
HPU available: False, using: 0 HPUs
LOCAL_RANK: 0 - CUDA_VISIBLE_DEVICES: [0,1,2,3]
SLURM auto-requeueing enabled. Setting signal handlers.
Monitored metric val_loss did not improve in the last 434 records. Best score: -0.648. Signaling Trainer to stop.
GPU available: True (cuda), used: True
TPU available: False, using: 0 TPU cores
HPU available: False, using: 0 HPUs
LOCAL_RANK: 0 - CUDA_VISIBLE_DEVICES: [0,1,2,3]
SLURM auto-requeueing enabled. Setting signal handlers.
[I 2024-10-13 12:04:05,197] Trial 376 finished with value: 23.166004180908203 and parameters: {'n_layers': 1, 'input_chunk_length': 59, 'hidden_dim': 146, 'learning_rate': 5.384975367380804e-05, 'batch_size': 16, 'training_length': 66}. Best is trial 68 with value: 21.851852416992188.
Specified past encoders in `add_encoders` at model creation but model does not accept past covariates. past encoders will be ignored.
GPU available: True (cuda), used: True
TPU available: False, using: 0 TPU cores
HPU available: False, using: 0 HPUs
LOCAL_RANK: 0 - CUDA_VISIBLE_DEVICES: [0,1,2,3]
SLURM auto-requeueing enabled. Setting signal handlers.
Monitored metric val_loss did not improve in the last 435 records. Best score: -0.648. Signaling Trainer to stop.
GPU available: True (cuda), used: True
TPU available: False, using: 0 TPU cores
HPU available: False, using: 0 HPUs
LOCAL_RANK: 0 - CUDA_VISIBLE_DEVICES: [0,1,2,3]
SLURM auto-requeueing enabled. Setting signal handlers.
[I 2024-10-13 12:04:06,011] Trial 377 finished with value: 38.75740051269531 and parameters: {'n_layers': 1, 'input_chunk_length': 58, 'hidden_dim': 148, 'learning_rate': 5.403688248085477e-05, 'batch_size': 16, 'training_length': 63}. Best is trial 68 with value: 21.851852416992188.
Specified past encoders in `add_encoders` at model creation but model does not accept past covariates. past encoders will be ignored.
GPU available: True (cuda), used: True
TPU available: False, using: 0 TPU cores
HPU available: False, using: 0 HPUs
LOCAL_RANK: 0 - CUDA_VISIBLE_DEVICES: [0,1,2,3]
SLURM auto-requeueing enabled. Setting signal handlers.
Monitored metric val_loss did not improve in the last 436 records. Best score: -0.648. Signaling Trainer to stop.
GPU available: True (cuda), used: True
TPU available: False, using: 0 TPU cores
HPU available: False, using: 0 HPUs
LOCAL_RANK: 0 - CUDA_VISIBLE_DEVICES: [0,1,2,3]
SLURM auto-requeueing enabled. Setting signal handlers.
[I 2024-10-13 12:04:06,828] Trial 378 finished with value: 37.486446380615234 and parameters: {'n_layers': 1, 'input_chunk_length': 55, 'hidden_dim': 153, 'learning_rate': 1.0001871936414324e-05, 'batch_size': 16, 'training_length': 64}. Best is trial 68 with value: 21.851852416992188.
Specified past encoders in `add_encoders` at model creation but model does not accept past covariates. past encoders will be ignored.
GPU available: True (cuda), used: True
TPU available: False, using: 0 TPU cores
HPU available: False, using: 0 HPUs
LOCAL_RANK: 0 - CUDA_VISIBLE_DEVICES: [0,1,2,3]
SLURM auto-requeueing enabled. Setting signal handlers.
Monitored metric val_loss did not improve in the last 437 records. Best score: -0.648. Signaling Trainer to stop.
GPU available: True (cuda), used: True
TPU available: False, using: 0 TPU cores
HPU available: False, using: 0 HPUs
LOCAL_RANK: 0 - CUDA_VISIBLE_DEVICES: [0,1,2,3]
SLURM auto-requeueing enabled. Setting signal handlers.
[I 2024-10-13 12:04:07,887] Trial 379 finished with value: 23.369230270385742 and parameters: {'n_layers': 1, 'input_chunk_length': 57, 'hidden_dim': 146, 'learning_rate': 6.256126479625322e-05, 'batch_size': 16, 'training_length': 215}. Best is trial 68 with value: 21.851852416992188.
Specified past encoders in `add_encoders` at model creation but model does not accept past covariates. past encoders will be ignored.
GPU available: True (cuda), used: True
TPU available: False, using: 0 TPU cores
HPU available: False, using: 0 HPUs
LOCAL_RANK: 0 - CUDA_VISIBLE_DEVICES: [0,1,2,3]
SLURM auto-requeueing enabled. Setting signal handlers.
Monitored metric val_loss did not improve in the last 438 records. Best score: -0.648. Signaling Trainer to stop.
GPU available: True (cuda), used: True
TPU available: False, using: 0 TPU cores
HPU available: False, using: 0 HPUs
LOCAL_RANK: 0 - CUDA_VISIBLE_DEVICES: [0,1,2,3]
SLURM auto-requeueing enabled. Setting signal handlers.
[I 2024-10-13 12:04:08,928] Trial 380 finished with value: 67.6348648071289 and parameters: {'n_layers': 1, 'input_chunk_length': 57, 'hidden_dim': 150, 'learning_rate': 7.230083756102971e-05, 'batch_size': 16, 'training_length': 215}. Best is trial 68 with value: 21.851852416992188.
Specified past encoders in `add_encoders` at model creation but model does not accept past covariates. past encoders will be ignored.
GPU available: True (cuda), used: True
TPU available: False, using: 0 TPU cores
HPU available: False, using: 0 HPUs
LOCAL_RANK: 0 - CUDA_VISIBLE_DEVICES: [0,1,2,3]
SLURM auto-requeueing enabled. Setting signal handlers.
Monitored metric val_loss did not improve in the last 439 records. Best score: -0.648. Signaling Trainer to stop.
GPU available: True (cuda), used: True
TPU available: False, using: 0 TPU cores
HPU available: False, using: 0 HPUs
LOCAL_RANK: 0 - CUDA_VISIBLE_DEVICES: [0,1,2,3]
SLURM auto-requeueing enabled. Setting signal handlers.
[I 2024-10-13 12:04:09,922] Trial 381 finished with value: 25.976680755615234 and parameters: {'n_layers': 1, 'input_chunk_length': 60, 'hidden_dim': 146, 'learning_rate': 9.290753379938208e-05, 'batch_size': 16, 'training_length': 187}. Best is trial 68 with value: 21.851852416992188.
Specified past encoders in `add_encoders` at model creation but model does not accept past covariates. past encoders will be ignored.
GPU available: True (cuda), used: True
TPU available: False, using: 0 TPU cores
HPU available: False, using: 0 HPUs
LOCAL_RANK: 0 - CUDA_VISIBLE_DEVICES: [0,1,2,3]
SLURM auto-requeueing enabled. Setting signal handlers.
Monitored metric val_loss did not improve in the last 440 records. Best score: -0.648. Signaling Trainer to stop.
GPU available: True (cuda), used: True
TPU available: False, using: 0 TPU cores
HPU available: False, using: 0 HPUs
LOCAL_RANK: 0 - CUDA_VISIBLE_DEVICES: [0,1,2,3]
SLURM auto-requeueing enabled. Setting signal handlers.
[I 2024-10-13 12:04:10,731] Trial 382 finished with value: 23.37799644470215 and parameters: {'n_layers': 1, 'input_chunk_length': 58, 'hidden_dim': 146, 'learning_rate': 5.931203060902648e-05, 'batch_size': 16, 'training_length': 64}. Best is trial 68 with value: 21.851852416992188.
Specified past encoders in `add_encoders` at model creation but model does not accept past covariates. past encoders will be ignored.
GPU available: True (cuda), used: True
TPU available: False, using: 0 TPU cores
HPU available: False, using: 0 HPUs
LOCAL_RANK: 0 - CUDA_VISIBLE_DEVICES: [0,1,2,3]
SLURM auto-requeueing enabled. Setting signal handlers.
Monitored metric val_loss did not improve in the last 441 records. Best score: -0.648. Signaling Trainer to stop.
GPU available: True (cuda), used: True
TPU available: False, using: 0 TPU cores
HPU available: False, using: 0 HPUs
LOCAL_RANK: 0 - CUDA_VISIBLE_DEVICES: [0,1,2,3]
SLURM auto-requeueing enabled. Setting signal handlers.
[I 2024-10-13 12:04:11,546] Trial 383 finished with value: 39.281803131103516 and parameters: {'n_layers': 1, 'input_chunk_length': 54, 'hidden_dim': 152, 'learning_rate': 8.405712357911488e-05, 'batch_size': 16, 'training_length': 61}. Best is trial 68 with value: 21.851852416992188.
Specified past encoders in `add_encoders` at model creation but model does not accept past covariates. past encoders will be ignored.
GPU available: True (cuda), used: True
TPU available: False, using: 0 TPU cores
HPU available: False, using: 0 HPUs
LOCAL_RANK: 0 - CUDA_VISIBLE_DEVICES: [0,1,2,3]
SLURM auto-requeueing enabled. Setting signal handlers.
Monitored metric val_loss did not improve in the last 442 records. Best score: -0.648. Signaling Trainer to stop.
GPU available: True (cuda), used: True
TPU available: False, using: 0 TPU cores
HPU available: False, using: 0 HPUs
LOCAL_RANK: 0 - CUDA_VISIBLE_DEVICES: [0,1,2,3]
SLURM auto-requeueing enabled. Setting signal handlers.
[I 2024-10-13 12:04:12,361] Trial 384 finished with value: 23.394577026367188 and parameters: {'n_layers': 1, 'input_chunk_length': 58, 'hidden_dim': 146, 'learning_rate': 6.009428694163601e-05, 'batch_size': 16, 'training_length': 64}. Best is trial 68 with value: 21.851852416992188.
Specified past encoders in `add_encoders` at model creation but model does not accept past covariates. past encoders will be ignored.
GPU available: True (cuda), used: True
TPU available: False, using: 0 TPU cores
HPU available: False, using: 0 HPUs
LOCAL_RANK: 0 - CUDA_VISIBLE_DEVICES: [0,1,2,3]
SLURM auto-requeueing enabled. Setting signal handlers.
Monitored metric val_loss did not improve in the last 443 records. Best score: -0.648. Signaling Trainer to stop.
GPU available: True (cuda), used: True
TPU available: False, using: 0 TPU cores
HPU available: False, using: 0 HPUs
LOCAL_RANK: 0 - CUDA_VISIBLE_DEVICES: [0,1,2,3]
SLURM auto-requeueing enabled. Setting signal handlers.
[I 2024-10-13 12:04:13,171] Trial 385 finished with value: 39.184593200683594 and parameters: {'n_layers': 1, 'input_chunk_length': 57, 'hidden_dim': 148, 'learning_rate': 7.089719274725525e-05, 'batch_size': 16, 'training_length': 63}. Best is trial 68 with value: 21.851852416992188.
Specified past encoders in `add_encoders` at model creation but model does not accept past covariates. past encoders will be ignored.
GPU available: True (cuda), used: True
TPU available: False, using: 0 TPU cores
HPU available: False, using: 0 HPUs
LOCAL_RANK: 0 - CUDA_VISIBLE_DEVICES: [0,1,2,3]
SLURM auto-requeueing enabled. Setting signal handlers.
Monitored metric val_loss did not improve in the last 444 records. Best score: -0.648. Signaling Trainer to stop.
GPU available: True (cuda), used: True
TPU available: False, using: 0 TPU cores
HPU available: False, using: 0 HPUs
LOCAL_RANK: 0 - CUDA_VISIBLE_DEVICES: [0,1,2,3]
SLURM auto-requeueing enabled. Setting signal handlers.
[I 2024-10-13 12:04:14,302] Trial 386 finished with value: 23.34872055053711 and parameters: {'n_layers': 1, 'input_chunk_length': 59, 'hidden_dim': 146, 'learning_rate': 5.915919710548496e-05, 'batch_size': 16, 'training_length': 280}. Best is trial 68 with value: 21.851852416992188.
Specified past encoders in `add_encoders` at model creation but model does not accept past covariates. past encoders will be ignored.
GPU available: True (cuda), used: True
TPU available: False, using: 0 TPU cores
HPU available: False, using: 0 HPUs
LOCAL_RANK: 0 - CUDA_VISIBLE_DEVICES: [0,1,2,3]
SLURM auto-requeueing enabled. Setting signal handlers.
Monitored metric val_loss did not improve in the last 445 records. Best score: -0.648. Signaling Trainer to stop.
GPU available: True (cuda), used: True
TPU available: False, using: 0 TPU cores
HPU available: False, using: 0 HPUs
LOCAL_RANK: 0 - CUDA_VISIBLE_DEVICES: [0,1,2,3]
SLURM auto-requeueing enabled. Setting signal handlers.
[I 2024-10-13 12:04:15,442] Trial 387 finished with value: 51.51531982421875 and parameters: {'n_layers': 1, 'input_chunk_length': 59, 'hidden_dim': 145, 'learning_rate': 0.00010425825766892431, 'batch_size': 16, 'training_length': 286}. Best is trial 68 with value: 21.851852416992188.
Specified past encoders in `add_encoders` at model creation but model does not accept past covariates. past encoders will be ignored.
GPU available: True (cuda), used: True
TPU available: False, using: 0 TPU cores
HPU available: False, using: 0 HPUs
LOCAL_RANK: 0 - CUDA_VISIBLE_DEVICES: [0,1,2,3]
SLURM auto-requeueing enabled. Setting signal handlers.
Monitored metric val_loss did not improve in the last 446 records. Best score: -0.648. Signaling Trainer to stop.
GPU available: True (cuda), used: True
TPU available: False, using: 0 TPU cores
HPU available: False, using: 0 HPUs
LOCAL_RANK: 0 - CUDA_VISIBLE_DEVICES: [0,1,2,3]
SLURM auto-requeueing enabled. Setting signal handlers.
[I 2024-10-13 12:04:16,193] Trial 388 finished with value: 33.603092193603516 and parameters: {'n_layers': 1, 'input_chunk_length': 56, 'hidden_dim': 98, 'learning_rate': 6.191408162154259e-05, 'batch_size': 16, 'training_length': 253}. Best is trial 68 with value: 21.851852416992188.
Specified past encoders in `add_encoders` at model creation but model does not accept past covariates. past encoders will be ignored.
GPU available: True (cuda), used: True
TPU available: False, using: 0 TPU cores
HPU available: False, using: 0 HPUs
LOCAL_RANK: 0 - CUDA_VISIBLE_DEVICES: [0,1,2,3]
SLURM auto-requeueing enabled. Setting signal handlers.
Monitored metric val_loss did not improve in the last 447 records. Best score: -0.648. Signaling Trainer to stop.
GPU available: True (cuda), used: True
TPU available: False, using: 0 TPU cores
HPU available: False, using: 0 HPUs
LOCAL_RANK: 0 - CUDA_VISIBLE_DEVICES: [0,1,2,3]
SLURM auto-requeueing enabled. Setting signal handlers.
[I 2024-10-13 12:04:17,299] Trial 389 finished with value: 40.681636810302734 and parameters: {'n_layers': 1, 'input_chunk_length': 59, 'hidden_dim': 148, 'learning_rate': 8.04051996353263e-05, 'batch_size': 16, 'training_length': 265}. Best is trial 68 with value: 21.851852416992188.
Specified past encoders in `add_encoders` at model creation but model does not accept past covariates. past encoders will be ignored.
GPU available: True (cuda), used: True
TPU available: False, using: 0 TPU cores
HPU available: False, using: 0 HPUs
LOCAL_RANK: 0 - CUDA_VISIBLE_DEVICES: [0,1,2,3]
SLURM auto-requeueing enabled. Setting signal handlers.
Monitored metric val_loss did not improve in the last 448 records. Best score: -0.648. Signaling Trainer to stop.
GPU available: True (cuda), used: True
TPU available: False, using: 0 TPU cores
HPU available: False, using: 0 HPUs
LOCAL_RANK: 0 - CUDA_VISIBLE_DEVICES: [0,1,2,3]
SLURM auto-requeueing enabled. Setting signal handlers.
[I 2024-10-13 12:04:18,473] Trial 390 finished with value: 29.404056549072266 and parameters: {'n_layers': 1, 'input_chunk_length': 61, 'hidden_dim': 151, 'learning_rate': 6.120276212524224e-05, 'batch_size': 16, 'training_length': 296}. Best is trial 68 with value: 21.851852416992188.
Specified past encoders in `add_encoders` at model creation but model does not accept past covariates. past encoders will be ignored.
GPU available: True (cuda), used: True
TPU available: False, using: 0 TPU cores
HPU available: False, using: 0 HPUs
LOCAL_RANK: 0 - CUDA_VISIBLE_DEVICES: [0,1,2,3]
SLURM auto-requeueing enabled. Setting signal handlers.
Monitored metric val_loss did not improve in the last 449 records. Best score: -0.648. Signaling Trainer to stop.
GPU available: True (cuda), used: True
TPU available: False, using: 0 TPU cores
HPU available: False, using: 0 HPUs
LOCAL_RANK: 0 - CUDA_VISIBLE_DEVICES: [0,1,2,3]
SLURM auto-requeueing enabled. Setting signal handlers.
