[I 2024-10-13 14:27:54,933] Trial 509 finished with value: 82.01122283935547 and parameters: {'n_layers': 1, 'input_chunk_length': 65, 'hidden_dim': 173, 'learning_rate': 7.351860359612526e-06, 'batch_size': 64, 'training_length': 256}. Best is trial 412 with value: 68.12953186035156.
Specified past encoders in `add_encoders` at model creation but model does not accept past covariates. past encoders will be ignored.
GPU available: True (cuda), used: True
TPU available: False, using: 0 TPU cores
HPU available: False, using: 0 HPUs
LOCAL_RANK: 0 - CUDA_VISIBLE_DEVICES: [0,1,2,3]
SLURM auto-requeueing enabled. Setting signal handlers.
/pfs/data5/home/tu/tu_tu/tu_zxoul27/micromamba/envs/power/lib/python3.12/site-packages/pytorch_lightning/loops/fit_loop.py:298: The number of training batches (15) is smaller than the logging interval Trainer(log_every_n_steps=20). Set a lower value for log_every_n_steps if you want to see logs for the training epoch.
Monitored metric val_loss did not improve in the last 567 records. Best score: -0.119. Signaling Trainer to stop.
GPU available: True (cuda), used: True
TPU available: False, using: 0 TPU cores
HPU available: False, using: 0 HPUs
LOCAL_RANK: 0 - CUDA_VISIBLE_DEVICES: [0,1,2,3]
SLURM auto-requeueing enabled. Setting signal handlers.
[I 2024-10-13 14:27:55,786] Trial 510 finished with value: 73.64576721191406 and parameters: {'n_layers': 1, 'input_chunk_length': 74, 'hidden_dim': 167, 'learning_rate': 8.671698664264294e-06, 'batch_size': 64, 'training_length': 242}. Best is trial 412 with value: 68.12953186035156.
Specified past encoders in `add_encoders` at model creation but model does not accept past covariates. past encoders will be ignored.
GPU available: True (cuda), used: True
TPU available: False, using: 0 TPU cores
HPU available: False, using: 0 HPUs
LOCAL_RANK: 0 - CUDA_VISIBLE_DEVICES: [0,1,2,3]
SLURM auto-requeueing enabled. Setting signal handlers.
/pfs/data5/home/tu/tu_tu/tu_zxoul27/micromamba/envs/power/lib/python3.12/site-packages/pytorch_lightning/loops/fit_loop.py:298: The number of training batches (14) is smaller than the logging interval Trainer(log_every_n_steps=20). Set a lower value for log_every_n_steps if you want to see logs for the training epoch.
Monitored metric val_loss did not improve in the last 568 records. Best score: -0.119. Signaling Trainer to stop.
GPU available: True (cuda), used: True
TPU available: False, using: 0 TPU cores
HPU available: False, using: 0 HPUs
LOCAL_RANK: 0 - CUDA_VISIBLE_DEVICES: [0,1,2,3]
SLURM auto-requeueing enabled. Setting signal handlers.
[I 2024-10-13 14:27:56,635] Trial 511 finished with value: 72.43768310546875 and parameters: {'n_layers': 1, 'input_chunk_length': 63, 'hidden_dim': 171, 'learning_rate': 5.958510432973369e-06, 'batch_size': 64, 'training_length': 248}. Best is trial 412 with value: 68.12953186035156.
Specified past encoders in `add_encoders` at model creation but model does not accept past covariates. past encoders will be ignored.
GPU available: True (cuda), used: True
TPU available: False, using: 0 TPU cores
HPU available: False, using: 0 HPUs
LOCAL_RANK: 0 - CUDA_VISIBLE_DEVICES: [0,1,2,3]
SLURM auto-requeueing enabled. Setting signal handlers.
/pfs/data5/home/tu/tu_tu/tu_zxoul27/micromamba/envs/power/lib/python3.12/site-packages/pytorch_lightning/loops/fit_loop.py:298: The number of training batches (15) is smaller than the logging interval Trainer(log_every_n_steps=20). Set a lower value for log_every_n_steps if you want to see logs for the training epoch.
Monitored metric val_loss did not improve in the last 569 records. Best score: -0.119. Signaling Trainer to stop.
GPU available: True (cuda), used: True
TPU available: False, using: 0 TPU cores
HPU available: False, using: 0 HPUs
LOCAL_RANK: 0 - CUDA_VISIBLE_DEVICES: [0,1,2,3]
SLURM auto-requeueing enabled. Setting signal handlers.
[I 2024-10-13 14:27:57,475] Trial 512 finished with value: 69.68054962158203 and parameters: {'n_layers': 1, 'input_chunk_length': 67, 'hidden_dim': 176, 'learning_rate': 1.113910801302134e-05, 'batch_size': 64, 'training_length': 228}. Best is trial 412 with value: 68.12953186035156.
Specified past encoders in `add_encoders` at model creation but model does not accept past covariates. past encoders will be ignored.
GPU available: True (cuda), used: True
TPU available: False, using: 0 TPU cores
HPU available: False, using: 0 HPUs
LOCAL_RANK: 0 - CUDA_VISIBLE_DEVICES: [0,1,2,3]
SLURM auto-requeueing enabled. Setting signal handlers.
/pfs/data5/home/tu/tu_tu/tu_zxoul27/micromamba/envs/power/lib/python3.12/site-packages/pytorch_lightning/loops/fit_loop.py:298: The number of training batches (15) is smaller than the logging interval Trainer(log_every_n_steps=20). Set a lower value for log_every_n_steps if you want to see logs for the training epoch.
Monitored metric val_loss did not improve in the last 570 records. Best score: -0.119. Signaling Trainer to stop.
GPU available: True (cuda), used: True
TPU available: False, using: 0 TPU cores
HPU available: False, using: 0 HPUs
LOCAL_RANK: 0 - CUDA_VISIBLE_DEVICES: [0,1,2,3]
SLURM auto-requeueing enabled. Setting signal handlers.
[I 2024-10-13 14:27:58,327] Trial 513 finished with value: 73.04151153564453 and parameters: {'n_layers': 1, 'input_chunk_length': 71, 'hidden_dim': 169, 'learning_rate': 1.571857030176798e-05, 'batch_size': 64, 'training_length': 237}. Best is trial 412 with value: 68.12953186035156.
Specified past encoders in `add_encoders` at model creation but model does not accept past covariates. past encoders will be ignored.
GPU available: True (cuda), used: True
TPU available: False, using: 0 TPU cores
HPU available: False, using: 0 HPUs
LOCAL_RANK: 0 - CUDA_VISIBLE_DEVICES: [0,1,2,3]
SLURM auto-requeueing enabled. Setting signal handlers.
/pfs/data5/home/tu/tu_tu/tu_zxoul27/micromamba/envs/power/lib/python3.12/site-packages/pytorch_lightning/loops/fit_loop.py:298: The number of training batches (14) is smaller than the logging interval Trainer(log_every_n_steps=20). Set a lower value for log_every_n_steps if you want to see logs for the training epoch.
Monitored metric val_loss did not improve in the last 571 records. Best score: -0.119. Signaling Trainer to stop.
GPU available: True (cuda), used: True
TPU available: False, using: 0 TPU cores
HPU available: False, using: 0 HPUs
LOCAL_RANK: 0 - CUDA_VISIBLE_DEVICES: [0,1,2,3]
SLURM auto-requeueing enabled. Setting signal handlers.
[I 2024-10-13 14:27:59,198] Trial 514 finished with value: 82.001220703125 and parameters: {'n_layers': 1, 'input_chunk_length': 68, 'hidden_dim': 173, 'learning_rate': 5.065331724282548e-06, 'batch_size': 64, 'training_length': 265}. Best is trial 412 with value: 68.12953186035156.
Specified past encoders in `add_encoders` at model creation but model does not accept past covariates. past encoders will be ignored.
GPU available: True (cuda), used: True
TPU available: False, using: 0 TPU cores
HPU available: False, using: 0 HPUs
LOCAL_RANK: 0 - CUDA_VISIBLE_DEVICES: [0,1,2,3]
SLURM auto-requeueing enabled. Setting signal handlers.
/pfs/data5/home/tu/tu_tu/tu_zxoul27/micromamba/envs/power/lib/python3.12/site-packages/pytorch_lightning/loops/fit_loop.py:298: The number of training batches (15) is smaller than the logging interval Trainer(log_every_n_steps=20). Set a lower value for log_every_n_steps if you want to see logs for the training epoch.
Monitored metric val_loss did not improve in the last 572 records. Best score: -0.119. Signaling Trainer to stop.
GPU available: True (cuda), used: True
TPU available: False, using: 0 TPU cores
HPU available: False, using: 0 HPUs
LOCAL_RANK: 0 - CUDA_VISIBLE_DEVICES: [0,1,2,3]
SLURM auto-requeueing enabled. Setting signal handlers.
[I 2024-10-13 14:28:00,025] Trial 515 finished with value: 85.19197845458984 and parameters: {'n_layers': 1, 'input_chunk_length': 65, 'hidden_dim': 166, 'learning_rate': 6.5864627539963905e-06, 'batch_size': 64, 'training_length': 224}. Best is trial 412 with value: 68.12953186035156.
Specified past encoders in `add_encoders` at model creation but model does not accept past covariates. past encoders will be ignored.
GPU available: True (cuda), used: True
TPU available: False, using: 0 TPU cores
HPU available: False, using: 0 HPUs
LOCAL_RANK: 0 - CUDA_VISIBLE_DEVICES: [0,1,2,3]
SLURM auto-requeueing enabled. Setting signal handlers.
/pfs/data5/home/tu/tu_tu/tu_zxoul27/micromamba/envs/power/lib/python3.12/site-packages/pytorch_lightning/loops/fit_loop.py:298: The number of training batches (14) is smaller than the logging interval Trainer(log_every_n_steps=20). Set a lower value for log_every_n_steps if you want to see logs for the training epoch.
Monitored metric val_loss did not improve in the last 573 records. Best score: -0.119. Signaling Trainer to stop.
GPU available: True (cuda), used: True
TPU available: False, using: 0 TPU cores
HPU available: False, using: 0 HPUs
LOCAL_RANK: 0 - CUDA_VISIBLE_DEVICES: [0,1,2,3]
SLURM auto-requeueing enabled. Setting signal handlers.
[I 2024-10-13 14:28:00,887] Trial 516 finished with value: 73.1705322265625 and parameters: {'n_layers': 1, 'input_chunk_length': 71, 'hidden_dim': 177, 'learning_rate': 1.2173170199423574e-05, 'batch_size': 64, 'training_length': 245}. Best is trial 412 with value: 68.12953186035156.
Specified past encoders in `add_encoders` at model creation but model does not accept past covariates. past encoders will be ignored.
GPU available: True (cuda), used: True
TPU available: False, using: 0 TPU cores
HPU available: False, using: 0 HPUs
LOCAL_RANK: 0 - CUDA_VISIBLE_DEVICES: [0,1,2,3]
SLURM auto-requeueing enabled. Setting signal handlers.
/pfs/data5/home/tu/tu_tu/tu_zxoul27/micromamba/envs/power/lib/python3.12/site-packages/pytorch_lightning/loops/fit_loop.py:298: The number of training batches (15) is smaller than the logging interval Trainer(log_every_n_steps=20). Set a lower value for log_every_n_steps if you want to see logs for the training epoch.
Monitored metric val_loss did not improve in the last 574 records. Best score: -0.119. Signaling Trainer to stop.
GPU available: True (cuda), used: True
TPU available: False, using: 0 TPU cores
HPU available: False, using: 0 HPUs
LOCAL_RANK: 0 - CUDA_VISIBLE_DEVICES: [0,1,2,3]
SLURM auto-requeueing enabled. Setting signal handlers.
[I 2024-10-13 14:28:01,736] Trial 517 finished with value: 68.16521453857422 and parameters: {'n_layers': 1, 'input_chunk_length': 77, 'hidden_dim': 172, 'learning_rate': 8.657671061729753e-06, 'batch_size': 64, 'training_length': 234}. Best is trial 412 with value: 68.12953186035156.
Specified past encoders in `add_encoders` at model creation but model does not accept past covariates. past encoders will be ignored.
GPU available: True (cuda), used: True
TPU available: False, using: 0 TPU cores
HPU available: False, using: 0 HPUs
LOCAL_RANK: 0 - CUDA_VISIBLE_DEVICES: [0,1,2,3]
SLURM auto-requeueing enabled. Setting signal handlers.
/pfs/data5/home/tu/tu_tu/tu_zxoul27/micromamba/envs/power/lib/python3.12/site-packages/pytorch_lightning/loops/fit_loop.py:298: The number of training batches (15) is smaller than the logging interval Trainer(log_every_n_steps=20). Set a lower value for log_every_n_steps if you want to see logs for the training epoch.
Monitored metric val_loss did not improve in the last 575 records. Best score: -0.119. Signaling Trainer to stop.
GPU available: True (cuda), used: True
TPU available: False, using: 0 TPU cores
HPU available: False, using: 0 HPUs
LOCAL_RANK: 0 - CUDA_VISIBLE_DEVICES: [0,1,2,3]
SLURM auto-requeueing enabled. Setting signal handlers.
[I 2024-10-13 14:28:02,592] Trial 518 finished with value: 73.04378509521484 and parameters: {'n_layers': 1, 'input_chunk_length': 76, 'hidden_dim': 169, 'learning_rate': 8.257388930767899e-06, 'batch_size': 64, 'training_length': 235}. Best is trial 412 with value: 68.12953186035156.
Specified past encoders in `add_encoders` at model creation but model does not accept past covariates. past encoders will be ignored.
GPU available: True (cuda), used: True
TPU available: False, using: 0 TPU cores
HPU available: False, using: 0 HPUs
LOCAL_RANK: 0 - CUDA_VISIBLE_DEVICES: [0,1,2,3]
SLURM auto-requeueing enabled. Setting signal handlers.
/pfs/data5/home/tu/tu_tu/tu_zxoul27/micromamba/envs/power/lib/python3.12/site-packages/pytorch_lightning/loops/fit_loop.py:298: The number of training batches (15) is smaller than the logging interval Trainer(log_every_n_steps=20). Set a lower value for log_every_n_steps if you want to see logs for the training epoch.
Monitored metric val_loss did not improve in the last 576 records. Best score: -0.119. Signaling Trainer to stop.
GPU available: True (cuda), used: True
TPU available: False, using: 0 TPU cores
HPU available: False, using: 0 HPUs
LOCAL_RANK: 0 - CUDA_VISIBLE_DEVICES: [0,1,2,3]
SLURM auto-requeueing enabled. Setting signal handlers.
[I 2024-10-13 14:28:03,429] Trial 519 finished with value: 90.46110534667969 and parameters: {'n_layers': 1, 'input_chunk_length': 75, 'hidden_dim': 174, 'learning_rate': 9.493505686996218e-06, 'batch_size': 64, 'training_length': 222}. Best is trial 412 with value: 68.12953186035156.
Specified past encoders in `add_encoders` at model creation but model does not accept past covariates. past encoders will be ignored.
GPU available: True (cuda), used: True
TPU available: False, using: 0 TPU cores
HPU available: False, using: 0 HPUs
LOCAL_RANK: 0 - CUDA_VISIBLE_DEVICES: [0,1,2,3]
SLURM auto-requeueing enabled. Setting signal handlers.
/pfs/data5/home/tu/tu_tu/tu_zxoul27/micromamba/envs/power/lib/python3.12/site-packages/pytorch_lightning/loops/fit_loop.py:298: The number of training batches (15) is smaller than the logging interval Trainer(log_every_n_steps=20). Set a lower value for log_every_n_steps if you want to see logs for the training epoch.
Monitored metric val_loss did not improve in the last 577 records. Best score: -0.119. Signaling Trainer to stop.
GPU available: True (cuda), used: True
TPU available: False, using: 0 TPU cores
HPU available: False, using: 0 HPUs
LOCAL_RANK: 0 - CUDA_VISIBLE_DEVICES: [0,1,2,3]
SLURM auto-requeueing enabled. Setting signal handlers.
[I 2024-10-13 14:28:04,287] Trial 520 finished with value: 82.26510620117188 and parameters: {'n_layers': 1, 'input_chunk_length': 81, 'hidden_dim': 180, 'learning_rate': 6.8693029047006495e-06, 'batch_size': 64, 'training_length': 235}. Best is trial 412 with value: 68.12953186035156.
Specified past encoders in `add_encoders` at model creation but model does not accept past covariates. past encoders will be ignored.
GPU available: True (cuda), used: True
TPU available: False, using: 0 TPU cores
HPU available: False, using: 0 HPUs
LOCAL_RANK: 0 - CUDA_VISIBLE_DEVICES: [0,1,2,3]
SLURM auto-requeueing enabled. Setting signal handlers.
/pfs/data5/home/tu/tu_tu/tu_zxoul27/micromamba/envs/power/lib/python3.12/site-packages/pytorch_lightning/loops/fit_loop.py:298: The number of training batches (14) is smaller than the logging interval Trainer(log_every_n_steps=20). Set a lower value for log_every_n_steps if you want to see logs for the training epoch.
Monitored metric val_loss did not improve in the last 578 records. Best score: -0.119. Signaling Trainer to stop.
GPU available: True (cuda), used: True
TPU available: False, using: 0 TPU cores
HPU available: False, using: 0 HPUs
LOCAL_RANK: 0 - CUDA_VISIBLE_DEVICES: [0,1,2,3]
SLURM auto-requeueing enabled. Setting signal handlers.
[I 2024-10-13 14:28:05,130] Trial 521 finished with value: 102.68952941894531 and parameters: {'n_layers': 1, 'input_chunk_length': 57, 'hidden_dim': 163, 'learning_rate': 5.916223023305646e-06, 'batch_size': 64, 'training_length': 250}. Best is trial 412 with value: 68.12953186035156.
Specified past encoders in `add_encoders` at model creation but model does not accept past covariates. past encoders will be ignored.
GPU available: True (cuda), used: True
TPU available: False, using: 0 TPU cores
HPU available: False, using: 0 HPUs
LOCAL_RANK: 0 - CUDA_VISIBLE_DEVICES: [0,1,2,3]
SLURM auto-requeueing enabled. Setting signal handlers.
/pfs/data5/home/tu/tu_tu/tu_zxoul27/micromamba/envs/power/lib/python3.12/site-packages/pytorch_lightning/loops/fit_loop.py:298: The number of training batches (15) is smaller than the logging interval Trainer(log_every_n_steps=20). Set a lower value for log_every_n_steps if you want to see logs for the training epoch.
Monitored metric val_loss did not improve in the last 579 records. Best score: -0.119. Signaling Trainer to stop.
GPU available: True (cuda), used: True
TPU available: False, using: 0 TPU cores
HPU available: False, using: 0 HPUs
LOCAL_RANK: 0 - CUDA_VISIBLE_DEVICES: [0,1,2,3]
SLURM auto-requeueing enabled. Setting signal handlers.
[I 2024-10-13 14:28:05,968] Trial 522 finished with value: 72.4937744140625 and parameters: {'n_layers': 1, 'input_chunk_length': 72, 'hidden_dim': 171, 'learning_rate': 4.609032460609616e-06, 'batch_size': 64, 'training_length': 224}. Best is trial 412 with value: 68.12953186035156.
Specified past encoders in `add_encoders` at model creation but model does not accept past covariates. past encoders will be ignored.
GPU available: True (cuda), used: True
TPU available: False, using: 0 TPU cores
HPU available: False, using: 0 HPUs
LOCAL_RANK: 0 - CUDA_VISIBLE_DEVICES: [0,1,2,3]
SLURM auto-requeueing enabled. Setting signal handlers.
/pfs/data5/home/tu/tu_tu/tu_zxoul27/micromamba/envs/power/lib/python3.12/site-packages/pytorch_lightning/loops/fit_loop.py:298: The number of training batches (15) is smaller than the logging interval Trainer(log_every_n_steps=20). Set a lower value for log_every_n_steps if you want to see logs for the training epoch.
Monitored metric val_loss did not improve in the last 580 records. Best score: -0.119. Signaling Trainer to stop.
GPU available: True (cuda), used: True
TPU available: False, using: 0 TPU cores
HPU available: False, using: 0 HPUs
LOCAL_RANK: 0 - CUDA_VISIBLE_DEVICES: [0,1,2,3]
SLURM auto-requeueing enabled. Setting signal handlers.
[I 2024-10-13 14:28:06,830] Trial 523 finished with value: 95.69132995605469 and parameters: {'n_layers': 1, 'input_chunk_length': 69, 'hidden_dim': 175, 'learning_rate': 8.028923070930727e-06, 'batch_size': 64, 'training_length': 239}. Best is trial 412 with value: 68.12953186035156.
Specified past encoders in `add_encoders` at model creation but model does not accept past covariates. past encoders will be ignored.
GPU available: True (cuda), used: True
TPU available: False, using: 0 TPU cores
HPU available: False, using: 0 HPUs
LOCAL_RANK: 0 - CUDA_VISIBLE_DEVICES: [0,1,2,3]
SLURM auto-requeueing enabled. Setting signal handlers.
/pfs/data5/home/tu/tu_tu/tu_zxoul27/micromamba/envs/power/lib/python3.12/site-packages/pytorch_lightning/loops/fit_loop.py:298: The number of training batches (15) is smaller than the logging interval Trainer(log_every_n_steps=20). Set a lower value for log_every_n_steps if you want to see logs for the training epoch.
Monitored metric val_loss did not improve in the last 581 records. Best score: -0.119. Signaling Trainer to stop.
GPU available: True (cuda), used: True
TPU available: False, using: 0 TPU cores
HPU available: False, using: 0 HPUs
LOCAL_RANK: 0 - CUDA_VISIBLE_DEVICES: [0,1,2,3]
SLURM auto-requeueing enabled. Setting signal handlers.
[I 2024-10-13 14:28:07,673] Trial 524 finished with value: 73.65309143066406 and parameters: {'n_layers': 1, 'input_chunk_length': 74, 'hidden_dim': 167, 'learning_rate': 1.04788441950057e-05, 'batch_size': 64, 'training_length': 231}. Best is trial 412 with value: 68.12953186035156.
Specified past encoders in `add_encoders` at model creation but model does not accept past covariates. past encoders will be ignored.
GPU available: True (cuda), used: True
TPU available: False, using: 0 TPU cores
HPU available: False, using: 0 HPUs
LOCAL_RANK: 0 - CUDA_VISIBLE_DEVICES: [0,1,2,3]
SLURM auto-requeueing enabled. Setting signal handlers.
/pfs/data5/home/tu/tu_tu/tu_zxoul27/micromamba/envs/power/lib/python3.12/site-packages/pytorch_lightning/loops/fit_loop.py:298: The number of training batches (14) is smaller than the logging interval Trainer(log_every_n_steps=20). Set a lower value for log_every_n_steps if you want to see logs for the training epoch.
Monitored metric val_loss did not improve in the last 582 records. Best score: -0.119. Signaling Trainer to stop.
GPU available: True (cuda), used: True
TPU available: False, using: 0 TPU cores
HPU available: False, using: 0 HPUs
LOCAL_RANK: 0 - CUDA_VISIBLE_DEVICES: [0,1,2,3]
SLURM auto-requeueing enabled. Setting signal handlers.
[I 2024-10-13 14:28:08,533] Trial 525 finished with value: 84.91832733154297 and parameters: {'n_layers': 1, 'input_chunk_length': 77, 'hidden_dim': 178, 'learning_rate': 7.37759519883335e-06, 'batch_size': 64, 'training_length': 246}. Best is trial 412 with value: 68.12953186035156.
Specified past encoders in `add_encoders` at model creation but model does not accept past covariates. past encoders will be ignored.
GPU available: True (cuda), used: True
TPU available: False, using: 0 TPU cores
HPU available: False, using: 0 HPUs
LOCAL_RANK: 0 - CUDA_VISIBLE_DEVICES: [0,1,2,3]
SLURM auto-requeueing enabled. Setting signal handlers.
/pfs/data5/home/tu/tu_tu/tu_zxoul27/micromamba/envs/power/lib/python3.12/site-packages/pytorch_lightning/loops/fit_loop.py:298: The number of training batches (14) is smaller than the logging interval Trainer(log_every_n_steps=20). Set a lower value for log_every_n_steps if you want to see logs for the training epoch.
Monitored metric val_loss did not improve in the last 583 records. Best score: -0.119. Signaling Trainer to stop.
GPU available: True (cuda), used: True
TPU available: False, using: 0 TPU cores
HPU available: False, using: 0 HPUs
LOCAL_RANK: 0 - CUDA_VISIBLE_DEVICES: [0,1,2,3]
SLURM auto-requeueing enabled. Setting signal handlers.
