GpuFreq=control_disabled
[I 2024-10-13 14:18:32,606] A new study created in memory with name: no-name-5bc45bdd-84fe-4d97-86c3-80969ef4cb7f
/pfs/data5/home/tu/tu_tu/tu_zxoul27/micromamba/envs/power/lib/python3.12/site-packages/torch/random.py:167: UserWarning: CUDA reports that you have 4 available devices, and you have used fork_rng without explicitly specifying which devices are being used. For safety, we initialize *every* CUDA device by default, which can be quite slow if you have a lot of CUDAs. If you know that you are only making use of a few CUDA devices, set the environment variable CUDA_VISIBLE_DEVICES or the 'devices' keyword argument of fork_rng with the set of devices you are actually using. For example, if you are using CPU only, set device.upper()_VISIBLE_DEVICES= or devices=[]; if you are using device 0 only, set CUDA_VISIBLE_DEVICES=0 or devices=[0].  To initialize all devices and suppress this warning, set the 'devices' keyword argument to `range(torch.cuda.device_count())`.
  warnings.warn(message)
Specified past encoders in `add_encoders` at model creation but model does not accept past covariates. past encoders will be ignored.
GPU available: True (cuda), used: True
TPU available: False, using: 0 TPU cores
HPU available: False, using: 0 HPUs
Initializing distributed: GLOBAL_RANK: 0, MEMBER: 1/1
----------------------------------------------------------------------------------------------------
distributed_backend=nccl
All distributed processes registered. Starting with 1 processes
----------------------------------------------------------------------------------------------------

LOCAL_RANK: 0 - CUDA_VISIBLE_DEVICES: [0,1,2,3]
SLURM auto-requeueing enabled. Setting signal handlers.
/pfs/data5/home/tu/tu_tu/tu_zxoul27/micromamba/envs/power/lib/python3.12/site-packages/pytorch_lightning/loops/fit_loop.py:298: The number of training batches (13) is smaller than the logging interval Trainer(log_every_n_steps=20). Set a lower value for log_every_n_steps if you want to see logs for the training epoch.
Metric val_loss improved. New best score: 0.631
Metric val_loss improved by 0.005 >= min_delta = 0.0. New best score: 0.625
Metric val_loss improved by 0.005 >= min_delta = 0.0. New best score: 0.620
Metric val_loss improved by 0.005 >= min_delta = 0.0. New best score: 0.615
Metric val_loss improved by 0.005 >= min_delta = 0.0. New best score: 0.610
Metric val_loss improved by 0.005 >= min_delta = 0.0. New best score: 0.604
Metric val_loss improved by 0.004 >= min_delta = 0.0. New best score: 0.600
Metric val_loss improved by 0.004 >= min_delta = 0.0. New best score: 0.596
Metric val_loss improved by 0.004 >= min_delta = 0.0. New best score: 0.592
Metric val_loss improved by 0.004 >= min_delta = 0.0. New best score: 0.587
Metric val_loss improved by 0.004 >= min_delta = 0.0. New best score: 0.583
Metric val_loss improved by 0.004 >= min_delta = 0.0. New best score: 0.579
Metric val_loss improved by 0.004 >= min_delta = 0.0. New best score: 0.575
Metric val_loss improved by 0.003 >= min_delta = 0.0. New best score: 0.572
Metric val_loss improved by 0.003 >= min_delta = 0.0. New best score: 0.568
Metric val_loss improved by 0.004 >= min_delta = 0.0. New best score: 0.565
Metric val_loss improved by 0.003 >= min_delta = 0.0. New best score: 0.561
Metric val_loss improved by 0.003 >= min_delta = 0.0. New best score: 0.558
Metric val_loss improved by 0.003 >= min_delta = 0.0. New best score: 0.555
Metric val_loss improved by 0.004 >= min_delta = 0.0. New best score: 0.551
Metric val_loss improved by 0.003 >= min_delta = 0.0. New best score: 0.547
Metric val_loss improved by 0.003 >= min_delta = 0.0. New best score: 0.544
Metric val_loss improved by 0.003 >= min_delta = 0.0. New best score: 0.541
Metric val_loss improved by 0.003 >= min_delta = 0.0. New best score: 0.538
Metric val_loss improved by 0.003 >= min_delta = 0.0. New best score: 0.535
Metric val_loss improved by 0.003 >= min_delta = 0.0. New best score: 0.532
Metric val_loss improved by 0.003 >= min_delta = 0.0. New best score: 0.529
Metric val_loss improved by 0.002 >= min_delta = 0.0. New best score: 0.526
Metric val_loss improved by 0.003 >= min_delta = 0.0. New best score: 0.523
Metric val_loss improved by 0.004 >= min_delta = 0.0. New best score: 0.520
`Trainer.fit` stopped: `max_epochs=30` reached.
GPU available: True (cuda), used: True
TPU available: False, using: 0 TPU cores
HPU available: False, using: 0 HPUs
LOCAL_RANK: 0 - CUDA_VISIBLE_DEVICES: [0,1,2,3]
SLURM auto-requeueing enabled. Setting signal handlers.
[I 2024-10-13 14:19:11,898] Trial 0 finished with value: 76.531494140625 and parameters: {'n_layers': 1, 'input_chunk_length': 44, 'hidden_dim': 184, 'learning_rate': 3.3380221805339218e-06, 'batch_size': 64, 'training_length': 499}. Best is trial 0 with value: 76.531494140625.
Specified past encoders in `add_encoders` at model creation but model does not accept past covariates. past encoders will be ignored.
GPU available: True (cuda), used: True
TPU available: False, using: 0 TPU cores
HPU available: False, using: 0 HPUs
LOCAL_RANK: 0 - CUDA_VISIBLE_DEVICES: [0,1,2,3]
SLURM auto-requeueing enabled. Setting signal handlers.
Metric val_loss improved by 0.481 >= min_delta = 0.0. New best score: 0.039
Metric val_loss improved by 0.042 >= min_delta = 0.0. New best score: -0.003
Metric val_loss improved by 0.031 >= min_delta = 0.0. New best score: -0.034
Metric val_loss improved by 0.045 >= min_delta = 0.0. New best score: -0.080
Metric val_loss improved by 0.010 >= min_delta = 0.0. New best score: -0.089
Metric val_loss improved by 0.016 >= min_delta = 0.0. New best score: -0.106
Metric val_loss improved by 0.006 >= min_delta = 0.0. New best score: -0.111
Metric val_loss improved by 0.003 >= min_delta = 0.0. New best score: -0.114
Metric val_loss improved by 0.005 >= min_delta = 0.0. New best score: -0.119
`Trainer.fit` stopped: `max_epochs=30` reached.
GPU available: True (cuda), used: True
TPU available: False, using: 0 TPU cores
HPU available: False, using: 0 HPUs
LOCAL_RANK: 0 - CUDA_VISIBLE_DEVICES: [0,1,2,3]
SLURM auto-requeueing enabled. Setting signal handlers.
[I 2024-10-13 14:20:00,355] Trial 1 finished with value: 75.8813247680664 and parameters: {'n_layers': 2, 'dropout': 0.30308599234249006, 'input_chunk_length': 11, 'hidden_dim': 197, 'learning_rate': 7.739904383882246e-05, 'batch_size': 16, 'training_length': 346}. Best is trial 1 with value: 75.8813247680664.
Specified past encoders in `add_encoders` at model creation but model does not accept past covariates. past encoders will be ignored.
GPU available: True (cuda), used: True
TPU available: False, using: 0 TPU cores
HPU available: False, using: 0 HPUs
LOCAL_RANK: 0 - CUDA_VISIBLE_DEVICES: [0,1,2,3]
SLURM auto-requeueing enabled. Setting signal handlers.
`Trainer.fit` stopped: `max_epochs=30` reached.
GPU available: True (cuda), used: True
TPU available: False, using: 0 TPU cores
HPU available: False, using: 0 HPUs
LOCAL_RANK: 0 - CUDA_VISIBLE_DEVICES: [0,1,2,3]
SLURM auto-requeueing enabled. Setting signal handlers.
[I 2024-10-13 14:20:11,233] Trial 2 finished with value: 69.23072814941406 and parameters: {'n_layers': 1, 'input_chunk_length': 55, 'hidden_dim': 57, 'learning_rate': 1.0168650685743125e-07, 'batch_size': 16, 'training_length': 327}. Best is trial 2 with value: 69.23072814941406.
Specified past encoders in `add_encoders` at model creation but model does not accept past covariates. past encoders will be ignored.
GPU available: True (cuda), used: True
TPU available: False, using: 0 TPU cores
HPU available: False, using: 0 HPUs
LOCAL_RANK: 0 - CUDA_VISIBLE_DEVICES: [0,1,2,3]
SLURM auto-requeueing enabled. Setting signal handlers.
Monitored metric val_loss did not improve in the last 60 records. Best score: -0.119. Signaling Trainer to stop.
GPU available: True (cuda), used: True
TPU available: False, using: 0 TPU cores
HPU available: False, using: 0 HPUs
LOCAL_RANK: 0 - CUDA_VISIBLE_DEVICES: [0,1,2,3]
SLURM auto-requeueing enabled. Setting signal handlers.
[I 2024-10-13 14:20:14,497] Trial 3 finished with value: 78.83841705322266 and parameters: {'n_layers': 1, 'input_chunk_length': 76, 'hidden_dim': 107, 'learning_rate': 0.0009587134587544009, 'batch_size': 32, 'training_length': 492}. Best is trial 2 with value: 69.23072814941406.
Specified past encoders in `add_encoders` at model creation but model does not accept past covariates. past encoders will be ignored.
GPU available: True (cuda), used: True
TPU available: False, using: 0 TPU cores
HPU available: False, using: 0 HPUs
LOCAL_RANK: 0 - CUDA_VISIBLE_DEVICES: [0,1,2,3]
SLURM auto-requeueing enabled. Setting signal handlers.
/pfs/data5/home/tu/tu_tu/tu_zxoul27/micromamba/envs/power/lib/python3.12/site-packages/pytorch_lightning/loops/fit_loop.py:298: The number of training batches (14) is smaller than the logging interval Trainer(log_every_n_steps=20). Set a lower value for log_every_n_steps if you want to see logs for the training epoch.
Monitored metric val_loss did not improve in the last 61 records. Best score: -0.119. Signaling Trainer to stop.
GPU available: True (cuda), used: True
TPU available: False, using: 0 TPU cores
HPU available: False, using: 0 HPUs
LOCAL_RANK: 0 - CUDA_VISIBLE_DEVICES: [0,1,2,3]
SLURM auto-requeueing enabled. Setting signal handlers.
[I 2024-10-13 14:20:15,527] Trial 4 finished with value: 73.15221405029297 and parameters: {'n_layers': 1, 'input_chunk_length': 17, 'hidden_dim': 177, 'learning_rate': 5.416809950581469e-06, 'batch_size': 64, 'training_length': 491}. Best is trial 2 with value: 69.23072814941406.
Specified past encoders in `add_encoders` at model creation but model does not accept past covariates. past encoders will be ignored.
GPU available: True (cuda), used: True
TPU available: False, using: 0 TPU cores
HPU available: False, using: 0 HPUs
LOCAL_RANK: 0 - CUDA_VISIBLE_DEVICES: [0,1,2,3]
SLURM auto-requeueing enabled. Setting signal handlers.
/pfs/data5/home/tu/tu_tu/tu_zxoul27/micromamba/envs/power/lib/python3.12/site-packages/pytorch_lightning/loops/fit_loop.py:298: The number of training batches (15) is smaller than the logging interval Trainer(log_every_n_steps=20). Set a lower value for log_every_n_steps if you want to see logs for the training epoch.
Monitored metric val_loss did not improve in the last 62 records. Best score: -0.119. Signaling Trainer to stop.
GPU available: True (cuda), used: True
TPU available: False, using: 0 TPU cores
HPU available: False, using: 0 HPUs
LOCAL_RANK: 0 - CUDA_VISIBLE_DEVICES: [0,1,2,3]
SLURM auto-requeueing enabled. Setting signal handlers.
[I 2024-10-13 14:20:16,358] Trial 5 finished with value: 75.59545135498047 and parameters: {'n_layers': 2, 'dropout': 0.12278734676531916, 'input_chunk_length': 28, 'hidden_dim': 167, 'learning_rate': 1.361766273861797e-07, 'batch_size': 64, 'training_length': 105}. Best is trial 2 with value: 69.23072814941406.
Specified past encoders in `add_encoders` at model creation but model does not accept past covariates. past encoders will be ignored.
GPU available: True (cuda), used: True
TPU available: False, using: 0 TPU cores
HPU available: False, using: 0 HPUs
LOCAL_RANK: 0 - CUDA_VISIBLE_DEVICES: [0,1,2,3]
SLURM auto-requeueing enabled. Setting signal handlers.
Monitored metric val_loss did not improve in the last 63 records. Best score: -0.119. Signaling Trainer to stop.
GPU available: True (cuda), used: True
TPU available: False, using: 0 TPU cores
HPU available: False, using: 0 HPUs
LOCAL_RANK: 0 - CUDA_VISIBLE_DEVICES: [0,1,2,3]
SLURM auto-requeueing enabled. Setting signal handlers.
[I 2024-10-13 14:20:17,706] Trial 6 finished with value: 75.89887237548828 and parameters: {'n_layers': 2, 'dropout': 0.1312559372849031, 'input_chunk_length': 63, 'hidden_dim': 200, 'learning_rate': 3.603625869369058e-06, 'batch_size': 32, 'training_length': 299}. Best is trial 2 with value: 69.23072814941406.
Specified past encoders in `add_encoders` at model creation but model does not accept past covariates. past encoders will be ignored.
GPU available: True (cuda), used: True
TPU available: False, using: 0 TPU cores
HPU available: False, using: 0 HPUs
LOCAL_RANK: 0 - CUDA_VISIBLE_DEVICES: [0,1,2,3]
SLURM auto-requeueing enabled. Setting signal handlers.
Monitored metric val_loss did not improve in the last 64 records. Best score: -0.119. Signaling Trainer to stop.
GPU available: True (cuda), used: True
TPU available: False, using: 0 TPU cores
HPU available: False, using: 0 HPUs
LOCAL_RANK: 0 - CUDA_VISIBLE_DEVICES: [0,1,2,3]
SLURM auto-requeueing enabled. Setting signal handlers.
[I 2024-10-13 14:20:18,493] Trial 7 finished with value: 96.6834487915039 and parameters: {'n_layers': 1, 'input_chunk_length': 21, 'hidden_dim': 180, 'learning_rate': 0.0006310332071149411, 'batch_size': 32, 'training_length': 153}. Best is trial 2 with value: 69.23072814941406.
Specified past encoders in `add_encoders` at model creation but model does not accept past covariates. past encoders will be ignored.
GPU available: True (cuda), used: True
TPU available: False, using: 0 TPU cores
HPU available: False, using: 0 HPUs
LOCAL_RANK: 0 - CUDA_VISIBLE_DEVICES: [0,1,2,3]
SLURM auto-requeueing enabled. Setting signal handlers.
Monitored metric val_loss did not improve in the last 65 records. Best score: -0.119. Signaling Trainer to stop.
GPU available: True (cuda), used: True
TPU available: False, using: 0 TPU cores
HPU available: False, using: 0 HPUs
LOCAL_RANK: 0 - CUDA_VISIBLE_DEVICES: [0,1,2,3]
SLURM auto-requeueing enabled. Setting signal handlers.
[I 2024-10-13 14:20:19,101] Trial 8 finished with value: 74.94464874267578 and parameters: {'n_layers': 2, 'dropout': 0.17887938247207064, 'input_chunk_length': 16, 'hidden_dim': 85, 'learning_rate': 2.450106835672587e-05, 'batch_size': 32, 'training_length': 66}. Best is trial 2 with value: 69.23072814941406.
Specified past encoders in `add_encoders` at model creation but model does not accept past covariates. past encoders will be ignored.
GPU available: True (cuda), used: True
TPU available: False, using: 0 TPU cores
HPU available: False, using: 0 HPUs
LOCAL_RANK: 0 - CUDA_VISIBLE_DEVICES: [0,1,2,3]
SLURM auto-requeueing enabled. Setting signal handlers.
Monitored metric val_loss did not improve in the last 66 records. Best score: -0.119. Signaling Trainer to stop.
GPU available: True (cuda), used: True
TPU available: False, using: 0 TPU cores
HPU available: False, using: 0 HPUs
LOCAL_RANK: 0 - CUDA_VISIBLE_DEVICES: [0,1,2,3]
SLURM auto-requeueing enabled. Setting signal handlers.
[I 2024-10-13 14:20:19,669] Trial 9 finished with value: 78.1798095703125 and parameters: {'n_layers': 1, 'input_chunk_length': 98, 'hidden_dim': 83, 'learning_rate': 2.6136463964436394e-06, 'batch_size': 32, 'training_length': 262}. Best is trial 2 with value: 69.23072814941406.
Specified past encoders in `add_encoders` at model creation but model does not accept past covariates. past encoders will be ignored.
GPU available: True (cuda), used: True
TPU available: False, using: 0 TPU cores
HPU available: False, using: 0 HPUs
LOCAL_RANK: 0 - CUDA_VISIBLE_DEVICES: [0,1,2,3]
SLURM auto-requeueing enabled. Setting signal handlers.
Monitored metric val_loss did not improve in the last 67 records. Best score: -0.119. Signaling Trainer to stop.
GPU available: True (cuda), used: True
TPU available: False, using: 0 TPU cores
HPU available: False, using: 0 HPUs
LOCAL_RANK: 0 - CUDA_VISIBLE_DEVICES: [0,1,2,3]
SLURM auto-requeueing enabled. Setting signal handlers.
[I 2024-10-13 14:20:20,499] Trial 10 finished with value: 83.25948333740234 and parameters: {'n_layers': 1, 'input_chunk_length': 45, 'hidden_dim': 52, 'learning_rate': 1.294703698920362e-07, 'batch_size': 16, 'training_length': 387}. Best is trial 2 with value: 69.23072814941406.
Specified past encoders in `add_encoders` at model creation but model does not accept past covariates. past encoders will be ignored.
GPU available: True (cuda), used: True
TPU available: False, using: 0 TPU cores
HPU available: False, using: 0 HPUs
LOCAL_RANK: 0 - CUDA_VISIBLE_DEVICES: [0,1,2,3]
SLURM auto-requeueing enabled. Setting signal handlers.
Monitored metric val_loss did not improve in the last 68 records. Best score: -0.119. Signaling Trainer to stop.
GPU available: True (cuda), used: True
TPU available: False, using: 0 TPU cores
HPU available: False, using: 0 HPUs
LOCAL_RANK: 0 - CUDA_VISIBLE_DEVICES: [0,1,2,3]
SLURM auto-requeueing enabled. Setting signal handlers.
[I 2024-10-13 14:20:21,784] Trial 11 finished with value: 73.69246673583984 and parameters: {'n_layers': 1, 'input_chunk_length': 73, 'hidden_dim': 145, 'learning_rate': 6.146276952806239e-07, 'batch_size': 16, 'training_length': 418}. Best is trial 2 with value: 69.23072814941406.
Specified past encoders in `add_encoders` at model creation but model does not accept past covariates. past encoders will be ignored.
GPU available: True (cuda), used: True
TPU available: False, using: 0 TPU cores
HPU available: False, using: 0 HPUs
LOCAL_RANK: 0 - CUDA_VISIBLE_DEVICES: [0,1,2,3]
SLURM auto-requeueing enabled. Setting signal handlers.
/pfs/data5/home/tu/tu_tu/tu_zxoul27/micromamba/envs/power/lib/python3.12/site-packages/pytorch_lightning/loops/fit_loop.py:298: The number of training batches (15) is smaller than the logging interval Trainer(log_every_n_steps=20). Set a lower value for log_every_n_steps if you want to see logs for the training epoch.
Monitored metric val_loss did not improve in the last 69 records. Best score: -0.119. Signaling Trainer to stop.
GPU available: True (cuda), used: True
TPU available: False, using: 0 TPU cores
HPU available: False, using: 0 HPUs
LOCAL_RANK: 0 - CUDA_VISIBLE_DEVICES: [0,1,2,3]
SLURM auto-requeueing enabled. Setting signal handlers.
[I 2024-10-13 14:20:22,517] Trial 12 finished with value: 92.62517547607422 and parameters: {'n_layers': 1, 'input_chunk_length': 36, 'hidden_dim': 139, 'learning_rate': 5.057432569585531e-07, 'batch_size': 64, 'training_length': 238}. Best is trial 2 with value: 69.23072814941406.
Specified past encoders in `add_encoders` at model creation but model does not accept past covariates. past encoders will be ignored.
GPU available: True (cuda), used: True
TPU available: False, using: 0 TPU cores
HPU available: False, using: 0 HPUs
LOCAL_RANK: 0 - CUDA_VISIBLE_DEVICES: [0,1,2,3]
SLURM auto-requeueing enabled. Setting signal handlers.
Monitored metric val_loss did not improve in the last 70 records. Best score: -0.119. Signaling Trainer to stop.
GPU available: True (cuda), used: True
TPU available: False, using: 0 TPU cores
HPU available: False, using: 0 HPUs
LOCAL_RANK: 0 - CUDA_VISIBLE_DEVICES: [0,1,2,3]
SLURM auto-requeueing enabled. Setting signal handlers.
[I 2024-10-13 14:20:23,189] Trial 13 finished with value: 74.87909698486328 and parameters: {'n_layers': 1, 'input_chunk_length': 98, 'hidden_dim': 51, 'learning_rate': 7.929601367375132e-05, 'batch_size': 16, 'training_length': 436}. Best is trial 2 with value: 69.23072814941406.
Specified past encoders in `add_encoders` at model creation but model does not accept past covariates. past encoders will be ignored.
GPU available: True (cuda), used: True
TPU available: False, using: 0 TPU cores
HPU available: False, using: 0 HPUs
LOCAL_RANK: 0 - CUDA_VISIBLE_DEVICES: [0,1,2,3]
SLURM auto-requeueing enabled. Setting signal handlers.
/pfs/data5/home/tu/tu_tu/tu_zxoul27/micromamba/envs/power/lib/python3.12/site-packages/pytorch_lightning/loops/fit_loop.py:298: The number of training batches (15) is smaller than the logging interval Trainer(log_every_n_steps=20). Set a lower value for log_every_n_steps if you want to see logs for the training epoch.
Monitored metric val_loss did not improve in the last 71 records. Best score: -0.119. Signaling Trainer to stop.
GPU available: True (cuda), used: True
TPU available: False, using: 0 TPU cores
HPU available: False, using: 0 HPUs
LOCAL_RANK: 0 - CUDA_VISIBLE_DEVICES: [0,1,2,3]
SLURM auto-requeueing enabled. Setting signal handlers.
[I 2024-10-13 14:20:23,731] Trial 14 finished with value: 72.36568450927734 and parameters: {'n_layers': 1, 'input_chunk_length': 60, 'hidden_dim': 112, 'learning_rate': 6.775473422897489e-07, 'batch_size': 64, 'training_length': 215}. Best is trial 2 with value: 69.23072814941406.
Specified past encoders in `add_encoders` at model creation but model does not accept past covariates. past encoders will be ignored.
GPU available: True (cuda), used: True
TPU available: False, using: 0 TPU cores
HPU available: False, using: 0 HPUs
LOCAL_RANK: 0 - CUDA_VISIBLE_DEVICES: [0,1,2,3]
SLURM auto-requeueing enabled. Setting signal handlers.
Monitored metric val_loss did not improve in the last 72 records. Best score: -0.119. Signaling Trainer to stop.
GPU available: True (cuda), used: True
TPU available: False, using: 0 TPU cores
HPU available: False, using: 0 HPUs
LOCAL_RANK: 0 - CUDA_VISIBLE_DEVICES: [0,1,2,3]
SLURM auto-requeueing enabled. Setting signal handlers.
