[I 2024-10-13 11:39:03,153] Trial 269 finished with value: 192.68943786621094 and parameters: {'n_layers': 1, 'input_chunk_length': 11, 'hidden_dim': 192, 'learning_rate': 1.0436614305995978e-05, 'batch_size': 32, 'training_length': 250}. Best is trial 267 with value: 138.96376037597656.
Specified past encoders in `add_encoders` at model creation but model does not accept past covariates. past encoders will be ignored.
GPU available: True (cuda), used: True
TPU available: False, using: 0 TPU cores
HPU available: False, using: 0 HPUs
LOCAL_RANK: 0 - CUDA_VISIBLE_DEVICES: [0,1,2,3]
SLURM auto-requeueing enabled. Setting signal handlers.
Monitored metric val_loss did not improve in the last 235 records. Best score: 0.225. Signaling Trainer to stop.
GPU available: True (cuda), used: True
TPU available: False, using: 0 TPU cores
HPU available: False, using: 0 HPUs
LOCAL_RANK: 0 - CUDA_VISIBLE_DEVICES: [0,1,2,3]
SLURM auto-requeueing enabled. Setting signal handlers.
[I 2024-10-13 11:39:04,002] Trial 270 finished with value: 138.9757080078125 and parameters: {'n_layers': 1, 'input_chunk_length': 12, 'hidden_dim': 196, 'learning_rate': 7.208982142672292e-06, 'batch_size': 32, 'training_length': 264}. Best is trial 267 with value: 138.96376037597656.
Specified past encoders in `add_encoders` at model creation but model does not accept past covariates. past encoders will be ignored.
GPU available: True (cuda), used: True
TPU available: False, using: 0 TPU cores
HPU available: False, using: 0 HPUs
LOCAL_RANK: 0 - CUDA_VISIBLE_DEVICES: [0,1,2,3]
SLURM auto-requeueing enabled. Setting signal handlers.
Monitored metric val_loss did not improve in the last 236 records. Best score: 0.225. Signaling Trainer to stop.
GPU available: True (cuda), used: True
TPU available: False, using: 0 TPU cores
HPU available: False, using: 0 HPUs
LOCAL_RANK: 0 - CUDA_VISIBLE_DEVICES: [0,1,2,3]
SLURM auto-requeueing enabled. Setting signal handlers.
[I 2024-10-13 11:39:04,831] Trial 271 finished with value: 138.9632110595703 and parameters: {'n_layers': 1, 'input_chunk_length': 11, 'hidden_dim': 196, 'learning_rate': 7.271950765101591e-06, 'batch_size': 32, 'training_length': 238}. Best is trial 271 with value: 138.9632110595703.
Specified past encoders in `add_encoders` at model creation but model does not accept past covariates. past encoders will be ignored.
GPU available: True (cuda), used: True
TPU available: False, using: 0 TPU cores
HPU available: False, using: 0 HPUs
LOCAL_RANK: 0 - CUDA_VISIBLE_DEVICES: [0,1,2,3]
SLURM auto-requeueing enabled. Setting signal handlers.
Monitored metric val_loss did not improve in the last 237 records. Best score: 0.225. Signaling Trainer to stop.
GPU available: True (cuda), used: True
TPU available: False, using: 0 TPU cores
HPU available: False, using: 0 HPUs
LOCAL_RANK: 0 - CUDA_VISIBLE_DEVICES: [0,1,2,3]
SLURM auto-requeueing enabled. Setting signal handlers.
[I 2024-10-13 11:39:05,658] Trial 272 finished with value: 138.99945068359375 and parameters: {'n_layers': 1, 'input_chunk_length': 12, 'hidden_dim': 196, 'learning_rate': 9.490529704690937e-06, 'batch_size': 32, 'training_length': 237}. Best is trial 271 with value: 138.9632110595703.
Specified past encoders in `add_encoders` at model creation but model does not accept past covariates. past encoders will be ignored.
GPU available: True (cuda), used: True
TPU available: False, using: 0 TPU cores
HPU available: False, using: 0 HPUs
LOCAL_RANK: 0 - CUDA_VISIBLE_DEVICES: [0,1,2,3]
SLURM auto-requeueing enabled. Setting signal handlers.
Monitored metric val_loss did not improve in the last 238 records. Best score: 0.225. Signaling Trainer to stop.
GPU available: True (cuda), used: True
TPU available: False, using: 0 TPU cores
HPU available: False, using: 0 HPUs
LOCAL_RANK: 0 - CUDA_VISIBLE_DEVICES: [0,1,2,3]
SLURM auto-requeueing enabled. Setting signal handlers.
[I 2024-10-13 11:39:06,592] Trial 273 finished with value: 283.7340393066406 and parameters: {'n_layers': 1, 'input_chunk_length': 13, 'hidden_dim': 189, 'learning_rate': 1.285184332260865e-05, 'batch_size': 32, 'training_length': 235}. Best is trial 271 with value: 138.9632110595703.
Specified past encoders in `add_encoders` at model creation but model does not accept past covariates. past encoders will be ignored.
GPU available: True (cuda), used: True
TPU available: False, using: 0 TPU cores
HPU available: False, using: 0 HPUs
LOCAL_RANK: 0 - CUDA_VISIBLE_DEVICES: [0,1,2,3]
SLURM auto-requeueing enabled. Setting signal handlers.
Monitored metric val_loss did not improve in the last 239 records. Best score: 0.225. Signaling Trainer to stop.
GPU available: True (cuda), used: True
TPU available: False, using: 0 TPU cores
HPU available: False, using: 0 HPUs
LOCAL_RANK: 0 - CUDA_VISIBLE_DEVICES: [0,1,2,3]
SLURM auto-requeueing enabled. Setting signal handlers.
[I 2024-10-13 11:39:07,435] Trial 274 finished with value: 226.7605438232422 and parameters: {'n_layers': 1, 'input_chunk_length': 12, 'hidden_dim': 197, 'learning_rate': 9.373945939088191e-06, 'batch_size': 32, 'training_length': 259}. Best is trial 271 with value: 138.9632110595703.
Specified past encoders in `add_encoders` at model creation but model does not accept past covariates. past encoders will be ignored.
GPU available: True (cuda), used: True
TPU available: False, using: 0 TPU cores
HPU available: False, using: 0 HPUs
LOCAL_RANK: 0 - CUDA_VISIBLE_DEVICES: [0,1,2,3]
SLURM auto-requeueing enabled. Setting signal handlers.
Monitored metric val_loss did not improve in the last 240 records. Best score: 0.225. Signaling Trainer to stop.
GPU available: True (cuda), used: True
TPU available: False, using: 0 TPU cores
HPU available: False, using: 0 HPUs
LOCAL_RANK: 0 - CUDA_VISIBLE_DEVICES: [0,1,2,3]
SLURM auto-requeueing enabled. Setting signal handlers.
[I 2024-10-13 11:39:08,398] Trial 275 finished with value: 192.65652465820312 and parameters: {'n_layers': 1, 'input_chunk_length': 14, 'hidden_dim': 192, 'learning_rate': 1.1000478081825643e-05, 'batch_size': 32, 'training_length': 243}. Best is trial 271 with value: 138.9632110595703.
Specified past encoders in `add_encoders` at model creation but model does not accept past covariates. past encoders will be ignored.
GPU available: True (cuda), used: True
TPU available: False, using: 0 TPU cores
HPU available: False, using: 0 HPUs
LOCAL_RANK: 0 - CUDA_VISIBLE_DEVICES: [0,1,2,3]
SLURM auto-requeueing enabled. Setting signal handlers.
Monitored metric val_loss did not improve in the last 241 records. Best score: 0.225. Signaling Trainer to stop.
GPU available: True (cuda), used: True
TPU available: False, using: 0 TPU cores
HPU available: False, using: 0 HPUs
LOCAL_RANK: 0 - CUDA_VISIBLE_DEVICES: [0,1,2,3]
SLURM auto-requeueing enabled. Setting signal handlers.
[I 2024-10-13 11:39:09,210] Trial 276 finished with value: 138.98648071289062 and parameters: {'n_layers': 1, 'input_chunk_length': 14, 'hidden_dim': 196, 'learning_rate': 8.363985589186312e-06, 'batch_size': 32, 'training_length': 220}. Best is trial 271 with value: 138.9632110595703.
Specified past encoders in `add_encoders` at model creation but model does not accept past covariates. past encoders will be ignored.
GPU available: True (cuda), used: True
TPU available: False, using: 0 TPU cores
HPU available: False, using: 0 HPUs
LOCAL_RANK: 0 - CUDA_VISIBLE_DEVICES: [0,1,2,3]
SLURM auto-requeueing enabled. Setting signal handlers.
Monitored metric val_loss did not improve in the last 242 records. Best score: 0.225. Signaling Trainer to stop.
GPU available: True (cuda), used: True
TPU available: False, using: 0 TPU cores
HPU available: False, using: 0 HPUs
LOCAL_RANK: 0 - CUDA_VISIBLE_DEVICES: [0,1,2,3]
SLURM auto-requeueing enabled. Setting signal handlers.
[I 2024-10-13 11:39:10,024] Trial 277 finished with value: 304.4831237792969 and parameters: {'n_layers': 1, 'input_chunk_length': 12, 'hidden_dim': 193, 'learning_rate': 6.703033559410489e-06, 'batch_size': 32, 'training_length': 220}. Best is trial 271 with value: 138.9632110595703.
Specified past encoders in `add_encoders` at model creation but model does not accept past covariates. past encoders will be ignored.
GPU available: True (cuda), used: True
TPU available: False, using: 0 TPU cores
HPU available: False, using: 0 HPUs
LOCAL_RANK: 0 - CUDA_VISIBLE_DEVICES: [0,1,2,3]
SLURM auto-requeueing enabled. Setting signal handlers.
Monitored metric val_loss did not improve in the last 243 records. Best score: 0.225. Signaling Trainer to stop.
GPU available: True (cuda), used: True
TPU available: False, using: 0 TPU cores
HPU available: False, using: 0 HPUs
LOCAL_RANK: 0 - CUDA_VISIBLE_DEVICES: [0,1,2,3]
SLURM auto-requeueing enabled. Setting signal handlers.
[I 2024-10-13 11:39:10,956] Trial 278 finished with value: 330.0349426269531 and parameters: {'n_layers': 1, 'input_chunk_length': 14, 'hidden_dim': 186, 'learning_rate': 8.768987599204717e-06, 'batch_size': 32, 'training_length': 236}. Best is trial 271 with value: 138.9632110595703.
Specified past encoders in `add_encoders` at model creation but model does not accept past covariates. past encoders will be ignored.
GPU available: True (cuda), used: True
TPU available: False, using: 0 TPU cores
HPU available: False, using: 0 HPUs
LOCAL_RANK: 0 - CUDA_VISIBLE_DEVICES: [0,1,2,3]
SLURM auto-requeueing enabled. Setting signal handlers.
Monitored metric val_loss did not improve in the last 244 records. Best score: 0.225. Signaling Trainer to stop.
GPU available: True (cuda), used: True
TPU available: False, using: 0 TPU cores
HPU available: False, using: 0 HPUs
LOCAL_RANK: 0 - CUDA_VISIBLE_DEVICES: [0,1,2,3]
SLURM auto-requeueing enabled. Setting signal handlers.
[I 2024-10-13 11:39:11,773] Trial 279 finished with value: 226.8888397216797 and parameters: {'n_layers': 1, 'input_chunk_length': 11, 'hidden_dim': 197, 'learning_rate': 1.1257612728467923e-05, 'batch_size': 32, 'training_length': 225}. Best is trial 271 with value: 138.9632110595703.
Specified past encoders in `add_encoders` at model creation but model does not accept past covariates. past encoders will be ignored.
GPU available: True (cuda), used: True
TPU available: False, using: 0 TPU cores
HPU available: False, using: 0 HPUs
LOCAL_RANK: 0 - CUDA_VISIBLE_DEVICES: [0,1,2,3]
SLURM auto-requeueing enabled. Setting signal handlers.
Monitored metric val_loss did not improve in the last 245 records. Best score: 0.225. Signaling Trainer to stop.
GPU available: True (cuda), used: True
TPU available: False, using: 0 TPU cores
HPU available: False, using: 0 HPUs
LOCAL_RANK: 0 - CUDA_VISIBLE_DEVICES: [0,1,2,3]
SLURM auto-requeueing enabled. Setting signal handlers.
[I 2024-10-13 11:39:12,581] Trial 280 finished with value: 205.3812255859375 and parameters: {'n_layers': 1, 'input_chunk_length': 13, 'hidden_dim': 194, 'learning_rate': 7.0486306412282206e-06, 'batch_size': 32, 'training_length': 215}. Best is trial 271 with value: 138.9632110595703.
Specified past encoders in `add_encoders` at model creation but model does not accept past covariates. past encoders will be ignored.
GPU available: True (cuda), used: True
TPU available: False, using: 0 TPU cores
HPU available: False, using: 0 HPUs
LOCAL_RANK: 0 - CUDA_VISIBLE_DEVICES: [0,1,2,3]
SLURM auto-requeueing enabled. Setting signal handlers.
Monitored metric val_loss did not improve in the last 246 records. Best score: 0.225. Signaling Trainer to stop.
GPU available: True (cuda), used: True
TPU available: False, using: 0 TPU cores
HPU available: False, using: 0 HPUs
LOCAL_RANK: 0 - CUDA_VISIBLE_DEVICES: [0,1,2,3]
SLURM auto-requeueing enabled. Setting signal handlers.
[I 2024-10-13 11:39:13,973] Trial 281 finished with value: 209.46524047851562 and parameters: {'n_layers': 2, 'dropout': 0.4308184995358295, 'input_chunk_length': 15, 'hidden_dim': 190, 'learning_rate': 6.307262668664382e-06, 'batch_size': 32, 'training_length': 210}. Best is trial 271 with value: 138.9632110595703.
Specified past encoders in `add_encoders` at model creation but model does not accept past covariates. past encoders will be ignored.
GPU available: True (cuda), used: True
TPU available: False, using: 0 TPU cores
HPU available: False, using: 0 HPUs
LOCAL_RANK: 0 - CUDA_VISIBLE_DEVICES: [0,1,2,3]
SLURM auto-requeueing enabled. Setting signal handlers.
Monitored metric val_loss did not improve in the last 247 records. Best score: 0.225. Signaling Trainer to stop.
GPU available: True (cuda), used: True
TPU available: False, using: 0 TPU cores
HPU available: False, using: 0 HPUs
LOCAL_RANK: 0 - CUDA_VISIBLE_DEVICES: [0,1,2,3]
SLURM auto-requeueing enabled. Setting signal handlers.
[I 2024-10-13 11:39:14,804] Trial 282 finished with value: 163.37596130371094 and parameters: {'n_layers': 1, 'input_chunk_length': 10, 'hidden_dim': 195, 'learning_rate': 8.831327117842153e-06, 'batch_size': 32, 'training_length': 234}. Best is trial 271 with value: 138.9632110595703.
Specified past encoders in `add_encoders` at model creation but model does not accept past covariates. past encoders will be ignored.
GPU available: True (cuda), used: True
TPU available: False, using: 0 TPU cores
HPU available: False, using: 0 HPUs
LOCAL_RANK: 0 - CUDA_VISIBLE_DEVICES: [0,1,2,3]
SLURM auto-requeueing enabled. Setting signal handlers.
Monitored metric val_loss did not improve in the last 248 records. Best score: 0.225. Signaling Trainer to stop.
GPU available: True (cuda), used: True
TPU available: False, using: 0 TPU cores
HPU available: False, using: 0 HPUs
LOCAL_RANK: 0 - CUDA_VISIBLE_DEVICES: [0,1,2,3]
SLURM auto-requeueing enabled. Setting signal handlers.
[I 2024-10-13 11:39:15,753] Trial 283 finished with value: 227.07925415039062 and parameters: {'n_layers': 1, 'input_chunk_length': 12, 'hidden_dim': 197, 'learning_rate': 5.853491556994468e-06, 'batch_size': 32, 'training_length': 388}. Best is trial 271 with value: 138.9632110595703.
Specified past encoders in `add_encoders` at model creation but model does not accept past covariates. past encoders will be ignored.
GPU available: True (cuda), used: True
TPU available: False, using: 0 TPU cores
HPU available: False, using: 0 HPUs
LOCAL_RANK: 0 - CUDA_VISIBLE_DEVICES: [0,1,2,3]
SLURM auto-requeueing enabled. Setting signal handlers.
Monitored metric val_loss did not improve in the last 249 records. Best score: 0.225. Signaling Trainer to stop.
GPU available: True (cuda), used: True
TPU available: False, using: 0 TPU cores
HPU available: False, using: 0 HPUs
LOCAL_RANK: 0 - CUDA_VISIBLE_DEVICES: [0,1,2,3]
SLURM auto-requeueing enabled. Setting signal handlers.
[I 2024-10-13 11:39:16,572] Trial 284 finished with value: 227.02737426757812 and parameters: {'n_layers': 1, 'input_chunk_length': 14, 'hidden_dim': 197, 'learning_rate': 6.650951928336293e-06, 'batch_size': 32, 'training_length': 222}. Best is trial 271 with value: 138.9632110595703.
Specified past encoders in `add_encoders` at model creation but model does not accept past covariates. past encoders will be ignored.
GPU available: True (cuda), used: True
TPU available: False, using: 0 TPU cores
HPU available: False, using: 0 HPUs
LOCAL_RANK: 0 - CUDA_VISIBLE_DEVICES: [0,1,2,3]
SLURM auto-requeueing enabled. Setting signal handlers.
Monitored metric val_loss did not improve in the last 250 records. Best score: 0.225. Signaling Trainer to stop.
GPU available: True (cuda), used: True
TPU available: False, using: 0 TPU cores
HPU available: False, using: 0 HPUs
LOCAL_RANK: 0 - CUDA_VISIBLE_DEVICES: [0,1,2,3]
SLURM auto-requeueing enabled. Setting signal handlers.
[I 2024-10-13 11:39:17,560] Trial 285 finished with value: 191.2770233154297 and parameters: {'n_layers': 1, 'input_chunk_length': 15, 'hidden_dim': 191, 'learning_rate': 9.951212337729605e-06, 'batch_size': 32, 'training_length': 275}. Best is trial 271 with value: 138.9632110595703.
Specified past encoders in `add_encoders` at model creation but model does not accept past covariates. past encoders will be ignored.
GPU available: True (cuda), used: True
TPU available: False, using: 0 TPU cores
HPU available: False, using: 0 HPUs
LOCAL_RANK: 0 - CUDA_VISIBLE_DEVICES: [0,1,2,3]
SLURM auto-requeueing enabled. Setting signal handlers.
Monitored metric val_loss did not improve in the last 251 records. Best score: 0.225. Signaling Trainer to stop.
GPU available: True (cuda), used: True
TPU available: False, using: 0 TPU cores
HPU available: False, using: 0 HPUs
LOCAL_RANK: 0 - CUDA_VISIBLE_DEVICES: [0,1,2,3]
SLURM auto-requeueing enabled. Setting signal handlers.
[I 2024-10-13 11:39:18,394] Trial 286 finished with value: 304.4244689941406 and parameters: {'n_layers': 1, 'input_chunk_length': 66, 'hidden_dim': 193, 'learning_rate': 7.620835569117766e-06, 'batch_size': 32, 'training_length': 242}. Best is trial 271 with value: 138.9632110595703.
Specified past encoders in `add_encoders` at model creation but model does not accept past covariates. past encoders will be ignored.
GPU available: True (cuda), used: True
TPU available: False, using: 0 TPU cores
HPU available: False, using: 0 HPUs
LOCAL_RANK: 0 - CUDA_VISIBLE_DEVICES: [0,1,2,3]
SLURM auto-requeueing enabled. Setting signal handlers.
Monitored metric val_loss did not improve in the last 252 records. Best score: 0.225. Signaling Trainer to stop.
GPU available: True (cuda), used: True
TPU available: False, using: 0 TPU cores
HPU available: False, using: 0 HPUs
LOCAL_RANK: 0 - CUDA_VISIBLE_DEVICES: [0,1,2,3]
SLURM auto-requeueing enabled. Setting signal handlers.
[I 2024-10-13 11:39:19,190] Trial 287 finished with value: 226.912353515625 and parameters: {'n_layers': 1, 'input_chunk_length': 12, 'hidden_dim': 197, 'learning_rate': 5.633803768659914e-06, 'batch_size': 32, 'training_length': 201}. Best is trial 271 with value: 138.9632110595703.
Specified past encoders in `add_encoders` at model creation but model does not accept past covariates. past encoders will be ignored.
GPU available: True (cuda), used: True
TPU available: False, using: 0 TPU cores
HPU available: False, using: 0 HPUs
LOCAL_RANK: 0 - CUDA_VISIBLE_DEVICES: [0,1,2,3]
SLURM auto-requeueing enabled. Setting signal handlers.
Monitored metric val_loss did not improve in the last 253 records. Best score: 0.225. Signaling Trainer to stop.
GPU available: True (cuda), used: True
TPU available: False, using: 0 TPU cores
HPU available: False, using: 0 HPUs
LOCAL_RANK: 0 - CUDA_VISIBLE_DEVICES: [0,1,2,3]
SLURM auto-requeueing enabled. Setting signal handlers.
[I 2024-10-13 11:39:20,092] Trial 288 finished with value: 260.3596496582031 and parameters: {'n_layers': 1, 'input_chunk_length': 14, 'hidden_dim': 188, 'learning_rate': 5.341786986448753e-06, 'batch_size': 32, 'training_length': 214}. Best is trial 271 with value: 138.9632110595703.
Specified past encoders in `add_encoders` at model creation but model does not accept past covariates. past encoders will be ignored.
GPU available: True (cuda), used: True
TPU available: False, using: 0 TPU cores
HPU available: False, using: 0 HPUs
LOCAL_RANK: 0 - CUDA_VISIBLE_DEVICES: [0,1,2,3]
SLURM auto-requeueing enabled. Setting signal handlers.
Monitored metric val_loss did not improve in the last 254 records. Best score: 0.225. Signaling Trainer to stop.
GPU available: True (cuda), used: True
TPU available: False, using: 0 TPU cores
HPU available: False, using: 0 HPUs
LOCAL_RANK: 0 - CUDA_VISIBLE_DEVICES: [0,1,2,3]
SLURM auto-requeueing enabled. Setting signal handlers.
[I 2024-10-13 11:39:20,919] Trial 289 finished with value: 304.6314697265625 and parameters: {'n_layers': 1, 'input_chunk_length': 10, 'hidden_dim': 193, 'learning_rate': 7.833750874724871e-06, 'batch_size': 32, 'training_length': 230}. Best is trial 271 with value: 138.9632110595703.
Specified past encoders in `add_encoders` at model creation but model does not accept past covariates. past encoders will be ignored.
GPU available: True (cuda), used: True
TPU available: False, using: 0 TPU cores
HPU available: False, using: 0 HPUs
LOCAL_RANK: 0 - CUDA_VISIBLE_DEVICES: [0,1,2,3]
SLURM auto-requeueing enabled. Setting signal handlers.
Monitored metric val_loss did not improve in the last 255 records. Best score: 0.225. Signaling Trainer to stop.
GPU available: True (cuda), used: True
TPU available: False, using: 0 TPU cores
HPU available: False, using: 0 HPUs
LOCAL_RANK: 0 - CUDA_VISIBLE_DEVICES: [0,1,2,3]
SLURM auto-requeueing enabled. Setting signal handlers.
[I 2024-10-13 11:39:21,921] Trial 290 finished with value: 227.09512329101562 and parameters: {'n_layers': 1, 'input_chunk_length': 16, 'hidden_dim': 197, 'learning_rate': 7.084132752598216e-06, 'batch_size': 32, 'training_length': 190}. Best is trial 271 with value: 138.9632110595703.
Specified past encoders in `add_encoders` at model creation but model does not accept past covariates. past encoders will be ignored.
GPU available: True (cuda), used: True
TPU available: False, using: 0 TPU cores
HPU available: False, using: 0 HPUs
LOCAL_RANK: 0 - CUDA_VISIBLE_DEVICES: [0,1,2,3]
SLURM auto-requeueing enabled. Setting signal handlers.
Monitored metric val_loss did not improve in the last 256 records. Best score: 0.225. Signaling Trainer to stop.
GPU available: True (cuda), used: True
TPU available: False, using: 0 TPU cores
HPU available: False, using: 0 HPUs
LOCAL_RANK: 0 - CUDA_VISIBLE_DEVICES: [0,1,2,3]
SLURM auto-requeueing enabled. Setting signal handlers.
