[I 2024-10-13 12:03:01,587] Trial 303 finished with value: 32.64570999145508 and parameters: {'n_layers': 1, 'input_chunk_length': 70, 'hidden_dim': 137, 'learning_rate': 2.232784530201068e-06, 'batch_size': 16, 'training_length': 77}. Best is trial 68 with value: 21.851852416992188.
Specified past encoders in `add_encoders` at model creation but model does not accept past covariates. past encoders will be ignored.
GPU available: True (cuda), used: True
TPU available: False, using: 0 TPU cores
HPU available: False, using: 0 HPUs
LOCAL_RANK: 0 - CUDA_VISIBLE_DEVICES: [0,1,2,3]
SLURM auto-requeueing enabled. Setting signal handlers.
Monitored metric val_loss did not improve in the last 362 records. Best score: -0.648. Signaling Trainer to stop.
GPU available: True (cuda), used: True
TPU available: False, using: 0 TPU cores
HPU available: False, using: 0 HPUs
LOCAL_RANK: 0 - CUDA_VISIBLE_DEVICES: [0,1,2,3]
SLURM auto-requeueing enabled. Setting signal handlers.
[I 2024-10-13 12:03:02,400] Trial 304 finished with value: 50.5000114440918 and parameters: {'n_layers': 1, 'input_chunk_length': 64, 'hidden_dim': 145, 'learning_rate': 2.806610716247286e-06, 'batch_size': 16, 'training_length': 71}. Best is trial 68 with value: 21.851852416992188.
Specified past encoders in `add_encoders` at model creation but model does not accept past covariates. past encoders will be ignored.
GPU available: True (cuda), used: True
TPU available: False, using: 0 TPU cores
HPU available: False, using: 0 HPUs
LOCAL_RANK: 0 - CUDA_VISIBLE_DEVICES: [0,1,2,3]
SLURM auto-requeueing enabled. Setting signal handlers.
Monitored metric val_loss did not improve in the last 363 records. Best score: -0.648. Signaling Trainer to stop.
GPU available: True (cuda), used: True
TPU available: False, using: 0 TPU cores
HPU available: False, using: 0 HPUs
LOCAL_RANK: 0 - CUDA_VISIBLE_DEVICES: [0,1,2,3]
SLURM auto-requeueing enabled. Setting signal handlers.
[I 2024-10-13 12:03:03,205] Trial 305 finished with value: 38.66346740722656 and parameters: {'n_layers': 1, 'input_chunk_length': 66, 'hidden_dim': 135, 'learning_rate': 1.2887192345319904e-06, 'batch_size': 16, 'training_length': 74}. Best is trial 68 with value: 21.851852416992188.
Specified past encoders in `add_encoders` at model creation but model does not accept past covariates. past encoders will be ignored.
GPU available: True (cuda), used: True
TPU available: False, using: 0 TPU cores
HPU available: False, using: 0 HPUs
LOCAL_RANK: 0 - CUDA_VISIBLE_DEVICES: [0,1,2,3]
SLURM auto-requeueing enabled. Setting signal handlers.
Monitored metric val_loss did not improve in the last 364 records. Best score: -0.648. Signaling Trainer to stop.
GPU available: True (cuda), used: True
TPU available: False, using: 0 TPU cores
HPU available: False, using: 0 HPUs
LOCAL_RANK: 0 - CUDA_VISIBLE_DEVICES: [0,1,2,3]
SLURM auto-requeueing enabled. Setting signal handlers.
[I 2024-10-13 12:03:04,027] Trial 306 finished with value: 33.44140625 and parameters: {'n_layers': 1, 'input_chunk_length': 76, 'hidden_dim': 141, 'learning_rate': 1.8319324280822923e-06, 'batch_size': 16, 'training_length': 86}. Best is trial 68 with value: 21.851852416992188.
Specified past encoders in `add_encoders` at model creation but model does not accept past covariates. past encoders will be ignored.
GPU available: True (cuda), used: True
TPU available: False, using: 0 TPU cores
HPU available: False, using: 0 HPUs
LOCAL_RANK: 0 - CUDA_VISIBLE_DEVICES: [0,1,2,3]
SLURM auto-requeueing enabled. Setting signal handlers.
Monitored metric val_loss did not improve in the last 365 records. Best score: -0.648. Signaling Trainer to stop.
GPU available: True (cuda), used: True
TPU available: False, using: 0 TPU cores
HPU available: False, using: 0 HPUs
LOCAL_RANK: 0 - CUDA_VISIBLE_DEVICES: [0,1,2,3]
SLURM auto-requeueing enabled. Setting signal handlers.
[I 2024-10-13 12:03:04,851] Trial 307 finished with value: 37.884803771972656 and parameters: {'n_layers': 1, 'input_chunk_length': 73, 'hidden_dim': 148, 'learning_rate': 2.2089176572154603e-06, 'batch_size': 16, 'training_length': 81}. Best is trial 68 with value: 21.851852416992188.
Specified past encoders in `add_encoders` at model creation but model does not accept past covariates. past encoders will be ignored.
GPU available: True (cuda), used: True
TPU available: False, using: 0 TPU cores
HPU available: False, using: 0 HPUs
LOCAL_RANK: 0 - CUDA_VISIBLE_DEVICES: [0,1,2,3]
SLURM auto-requeueing enabled. Setting signal handlers.
Monitored metric val_loss did not improve in the last 366 records. Best score: -0.648. Signaling Trainer to stop.
GPU available: True (cuda), used: True
TPU available: False, using: 0 TPU cores
HPU available: False, using: 0 HPUs
LOCAL_RANK: 0 - CUDA_VISIBLE_DEVICES: [0,1,2,3]
SLURM auto-requeueing enabled. Setting signal handlers.
[I 2024-10-13 12:03:05,657] Trial 308 finished with value: 46.92231750488281 and parameters: {'n_layers': 1, 'input_chunk_length': 68, 'hidden_dim': 132, 'learning_rate': 2.628017949987055e-06, 'batch_size': 16, 'training_length': 74}. Best is trial 68 with value: 21.851852416992188.
Specified past encoders in `add_encoders` at model creation but model does not accept past covariates. past encoders will be ignored.
GPU available: True (cuda), used: True
TPU available: False, using: 0 TPU cores
HPU available: False, using: 0 HPUs
LOCAL_RANK: 0 - CUDA_VISIBLE_DEVICES: [0,1,2,3]
SLURM auto-requeueing enabled. Setting signal handlers.
Monitored metric val_loss did not improve in the last 367 records. Best score: -0.648. Signaling Trainer to stop.
GPU available: True (cuda), used: True
TPU available: False, using: 0 TPU cores
HPU available: False, using: 0 HPUs
LOCAL_RANK: 0 - CUDA_VISIBLE_DEVICES: [0,1,2,3]
SLURM auto-requeueing enabled. Setting signal handlers.
[I 2024-10-13 12:03:06,484] Trial 309 finished with value: 24.94475555419922 and parameters: {'n_layers': 1, 'input_chunk_length': 77, 'hidden_dim': 139, 'learning_rate': 3.1149536256384494e-06, 'batch_size': 16, 'training_length': 87}. Best is trial 68 with value: 21.851852416992188.
Specified past encoders in `add_encoders` at model creation but model does not accept past covariates. past encoders will be ignored.
GPU available: True (cuda), used: True
TPU available: False, using: 0 TPU cores
HPU available: False, using: 0 HPUs
LOCAL_RANK: 0 - CUDA_VISIBLE_DEVICES: [0,1,2,3]
SLURM auto-requeueing enabled. Setting signal handlers.
Monitored metric val_loss did not improve in the last 368 records. Best score: -0.648. Signaling Trainer to stop.
GPU available: True (cuda), used: True
TPU available: False, using: 0 TPU cores
HPU available: False, using: 0 HPUs
LOCAL_RANK: 0 - CUDA_VISIBLE_DEVICES: [0,1,2,3]
SLURM auto-requeueing enabled. Setting signal handlers.
[I 2024-10-13 12:03:07,308] Trial 310 finished with value: 45.63697052001953 and parameters: {'n_layers': 1, 'input_chunk_length': 77, 'hidden_dim': 143, 'learning_rate': 2.8075874560168736e-06, 'batch_size': 16, 'training_length': 84}. Best is trial 68 with value: 21.851852416992188.
Specified past encoders in `add_encoders` at model creation but model does not accept past covariates. past encoders will be ignored.
GPU available: True (cuda), used: True
TPU available: False, using: 0 TPU cores
HPU available: False, using: 0 HPUs
LOCAL_RANK: 0 - CUDA_VISIBLE_DEVICES: [0,1,2,3]
SLURM auto-requeueing enabled. Setting signal handlers.
Monitored metric val_loss did not improve in the last 369 records. Best score: -0.648. Signaling Trainer to stop.
GPU available: True (cuda), used: True
TPU available: False, using: 0 TPU cores
HPU available: False, using: 0 HPUs
LOCAL_RANK: 0 - CUDA_VISIBLE_DEVICES: [0,1,2,3]
SLURM auto-requeueing enabled. Setting signal handlers.
[I 2024-10-13 12:03:08,125] Trial 311 finished with value: 34.90322494506836 and parameters: {'n_layers': 1, 'input_chunk_length': 71, 'hidden_dim': 140, 'learning_rate': 3.0288130650039946e-06, 'batch_size': 16, 'training_length': 78}. Best is trial 68 with value: 21.851852416992188.
Specified past encoders in `add_encoders` at model creation but model does not accept past covariates. past encoders will be ignored.
GPU available: True (cuda), used: True
TPU available: False, using: 0 TPU cores
HPU available: False, using: 0 HPUs
LOCAL_RANK: 0 - CUDA_VISIBLE_DEVICES: [0,1,2,3]
SLURM auto-requeueing enabled. Setting signal handlers.
Monitored metric val_loss did not improve in the last 370 records. Best score: -0.648. Signaling Trainer to stop.
GPU available: True (cuda), used: True
TPU available: False, using: 0 TPU cores
HPU available: False, using: 0 HPUs
LOCAL_RANK: 0 - CUDA_VISIBLE_DEVICES: [0,1,2,3]
SLURM auto-requeueing enabled. Setting signal handlers.
[I 2024-10-13 12:03:08,937] Trial 312 finished with value: 22.643016815185547 and parameters: {'n_layers': 1, 'input_chunk_length': 65, 'hidden_dim': 146, 'learning_rate': 3.7996619864393015e-06, 'batch_size': 16, 'training_length': 71}. Best is trial 68 with value: 21.851852416992188.
Specified past encoders in `add_encoders` at model creation but model does not accept past covariates. past encoders will be ignored.
GPU available: True (cuda), used: True
TPU available: False, using: 0 TPU cores
HPU available: False, using: 0 HPUs
LOCAL_RANK: 0 - CUDA_VISIBLE_DEVICES: [0,1,2,3]
SLURM auto-requeueing enabled. Setting signal handlers.
Monitored metric val_loss did not improve in the last 371 records. Best score: -0.648. Signaling Trainer to stop.
GPU available: True (cuda), used: True
TPU available: False, using: 0 TPU cores
HPU available: False, using: 0 HPUs
LOCAL_RANK: 0 - CUDA_VISIBLE_DEVICES: [0,1,2,3]
SLURM auto-requeueing enabled. Setting signal handlers.
[I 2024-10-13 12:03:09,753] Trial 313 finished with value: 33.640987396240234 and parameters: {'n_layers': 1, 'input_chunk_length': 67, 'hidden_dim': 147, 'learning_rate': 4.803548182479298e-06, 'batch_size': 16, 'training_length': 73}. Best is trial 68 with value: 21.851852416992188.
Specified past encoders in `add_encoders` at model creation but model does not accept past covariates. past encoders will be ignored.
GPU available: True (cuda), used: True
TPU available: False, using: 0 TPU cores
HPU available: False, using: 0 HPUs
LOCAL_RANK: 0 - CUDA_VISIBLE_DEVICES: [0,1,2,3]
SLURM auto-requeueing enabled. Setting signal handlers.
Monitored metric val_loss did not improve in the last 372 records. Best score: -0.648. Signaling Trainer to stop.
GPU available: True (cuda), used: True
TPU available: False, using: 0 TPU cores
HPU available: False, using: 0 HPUs
LOCAL_RANK: 0 - CUDA_VISIBLE_DEVICES: [0,1,2,3]
SLURM auto-requeueing enabled. Setting signal handlers.
[I 2024-10-13 12:03:10,580] Trial 314 finished with value: 28.541589736938477 and parameters: {'n_layers': 1, 'input_chunk_length': 72, 'hidden_dim': 151, 'learning_rate': 3.5961712200600895e-06, 'batch_size': 16, 'training_length': 80}. Best is trial 68 with value: 21.851852416992188.
Specified past encoders in `add_encoders` at model creation but model does not accept past covariates. past encoders will be ignored.
GPU available: True (cuda), used: True
TPU available: False, using: 0 TPU cores
HPU available: False, using: 0 HPUs
LOCAL_RANK: 0 - CUDA_VISIBLE_DEVICES: [0,1,2,3]
SLURM auto-requeueing enabled. Setting signal handlers.
Monitored metric val_loss did not improve in the last 373 records. Best score: -0.648. Signaling Trainer to stop.
GPU available: True (cuda), used: True
TPU available: False, using: 0 TPU cores
HPU available: False, using: 0 HPUs
LOCAL_RANK: 0 - CUDA_VISIBLE_DEVICES: [0,1,2,3]
SLURM auto-requeueing enabled. Setting signal handlers.
[I 2024-10-13 12:03:11,413] Trial 315 finished with value: 50.4970588684082 and parameters: {'n_layers': 1, 'input_chunk_length': 81, 'hidden_dim': 145, 'learning_rate': 1.4632437384587593e-06, 'batch_size': 16, 'training_length': 91}. Best is trial 68 with value: 21.851852416992188.
Specified past encoders in `add_encoders` at model creation but model does not accept past covariates. past encoders will be ignored.
GPU available: True (cuda), used: True
TPU available: False, using: 0 TPU cores
HPU available: False, using: 0 HPUs
LOCAL_RANK: 0 - CUDA_VISIBLE_DEVICES: [0,1,2,3]
SLURM auto-requeueing enabled. Setting signal handlers.
Monitored metric val_loss did not improve in the last 374 records. Best score: -0.648. Signaling Trainer to stop.
GPU available: True (cuda), used: True
TPU available: False, using: 0 TPU cores
HPU available: False, using: 0 HPUs
LOCAL_RANK: 0 - CUDA_VISIBLE_DEVICES: [0,1,2,3]
SLURM auto-requeueing enabled. Setting signal handlers.
[I 2024-10-13 12:03:12,226] Trial 316 finished with value: 45.63932418823242 and parameters: {'n_layers': 1, 'input_chunk_length': 64, 'hidden_dim': 143, 'learning_rate': 4.105243792409685e-06, 'batch_size': 16, 'training_length': 71}. Best is trial 68 with value: 21.851852416992188.
Specified past encoders in `add_encoders` at model creation but model does not accept past covariates. past encoders will be ignored.
GPU available: True (cuda), used: True
TPU available: False, using: 0 TPU cores
HPU available: False, using: 0 HPUs
LOCAL_RANK: 0 - CUDA_VISIBLE_DEVICES: [0,1,2,3]
SLURM auto-requeueing enabled. Setting signal handlers.
Monitored metric val_loss did not improve in the last 375 records. Best score: -0.648. Signaling Trainer to stop.
GPU available: True (cuda), used: True
TPU available: False, using: 0 TPU cores
HPU available: False, using: 0 HPUs
LOCAL_RANK: 0 - CUDA_VISIBLE_DEVICES: [0,1,2,3]
SLURM auto-requeueing enabled. Setting signal handlers.
[I 2024-10-13 12:03:13,050] Trial 317 finished with value: 51.72108840942383 and parameters: {'n_layers': 1, 'input_chunk_length': 69, 'hidden_dim': 157, 'learning_rate': 3.399982300731361e-06, 'batch_size': 16, 'training_length': 74}. Best is trial 68 with value: 21.851852416992188.
Specified past encoders in `add_encoders` at model creation but model does not accept past covariates. past encoders will be ignored.
GPU available: True (cuda), used: True
TPU available: False, using: 0 TPU cores
HPU available: False, using: 0 HPUs
LOCAL_RANK: 0 - CUDA_VISIBLE_DEVICES: [0,1,2,3]
SLURM auto-requeueing enabled. Setting signal handlers.
Monitored metric val_loss did not improve in the last 376 records. Best score: -0.648. Signaling Trainer to stop.
GPU available: True (cuda), used: True
TPU available: False, using: 0 TPU cores
HPU available: False, using: 0 HPUs
LOCAL_RANK: 0 - CUDA_VISIBLE_DEVICES: [0,1,2,3]
SLURM auto-requeueing enabled. Setting signal handlers.
[I 2024-10-13 12:03:13,872] Trial 318 finished with value: 29.416820526123047 and parameters: {'n_layers': 1, 'input_chunk_length': 66, 'hidden_dim': 149, 'learning_rate': 1.7366550989705816e-06, 'batch_size': 16, 'training_length': 74}. Best is trial 68 with value: 21.851852416992188.
Specified past encoders in `add_encoders` at model creation but model does not accept past covariates. past encoders will be ignored.
GPU available: True (cuda), used: True
TPU available: False, using: 0 TPU cores
HPU available: False, using: 0 HPUs
LOCAL_RANK: 0 - CUDA_VISIBLE_DEVICES: [0,1,2,3]
SLURM auto-requeueing enabled. Setting signal handlers.
Monitored metric val_loss did not improve in the last 377 records. Best score: -0.648. Signaling Trainer to stop.
GPU available: True (cuda), used: True
TPU available: False, using: 0 TPU cores
HPU available: False, using: 0 HPUs
LOCAL_RANK: 0 - CUDA_VISIBLE_DEVICES: [0,1,2,3]
SLURM auto-requeueing enabled. Setting signal handlers.
[I 2024-10-13 12:03:14,698] Trial 319 finished with value: 52.202354431152344 and parameters: {'n_layers': 1, 'input_chunk_length': 79, 'hidden_dim': 136, 'learning_rate': 2.1275327351337556e-06, 'batch_size': 16, 'training_length': 90}. Best is trial 68 with value: 21.851852416992188.
Specified past encoders in `add_encoders` at model creation but model does not accept past covariates. past encoders will be ignored.
GPU available: True (cuda), used: True
TPU available: False, using: 0 TPU cores
HPU available: False, using: 0 HPUs
LOCAL_RANK: 0 - CUDA_VISIBLE_DEVICES: [0,1,2,3]
SLURM auto-requeueing enabled. Setting signal handlers.
Monitored metric val_loss did not improve in the last 378 records. Best score: -0.648. Signaling Trainer to stop.
GPU available: True (cuda), used: True
TPU available: False, using: 0 TPU cores
HPU available: False, using: 0 HPUs
LOCAL_RANK: 0 - CUDA_VISIBLE_DEVICES: [0,1,2,3]
SLURM auto-requeueing enabled. Setting signal handlers.
[I 2024-10-13 12:03:15,514] Trial 320 finished with value: 45.63980484008789 and parameters: {'n_layers': 1, 'input_chunk_length': 70, 'hidden_dim': 143, 'learning_rate': 3.321853575367305e-06, 'batch_size': 16, 'training_length': 76}. Best is trial 68 with value: 21.851852416992188.
Specified past encoders in `add_encoders` at model creation but model does not accept past covariates. past encoders will be ignored.
GPU available: True (cuda), used: True
TPU available: False, using: 0 TPU cores
HPU available: False, using: 0 HPUs
LOCAL_RANK: 0 - CUDA_VISIBLE_DEVICES: [0,1,2,3]
SLURM auto-requeueing enabled. Setting signal handlers.
Monitored metric val_loss did not improve in the last 379 records. Best score: -0.648. Signaling Trainer to stop.
GPU available: True (cuda), used: True
TPU available: False, using: 0 TPU cores
HPU available: False, using: 0 HPUs
LOCAL_RANK: 0 - CUDA_VISIBLE_DEVICES: [0,1,2,3]
SLURM auto-requeueing enabled. Setting signal handlers.
[I 2024-10-13 12:03:16,321] Trial 321 finished with value: 22.620637893676758 and parameters: {'n_layers': 1, 'input_chunk_length': 62, 'hidden_dim': 146, 'learning_rate': 3.848927163813605e-06, 'batch_size': 16, 'training_length': 68}. Best is trial 68 with value: 21.851852416992188.
Specified past encoders in `add_encoders` at model creation but model does not accept past covariates. past encoders will be ignored.
GPU available: True (cuda), used: True
TPU available: False, using: 0 TPU cores
HPU available: False, using: 0 HPUs
LOCAL_RANK: 0 - CUDA_VISIBLE_DEVICES: [0,1,2,3]
SLURM auto-requeueing enabled. Setting signal handlers.
Monitored metric val_loss did not improve in the last 380 records. Best score: -0.648. Signaling Trainer to stop.
GPU available: True (cuda), used: True
TPU available: False, using: 0 TPU cores
HPU available: False, using: 0 HPUs
LOCAL_RANK: 0 - CUDA_VISIBLE_DEVICES: [0,1,2,3]
SLURM auto-requeueing enabled. Setting signal handlers.
[I 2024-10-13 12:03:17,133] Trial 322 finished with value: 33.66189956665039 and parameters: {'n_layers': 1, 'input_chunk_length': 65, 'hidden_dim': 147, 'learning_rate': 4.421727433766865e-06, 'batch_size': 16, 'training_length': 71}. Best is trial 68 with value: 21.851852416992188.
Specified past encoders in `add_encoders` at model creation but model does not accept past covariates. past encoders will be ignored.
GPU available: True (cuda), used: True
TPU available: False, using: 0 TPU cores
HPU available: False, using: 0 HPUs
LOCAL_RANK: 0 - CUDA_VISIBLE_DEVICES: [0,1,2,3]
SLURM auto-requeueing enabled. Setting signal handlers.
Monitored metric val_loss did not improve in the last 381 records. Best score: -0.648. Signaling Trainer to stop.
GPU available: True (cuda), used: True
TPU available: False, using: 0 TPU cores
HPU available: False, using: 0 HPUs
LOCAL_RANK: 0 - CUDA_VISIBLE_DEVICES: [0,1,2,3]
SLURM auto-requeueing enabled. Setting signal handlers.
[I 2024-10-13 12:03:17,943] Trial 323 finished with value: 28.527528762817383 and parameters: {'n_layers': 1, 'input_chunk_length': 60, 'hidden_dim': 151, 'learning_rate': 3.6036842470519575e-06, 'batch_size': 16, 'training_length': 67}. Best is trial 68 with value: 21.851852416992188.
Specified past encoders in `add_encoders` at model creation but model does not accept past covariates. past encoders will be ignored.
GPU available: True (cuda), used: True
TPU available: False, using: 0 TPU cores
HPU available: False, using: 0 HPUs
LOCAL_RANK: 0 - CUDA_VISIBLE_DEVICES: [0,1,2,3]
SLURM auto-requeueing enabled. Setting signal handlers.
Monitored metric val_loss did not improve in the last 382 records. Best score: -0.648. Signaling Trainer to stop.
GPU available: True (cuda), used: True
TPU available: False, using: 0 TPU cores
HPU available: False, using: 0 HPUs
LOCAL_RANK: 0 - CUDA_VISIBLE_DEVICES: [0,1,2,3]
SLURM auto-requeueing enabled. Setting signal handlers.
[I 2024-10-13 12:03:18,760] Trial 324 finished with value: 22.773359298706055 and parameters: {'n_layers': 1, 'input_chunk_length': 63, 'hidden_dim': 146, 'learning_rate': 4.473411329837187e-06, 'batch_size': 16, 'training_length': 69}. Best is trial 68 with value: 21.851852416992188.
Specified past encoders in `add_encoders` at model creation but model does not accept past covariates. past encoders will be ignored.
GPU available: True (cuda), used: True
TPU available: False, using: 0 TPU cores
HPU available: False, using: 0 HPUs
LOCAL_RANK: 0 - CUDA_VISIBLE_DEVICES: [0,1,2,3]
SLURM auto-requeueing enabled. Setting signal handlers.
Monitored metric val_loss did not improve in the last 383 records. Best score: -0.648. Signaling Trainer to stop.
GPU available: True (cuda), used: True
TPU available: False, using: 0 TPU cores
HPU available: False, using: 0 HPUs
LOCAL_RANK: 0 - CUDA_VISIBLE_DEVICES: [0,1,2,3]
SLURM auto-requeueing enabled. Setting signal handlers.
